Log file open, 02/23/17 15:53:56
LogInit:Display: Running engine for game: TouchInput
LogPlatformFile: Not using cached read wrapper
LogInit:Display: RandInit(1505462885) SRandInit(1505462886).
LogTaskGraph: Started task graph with 5 named threads and 8 total threads with 1 sets of task threads.
LogStats: Stats thread started at 0.072398
LogPluginManager: Loaded Plugin Paper2D, From C:/Program Files/Epic Games/UE_4.13/Engine/Plugins/2D/Paper2D/Paper2D.uplugin
LogPluginManager: Loaded Plugin LightPropagationVolume, From C:/Program Files/Epic Games/UE_4.13/Engine/Plugins/Blendables/LightPropagationVolume/LightPropagationVolume.uplugin
LogPluginManager: Loaded Plugin BlankPlugin, From C:/Program Files/Epic Games/UE_4.13/Engine/Plugins/Developer/BlankPlugin/BlankPlugin.uplugin
LogPluginManager: Loaded Plugin CodeLiteSourceCodeAccess, From C:/Program Files/Epic Games/UE_4.13/Engine/Plugins/Developer/CodeLiteSourceCodeAccess/CodeLiteSourceCodeAccess.uplugin
LogPluginManager: Loaded Plugin GitSourceControl, From C:/Program Files/Epic Games/UE_4.13/Engine/Plugins/Developer/GitSourceControl/GitSourceControl.uplugin
LogPluginManager: Loaded Plugin KDevelopSourceCodeAccess, From C:/Program Files/Epic Games/UE_4.13/Engine/Plugins/Developer/KDevelopSourceCodeAccess/KDevelopSourceCodeAccess.uplugin
LogPluginManager: Loaded Plugin NullSourceCodeAccess, From C:/Program Files/Epic Games/UE_4.13/Engine/Plugins/Developer/NullSourceCodeAccess/NullSourceCodeAccess.uplugin
LogPluginManager: Loaded Plugin OneSkyLocalizationService, From C:/Program Files/Epic Games/UE_4.13/Engine/Plugins/Developer/OneSkyLocalizationService/OneSkyLocalizationService.uplugin
LogPluginManager: Loaded Plugin PerforceSourceControl, From C:/Program Files/Epic Games/UE_4.13/Engine/Plugins/Developer/PerforceSourceControl/PerforceSourceControl.uplugin
LogPluginManager: Loaded Plugin SubversionSourceControl, From C:/Program Files/Epic Games/UE_4.13/Engine/Plugins/Developer/SubversionSourceControl/SubversionSourceControl.uplugin
LogPluginManager: Loaded Plugin UObjectPlugin, From C:/Program Files/Epic Games/UE_4.13/Engine/Plugins/Developer/UObjectPlugin/UObjectPlugin.uplugin
LogPluginManager: Loaded Plugin VisualStudioSourceCodeAccess, From C:/Program Files/Epic Games/UE_4.13/Engine/Plugins/Developer/VisualStudioSourceCodeAccess/VisualStudioSourceCodeAccess.uplugin
LogPluginManager: Loaded Plugin XCodeSourceCodeAccess, From C:/Program Files/Epic Games/UE_4.13/Engine/Plugins/Developer/XCodeSourceCodeAccess/XCodeSourceCodeAccess.uplugin
LogPluginManager: Loaded Plugin EpicSurvey, From C:/Program Files/Epic Games/UE_4.13/Engine/Plugins/Editor/EpicSurvey/EpicSurvey.uplugin
LogPluginManager: Loaded Plugin MacGraphicsSwitching, From C:/Program Files/Epic Games/UE_4.13/Engine/Plugins/Editor/MacGraphicsSwitching/MacGraphicsSwitching.uplugin
LogPluginManager: Loaded Plugin MobileLauncherProfileWizard, From C:/Program Files/Epic Games/UE_4.13/Engine/Plugins/Editor/MobileLauncherProfileWizard/MobileLauncherProfileWizard.uplugin
LogPluginManager: Loaded Plugin PluginBrowser, From C:/Program Files/Epic Games/UE_4.13/Engine/Plugins/Editor/PluginBrowser/PluginBrowser.uplugin
LogPluginManager: Loaded Plugin SpeedTreeImporter, From C:/Program Files/Epic Games/UE_4.13/Engine/Plugins/Editor/SpeedTreeImporter/SpeedTreeImporter.uplugin
LogPluginManager: Loaded Plugin SuperSearchEditor, From C:/Program Files/Epic Games/UE_4.13/Engine/Plugins/Editor/SuperSearchEditor/SuperSearchEditor.uplugin
LogPluginManager: Loaded Plugin AlembicImporter, From C:/Program Files/Epic Games/UE_4.13/Engine/Plugins/Experimental/AlembicImporter/AlembicImporter.uplugin
LogPluginManager: Loaded Plugin BlueprintStats, From C:/Program Files/Epic Games/UE_4.13/Engine/Plugins/Experimental/BlueprintStats/BlueprintStats.uplugin
LogPluginManager: Loaded Plugin CharacterAI, From C:/Program Files/Epic Games/UE_4.13/Engine/Plugins/Experimental/CharacterAI/CharacterAI.uplugin
LogPluginManager: Loaded Plugin CodeEditor, From C:/Program Files/Epic Games/UE_4.13/Engine/Plugins/Experimental/CodeEditor/CodeEditor.uplugin
LogPluginManager: Loaded Plugin CodeView, From C:/Program Files/Epic Games/UE_4.13/Engine/Plugins/Experimental/CodeView/CodeView.uplugin
LogPluginManager: Loaded Plugin HTML5Networking, From C:/Program Files/Epic Games/UE_4.13/Engine/Plugins/Experimental/HTML5Networking/HTML5Networking.uplugin
LogPluginManager: Loaded Plugin LiveEditor, From C:/Program Files/Epic Games/UE_4.13/Engine/Plugins/Experimental/LiveEditor/LiveEditor.uplugin
LogPluginManager: Loaded Plugin OSVR, From C:/Program Files/Epic Games/UE_4.13/Engine/Plugins/Experimental/OSVR/OSVR.uplugin
LogPluginManager: Loaded Plugin Phya, From C:/Program Files/Epic Games/UE_4.13/Engine/Plugins/Experimental/Phya/Phya.uplugin
LogPluginManager: Loaded Plugin SignificanceManager, From C:/Program Files/Epic Games/UE_4.13/Engine/Plugins/Experimental/SignificanceManager/SignificanceManager.uplugin
LogPluginManager: Loaded Plugin SimpleHMD, From C:/Program Files/Epic Games/UE_4.13/Engine/Plugins/Experimental/SimpleHMD/SimpleHMD.uplugin
LogPluginManager: Loaded Plugin StereoPanorama, From C:/Program Files/Epic Games/UE_4.13/Engine/Plugins/Experimental/StereoPanorama/StereoPanorama.uplugin
LogPluginManager: Loaded Plugin StructBox, From C:/Program Files/Epic Games/UE_4.13/Engine/Plugins/Experimental/StructBox/StructBox.uplugin
LogPluginManager: Loaded Plugin AndroidMedia, From C:/Program Files/Epic Games/UE_4.13/Engine/Plugins/Media/AndroidMedia/AndroidMedia.uplugin
LogPluginManager: Loaded Plugin AvfMedia, From C:/Program Files/Epic Games/UE_4.13/Engine/Plugins/Media/AvfMedia/AvfMedia.uplugin
LogPluginManager: Loaded Plugin MediaPlayerEditor, From C:/Program Files/Epic Games/UE_4.13/Engine/Plugins/Media/MediaPlayerEditor/MediaPlayerEditor.uplugin
LogPluginManager: Loaded Plugin WmfMedia, From C:/Program Files/Epic Games/UE_4.13/Engine/Plugins/Media/WmfMedia/WmfMedia.uplugin
LogPluginManager: Loaded Plugin MessagingDebugger, From C:/Program Files/Epic Games/UE_4.13/Engine/Plugins/Messaging/MessagingDebugger/MessagingDebugger.uplugin
LogPluginManager: Loaded Plugin TcpMessaging, From C:/Program Files/Epic Games/UE_4.13/Engine/Plugins/Messaging/TcpMessaging/TcpMessaging.uplugin
LogPluginManager: Loaded Plugin UdpMessaging, From C:/Program Files/Epic Games/UE_4.13/Engine/Plugins/Messaging/UdpMessaging/UdpMessaging.uplugin
LogPluginManager: Loaded Plugin LevelSequenceEditor, From C:/Program Files/Epic Games/UE_4.13/Engine/Plugins/MovieScene/LevelSequenceEditor/LevelSequenceEditor.uplugin
LogPluginManager: Loaded Plugin MatineeToLevelSequence, From C:/Program Files/Epic Games/UE_4.13/Engine/Plugins/MovieScene/MatineeToLevelSequence/MatineeToLevelSequence.uplugin
LogPluginManager: Loaded Plugin NetcodeUnitTest, From C:/Program Files/Epic Games/UE_4.13/Engine/Plugins/NetcodeUnitTest/NetcodeUnitTest/NetcodeUnitTest.uplugin
LogPluginManager: Loaded Plugin NUTUnrealEngine4, From C:/Program Files/Epic Games/UE_4.13/Engine/Plugins/NetcodeUnitTest/NUTUnrealEngine4/NUTUnrealEngine4.uplugin
LogPluginManager: Loaded Plugin OnlineSubsystemGooglePlay, From C:/Program Files/Epic Games/UE_4.13/Engine/Plugins/Online/Android/OnlineSubsystemGooglePlay/OnlineSubsystemGooglePlay.uplugin
LogPluginManager: Loaded Plugin OnlineSubsystemIOS, From C:/Program Files/Epic Games/UE_4.13/Engine/Plugins/Online/IOS/OnlineSubsystemIOS/OnlineSubsystemIOS.uplugin
LogPluginManager: Loaded Plugin OnlineFramework, From C:/Program Files/Epic Games/UE_4.13/Engine/Plugins/Online/OnlineFramework/OnlineFramework.uplugin
LogPluginManager: Loaded Plugin OnlineSubsystem, From C:/Program Files/Epic Games/UE_4.13/Engine/Plugins/Online/OnlineSubsystem/OnlineSubsystem.uplugin
LogPluginManager: Loaded Plugin OnlineSubsystemAmazon, From C:/Program Files/Epic Games/UE_4.13/Engine/Plugins/Online/OnlineSubsystemAmazon/OnlineSubsystemAmazon.uplugin
LogPluginManager: Loaded Plugin OnlineSubsystemFacebook, From C:/Program Files/Epic Games/UE_4.13/Engine/Plugins/Online/OnlineSubsystemFacebook/OnlineSubsystemFacebook.uplugin
LogPluginManager: Loaded Plugin OnlineSubsystemNull, From C:/Program Files/Epic Games/UE_4.13/Engine/Plugins/Online/OnlineSubsystemNull/OnlineSubsystemNull.uplugin
LogPluginManager: Loaded Plugin OnlineSubsystemOculus, From C:/Program Files/Epic Games/UE_4.13/Engine/Plugins/Online/OnlineSubsystemOculus/OnlineSubsystemOculus.uplugin
LogPluginManager: Loaded Plugin OnlineSubsystemSteam, From C:/Program Files/Epic Games/UE_4.13/Engine/Plugins/Online/OnlineSubsystemSteam/OnlineSubsystemSteam.uplugin
LogPluginManager: Loaded Plugin OnlineSubsystemUtils, From C:/Program Files/Epic Games/UE_4.13/Engine/Plugins/Online/OnlineSubsystemUtils/OnlineSubsystemUtils.uplugin
LogPluginManager: Loaded Plugin IOSTapJoy, From C:/Program Files/Epic Games/UE_4.13/Engine/Plugins/Runtime/Advertising/IOSTapJoy/IOSTapJoy.uplugin
LogPluginManager: Loaded Plugin AnalyticsBlueprintLibrary, From C:/Program Files/Epic Games/UE_4.13/Engine/Plugins/Runtime/Analytics/AnalyticsBlueprintLibrary/AnalyticsBlueprintLibrary.uplugin
LogPluginManager: Loaded Plugin AnalyticsMulticast, From C:/Program Files/Epic Games/UE_4.13/Engine/Plugins/Runtime/Analytics/AnalyticsMulticast/AnalyticsMulticast.uplugin
LogPluginManager: Loaded Plugin Apsalar, From C:/Program Files/Epic Games/UE_4.13/Engine/Plugins/Runtime/Analytics/Apsalar/Apsalar.uplugin
LogPluginManager: Loaded Plugin FileLogging, From C:/Program Files/Epic Games/UE_4.13/Engine/Plugins/Runtime/Analytics/FileLogging/FileLogging.uplugin
LogPluginManager: Loaded Plugin Flurry, From C:/Program Files/Epic Games/UE_4.13/Engine/Plugins/Runtime/Analytics/Flurry/Flurry.uplugin
LogPluginManager: Loaded Plugin AndroidDeviceProfileSelector, From C:/Program Files/Epic Games/UE_4.13/Engine/Plugins/Runtime/AndroidDeviceProfileSelector/AndroidDeviceProfileSelector.uplugin
LogPluginManager: Loaded Plugin AndroidMoviePlayer, From C:/Program Files/Epic Games/UE_4.13/Engine/Plugins/Runtime/AndroidMoviePlayer/AndroidMoviePlayer.uplugin
LogPluginManager: Loaded Plugin AppleMoviePlayer, From C:/Program Files/Epic Games/UE_4.13/Engine/Plugins/Runtime/AppleMoviePlayer/AppleMoviePlayer.uplugin
LogPluginManager: Loaded Plugin ArchVisCharacter, From C:/Program Files/Epic Games/UE_4.13/Engine/Plugins/Runtime/ArchVisCharacter/ArchVisCharacter.uplugin
LogPluginManager: Loaded Plugin CableComponent, From C:/Program Files/Epic Games/UE_4.13/Engine/Plugins/Runtime/CableComponent/CableComponent.uplugin
LogPluginManager: Loaded Plugin CustomMeshComponent, From C:/Program Files/Epic Games/UE_4.13/Engine/Plugins/Runtime/CustomMeshComponent/CustomMeshComponent.uplugin
LogPluginManager: Loaded Plugin ExampleDeviceProfileSelector, From C:/Program Files/Epic Games/UE_4.13/Engine/Plugins/Runtime/ExampleDeviceProfileSelector/ExampleDeviceProfileSelector.uplugin
LogPluginManager: Loaded Plugin GearVR, From C:/Program Files/Epic Games/UE_4.13/Engine/Plugins/Runtime/GearVR/GearVR.uplugin
LogPluginManager: Loaded Plugin GoogleVRController, From C:/Program Files/Epic Games/UE_4.13/Engine/Plugins/Runtime/GoogleVR/GoogleVRController/GoogleVRController.uplugin
LogPluginManager: Loaded Plugin GoogleVRHMD, From C:/Program Files/Epic Games/UE_4.13/Engine/Plugins/Runtime/GoogleVR/GoogleVRHMD/GoogleVRHMD.uplugin
LogPluginManager: Loaded Plugin IOSDeviceProfileSelector, From C:/Program Files/Epic Games/UE_4.13/Engine/Plugins/Runtime/IOSDeviceProfileSelector/IOSDeviceProfileSelector.uplugin
LogPluginManager: Loaded Plugin LeapMotion, From C:/Program Files/Epic Games/UE_4.13/Engine/Plugins/Runtime/LeapMotion/LeapMotion.uplugin
LogPluginManager: Loaded Plugin LinuxDeviceProfileSelector, From C:/Program Files/Epic Games/UE_4.13/Engine/Plugins/Runtime/LinuxDeviceProfileSelector/LinuxDeviceProfileSelector.uplugin
LogPluginManager: Loaded Plugin LiveEditorListenServer, From C:/Program Files/Epic Games/UE_4.13/Engine/Plugins/Runtime/LiveEditorListenServer/LiveEditorListenServer.uplugin
LogPluginManager: Loaded Plugin OculusAudio, From C:/Program Files/Epic Games/UE_4.13/Engine/Plugins/Runtime/OculusAudio/OculusAudio.uplugin
LogPluginManager: Loaded Plugin OculusInput, From C:/Program Files/Epic Games/UE_4.13/Engine/Plugins/Runtime/OculusInput/OculusInput.uplugin
LogPluginManager: Loaded Plugin OculusLibrary, From C:/Program Files/Epic Games/UE_4.13/Engine/Plugins/Runtime/OculusLibrary/OculusLibrary.uplugin
LogPluginManager: Loaded Plugin OculusRift, From C:/Program Files/Epic Games/UE_4.13/Engine/Plugins/Runtime/OculusRift/OculusRift.uplugin
LogPluginManager: Loaded Plugin Oodle, From C:/Program Files/Epic Games/UE_4.13/Engine/Plugins/Runtime/PacketHandlers/CompressionComponents/Oodle/Oodle.uplugin
LogPluginManager: Loaded Plugin ProceduralMeshComponent, From C:/Program Files/Epic Games/UE_4.13/Engine/Plugins/Runtime/ProceduralMeshComponent/ProceduralMeshComponent.uplugin
LogPluginManager: Loaded Plugin SoundMod, From C:/Program Files/Epic Games/UE_4.13/Engine/Plugins/Runtime/SoundMod/SoundMod.uplugin
LogPluginManager: Loaded Plugin SoundVisualizations, From C:/Program Files/Epic Games/UE_4.13/Engine/Plugins/Runtime/SoundVisualizations/SoundVisualizations.uplugin
LogPluginManager: Loaded Plugin SteamController, From C:/Program Files/Epic Games/UE_4.13/Engine/Plugins/Runtime/Steam/SteamController/SteamController.uplugin
LogPluginManager: Loaded Plugin SteamVR, From C:/Program Files/Epic Games/UE_4.13/Engine/Plugins/Runtime/Steam/SteamVR/SteamVR.uplugin
LogPluginManager: Loaded Plugin WebBrowserWidget, From C:/Program Files/Epic Games/UE_4.13/Engine/Plugins/Runtime/WebBrowserWidget/WebBrowserWidget.uplugin
LogPluginManager: Loaded Plugin WindowsDeviceProfileSelector, From C:/Program Files/Epic Games/UE_4.13/Engine/Plugins/Runtime/WindowsDeviceProfileSelector/WindowsDeviceProfileSelector.uplugin
LogPluginManager: Loaded Plugin WindowsMoviePlayer, From C:/Program Files/Epic Games/UE_4.13/Engine/Plugins/Runtime/WindowsMoviePlayer/WindowsMoviePlayer.uplugin
LogPluginManager: Loaded Plugin ScriptPlugin, From C:/Program Files/Epic Games/UE_4.13/Engine/Plugins/ScriptPlugin/ScriptPlugin.uplugin
LogPluginManager: Loaded Plugin SlateRemote, From C:/Program Files/Epic Games/UE_4.13/Engine/Plugins/Slate/SlateRemote/SlateRemote.uplugin
LogInit: Using libcurl 7.47.1
LogInit:  - built for x86_64-pc-win32
LogInit:  - supports SSL with WinSSL
LogInit:  - other features:
LogInit:      CURL_VERSION_SSL
LogInit:      CURL_VERSION_IPV6
LogInit:      CURL_VERSION_ASYNCHDNS
LogInit:      CURL_VERSION_LARGEFILE
LogInit:      CURL_VERSION_IDN
LogInit:  CurlRequestOptions (configurable via config and command line):
LogInit:  - bVerifyPeer = false  - Libcurl will NOT verify peer certificate
LogInit:  - bUseHttpProxy = false  - Libcurl will NOT use HTTP proxy
LogInit:  - bDontReuseConnections = false  - Libcurl will reuse connections
LogInit:  - CertBundlePath = nullptr  - Libcurl will use whatever was configured at build time.
LogInit: Build: ++UE4+Release-4.13-CL-3172292
LogInit: Engine Version: 4.13.2-3172292+++UE4+Release-4.13
LogInit: Compatible Engine Version: 4.13.0-3106830+++UE4+Release-4.13
LogInit: Net CL: 3172292
LogDevObjectVersion: Number of dev versions registered: 13
LogDevObjectVersion:   Dev-Blueprints (B0D832E4-1F89-4F0D-ACCF-7EB736FD4AA2): 5
LogDevObjectVersion:   Dev-Build (E1C64328-A22C-4D53-A36C-8E866417BD8C): 0
LogDevObjectVersion:   Dev-Core (375EC13C-06E4-48FB-B500-84F0262A717E): 1
LogDevObjectVersion:   Dev-Editor (E4B068ED-F494-42E9-A231-DA0B2E46BB41): 6
LogDevObjectVersion:   Dev-Framework (CFFC743F-43B0-4480-9391-14DF171D2073): 12
LogDevObjectVersion:   Dev-Mobile (B02B49B5-BB20-44E9-A304-32B752E40360): 0
LogDevObjectVersion:   Dev-Networking (A4E4105C-59A1-49B5-A7C5-40C4547EDFEE): 0
LogDevObjectVersion:   Dev-Online (39C831C9-5AE6-47DC-9A44-9C173E1C8E7C): 0
LogDevObjectVersion:   Dev-Physics (78F01B33-EBEA-4F98-B9B4-84EACCB95AA2): 0
LogDevObjectVersion:   Dev-Platform (6631380F-2D4D-43E0-8009-CF276956A95A): 0
LogDevObjectVersion:   Dev-Rendering (12F88B9F-8875-4AFC-A67C-D90C383ABD29): 4
LogDevObjectVersion:   Dev-Sequencer (7B5AE74C-D270-4C10-A958-57980B212A5A): 0
LogDevObjectVersion:   Dev-VR (D7296918-1DD6-4BDD-9DE2-64A83CC13884): 0
LogInit: Compiled (64-bit): Oct 24 2016 14:29:06
LogInit: Compiled with Visual C++: 19.00.23026.00
LogInit: Build Configuration: Development
LogInit: Branch Name: ++UE4+Release-4.13
LogInit: Command line:  /Temp/Autosaves/Game/2DSideScrollerBP/Maps/UEDPC2DSideScrollerExampleMap -game -PIEVIACONSOLE -ResX=1280 -ResY=720  -Multiprocess -windowed -messaging -SessionName="Play in Standalone Game" -featureleveles2 -faketouches 
LogInit: Base directory: C:/Program Files/Epic Games/UE_4.13/Engine/Binaries/Win64/
LogInit: Installed Engine Build: 1
LogInit: Presizing for max 8388607 objects, including 0 objects not considered by GC, pre-allocating 0 bytes for permanent pool.
LogInit: Object subsystem initialized
[2017.02.23-04.53.57:057][  0]LogInit: Selected Device Profile: [Windows]
[2017.02.23-04.53.57:057][  0]LogInit: Applying CVar settings loaded from the selected device profile: [Windows]
[2017.02.23-04.53.57:061][  0]LogInit: Computer: 7P5PF42
[2017.02.23-04.53.57:061][  0]LogInit: User: V201624468
[2017.02.23-04.53.57:061][  0]LogInit: CPU Page size=65536, Cores=4
[2017.02.23-04.53.57:061][  0]LogInit: High frequency timer resolution =3.515638 MHz
[2017.02.23-04.53.57:061][  0]LogMemory: Memory total: Physical=15.9GB (16GB approx)
[2017.02.23-04.53.57:061][  0]LogMemory: Platform Memory Stats for Windows
[2017.02.23-04.53.57:061][  0]LogMemory: Process Physical Memory: 255.29 MB used, 255.29 MB peak
[2017.02.23-04.53.57:061][  0]LogMemory: Process Virtual Memory: 260.02 MB used, 260.02 MB peak
[2017.02.23-04.53.57:061][  0]LogMemory: Physical Memory: 6063.75 MB used, 16298.84 MB total
[2017.02.23-04.53.57:061][  0]LogMemory: Virtual Memory: 622.95 MB used, 134217728.00 MB total
[2017.02.23-04.53.57:082][  0]LogTextLocalizationManager: No specific translations for ('en-AU') exist, so ('en') translations will be used.
[2017.02.23-04.53.57:421][  0]LogD3D11RHI: D3D11 adapters:
[2017.02.23-04.53.57:430][  0]LogD3D11RHI:    0. 'AMD Radeon(TM) R9 270' (Feature Level 11_0)
[2017.02.23-04.53.57:430][  0]LogD3D11RHI:       2030/0/8149 MB DedicatedVideo/DedicatedSystem/SharedSystem, Outputs:1, VendorId:0x1002
[2017.02.23-04.53.57:435][  0]LogD3D11RHI:    1. 'Intel(R) HD Graphics 4600' (Feature Level 11_0)
[2017.02.23-04.53.57:435][  0]LogD3D11RHI:       112/0/2048 MB DedicatedVideo/DedicatedSystem/SharedSystem, Outputs:0, VendorId:0x8086
[2017.02.23-04.53.57:436][  0]LogD3D11RHI:    2. 'Microsoft Basic Render Driver' (Feature Level 11_0)
[2017.02.23-04.53.57:436][  0]LogD3D11RHI:       0/0/8149 MB DedicatedVideo/DedicatedSystem/SharedSystem, Outputs:0, VendorId:0x1414
[2017.02.23-04.53.57:436][  0]LogD3D11RHI: Chosen D3D11 Adapter: 0
[2017.02.23-04.53.57:440][  0]LogD3D11RHI: Creating new Direct3DDevice
[2017.02.23-04.53.57:440][  0]LogD3D11RHI:     GPU DeviceId: 0x6811 (for the marketing name, search the web for "GPU Device Id")
[2017.02.23-04.53.57:440][  0]LogWindows: EnumDisplayDevices:
[2017.02.23-04.53.57:440][  0]LogWindows:    0. 'AMD Radeon(TM) R9 270' (P:1 D:1)
[2017.02.23-04.53.57:440][  0]LogWindows:    1. 'AMD Radeon(TM) R9 270' (P:0 D:0)
[2017.02.23-04.53.57:441][  0]LogWindows:    2. 'AMD Radeon(TM) R9 270' (P:0 D:0)
[2017.02.23-04.53.57:441][  0]LogWindows:    3. 'AMD Radeon(TM) R9 270' (P:0 D:0)
[2017.02.23-04.53.57:441][  0]LogWindows:    4. 'AMD Radeon(TM) R9 270' (P:0 D:0)
[2017.02.23-04.53.57:441][  0]LogWindows:    5. 'AMD Radeon(TM) R9 270' (P:0 D:0)
[2017.02.23-04.53.57:441][  0]LogWindows:    6. 'Intel(R) HD Graphics 4600' (P:0 D:0)
[2017.02.23-04.53.57:442][  0]LogWindows:    7. 'Intel(R) HD Graphics 4600' (P:0 D:0)
[2017.02.23-04.53.57:442][  0]LogWindows:    8. 'Intel(R) HD Graphics 4600' (P:0 D:0)
[2017.02.23-04.53.57:442][  0]LogWindows: DebugString: PrimaryIsNotTheChoosenAdapter PrimaryIsNotTheChoosenAdapter PrimaryIsNotTheChoosenAdapter FoundDriverCount:6 
[2017.02.23-04.53.57:442][  0]LogD3D11RHI:     Adapter Name: AMD Radeon(TM) R9 270
[2017.02.23-04.53.57:442][  0]LogD3D11RHI:   Driver Version: Crimson 15.11 (internal:15.301.1701.0, unified:15.301.1701.0)
[2017.02.23-04.53.57:442][  0]LogD3D11RHI:      Driver Date: 1-13-2016
[2017.02.23-04.53.57:442][  0]LogRHI: Texture pool is 1361 MB (70% of 1945 MB)
[2017.02.23-04.53.57:447][  0]LogD3D11RHI: Async texture creation enabled
[2017.02.23-04.53.57:458][  0]LogD3D11RHI: GPU Timing Frequency: 27.000000 (Debug: 2 1)
[2017.02.23-04.53.57:459][  0]LogShaderCompilers: Guid format shader working directory is -57 characters bigger than the processId version (../../../../../../Users/v201624468/Documents/GitHub/MobileDevelopment/Assignment5/ProjectFiles/TouchInput/Intermediate/Shaders/WorkingDirectory/13572/).
[2017.02.23-04.53.57:459][  0]LogShaderCompilers: Cleaned the shader compiler working directory 'C:/Users/V20162~1/AppData/Local/Temp/UnrealShaderWorkingDir/8891EE76406799E07ACA0E91E3F50BD2/'.
[2017.02.23-04.53.57:459][  0]LogShaderCompilers:Display: Using Local Shader Compiler.
[2017.02.23-04.53.58:218][  0]LogTemp:Display: Loaded TP WindowsClientTargetPlatform
[2017.02.23-04.53.58:225][  0]LogTemp:Display: Loaded TP WindowsNoEditorTargetPlatform
[2017.02.23-04.53.58:232][  0]LogTemp:Display: Loaded TP WindowsServerTargetPlatform
[2017.02.23-04.53.58:238][  0]LogTemp:Display: Loaded TP WindowsTargetPlatform
[2017.02.23-04.53.58:238][  0]LogTargetPlatformManager:Display: Building Assets For Windows
[2017.02.23-04.53.58:301][  0]LogDerivedDataCache:Display: Max Cache Size: 512 MB
[2017.02.23-04.53.58:357][  0]LogDerivedDataCache: Loaded boot cache 0.05s 62MB C:/Users/v201624468/AppData/Local/UnrealEngine/4.13/DerivedDataCache/Boot.ddc.
[2017.02.23-04.53.58:357][  0]LogDerivedDataCache:Display: Loaded Boot cache: C:/Users/v201624468/AppData/Local/UnrealEngine/4.13/DerivedDataCache/Boot.ddc
[2017.02.23-04.53.58:357][  0]LogDerivedDataCache: FDerivedDataBackendGraph:  Pak pak cache file ../../../../../../Users/v201624468/Documents/GitHub/MobileDevelopment/Assignment5/ProjectFiles/TouchInput/DerivedDataCache/DDC.ddp not found, will not use a pak cache.
[2017.02.23-04.53.58:357][  0]LogDerivedDataCache: Unable to find inner node Pak for hierarchical cache Hierarchy.
[2017.02.23-04.53.58:357][  0]LogDerivedDataCache: FDerivedDataBackendGraph:  CompressedPak pak cache file ../../../../../../Users/v201624468/Documents/GitHub/MobileDevelopment/Assignment5/ProjectFiles/TouchInput/DerivedDataCache/Compressed.ddp not found, will not use a pak cache.
[2017.02.23-04.53.58:357][  0]LogDerivedDataCache: Unable to find inner node CompressedPak for hierarchical cache Hierarchy.
[2017.02.23-04.53.58:371][  0]LogDerivedDataCache:Display: Pak cache opened for reading ../../../Engine/DerivedDataCache/Compressed.ddp.
[2017.02.23-04.53.58:382][  0]LogDerivedDataCache: Using Local data cache path C:/Users/v201624468/AppData/Local/UnrealEngine/Common/DerivedDataCache: Writable
[2017.02.23-04.53.58:528][  0]LogAssetRegistry: FAssetRegistry took 0.0001 seconds to start up
[2017.02.23-04.53.58:532][  0]LogPackageLocalizationCache: Processed 3 localized package path(s) for 2 prioritized culture(s) in 0.003359 seconds
[2017.02.23-04.53.58:545][  0]LogInit: Selected Device Profile: [Windows]
[2017.02.23-04.53.58:546][  0]LogContentStreaming: Texture pool size is 1000.00 MB
[2017.02.23-04.53.58:608][  0]LogMeshUtilities: No automatic mesh reduction module available
[2017.02.23-04.53.58:608][  0]LogMeshUtilities: No automatic mesh merging module available
[2017.02.23-04.53.58:608][  0]LogMeshUtilities: No distributed automatic mesh merging module available
[2017.02.23-04.53.58:654][  0]LogMaterial: Uniform references updated for custom material expression Custom.
[2017.02.23-04.53.58:913][  0]LogNetVersion: GetLocalNetworkVersion: CL: 3106830, ProjectName: touchinput, ProjectVersion: , EngineNetworkVersion: 1, GameNetworkVersion: 0, NetworkChecksum: 938096206
[2017.02.23-04.53.58:930][  0]LogInit: WinSock: version 1.1 (2.2), MaxSocks=32767, MaxUdp=65467
[2017.02.23-04.53.59:054][  0]LogSlate: SlateFontCache - WITH_FREETYPE: 1, WITH_HARFBUZZ: 1
[2017.02.23-04.53.59:054][  0]LogSlate: SlateFontCache - WITH_FREETYPE: 1, WITH_HARFBUZZ: 1
[2017.02.23-04.53.59:109][  0]LogMoviePlayer: Initializing movie player
[2017.02.23-04.53.59:221][  0]LogWindowsMoviePlayer: Unable to load movie: ../../../../../../Users/v201624468/Documents/GitHub/MobileDevelopment/Assignment5/ProjectFiles/TouchInput/Content/Movies/Default_Startup.mp4
[2017.02.23-04.53.59:332][  0]LogTcpMessaging: Initializing TcpMessaging bridge
[2017.02.23-04.53.59:353][  0]LogUdpMessaging: Initializing bridge on interface 0.0.0.0:0 to multicast group 230.0.0.1:6666.
[2017.02.23-04.53.59:446][  0]SourceControl: Info Source control is disabled
[2017.02.23-04.53.59:447][  0]SourceControl: Info Source control is disabled
[2017.02.23-04.53.59:461][  0]SourceControl: Info Source control is disabled
[2017.02.23-04.53.59:594][  0]LogUObjectArray: 32656 objects as part of root set at end of initial load.
[2017.02.23-04.53.59:594][  0]LogUObjectAllocator: 7245024 out of 0 bytes used by permanent object pool.
[2017.02.23-04.53.59:594][  0]LogUObjectArray: CloseDisregardForGC: 0/0 objects in disregard for GC pool
[2017.02.23-04.53.59:640][  0]LogEngine: Initializing Engine...
[2017.02.23-04.53.59:640][  0]LogHMD: Failed to initialize OpenVR with code 110
[2017.02.23-04.53.59:751][  0]LogInit: XAudio2 using 'Realtek Digital Output (Realtek Audio)' : 2 channels at 48 kHz using 16 bits per sample (channel mask 0x3)
[2017.02.23-04.53.59:764][  0]LogInit: FAudioDevice initialized.
[2017.02.23-04.53.59:771][  0]LogInit: Texture streaming: Enabled
[2017.02.23-04.53.59:772][  0]LogMaterial: Missing cached shader map for material BaseColor, compiling. 
[2017.02.23-04.53.59:773][  0]LogMaterial:Warning: Failed to compile Material /Engine/BufferVisualization/BaseColor.BaseColor for platform PCD3D_ES2, Default Material will be used in game.
[2017.02.23-04.53.59:773][  0]LogMaterial:Warning: 	(Node FeatureLevelSwitch) Feature Level switch missing default input
[2017.02.23-04.53.59:799][  0]LogMaterial: Missing cached shader map for material Specular, compiling. 
[2017.02.23-04.53.59:800][  0]LogMaterial:Warning: Failed to compile Material /Engine/BufferVisualization/Specular.Specular for platform PCD3D_ES2, Default Material will be used in game.
[2017.02.23-04.53.59:800][  0]LogMaterial:Warning: 	(Node FeatureLevelSwitch) Feature Level switch missing default input
[2017.02.23-04.53.59:828][  0]LogInit:Display: Game Engine Initialized.
[2017.02.23-04.53.59:867][  0]LogInit:Display: Starting Game.
[2017.02.23-04.53.59:867][  0]LogNet: Browse: /Temp/Autosaves/Game/2DSideScrollerBP/Maps/UEDPC2DSideScrollerExampleMap?Name=Player
[2017.02.23-04.53.59:867][  0]LogLoad: LoadMap: /Temp/Autosaves/Game/2DSideScrollerBP/Maps/UEDPC2DSideScrollerExampleMap?Name=Player
[2017.02.23-04.53.59:880][  0]LogMemory: Platform Memory Stats for Windows
[2017.02.23-04.53.59:880][  0]LogMemory: Process Physical Memory: 632.45 MB used, 664.63 MB peak
[2017.02.23-04.53.59:880][  0]LogMemory: Process Virtual Memory: 705.39 MB used, 705.40 MB peak
[2017.02.23-04.53.59:880][  0]LogMemory: Physical Memory: 6384.04 MB used, 16298.84 MB total
[2017.02.23-04.53.59:880][  0]LogMemory: Virtual Memory: 1329.72 MB used, 134217728.00 MB total
[2017.02.23-04.53.59:880][  0]LogMemory: 
[2017.02.23-04.53.59:880][  0]Allocator Stats for TBB: (not implemented)
[2017.02.23-04.54.00:004][  0]LogAIModule: Creating AISystem for world 2DSideScrollerExampleMap
[2017.02.23-04.54.00:005][  0]LogWorld: Game class is '2DSideScrollerGameMode_C'
[2017.02.23-04.54.00:009][  0]LogWorld: Bringing World /Temp/Autosaves/Game/2DSideScrollerBP/Maps/UEDPC2DSideScrollerExampleMap.2DSideScrollerExampleMap up for play (max tick rate 0) at 2017.02.23-15.54.00
[2017.02.23-04.54.00:010][  0]LogWorld: Bringing up level for play took: 0.003744
[2017.02.23-04.54.00:011][  0]LogGameMode:Display: Match State Changed from EnteringMap to WaitingToStart
[2017.02.23-04.54.00:012][  0]LogGameState: Match State Changed from EnteringMap to WaitingToStart
[2017.02.23-04.54.00:012][  0]LogGameMode:Display: Match State Changed from WaitingToStart to InProgress
[2017.02.23-04.54.00:013][  0]LogGameState: Match State Changed from WaitingToStart to InProgress
[2017.02.23-04.54.00:013][  0]LogLoad: Took 0.146388 seconds to LoadMap(/Temp/Autosaves/Game/2DSideScrollerBP/Maps/UEDPC2DSideScrollerExampleMap)
[2017.02.23-04.54.00:248][  0]LogLoad: (Engine Initialization) Total time: 3.95 seconds
[2017.02.23-04.54.00:249][  0]LogLoad: (Engine Initialization) Total Blueprint compile time: 0.04 seconds
[2017.02.23-04.54.00:249][  0]LogExternalProfiler: No external profilers were discovered.  External profiling features will not be available.
[2017.02.23-04.54.00:265][  0]LogWindowsTextInputMethodSystem:Display: IME system now deactivated.
[2017.02.23-04.54.00:266][  0]LogOcInput: OculusInput pre-init called
[2017.02.23-04.54.00:276][  0]LogRenderer: Reallocating scene render targets to support 128x128 (Frame:1).
[2017.02.23-04.54.00:344][  1]LogRenderer: Reallocating scene render targets to support 1280x720 (Frame:2).
[2017.02.23-04.54.03:442][193]LogBlueprintUserMessages: [2DSideScrollerCharacter_254] Right
[2017.02.23-04.54.03:458][194]LogBlueprintUserMessages: [2DSideScrollerCharacter_254] Right
[2017.02.23-04.54.03:474][195]LogBlueprintUserMessages: [2DSideScrollerCharacter_254] Right
[2017.02.23-04.54.03:490][196]LogBlueprintUserMessages: [2DSideScrollerCharacter_254] Right
[2017.02.23-04.54.03:506][197]LogBlueprintUserMessages: [2DSideScrollerCharacter_254] Right
[2017.02.23-04.54.03:522][198]LogBlueprintUserMessages: [2DSideScrollerCharacter_254] Right
[2017.02.23-04.54.03:538][199]LogBlueprintUserMessages: [2DSideScrollerCharacter_254] Right
[2017.02.23-04.54.03:555][200]LogBlueprintUserMessages: [2DSideScrollerCharacter_254] Right
[2017.02.23-04.54.03:571][201]LogBlueprintUserMessages: [2DSideScrollerCharacter_254] Right
[2017.02.23-04.54.03:587][202]LogBlueprintUserMessages: [2DSideScrollerCharacter_254] Right
[2017.02.23-04.54.03:603][203]LogBlueprintUserMessages: [2DSideScrollerCharacter_254] Right
[2017.02.23-04.54.03:620][204]LogBlueprintUserMessages: [2DSideScrollerCharacter_254] Right
[2017.02.23-04.54.03:635][205]LogBlueprintUserMessages: [2DSideScrollerCharacter_254] Right
[2017.02.23-04.54.03:651][206]LogBlueprintUserMessages: [2DSideScrollerCharacter_254] Right
[2017.02.23-04.54.03:668][207]LogBlueprintUserMessages: [2DSideScrollerCharacter_254] Right
[2017.02.23-04.54.03:684][208]LogBlueprintUserMessages: [2DSideScrollerCharacter_254] Right
[2017.02.23-04.54.03:700][209]LogBlueprintUserMessages: [2DSideScrollerCharacter_254] Right
[2017.02.23-04.54.03:716][210]LogBlueprintUserMessages: [2DSideScrollerCharacter_254] Right
[2017.02.23-04.54.03:732][211]LogBlueprintUserMessages: [2DSideScrollerCharacter_254] Right
[2017.02.23-04.54.03:748][212]LogBlueprintUserMessages: [2DSideScrollerCharacter_254] Right
[2017.02.23-04.54.03:764][213]LogBlueprintUserMessages: [2DSideScrollerCharacter_254] Right
[2017.02.23-04.54.03:781][214]LogBlueprintUserMessages: [2DSideScrollerCharacter_254] Right
[2017.02.23-04.54.03:797][215]LogBlueprintUserMessages: [2DSideScrollerCharacter_254] Right
[2017.02.23-04.54.03:813][216]LogBlueprintUserMessages: [2DSideScrollerCharacter_254] Right
[2017.02.23-04.54.03:829][217]LogBlueprintUserMessages: [2DSideScrollerCharacter_254] Right
[2017.02.23-04.54.03:845][218]LogBlueprintUserMessages: [2DSideScrollerCharacter_254] Right
[2017.02.23-04.54.03:861][219]LogBlueprintUserMessages: [2DSideScrollerCharacter_254] Right
[2017.02.23-04.54.03:877][220]LogBlueprintUserMessages: [2DSideScrollerCharacter_254] Right
[2017.02.23-04.54.03:893][221]LogBlueprintUserMessages: [2DSideScrollerCharacter_254] Right
[2017.02.23-04.54.03:909][222]LogBlueprintUserMessages: [2DSideScrollerCharacter_254] Right
[2017.02.23-04.54.03:926][223]LogBlueprintUserMessages: [2DSideScrollerCharacter_254] Right
[2017.02.23-04.54.03:941][224]LogBlueprintUserMessages: [2DSideScrollerCharacter_254] Right
[2017.02.23-04.54.03:958][225]LogBlueprintUserMessages: [2DSideScrollerCharacter_254] Right
[2017.02.23-04.54.03:974][226]LogBlueprintUserMessages: [2DSideScrollerCharacter_254] Right
[2017.02.23-04.54.03:990][227]LogBlueprintUserMessages: [2DSideScrollerCharacter_254] Right
[2017.02.23-04.54.04:006][228]LogBlueprintUserMessages: [2DSideScrollerCharacter_254] Right
[2017.02.23-04.54.04:022][229]LogBlueprintUserMessages: [2DSideScrollerCharacter_254] Right
[2017.02.23-04.54.04:039][230]LogBlueprintUserMessages: [2DSideScrollerCharacter_254] Right
[2017.02.23-04.54.04:055][231]LogBlueprintUserMessages: [2DSideScrollerCharacter_254] Right
[2017.02.23-04.54.04:071][232]LogBlueprintUserMessages: [2DSideScrollerCharacter_254] Right
[2017.02.23-04.54.04:087][233]LogBlueprintUserMessages: [2DSideScrollerCharacter_254] Right
[2017.02.23-04.54.04:103][234]LogBlueprintUserMessages: [2DSideScrollerCharacter_254] Right
[2017.02.23-04.54.04:119][235]LogBlueprintUserMessages: [2DSideScrollerCharacter_254] Right
[2017.02.23-04.54.04:135][236]LogBlueprintUserMessages: [2DSideScrollerCharacter_254] Right
[2017.02.23-04.54.04:151][237]LogBlueprintUserMessages: [2DSideScrollerCharacter_254] Right
[2017.02.23-04.54.04:167][238]LogBlueprintUserMessages: [2DSideScrollerCharacter_254] Right
[2017.02.23-04.54.04:183][239]LogBlueprintUserMessages: [2DSideScrollerCharacter_254] Right
[2017.02.23-04.54.04:200][240]LogBlueprintUserMessages: [2DSideScrollerCharacter_254] Right
[2017.02.23-04.54.04:216][241]LogBlueprintUserMessages: [2DSideScrollerCharacter_254] Right
[2017.02.23-04.54.04:232][242]LogBlueprintUserMessages: [2DSideScrollerCharacter_254] Right
[2017.02.23-04.54.04:248][243]LogBlueprintUserMessages: [2DSideScrollerCharacter_254] Right
[2017.02.23-04.54.04:264][244]LogBlueprintUserMessages: [2DSideScrollerCharacter_254] Right
[2017.02.23-04.54.04:280][245]LogBlueprintUserMessages: [2DSideScrollerCharacter_254] Right
[2017.02.23-04.54.04:296][246]LogBlueprintUserMessages: [2DSideScrollerCharacter_254] Right
[2017.02.23-04.54.04:312][247]LogBlueprintUserMessages: [2DSideScrollerCharacter_254] Right
[2017.02.23-04.54.04:329][248]LogBlueprintUserMessages: [2DSideScrollerCharacter_254] Right
[2017.02.23-04.54.04:345][249]LogBlueprintUserMessages: [2DSideScrollerCharacter_254] Right
[2017.02.23-04.54.04:361][250]LogBlueprintUserMessages: [2DSideScrollerCharacter_254] Right
[2017.02.23-04.54.04:377][251]LogBlueprintUserMessages: [2DSideScrollerCharacter_254] Right
[2017.02.23-04.54.04:393][252]LogBlueprintUserMessages: [2DSideScrollerCharacter_254] Right
[2017.02.23-04.54.04:409][253]LogBlueprintUserMessages: [2DSideScrollerCharacter_254] Right
[2017.02.23-04.54.04:425][254]LogBlueprintUserMessages: [2DSideScrollerCharacter_254] Right
[2017.02.23-04.54.04:442][255]LogBlueprintUserMessages: [2DSideScrollerCharacter_254] Right
[2017.02.23-04.54.04:457][256]LogBlueprintUserMessages: [2DSideScrollerCharacter_254] Right
[2017.02.23-04.54.04:474][257]LogBlueprintUserMessages: [2DSideScrollerCharacter_254] Right
[2017.02.23-04.54.04:490][258]LogBlueprintUserMessages: [2DSideScrollerCharacter_254] Right
[2017.02.23-04.54.04:506][259]LogBlueprintUserMessages: [2DSideScrollerCharacter_254] Right
[2017.02.23-04.54.04:523][260]LogBlueprintUserMessages: [2DSideScrollerCharacter_254] Right
[2017.02.23-04.54.04:539][261]LogBlueprintUserMessages: [2DSideScrollerCharacter_254] Right
[2017.02.23-04.54.04:555][262]LogBlueprintUserMessages: [2DSideScrollerCharacter_254] Right
[2017.02.23-04.54.04:571][263]LogBlueprintUserMessages: [2DSideScrollerCharacter_254] Right
[2017.02.23-04.54.04:587][264]LogBlueprintUserMessages: [2DSideScrollerCharacter_254] Right
[2017.02.23-04.54.04:603][265]LogBlueprintUserMessages: [2DSideScrollerCharacter_254] Right
[2017.02.23-04.54.04:619][266]LogBlueprintUserMessages: [2DSideScrollerCharacter_254] Right
[2017.02.23-04.54.04:635][267]LogBlueprintUserMessages: [2DSideScrollerCharacter_254] Right
[2017.02.23-04.54.04:652][268]LogBlueprintUserMessages: [2DSideScrollerCharacter_254] Right
[2017.02.23-04.54.04:668][269]LogBlueprintUserMessages: [2DSideScrollerCharacter_254] Right
[2017.02.23-04.54.04:684][270]LogBlueprintUserMessages: [2DSideScrollerCharacter_254] Right
[2017.02.23-04.54.04:700][271]LogBlueprintUserMessages: [2DSideScrollerCharacter_254] Right
[2017.02.23-04.54.04:716][272]LogBlueprintUserMessages: [2DSideScrollerCharacter_254] Right
[2017.02.23-04.54.04:732][273]LogBlueprintUserMessages: [2DSideScrollerCharacter_254] Right
[2017.02.23-04.54.04:748][274]LogBlueprintUserMessages: [2DSideScrollerCharacter_254] Right
[2017.02.23-04.54.04:764][275]LogBlueprintUserMessages: [2DSideScrollerCharacter_254] Right
[2017.02.23-04.54.04:780][276]LogBlueprintUserMessages: [2DSideScrollerCharacter_254] Right
[2017.02.23-04.54.04:797][277]LogBlueprintUserMessages: [2DSideScrollerCharacter_254] Right
[2017.02.23-04.54.04:813][278]LogBlueprintUserMessages: [2DSideScrollerCharacter_254] Right
[2017.02.23-04.54.04:829][279]LogBlueprintUserMessages: [2DSideScrollerCharacter_254] Right
[2017.02.23-04.54.04:845][280]LogBlueprintUserMessages: [2DSideScrollerCharacter_254] Right
[2017.02.23-04.54.04:861][281]LogBlueprintUserMessages: [2DSideScrollerCharacter_254] Right
[2017.02.23-04.54.04:877][282]LogBlueprintUserMessages: [2DSideScrollerCharacter_254] Right
[2017.02.23-04.54.04:893][283]LogBlueprintUserMessages: [2DSideScrollerCharacter_254] Right
[2017.02.23-04.54.04:909][284]LogBlueprintUserMessages: [2DSideScrollerCharacter_254] Right
[2017.02.23-04.54.04:925][285]LogBlueprintUserMessages: [2DSideScrollerCharacter_254] Right
[2017.02.23-04.54.04:941][286]LogBlueprintUserMessages: [2DSideScrollerCharacter_254] Right
[2017.02.23-04.54.04:958][287]LogBlueprintUserMessages: [2DSideScrollerCharacter_254] Right
[2017.02.23-04.54.04:974][288]LogBlueprintUserMessages: [2DSideScrollerCharacter_254] Right
[2017.02.23-04.54.04:990][289]LogBlueprintUserMessages: [2DSideScrollerCharacter_254] Right
[2017.02.23-04.54.05:006][290]LogBlueprintUserMessages: [2DSideScrollerCharacter_254] Right
[2017.02.23-04.54.05:022][291]LogBlueprintUserMessages: [2DSideScrollerCharacter_254] Right
[2017.02.23-04.54.05:038][292]LogBlueprintUserMessages: [2DSideScrollerCharacter_254] Right
[2017.02.23-04.54.05:054][293]LogBlueprintUserMessages: [2DSideScrollerCharacter_254] Right
[2017.02.23-04.54.05:071][294]LogBlueprintUserMessages: [2DSideScrollerCharacter_254] Right
[2017.02.23-04.54.05:087][295]LogBlueprintUserMessages: [2DSideScrollerCharacter_254] Right
[2017.02.23-04.54.05:103][296]LogBlueprintUserMessages: [2DSideScrollerCharacter_254] Right
[2017.02.23-04.54.05:119][297]LogBlueprintUserMessages: [2DSideScrollerCharacter_254] Right
[2017.02.23-04.54.05:135][298]LogBlueprintUserMessages: [2DSideScrollerCharacter_254] Right
[2017.02.23-04.54.05:151][299]LogBlueprintUserMessages: [2DSideScrollerCharacter_254] Right
[2017.02.23-04.54.05:168][300]LogBlueprintUserMessages: [2DSideScrollerCharacter_254] Right
[2017.02.23-04.54.05:184][301]LogBlueprintUserMessages: [2DSideScrollerCharacter_254] Right
[2017.02.23-04.54.05:200][302]LogBlueprintUserMessages: [2DSideScrollerCharacter_254] Right
[2017.02.23-04.54.05:216][303]LogBlueprintUserMessages: [2DSideScrollerCharacter_254] Right
[2017.02.23-04.54.05:232][304]LogBlueprintUserMessages: [2DSideScrollerCharacter_254] Right
[2017.02.23-04.54.05:248][305]LogBlueprintUserMessages: [2DSideScrollerCharacter_254] Right
[2017.02.23-04.54.05:264][306]LogBlueprintUserMessages: [2DSideScrollerCharacter_254] Right
[2017.02.23-04.54.05:280][307]LogBlueprintUserMessages: [2DSideScrollerCharacter_254] Right
[2017.02.23-04.54.05:297][308]LogBlueprintUserMessages: [2DSideScrollerCharacter_254] Right
[2017.02.23-04.54.05:313][309]LogBlueprintUserMessages: [2DSideScrollerCharacter_254] Right
[2017.02.23-04.54.05:329][310]LogBlueprintUserMessages: [2DSideScrollerCharacter_254] Right
[2017.02.23-04.54.05:345][311]LogBlueprintUserMessages: [2DSideScrollerCharacter_254] Right
[2017.02.23-04.54.05:361][312]LogBlueprintUserMessages: [2DSideScrollerCharacter_254] Right
[2017.02.23-04.54.05:377][313]LogBlueprintUserMessages: [2DSideScrollerCharacter_254] Right
[2017.02.23-04.54.05:393][314]LogBlueprintUserMessages: [2DSideScrollerCharacter_254] Right
[2017.02.23-04.54.05:409][315]LogBlueprintUserMessages: [2DSideScrollerCharacter_254] Right
[2017.02.23-04.54.05:426][316]LogBlueprintUserMessages: [2DSideScrollerCharacter_254] Right
[2017.02.23-04.54.05:442][317]LogBlueprintUserMessages: [2DSideScrollerCharacter_254] Right
[2017.02.23-04.54.05:458][318]LogBlueprintUserMessages: [2DSideScrollerCharacter_254] Right
[2017.02.23-04.54.05:474][319]LogBlueprintUserMessages: [2DSideScrollerCharacter_254] Right
[2017.02.23-04.54.05:490][320]LogBlueprintUserMessages: [2DSideScrollerCharacter_254] Right
[2017.02.23-04.54.05:506][321]LogBlueprintUserMessages: [2DSideScrollerCharacter_254] Right
[2017.02.23-04.54.05:522][322]LogBlueprintUserMessages: [2DSideScrollerCharacter_254] Right
[2017.02.23-04.54.05:539][323]LogBlueprintUserMessages: [2DSideScrollerCharacter_254] Right
[2017.02.23-04.54.05:555][324]LogBlueprintUserMessages: [2DSideScrollerCharacter_254] Right
[2017.02.23-04.54.05:571][325]LogBlueprintUserMessages: [2DSideScrollerCharacter_254] Right
[2017.02.23-04.54.05:587][326]LogBlueprintUserMessages: [2DSideScrollerCharacter_254] Right
[2017.02.23-04.54.05:603][327]LogBlueprintUserMessages: [2DSideScrollerCharacter_254] Right
[2017.02.23-04.54.05:619][328]LogBlueprintUserMessages: [2DSideScrollerCharacter_254] Right
[2017.02.23-04.54.05:635][329]LogBlueprintUserMessages: [2DSideScrollerCharacter_254] Right
[2017.02.23-04.54.05:651][330]LogBlueprintUserMessages: [2DSideScrollerCharacter_254] Right
[2017.02.23-04.54.05:667][331]LogBlueprintUserMessages: [2DSideScrollerCharacter_254] Right
[2017.02.23-04.54.05:684][332]LogBlueprintUserMessages: [2DSideScrollerCharacter_254] Right
[2017.02.23-04.54.05:700][333]LogBlueprintUserMessages: [2DSideScrollerCharacter_254] Right
[2017.02.23-04.54.09:087][543]LogBlueprintUserMessages: [2DSideScrollerCharacter_254] Left
[2017.02.23-04.54.09:103][544]LogBlueprintUserMessages: [2DSideScrollerCharacter_254] Left
[2017.02.23-04.54.09:119][545]LogBlueprintUserMessages: [2DSideScrollerCharacter_254] Left
[2017.02.23-04.54.09:135][546]LogBlueprintUserMessages: [2DSideScrollerCharacter_254] Left
[2017.02.23-04.54.09:151][547]LogBlueprintUserMessages: [2DSideScrollerCharacter_254] Left
[2017.02.23-04.54.09:167][548]LogBlueprintUserMessages: [2DSideScrollerCharacter_254] Left
[2017.02.23-04.54.09:184][549]LogBlueprintUserMessages: [2DSideScrollerCharacter_254] Left
[2017.02.23-04.54.09:200][550]LogBlueprintUserMessages: [2DSideScrollerCharacter_254] Left
[2017.02.23-04.54.09:216][551]LogBlueprintUserMessages: [2DSideScrollerCharacter_254] Left
[2017.02.23-04.54.09:232][552]LogBlueprintUserMessages: [2DSideScrollerCharacter_254] Left
[2017.02.23-04.54.11:539][695]LogBlueprintUserMessages: [2DSideScrollerCharacter_254] Left
[2017.02.23-04.54.11:555][696]LogBlueprintUserMessages: [2DSideScrollerCharacter_254] Left
[2017.02.23-04.54.11:571][697]LogBlueprintUserMessages: [2DSideScrollerCharacter_254] Left
[2017.02.23-04.54.11:587][698]LogBlueprintUserMessages: [2DSideScrollerCharacter_254] Left
[2017.02.23-04.54.11:603][699]LogBlueprintUserMessages: [2DSideScrollerCharacter_254] Left
[2017.02.23-04.54.11:619][700]LogBlueprintUserMessages: [2DSideScrollerCharacter_254] Left
[2017.02.23-04.54.11:635][701]LogBlueprintUserMessages: [2DSideScrollerCharacter_254] Left
[2017.02.23-04.54.11:651][702]LogBlueprintUserMessages: [2DSideScrollerCharacter_254] Left
[2017.02.23-04.54.11:668][703]LogBlueprintUserMessages: [2DSideScrollerCharacter_254] Left
[2017.02.23-04.54.11:684][704]LogBlueprintUserMessages: [2DSideScrollerCharacter_254] Left
[2017.02.23-04.54.11:700][705]LogBlueprintUserMessages: [2DSideScrollerCharacter_254] Left
[2017.02.23-04.54.11:716][706]LogBlueprintUserMessages: [2DSideScrollerCharacter_254] Left
[2017.02.23-04.54.11:732][707]LogBlueprintUserMessages: [2DSideScrollerCharacter_254] Left
[2017.02.23-04.54.11:748][708]LogBlueprintUserMessages: [2DSideScrollerCharacter_254] Left
[2017.02.23-04.54.11:764][709]LogBlueprintUserMessages: [2DSideScrollerCharacter_254] Left
[2017.02.23-04.54.11:781][710]LogBlueprintUserMessages: [2DSideScrollerCharacter_254] Left
[2017.02.23-04.54.11:797][711]LogBlueprintUserMessages: [2DSideScrollerCharacter_254] Left
[2017.02.23-04.54.11:813][712]LogBlueprintUserMessages: [2DSideScrollerCharacter_254] Left
[2017.02.23-04.54.11:829][713]LogBlueprintUserMessages: [2DSideScrollerCharacter_254] Left
[2017.02.23-04.54.11:845][714]LogBlueprintUserMessages: [2DSideScrollerCharacter_254] Left
[2017.02.23-04.54.11:861][715]LogBlueprintUserMessages: [2DSideScrollerCharacter_254] Left
[2017.02.23-04.54.11:877][716]LogBlueprintUserMessages: [2DSideScrollerCharacter_254] Left
[2017.02.23-04.54.11:893][717]LogBlueprintUserMessages: [2DSideScrollerCharacter_254] Left
[2017.02.23-04.54.11:910][718]LogBlueprintUserMessages: [2DSideScrollerCharacter_254] Left
[2017.02.23-04.54.11:926][719]LogBlueprintUserMessages: [2DSideScrollerCharacter_254] Left
[2017.02.23-04.54.11:941][720]LogBlueprintUserMessages: [2DSideScrollerCharacter_254] Left
[2017.02.23-04.54.11:957][721]LogBlueprintUserMessages: [2DSideScrollerCharacter_254] Left
[2017.02.23-04.54.11:974][722]LogBlueprintUserMessages: [2DSideScrollerCharacter_254] Left
[2017.02.23-04.54.11:990][723]LogBlueprintUserMessages: [2DSideScrollerCharacter_254] Left
[2017.02.23-04.54.12:006][724]LogBlueprintUserMessages: [2DSideScrollerCharacter_254] Left
[2017.02.23-04.54.12:022][725]LogBlueprintUserMessages: [2DSideScrollerCharacter_254] Left
[2017.02.23-04.54.12:039][726]LogBlueprintUserMessages: [2DSideScrollerCharacter_254] Left
[2017.02.23-04.54.12:055][727]LogBlueprintUserMessages: [2DSideScrollerCharacter_254] Left
[2017.02.23-04.54.12:071][728]LogBlueprintUserMessages: [2DSideScrollerCharacter_254] Left
[2017.02.23-04.54.12:087][729]LogBlueprintUserMessages: [2DSideScrollerCharacter_254] Left
[2017.02.23-04.54.12:103][730]LogBlueprintUserMessages: [2DSideScrollerCharacter_254] Left
[2017.02.23-04.54.12:119][731]LogBlueprintUserMessages: [2DSideScrollerCharacter_254] Left
[2017.02.23-04.54.12:135][732]LogBlueprintUserMessages: [2DSideScrollerCharacter_254] Left
[2017.02.23-04.54.12:151][733]LogBlueprintUserMessages: [2DSideScrollerCharacter_254] Left
[2017.02.23-04.54.12:167][734]LogBlueprintUserMessages: [2DSideScrollerCharacter_254] Left
[2017.02.23-04.54.12:184][735]LogBlueprintUserMessages: [2DSideScrollerCharacter_254] Left
[2017.02.23-04.54.12:200][736]LogBlueprintUserMessages: [2DSideScrollerCharacter_254] Left
[2017.02.23-04.54.12:216][737]LogBlueprintUserMessages: [2DSideScrollerCharacter_254] Left
[2017.02.23-04.54.12:232][738]LogBlueprintUserMessages: [2DSideScrollerCharacter_254] Left
[2017.02.23-04.54.12:248][739]LogBlueprintUserMessages: [2DSideScrollerCharacter_254] Left
[2017.02.23-04.54.12:264][740]LogBlueprintUserMessages: [2DSideScrollerCharacter_254] Left
[2017.02.23-04.54.12:281][741]LogBlueprintUserMessages: [2DSideScrollerCharacter_254] Left
[2017.02.23-04.54.12:296][742]LogBlueprintUserMessages: [2DSideScrollerCharacter_254] Left
[2017.02.23-04.54.12:312][743]LogBlueprintUserMessages: [2DSideScrollerCharacter_254] Left
[2017.02.23-04.54.12:329][744]LogBlueprintUserMessages: [2DSideScrollerCharacter_254] Left
[2017.02.23-04.54.12:345][745]LogBlueprintUserMessages: [2DSideScrollerCharacter_254] Left
[2017.02.23-04.54.12:361][746]LogBlueprintUserMessages: [2DSideScrollerCharacter_254] Left
[2017.02.23-04.54.12:377][747]LogBlueprintUserMessages: [2DSideScrollerCharacter_254] Left
[2017.02.23-04.54.12:393][748]LogBlueprintUserMessages: [2DSideScrollerCharacter_254] Left
[2017.02.23-04.54.12:409][749]LogBlueprintUserMessages: [2DSideScrollerCharacter_254] Left
[2017.02.23-04.54.12:426][750]LogBlueprintUserMessages: [2DSideScrollerCharacter_254] Left
[2017.02.23-04.54.12:442][751]LogBlueprintUserMessages: [2DSideScrollerCharacter_254] Left
[2017.02.23-04.54.12:457][752]LogBlueprintUserMessages: [2DSideScrollerCharacter_254] Left
[2017.02.23-04.54.12:474][753]LogBlueprintUserMessages: [2DSideScrollerCharacter_254] Left
[2017.02.23-04.54.12:490][754]LogBlueprintUserMessages: [2DSideScrollerCharacter_254] Left
[2017.02.23-04.54.12:506][755]LogBlueprintUserMessages: [2DSideScrollerCharacter_254] Left
[2017.02.23-04.54.12:522][756]LogBlueprintUserMessages: [2DSideScrollerCharacter_254] Left
[2017.02.23-04.54.12:538][757]LogBlueprintUserMessages: [2DSideScrollerCharacter_254] Left
[2017.02.23-04.54.12:555][758]LogBlueprintUserMessages: [2DSideScrollerCharacter_254] Left
[2017.02.23-04.54.12:571][759]LogBlueprintUserMessages: [2DSideScrollerCharacter_254] Left
[2017.02.23-04.54.12:587][760]LogBlueprintUserMessages: [2DSideScrollerCharacter_254] Left
[2017.02.23-04.54.12:603][761]LogBlueprintUserMessages: [2DSideScrollerCharacter_254] Left
[2017.02.23-04.54.12:619][762]LogBlueprintUserMessages: [2DSideScrollerCharacter_254] Left
[2017.02.23-04.54.12:635][763]LogBlueprintUserMessages: [2DSideScrollerCharacter_254] Left
[2017.02.23-04.54.12:651][764]LogBlueprintUserMessages: [2DSideScrollerCharacter_254] Left
[2017.02.23-04.54.12:667][765]LogBlueprintUserMessages: [2DSideScrollerCharacter_254] Left
[2017.02.23-04.54.12:684][766]LogBlueprintUserMessages: [2DSideScrollerCharacter_254] Left
[2017.02.23-04.54.12:700][767]LogBlueprintUserMessages: [2DSideScrollerCharacter_254] Left
[2017.02.23-04.54.12:716][768]LogBlueprintUserMessages: [2DSideScrollerCharacter_254] Left
[2017.02.23-04.54.12:732][769]LogBlueprintUserMessages: [2DSideScrollerCharacter_254] Left
[2017.02.23-04.54.12:748][770]LogBlueprintUserMessages: [2DSideScrollerCharacter_254] Left
[2017.02.23-04.54.12:765][771]LogBlueprintUserMessages: [2DSideScrollerCharacter_254] Left
[2017.02.23-04.54.12:780][772]LogBlueprintUserMessages: [2DSideScrollerCharacter_254] Left
[2017.02.23-04.54.12:797][773]LogBlueprintUserMessages: [2DSideScrollerCharacter_254] Left
[2017.02.23-04.54.12:813][774]LogBlueprintUserMessages: [2DSideScrollerCharacter_254] Left
[2017.02.23-04.54.12:829][775]LogBlueprintUserMessages: [2DSideScrollerCharacter_254] Left
[2017.02.23-04.54.12:845][776]LogBlueprintUserMessages: [2DSideScrollerCharacter_254] Left
[2017.02.23-04.54.12:861][777]LogBlueprintUserMessages: [2DSideScrollerCharacter_254] Left
[2017.02.23-04.54.12:877][778]LogBlueprintUserMessages: [2DSideScrollerCharacter_254] Left
[2017.02.23-04.54.12:893][779]LogBlueprintUserMessages: [2DSideScrollerCharacter_254] Left
[2017.02.23-04.54.12:909][780]LogBlueprintUserMessages: [2DSideScrollerCharacter_254] Left
[2017.02.23-04.54.12:925][781]LogBlueprintUserMessages: [2DSideScrollerCharacter_254] Left
[2017.02.23-04.54.12:941][782]LogBlueprintUserMessages: [2DSideScrollerCharacter_254] Left
[2017.02.23-04.54.12:958][783]LogBlueprintUserMessages: [2DSideScrollerCharacter_254] Left
[2017.02.23-04.54.12:974][784]LogBlueprintUserMessages: [2DSideScrollerCharacter_254] Left
[2017.02.23-04.54.12:990][785]LogBlueprintUserMessages: [2DSideScrollerCharacter_254] Left
[2017.02.23-04.54.13:006][786]LogBlueprintUserMessages: [2DSideScrollerCharacter_254] Left
[2017.02.23-04.54.13:022][787]LogBlueprintUserMessages: [2DSideScrollerCharacter_254] Left
[2017.02.23-04.54.13:038][788]LogBlueprintUserMessages: [2DSideScrollerCharacter_254] Left
[2017.02.23-04.54.13:054][789]LogBlueprintUserMessages: [2DSideScrollerCharacter_254] Left
[2017.02.23-04.54.13:071][790]LogBlueprintUserMessages: [2DSideScrollerCharacter_254] Left
[2017.02.23-04.54.13:086][791]LogBlueprintUserMessages: [2DSideScrollerCharacter_254] Left
[2017.02.23-04.54.13:103][792]LogBlueprintUserMessages: [2DSideScrollerCharacter_254] Left
[2017.02.23-04.54.13:119][793]LogBlueprintUserMessages: [2DSideScrollerCharacter_254] Left
[2017.02.23-04.54.13:135][794]LogBlueprintUserMessages: [2DSideScrollerCharacter_254] Left
[2017.02.23-04.54.13:151][795]LogBlueprintUserMessages: [2DSideScrollerCharacter_254] Left
[2017.02.23-04.54.13:167][796]LogBlueprintUserMessages: [2DSideScrollerCharacter_254] Left
[2017.02.23-04.54.13:184][797]LogBlueprintUserMessages: [2DSideScrollerCharacter_254] Left
[2017.02.23-04.54.13:200][798]LogBlueprintUserMessages: [2DSideScrollerCharacter_254] Left
[2017.02.23-04.54.13:216][799]LogBlueprintUserMessages: [2DSideScrollerCharacter_254] Left
[2017.02.23-04.54.13:232][800]LogBlueprintUserMessages: [2DSideScrollerCharacter_254] Left
[2017.02.23-04.54.13:248][801]LogBlueprintUserMessages: [2DSideScrollerCharacter_254] Left
[2017.02.23-04.54.13:264][802]LogBlueprintUserMessages: [2DSideScrollerCharacter_254] Left
[2017.02.23-04.54.13:280][803]LogBlueprintUserMessages: [2DSideScrollerCharacter_254] Left
[2017.02.23-04.54.13:297][804]LogBlueprintUserMessages: [2DSideScrollerCharacter_254] Left
[2017.02.23-04.54.13:313][805]LogBlueprintUserMessages: [2DSideScrollerCharacter_254] Left
[2017.02.23-04.54.13:329][806]LogBlueprintUserMessages: [2DSideScrollerCharacter_254] Left
[2017.02.23-04.54.13:345][807]LogBlueprintUserMessages: [2DSideScrollerCharacter_254] Left
[2017.02.23-04.54.13:361][808]LogBlueprintUserMessages: [2DSideScrollerCharacter_254] Left
[2017.02.23-04.54.13:377][809]LogBlueprintUserMessages: [2DSideScrollerCharacter_254] Left
[2017.02.23-04.54.13:393][810]LogBlueprintUserMessages: [2DSideScrollerCharacter_254] Left
[2017.02.23-04.54.13:409][811]LogBlueprintUserMessages: [2DSideScrollerCharacter_254] Left
[2017.02.23-04.54.13:426][812]LogBlueprintUserMessages: [2DSideScrollerCharacter_254] Left
[2017.02.23-04.54.13:442][813]LogBlueprintUserMessages: [2DSideScrollerCharacter_254] Left
[2017.02.23-04.54.13:458][814]LogBlueprintUserMessages: [2DSideScrollerCharacter_254] Left
[2017.02.23-04.54.13:474][815]LogBlueprintUserMessages: [2DSideScrollerCharacter_254] Left
[2017.02.23-04.54.13:490][816]LogBlueprintUserMessages: [2DSideScrollerCharacter_254] Left
[2017.02.23-04.54.13:506][817]LogBlueprintUserMessages: [2DSideScrollerCharacter_254] Left
[2017.02.23-04.54.13:522][818]LogBlueprintUserMessages: [2DSideScrollerCharacter_254] Left
[2017.02.23-04.54.13:538][819]LogBlueprintUserMessages: [2DSideScrollerCharacter_254] Left
[2017.02.23-04.54.13:554][820]LogBlueprintUserMessages: [2DSideScrollerCharacter_254] Left
[2017.02.23-04.54.13:570][821]LogBlueprintUserMessages: [2DSideScrollerCharacter_254] Left
[2017.02.23-04.54.13:587][822]LogBlueprintUserMessages: [2DSideScrollerCharacter_254] Left
[2017.02.23-04.54.13:603][823]LogBlueprintUserMessages: [2DSideScrollerCharacter_254] Left
[2017.02.23-04.54.13:619][824]LogBlueprintUserMessages: [2DSideScrollerCharacter_254] Left
[2017.02.23-04.54.13:635][825]LogBlueprintUserMessages: [2DSideScrollerCharacter_254] Left
[2017.02.23-04.54.13:651][826]LogBlueprintUserMessages: [2DSideScrollerCharacter_254] Left
[2017.02.23-04.54.13:667][827]LogBlueprintUserMessages: [2DSideScrollerCharacter_254] Left
[2017.02.23-04.54.13:684][828]LogBlueprintUserMessages: [2DSideScrollerCharacter_254] Left
[2017.02.23-04.54.13:700][829]LogBlueprintUserMessages: [2DSideScrollerCharacter_254] Left
[2017.02.23-04.54.13:716][830]LogBlueprintUserMessages: [2DSideScrollerCharacter_254] Left
[2017.02.23-04.54.13:732][831]LogBlueprintUserMessages: [2DSideScrollerCharacter_254] Left
[2017.02.23-04.54.13:748][832]LogBlueprintUserMessages: [2DSideScrollerCharacter_254] Left
[2017.02.23-04.54.13:764][833]LogBlueprintUserMessages: [2DSideScrollerCharacter_254] Left
[2017.02.23-04.54.13:781][834]LogBlueprintUserMessages: [2DSideScrollerCharacter_254] Left
[2017.02.23-04.54.13:797][835]LogBlueprintUserMessages: [2DSideScrollerCharacter_254] Left
[2017.02.23-04.54.13:813][836]LogBlueprintUserMessages: [2DSideScrollerCharacter_254] Left
[2017.02.23-04.54.13:829][837]LogBlueprintUserMessages: [2DSideScrollerCharacter_254] Left
[2017.02.23-04.54.13:845][838]LogBlueprintUserMessages: [2DSideScrollerCharacter_254] Left
[2017.02.23-04.54.13:861][839]LogBlueprintUserMessages: [2DSideScrollerCharacter_254] Left
[2017.02.23-04.54.13:877][840]LogBlueprintUserMessages: [2DSideScrollerCharacter_254] Left
[2017.02.23-04.54.13:893][841]LogBlueprintUserMessages: [2DSideScrollerCharacter_254] Left
[2017.02.23-04.54.13:910][842]LogBlueprintUserMessages: [2DSideScrollerCharacter_254] Left
[2017.02.23-04.54.13:926][843]LogBlueprintUserMessages: [2DSideScrollerCharacter_254] Left
[2017.02.23-04.54.13:941][844]LogBlueprintUserMessages: [2DSideScrollerCharacter_254] Left
[2017.02.23-04.54.13:958][845]LogBlueprintUserMessages: [2DSideScrollerCharacter_254] Left
[2017.02.23-04.54.13:974][846]LogBlueprintUserMessages: [2DSideScrollerCharacter_254] Left
[2017.02.23-04.54.13:990][847]LogBlueprintUserMessages: [2DSideScrollerCharacter_254] Left
[2017.02.23-04.54.14:006][848]LogBlueprintUserMessages: [2DSideScrollerCharacter_254] Left
[2017.02.23-04.54.14:022][849]LogBlueprintUserMessages: [2DSideScrollerCharacter_254] Left
[2017.02.23-04.54.14:038][850]LogBlueprintUserMessages: [2DSideScrollerCharacter_254] Left
[2017.02.23-04.54.14:054][851]LogBlueprintUserMessages: [2DSideScrollerCharacter_254] Left
[2017.02.23-04.54.14:070][852]LogBlueprintUserMessages: [2DSideScrollerCharacter_254] Left
[2017.02.23-04.54.14:087][853]LogBlueprintUserMessages: [2DSideScrollerCharacter_254] Left
[2017.02.23-04.54.14:103][854]LogBlueprintUserMessages: [2DSideScrollerCharacter_254] Left
[2017.02.23-04.54.14:119][855]LogBlueprintUserMessages: [2DSideScrollerCharacter_254] Left
[2017.02.23-04.54.14:135][856]LogBlueprintUserMessages: [2DSideScrollerCharacter_254] Left
[2017.02.23-04.54.14:152][857]LogBlueprintUserMessages: [2DSideScrollerCharacter_254] Left
[2017.02.23-04.54.14:168][858]LogBlueprintUserMessages: [2DSideScrollerCharacter_254] Left
[2017.02.23-04.54.14:184][859]LogBlueprintUserMessages: [2DSideScrollerCharacter_254] Left
[2017.02.23-04.54.14:200][860]LogBlueprintUserMessages: [2DSideScrollerCharacter_254] Left
[2017.02.23-04.54.14:216][861]LogBlueprintUserMessages: [2DSideScrollerCharacter_254] Left
[2017.02.23-04.54.14:232][862]LogBlueprintUserMessages: [2DSideScrollerCharacter_254] Left
[2017.02.23-04.54.14:248][863]LogBlueprintUserMessages: [2DSideScrollerCharacter_254] Left
[2017.02.23-04.54.14:264][864]LogBlueprintUserMessages: [2DSideScrollerCharacter_254] Left
[2017.02.23-04.54.14:280][865]LogBlueprintUserMessages: [2DSideScrollerCharacter_254] Left
[2017.02.23-04.54.14:297][866]LogBlueprintUserMessages: [2DSideScrollerCharacter_254] Left
[2017.02.23-04.54.14:312][867]LogBlueprintUserMessages: [2DSideScrollerCharacter_254] Left
[2017.02.23-04.54.14:329][868]LogBlueprintUserMessages: [2DSideScrollerCharacter_254] Left
[2017.02.23-04.54.14:345][869]LogBlueprintUserMessages: [2DSideScrollerCharacter_254] Left
[2017.02.23-04.54.14:361][870]LogBlueprintUserMessages: [2DSideScrollerCharacter_254] Left
[2017.02.23-04.54.14:377][871]LogBlueprintUserMessages: [2DSideScrollerCharacter_254] Left
[2017.02.23-04.54.14:393][872]LogBlueprintUserMessages: [2DSideScrollerCharacter_254] Left
[2017.02.23-04.54.14:409][873]LogBlueprintUserMessages: [2DSideScrollerCharacter_254] Left
[2017.02.23-04.54.14:425][874]LogBlueprintUserMessages: [2DSideScrollerCharacter_254] Left
[2017.02.23-04.54.14:442][875]LogBlueprintUserMessages: [2DSideScrollerCharacter_254] Left
[2017.02.23-04.54.14:458][876]LogBlueprintUserMessages: [2DSideScrollerCharacter_254] Left
[2017.02.23-04.54.14:474][877]LogBlueprintUserMessages: [2DSideScrollerCharacter_254] Left
[2017.02.23-04.54.14:490][878]LogBlueprintUserMessages: [2DSideScrollerCharacter_254] Left
[2017.02.23-04.54.14:506][879]LogBlueprintUserMessages: [2DSideScrollerCharacter_254] Left
[2017.02.23-04.54.14:522][880]LogBlueprintUserMessages: [2DSideScrollerCharacter_254] Left
[2017.02.23-04.54.14:538][881]LogBlueprintUserMessages: [2DSideScrollerCharacter_254] Left
[2017.02.23-04.54.14:555][882]LogBlueprintUserMessages: [2DSideScrollerCharacter_254] Left
[2017.02.23-04.54.14:571][883]LogBlueprintUserMessages: [2DSideScrollerCharacter_254] Left
[2017.02.23-04.54.14:587][884]LogBlueprintUserMessages: [2DSideScrollerCharacter_254] Left
[2017.02.23-04.54.14:603][885]LogBlueprintUserMessages: [2DSideScrollerCharacter_254] Left
[2017.02.23-04.54.14:619][886]LogBlueprintUserMessages: [2DSideScrollerCharacter_254] Left
[2017.02.23-04.54.14:635][887]LogBlueprintUserMessages: [2DSideScrollerCharacter_254] Left
[2017.02.23-04.54.14:651][888]LogBlueprintUserMessages: [2DSideScrollerCharacter_254] Left
[2017.02.23-04.54.14:667][889]LogBlueprintUserMessages: [2DSideScrollerCharacter_254] Left
[2017.02.23-04.54.14:683][890]LogBlueprintUserMessages: [2DSideScrollerCharacter_254] Left
[2017.02.23-04.54.14:700][891]LogBlueprintUserMessages: [2DSideScrollerCharacter_254] Left
[2017.02.23-04.54.14:716][892]LogBlueprintUserMessages: [2DSideScrollerCharacter_254] Left
[2017.02.23-04.54.14:732][893]LogBlueprintUserMessages: [2DSideScrollerCharacter_254] Left
[2017.02.23-04.54.14:748][894]LogBlueprintUserMessages: [2DSideScrollerCharacter_254] Left
[2017.02.23-04.54.14:764][895]LogBlueprintUserMessages: [2DSideScrollerCharacter_254] Left
[2017.02.23-04.54.14:780][896]LogBlueprintUserMessages: [2DSideScrollerCharacter_254] Left
[2017.02.23-04.54.14:796][897]LogBlueprintUserMessages: [2DSideScrollerCharacter_254] Left
[2017.02.23-04.54.14:813][898]LogBlueprintUserMessages: [2DSideScrollerCharacter_254] Left
[2017.02.23-04.54.14:828][899]LogBlueprintUserMessages: [2DSideScrollerCharacter_254] Left
[2017.02.23-04.54.14:845][900]LogBlueprintUserMessages: [2DSideScrollerCharacter_254] Left
[2017.02.23-04.54.14:861][901]LogBlueprintUserMessages: [2DSideScrollerCharacter_254] Left
[2017.02.23-04.54.14:877][902]LogBlueprintUserMessages: [2DSideScrollerCharacter_254] Left
[2017.02.23-04.54.14:893][903]LogBlueprintUserMessages: [2DSideScrollerCharacter_254] Left
[2017.02.23-04.54.14:909][904]LogBlueprintUserMessages: [2DSideScrollerCharacter_254] Left
[2017.02.23-04.54.14:926][905]LogBlueprintUserMessages: [2DSideScrollerCharacter_254] Left
[2017.02.23-04.54.14:941][906]LogBlueprintUserMessages: [2DSideScrollerCharacter_254] Left
[2017.02.23-04.54.14:957][907]LogBlueprintUserMessages: [2DSideScrollerCharacter_254] Left
[2017.02.23-04.54.14:974][908]LogBlueprintUserMessages: [2DSideScrollerCharacter_254] Left
[2017.02.23-04.54.14:990][909]LogBlueprintUserMessages: [2DSideScrollerCharacter_254] Left
[2017.02.23-04.54.15:006][910]LogBlueprintUserMessages: [2DSideScrollerCharacter_254] Left
[2017.02.23-04.54.15:022][911]LogBlueprintUserMessages: [2DSideScrollerCharacter_254] Left
[2017.02.23-04.54.15:038][912]LogBlueprintUserMessages: [2DSideScrollerCharacter_254] Left
[2017.02.23-04.54.15:054][913]LogBlueprintUserMessages: [2DSideScrollerCharacter_254] Left
[2017.02.23-04.54.15:071][914]LogBlueprintUserMessages: [2DSideScrollerCharacter_254] Left
[2017.02.23-04.54.15:087][915]LogBlueprintUserMessages: [2DSideScrollerCharacter_254] Left
[2017.02.23-04.54.15:103][916]LogBlueprintUserMessages: [2DSideScrollerCharacter_254] Left
[2017.02.23-04.54.15:119][917]LogBlueprintUserMessages: [2DSideScrollerCharacter_254] Left
[2017.02.23-04.54.15:135][918]LogBlueprintUserMessages: [2DSideScrollerCharacter_254] Left
[2017.02.23-04.54.15:151][919]LogBlueprintUserMessages: [2DSideScrollerCharacter_254] Left
[2017.02.23-04.54.15:167][920]LogBlueprintUserMessages: [2DSideScrollerCharacter_254] Left
[2017.02.23-04.54.15:183][921]LogBlueprintUserMessages: [2DSideScrollerCharacter_254] Left
[2017.02.23-04.54.15:200][922]LogBlueprintUserMessages: [2DSideScrollerCharacter_254] Left
[2017.02.23-04.54.15:216][923]LogBlueprintUserMessages: [2DSideScrollerCharacter_254] Left
[2017.02.23-04.54.15:232][924]LogBlueprintUserMessages: [2DSideScrollerCharacter_254] Left
[2017.02.23-04.54.15:248][925]LogBlueprintUserMessages: [2DSideScrollerCharacter_254] Left
[2017.02.23-04.54.15:264][926]LogBlueprintUserMessages: [2DSideScrollerCharacter_254] Left
[2017.02.23-04.54.15:280][927]LogBlueprintUserMessages: [2DSideScrollerCharacter_254] Left
[2017.02.23-04.54.15:296][928]LogBlueprintUserMessages: [2DSideScrollerCharacter_254] Left
[2017.02.23-04.54.15:312][929]LogBlueprintUserMessages: [2DSideScrollerCharacter_254] Left
[2017.02.23-04.54.15:329][930]LogBlueprintUserMessages: [2DSideScrollerCharacter_254] Left
[2017.02.23-04.54.15:345][931]LogBlueprintUserMessages: [2DSideScrollerCharacter_254] Left
[2017.02.23-04.54.15:361][932]LogBlueprintUserMessages: [2DSideScrollerCharacter_254] Left
[2017.02.23-04.54.15:377][933]LogBlueprintUserMessages: [2DSideScrollerCharacter_254] Left
[2017.02.23-04.54.15:393][934]LogBlueprintUserMessages: [2DSideScrollerCharacter_254] Left
[2017.02.23-04.54.15:409][935]LogBlueprintUserMessages: [2DSideScrollerCharacter_254] Left
[2017.02.23-04.54.15:426][936]LogBlueprintUserMessages: [2DSideScrollerCharacter_254] Left
[2017.02.23-04.54.15:442][937]LogBlueprintUserMessages: [2DSideScrollerCharacter_254] Left
[2017.02.23-04.54.15:458][938]LogBlueprintUserMessages: [2DSideScrollerCharacter_254] Left
[2017.02.23-04.54.15:474][939]LogBlueprintUserMessages: [2DSideScrollerCharacter_254] Left
[2017.02.23-04.54.15:490][940]LogBlueprintUserMessages: [2DSideScrollerCharacter_254] Left
[2017.02.23-04.54.15:506][941]LogBlueprintUserMessages: [2DSideScrollerCharacter_254] Left
[2017.02.23-04.54.15:522][942]LogBlueprintUserMessages: [2DSideScrollerCharacter_254] Left
[2017.02.23-04.54.15:539][943]LogBlueprintUserMessages: [2DSideScrollerCharacter_254] Left
[2017.02.23-04.54.15:554][944]LogBlueprintUserMessages: [2DSideScrollerCharacter_254] Left
[2017.02.23-04.54.15:571][945]LogBlueprintUserMessages: [2DSideScrollerCharacter_254] Left
[2017.02.23-04.54.15:587][946]LogBlueprintUserMessages: [2DSideScrollerCharacter_254] Left
[2017.02.23-04.54.15:603][947]LogBlueprintUserMessages: [2DSideScrollerCharacter_254] Left
[2017.02.23-04.54.16:184][983]LogBlueprintUserMessages: [2DSideScrollerCharacter_254] Left
[2017.02.23-04.54.16:200][984]LogBlueprintUserMessages: [2DSideScrollerCharacter_254] Left
[2017.02.23-04.54.16:216][985]LogBlueprintUserMessages: [2DSideScrollerCharacter_254] Left
[2017.02.23-04.54.16:232][986]LogBlueprintUserMessages: [2DSideScrollerCharacter_254] Left
[2017.02.23-04.54.16:248][987]LogBlueprintUserMessages: [2DSideScrollerCharacter_254] Left
[2017.02.23-04.54.16:265][988]LogBlueprintUserMessages: [2DSideScrollerCharacter_254] Left
[2017.02.23-04.54.16:281][989]LogBlueprintUserMessages: [2DSideScrollerCharacter_254] Left
[2017.02.23-04.54.16:297][990]LogBlueprintUserMessages: [2DSideScrollerCharacter_254] Left
[2017.02.23-04.54.16:312][991]LogBlueprintUserMessages: [2DSideScrollerCharacter_254] Left
[2017.02.23-04.54.16:329][992]LogBlueprintUserMessages: [2DSideScrollerCharacter_254] Left
[2017.02.23-04.54.16:345][993]LogBlueprintUserMessages: [2DSideScrollerCharacter_254] Left
[2017.02.23-04.54.16:361][994]LogBlueprintUserMessages: [2DSideScrollerCharacter_254] Left
[2017.02.23-04.54.16:377][995]LogBlueprintUserMessages: [2DSideScrollerCharacter_254] Left
[2017.02.23-04.54.16:393][996]LogBlueprintUserMessages: [2DSideScrollerCharacter_254] Left
[2017.02.23-04.54.16:410][997]LogBlueprintUserMessages: [2DSideScrollerCharacter_254] Left
[2017.02.23-04.54.16:425][998]LogBlueprintUserMessages: [2DSideScrollerCharacter_254] Left
[2017.02.23-04.54.16:442][999]LogBlueprintUserMessages: [2DSideScrollerCharacter_254] Left
[2017.02.23-04.54.16:458][  0]LogBlueprintUserMessages: [2DSideScrollerCharacter_254] Left
[2017.02.23-04.54.16:474][  1]LogBlueprintUserMessages: [2DSideScrollerCharacter_254] Left
[2017.02.23-04.54.16:490][  2]LogBlueprintUserMessages: [2DSideScrollerCharacter_254] Left
[2017.02.23-04.54.16:506][  3]LogBlueprintUserMessages: [2DSideScrollerCharacter_254] Left
[2017.02.23-04.54.16:522][  4]LogBlueprintUserMessages: [2DSideScrollerCharacter_254] Left
[2017.02.23-04.54.16:538][  5]LogBlueprintUserMessages: [2DSideScrollerCharacter_254] Left
[2017.02.23-04.54.16:554][  6]LogBlueprintUserMessages: [2DSideScrollerCharacter_254] Left
[2017.02.23-04.54.16:571][  7]LogBlueprintUserMessages: [2DSideScrollerCharacter_254] Left
[2017.02.23-04.54.16:586][  8]LogBlueprintUserMessages: [2DSideScrollerCharacter_254] Left
[2017.02.23-04.54.16:603][  9]LogBlueprintUserMessages: [2DSideScrollerCharacter_254] Left
[2017.02.23-04.54.16:619][ 10]LogBlueprintUserMessages: [2DSideScrollerCharacter_254] Left
[2017.02.23-04.54.16:635][ 11]LogBlueprintUserMessages: [2DSideScrollerCharacter_254] Left
[2017.02.23-04.54.16:651][ 12]LogBlueprintUserMessages: [2DSideScrollerCharacter_254] Left
[2017.02.23-04.54.16:668][ 13]LogBlueprintUserMessages: [2DSideScrollerCharacter_254] Left
[2017.02.23-04.54.16:684][ 14]LogBlueprintUserMessages: [2DSideScrollerCharacter_254] Left
[2017.02.23-04.54.16:699][ 15]LogBlueprintUserMessages: [2DSideScrollerCharacter_254] Left
[2017.02.23-04.54.16:716][ 16]LogBlueprintUserMessages: [2DSideScrollerCharacter_254] Left
[2017.02.23-04.54.16:732][ 17]LogBlueprintUserMessages: [2DSideScrollerCharacter_254] Left
[2017.02.23-04.54.16:748][ 18]LogBlueprintUserMessages: [2DSideScrollerCharacter_254] Left
[2017.02.23-04.54.16:764][ 19]LogBlueprintUserMessages: [2DSideScrollerCharacter_254] Left
[2017.02.23-04.54.16:780][ 20]LogBlueprintUserMessages: [2DSideScrollerCharacter_254] Left
[2017.02.23-04.54.16:796][ 21]LogBlueprintUserMessages: [2DSideScrollerCharacter_254] Left
[2017.02.23-04.54.16:813][ 22]LogBlueprintUserMessages: [2DSideScrollerCharacter_254] Left
[2017.02.23-04.54.16:829][ 23]LogBlueprintUserMessages: [2DSideScrollerCharacter_254] Left
[2017.02.23-04.54.16:845][ 24]LogBlueprintUserMessages: [2DSideScrollerCharacter_254] Left
[2017.02.23-04.54.16:861][ 25]LogBlueprintUserMessages: [2DSideScrollerCharacter_254] Left
[2017.02.23-04.54.16:877][ 26]LogBlueprintUserMessages: [2DSideScrollerCharacter_254] Left
[2017.02.23-04.54.16:893][ 27]LogBlueprintUserMessages: [2DSideScrollerCharacter_254] Left
[2017.02.23-04.54.16:909][ 28]LogBlueprintUserMessages: [2DSideScrollerCharacter_254] Left
[2017.02.23-04.54.16:925][ 29]LogBlueprintUserMessages: [2DSideScrollerCharacter_254] Left
[2017.02.23-04.54.16:941][ 30]LogBlueprintUserMessages: [2DSideScrollerCharacter_254] Left
[2017.02.23-04.54.16:958][ 31]LogBlueprintUserMessages: [2DSideScrollerCharacter_254] Left
[2017.02.23-04.54.28:388][738]LogBlueprintUserMessages: [2DSideScrollerCharacter_254] Right
[2017.02.23-04.54.28:404][739]LogBlueprintUserMessages: [2DSideScrollerCharacter_254] Right
[2017.02.23-04.54.28:421][740]LogBlueprintUserMessages: [2DSideScrollerCharacter_254] Right
[2017.02.23-04.54.28:436][741]LogBlueprintUserMessages: [2DSideScrollerCharacter_254] Right
[2017.02.23-04.54.28:452][742]LogBlueprintUserMessages: [2DSideScrollerCharacter_254] Right
[2017.02.23-04.54.28:468][743]LogBlueprintUserMessages: [2DSideScrollerCharacter_254] Right
[2017.02.23-04.54.28:485][744]LogBlueprintUserMessages: [2DSideScrollerCharacter_254] Right
[2017.02.23-04.54.28:500][745]LogBlueprintUserMessages: [2DSideScrollerCharacter_254] Right
[2017.02.23-04.54.28:517][746]LogBlueprintUserMessages: [2DSideScrollerCharacter_254] Right
[2017.02.23-04.54.28:533][747]LogBlueprintUserMessages: [2DSideScrollerCharacter_254] Right
[2017.02.23-04.54.28:549][748]LogBlueprintUserMessages: [2DSideScrollerCharacter_254] Right
[2017.02.23-04.54.28:565][749]LogBlueprintUserMessages: [2DSideScrollerCharacter_254] Right
[2017.02.23-04.54.28:581][750]LogBlueprintUserMessages: [2DSideScrollerCharacter_254] Right
[2017.02.23-04.54.28:597][751]LogBlueprintUserMessages: [2DSideScrollerCharacter_254] Right
[2017.02.23-04.54.28:613][752]LogBlueprintUserMessages: [2DSideScrollerCharacter_254] Right
[2017.02.23-04.54.28:629][753]LogBlueprintUserMessages: [2DSideScrollerCharacter_254] Right
[2017.02.23-04.54.28:646][754]LogBlueprintUserMessages: [2DSideScrollerCharacter_254] Right
[2017.02.23-04.54.28:662][755]LogBlueprintUserMessages: [2DSideScrollerCharacter_254] Right
[2017.02.23-04.54.28:678][756]LogBlueprintUserMessages: [2DSideScrollerCharacter_254] Right
[2017.02.23-04.54.28:694][757]LogBlueprintUserMessages: [2DSideScrollerCharacter_254] Right
[2017.02.23-04.54.28:710][758]LogBlueprintUserMessages: [2DSideScrollerCharacter_254] Right
[2017.02.23-04.54.28:726][759]LogBlueprintUserMessages: [2DSideScrollerCharacter_254] Right
[2017.02.23-04.54.28:742][760]LogBlueprintUserMessages: [2DSideScrollerCharacter_254] Right
[2017.02.23-04.54.28:759][761]LogBlueprintUserMessages: [2DSideScrollerCharacter_254] Right
[2017.02.23-04.54.28:775][762]LogBlueprintUserMessages: [2DSideScrollerCharacter_254] Right
[2017.02.23-04.54.28:791][763]LogBlueprintUserMessages: [2DSideScrollerCharacter_254] Right
[2017.02.23-04.54.28:807][764]LogBlueprintUserMessages: [2DSideScrollerCharacter_254] Right
[2017.02.23-04.54.28:823][765]LogBlueprintUserMessages: [2DSideScrollerCharacter_254] Right
[2017.02.23-04.54.28:839][766]LogBlueprintUserMessages: [2DSideScrollerCharacter_254] Right
[2017.02.23-04.54.28:855][767]LogBlueprintUserMessages: [2DSideScrollerCharacter_254] Right
[2017.02.23-04.54.28:871][768]LogBlueprintUserMessages: [2DSideScrollerCharacter_254] Right
[2017.02.23-04.54.28:888][769]LogBlueprintUserMessages: [2DSideScrollerCharacter_254] Right
[2017.02.23-04.54.28:903][770]LogBlueprintUserMessages: [2DSideScrollerCharacter_254] Right
[2017.02.23-04.54.28:920][771]LogBlueprintUserMessages: [2DSideScrollerCharacter_254] Right
[2017.02.23-04.54.29:032][778]LogBlueprintUserMessages: [2DSideScrollerCharacter_254] Right
[2017.02.23-04.54.29:048][779]LogBlueprintUserMessages: [2DSideScrollerCharacter_254] Right
[2017.02.23-04.54.29:065][780]LogBlueprintUserMessages: [2DSideScrollerCharacter_254] Right
[2017.02.23-04.54.29:081][781]LogBlueprintUserMessages: [2DSideScrollerCharacter_254] Right
[2017.02.23-04.54.29:097][782]LogBlueprintUserMessages: [2DSideScrollerCharacter_254] Right
[2017.02.23-04.54.29:113][783]LogBlueprintUserMessages: [2DSideScrollerCharacter_254] Right
[2017.02.23-04.54.29:129][784]LogBlueprintUserMessages: [2DSideScrollerCharacter_254] Right
[2017.02.23-04.54.29:146][785]LogBlueprintUserMessages: [2DSideScrollerCharacter_254] Right
[2017.02.23-04.54.29:161][786]LogBlueprintUserMessages: [2DSideScrollerCharacter_254] Right
[2017.02.23-04.54.29:178][787]LogBlueprintUserMessages: [2DSideScrollerCharacter_254] Right
[2017.02.23-04.54.29:194][788]LogBlueprintUserMessages: [2DSideScrollerCharacter_254] Right
[2017.02.23-04.54.29:210][789]LogBlueprintUserMessages: [2DSideScrollerCharacter_254] Right
[2017.02.23-04.54.29:226][790]LogBlueprintUserMessages: [2DSideScrollerCharacter_254] Right
[2017.02.23-04.54.29:242][791]LogBlueprintUserMessages: [2DSideScrollerCharacter_254] Right
[2017.02.23-04.54.29:258][792]LogBlueprintUserMessages: [2DSideScrollerCharacter_254] Right
[2017.02.23-04.54.29:275][793]LogBlueprintUserMessages: [2DSideScrollerCharacter_254] Right
[2017.02.23-04.54.29:290][794]LogBlueprintUserMessages: [2DSideScrollerCharacter_254] Right
[2017.02.23-04.54.29:306][795]LogBlueprintUserMessages: [2DSideScrollerCharacter_254] Right
[2017.02.23-04.54.29:322][796]LogBlueprintUserMessages: [2DSideScrollerCharacter_254] Right
[2017.02.23-04.54.29:339][797]LogBlueprintUserMessages: [2DSideScrollerCharacter_254] Right
[2017.02.23-04.54.29:355][798]LogBlueprintUserMessages: [2DSideScrollerCharacter_254] Right
[2017.02.23-04.54.29:371][799]LogBlueprintUserMessages: [2DSideScrollerCharacter_254] Right
[2017.02.23-04.54.29:387][800]LogBlueprintUserMessages: [2DSideScrollerCharacter_254] Right
[2017.02.23-04.54.29:404][801]LogBlueprintUserMessages: [2DSideScrollerCharacter_254] Right
[2017.02.23-04.54.29:420][802]LogBlueprintUserMessages: [2DSideScrollerCharacter_254] Right
[2017.02.23-04.54.29:436][803]LogBlueprintUserMessages: [2DSideScrollerCharacter_254] Right
[2017.02.23-04.54.29:452][804]LogBlueprintUserMessages: [2DSideScrollerCharacter_254] Right
[2017.02.23-04.54.29:468][805]LogBlueprintUserMessages: [2DSideScrollerCharacter_254] Right
[2017.02.23-04.54.29:484][806]LogBlueprintUserMessages: [2DSideScrollerCharacter_254] Right
[2017.02.23-04.54.29:500][807]LogBlueprintUserMessages: [2DSideScrollerCharacter_254] Right
[2017.02.23-04.54.29:516][808]LogBlueprintUserMessages: [2DSideScrollerCharacter_254] Right
[2017.02.23-04.54.29:531][809]LogBlueprintUserMessages: [2DSideScrollerCharacter_254] Right
[2017.02.23-04.54.32:801][ 11]Closing by request
[2017.02.23-04.54.32:801][ 11]LogWindows: FPlatformMisc::RequestExit(0)
[2017.02.23-04.54.32:802][ 12]LogMoviePlayer: Shutting down movie player
[2017.02.23-04.54.33:686][ 12]LogWindowsTextInputMethodSystem:Display: IME system now deactivated.
[2017.02.23-04.54.33:697][ 12]LogExit: Preparing to exit.
[2017.02.23-04.54.34:490][ 12]LogExit: Game engine shut down
[2017.02.23-04.54.34:578][ 12]LogObj: Freed 0b from 0 cluster array pools.
[2017.02.23-04.54.34:578][ 12]LogExit: Object subsystem successfully closed.
[2017.02.23-04.54.34:593][ 12]LogD3D11RHI: Shutdown
[2017.02.23-04.54.34:593][ 12]LogD3D11RHI: CleanupD3DDevice
[2017.02.23-04.54.34:614][ 12]LogD3D11RHI: ~FD3D11DynamicRHI
[2017.02.23-04.54.34:623][ 12]LogModuleManager: Shutting down and abandoning module SequenceRecorderSections (119)
[2017.02.23-04.54.34:623][ 12]LogModuleManager: Shutting down and abandoning module SequenceRecorder (118)
[2017.02.23-04.54.34:623][ 12]LogModuleManager: Shutting down and abandoning module AutomationController (117)
[2017.02.23-04.54.34:623][ 12]LogModuleManager: Shutting down and abandoning module AutomationWorker (116)
[2017.02.23-04.54.34:623][ 12]LogModuleManager: Shutting down and abandoning module GameplayDebugger (115)
[2017.02.23-04.54.34:623][ 12]LogModuleManager: Shutting down and abandoning module AITestSuite (114)
[2017.02.23-04.54.34:623][ 12]LogModuleManager: Shutting down and abandoning module AIModule (113)
[2017.02.23-04.54.34:623][ 12]LogModuleManager: Shutting down and abandoning module WmfMediaFactory (112)
[2017.02.23-04.54.34:623][ 12]LogModuleManager: Shutting down and abandoning module AvfMediaFactory (111)
[2017.02.23-04.54.34:623][ 12]LogModuleManager: Shutting down and abandoning module Media (110)
[2017.02.23-04.54.34:623][ 12]LogModuleManager: Shutting down and abandoning module AndroidMediaFactory (109)
[2017.02.23-04.54.34:623][ 12]LogModuleManager: Shutting down and abandoning module CharacterAI (108)
[2017.02.23-04.54.34:623][ 12]LogModuleManager: Shutting down and abandoning module SessionServices (107)
[2017.02.23-04.54.34:623][ 12]LogModuleManager: Shutting down and abandoning module MovieSceneCapture (106)
[2017.02.23-04.54.34:623][ 12]LogModuleManager: Shutting down and abandoning module Niagara (105)
[2017.02.23-04.54.34:623][ 12]LogModuleManager: Shutting down and abandoning module StreamingPauseRendering (104)
[2017.02.23-04.54.34:623][ 12]LogModuleManager: Shutting down and abandoning module PortalServices (103)
[2017.02.23-04.54.34:623][ 12]LogModuleManager: Shutting down and abandoning module PortalRpc (102)
[2017.02.23-04.54.34:623][ 12]LogModuleManager: Shutting down and abandoning module MessagingRpc (101)
[2017.02.23-04.54.34:623][ 12]LogModuleManager: Shutting down and abandoning module ProfilerService (100)
[2017.02.23-04.54.34:644][ 12]LogModuleManager: Shutting down and abandoning module TaskGraph (99)
[2017.02.23-04.54.34:644][ 12]LogModuleManager: Shutting down and abandoning module SlateRemote (98)
[2017.02.23-04.54.34:644][ 12]LogModuleManager: Shutting down and abandoning module SteamVRController (97)
[2017.02.23-04.54.34:644][ 12]LogModuleManager: Shutting down and abandoning module SteamVR (96)
[2017.02.23-04.54.34:644][ 12]LogModuleManager: Shutting down and abandoning module ProceduralMeshComponent (95)
[2017.02.23-04.54.34:644][ 12]LogModuleManager: Shutting down and abandoning module OculusLibrary (94)
[2017.02.23-04.54.34:644][ 12]LogModuleManager: Shutting down and abandoning module OculusInput (93)
[2017.02.23-04.54.34:644][ 12]LogModuleManager: Shutting down and abandoning module CustomMeshComponent (92)
[2017.02.23-04.54.34:645][ 12]LogModuleManager: Shutting down and abandoning module CableComponent (91)
[2017.02.23-04.54.34:645][ 12]LogModuleManager: Shutting down and abandoning module ArchVisCharacter (90)
[2017.02.23-04.54.34:645][ 12]LogModuleManager: Shutting down and abandoning module HTML5Networking (88)
[2017.02.23-04.54.34:645][ 12]LogModuleManager: Shutting down and abandoning module DesktopPlatform (87)
[2017.02.23-04.54.34:645][ 12]LogModuleManager: Shutting down and abandoning module DirectoryWatcher (86)
[2017.02.23-04.54.34:645][ 12]LogModuleManager: Shutting down and abandoning module HotReload (85)
[2017.02.23-04.54.34:645][ 12]LogModuleManager: Shutting down and abandoning module VisualStudioSourceCodeAccess (84)
[2017.02.23-04.54.34:645][ 12]LogModuleManager: Shutting down and abandoning module UObjectPlugin (83)
[2017.02.23-04.54.34:645][ 12]LogModuleManager: Shutting down and abandoning module SubversionSourceControl (82)
[2017.02.23-04.54.34:645][ 12]LogModuleManager: Shutting down and abandoning module SourceControl (81)
[2017.02.23-04.54.34:645][ 12]LogModuleManager: Shutting down and abandoning module PerforceSourceControl (80)
[2017.02.23-04.54.34:645][ 12]LogModuleManager: Shutting down and abandoning module UdpMessaging (79)
[2017.02.23-04.54.34:745][ 12]LogModuleManager: Shutting down and abandoning module TcpMessaging (78)
[2017.02.23-04.54.35:342][ 12]LogModuleManager: Shutting down and abandoning module LightPropagationVolumeRuntime (77)
[2017.02.23-04.54.35:342][ 12]LogModuleManager: Shutting down and abandoning module Paper2D (76)
[2017.02.23-04.54.35:342][ 12]LogModuleManager: Shutting down and abandoning module WindowsMoviePlayer (75)
[2017.02.23-04.54.35:342][ 12]LogModuleManager: Shutting down and abandoning module WmfMedia (74)
[2017.02.23-04.54.35:342][ 12]LogModuleManager: Shutting down and abandoning module MediaAssets (73)
[2017.02.23-04.54.35:342][ 12]LogModuleManager: Shutting down and abandoning module GameLiveStreaming (72)
[2017.02.23-04.54.35:342][ 12]LogModuleManager: Shutting down and abandoning module GameplayTagsEditor (71)
[2017.02.23-04.54.35:342][ 12]LogModuleManager: Shutting down and abandoning module VREditor (70)
[2017.02.23-04.54.35:342][ 12]LogModuleManager: Shutting down and abandoning module GameplayTasksEditor (69)
[2017.02.23-04.54.35:342][ 12]LogModuleManager: Shutting down and abandoning module PropertyEditor (68)
[2017.02.23-04.54.35:342][ 12]LogModuleManager: Shutting down and abandoning module BehaviorTreeEditor (67)
[2017.02.23-04.54.35:342][ 12]LogModuleManager: Shutting down and abandoning module FunctionalTesting (66)
[2017.02.23-04.54.35:342][ 12]LogModuleManager: Shutting down and abandoning module CollisionAnalyzer (65)
[2017.02.23-04.54.35:343][ 12]LogModuleManager: Shutting down and abandoning module Sequencer (64)
[2017.02.23-04.54.35:343][ 12]LogModuleManager: Shutting down and abandoning module WorkspaceMenuStructure (63)
[2017.02.23-04.54.35:343][ 12]LogModuleManager: Shutting down and abandoning module MessageLog (62)
[2017.02.23-04.54.35:343][ 12]LogModuleManager: Shutting down and abandoning module AssetTools (61)
[2017.02.23-04.54.35:343][ 12]LogModuleManager: Shutting down and abandoning module UMGEditor (60)
[2017.02.23-04.54.35:343][ 12]LogModuleManager: Shutting down and abandoning module UMG (59)
[2017.02.23-04.54.35:343][ 12]LogModuleManager: Shutting down and abandoning module SlateReflector (58)
[2017.02.23-04.54.35:343][ 12]LogModuleManager: Shutting down and abandoning module Slate (57)
[2017.02.23-04.54.35:343][ 12]LogModuleManager: Shutting down and abandoning module EditorStyle (56)
[2017.02.23-04.54.35:344][ 12]LogModuleManager: Shutting down and abandoning module Messaging (55)
[2017.02.23-04.54.35:344][ 12]LogModuleManager: Shutting down and abandoning module SourceCodeAccess (54)
[2017.02.23-04.54.35:344][ 12]LogModuleManager: Shutting down and abandoning module HeadMountedDisplay (53)
[2017.02.23-04.54.35:344][ 12]LogModuleManager: Shutting down and abandoning module XAudio2 (52)
[2017.02.23-04.54.35:344][ 12]LogModuleManager: Shutting down and abandoning module Networking (50)
[2017.02.23-04.54.35:344][ 12]LogModuleManager: Shutting down and abandoning module Core (49)
[2017.02.23-04.54.35:344][ 12]LogModuleManager: Shutting down and abandoning module KismetCompiler (48)
[2017.02.23-04.54.35:344][ 12]LogModuleManager: Shutting down and abandoning module PhysXFormats (47)
[2017.02.23-04.54.35:345][ 12]LogModuleManager: Shutting down and abandoning module MeshUtilities (46)
[2017.02.23-04.54.35:345][ 12]LogModuleManager: Shutting down and abandoning module AssetRegistry (45)
[2017.02.23-04.54.35:345][ 12]LogModuleManager: Shutting down and abandoning module DerivedDataCache (44)
[2017.02.23-04.54.35:395][ 12]LogDerivedDataCache: Shutdown
[2017.02.23-04.54.35:395][ 12]LogModuleManager: Shutting down and abandoning module VulkanShaderFormat (43)
[2017.02.23-04.54.35:395][ 12]LogModuleManager: Shutting down and abandoning module ShaderFormatOpenGL (42)
[2017.02.23-04.54.35:395][ 12]LogModuleManager: Shutting down and abandoning module ShaderFormatD3D (41)
[2017.02.23-04.54.35:395][ 12]LogModuleManager: Shutting down and abandoning module MetalShaderFormat (40)
[2017.02.23-04.54.35:395][ 12]LogModuleManager: Shutting down and abandoning module TextureFormatUncompressed (39)
[2017.02.23-04.54.35:395][ 12]LogModuleManager: Shutting down and abandoning module TextureFormatPVR (38)
[2017.02.23-04.54.35:395][ 12]LogModuleManager: Shutting down and abandoning module TextureFormatDXT (37)
[2017.02.23-04.54.35:395][ 12]LogModuleManager: Shutting down and abandoning module TextureFormatIntelISPCTexComp (36)
[2017.02.23-04.54.35:395][ 12]LogModuleManager: Shutting down and abandoning module ImageWrapper (35)
[2017.02.23-04.54.35:395][ 12]LogModuleManager: Shutting down and abandoning module TextureFormatASTC (34)
[2017.02.23-04.54.35:395][ 12]LogModuleManager: Shutting down and abandoning module TextureFormatAndroid (33)
[2017.02.23-04.54.35:395][ 12]LogModuleManager: Shutting down and abandoning module AudioFormatOpus (32)
[2017.02.23-04.54.35:395][ 12]LogModuleManager: Shutting down and abandoning module AudioFormatOgg (31)
[2017.02.23-04.54.35:395][ 12]LogModuleManager: Shutting down and abandoning module AudioFormatADPCM (30)
[2017.02.23-04.54.35:395][ 12]LogModuleManager: Shutting down and abandoning module WindowsTargetPlatform (29)
[2017.02.23-04.54.35:395][ 12]LogModuleManager: Shutting down and abandoning module WindowsServerTargetPlatform (28)
[2017.02.23-04.54.35:395][ 12]LogModuleManager: Shutting down and abandoning module WindowsNoEditorTargetPlatform (27)
[2017.02.23-04.54.35:395][ 12]LogModuleManager: Shutting down and abandoning module WindowsClientTargetPlatform (26)
[2017.02.23-04.54.35:395][ 12]LogModuleManager: Shutting down and abandoning module TargetPlatform (25)
[2017.02.23-04.54.35:395][ 12]LogModuleManager: Shutting down and abandoning module InputCore (24)
[2017.02.23-04.54.35:395][ 12]LogModuleManager: Shutting down and abandoning module Settings (23)
[2017.02.23-04.54.35:395][ 12]LogModuleManager: Shutting down and abandoning module OculusRift (22)
[2017.02.23-04.54.35:395][ 12]LogModuleManager: Shutting down and abandoning module GearVR (21)
[2017.02.23-04.54.35:395][ 12]LogModuleManager: Shutting down and abandoning module ExampleDeviceProfileSelector (20)
[2017.02.23-04.54.35:395][ 12]LogModuleManager: Shutting down and abandoning module OnlineBlueprintSupport (19)
[2017.02.23-04.54.35:395][ 12]LogModuleManager: Shutting down and abandoning module OnlineSubsystem (17)
[2017.02.23-04.54.35:395][ 12]LogOnline:Display: Unloading online subsystem: NULL
[2017.02.23-04.54.35:395][ 12]LogModuleManager: Shutting down and abandoning module HTTP (16)
[2017.02.23-04.54.35:422][ 12]LogModuleManager: Shutting down and abandoning module XMPP (15)
[2017.02.23-04.54.35:422][ 12]LogModuleManager: Shutting down and abandoning module TextureCompressor (14)
[2017.02.23-04.54.35:422][ 12]LogModuleManager: Shutting down and abandoning module ShaderCore (13)
[2017.02.23-04.54.35:422][ 12]LogModuleManager: Shutting down and abandoning module Landscape (12)
[2017.02.23-04.54.35:422][ 12]LogModuleManager: Shutting down and abandoning module SlateRHIRenderer (11)
[2017.02.23-04.54.35:422][ 12]LogModuleManager: Shutting down and abandoning module OpenGLDrv (10)
[2017.02.23-04.54.35:422][ 12]LogModuleManager: Shutting down and abandoning module D3D11RHI (9)
[2017.02.23-04.54.35:422][ 12]LogModuleManager: Shutting down and abandoning module AnimGraphRuntime (8)
[2017.02.23-04.54.35:422][ 12]LogModuleManager: Shutting down and abandoning module Renderer (7)
[2017.02.23-04.54.35:422][ 12]LogModuleManager: Shutting down and abandoning module Engine (6)
[2017.02.23-04.54.35:422][ 12]LogModuleManager: Shutting down and abandoning module CoreUObject (5)
[2017.02.23-04.54.35:422][ 12]LogModuleManager: Shutting down and abandoning module NetworkFile (4)
[2017.02.23-04.54.35:422][ 12]LogModuleManager: Shutting down and abandoning module StreamingFile (3)
[2017.02.23-04.54.35:422][ 12]LogModuleManager: Shutting down and abandoning module SandboxFile (2)
[2017.02.23-04.54.35:422][ 12]LogModuleManager: Shutting down and abandoning module PakFile (1)
[2017.02.23-04.54.35:423][ 12]LogExit: Exiting.
[2017.02.23-04.54.35:424][ 12]Log file closed, 02/23/17 15:54:35
