Log file open, 02/23/17 15:56:44
LogInit:Display: Running engine for game: TouchInput
LogPlatformFile: Not using cached read wrapper
LogInit:Display: RandInit(2094909746) SRandInit(2094909746).
LogTaskGraph: Started task graph with 5 named threads and 8 total threads with 1 sets of task threads.
LogStats: Stats thread started at 0.072096
LogPluginManager: Loaded Plugin Paper2D, From C:/Program Files/Epic Games/UE_4.13/Engine/Plugins/2D/Paper2D/Paper2D.uplugin
LogPluginManager: Loaded Plugin LightPropagationVolume, From C:/Program Files/Epic Games/UE_4.13/Engine/Plugins/Blendables/LightPropagationVolume/LightPropagationVolume.uplugin
LogPluginManager: Loaded Plugin BlankPlugin, From C:/Program Files/Epic Games/UE_4.13/Engine/Plugins/Developer/BlankPlugin/BlankPlugin.uplugin
LogPluginManager: Loaded Plugin CodeLiteSourceCodeAccess, From C:/Program Files/Epic Games/UE_4.13/Engine/Plugins/Developer/CodeLiteSourceCodeAccess/CodeLiteSourceCodeAccess.uplugin
LogPluginManager: Loaded Plugin GitSourceControl, From C:/Program Files/Epic Games/UE_4.13/Engine/Plugins/Developer/GitSourceControl/GitSourceControl.uplugin
LogPluginManager: Loaded Plugin KDevelopSourceCodeAccess, From C:/Program Files/Epic Games/UE_4.13/Engine/Plugins/Developer/KDevelopSourceCodeAccess/KDevelopSourceCodeAccess.uplugin
LogPluginManager: Loaded Plugin NullSourceCodeAccess, From C:/Program Files/Epic Games/UE_4.13/Engine/Plugins/Developer/NullSourceCodeAccess/NullSourceCodeAccess.uplugin
LogPluginManager: Loaded Plugin OneSkyLocalizationService, From C:/Program Files/Epic Games/UE_4.13/Engine/Plugins/Developer/OneSkyLocalizationService/OneSkyLocalizationService.uplugin
LogPluginManager: Loaded Plugin PerforceSourceControl, From C:/Program Files/Epic Games/UE_4.13/Engine/Plugins/Developer/PerforceSourceControl/PerforceSourceControl.uplugin
LogPluginManager: Loaded Plugin SubversionSourceControl, From C:/Program Files/Epic Games/UE_4.13/Engine/Plugins/Developer/SubversionSourceControl/SubversionSourceControl.uplugin
LogPluginManager: Loaded Plugin UObjectPlugin, From C:/Program Files/Epic Games/UE_4.13/Engine/Plugins/Developer/UObjectPlugin/UObjectPlugin.uplugin
LogPluginManager: Loaded Plugin VisualStudioSourceCodeAccess, From C:/Program Files/Epic Games/UE_4.13/Engine/Plugins/Developer/VisualStudioSourceCodeAccess/VisualStudioSourceCodeAccess.uplugin
LogPluginManager: Loaded Plugin XCodeSourceCodeAccess, From C:/Program Files/Epic Games/UE_4.13/Engine/Plugins/Developer/XCodeSourceCodeAccess/XCodeSourceCodeAccess.uplugin
LogPluginManager: Loaded Plugin EpicSurvey, From C:/Program Files/Epic Games/UE_4.13/Engine/Plugins/Editor/EpicSurvey/EpicSurvey.uplugin
LogPluginManager: Loaded Plugin MacGraphicsSwitching, From C:/Program Files/Epic Games/UE_4.13/Engine/Plugins/Editor/MacGraphicsSwitching/MacGraphicsSwitching.uplugin
LogPluginManager: Loaded Plugin MobileLauncherProfileWizard, From C:/Program Files/Epic Games/UE_4.13/Engine/Plugins/Editor/MobileLauncherProfileWizard/MobileLauncherProfileWizard.uplugin
LogPluginManager: Loaded Plugin PluginBrowser, From C:/Program Files/Epic Games/UE_4.13/Engine/Plugins/Editor/PluginBrowser/PluginBrowser.uplugin
LogPluginManager: Loaded Plugin SpeedTreeImporter, From C:/Program Files/Epic Games/UE_4.13/Engine/Plugins/Editor/SpeedTreeImporter/SpeedTreeImporter.uplugin
LogPluginManager: Loaded Plugin SuperSearchEditor, From C:/Program Files/Epic Games/UE_4.13/Engine/Plugins/Editor/SuperSearchEditor/SuperSearchEditor.uplugin
LogPluginManager: Loaded Plugin AlembicImporter, From C:/Program Files/Epic Games/UE_4.13/Engine/Plugins/Experimental/AlembicImporter/AlembicImporter.uplugin
LogPluginManager: Loaded Plugin BlueprintStats, From C:/Program Files/Epic Games/UE_4.13/Engine/Plugins/Experimental/BlueprintStats/BlueprintStats.uplugin
LogPluginManager: Loaded Plugin CharacterAI, From C:/Program Files/Epic Games/UE_4.13/Engine/Plugins/Experimental/CharacterAI/CharacterAI.uplugin
LogPluginManager: Loaded Plugin CodeEditor, From C:/Program Files/Epic Games/UE_4.13/Engine/Plugins/Experimental/CodeEditor/CodeEditor.uplugin
LogPluginManager: Loaded Plugin CodeView, From C:/Program Files/Epic Games/UE_4.13/Engine/Plugins/Experimental/CodeView/CodeView.uplugin
LogPluginManager: Loaded Plugin HTML5Networking, From C:/Program Files/Epic Games/UE_4.13/Engine/Plugins/Experimental/HTML5Networking/HTML5Networking.uplugin
LogPluginManager: Loaded Plugin LiveEditor, From C:/Program Files/Epic Games/UE_4.13/Engine/Plugins/Experimental/LiveEditor/LiveEditor.uplugin
LogPluginManager: Loaded Plugin OSVR, From C:/Program Files/Epic Games/UE_4.13/Engine/Plugins/Experimental/OSVR/OSVR.uplugin
LogPluginManager: Loaded Plugin Phya, From C:/Program Files/Epic Games/UE_4.13/Engine/Plugins/Experimental/Phya/Phya.uplugin
LogPluginManager: Loaded Plugin SignificanceManager, From C:/Program Files/Epic Games/UE_4.13/Engine/Plugins/Experimental/SignificanceManager/SignificanceManager.uplugin
LogPluginManager: Loaded Plugin SimpleHMD, From C:/Program Files/Epic Games/UE_4.13/Engine/Plugins/Experimental/SimpleHMD/SimpleHMD.uplugin
LogPluginManager: Loaded Plugin StereoPanorama, From C:/Program Files/Epic Games/UE_4.13/Engine/Plugins/Experimental/StereoPanorama/StereoPanorama.uplugin
LogPluginManager: Loaded Plugin StructBox, From C:/Program Files/Epic Games/UE_4.13/Engine/Plugins/Experimental/StructBox/StructBox.uplugin
LogPluginManager: Loaded Plugin AndroidMedia, From C:/Program Files/Epic Games/UE_4.13/Engine/Plugins/Media/AndroidMedia/AndroidMedia.uplugin
LogPluginManager: Loaded Plugin AvfMedia, From C:/Program Files/Epic Games/UE_4.13/Engine/Plugins/Media/AvfMedia/AvfMedia.uplugin
LogPluginManager: Loaded Plugin MediaPlayerEditor, From C:/Program Files/Epic Games/UE_4.13/Engine/Plugins/Media/MediaPlayerEditor/MediaPlayerEditor.uplugin
LogPluginManager: Loaded Plugin WmfMedia, From C:/Program Files/Epic Games/UE_4.13/Engine/Plugins/Media/WmfMedia/WmfMedia.uplugin
LogPluginManager: Loaded Plugin MessagingDebugger, From C:/Program Files/Epic Games/UE_4.13/Engine/Plugins/Messaging/MessagingDebugger/MessagingDebugger.uplugin
LogPluginManager: Loaded Plugin TcpMessaging, From C:/Program Files/Epic Games/UE_4.13/Engine/Plugins/Messaging/TcpMessaging/TcpMessaging.uplugin
LogPluginManager: Loaded Plugin UdpMessaging, From C:/Program Files/Epic Games/UE_4.13/Engine/Plugins/Messaging/UdpMessaging/UdpMessaging.uplugin
LogPluginManager: Loaded Plugin LevelSequenceEditor, From C:/Program Files/Epic Games/UE_4.13/Engine/Plugins/MovieScene/LevelSequenceEditor/LevelSequenceEditor.uplugin
LogPluginManager: Loaded Plugin MatineeToLevelSequence, From C:/Program Files/Epic Games/UE_4.13/Engine/Plugins/MovieScene/MatineeToLevelSequence/MatineeToLevelSequence.uplugin
LogPluginManager: Loaded Plugin NetcodeUnitTest, From C:/Program Files/Epic Games/UE_4.13/Engine/Plugins/NetcodeUnitTest/NetcodeUnitTest/NetcodeUnitTest.uplugin
LogPluginManager: Loaded Plugin NUTUnrealEngine4, From C:/Program Files/Epic Games/UE_4.13/Engine/Plugins/NetcodeUnitTest/NUTUnrealEngine4/NUTUnrealEngine4.uplugin
LogPluginManager: Loaded Plugin OnlineSubsystemGooglePlay, From C:/Program Files/Epic Games/UE_4.13/Engine/Plugins/Online/Android/OnlineSubsystemGooglePlay/OnlineSubsystemGooglePlay.uplugin
LogPluginManager: Loaded Plugin OnlineSubsystemIOS, From C:/Program Files/Epic Games/UE_4.13/Engine/Plugins/Online/IOS/OnlineSubsystemIOS/OnlineSubsystemIOS.uplugin
LogPluginManager: Loaded Plugin OnlineFramework, From C:/Program Files/Epic Games/UE_4.13/Engine/Plugins/Online/OnlineFramework/OnlineFramework.uplugin
LogPluginManager: Loaded Plugin OnlineSubsystem, From C:/Program Files/Epic Games/UE_4.13/Engine/Plugins/Online/OnlineSubsystem/OnlineSubsystem.uplugin
LogPluginManager: Loaded Plugin OnlineSubsystemAmazon, From C:/Program Files/Epic Games/UE_4.13/Engine/Plugins/Online/OnlineSubsystemAmazon/OnlineSubsystemAmazon.uplugin
LogPluginManager: Loaded Plugin OnlineSubsystemFacebook, From C:/Program Files/Epic Games/UE_4.13/Engine/Plugins/Online/OnlineSubsystemFacebook/OnlineSubsystemFacebook.uplugin
LogPluginManager: Loaded Plugin OnlineSubsystemNull, From C:/Program Files/Epic Games/UE_4.13/Engine/Plugins/Online/OnlineSubsystemNull/OnlineSubsystemNull.uplugin
LogPluginManager: Loaded Plugin OnlineSubsystemOculus, From C:/Program Files/Epic Games/UE_4.13/Engine/Plugins/Online/OnlineSubsystemOculus/OnlineSubsystemOculus.uplugin
LogPluginManager: Loaded Plugin OnlineSubsystemSteam, From C:/Program Files/Epic Games/UE_4.13/Engine/Plugins/Online/OnlineSubsystemSteam/OnlineSubsystemSteam.uplugin
LogPluginManager: Loaded Plugin OnlineSubsystemUtils, From C:/Program Files/Epic Games/UE_4.13/Engine/Plugins/Online/OnlineSubsystemUtils/OnlineSubsystemUtils.uplugin
LogPluginManager: Loaded Plugin IOSTapJoy, From C:/Program Files/Epic Games/UE_4.13/Engine/Plugins/Runtime/Advertising/IOSTapJoy/IOSTapJoy.uplugin
LogPluginManager: Loaded Plugin AnalyticsBlueprintLibrary, From C:/Program Files/Epic Games/UE_4.13/Engine/Plugins/Runtime/Analytics/AnalyticsBlueprintLibrary/AnalyticsBlueprintLibrary.uplugin
LogPluginManager: Loaded Plugin AnalyticsMulticast, From C:/Program Files/Epic Games/UE_4.13/Engine/Plugins/Runtime/Analytics/AnalyticsMulticast/AnalyticsMulticast.uplugin
LogPluginManager: Loaded Plugin Apsalar, From C:/Program Files/Epic Games/UE_4.13/Engine/Plugins/Runtime/Analytics/Apsalar/Apsalar.uplugin
LogPluginManager: Loaded Plugin FileLogging, From C:/Program Files/Epic Games/UE_4.13/Engine/Plugins/Runtime/Analytics/FileLogging/FileLogging.uplugin
LogPluginManager: Loaded Plugin Flurry, From C:/Program Files/Epic Games/UE_4.13/Engine/Plugins/Runtime/Analytics/Flurry/Flurry.uplugin
LogPluginManager: Loaded Plugin AndroidDeviceProfileSelector, From C:/Program Files/Epic Games/UE_4.13/Engine/Plugins/Runtime/AndroidDeviceProfileSelector/AndroidDeviceProfileSelector.uplugin
LogPluginManager: Loaded Plugin AndroidMoviePlayer, From C:/Program Files/Epic Games/UE_4.13/Engine/Plugins/Runtime/AndroidMoviePlayer/AndroidMoviePlayer.uplugin
LogPluginManager: Loaded Plugin AppleMoviePlayer, From C:/Program Files/Epic Games/UE_4.13/Engine/Plugins/Runtime/AppleMoviePlayer/AppleMoviePlayer.uplugin
LogPluginManager: Loaded Plugin ArchVisCharacter, From C:/Program Files/Epic Games/UE_4.13/Engine/Plugins/Runtime/ArchVisCharacter/ArchVisCharacter.uplugin
LogPluginManager: Loaded Plugin CableComponent, From C:/Program Files/Epic Games/UE_4.13/Engine/Plugins/Runtime/CableComponent/CableComponent.uplugin
LogPluginManager: Loaded Plugin CustomMeshComponent, From C:/Program Files/Epic Games/UE_4.13/Engine/Plugins/Runtime/CustomMeshComponent/CustomMeshComponent.uplugin
LogPluginManager: Loaded Plugin ExampleDeviceProfileSelector, From C:/Program Files/Epic Games/UE_4.13/Engine/Plugins/Runtime/ExampleDeviceProfileSelector/ExampleDeviceProfileSelector.uplugin
LogPluginManager: Loaded Plugin GearVR, From C:/Program Files/Epic Games/UE_4.13/Engine/Plugins/Runtime/GearVR/GearVR.uplugin
LogPluginManager: Loaded Plugin GoogleVRController, From C:/Program Files/Epic Games/UE_4.13/Engine/Plugins/Runtime/GoogleVR/GoogleVRController/GoogleVRController.uplugin
LogPluginManager: Loaded Plugin GoogleVRHMD, From C:/Program Files/Epic Games/UE_4.13/Engine/Plugins/Runtime/GoogleVR/GoogleVRHMD/GoogleVRHMD.uplugin
LogPluginManager: Loaded Plugin IOSDeviceProfileSelector, From C:/Program Files/Epic Games/UE_4.13/Engine/Plugins/Runtime/IOSDeviceProfileSelector/IOSDeviceProfileSelector.uplugin
LogPluginManager: Loaded Plugin LeapMotion, From C:/Program Files/Epic Games/UE_4.13/Engine/Plugins/Runtime/LeapMotion/LeapMotion.uplugin
LogPluginManager: Loaded Plugin LinuxDeviceProfileSelector, From C:/Program Files/Epic Games/UE_4.13/Engine/Plugins/Runtime/LinuxDeviceProfileSelector/LinuxDeviceProfileSelector.uplugin
LogPluginManager: Loaded Plugin LiveEditorListenServer, From C:/Program Files/Epic Games/UE_4.13/Engine/Plugins/Runtime/LiveEditorListenServer/LiveEditorListenServer.uplugin
LogPluginManager: Loaded Plugin OculusAudio, From C:/Program Files/Epic Games/UE_4.13/Engine/Plugins/Runtime/OculusAudio/OculusAudio.uplugin
LogPluginManager: Loaded Plugin OculusInput, From C:/Program Files/Epic Games/UE_4.13/Engine/Plugins/Runtime/OculusInput/OculusInput.uplugin
LogPluginManager: Loaded Plugin OculusLibrary, From C:/Program Files/Epic Games/UE_4.13/Engine/Plugins/Runtime/OculusLibrary/OculusLibrary.uplugin
LogPluginManager: Loaded Plugin OculusRift, From C:/Program Files/Epic Games/UE_4.13/Engine/Plugins/Runtime/OculusRift/OculusRift.uplugin
LogPluginManager: Loaded Plugin Oodle, From C:/Program Files/Epic Games/UE_4.13/Engine/Plugins/Runtime/PacketHandlers/CompressionComponents/Oodle/Oodle.uplugin
LogPluginManager: Loaded Plugin ProceduralMeshComponent, From C:/Program Files/Epic Games/UE_4.13/Engine/Plugins/Runtime/ProceduralMeshComponent/ProceduralMeshComponent.uplugin
LogPluginManager: Loaded Plugin SoundMod, From C:/Program Files/Epic Games/UE_4.13/Engine/Plugins/Runtime/SoundMod/SoundMod.uplugin
LogPluginManager: Loaded Plugin SoundVisualizations, From C:/Program Files/Epic Games/UE_4.13/Engine/Plugins/Runtime/SoundVisualizations/SoundVisualizations.uplugin
LogPluginManager: Loaded Plugin SteamController, From C:/Program Files/Epic Games/UE_4.13/Engine/Plugins/Runtime/Steam/SteamController/SteamController.uplugin
LogPluginManager: Loaded Plugin SteamVR, From C:/Program Files/Epic Games/UE_4.13/Engine/Plugins/Runtime/Steam/SteamVR/SteamVR.uplugin
LogPluginManager: Loaded Plugin WebBrowserWidget, From C:/Program Files/Epic Games/UE_4.13/Engine/Plugins/Runtime/WebBrowserWidget/WebBrowserWidget.uplugin
LogPluginManager: Loaded Plugin WindowsDeviceProfileSelector, From C:/Program Files/Epic Games/UE_4.13/Engine/Plugins/Runtime/WindowsDeviceProfileSelector/WindowsDeviceProfileSelector.uplugin
LogPluginManager: Loaded Plugin WindowsMoviePlayer, From C:/Program Files/Epic Games/UE_4.13/Engine/Plugins/Runtime/WindowsMoviePlayer/WindowsMoviePlayer.uplugin
LogPluginManager: Loaded Plugin ScriptPlugin, From C:/Program Files/Epic Games/UE_4.13/Engine/Plugins/ScriptPlugin/ScriptPlugin.uplugin
LogPluginManager: Loaded Plugin SlateRemote, From C:/Program Files/Epic Games/UE_4.13/Engine/Plugins/Slate/SlateRemote/SlateRemote.uplugin
LogInit: Using libcurl 7.47.1
LogInit:  - built for x86_64-pc-win32
LogInit:  - supports SSL with WinSSL
LogInit:  - other features:
LogInit:      CURL_VERSION_SSL
LogInit:      CURL_VERSION_IPV6
LogInit:      CURL_VERSION_ASYNCHDNS
LogInit:      CURL_VERSION_LARGEFILE
LogInit:      CURL_VERSION_IDN
LogInit:  CurlRequestOptions (configurable via config and command line):
LogInit:  - bVerifyPeer = false  - Libcurl will NOT verify peer certificate
LogInit:  - bUseHttpProxy = false  - Libcurl will NOT use HTTP proxy
LogInit:  - bDontReuseConnections = false  - Libcurl will reuse connections
LogInit:  - CertBundlePath = nullptr  - Libcurl will use whatever was configured at build time.
LogInit: Build: ++UE4+Release-4.13-CL-3172292
LogInit: Engine Version: 4.13.2-3172292+++UE4+Release-4.13
LogInit: Compatible Engine Version: 4.13.0-3106830+++UE4+Release-4.13
LogInit: Net CL: 3172292
LogDevObjectVersion: Number of dev versions registered: 13
LogDevObjectVersion:   Dev-Blueprints (B0D832E4-1F89-4F0D-ACCF-7EB736FD4AA2): 5
LogDevObjectVersion:   Dev-Build (E1C64328-A22C-4D53-A36C-8E866417BD8C): 0
LogDevObjectVersion:   Dev-Core (375EC13C-06E4-48FB-B500-84F0262A717E): 1
LogDevObjectVersion:   Dev-Editor (E4B068ED-F494-42E9-A231-DA0B2E46BB41): 6
LogDevObjectVersion:   Dev-Framework (CFFC743F-43B0-4480-9391-14DF171D2073): 12
LogDevObjectVersion:   Dev-Mobile (B02B49B5-BB20-44E9-A304-32B752E40360): 0
LogDevObjectVersion:   Dev-Networking (A4E4105C-59A1-49B5-A7C5-40C4547EDFEE): 0
LogDevObjectVersion:   Dev-Online (39C831C9-5AE6-47DC-9A44-9C173E1C8E7C): 0
LogDevObjectVersion:   Dev-Physics (78F01B33-EBEA-4F98-B9B4-84EACCB95AA2): 0
LogDevObjectVersion:   Dev-Platform (6631380F-2D4D-43E0-8009-CF276956A95A): 0
LogDevObjectVersion:   Dev-Rendering (12F88B9F-8875-4AFC-A67C-D90C383ABD29): 4
LogDevObjectVersion:   Dev-Sequencer (7B5AE74C-D270-4C10-A958-57980B212A5A): 0
LogDevObjectVersion:   Dev-VR (D7296918-1DD6-4BDD-9DE2-64A83CC13884): 0
LogInit: Compiled (64-bit): Oct 24 2016 14:29:06
LogInit: Compiled with Visual C++: 19.00.23026.00
LogInit: Build Configuration: Development
LogInit: Branch Name: ++UE4+Release-4.13
LogInit: Command line:  /Temp/Autosaves/Game/2DSideScrollerBP/Maps/UEDPC2DSideScrollerExampleMap -game -PIEVIACONSOLE -ResX=1280 -ResY=720  -Multiprocess -windowed -messaging -SessionName="Play in Standalone Game" -featureleveles2 -faketouches 
LogInit: Base directory: C:/Program Files/Epic Games/UE_4.13/Engine/Binaries/Win64/
LogInit: Installed Engine Build: 1
LogInit: Presizing for max 8388607 objects, including 0 objects not considered by GC, pre-allocating 0 bytes for permanent pool.
LogInit: Object subsystem initialized
[2017.02.23-04.56.44:720][  0]LogInit: Selected Device Profile: [Windows]
[2017.02.23-04.56.44:720][  0]LogInit: Applying CVar settings loaded from the selected device profile: [Windows]
[2017.02.23-04.56.44:724][  0]LogInit: Computer: 7P5PF42
[2017.02.23-04.56.44:724][  0]LogInit: User: V201624468
[2017.02.23-04.56.44:724][  0]LogInit: CPU Page size=65536, Cores=4
[2017.02.23-04.56.44:724][  0]LogInit: High frequency timer resolution =3.515638 MHz
[2017.02.23-04.56.44:724][  0]LogMemory: Memory total: Physical=15.9GB (16GB approx)
[2017.02.23-04.56.44:724][  0]LogMemory: Platform Memory Stats for Windows
[2017.02.23-04.56.44:724][  0]LogMemory: Process Physical Memory: 255.36 MB used, 255.36 MB peak
[2017.02.23-04.56.44:724][  0]LogMemory: Process Virtual Memory: 260.00 MB used, 260.00 MB peak
[2017.02.23-04.56.44:724][  0]LogMemory: Physical Memory: 6128.26 MB used, 16298.84 MB total
[2017.02.23-04.56.44:724][  0]LogMemory: Virtual Memory: 622.95 MB used, 134217728.00 MB total
[2017.02.23-04.56.44:745][  0]LogTextLocalizationManager: No specific translations for ('en-AU') exist, so ('en') translations will be used.
[2017.02.23-04.56.45:081][  0]LogD3D11RHI: D3D11 adapters:
[2017.02.23-04.56.45:089][  0]LogD3D11RHI:    0. 'AMD Radeon(TM) R9 270' (Feature Level 11_0)
[2017.02.23-04.56.45:089][  0]LogD3D11RHI:       2030/0/8149 MB DedicatedVideo/DedicatedSystem/SharedSystem, Outputs:1, VendorId:0x1002
[2017.02.23-04.56.45:095][  0]LogD3D11RHI:    1. 'Intel(R) HD Graphics 4600' (Feature Level 11_0)
[2017.02.23-04.56.45:095][  0]LogD3D11RHI:       112/0/2048 MB DedicatedVideo/DedicatedSystem/SharedSystem, Outputs:0, VendorId:0x8086
[2017.02.23-04.56.45:096][  0]LogD3D11RHI:    2. 'Microsoft Basic Render Driver' (Feature Level 11_0)
[2017.02.23-04.56.45:096][  0]LogD3D11RHI:       0/0/8149 MB DedicatedVideo/DedicatedSystem/SharedSystem, Outputs:0, VendorId:0x1414
[2017.02.23-04.56.45:096][  0]LogD3D11RHI: Chosen D3D11 Adapter: 0
[2017.02.23-04.56.45:100][  0]LogD3D11RHI: Creating new Direct3DDevice
[2017.02.23-04.56.45:100][  0]LogD3D11RHI:     GPU DeviceId: 0x6811 (for the marketing name, search the web for "GPU Device Id")
[2017.02.23-04.56.45:100][  0]LogWindows: EnumDisplayDevices:
[2017.02.23-04.56.45:100][  0]LogWindows:    0. 'AMD Radeon(TM) R9 270' (P:1 D:1)
[2017.02.23-04.56.45:100][  0]LogWindows:    1. 'AMD Radeon(TM) R9 270' (P:0 D:0)
[2017.02.23-04.56.45:100][  0]LogWindows:    2. 'AMD Radeon(TM) R9 270' (P:0 D:0)
[2017.02.23-04.56.45:101][  0]LogWindows:    3. 'AMD Radeon(TM) R9 270' (P:0 D:0)
[2017.02.23-04.56.45:101][  0]LogWindows:    4. 'AMD Radeon(TM) R9 270' (P:0 D:0)
[2017.02.23-04.56.45:101][  0]LogWindows:    5. 'AMD Radeon(TM) R9 270' (P:0 D:0)
[2017.02.23-04.56.45:101][  0]LogWindows:    6. 'Intel(R) HD Graphics 4600' (P:0 D:0)
[2017.02.23-04.56.45:101][  0]LogWindows:    7. 'Intel(R) HD Graphics 4600' (P:0 D:0)
[2017.02.23-04.56.45:102][  0]LogWindows:    8. 'Intel(R) HD Graphics 4600' (P:0 D:0)
[2017.02.23-04.56.45:102][  0]LogWindows: DebugString: PrimaryIsNotTheChoosenAdapter PrimaryIsNotTheChoosenAdapter PrimaryIsNotTheChoosenAdapter FoundDriverCount:6 
[2017.02.23-04.56.45:102][  0]LogD3D11RHI:     Adapter Name: AMD Radeon(TM) R9 270
[2017.02.23-04.56.45:102][  0]LogD3D11RHI:   Driver Version: Crimson 15.11 (internal:15.301.1701.0, unified:15.301.1701.0)
[2017.02.23-04.56.45:102][  0]LogD3D11RHI:      Driver Date: 1-13-2016
[2017.02.23-04.56.45:102][  0]LogRHI: Texture pool is 1361 MB (70% of 1945 MB)
[2017.02.23-04.56.45:108][  0]LogD3D11RHI: Async texture creation enabled
[2017.02.23-04.56.45:119][  0]LogD3D11RHI: GPU Timing Frequency: 27.000000 (Debug: 2 1)
[2017.02.23-04.56.45:120][  0]LogShaderCompilers: Guid format shader working directory is -56 characters bigger than the processId version (../../../../../../Users/v201624468/Documents/GitHub/MobileDevelopment/Assignment5/ProjectFiles/TouchInput/Intermediate/Shaders/WorkingDirectory/8084/).
[2017.02.23-04.56.45:120][  0]LogShaderCompilers: Cleaned the shader compiler working directory 'C:/Users/V20162~1/AppData/Local/Temp/UnrealShaderWorkingDir/C41994764A7FE6DDCDFF0A9BE7B77E61/'.
[2017.02.23-04.56.45:120][  0]LogShaderCompilers:Display: Using Local Shader Compiler.
[2017.02.23-04.56.45:885][  0]LogTemp:Display: Loaded TP WindowsClientTargetPlatform
[2017.02.23-04.56.45:892][  0]LogTemp:Display: Loaded TP WindowsNoEditorTargetPlatform
[2017.02.23-04.56.45:899][  0]LogTemp:Display: Loaded TP WindowsServerTargetPlatform
[2017.02.23-04.56.45:906][  0]LogTemp:Display: Loaded TP WindowsTargetPlatform
[2017.02.23-04.56.45:906][  0]LogTargetPlatformManager:Display: Building Assets For Windows
[2017.02.23-04.56.45:970][  0]LogDerivedDataCache:Display: Max Cache Size: 512 MB
[2017.02.23-04.56.46:024][  0]LogDerivedDataCache: Loaded boot cache 0.05s 62MB C:/Users/v201624468/AppData/Local/UnrealEngine/4.13/DerivedDataCache/Boot.ddc.
[2017.02.23-04.56.46:024][  0]LogDerivedDataCache:Display: Loaded Boot cache: C:/Users/v201624468/AppData/Local/UnrealEngine/4.13/DerivedDataCache/Boot.ddc
[2017.02.23-04.56.46:024][  0]LogDerivedDataCache: FDerivedDataBackendGraph:  Pak pak cache file ../../../../../../Users/v201624468/Documents/GitHub/MobileDevelopment/Assignment5/ProjectFiles/TouchInput/DerivedDataCache/DDC.ddp not found, will not use a pak cache.
[2017.02.23-04.56.46:024][  0]LogDerivedDataCache: Unable to find inner node Pak for hierarchical cache Hierarchy.
[2017.02.23-04.56.46:024][  0]LogDerivedDataCache: FDerivedDataBackendGraph:  CompressedPak pak cache file ../../../../../../Users/v201624468/Documents/GitHub/MobileDevelopment/Assignment5/ProjectFiles/TouchInput/DerivedDataCache/Compressed.ddp not found, will not use a pak cache.
[2017.02.23-04.56.46:024][  0]LogDerivedDataCache: Unable to find inner node CompressedPak for hierarchical cache Hierarchy.
[2017.02.23-04.56.46:038][  0]LogDerivedDataCache:Display: Pak cache opened for reading ../../../Engine/DerivedDataCache/Compressed.ddp.
[2017.02.23-04.56.46:050][  0]LogDerivedDataCache: Using Local data cache path C:/Users/v201624468/AppData/Local/UnrealEngine/Common/DerivedDataCache: Writable
[2017.02.23-04.56.46:218][  0]LogAssetRegistry: FAssetRegistry took 0.0001 seconds to start up
[2017.02.23-04.56.46:223][  0]LogPackageLocalizationCache: Processed 3 localized package path(s) for 2 prioritized culture(s) in 0.005187 seconds
[2017.02.23-04.56.46:237][  0]LogInit: Selected Device Profile: [Windows]
[2017.02.23-04.56.46:238][  0]LogContentStreaming: Texture pool size is 1000.00 MB
[2017.02.23-04.56.46:301][  0]LogMeshUtilities: No automatic mesh reduction module available
[2017.02.23-04.56.46:301][  0]LogMeshUtilities: No automatic mesh merging module available
[2017.02.23-04.56.46:301][  0]LogMeshUtilities: No distributed automatic mesh merging module available
[2017.02.23-04.56.46:348][  0]LogMaterial: Uniform references updated for custom material expression Custom.
[2017.02.23-04.56.46:653][  0]LogNetVersion: GetLocalNetworkVersion: CL: 3106830, ProjectName: touchinput, ProjectVersion: , EngineNetworkVersion: 1, GameNetworkVersion: 0, NetworkChecksum: 938096206
[2017.02.23-04.56.46:681][  0]LogInit: WinSock: version 1.1 (2.2), MaxSocks=32767, MaxUdp=65467
[2017.02.23-04.56.46:808][  0]LogSlate: SlateFontCache - WITH_FREETYPE: 1, WITH_HARFBUZZ: 1
[2017.02.23-04.56.46:808][  0]LogSlate: SlateFontCache - WITH_FREETYPE: 1, WITH_HARFBUZZ: 1
[2017.02.23-04.56.46:862][  0]LogMoviePlayer: Initializing movie player
[2017.02.23-04.56.46:939][  0]LogWindowsMoviePlayer: Unable to load movie: ../../../../../../Users/v201624468/Documents/GitHub/MobileDevelopment/Assignment5/ProjectFiles/TouchInput/Content/Movies/Default_Startup.mp4
[2017.02.23-04.56.47:051][  0]LogTcpMessaging: Initializing TcpMessaging bridge
[2017.02.23-04.56.47:071][  0]LogUdpMessaging: Initializing bridge on interface 0.0.0.0:0 to multicast group 230.0.0.1:6666.
[2017.02.23-04.56.47:168][  0]SourceControl: Info Source control is disabled
[2017.02.23-04.56.47:168][  0]SourceControl: Info Source control is disabled
[2017.02.23-04.56.47:183][  0]SourceControl: Info Source control is disabled
[2017.02.23-04.56.47:317][  0]LogUObjectArray: 32656 objects as part of root set at end of initial load.
[2017.02.23-04.56.47:317][  0]LogUObjectAllocator: 7245024 out of 0 bytes used by permanent object pool.
[2017.02.23-04.56.47:317][  0]LogUObjectArray: CloseDisregardForGC: 0/0 objects in disregard for GC pool
[2017.02.23-04.56.47:364][  0]LogEngine: Initializing Engine...
[2017.02.23-04.56.47:364][  0]LogHMD: Failed to initialize OpenVR with code 110
[2017.02.23-04.56.47:469][  0]LogInit: XAudio2 using 'Realtek Digital Output (Realtek Audio)' : 2 channels at 48 kHz using 16 bits per sample (channel mask 0x3)
[2017.02.23-04.56.47:483][  0]LogInit: FAudioDevice initialized.
[2017.02.23-04.56.47:489][  0]LogInit: Texture streaming: Enabled
[2017.02.23-04.56.47:491][  0]LogMaterial: Missing cached shader map for material BaseColor, compiling. 
[2017.02.23-04.56.47:491][  0]LogMaterial:Warning: Failed to compile Material /Engine/BufferVisualization/BaseColor.BaseColor for platform PCD3D_ES2, Default Material will be used in game.
[2017.02.23-04.56.47:491][  0]LogMaterial:Warning: 	(Node FeatureLevelSwitch) Feature Level switch missing default input
[2017.02.23-04.56.47:517][  0]LogMaterial: Missing cached shader map for material Specular, compiling. 
[2017.02.23-04.56.47:517][  0]LogMaterial:Warning: Failed to compile Material /Engine/BufferVisualization/Specular.Specular for platform PCD3D_ES2, Default Material will be used in game.
[2017.02.23-04.56.47:517][  0]LogMaterial:Warning: 	(Node FeatureLevelSwitch) Feature Level switch missing default input
[2017.02.23-04.56.47:546][  0]LogInit:Display: Game Engine Initialized.
[2017.02.23-04.56.47:585][  0]LogInit:Display: Starting Game.
[2017.02.23-04.56.47:585][  0]LogNet: Browse: /Temp/Autosaves/Game/2DSideScrollerBP/Maps/UEDPC2DSideScrollerExampleMap?Name=Player
[2017.02.23-04.56.47:585][  0]LogLoad: LoadMap: /Temp/Autosaves/Game/2DSideScrollerBP/Maps/UEDPC2DSideScrollerExampleMap?Name=Player
[2017.02.23-04.56.47:599][  0]LogMemory: Platform Memory Stats for Windows
[2017.02.23-04.56.47:599][  0]LogMemory: Process Physical Memory: 630.69 MB used, 664.02 MB peak
[2017.02.23-04.56.47:599][  0]LogMemory: Process Virtual Memory: 705.48 MB used, 705.49 MB peak
[2017.02.23-04.56.47:599][  0]LogMemory: Physical Memory: 6449.36 MB used, 16298.84 MB total
[2017.02.23-04.56.47:599][  0]LogMemory: Virtual Memory: 1329.84 MB used, 134217728.00 MB total
[2017.02.23-04.56.47:599][  0]LogMemory: 
[2017.02.23-04.56.47:599][  0]Allocator Stats for TBB: (not implemented)
[2017.02.23-04.56.47:724][  0]LogAIModule: Creating AISystem for world 2DSideScrollerExampleMap
[2017.02.23-04.56.47:724][  0]LogWorld: Game class is '2DSideScrollerGameMode_C'
[2017.02.23-04.56.47:728][  0]LogWorld: Bringing World /Temp/Autosaves/Game/2DSideScrollerBP/Maps/UEDPC2DSideScrollerExampleMap.2DSideScrollerExampleMap up for play (max tick rate 0) at 2017.02.23-15.56.47
[2017.02.23-04.56.47:728][  0]LogWorld: Bringing up level for play took: 0.002701
[2017.02.23-04.56.47:729][  0]LogGameMode:Display: Match State Changed from EnteringMap to WaitingToStart
[2017.02.23-04.56.47:729][  0]LogGameState: Match State Changed from EnteringMap to WaitingToStart
[2017.02.23-04.56.47:729][  0]LogGameMode:Display: Match State Changed from WaitingToStart to InProgress
[2017.02.23-04.56.47:730][  0]LogGameState: Match State Changed from WaitingToStart to InProgress
[2017.02.23-04.56.47:730][  0]LogLoad: Took 0.144541 seconds to LoadMap(/Temp/Autosaves/Game/2DSideScrollerBP/Maps/UEDPC2DSideScrollerExampleMap)
[2017.02.23-04.56.47:979][  0]LogLoad: (Engine Initialization) Total time: 4.03 seconds
[2017.02.23-04.56.47:979][  0]LogLoad: (Engine Initialization) Total Blueprint compile time: 0.04 seconds
[2017.02.23-04.56.47:979][  0]LogExternalProfiler: No external profilers were discovered.  External profiling features will not be available.
[2017.02.23-04.56.47:996][  0]LogWindowsTextInputMethodSystem:Display: IME system now deactivated.
[2017.02.23-04.56.47:997][  0]LogOcInput: OculusInput pre-init called
[2017.02.23-04.56.48:014][  0]LogRenderer: Reallocating scene render targets to support 128x128 (Frame:1).
[2017.02.23-04.56.48:126][  1]LogRenderer: Reallocating scene render targets to support 1280x720 (Frame:2).
[2017.02.23-04.57.03:627][962]LogBlueprintUserMessages: [2DSideScrollerCharacter_254] Right
[2017.02.23-04.57.03:644][963]LogBlueprintUserMessages: [2DSideScrollerCharacter_254] Right
[2017.02.23-04.57.03:660][964]LogBlueprintUserMessages: [2DSideScrollerCharacter_254] Right
[2017.02.23-04.57.03:676][965]LogBlueprintUserMessages: [2DSideScrollerCharacter_254] Right
[2017.02.23-04.57.03:693][966]LogBlueprintUserMessages: [2DSideScrollerCharacter_254] Right
[2017.02.23-04.57.03:710][967]LogBlueprintUserMessages: [2DSideScrollerCharacter_254] Right
[2017.02.23-04.57.03:725][968]LogBlueprintUserMessages: [2DSideScrollerCharacter_254] Right
[2017.02.23-04.57.03:743][969]LogBlueprintUserMessages: [2DSideScrollerCharacter_254] Right
[2017.02.23-04.57.03:758][970]LogBlueprintUserMessages: [2DSideScrollerCharacter_254] Right
[2017.02.23-04.57.03:773][971]LogBlueprintUserMessages: [2DSideScrollerCharacter_254] Right
[2017.02.23-04.57.03:789][972]LogBlueprintUserMessages: [2DSideScrollerCharacter_254] Right
[2017.02.23-04.57.03:805][973]LogBlueprintUserMessages: [2DSideScrollerCharacter_254] Right
[2017.02.23-04.57.03:821][974]LogBlueprintUserMessages: [2DSideScrollerCharacter_254] Right
[2017.02.23-04.57.03:837][975]LogBlueprintUserMessages: [2DSideScrollerCharacter_254] Right
[2017.02.23-04.57.03:854][976]LogBlueprintUserMessages: [2DSideScrollerCharacter_254] Right
[2017.02.23-04.57.03:869][977]LogBlueprintUserMessages: [2DSideScrollerCharacter_254] Right
[2017.02.23-04.57.03:885][978]LogBlueprintUserMessages: [2DSideScrollerCharacter_254] Right
[2017.02.23-04.57.03:902][979]LogBlueprintUserMessages: [2DSideScrollerCharacter_254] Right
[2017.02.23-04.57.03:918][980]LogBlueprintUserMessages: [2DSideScrollerCharacter_254] Right
[2017.02.23-04.57.03:934][981]LogBlueprintUserMessages: [2DSideScrollerCharacter_254] Right
[2017.02.23-04.57.03:950][982]LogBlueprintUserMessages: [2DSideScrollerCharacter_254] Right
[2017.02.23-04.57.03:966][983]LogBlueprintUserMessages: [2DSideScrollerCharacter_254] Right
[2017.02.23-04.57.03:982][984]LogBlueprintUserMessages: [2DSideScrollerCharacter_254] Right
[2017.02.23-04.57.03:998][985]LogBlueprintUserMessages: [2DSideScrollerCharacter_254] Right
[2017.02.23-04.57.11:095][425]LogBlueprintUserMessages: [2DSideScrollerCharacter_254] Right
[2017.02.23-04.57.11:111][426]LogBlueprintUserMessages: [2DSideScrollerCharacter_254] Right
[2017.02.23-04.57.11:127][427]LogBlueprintUserMessages: [2DSideScrollerCharacter_254] Right
[2017.02.23-04.57.11:143][428]LogBlueprintUserMessages: [2DSideScrollerCharacter_254] Right
[2017.02.23-04.57.11:159][429]LogBlueprintUserMessages: [2DSideScrollerCharacter_254] Right
[2017.02.23-04.57.11:176][430]LogBlueprintUserMessages: [2DSideScrollerCharacter_254] Right
[2017.02.23-04.57.11:192][431]LogBlueprintUserMessages: [2DSideScrollerCharacter_254] Right
[2017.02.23-04.57.11:207][432]LogBlueprintUserMessages: [2DSideScrollerCharacter_254] Right
[2017.02.23-04.57.11:223][433]LogBlueprintUserMessages: [2DSideScrollerCharacter_254] Right
[2017.02.23-04.57.11:239][434]LogBlueprintUserMessages: [2DSideScrollerCharacter_254] Right
[2017.02.23-04.57.11:256][435]LogBlueprintUserMessages: [2DSideScrollerCharacter_254] Right
[2017.02.23-04.57.11:272][436]LogBlueprintUserMessages: [2DSideScrollerCharacter_254] Right
[2017.02.23-04.57.11:288][437]LogBlueprintUserMessages: [2DSideScrollerCharacter_254] Right
[2017.02.23-04.57.11:304][438]LogBlueprintUserMessages: [2DSideScrollerCharacter_254] Right
[2017.02.23-04.57.11:320][439]LogBlueprintUserMessages: [2DSideScrollerCharacter_254] Right
[2017.02.23-04.57.11:336][440]LogBlueprintUserMessages: [2DSideScrollerCharacter_254] Right
[2017.02.23-04.57.11:352][441]LogBlueprintUserMessages: [2DSideScrollerCharacter_254] Right
[2017.02.23-04.57.11:368][442]LogBlueprintUserMessages: [2DSideScrollerCharacter_254] Right
[2017.02.23-04.57.11:385][443]LogBlueprintUserMessages: [2DSideScrollerCharacter_254] Right
[2017.02.23-04.57.11:401][444]LogBlueprintUserMessages: [2DSideScrollerCharacter_254] Right
[2017.02.23-04.57.11:417][445]LogBlueprintUserMessages: [2DSideScrollerCharacter_254] Right
[2017.02.23-04.57.11:433][446]LogBlueprintUserMessages: [2DSideScrollerCharacter_254] Right
[2017.02.23-04.57.11:449][447]LogBlueprintUserMessages: [2DSideScrollerCharacter_254] Right
[2017.02.23-04.57.11:465][448]LogBlueprintUserMessages: [2DSideScrollerCharacter_254] Right
[2017.02.23-04.57.11:481][449]LogBlueprintUserMessages: [2DSideScrollerCharacter_254] Right
[2017.02.23-04.57.11:498][450]LogBlueprintUserMessages: [2DSideScrollerCharacter_254] Right
[2017.02.23-04.57.11:513][451]LogBlueprintUserMessages: [2DSideScrollerCharacter_254] Right
[2017.02.23-04.57.11:529][452]LogBlueprintUserMessages: [2DSideScrollerCharacter_254] Right
[2017.02.23-04.57.11:545][453]LogBlueprintUserMessages: [2DSideScrollerCharacter_254] Right
[2017.02.23-04.57.11:562][454]LogBlueprintUserMessages: [2DSideScrollerCharacter_254] Right
[2017.02.23-04.57.11:578][455]LogBlueprintUserMessages: [2DSideScrollerCharacter_254] Right
[2017.02.23-04.57.11:594][456]LogBlueprintUserMessages: [2DSideScrollerCharacter_254] Right
[2017.02.23-04.57.11:610][457]LogBlueprintUserMessages: [2DSideScrollerCharacter_254] Right
[2017.02.23-04.57.11:627][458]LogBlueprintUserMessages: [2DSideScrollerCharacter_254] Right
[2017.02.23-04.57.11:643][459]LogBlueprintUserMessages: [2DSideScrollerCharacter_254] Right
[2017.02.23-04.57.11:659][460]LogBlueprintUserMessages: [2DSideScrollerCharacter_254] Right
[2017.02.23-04.57.11:675][461]LogBlueprintUserMessages: [2DSideScrollerCharacter_254] Right
[2017.02.23-04.57.11:691][462]LogBlueprintUserMessages: [2DSideScrollerCharacter_254] Right
[2017.02.23-04.57.11:707][463]LogBlueprintUserMessages: [2DSideScrollerCharacter_254] Right
[2017.02.23-04.57.11:724][464]LogBlueprintUserMessages: [2DSideScrollerCharacter_254] Right
[2017.02.23-04.57.11:740][465]LogBlueprintUserMessages: [2DSideScrollerCharacter_254] Right
[2017.02.23-04.57.11:756][466]LogBlueprintUserMessages: [2DSideScrollerCharacter_254] Right
[2017.02.23-04.57.11:772][467]LogBlueprintUserMessages: [2DSideScrollerCharacter_254] Right
[2017.02.23-04.57.11:788][468]LogBlueprintUserMessages: [2DSideScrollerCharacter_254] Right
[2017.02.23-04.57.11:804][469]LogBlueprintUserMessages: [2DSideScrollerCharacter_254] Right
[2017.02.23-04.57.11:820][470]LogBlueprintUserMessages: [2DSideScrollerCharacter_254] Right
[2017.02.23-04.57.11:836][471]LogBlueprintUserMessages: [2DSideScrollerCharacter_254] Right
[2017.02.23-04.57.11:852][472]LogBlueprintUserMessages: [2DSideScrollerCharacter_254] Right
[2017.02.23-04.57.11:869][473]LogBlueprintUserMessages: [2DSideScrollerCharacter_254] Right
[2017.02.23-04.57.11:885][474]LogBlueprintUserMessages: [2DSideScrollerCharacter_254] Right
[2017.02.23-04.57.12:433][508]LogBlueprintUserMessages: [2DSideScrollerCharacter_254] Right
[2017.02.23-04.57.12:449][509]LogBlueprintUserMessages: [2DSideScrollerCharacter_254] Right
[2017.02.23-04.57.12:465][510]LogBlueprintUserMessages: [2DSideScrollerCharacter_254] Right
[2017.02.23-04.57.12:482][511]LogBlueprintUserMessages: [2DSideScrollerCharacter_254] Right
[2017.02.23-04.57.12:497][512]LogBlueprintUserMessages: [2DSideScrollerCharacter_254] Right
[2017.02.23-04.57.12:514][513]LogBlueprintUserMessages: [2DSideScrollerCharacter_254] Right
[2017.02.23-04.57.12:530][514]LogBlueprintUserMessages: [2DSideScrollerCharacter_254] Right
[2017.02.23-04.57.12:546][515]LogBlueprintUserMessages: [2DSideScrollerCharacter_254] Right
[2017.02.23-04.57.12:563][516]LogBlueprintUserMessages: [2DSideScrollerCharacter_254] Right
[2017.02.23-04.57.12:579][517]LogBlueprintUserMessages: [2DSideScrollerCharacter_254] Right
[2017.02.23-04.57.12:595][518]LogBlueprintUserMessages: [2DSideScrollerCharacter_254] Right
[2017.02.23-04.57.12:611][519]LogBlueprintUserMessages: [2DSideScrollerCharacter_254] Right
[2017.02.23-04.57.12:627][520]LogBlueprintUserMessages: [2DSideScrollerCharacter_254] Right
[2017.02.23-04.57.12:643][521]LogBlueprintUserMessages: [2DSideScrollerCharacter_254] Right
[2017.02.23-04.57.12:659][522]LogBlueprintUserMessages: [2DSideScrollerCharacter_254] Right
[2017.02.23-04.57.12:675][523]LogBlueprintUserMessages: [2DSideScrollerCharacter_254] Right
[2017.02.23-04.57.12:691][524]LogBlueprintUserMessages: [2DSideScrollerCharacter_254] Right
[2017.02.23-04.57.12:708][525]LogBlueprintUserMessages: [2DSideScrollerCharacter_254] Right
[2017.02.23-04.57.12:724][526]LogBlueprintUserMessages: [2DSideScrollerCharacter_254] Right
[2017.02.23-04.57.12:740][527]LogBlueprintUserMessages: [2DSideScrollerCharacter_254] Right
[2017.02.23-04.57.12:756][528]LogBlueprintUserMessages: [2DSideScrollerCharacter_254] Right
[2017.02.23-04.57.12:772][529]LogBlueprintUserMessages: [2DSideScrollerCharacter_254] Right
[2017.02.23-04.57.12:788][530]LogBlueprintUserMessages: [2DSideScrollerCharacter_254] Right
[2017.02.23-04.57.12:804][531]LogBlueprintUserMessages: [2DSideScrollerCharacter_254] Right
[2017.02.23-04.57.12:820][532]LogBlueprintUserMessages: [2DSideScrollerCharacter_254] Right
[2017.02.23-04.57.14:740][651]LogBlueprintUserMessages: [2DSideScrollerCharacter_254] Right
[2017.02.23-04.57.14:756][652]LogBlueprintUserMessages: [2DSideScrollerCharacter_254] Right
[2017.02.23-04.57.14:772][653]LogBlueprintUserMessages: [2DSideScrollerCharacter_254] Right
[2017.02.23-04.57.14:788][654]LogBlueprintUserMessages: [2DSideScrollerCharacter_254] Right
[2017.02.23-04.57.14:804][655]LogBlueprintUserMessages: [2DSideScrollerCharacter_254] Right
[2017.02.23-04.57.14:820][656]LogBlueprintUserMessages: [2DSideScrollerCharacter_254] Right
[2017.02.23-04.57.14:837][657]LogBlueprintUserMessages: [2DSideScrollerCharacter_254] Right
[2017.02.23-04.57.14:853][658]LogBlueprintUserMessages: [2DSideScrollerCharacter_254] Right
[2017.02.23-04.57.14:868][659]LogBlueprintUserMessages: [2DSideScrollerCharacter_254] Right
[2017.02.23-04.57.14:885][660]LogBlueprintUserMessages: [2DSideScrollerCharacter_254] Right
[2017.02.23-04.57.15:013][668]LogBlueprintUserMessages: [2DSideScrollerCharacter_254] Right
[2017.02.23-04.57.15:030][669]LogBlueprintUserMessages: [2DSideScrollerCharacter_254] Right
[2017.02.23-04.57.15:046][670]LogBlueprintUserMessages: [2DSideScrollerCharacter_254] Right
[2017.02.23-04.57.15:062][671]LogBlueprintUserMessages: [2DSideScrollerCharacter_254] Right
[2017.02.23-04.57.15:078][672]LogBlueprintUserMessages: [2DSideScrollerCharacter_254] Right
[2017.02.23-04.57.15:094][673]LogBlueprintUserMessages: [2DSideScrollerCharacter_254] Right
[2017.02.23-04.57.15:110][674]LogBlueprintUserMessages: [2DSideScrollerCharacter_254] Right
[2017.02.23-04.57.15:126][675]LogBlueprintUserMessages: [2DSideScrollerCharacter_254] Right
[2017.02.23-04.57.15:142][676]LogBlueprintUserMessages: [2DSideScrollerCharacter_254] Right
[2017.02.23-04.57.15:159][677]LogBlueprintUserMessages: [2DSideScrollerCharacter_254] Right
[2017.02.23-04.57.15:175][678]LogBlueprintUserMessages: [2DSideScrollerCharacter_254] Right
[2017.02.23-04.57.15:191][679]LogBlueprintUserMessages: [2DSideScrollerCharacter_254] Right
[2017.02.23-04.57.15:207][680]LogBlueprintUserMessages: [2DSideScrollerCharacter_254] Right
[2017.02.23-04.57.15:223][681]LogBlueprintUserMessages: [2DSideScrollerCharacter_254] Right
[2017.02.23-04.57.15:240][682]LogBlueprintUserMessages: [2DSideScrollerCharacter_254] Right
[2017.02.23-04.57.15:257][683]LogBlueprintUserMessages: [2DSideScrollerCharacter_254] Right
[2017.02.23-04.57.15:273][684]LogBlueprintUserMessages: [2DSideScrollerCharacter_254] Right
[2017.02.23-04.57.15:289][685]LogBlueprintUserMessages: [2DSideScrollerCharacter_254] Right
[2017.02.23-04.57.15:305][686]LogBlueprintUserMessages: [2DSideScrollerCharacter_254] Right
[2017.02.23-04.57.15:321][687]LogBlueprintUserMessages: [2DSideScrollerCharacter_254] Right
[2017.02.23-04.57.15:337][688]LogBlueprintUserMessages: [2DSideScrollerCharacter_254] Right
[2017.02.23-04.57.15:353][689]LogBlueprintUserMessages: [2DSideScrollerCharacter_254] Right
[2017.02.23-04.57.15:369][690]LogBlueprintUserMessages: [2DSideScrollerCharacter_254] Right
[2017.02.23-04.57.15:385][691]LogBlueprintUserMessages: [2DSideScrollerCharacter_254] Right
[2017.02.23-04.57.15:401][692]LogBlueprintUserMessages: [2DSideScrollerCharacter_254] Right
[2017.02.23-04.57.15:417][693]LogBlueprintUserMessages: [2DSideScrollerCharacter_254] Right
[2017.02.23-04.57.15:433][694]LogBlueprintUserMessages: [2DSideScrollerCharacter_254] Right
[2017.02.23-04.57.15:450][695]LogBlueprintUserMessages: [2DSideScrollerCharacter_254] Right
[2017.02.23-04.57.15:465][696]LogBlueprintUserMessages: [2DSideScrollerCharacter_254] Right
[2017.02.23-04.57.15:481][697]LogBlueprintUserMessages: [2DSideScrollerCharacter_254] Right
[2017.02.23-04.57.15:497][698]LogBlueprintUserMessages: [2DSideScrollerCharacter_254] Right
[2017.02.23-04.57.15:514][699]LogBlueprintUserMessages: [2DSideScrollerCharacter_254] Right
[2017.02.23-04.57.15:530][700]LogBlueprintUserMessages: [2DSideScrollerCharacter_254] Right
[2017.02.23-04.57.15:546][701]LogBlueprintUserMessages: [2DSideScrollerCharacter_254] Right
[2017.02.23-04.57.15:562][702]LogBlueprintUserMessages: [2DSideScrollerCharacter_254] Right
[2017.02.23-04.57.15:578][703]LogBlueprintUserMessages: [2DSideScrollerCharacter_254] Right
[2017.02.23-04.57.15:594][704]LogBlueprintUserMessages: [2DSideScrollerCharacter_254] Right
[2017.02.23-04.57.15:610][705]LogBlueprintUserMessages: [2DSideScrollerCharacter_254] Right
[2017.02.23-04.57.15:627][706]LogBlueprintUserMessages: [2DSideScrollerCharacter_254] Right
[2017.02.23-04.57.15:642][707]LogBlueprintUserMessages: [2DSideScrollerCharacter_254] Right
[2017.02.23-04.57.15:659][708]LogBlueprintUserMessages: [2DSideScrollerCharacter_254] Right
[2017.02.23-04.57.15:675][709]LogBlueprintUserMessages: [2DSideScrollerCharacter_254] Right
[2017.02.23-04.57.15:692][710]LogBlueprintUserMessages: [2DSideScrollerCharacter_254] Right
[2017.02.23-04.57.15:708][711]LogBlueprintUserMessages: [2DSideScrollerCharacter_254] Right
[2017.02.23-04.57.15:725][712]LogBlueprintUserMessages: [2DSideScrollerCharacter_254] Right
[2017.02.23-04.57.15:740][713]LogBlueprintUserMessages: [2DSideScrollerCharacter_254] Right
[2017.02.23-04.57.15:757][714]LogBlueprintUserMessages: [2DSideScrollerCharacter_254] Right
[2017.02.23-04.57.15:773][715]LogBlueprintUserMessages: [2DSideScrollerCharacter_254] Right
[2017.02.23-04.57.15:789][716]LogBlueprintUserMessages: [2DSideScrollerCharacter_254] Right
[2017.02.23-04.57.15:805][717]LogBlueprintUserMessages: [2DSideScrollerCharacter_254] Right
[2017.02.23-04.57.15:821][718]LogBlueprintUserMessages: [2DSideScrollerCharacter_254] Right
[2017.02.23-04.57.15:836][719]LogBlueprintUserMessages: [2DSideScrollerCharacter_254] Right
[2017.02.23-04.57.15:853][720]LogBlueprintUserMessages: [2DSideScrollerCharacter_254] Right
[2017.02.23-04.57.15:869][721]LogBlueprintUserMessages: [2DSideScrollerCharacter_254] Right
[2017.02.23-04.57.15:885][722]LogBlueprintUserMessages: [2DSideScrollerCharacter_254] Right
[2017.02.23-04.57.19:126][923]LogBlueprintUserMessages: [2DSideScrollerCharacter_254] Right
[2017.02.23-04.57.19:142][924]LogBlueprintUserMessages: [2DSideScrollerCharacter_254] Right
[2017.02.23-04.57.19:159][925]LogBlueprintUserMessages: [2DSideScrollerCharacter_254] Right
[2017.02.23-04.57.19:175][926]LogBlueprintUserMessages: [2DSideScrollerCharacter_254] Right
[2017.02.23-04.57.19:191][927]LogBlueprintUserMessages: [2DSideScrollerCharacter_254] Right
[2017.02.23-04.57.19:207][928]LogBlueprintUserMessages: [2DSideScrollerCharacter_254] Right
[2017.02.23-04.57.19:369][938]LogBlueprintUserMessages: [2DSideScrollerCharacter_254] Right
[2017.02.23-04.57.19:385][939]LogBlueprintUserMessages: [2DSideScrollerCharacter_254] Right
[2017.02.23-04.57.19:401][940]LogBlueprintUserMessages: [2DSideScrollerCharacter_254] Right
[2017.02.23-04.57.19:417][941]LogBlueprintUserMessages: [2DSideScrollerCharacter_254] Right
[2017.02.23-04.57.19:433][942]LogBlueprintUserMessages: [2DSideScrollerCharacter_254] Right
[2017.02.23-04.57.20:741][ 23]LogBlueprintUserMessages: [2DSideScrollerCharacter_254] Right
[2017.02.23-04.57.20:757][ 24]LogBlueprintUserMessages: [2DSideScrollerCharacter_254] Right
[2017.02.23-04.57.20:773][ 25]LogBlueprintUserMessages: [2DSideScrollerCharacter_254] Right
[2017.02.23-04.57.20:788][ 26]LogBlueprintUserMessages: [2DSideScrollerCharacter_254] Right
[2017.02.23-04.57.20:804][ 27]LogBlueprintUserMessages: [2DSideScrollerCharacter_254] Right
[2017.02.23-04.57.20:820][ 28]LogBlueprintUserMessages: [2DSideScrollerCharacter_254] Right
[2017.02.23-04.57.21:208][ 52]LogBlueprintUserMessages: [2DSideScrollerCharacter_254] Right
[2017.02.23-04.57.21:223][ 53]LogBlueprintUserMessages: [2DSideScrollerCharacter_254] Right
[2017.02.23-04.57.21:239][ 54]LogBlueprintUserMessages: [2DSideScrollerCharacter_254] Right
[2017.02.23-04.57.21:255][ 55]LogBlueprintUserMessages: [2DSideScrollerCharacter_254] Right
[2017.02.23-04.57.21:272][ 56]LogBlueprintUserMessages: [2DSideScrollerCharacter_254] Right
[2017.02.23-04.57.21:288][ 57]LogBlueprintUserMessages: [2DSideScrollerCharacter_254] Right
[2017.02.23-04.57.21:304][ 58]LogBlueprintUserMessages: [2DSideScrollerCharacter_254] Right
[2017.02.23-04.57.23:030][165]LogBlueprintUserMessages: [2DSideScrollerCharacter_254] Left
[2017.02.23-04.57.23:046][166]LogBlueprintUserMessages: [2DSideScrollerCharacter_254] Left
[2017.02.23-04.57.23:062][167]LogBlueprintUserMessages: [2DSideScrollerCharacter_254] Left
[2017.02.23-04.57.23:078][168]LogBlueprintUserMessages: [2DSideScrollerCharacter_254] Left
[2017.02.23-04.57.23:094][169]LogBlueprintUserMessages: [2DSideScrollerCharacter_254] Left
[2017.02.23-04.57.23:240][178]LogBlueprintUserMessages: [2DSideScrollerCharacter_254] Left
[2017.02.23-04.57.23:256][179]LogBlueprintUserMessages: [2DSideScrollerCharacter_254] Left
[2017.02.23-04.57.23:271][180]LogBlueprintUserMessages: [2DSideScrollerCharacter_254] Left
[2017.02.23-04.57.23:287][181]LogBlueprintUserMessages: [2DSideScrollerCharacter_254] Left
[2017.02.23-04.57.23:304][182]LogBlueprintUserMessages: [2DSideScrollerCharacter_254] Left
[2017.02.23-04.57.23:320][183]LogBlueprintUserMessages: [2DSideScrollerCharacter_254] Left
[2017.02.23-04.57.23:481][193]LogBlueprintUserMessages: [2DSideScrollerCharacter_254] Left
[2017.02.23-04.57.23:497][194]LogBlueprintUserMessages: [2DSideScrollerCharacter_254] Left
[2017.02.23-04.57.23:514][195]LogBlueprintUserMessages: [2DSideScrollerCharacter_254] Left
[2017.02.23-04.57.23:530][196]LogBlueprintUserMessages: [2DSideScrollerCharacter_254] Left
[2017.02.23-04.57.23:547][197]LogBlueprintUserMessages: [2DSideScrollerCharacter_254] Left
[2017.02.23-04.57.23:563][198]LogBlueprintUserMessages: [2DSideScrollerCharacter_254] Left
[2017.02.23-04.57.23:724][208]LogBlueprintUserMessages: [2DSideScrollerCharacter_254] Right
[2017.02.23-04.57.23:740][209]LogBlueprintUserMessages: [2DSideScrollerCharacter_254] Right
[2017.02.23-04.57.23:757][210]LogBlueprintUserMessages: [2DSideScrollerCharacter_254] Right
[2017.02.23-04.57.23:773][211]LogBlueprintUserMessages: [2DSideScrollerCharacter_254] Right
[2017.02.23-04.57.23:791][212]LogBlueprintUserMessages: [2DSideScrollerCharacter_254] Right
[2017.02.23-04.57.23:807][213]LogBlueprintUserMessages: [2DSideScrollerCharacter_254] Right
[2017.02.23-04.57.24:257][241]LogBlueprintUserMessages: [2DSideScrollerCharacter_254] Left
[2017.02.23-04.57.24:273][242]LogBlueprintUserMessages: [2DSideScrollerCharacter_254] Left
[2017.02.23-04.57.24:290][243]LogBlueprintUserMessages: [2DSideScrollerCharacter_254] Left
[2017.02.23-04.57.24:307][244]LogBlueprintUserMessages: [2DSideScrollerCharacter_254] Left
[2017.02.23-04.57.24:322][245]LogBlueprintUserMessages: [2DSideScrollerCharacter_254] Left
[2017.02.23-04.57.24:467][254]LogBlueprintUserMessages: [2DSideScrollerCharacter_254] Left
[2017.02.23-04.57.24:483][255]LogBlueprintUserMessages: [2DSideScrollerCharacter_254] Left
[2017.02.23-04.57.24:499][256]LogBlueprintUserMessages: [2DSideScrollerCharacter_254] Left
[2017.02.23-04.57.24:515][257]LogBlueprintUserMessages: [2DSideScrollerCharacter_254] Left
[2017.02.23-04.57.24:531][258]LogBlueprintUserMessages: [2DSideScrollerCharacter_254] Left
[2017.02.23-04.57.24:546][259]LogBlueprintUserMessages: [2DSideScrollerCharacter_254] Left
[2017.02.23-04.57.24:707][269]LogBlueprintUserMessages: [2DSideScrollerCharacter_254] Left
[2017.02.23-04.57.24:723][270]LogBlueprintUserMessages: [2DSideScrollerCharacter_254] Left
[2017.02.23-04.57.24:740][271]LogBlueprintUserMessages: [2DSideScrollerCharacter_254] Left
[2017.02.23-04.57.24:755][272]LogBlueprintUserMessages: [2DSideScrollerCharacter_254] Left
[2017.02.23-04.57.24:773][273]LogBlueprintUserMessages: [2DSideScrollerCharacter_254] Left
[2017.02.23-04.57.24:789][274]LogBlueprintUserMessages: [2DSideScrollerCharacter_254] Left
[2017.02.23-04.57.24:804][275]LogBlueprintUserMessages: [2DSideScrollerCharacter_254] Left
[2017.02.23-04.57.24:820][276]LogBlueprintUserMessages: [2DSideScrollerCharacter_254] Left
[2017.02.23-04.57.24:836][277]LogBlueprintUserMessages: [2DSideScrollerCharacter_254] Left
[2017.02.23-04.57.24:852][278]LogBlueprintUserMessages: [2DSideScrollerCharacter_254] Left
[2017.02.23-04.57.24:871][279]LogBlueprintUserMessages: [2DSideScrollerCharacter_254] Left
[2017.02.23-04.57.24:885][280]LogBlueprintUserMessages: [2DSideScrollerCharacter_254] Left
[2017.02.23-04.57.24:902][281]LogBlueprintUserMessages: [2DSideScrollerCharacter_254] Left
[2017.02.23-04.57.24:917][282]LogBlueprintUserMessages: [2DSideScrollerCharacter_254] Left
[2017.02.23-04.57.24:933][283]LogBlueprintUserMessages: [2DSideScrollerCharacter_254] Left
[2017.02.23-04.57.24:949][284]LogBlueprintUserMessages: [2DSideScrollerCharacter_254] Left
[2017.02.23-04.57.24:965][285]LogBlueprintUserMessages: [2DSideScrollerCharacter_254] Left
[2017.02.23-04.57.24:981][286]LogBlueprintUserMessages: [2DSideScrollerCharacter_254] Left
[2017.02.23-04.57.25:159][297]LogBlueprintUserMessages: [2DSideScrollerCharacter_254] Right
[2017.02.23-04.57.25:175][298]LogBlueprintUserMessages: [2DSideScrollerCharacter_254] Right
[2017.02.23-04.57.25:191][299]LogBlueprintUserMessages: [2DSideScrollerCharacter_254] Right
[2017.02.23-04.57.25:207][300]LogBlueprintUserMessages: [2DSideScrollerCharacter_254] Right
[2017.02.23-04.57.25:304][306]LogBlueprintUserMessages: [2DSideScrollerCharacter_254] Right
[2017.02.23-04.57.25:320][307]LogBlueprintUserMessages: [2DSideScrollerCharacter_254] Right
[2017.02.23-04.57.25:336][308]LogBlueprintUserMessages: [2DSideScrollerCharacter_254] Right
[2017.02.23-04.57.25:352][309]LogBlueprintUserMessages: [2DSideScrollerCharacter_254] Right
[2017.02.23-04.57.25:368][310]LogBlueprintUserMessages: [2DSideScrollerCharacter_254] Right
[2017.02.23-04.57.25:385][311]LogBlueprintUserMessages: [2DSideScrollerCharacter_254] Right
[2017.02.23-04.57.25:401][312]LogBlueprintUserMessages: [2DSideScrollerCharacter_254] Right
[2017.02.23-04.57.25:417][313]LogBlueprintUserMessages: [2DSideScrollerCharacter_254] Right
[2017.02.23-04.57.25:433][314]LogBlueprintUserMessages: [2DSideScrollerCharacter_254] Right
[2017.02.23-04.57.25:449][315]LogBlueprintUserMessages: [2DSideScrollerCharacter_254] Right
[2017.02.23-04.57.25:467][316]LogBlueprintUserMessages: [2DSideScrollerCharacter_254] Right
[2017.02.23-04.57.25:483][317]LogBlueprintUserMessages: [2DSideScrollerCharacter_254] Right
[2017.02.23-04.57.25:499][318]LogBlueprintUserMessages: [2DSideScrollerCharacter_254] Right
[2017.02.23-04.57.25:515][319]LogBlueprintUserMessages: [2DSideScrollerCharacter_254] Right
[2017.02.23-04.57.25:531][320]LogBlueprintUserMessages: [2DSideScrollerCharacter_254] Right
[2017.02.23-04.57.25:546][321]LogBlueprintUserMessages: [2DSideScrollerCharacter_254] Right
[2017.02.23-04.57.25:562][322]LogBlueprintUserMessages: [2DSideScrollerCharacter_254] Right
[2017.02.23-04.57.25:578][323]LogBlueprintUserMessages: [2DSideScrollerCharacter_254] Right
[2017.02.23-04.57.25:595][324]LogBlueprintUserMessages: [2DSideScrollerCharacter_254] Right
[2017.02.23-04.57.25:612][325]LogBlueprintUserMessages: [2DSideScrollerCharacter_254] Right
[2017.02.23-04.57.25:628][326]LogBlueprintUserMessages: [2DSideScrollerCharacter_254] Right
[2017.02.23-04.57.25:644][327]LogBlueprintUserMessages: [2DSideScrollerCharacter_254] Right
[2017.02.23-04.57.25:660][328]LogBlueprintUserMessages: [2DSideScrollerCharacter_254] Right
[2017.02.23-04.57.25:676][329]LogBlueprintUserMessages: [2DSideScrollerCharacter_254] Right
[2017.02.23-04.57.25:694][330]LogBlueprintUserMessages: [2DSideScrollerCharacter_254] Right
[2017.02.23-04.57.27:435][438]LogBlueprintUserMessages: [2DSideScrollerCharacter_254] Left
[2017.02.23-04.57.27:452][439]LogBlueprintUserMessages: [2DSideScrollerCharacter_254] Left
[2017.02.23-04.57.27:467][440]LogBlueprintUserMessages: [2DSideScrollerCharacter_254] Left
[2017.02.23-04.57.27:483][441]LogBlueprintUserMessages: [2DSideScrollerCharacter_254] Left
[2017.02.23-04.57.27:499][442]LogBlueprintUserMessages: [2DSideScrollerCharacter_254] Left
[2017.02.23-04.57.27:515][443]LogBlueprintUserMessages: [2DSideScrollerCharacter_254] Left
[2017.02.23-04.57.27:532][444]LogBlueprintUserMessages: [2DSideScrollerCharacter_254] Left
[2017.02.23-04.57.27:547][445]LogBlueprintUserMessages: [2DSideScrollerCharacter_254] Left
[2017.02.23-04.57.27:564][446]LogBlueprintUserMessages: [2DSideScrollerCharacter_254] Left
[2017.02.23-04.57.27:580][447]LogBlueprintUserMessages: [2DSideScrollerCharacter_254] Left
[2017.02.23-04.57.27:596][448]LogBlueprintUserMessages: [2DSideScrollerCharacter_254] Left
[2017.02.23-04.57.27:612][449]LogBlueprintUserMessages: [2DSideScrollerCharacter_254] Left
[2017.02.23-04.57.27:628][450]LogBlueprintUserMessages: [2DSideScrollerCharacter_254] Left
[2017.02.23-04.57.27:644][451]LogBlueprintUserMessages: [2DSideScrollerCharacter_254] Left
[2017.02.23-04.57.27:661][452]LogBlueprintUserMessages: [2DSideScrollerCharacter_254] Left
[2017.02.23-04.57.27:677][453]LogBlueprintUserMessages: [2DSideScrollerCharacter_254] Left
[2017.02.23-04.57.27:693][454]LogBlueprintUserMessages: [2DSideScrollerCharacter_254] Left
[2017.02.23-04.57.27:709][455]LogBlueprintUserMessages: [2DSideScrollerCharacter_254] Left
[2017.02.23-04.57.27:725][456]LogBlueprintUserMessages: [2DSideScrollerCharacter_254] Left
[2017.02.23-04.57.27:741][457]LogBlueprintUserMessages: [2DSideScrollerCharacter_254] Left
[2017.02.23-04.57.27:757][458]LogBlueprintUserMessages: [2DSideScrollerCharacter_254] Left
[2017.02.23-04.57.27:773][459]LogBlueprintUserMessages: [2DSideScrollerCharacter_254] Left
[2017.02.23-04.57.27:789][460]LogBlueprintUserMessages: [2DSideScrollerCharacter_254] Left
[2017.02.23-04.57.27:806][461]LogBlueprintUserMessages: [2DSideScrollerCharacter_254] Left
[2017.02.23-04.57.27:822][462]LogBlueprintUserMessages: [2DSideScrollerCharacter_254] Left
[2017.02.23-04.57.27:837][463]LogBlueprintUserMessages: [2DSideScrollerCharacter_254] Left
[2017.02.23-04.57.27:854][464]LogBlueprintUserMessages: [2DSideScrollerCharacter_254] Left
[2017.02.23-04.57.33:676][825]LogBlueprintUserMessages: [2DSideScrollerCharacter_254] Left
[2017.02.23-04.57.33:693][826]LogBlueprintUserMessages: [2DSideScrollerCharacter_254] Left
[2017.02.23-04.57.33:707][827]LogBlueprintUserMessages: [2DSideScrollerCharacter_254] Left
[2017.02.23-04.57.33:723][828]LogBlueprintUserMessages: [2DSideScrollerCharacter_254] Left
[2017.02.23-04.57.33:739][829]LogBlueprintUserMessages: [2DSideScrollerCharacter_254] Left
[2017.02.23-04.57.33:755][830]LogBlueprintUserMessages: [2DSideScrollerCharacter_254] Left
[2017.02.23-04.57.33:771][831]LogBlueprintUserMessages: [2DSideScrollerCharacter_254] Left
[2017.02.23-04.57.33:788][832]LogBlueprintUserMessages: [2DSideScrollerCharacter_254] Left
[2017.02.23-04.57.33:804][833]LogBlueprintUserMessages: [2DSideScrollerCharacter_254] Left
[2017.02.23-04.57.33:820][834]LogBlueprintUserMessages: [2DSideScrollerCharacter_254] Left
[2017.02.23-04.57.33:836][835]LogBlueprintUserMessages: [2DSideScrollerCharacter_254] Left
[2017.02.23-04.57.33:852][836]LogBlueprintUserMessages: [2DSideScrollerCharacter_254] Left
[2017.02.23-04.57.33:868][837]LogBlueprintUserMessages: [2DSideScrollerCharacter_254] Left
[2017.02.23-04.57.33:884][838]LogBlueprintUserMessages: [2DSideScrollerCharacter_254] Left
[2017.02.23-04.57.33:900][839]LogBlueprintUserMessages: [2DSideScrollerCharacter_254] Left
[2017.02.23-04.57.33:916][840]LogBlueprintUserMessages: [2DSideScrollerCharacter_254] Left
[2017.02.23-04.57.33:933][841]LogBlueprintUserMessages: [2DSideScrollerCharacter_254] Left
[2017.02.23-04.57.33:949][842]LogBlueprintUserMessages: [2DSideScrollerCharacter_254] Left
[2017.02.23-04.57.33:966][843]LogBlueprintUserMessages: [2DSideScrollerCharacter_254] Left
[2017.02.23-04.57.33:981][844]LogBlueprintUserMessages: [2DSideScrollerCharacter_254] Left
[2017.02.23-04.57.33:997][845]LogBlueprintUserMessages: [2DSideScrollerCharacter_254] Left
[2017.02.23-04.57.34:013][846]LogBlueprintUserMessages: [2DSideScrollerCharacter_254] Left
[2017.02.23-04.57.34:029][847]LogBlueprintUserMessages: [2DSideScrollerCharacter_254] Left
[2017.02.23-04.57.34:045][848]LogBlueprintUserMessages: [2DSideScrollerCharacter_254] Left
[2017.02.23-04.57.34:062][849]LogBlueprintUserMessages: [2DSideScrollerCharacter_254] Left
[2017.02.23-04.57.34:078][850]LogBlueprintUserMessages: [2DSideScrollerCharacter_254] Left
[2017.02.23-04.57.34:094][851]LogBlueprintUserMessages: [2DSideScrollerCharacter_254] Left
[2017.02.23-04.57.34:110][852]LogBlueprintUserMessages: [2DSideScrollerCharacter_254] Left
[2017.02.23-04.57.34:126][853]LogBlueprintUserMessages: [2DSideScrollerCharacter_254] Left
[2017.02.23-04.57.34:142][854]LogBlueprintUserMessages: [2DSideScrollerCharacter_254] Left
[2017.02.23-04.57.34:159][855]LogBlueprintUserMessages: [2DSideScrollerCharacter_254] Left
[2017.02.23-04.57.34:175][856]LogBlueprintUserMessages: [2DSideScrollerCharacter_254] Left
[2017.02.23-04.57.34:191][857]LogBlueprintUserMessages: [2DSideScrollerCharacter_254] Left
[2017.02.23-04.57.34:207][858]LogBlueprintUserMessages: [2DSideScrollerCharacter_254] Left
[2017.02.23-04.57.34:223][859]LogBlueprintUserMessages: [2DSideScrollerCharacter_254] Left
[2017.02.23-04.57.34:239][860]LogBlueprintUserMessages: [2DSideScrollerCharacter_254] Left
[2017.02.23-04.57.34:255][861]LogBlueprintUserMessages: [2DSideScrollerCharacter_254] Left
[2017.02.23-04.57.34:271][862]LogBlueprintUserMessages: [2DSideScrollerCharacter_254] Left
[2017.02.23-04.57.34:288][863]LogBlueprintUserMessages: [2DSideScrollerCharacter_254] Left
[2017.02.23-04.57.34:304][864]LogBlueprintUserMessages: [2DSideScrollerCharacter_254] Left
[2017.02.23-04.57.34:320][865]LogBlueprintUserMessages: [2DSideScrollerCharacter_254] Left
[2017.02.23-04.57.34:336][866]LogBlueprintUserMessages: [2DSideScrollerCharacter_254] Left
[2017.02.23-04.57.34:353][867]LogBlueprintUserMessages: [2DSideScrollerCharacter_254] Left
[2017.02.23-04.57.34:368][868]LogBlueprintUserMessages: [2DSideScrollerCharacter_254] Left
[2017.02.23-04.57.34:384][869]LogBlueprintUserMessages: [2DSideScrollerCharacter_254] Left
[2017.02.23-04.57.34:400][870]LogBlueprintUserMessages: [2DSideScrollerCharacter_254] Left
[2017.02.23-04.57.34:416][871]LogBlueprintUserMessages: [2DSideScrollerCharacter_254] Left
[2017.02.23-04.57.34:433][872]LogBlueprintUserMessages: [2DSideScrollerCharacter_254] Left
[2017.02.23-04.57.34:449][873]LogBlueprintUserMessages: [2DSideScrollerCharacter_254] Left
[2017.02.23-04.57.34:465][874]LogBlueprintUserMessages: [2DSideScrollerCharacter_254] Left
[2017.02.23-04.57.34:481][875]LogBlueprintUserMessages: [2DSideScrollerCharacter_254] Left
[2017.02.23-04.57.34:497][876]LogBlueprintUserMessages: [2DSideScrollerCharacter_254] Left
[2017.02.23-04.57.34:513][877]LogBlueprintUserMessages: [2DSideScrollerCharacter_254] Left
[2017.02.23-04.57.34:529][878]LogBlueprintUserMessages: [2DSideScrollerCharacter_254] Left
[2017.02.23-04.57.34:546][879]LogBlueprintUserMessages: [2DSideScrollerCharacter_254] Left
[2017.02.23-04.57.34:562][880]LogBlueprintUserMessages: [2DSideScrollerCharacter_254] Left
[2017.02.23-04.57.34:578][881]LogBlueprintUserMessages: [2DSideScrollerCharacter_254] Left
[2017.02.23-04.57.34:594][882]LogBlueprintUserMessages: [2DSideScrollerCharacter_254] Left
[2017.02.23-04.57.34:611][883]LogBlueprintUserMessages: [2DSideScrollerCharacter_254] Left
[2017.02.23-04.57.34:627][884]LogBlueprintUserMessages: [2DSideScrollerCharacter_254] Left
[2017.02.23-04.57.34:643][885]LogBlueprintUserMessages: [2DSideScrollerCharacter_254] Left
[2017.02.23-04.57.34:661][886]LogBlueprintUserMessages: [2DSideScrollerCharacter_254] Left
[2017.02.23-04.57.34:675][887]LogBlueprintUserMessages: [2DSideScrollerCharacter_254] Left
[2017.02.23-04.57.34:691][888]LogBlueprintUserMessages: [2DSideScrollerCharacter_254] Left
[2017.02.23-04.57.34:708][889]LogBlueprintUserMessages: [2DSideScrollerCharacter_254] Left
[2017.02.23-04.57.34:724][890]LogBlueprintUserMessages: [2DSideScrollerCharacter_254] Left
[2017.02.23-04.57.34:739][891]LogBlueprintUserMessages: [2DSideScrollerCharacter_254] Left
[2017.02.23-04.57.34:755][892]LogBlueprintUserMessages: [2DSideScrollerCharacter_254] Left
[2017.02.23-04.57.34:772][893]LogBlueprintUserMessages: [2DSideScrollerCharacter_254] Left
[2017.02.23-04.57.34:788][894]LogBlueprintUserMessages: [2DSideScrollerCharacter_254] Left
[2017.02.23-04.57.34:805][895]LogBlueprintUserMessages: [2DSideScrollerCharacter_254] Left
[2017.02.23-04.57.34:820][896]LogBlueprintUserMessages: [2DSideScrollerCharacter_254] Left
[2017.02.23-04.57.34:836][897]LogBlueprintUserMessages: [2DSideScrollerCharacter_254] Left
[2017.02.23-04.57.34:852][898]LogBlueprintUserMessages: [2DSideScrollerCharacter_254] Left
[2017.02.23-04.57.34:868][899]LogBlueprintUserMessages: [2DSideScrollerCharacter_254] Left
[2017.02.23-04.57.34:884][900]LogBlueprintUserMessages: [2DSideScrollerCharacter_254] Left
[2017.02.23-04.57.34:901][901]LogBlueprintUserMessages: [2DSideScrollerCharacter_254] Left
[2017.02.23-04.57.34:917][902]LogBlueprintUserMessages: [2DSideScrollerCharacter_254] Left
[2017.02.23-04.57.34:933][903]LogBlueprintUserMessages: [2DSideScrollerCharacter_254] Left
[2017.02.23-04.57.34:949][904]LogBlueprintUserMessages: [2DSideScrollerCharacter_254] Left
[2017.02.23-04.57.34:965][905]LogBlueprintUserMessages: [2DSideScrollerCharacter_254] Left
[2017.02.23-04.57.34:981][906]LogBlueprintUserMessages: [2DSideScrollerCharacter_254] Left
[2017.02.23-04.57.34:997][907]LogBlueprintUserMessages: [2DSideScrollerCharacter_254] Left
[2017.02.23-04.57.35:013][908]LogBlueprintUserMessages: [2DSideScrollerCharacter_254] Left
[2017.02.23-04.57.35:030][909]LogBlueprintUserMessages: [2DSideScrollerCharacter_254] Left
[2017.02.23-04.57.35:046][910]LogBlueprintUserMessages: [2DSideScrollerCharacter_254] Left
[2017.02.23-04.57.35:062][911]LogBlueprintUserMessages: [2DSideScrollerCharacter_254] Left
[2017.02.23-04.57.35:079][912]LogBlueprintUserMessages: [2DSideScrollerCharacter_254] Left
[2017.02.23-04.57.35:094][913]LogBlueprintUserMessages: [2DSideScrollerCharacter_254] Left
[2017.02.23-04.57.35:110][914]LogBlueprintUserMessages: [2DSideScrollerCharacter_254] Left
[2017.02.23-04.57.35:126][915]LogBlueprintUserMessages: [2DSideScrollerCharacter_254] Left
[2017.02.23-04.57.35:143][916]LogBlueprintUserMessages: [2DSideScrollerCharacter_254] Left
[2017.02.23-04.57.35:159][917]LogBlueprintUserMessages: [2DSideScrollerCharacter_254] Left
[2017.02.23-04.57.35:175][918]LogBlueprintUserMessages: [2DSideScrollerCharacter_254] Left
[2017.02.23-04.57.35:191][919]LogBlueprintUserMessages: [2DSideScrollerCharacter_254] Left
[2017.02.23-04.57.35:208][920]LogBlueprintUserMessages: [2DSideScrollerCharacter_254] Left
[2017.02.23-04.57.35:224][921]LogBlueprintUserMessages: [2DSideScrollerCharacter_254] Left
[2017.02.23-04.57.35:240][922]LogBlueprintUserMessages: [2DSideScrollerCharacter_254] Left
[2017.02.23-04.57.35:256][923]LogBlueprintUserMessages: [2DSideScrollerCharacter_254] Left
[2017.02.23-04.57.35:272][924]LogBlueprintUserMessages: [2DSideScrollerCharacter_254] Left
[2017.02.23-04.57.35:288][925]LogBlueprintUserMessages: [2DSideScrollerCharacter_254] Left
[2017.02.23-04.57.35:304][926]LogBlueprintUserMessages: [2DSideScrollerCharacter_254] Left
[2017.02.23-04.57.35:320][927]LogBlueprintUserMessages: [2DSideScrollerCharacter_254] Left
[2017.02.23-04.57.35:336][928]LogBlueprintUserMessages: [2DSideScrollerCharacter_254] Left
[2017.02.23-04.57.35:352][929]LogBlueprintUserMessages: [2DSideScrollerCharacter_254] Left
[2017.02.23-04.57.35:369][930]LogBlueprintUserMessages: [2DSideScrollerCharacter_254] Left
[2017.02.23-04.57.35:384][931]LogBlueprintUserMessages: [2DSideScrollerCharacter_254] Left
[2017.02.23-04.57.35:401][932]LogBlueprintUserMessages: [2DSideScrollerCharacter_254] Left
[2017.02.23-04.57.35:417][933]LogBlueprintUserMessages: [2DSideScrollerCharacter_254] Left
[2017.02.23-04.57.35:433][934]LogBlueprintUserMessages: [2DSideScrollerCharacter_254] Left
[2017.02.23-04.57.35:449][935]LogBlueprintUserMessages: [2DSideScrollerCharacter_254] Left
[2017.02.23-04.57.35:465][936]LogBlueprintUserMessages: [2DSideScrollerCharacter_254] Left
[2017.02.23-04.57.35:481][937]LogBlueprintUserMessages: [2DSideScrollerCharacter_254] Left
[2017.02.23-04.57.35:497][938]LogBlueprintUserMessages: [2DSideScrollerCharacter_254] Left
[2017.02.23-04.57.35:513][939]LogBlueprintUserMessages: [2DSideScrollerCharacter_254] Left
[2017.02.23-04.57.35:530][940]LogBlueprintUserMessages: [2DSideScrollerCharacter_254] Left
[2017.02.23-04.57.35:546][941]LogBlueprintUserMessages: [2DSideScrollerCharacter_254] Left
[2017.02.23-04.57.35:562][942]LogBlueprintUserMessages: [2DSideScrollerCharacter_254] Left
[2017.02.23-04.57.35:578][943]LogBlueprintUserMessages: [2DSideScrollerCharacter_254] Left
[2017.02.23-04.57.35:594][944]LogBlueprintUserMessages: [2DSideScrollerCharacter_254] Left
[2017.02.23-04.57.35:611][945]LogBlueprintUserMessages: [2DSideScrollerCharacter_254] Left
[2017.02.23-04.57.35:626][946]LogBlueprintUserMessages: [2DSideScrollerCharacter_254] Left
[2017.02.23-04.57.35:642][947]LogBlueprintUserMessages: [2DSideScrollerCharacter_254] Left
[2017.02.23-04.57.35:658][948]LogBlueprintUserMessages: [2DSideScrollerCharacter_254] Left
[2017.02.23-04.57.35:674][949]LogBlueprintUserMessages: [2DSideScrollerCharacter_254] Left
[2017.02.23-04.57.35:691][950]LogBlueprintUserMessages: [2DSideScrollerCharacter_254] Left
[2017.02.23-04.57.35:707][951]LogBlueprintUserMessages: [2DSideScrollerCharacter_254] Left
[2017.02.23-04.57.35:723][952]LogBlueprintUserMessages: [2DSideScrollerCharacter_254] Left
[2017.02.23-04.57.35:739][953]LogBlueprintUserMessages: [2DSideScrollerCharacter_254] Left
[2017.02.23-04.57.35:755][954]LogBlueprintUserMessages: [2DSideScrollerCharacter_254] Left
[2017.02.23-04.57.35:771][955]LogBlueprintUserMessages: [2DSideScrollerCharacter_254] Left
[2017.02.23-04.57.35:787][956]LogBlueprintUserMessages: [2DSideScrollerCharacter_254] Left
[2017.02.23-04.57.35:803][957]LogBlueprintUserMessages: [2DSideScrollerCharacter_254] Left
[2017.02.23-04.57.35:820][958]LogBlueprintUserMessages: [2DSideScrollerCharacter_254] Left
[2017.02.23-04.57.35:836][959]LogBlueprintUserMessages: [2DSideScrollerCharacter_254] Left
[2017.02.23-04.57.35:852][960]LogBlueprintUserMessages: [2DSideScrollerCharacter_254] Left
[2017.02.23-04.57.35:868][961]LogBlueprintUserMessages: [2DSideScrollerCharacter_254] Left
[2017.02.23-04.57.35:884][962]LogBlueprintUserMessages: [2DSideScrollerCharacter_254] Left
[2017.02.23-04.57.35:900][963]LogBlueprintUserMessages: [2DSideScrollerCharacter_254] Left
[2017.02.23-04.57.35:916][964]LogBlueprintUserMessages: [2DSideScrollerCharacter_254] Left
[2017.02.23-04.57.35:933][965]LogBlueprintUserMessages: [2DSideScrollerCharacter_254] Left
[2017.02.23-04.57.35:948][966]LogBlueprintUserMessages: [2DSideScrollerCharacter_254] Left
[2017.02.23-04.57.35:966][967]LogBlueprintUserMessages: [2DSideScrollerCharacter_254] Left
[2017.02.23-04.57.35:983][968]LogBlueprintUserMessages: [2DSideScrollerCharacter_254] Left
[2017.02.23-04.57.35:999][969]LogBlueprintUserMessages: [2DSideScrollerCharacter_254] Left
[2017.02.23-04.57.36:014][970]LogBlueprintUserMessages: [2DSideScrollerCharacter_254] Left
[2017.02.23-04.57.36:030][971]LogBlueprintUserMessages: [2DSideScrollerCharacter_254] Left
[2017.02.23-04.57.36:046][972]LogBlueprintUserMessages: [2DSideScrollerCharacter_254] Left
[2017.02.23-04.57.36:062][973]LogBlueprintUserMessages: [2DSideScrollerCharacter_254] Left
[2017.02.23-04.57.36:079][974]LogBlueprintUserMessages: [2DSideScrollerCharacter_254] Left
[2017.02.23-04.57.36:095][975]LogBlueprintUserMessages: [2DSideScrollerCharacter_254] Left
[2017.02.23-04.57.36:112][976]LogBlueprintUserMessages: [2DSideScrollerCharacter_254] Left
[2017.02.23-04.57.36:128][977]LogBlueprintUserMessages: [2DSideScrollerCharacter_254] Left
[2017.02.23-04.57.36:143][978]LogBlueprintUserMessages: [2DSideScrollerCharacter_254] Left
[2017.02.23-04.57.36:159][979]LogBlueprintUserMessages: [2DSideScrollerCharacter_254] Left
[2017.02.23-04.57.36:175][980]LogBlueprintUserMessages: [2DSideScrollerCharacter_254] Left
[2017.02.23-04.57.36:191][981]LogBlueprintUserMessages: [2DSideScrollerCharacter_254] Left
[2017.02.23-04.57.36:207][982]LogBlueprintUserMessages: [2DSideScrollerCharacter_254] Left
[2017.02.23-04.57.36:223][983]LogBlueprintUserMessages: [2DSideScrollerCharacter_254] Left
[2017.02.23-04.57.36:239][984]LogBlueprintUserMessages: [2DSideScrollerCharacter_254] Left
[2017.02.23-04.57.36:256][985]LogBlueprintUserMessages: [2DSideScrollerCharacter_254] Left
[2017.02.23-04.57.36:272][986]LogBlueprintUserMessages: [2DSideScrollerCharacter_254] Left
[2017.02.23-04.57.36:289][987]LogBlueprintUserMessages: [2DSideScrollerCharacter_254] Left
[2017.02.23-04.57.36:305][988]LogBlueprintUserMessages: [2DSideScrollerCharacter_254] Left
[2017.02.23-04.57.36:321][989]LogBlueprintUserMessages: [2DSideScrollerCharacter_254] Left
[2017.02.23-04.57.36:337][990]LogBlueprintUserMessages: [2DSideScrollerCharacter_254] Left
[2017.02.23-04.57.36:353][991]LogBlueprintUserMessages: [2DSideScrollerCharacter_254] Left
[2017.02.23-04.57.36:370][992]LogBlueprintUserMessages: [2DSideScrollerCharacter_254] Left
[2017.02.23-04.57.36:386][993]LogBlueprintUserMessages: [2DSideScrollerCharacter_254] Left
[2017.02.23-04.57.36:402][994]LogBlueprintUserMessages: [2DSideScrollerCharacter_254] Left
[2017.02.23-04.57.36:418][995]LogBlueprintUserMessages: [2DSideScrollerCharacter_254] Left
[2017.02.23-04.57.36:434][996]LogBlueprintUserMessages: [2DSideScrollerCharacter_254] Left
[2017.02.23-04.57.36:450][997]LogBlueprintUserMessages: [2DSideScrollerCharacter_254] Left
[2017.02.23-04.57.36:467][998]LogBlueprintUserMessages: [2DSideScrollerCharacter_254] Left
[2017.02.23-04.57.36:483][999]LogBlueprintUserMessages: [2DSideScrollerCharacter_254] Left
[2017.02.23-04.57.36:499][  0]LogBlueprintUserMessages: [2DSideScrollerCharacter_254] Left
[2017.02.23-04.57.36:515][  1]LogBlueprintUserMessages: [2DSideScrollerCharacter_254] Left
[2017.02.23-04.57.36:531][  2]LogBlueprintUserMessages: [2DSideScrollerCharacter_254] Left
[2017.02.23-04.57.36:547][  3]LogBlueprintUserMessages: [2DSideScrollerCharacter_254] Left
[2017.02.23-04.57.36:563][  4]LogBlueprintUserMessages: [2DSideScrollerCharacter_254] Left
[2017.02.23-04.57.36:579][  5]LogBlueprintUserMessages: [2DSideScrollerCharacter_254] Left
[2017.02.23-04.57.36:597][  6]LogBlueprintUserMessages: [2DSideScrollerCharacter_254] Left
[2017.02.23-04.57.36:611][  7]LogBlueprintUserMessages: [2DSideScrollerCharacter_254] Left
[2017.02.23-04.57.36:628][  8]LogBlueprintUserMessages: [2DSideScrollerCharacter_254] Left
[2017.02.23-04.57.36:644][  9]LogBlueprintUserMessages: [2DSideScrollerCharacter_254] Left
[2017.02.23-04.57.36:660][ 10]LogBlueprintUserMessages: [2DSideScrollerCharacter_254] Left
[2017.02.23-04.57.36:676][ 11]LogBlueprintUserMessages: [2DSideScrollerCharacter_254] Left
[2017.02.23-04.57.36:692][ 12]LogBlueprintUserMessages: [2DSideScrollerCharacter_254] Left
[2017.02.23-04.57.36:709][ 13]LogBlueprintUserMessages: [2DSideScrollerCharacter_254] Left
[2017.02.23-04.57.36:725][ 14]LogBlueprintUserMessages: [2DSideScrollerCharacter_254] Left
[2017.02.23-04.57.36:741][ 15]LogBlueprintUserMessages: [2DSideScrollerCharacter_254] Left
[2017.02.23-04.57.36:757][ 16]LogBlueprintUserMessages: [2DSideScrollerCharacter_254] Left
[2017.02.23-04.57.36:773][ 17]LogBlueprintUserMessages: [2DSideScrollerCharacter_254] Left
[2017.02.23-04.57.36:790][ 18]LogBlueprintUserMessages: [2DSideScrollerCharacter_254] Left
[2017.02.23-04.57.36:805][ 19]LogBlueprintUserMessages: [2DSideScrollerCharacter_254] Left
[2017.02.23-04.57.36:821][ 20]LogBlueprintUserMessages: [2DSideScrollerCharacter_254] Left
[2017.02.23-04.57.36:838][ 21]LogBlueprintUserMessages: [2DSideScrollerCharacter_254] Left
[2017.02.23-04.57.36:854][ 22]LogBlueprintUserMessages: [2DSideScrollerCharacter_254] Left
[2017.02.23-04.57.36:870][ 23]LogBlueprintUserMessages: [2DSideScrollerCharacter_254] Left
[2017.02.23-04.57.36:886][ 24]LogBlueprintUserMessages: [2DSideScrollerCharacter_254] Left
[2017.02.23-04.57.36:902][ 25]LogBlueprintUserMessages: [2DSideScrollerCharacter_254] Left
[2017.02.23-04.57.36:918][ 26]LogBlueprintUserMessages: [2DSideScrollerCharacter_254] Left
[2017.02.23-04.57.36:934][ 27]LogBlueprintUserMessages: [2DSideScrollerCharacter_254] Left
[2017.02.23-04.57.36:951][ 28]LogBlueprintUserMessages: [2DSideScrollerCharacter_254] Left
[2017.02.23-04.57.36:966][ 29]LogBlueprintUserMessages: [2DSideScrollerCharacter_254] Left
[2017.02.23-04.57.36:982][ 30]LogBlueprintUserMessages: [2DSideScrollerCharacter_254] Left
[2017.02.23-04.57.36:999][ 31]LogBlueprintUserMessages: [2DSideScrollerCharacter_254] Left
[2017.02.23-04.57.37:015][ 32]LogBlueprintUserMessages: [2DSideScrollerCharacter_254] Left
[2017.02.23-04.57.37:031][ 33]LogBlueprintUserMessages: [2DSideScrollerCharacter_254] Left
[2017.02.23-04.57.37:047][ 34]LogBlueprintUserMessages: [2DSideScrollerCharacter_254] Left
[2017.02.23-04.57.37:063][ 35]LogBlueprintUserMessages: [2DSideScrollerCharacter_254] Left
[2017.02.23-04.57.37:080][ 36]LogBlueprintUserMessages: [2DSideScrollerCharacter_254] Left
[2017.02.23-04.57.37:096][ 37]LogBlueprintUserMessages: [2DSideScrollerCharacter_254] Left
[2017.02.23-04.57.37:112][ 38]LogBlueprintUserMessages: [2DSideScrollerCharacter_254] Left
[2017.02.23-04.57.37:128][ 39]LogBlueprintUserMessages: [2DSideScrollerCharacter_254] Left
[2017.02.23-04.57.37:144][ 40]LogBlueprintUserMessages: [2DSideScrollerCharacter_254] Left
[2017.02.23-04.57.37:160][ 41]LogBlueprintUserMessages: [2DSideScrollerCharacter_254] Left
[2017.02.23-04.57.37:178][ 42]LogBlueprintUserMessages: [2DSideScrollerCharacter_254] Left
[2017.02.23-04.57.37:193][ 43]LogBlueprintUserMessages: [2DSideScrollerCharacter_254] Left
[2017.02.23-04.57.37:209][ 44]LogBlueprintUserMessages: [2DSideScrollerCharacter_254] Left
[2017.02.23-04.57.37:225][ 45]LogBlueprintUserMessages: [2DSideScrollerCharacter_254] Left
[2017.02.23-04.57.37:241][ 46]LogBlueprintUserMessages: [2DSideScrollerCharacter_254] Left
[2017.02.23-04.57.37:257][ 47]LogBlueprintUserMessages: [2DSideScrollerCharacter_254] Left
[2017.02.23-04.57.37:273][ 48]LogBlueprintUserMessages: [2DSideScrollerCharacter_254] Left
[2017.02.23-04.57.37:290][ 49]LogBlueprintUserMessages: [2DSideScrollerCharacter_254] Left
[2017.02.23-04.57.37:305][ 50]LogBlueprintUserMessages: [2DSideScrollerCharacter_254] Left
[2017.02.23-04.57.37:321][ 51]LogBlueprintUserMessages: [2DSideScrollerCharacter_254] Left
[2017.02.23-04.57.37:338][ 52]LogBlueprintUserMessages: [2DSideScrollerCharacter_254] Left
[2017.02.23-04.57.37:354][ 53]LogBlueprintUserMessages: [2DSideScrollerCharacter_254] Left
[2017.02.23-04.57.37:370][ 54]LogBlueprintUserMessages: [2DSideScrollerCharacter_254] Left
[2017.02.23-04.57.37:386][ 55]LogBlueprintUserMessages: [2DSideScrollerCharacter_254] Left
[2017.02.23-04.57.37:401][ 56]LogBlueprintUserMessages: [2DSideScrollerCharacter_254] Left
[2017.02.23-04.57.37:417][ 57]LogBlueprintUserMessages: [2DSideScrollerCharacter_254] Left
[2017.02.23-04.57.37:433][ 58]LogBlueprintUserMessages: [2DSideScrollerCharacter_254] Left
[2017.02.23-04.57.37:449][ 59]LogBlueprintUserMessages: [2DSideScrollerCharacter_254] Left
[2017.02.23-04.57.37:466][ 60]LogBlueprintUserMessages: [2DSideScrollerCharacter_254] Left
[2017.02.23-04.57.37:482][ 61]LogBlueprintUserMessages: [2DSideScrollerCharacter_254] Left
[2017.02.23-04.57.37:498][ 62]LogBlueprintUserMessages: [2DSideScrollerCharacter_254] Left
[2017.02.23-04.57.37:514][ 63]LogBlueprintUserMessages: [2DSideScrollerCharacter_254] Left
[2017.02.23-04.57.37:530][ 64]LogBlueprintUserMessages: [2DSideScrollerCharacter_254] Left
[2017.02.23-04.57.37:546][ 65]LogBlueprintUserMessages: [2DSideScrollerCharacter_254] Left
[2017.02.23-04.57.37:562][ 66]LogBlueprintUserMessages: [2DSideScrollerCharacter_254] Left
[2017.02.23-04.57.37:579][ 67]LogBlueprintUserMessages: [2DSideScrollerCharacter_254] Left
[2017.02.23-04.57.37:595][ 68]LogBlueprintUserMessages: [2DSideScrollerCharacter_254] Left
[2017.02.23-04.57.37:610][ 69]LogBlueprintUserMessages: [2DSideScrollerCharacter_254] Left
[2017.02.23-04.57.37:627][ 70]LogBlueprintUserMessages: [2DSideScrollerCharacter_254] Left
[2017.02.23-04.57.37:643][ 71]LogBlueprintUserMessages: [2DSideScrollerCharacter_254] Left
[2017.02.23-04.57.37:659][ 72]LogBlueprintUserMessages: [2DSideScrollerCharacter_254] Left
[2017.02.23-04.57.37:675][ 73]LogBlueprintUserMessages: [2DSideScrollerCharacter_254] Left
[2017.02.23-04.57.37:691][ 74]LogBlueprintUserMessages: [2DSideScrollerCharacter_254] Left
[2017.02.23-04.57.37:707][ 75]LogBlueprintUserMessages: [2DSideScrollerCharacter_254] Left
[2017.02.23-04.57.37:723][ 76]LogBlueprintUserMessages: [2DSideScrollerCharacter_254] Left
[2017.02.23-04.57.37:740][ 77]LogBlueprintUserMessages: [2DSideScrollerCharacter_254] Left
[2017.02.23-04.57.37:756][ 78]LogBlueprintUserMessages: [2DSideScrollerCharacter_254] Left
[2017.02.23-04.57.37:772][ 79]LogBlueprintUserMessages: [2DSideScrollerCharacter_254] Left
[2017.02.23-04.57.37:788][ 80]LogBlueprintUserMessages: [2DSideScrollerCharacter_254] Left
[2017.02.23-04.57.37:804][ 81]LogBlueprintUserMessages: [2DSideScrollerCharacter_254] Left
[2017.02.23-04.57.37:820][ 82]LogBlueprintUserMessages: [2DSideScrollerCharacter_254] Left
[2017.02.23-04.57.37:836][ 83]LogBlueprintUserMessages: [2DSideScrollerCharacter_254] Left
[2017.02.23-04.57.37:852][ 84]LogBlueprintUserMessages: [2DSideScrollerCharacter_254] Left
[2017.02.23-04.57.37:869][ 85]LogBlueprintUserMessages: [2DSideScrollerCharacter_254] Left
[2017.02.23-04.57.37:885][ 86]LogBlueprintUserMessages: [2DSideScrollerCharacter_254] Left
[2017.02.23-04.57.37:901][ 87]LogBlueprintUserMessages: [2DSideScrollerCharacter_254] Left
[2017.02.23-04.57.37:917][ 88]LogBlueprintUserMessages: [2DSideScrollerCharacter_254] Left
[2017.02.23-04.57.37:933][ 89]LogBlueprintUserMessages: [2DSideScrollerCharacter_254] Left
[2017.02.23-04.57.37:949][ 90]LogBlueprintUserMessages: [2DSideScrollerCharacter_254] Left
[2017.02.23-04.57.37:966][ 91]LogBlueprintUserMessages: [2DSideScrollerCharacter_254] Left
[2017.02.23-04.57.37:981][ 92]LogBlueprintUserMessages: [2DSideScrollerCharacter_254] Left
[2017.02.23-04.57.37:998][ 93]LogBlueprintUserMessages: [2DSideScrollerCharacter_254] Left
[2017.02.23-04.57.38:014][ 94]LogBlueprintUserMessages: [2DSideScrollerCharacter_254] Left
[2017.02.23-04.57.38:030][ 95]LogBlueprintUserMessages: [2DSideScrollerCharacter_254] Left
[2017.02.23-04.57.38:046][ 96]LogBlueprintUserMessages: [2DSideScrollerCharacter_254] Left
[2017.02.23-04.57.38:062][ 97]LogBlueprintUserMessages: [2DSideScrollerCharacter_254] Left
[2017.02.23-04.57.38:078][ 98]LogBlueprintUserMessages: [2DSideScrollerCharacter_254] Left
[2017.02.23-04.57.38:095][ 99]LogBlueprintUserMessages: [2DSideScrollerCharacter_254] Left
[2017.02.23-04.57.38:110][100]LogBlueprintUserMessages: [2DSideScrollerCharacter_254] Left
[2017.02.23-04.57.38:127][101]LogBlueprintUserMessages: [2DSideScrollerCharacter_254] Left
[2017.02.23-04.57.38:143][102]LogBlueprintUserMessages: [2DSideScrollerCharacter_254] Left
[2017.02.23-04.57.44:170][475]Closing by request
[2017.02.23-04.57.44:170][475]LogWindows: FPlatformMisc::RequestExit(0)
[2017.02.23-04.57.44:172][476]LogMoviePlayer: Shutting down movie player
[2017.02.23-04.57.44:415][476]LogWindowsTextInputMethodSystem:Display: IME system now deactivated.
[2017.02.23-04.57.44:420][476]LogExit: Preparing to exit.
[2017.02.23-04.57.45:213][476]LogExit: Game engine shut down
[2017.02.23-04.57.45:304][476]LogObj: Freed 0b from 0 cluster array pools.
[2017.02.23-04.57.45:304][476]LogExit: Object subsystem successfully closed.
[2017.02.23-04.57.45:310][476]LogD3D11RHI: Shutdown
[2017.02.23-04.57.45:310][476]LogD3D11RHI: CleanupD3DDevice
[2017.02.23-04.57.45:330][476]LogD3D11RHI: ~FD3D11DynamicRHI
[2017.02.23-04.57.45:341][476]LogModuleManager: Shutting down and abandoning module SequenceRecorderSections (119)
[2017.02.23-04.57.45:341][476]LogModuleManager: Shutting down and abandoning module SequenceRecorder (118)
[2017.02.23-04.57.45:341][476]LogModuleManager: Shutting down and abandoning module AutomationController (117)
[2017.02.23-04.57.45:341][476]LogModuleManager: Shutting down and abandoning module AutomationWorker (116)
[2017.02.23-04.57.45:341][476]LogModuleManager: Shutting down and abandoning module GameplayDebugger (115)
[2017.02.23-04.57.45:341][476]LogModuleManager: Shutting down and abandoning module AITestSuite (114)
[2017.02.23-04.57.45:341][476]LogModuleManager: Shutting down and abandoning module AIModule (113)
[2017.02.23-04.57.45:341][476]LogModuleManager: Shutting down and abandoning module WmfMediaFactory (112)
[2017.02.23-04.57.45:341][476]LogModuleManager: Shutting down and abandoning module AvfMediaFactory (111)
[2017.02.23-04.57.45:341][476]LogModuleManager: Shutting down and abandoning module Media (110)
[2017.02.23-04.57.45:341][476]LogModuleManager: Shutting down and abandoning module AndroidMediaFactory (109)
[2017.02.23-04.57.45:341][476]LogModuleManager: Shutting down and abandoning module CharacterAI (108)
[2017.02.23-04.57.45:341][476]LogModuleManager: Shutting down and abandoning module SessionServices (107)
[2017.02.23-04.57.45:341][476]LogModuleManager: Shutting down and abandoning module MovieSceneCapture (106)
[2017.02.23-04.57.45:341][476]LogModuleManager: Shutting down and abandoning module Niagara (105)
[2017.02.23-04.57.45:341][476]LogModuleManager: Shutting down and abandoning module StreamingPauseRendering (104)
[2017.02.23-04.57.45:341][476]LogModuleManager: Shutting down and abandoning module PortalServices (103)
[2017.02.23-04.57.45:341][476]LogModuleManager: Shutting down and abandoning module PortalRpc (102)
[2017.02.23-04.57.45:341][476]LogModuleManager: Shutting down and abandoning module MessagingRpc (101)
[2017.02.23-04.57.45:341][476]LogModuleManager: Shutting down and abandoning module ProfilerService (100)
[2017.02.23-04.57.45:395][476]LogModuleManager: Shutting down and abandoning module TaskGraph (99)
[2017.02.23-04.57.45:395][476]LogModuleManager: Shutting down and abandoning module SlateRemote (98)
[2017.02.23-04.57.45:395][476]LogModuleManager: Shutting down and abandoning module SteamVRController (97)
[2017.02.23-04.57.45:395][476]LogModuleManager: Shutting down and abandoning module SteamVR (96)
[2017.02.23-04.57.45:395][476]LogModuleManager: Shutting down and abandoning module ProceduralMeshComponent (95)
[2017.02.23-04.57.45:395][476]LogModuleManager: Shutting down and abandoning module OculusLibrary (94)
[2017.02.23-04.57.45:395][476]LogModuleManager: Shutting down and abandoning module OculusInput (93)
[2017.02.23-04.57.45:395][476]LogModuleManager: Shutting down and abandoning module CustomMeshComponent (92)
[2017.02.23-04.57.45:396][476]LogModuleManager: Shutting down and abandoning module CableComponent (91)
[2017.02.23-04.57.45:396][476]LogModuleManager: Shutting down and abandoning module ArchVisCharacter (90)
[2017.02.23-04.57.45:396][476]LogModuleManager: Shutting down and abandoning module HTML5Networking (88)
[2017.02.23-04.57.45:396][476]LogModuleManager: Shutting down and abandoning module DesktopPlatform (87)
[2017.02.23-04.57.45:396][476]LogModuleManager: Shutting down and abandoning module DirectoryWatcher (86)
[2017.02.23-04.57.45:396][476]LogModuleManager: Shutting down and abandoning module HotReload (85)
[2017.02.23-04.57.45:396][476]LogModuleManager: Shutting down and abandoning module VisualStudioSourceCodeAccess (84)
[2017.02.23-04.57.45:396][476]LogModuleManager: Shutting down and abandoning module UObjectPlugin (83)
[2017.02.23-04.57.45:396][476]LogModuleManager: Shutting down and abandoning module SubversionSourceControl (82)
[2017.02.23-04.57.45:396][476]LogModuleManager: Shutting down and abandoning module SourceControl (81)
[2017.02.23-04.57.45:396][476]LogModuleManager: Shutting down and abandoning module PerforceSourceControl (80)
[2017.02.23-04.57.45:396][476]LogModuleManager: Shutting down and abandoning module UdpMessaging (79)
[2017.02.23-04.57.45:496][476]LogModuleManager: Shutting down and abandoning module TcpMessaging (78)
[2017.02.23-04.57.46:073][476]LogModuleManager: Shutting down and abandoning module LightPropagationVolumeRuntime (77)
[2017.02.23-04.57.46:073][476]LogModuleManager: Shutting down and abandoning module Paper2D (76)
[2017.02.23-04.57.46:073][476]LogModuleManager: Shutting down and abandoning module WindowsMoviePlayer (75)
[2017.02.23-04.57.46:073][476]LogModuleManager: Shutting down and abandoning module WmfMedia (74)
[2017.02.23-04.57.46:073][476]LogModuleManager: Shutting down and abandoning module MediaAssets (73)
[2017.02.23-04.57.46:073][476]LogModuleManager: Shutting down and abandoning module GameLiveStreaming (72)
[2017.02.23-04.57.46:073][476]LogModuleManager: Shutting down and abandoning module GameplayTagsEditor (71)
[2017.02.23-04.57.46:073][476]LogModuleManager: Shutting down and abandoning module VREditor (70)
[2017.02.23-04.57.46:073][476]LogModuleManager: Shutting down and abandoning module GameplayTasksEditor (69)
[2017.02.23-04.57.46:073][476]LogModuleManager: Shutting down and abandoning module PropertyEditor (68)
[2017.02.23-04.57.46:073][476]LogModuleManager: Shutting down and abandoning module BehaviorTreeEditor (67)
[2017.02.23-04.57.46:073][476]LogModuleManager: Shutting down and abandoning module FunctionalTesting (66)
[2017.02.23-04.57.46:073][476]LogModuleManager: Shutting down and abandoning module CollisionAnalyzer (65)
[2017.02.23-04.57.46:073][476]LogModuleManager: Shutting down and abandoning module Sequencer (64)
[2017.02.23-04.57.46:073][476]LogModuleManager: Shutting down and abandoning module WorkspaceMenuStructure (63)
[2017.02.23-04.57.46:073][476]LogModuleManager: Shutting down and abandoning module MessageLog (62)
[2017.02.23-04.57.46:073][476]LogModuleManager: Shutting down and abandoning module AssetTools (61)
[2017.02.23-04.57.46:073][476]LogModuleManager: Shutting down and abandoning module UMGEditor (60)
[2017.02.23-04.57.46:074][476]LogModuleManager: Shutting down and abandoning module UMG (59)
[2017.02.23-04.57.46:074][476]LogModuleManager: Shutting down and abandoning module SlateReflector (58)
[2017.02.23-04.57.46:074][476]LogModuleManager: Shutting down and abandoning module Slate (57)
[2017.02.23-04.57.46:074][476]LogModuleManager: Shutting down and abandoning module EditorStyle (56)
[2017.02.23-04.57.46:075][476]LogModuleManager: Shutting down and abandoning module Messaging (55)
[2017.02.23-04.57.46:075][476]LogModuleManager: Shutting down and abandoning module SourceCodeAccess (54)
[2017.02.23-04.57.46:075][476]LogModuleManager: Shutting down and abandoning module HeadMountedDisplay (53)
[2017.02.23-04.57.46:075][476]LogModuleManager: Shutting down and abandoning module XAudio2 (52)
[2017.02.23-04.57.46:075][476]LogModuleManager: Shutting down and abandoning module Networking (50)
[2017.02.23-04.57.46:075][476]LogModuleManager: Shutting down and abandoning module Core (49)
[2017.02.23-04.57.46:075][476]LogModuleManager: Shutting down and abandoning module KismetCompiler (48)
[2017.02.23-04.57.46:075][476]LogModuleManager: Shutting down and abandoning module PhysXFormats (47)
[2017.02.23-04.57.46:075][476]LogModuleManager: Shutting down and abandoning module MeshUtilities (46)
[2017.02.23-04.57.46:075][476]LogModuleManager: Shutting down and abandoning module AssetRegistry (45)
[2017.02.23-04.57.46:076][476]LogModuleManager: Shutting down and abandoning module DerivedDataCache (44)
[2017.02.23-04.57.46:085][476]LogDerivedDataCache: Shutdown
[2017.02.23-04.57.46:085][476]LogModuleManager: Shutting down and abandoning module VulkanShaderFormat (43)
[2017.02.23-04.57.46:085][476]LogModuleManager: Shutting down and abandoning module ShaderFormatOpenGL (42)
[2017.02.23-04.57.46:085][476]LogModuleManager: Shutting down and abandoning module ShaderFormatD3D (41)
[2017.02.23-04.57.46:085][476]LogModuleManager: Shutting down and abandoning module MetalShaderFormat (40)
[2017.02.23-04.57.46:085][476]LogModuleManager: Shutting down and abandoning module TextureFormatUncompressed (39)
[2017.02.23-04.57.46:085][476]LogModuleManager: Shutting down and abandoning module TextureFormatPVR (38)
[2017.02.23-04.57.46:085][476]LogModuleManager: Shutting down and abandoning module TextureFormatDXT (37)
[2017.02.23-04.57.46:085][476]LogModuleManager: Shutting down and abandoning module TextureFormatIntelISPCTexComp (36)
[2017.02.23-04.57.46:085][476]LogModuleManager: Shutting down and abandoning module ImageWrapper (35)
[2017.02.23-04.57.46:085][476]LogModuleManager: Shutting down and abandoning module TextureFormatASTC (34)
[2017.02.23-04.57.46:085][476]LogModuleManager: Shutting down and abandoning module TextureFormatAndroid (33)
[2017.02.23-04.57.46:085][476]LogModuleManager: Shutting down and abandoning module AudioFormatOpus (32)
[2017.02.23-04.57.46:085][476]LogModuleManager: Shutting down and abandoning module AudioFormatOgg (31)
[2017.02.23-04.57.46:085][476]LogModuleManager: Shutting down and abandoning module AudioFormatADPCM (30)
[2017.02.23-04.57.46:085][476]LogModuleManager: Shutting down and abandoning module WindowsTargetPlatform (29)
[2017.02.23-04.57.46:085][476]LogModuleManager: Shutting down and abandoning module WindowsServerTargetPlatform (28)
[2017.02.23-04.57.46:085][476]LogModuleManager: Shutting down and abandoning module WindowsNoEditorTargetPlatform (27)
[2017.02.23-04.57.46:085][476]LogModuleManager: Shutting down and abandoning module WindowsClientTargetPlatform (26)
[2017.02.23-04.57.46:085][476]LogModuleManager: Shutting down and abandoning module TargetPlatform (25)
[2017.02.23-04.57.46:085][476]LogModuleManager: Shutting down and abandoning module InputCore (24)
[2017.02.23-04.57.46:085][476]LogModuleManager: Shutting down and abandoning module Settings (23)
[2017.02.23-04.57.46:085][476]LogModuleManager: Shutting down and abandoning module OculusRift (22)
[2017.02.23-04.57.46:085][476]LogModuleManager: Shutting down and abandoning module GearVR (21)
[2017.02.23-04.57.46:085][476]LogModuleManager: Shutting down and abandoning module ExampleDeviceProfileSelector (20)
[2017.02.23-04.57.46:085][476]LogModuleManager: Shutting down and abandoning module OnlineBlueprintSupport (19)
[2017.02.23-04.57.46:085][476]LogModuleManager: Shutting down and abandoning module OnlineSubsystem (17)
[2017.02.23-04.57.46:085][476]LogOnline:Display: Unloading online subsystem: NULL
[2017.02.23-04.57.46:085][476]LogModuleManager: Shutting down and abandoning module HTTP (16)
[2017.02.23-04.57.46:101][476]LogModuleManager: Shutting down and abandoning module XMPP (15)
[2017.02.23-04.57.46:101][476]LogModuleManager: Shutting down and abandoning module TextureCompressor (14)
[2017.02.23-04.57.46:102][476]LogModuleManager: Shutting down and abandoning module ShaderCore (13)
[2017.02.23-04.57.46:102][476]LogModuleManager: Shutting down and abandoning module Landscape (12)
[2017.02.23-04.57.46:102][476]LogModuleManager: Shutting down and abandoning module SlateRHIRenderer (11)
[2017.02.23-04.57.46:102][476]LogModuleManager: Shutting down and abandoning module OpenGLDrv (10)
[2017.02.23-04.57.46:102][476]LogModuleManager: Shutting down and abandoning module D3D11RHI (9)
[2017.02.23-04.57.46:102][476]LogModuleManager: Shutting down and abandoning module AnimGraphRuntime (8)
[2017.02.23-04.57.46:102][476]LogModuleManager: Shutting down and abandoning module Renderer (7)
[2017.02.23-04.57.46:102][476]LogModuleManager: Shutting down and abandoning module Engine (6)
[2017.02.23-04.57.46:102][476]LogModuleManager: Shutting down and abandoning module CoreUObject (5)
[2017.02.23-04.57.46:102][476]LogModuleManager: Shutting down and abandoning module NetworkFile (4)
[2017.02.23-04.57.46:102][476]LogModuleManager: Shutting down and abandoning module StreamingFile (3)
[2017.02.23-04.57.46:102][476]LogModuleManager: Shutting down and abandoning module SandboxFile (2)
[2017.02.23-04.57.46:102][476]LogModuleManager: Shutting down and abandoning module PakFile (1)
[2017.02.23-04.57.46:103][476]LogExit: Exiting.
[2017.02.23-04.57.46:104][476]Log file closed, 02/23/17 15:57:46
