Log file open, 02/23/17 15:31:53
LogInit:Display: Running engine for game: TouchInput
LogPlatformFile: Not using cached read wrapper
LogInit:Display: RandInit(1148726746) SRandInit(1148726746).
LogTaskGraph: Started task graph with 5 named threads and 8 total threads with 1 sets of task threads.
LogStats: Stats thread started at 0.078888
LogPluginManager: Loaded Plugin Paper2D, From C:/Program Files/Epic Games/UE_4.13/Engine/Plugins/2D/Paper2D/Paper2D.uplugin
LogPluginManager: Loaded Plugin LightPropagationVolume, From C:/Program Files/Epic Games/UE_4.13/Engine/Plugins/Blendables/LightPropagationVolume/LightPropagationVolume.uplugin
LogPluginManager: Loaded Plugin BlankPlugin, From C:/Program Files/Epic Games/UE_4.13/Engine/Plugins/Developer/BlankPlugin/BlankPlugin.uplugin
LogPluginManager: Loaded Plugin CodeLiteSourceCodeAccess, From C:/Program Files/Epic Games/UE_4.13/Engine/Plugins/Developer/CodeLiteSourceCodeAccess/CodeLiteSourceCodeAccess.uplugin
LogPluginManager: Loaded Plugin GitSourceControl, From C:/Program Files/Epic Games/UE_4.13/Engine/Plugins/Developer/GitSourceControl/GitSourceControl.uplugin
LogPluginManager: Loaded Plugin KDevelopSourceCodeAccess, From C:/Program Files/Epic Games/UE_4.13/Engine/Plugins/Developer/KDevelopSourceCodeAccess/KDevelopSourceCodeAccess.uplugin
LogPluginManager: Loaded Plugin NullSourceCodeAccess, From C:/Program Files/Epic Games/UE_4.13/Engine/Plugins/Developer/NullSourceCodeAccess/NullSourceCodeAccess.uplugin
LogPluginManager: Loaded Plugin OneSkyLocalizationService, From C:/Program Files/Epic Games/UE_4.13/Engine/Plugins/Developer/OneSkyLocalizationService/OneSkyLocalizationService.uplugin
LogPluginManager: Loaded Plugin PerforceSourceControl, From C:/Program Files/Epic Games/UE_4.13/Engine/Plugins/Developer/PerforceSourceControl/PerforceSourceControl.uplugin
LogPluginManager: Loaded Plugin SubversionSourceControl, From C:/Program Files/Epic Games/UE_4.13/Engine/Plugins/Developer/SubversionSourceControl/SubversionSourceControl.uplugin
LogPluginManager: Loaded Plugin UObjectPlugin, From C:/Program Files/Epic Games/UE_4.13/Engine/Plugins/Developer/UObjectPlugin/UObjectPlugin.uplugin
LogPluginManager: Loaded Plugin VisualStudioSourceCodeAccess, From C:/Program Files/Epic Games/UE_4.13/Engine/Plugins/Developer/VisualStudioSourceCodeAccess/VisualStudioSourceCodeAccess.uplugin
LogPluginManager: Loaded Plugin XCodeSourceCodeAccess, From C:/Program Files/Epic Games/UE_4.13/Engine/Plugins/Developer/XCodeSourceCodeAccess/XCodeSourceCodeAccess.uplugin
LogPluginManager: Loaded Plugin EpicSurvey, From C:/Program Files/Epic Games/UE_4.13/Engine/Plugins/Editor/EpicSurvey/EpicSurvey.uplugin
LogPluginManager: Loaded Plugin MacGraphicsSwitching, From C:/Program Files/Epic Games/UE_4.13/Engine/Plugins/Editor/MacGraphicsSwitching/MacGraphicsSwitching.uplugin
LogPluginManager: Loaded Plugin MobileLauncherProfileWizard, From C:/Program Files/Epic Games/UE_4.13/Engine/Plugins/Editor/MobileLauncherProfileWizard/MobileLauncherProfileWizard.uplugin
LogPluginManager: Loaded Plugin PluginBrowser, From C:/Program Files/Epic Games/UE_4.13/Engine/Plugins/Editor/PluginBrowser/PluginBrowser.uplugin
LogPluginManager: Loaded Plugin SpeedTreeImporter, From C:/Program Files/Epic Games/UE_4.13/Engine/Plugins/Editor/SpeedTreeImporter/SpeedTreeImporter.uplugin
LogPluginManager: Loaded Plugin SuperSearchEditor, From C:/Program Files/Epic Games/UE_4.13/Engine/Plugins/Editor/SuperSearchEditor/SuperSearchEditor.uplugin
LogPluginManager: Loaded Plugin AlembicImporter, From C:/Program Files/Epic Games/UE_4.13/Engine/Plugins/Experimental/AlembicImporter/AlembicImporter.uplugin
LogPluginManager: Loaded Plugin BlueprintStats, From C:/Program Files/Epic Games/UE_4.13/Engine/Plugins/Experimental/BlueprintStats/BlueprintStats.uplugin
LogPluginManager: Loaded Plugin CharacterAI, From C:/Program Files/Epic Games/UE_4.13/Engine/Plugins/Experimental/CharacterAI/CharacterAI.uplugin
LogPluginManager: Loaded Plugin CodeEditor, From C:/Program Files/Epic Games/UE_4.13/Engine/Plugins/Experimental/CodeEditor/CodeEditor.uplugin
LogPluginManager: Loaded Plugin CodeView, From C:/Program Files/Epic Games/UE_4.13/Engine/Plugins/Experimental/CodeView/CodeView.uplugin
LogPluginManager: Loaded Plugin HTML5Networking, From C:/Program Files/Epic Games/UE_4.13/Engine/Plugins/Experimental/HTML5Networking/HTML5Networking.uplugin
LogPluginManager: Loaded Plugin LiveEditor, From C:/Program Files/Epic Games/UE_4.13/Engine/Plugins/Experimental/LiveEditor/LiveEditor.uplugin
LogPluginManager: Loaded Plugin OSVR, From C:/Program Files/Epic Games/UE_4.13/Engine/Plugins/Experimental/OSVR/OSVR.uplugin
LogPluginManager: Loaded Plugin Phya, From C:/Program Files/Epic Games/UE_4.13/Engine/Plugins/Experimental/Phya/Phya.uplugin
LogPluginManager: Loaded Plugin SignificanceManager, From C:/Program Files/Epic Games/UE_4.13/Engine/Plugins/Experimental/SignificanceManager/SignificanceManager.uplugin
LogPluginManager: Loaded Plugin SimpleHMD, From C:/Program Files/Epic Games/UE_4.13/Engine/Plugins/Experimental/SimpleHMD/SimpleHMD.uplugin
LogPluginManager: Loaded Plugin StereoPanorama, From C:/Program Files/Epic Games/UE_4.13/Engine/Plugins/Experimental/StereoPanorama/StereoPanorama.uplugin
LogPluginManager: Loaded Plugin StructBox, From C:/Program Files/Epic Games/UE_4.13/Engine/Plugins/Experimental/StructBox/StructBox.uplugin
LogPluginManager: Loaded Plugin AndroidMedia, From C:/Program Files/Epic Games/UE_4.13/Engine/Plugins/Media/AndroidMedia/AndroidMedia.uplugin
LogPluginManager: Loaded Plugin AvfMedia, From C:/Program Files/Epic Games/UE_4.13/Engine/Plugins/Media/AvfMedia/AvfMedia.uplugin
LogPluginManager: Loaded Plugin MediaPlayerEditor, From C:/Program Files/Epic Games/UE_4.13/Engine/Plugins/Media/MediaPlayerEditor/MediaPlayerEditor.uplugin
LogPluginManager: Loaded Plugin WmfMedia, From C:/Program Files/Epic Games/UE_4.13/Engine/Plugins/Media/WmfMedia/WmfMedia.uplugin
LogPluginManager: Loaded Plugin MessagingDebugger, From C:/Program Files/Epic Games/UE_4.13/Engine/Plugins/Messaging/MessagingDebugger/MessagingDebugger.uplugin
LogPluginManager: Loaded Plugin TcpMessaging, From C:/Program Files/Epic Games/UE_4.13/Engine/Plugins/Messaging/TcpMessaging/TcpMessaging.uplugin
LogPluginManager: Loaded Plugin UdpMessaging, From C:/Program Files/Epic Games/UE_4.13/Engine/Plugins/Messaging/UdpMessaging/UdpMessaging.uplugin
LogPluginManager: Loaded Plugin LevelSequenceEditor, From C:/Program Files/Epic Games/UE_4.13/Engine/Plugins/MovieScene/LevelSequenceEditor/LevelSequenceEditor.uplugin
LogPluginManager: Loaded Plugin MatineeToLevelSequence, From C:/Program Files/Epic Games/UE_4.13/Engine/Plugins/MovieScene/MatineeToLevelSequence/MatineeToLevelSequence.uplugin
LogPluginManager: Loaded Plugin NetcodeUnitTest, From C:/Program Files/Epic Games/UE_4.13/Engine/Plugins/NetcodeUnitTest/NetcodeUnitTest/NetcodeUnitTest.uplugin
LogPluginManager: Loaded Plugin NUTUnrealEngine4, From C:/Program Files/Epic Games/UE_4.13/Engine/Plugins/NetcodeUnitTest/NUTUnrealEngine4/NUTUnrealEngine4.uplugin
LogPluginManager: Loaded Plugin OnlineSubsystemGooglePlay, From C:/Program Files/Epic Games/UE_4.13/Engine/Plugins/Online/Android/OnlineSubsystemGooglePlay/OnlineSubsystemGooglePlay.uplugin
LogPluginManager: Loaded Plugin OnlineSubsystemIOS, From C:/Program Files/Epic Games/UE_4.13/Engine/Plugins/Online/IOS/OnlineSubsystemIOS/OnlineSubsystemIOS.uplugin
LogPluginManager: Loaded Plugin OnlineFramework, From C:/Program Files/Epic Games/UE_4.13/Engine/Plugins/Online/OnlineFramework/OnlineFramework.uplugin
LogPluginManager: Loaded Plugin OnlineSubsystem, From C:/Program Files/Epic Games/UE_4.13/Engine/Plugins/Online/OnlineSubsystem/OnlineSubsystem.uplugin
LogPluginManager: Loaded Plugin OnlineSubsystemAmazon, From C:/Program Files/Epic Games/UE_4.13/Engine/Plugins/Online/OnlineSubsystemAmazon/OnlineSubsystemAmazon.uplugin
LogPluginManager: Loaded Plugin OnlineSubsystemFacebook, From C:/Program Files/Epic Games/UE_4.13/Engine/Plugins/Online/OnlineSubsystemFacebook/OnlineSubsystemFacebook.uplugin
LogPluginManager: Loaded Plugin OnlineSubsystemNull, From C:/Program Files/Epic Games/UE_4.13/Engine/Plugins/Online/OnlineSubsystemNull/OnlineSubsystemNull.uplugin
LogPluginManager: Loaded Plugin OnlineSubsystemOculus, From C:/Program Files/Epic Games/UE_4.13/Engine/Plugins/Online/OnlineSubsystemOculus/OnlineSubsystemOculus.uplugin
LogPluginManager: Loaded Plugin OnlineSubsystemSteam, From C:/Program Files/Epic Games/UE_4.13/Engine/Plugins/Online/OnlineSubsystemSteam/OnlineSubsystemSteam.uplugin
LogPluginManager: Loaded Plugin OnlineSubsystemUtils, From C:/Program Files/Epic Games/UE_4.13/Engine/Plugins/Online/OnlineSubsystemUtils/OnlineSubsystemUtils.uplugin
LogPluginManager: Loaded Plugin IOSTapJoy, From C:/Program Files/Epic Games/UE_4.13/Engine/Plugins/Runtime/Advertising/IOSTapJoy/IOSTapJoy.uplugin
LogPluginManager: Loaded Plugin AnalyticsBlueprintLibrary, From C:/Program Files/Epic Games/UE_4.13/Engine/Plugins/Runtime/Analytics/AnalyticsBlueprintLibrary/AnalyticsBlueprintLibrary.uplugin
LogPluginManager: Loaded Plugin AnalyticsMulticast, From C:/Program Files/Epic Games/UE_4.13/Engine/Plugins/Runtime/Analytics/AnalyticsMulticast/AnalyticsMulticast.uplugin
LogPluginManager: Loaded Plugin Apsalar, From C:/Program Files/Epic Games/UE_4.13/Engine/Plugins/Runtime/Analytics/Apsalar/Apsalar.uplugin
LogPluginManager: Loaded Plugin FileLogging, From C:/Program Files/Epic Games/UE_4.13/Engine/Plugins/Runtime/Analytics/FileLogging/FileLogging.uplugin
LogPluginManager: Loaded Plugin Flurry, From C:/Program Files/Epic Games/UE_4.13/Engine/Plugins/Runtime/Analytics/Flurry/Flurry.uplugin
LogPluginManager: Loaded Plugin AndroidDeviceProfileSelector, From C:/Program Files/Epic Games/UE_4.13/Engine/Plugins/Runtime/AndroidDeviceProfileSelector/AndroidDeviceProfileSelector.uplugin
LogPluginManager: Loaded Plugin AndroidMoviePlayer, From C:/Program Files/Epic Games/UE_4.13/Engine/Plugins/Runtime/AndroidMoviePlayer/AndroidMoviePlayer.uplugin
LogPluginManager: Loaded Plugin AppleMoviePlayer, From C:/Program Files/Epic Games/UE_4.13/Engine/Plugins/Runtime/AppleMoviePlayer/AppleMoviePlayer.uplugin
LogPluginManager: Loaded Plugin ArchVisCharacter, From C:/Program Files/Epic Games/UE_4.13/Engine/Plugins/Runtime/ArchVisCharacter/ArchVisCharacter.uplugin
LogPluginManager: Loaded Plugin CableComponent, From C:/Program Files/Epic Games/UE_4.13/Engine/Plugins/Runtime/CableComponent/CableComponent.uplugin
LogPluginManager: Loaded Plugin CustomMeshComponent, From C:/Program Files/Epic Games/UE_4.13/Engine/Plugins/Runtime/CustomMeshComponent/CustomMeshComponent.uplugin
LogPluginManager: Loaded Plugin ExampleDeviceProfileSelector, From C:/Program Files/Epic Games/UE_4.13/Engine/Plugins/Runtime/ExampleDeviceProfileSelector/ExampleDeviceProfileSelector.uplugin
LogPluginManager: Loaded Plugin GearVR, From C:/Program Files/Epic Games/UE_4.13/Engine/Plugins/Runtime/GearVR/GearVR.uplugin
LogPluginManager: Loaded Plugin GoogleVRController, From C:/Program Files/Epic Games/UE_4.13/Engine/Plugins/Runtime/GoogleVR/GoogleVRController/GoogleVRController.uplugin
LogPluginManager: Loaded Plugin GoogleVRHMD, From C:/Program Files/Epic Games/UE_4.13/Engine/Plugins/Runtime/GoogleVR/GoogleVRHMD/GoogleVRHMD.uplugin
LogPluginManager: Loaded Plugin IOSDeviceProfileSelector, From C:/Program Files/Epic Games/UE_4.13/Engine/Plugins/Runtime/IOSDeviceProfileSelector/IOSDeviceProfileSelector.uplugin
LogPluginManager: Loaded Plugin LeapMotion, From C:/Program Files/Epic Games/UE_4.13/Engine/Plugins/Runtime/LeapMotion/LeapMotion.uplugin
LogPluginManager: Loaded Plugin LinuxDeviceProfileSelector, From C:/Program Files/Epic Games/UE_4.13/Engine/Plugins/Runtime/LinuxDeviceProfileSelector/LinuxDeviceProfileSelector.uplugin
LogPluginManager: Loaded Plugin LiveEditorListenServer, From C:/Program Files/Epic Games/UE_4.13/Engine/Plugins/Runtime/LiveEditorListenServer/LiveEditorListenServer.uplugin
LogPluginManager: Loaded Plugin OculusAudio, From C:/Program Files/Epic Games/UE_4.13/Engine/Plugins/Runtime/OculusAudio/OculusAudio.uplugin
LogPluginManager: Loaded Plugin OculusInput, From C:/Program Files/Epic Games/UE_4.13/Engine/Plugins/Runtime/OculusInput/OculusInput.uplugin
LogPluginManager: Loaded Plugin OculusLibrary, From C:/Program Files/Epic Games/UE_4.13/Engine/Plugins/Runtime/OculusLibrary/OculusLibrary.uplugin
LogPluginManager: Loaded Plugin OculusRift, From C:/Program Files/Epic Games/UE_4.13/Engine/Plugins/Runtime/OculusRift/OculusRift.uplugin
LogPluginManager: Loaded Plugin Oodle, From C:/Program Files/Epic Games/UE_4.13/Engine/Plugins/Runtime/PacketHandlers/CompressionComponents/Oodle/Oodle.uplugin
LogPluginManager: Loaded Plugin ProceduralMeshComponent, From C:/Program Files/Epic Games/UE_4.13/Engine/Plugins/Runtime/ProceduralMeshComponent/ProceduralMeshComponent.uplugin
LogPluginManager: Loaded Plugin SoundMod, From C:/Program Files/Epic Games/UE_4.13/Engine/Plugins/Runtime/SoundMod/SoundMod.uplugin
LogPluginManager: Loaded Plugin SoundVisualizations, From C:/Program Files/Epic Games/UE_4.13/Engine/Plugins/Runtime/SoundVisualizations/SoundVisualizations.uplugin
LogPluginManager: Loaded Plugin SteamController, From C:/Program Files/Epic Games/UE_4.13/Engine/Plugins/Runtime/Steam/SteamController/SteamController.uplugin
LogPluginManager: Loaded Plugin SteamVR, From C:/Program Files/Epic Games/UE_4.13/Engine/Plugins/Runtime/Steam/SteamVR/SteamVR.uplugin
LogPluginManager: Loaded Plugin WebBrowserWidget, From C:/Program Files/Epic Games/UE_4.13/Engine/Plugins/Runtime/WebBrowserWidget/WebBrowserWidget.uplugin
LogPluginManager: Loaded Plugin WindowsDeviceProfileSelector, From C:/Program Files/Epic Games/UE_4.13/Engine/Plugins/Runtime/WindowsDeviceProfileSelector/WindowsDeviceProfileSelector.uplugin
LogPluginManager: Loaded Plugin WindowsMoviePlayer, From C:/Program Files/Epic Games/UE_4.13/Engine/Plugins/Runtime/WindowsMoviePlayer/WindowsMoviePlayer.uplugin
LogPluginManager: Loaded Plugin ScriptPlugin, From C:/Program Files/Epic Games/UE_4.13/Engine/Plugins/ScriptPlugin/ScriptPlugin.uplugin
LogPluginManager: Loaded Plugin SlateRemote, From C:/Program Files/Epic Games/UE_4.13/Engine/Plugins/Slate/SlateRemote/SlateRemote.uplugin
LogInit: Using libcurl 7.47.1
LogInit:  - built for x86_64-pc-win32
LogInit:  - supports SSL with WinSSL
LogInit:  - other features:
LogInit:      CURL_VERSION_SSL
LogInit:      CURL_VERSION_IPV6
LogInit:      CURL_VERSION_ASYNCHDNS
LogInit:      CURL_VERSION_LARGEFILE
LogInit:      CURL_VERSION_IDN
LogInit:  CurlRequestOptions (configurable via config and command line):
LogInit:  - bVerifyPeer = false  - Libcurl will NOT verify peer certificate
LogInit:  - bUseHttpProxy = false  - Libcurl will NOT use HTTP proxy
LogInit:  - bDontReuseConnections = false  - Libcurl will reuse connections
LogInit:  - CertBundlePath = nullptr  - Libcurl will use whatever was configured at build time.
LogInit: Build: ++UE4+Release-4.13-CL-3172292
LogInit: Engine Version: 4.13.2-3172292+++UE4+Release-4.13
LogInit: Compatible Engine Version: 4.13.0-3106830+++UE4+Release-4.13
LogInit: Net CL: 3172292
LogDevObjectVersion: Number of dev versions registered: 13
LogDevObjectVersion:   Dev-Blueprints (B0D832E4-1F89-4F0D-ACCF-7EB736FD4AA2): 5
LogDevObjectVersion:   Dev-Build (E1C64328-A22C-4D53-A36C-8E866417BD8C): 0
LogDevObjectVersion:   Dev-Core (375EC13C-06E4-48FB-B500-84F0262A717E): 1
LogDevObjectVersion:   Dev-Editor (E4B068ED-F494-42E9-A231-DA0B2E46BB41): 6
LogDevObjectVersion:   Dev-Framework (CFFC743F-43B0-4480-9391-14DF171D2073): 12
LogDevObjectVersion:   Dev-Mobile (B02B49B5-BB20-44E9-A304-32B752E40360): 0
LogDevObjectVersion:   Dev-Networking (A4E4105C-59A1-49B5-A7C5-40C4547EDFEE): 0
LogDevObjectVersion:   Dev-Online (39C831C9-5AE6-47DC-9A44-9C173E1C8E7C): 0
LogDevObjectVersion:   Dev-Physics (78F01B33-EBEA-4F98-B9B4-84EACCB95AA2): 0
LogDevObjectVersion:   Dev-Platform (6631380F-2D4D-43E0-8009-CF276956A95A): 0
LogDevObjectVersion:   Dev-Rendering (12F88B9F-8875-4AFC-A67C-D90C383ABD29): 4
LogDevObjectVersion:   Dev-Sequencer (7B5AE74C-D270-4C10-A958-57980B212A5A): 0
LogDevObjectVersion:   Dev-VR (D7296918-1DD6-4BDD-9DE2-64A83CC13884): 0
LogInit: Compiled (64-bit): Oct 24 2016 14:29:06
LogInit: Compiled with Visual C++: 19.00.23026.00
LogInit: Build Configuration: Development
LogInit: Branch Name: ++UE4+Release-4.13
LogInit: Command line:  /Temp/Autosaves/Game/2DSideScrollerBP/Maps/UEDPC2DSideScrollerExampleMap -game -PIEVIACONSOLE -ResX=1280 -ResY=720  -Multiprocess -windowed -messaging -SessionName="Play in Standalone Game" -featureleveles2 -faketouches 
LogInit: Base directory: C:/Program Files/Epic Games/UE_4.13/Engine/Binaries/Win64/
LogInit: Installed Engine Build: 1
LogInit: Presizing for max 8388607 objects, including 0 objects not considered by GC, pre-allocating 0 bytes for permanent pool.
LogInit: Object subsystem initialized
[2017.02.23-04.31.54:016][  0]LogInit: Selected Device Profile: [Windows]
[2017.02.23-04.31.54:016][  0]LogInit: Applying CVar settings loaded from the selected device profile: [Windows]
[2017.02.23-04.31.54:019][  0]LogInit: Computer: 7P5PF42
[2017.02.23-04.31.54:019][  0]LogInit: User: V201624468
[2017.02.23-04.31.54:019][  0]LogInit: CPU Page size=65536, Cores=4
[2017.02.23-04.31.54:019][  0]LogInit: High frequency timer resolution =3.515638 MHz
[2017.02.23-04.31.54:019][  0]LogMemory: Memory total: Physical=15.9GB (16GB approx)
[2017.02.23-04.31.54:019][  0]LogMemory: Platform Memory Stats for Windows
[2017.02.23-04.31.54:019][  0]LogMemory: Process Physical Memory: 255.43 MB used, 255.43 MB peak
[2017.02.23-04.31.54:019][  0]LogMemory: Process Virtual Memory: 260.04 MB used, 260.04 MB peak
[2017.02.23-04.31.54:019][  0]LogMemory: Physical Memory: 5622.88 MB used, 16298.84 MB total
[2017.02.23-04.31.54:019][  0]LogMemory: Virtual Memory: 622.95 MB used, 134217728.00 MB total
[2017.02.23-04.31.54:041][  0]LogTextLocalizationManager: No specific translations for ('en-AU') exist, so ('en') translations will be used.
[2017.02.23-04.31.54:385][  0]LogD3D11RHI: D3D11 adapters:
[2017.02.23-04.31.54:394][  0]LogD3D11RHI:    0. 'AMD Radeon(TM) R9 270' (Feature Level 11_0)
[2017.02.23-04.31.54:394][  0]LogD3D11RHI:       2030/0/8149 MB DedicatedVideo/DedicatedSystem/SharedSystem, Outputs:1, VendorId:0x1002
[2017.02.23-04.31.54:400][  0]LogD3D11RHI:    1. 'Intel(R) HD Graphics 4600' (Feature Level 11_0)
[2017.02.23-04.31.54:400][  0]LogD3D11RHI:       112/0/2048 MB DedicatedVideo/DedicatedSystem/SharedSystem, Outputs:0, VendorId:0x8086
[2017.02.23-04.31.54:401][  0]LogD3D11RHI:    2. 'Microsoft Basic Render Driver' (Feature Level 11_0)
[2017.02.23-04.31.54:401][  0]LogD3D11RHI:       0/0/8149 MB DedicatedVideo/DedicatedSystem/SharedSystem, Outputs:0, VendorId:0x1414
[2017.02.23-04.31.54:401][  0]LogD3D11RHI: Chosen D3D11 Adapter: 0
[2017.02.23-04.31.54:405][  0]LogD3D11RHI: Creating new Direct3DDevice
[2017.02.23-04.31.54:405][  0]LogD3D11RHI:     GPU DeviceId: 0x6811 (for the marketing name, search the web for "GPU Device Id")
[2017.02.23-04.31.54:405][  0]LogWindows: EnumDisplayDevices:
[2017.02.23-04.31.54:405][  0]LogWindows:    0. 'AMD Radeon(TM) R9 270' (P:1 D:1)
[2017.02.23-04.31.54:405][  0]LogWindows:    1. 'AMD Radeon(TM) R9 270' (P:0 D:0)
[2017.02.23-04.31.54:405][  0]LogWindows:    2. 'AMD Radeon(TM) R9 270' (P:0 D:0)
[2017.02.23-04.31.54:406][  0]LogWindows:    3. 'AMD Radeon(TM) R9 270' (P:0 D:0)
[2017.02.23-04.31.54:406][  0]LogWindows:    4. 'AMD Radeon(TM) R9 270' (P:0 D:0)
[2017.02.23-04.31.54:406][  0]LogWindows:    5. 'AMD Radeon(TM) R9 270' (P:0 D:0)
[2017.02.23-04.31.54:406][  0]LogWindows:    6. 'Intel(R) HD Graphics 4600' (P:0 D:0)
[2017.02.23-04.31.54:406][  0]LogWindows:    7. 'Intel(R) HD Graphics 4600' (P:0 D:0)
[2017.02.23-04.31.54:407][  0]LogWindows:    8. 'Intel(R) HD Graphics 4600' (P:0 D:0)
[2017.02.23-04.31.54:407][  0]LogWindows: DebugString: PrimaryIsNotTheChoosenAdapter PrimaryIsNotTheChoosenAdapter PrimaryIsNotTheChoosenAdapter FoundDriverCount:6 
[2017.02.23-04.31.54:407][  0]LogD3D11RHI:     Adapter Name: AMD Radeon(TM) R9 270
[2017.02.23-04.31.54:407][  0]LogD3D11RHI:   Driver Version: Crimson 15.11 (internal:15.301.1701.0, unified:15.301.1701.0)
[2017.02.23-04.31.54:407][  0]LogD3D11RHI:      Driver Date: 1-13-2016
[2017.02.23-04.31.54:407][  0]LogRHI: Texture pool is 1361 MB (70% of 1945 MB)
[2017.02.23-04.31.54:413][  0]LogD3D11RHI: Async texture creation enabled
[2017.02.23-04.31.54:424][  0]LogD3D11RHI: GPU Timing Frequency: 27.000000 (Debug: 2 1)
[2017.02.23-04.31.54:425][  0]LogShaderCompilers: Guid format shader working directory is -57 characters bigger than the processId version (../../../../../../Users/v201624468/Documents/GitHub/MobileDevelopment/Assignment5/ProjectFiles/TouchInput/Intermediate/Shaders/WorkingDirectory/13828/).
[2017.02.23-04.31.54:425][  0]LogShaderCompilers: Cleaned the shader compiler working directory 'C:/Users/V20162~1/AppData/Local/Temp/UnrealShaderWorkingDir/EA7BA2D24A216738D38DF99A4EB345D6/'.
[2017.02.23-04.31.54:425][  0]LogShaderCompilers:Display: Using Local Shader Compiler.
[2017.02.23-04.31.55:225][  0]LogTemp:Display: Loaded TP WindowsClientTargetPlatform
[2017.02.23-04.31.55:233][  0]LogTemp:Display: Loaded TP WindowsNoEditorTargetPlatform
[2017.02.23-04.31.55:240][  0]LogTemp:Display: Loaded TP WindowsServerTargetPlatform
[2017.02.23-04.31.55:247][  0]LogTemp:Display: Loaded TP WindowsTargetPlatform
[2017.02.23-04.31.55:247][  0]LogTargetPlatformManager:Display: Building Assets For Windows
[2017.02.23-04.31.55:325][  0]LogDerivedDataCache:Display: Max Cache Size: 512 MB
[2017.02.23-04.31.55:387][  0]LogDerivedDataCache: Loaded boot cache 0.06s 62MB C:/Users/v201624468/AppData/Local/UnrealEngine/4.13/DerivedDataCache/Boot.ddc.
[2017.02.23-04.31.55:387][  0]LogDerivedDataCache:Display: Loaded Boot cache: C:/Users/v201624468/AppData/Local/UnrealEngine/4.13/DerivedDataCache/Boot.ddc
[2017.02.23-04.31.55:387][  0]LogDerivedDataCache: FDerivedDataBackendGraph:  Pak pak cache file ../../../../../../Users/v201624468/Documents/GitHub/MobileDevelopment/Assignment5/ProjectFiles/TouchInput/DerivedDataCache/DDC.ddp not found, will not use a pak cache.
[2017.02.23-04.31.55:387][  0]LogDerivedDataCache: Unable to find inner node Pak for hierarchical cache Hierarchy.
[2017.02.23-04.31.55:387][  0]LogDerivedDataCache: FDerivedDataBackendGraph:  CompressedPak pak cache file ../../../../../../Users/v201624468/Documents/GitHub/MobileDevelopment/Assignment5/ProjectFiles/TouchInput/DerivedDataCache/Compressed.ddp not found, will not use a pak cache.
[2017.02.23-04.31.55:387][  0]LogDerivedDataCache: Unable to find inner node CompressedPak for hierarchical cache Hierarchy.
[2017.02.23-04.31.55:406][  0]LogDerivedDataCache:Display: Pak cache opened for reading ../../../Engine/DerivedDataCache/Compressed.ddp.
[2017.02.23-04.31.55:417][  0]LogDerivedDataCache: Using Local data cache path C:/Users/v201624468/AppData/Local/UnrealEngine/Common/DerivedDataCache: Writable
[2017.02.23-04.31.55:681][  0]LogAssetRegistry: FAssetRegistry took 0.0001 seconds to start up
[2017.02.23-04.31.55:686][  0]LogPackageLocalizationCache: Processed 3 localized package path(s) for 2 prioritized culture(s) in 0.004376 seconds
[2017.02.23-04.31.55:701][  0]LogInit: Selected Device Profile: [Windows]
[2017.02.23-04.31.55:702][  0]LogContentStreaming: Texture pool size is 1000.00 MB
[2017.02.23-04.31.56:011][  0]LogMeshUtilities: No automatic mesh reduction module available
[2017.02.23-04.31.56:011][  0]LogMeshUtilities: No automatic mesh merging module available
[2017.02.23-04.31.56:011][  0]LogMeshUtilities: No distributed automatic mesh merging module available
[2017.02.23-04.31.56:147][  0]LogMaterial: Uniform references updated for custom material expression Custom.
[2017.02.23-04.31.56:742][  0]LogNetVersion: GetLocalNetworkVersion: CL: 3106830, ProjectName: touchinput, ProjectVersion: , EngineNetworkVersion: 1, GameNetworkVersion: 0, NetworkChecksum: 938096206
[2017.02.23-04.31.57:210][  0]LogInit: WinSock: version 1.1 (2.2), MaxSocks=32767, MaxUdp=65467
[2017.02.23-04.31.58:026][  0]LogSlate: SlateFontCache - WITH_FREETYPE: 1, WITH_HARFBUZZ: 1
[2017.02.23-04.31.58:026][  0]LogSlate: SlateFontCache - WITH_FREETYPE: 1, WITH_HARFBUZZ: 1
[2017.02.23-04.31.58:092][  0]LogMoviePlayer: Initializing movie player
[2017.02.23-04.31.58:384][  0]LogWindowsMoviePlayer: Unable to load movie: ../../../../../../Users/v201624468/Documents/GitHub/MobileDevelopment/Assignment5/ProjectFiles/TouchInput/Content/Movies/Default_Startup.mp4
[2017.02.23-04.31.58:594][  0]LogTcpMessaging: Initializing TcpMessaging bridge
[2017.02.23-04.31.58:614][  0]LogUdpMessaging: Initializing bridge on interface 0.0.0.0:0 to multicast group 230.0.0.1:6666.
[2017.02.23-04.31.58:681][  0]SourceControl: Info Source control is disabled
[2017.02.23-04.31.58:681][  0]SourceControl: Info Source control is disabled
[2017.02.23-04.31.58:689][  0]SourceControl: Info Source control is disabled
[2017.02.23-04.31.58:835][  0]LogUObjectArray: 32656 objects as part of root set at end of initial load.
[2017.02.23-04.31.58:835][  0]LogUObjectAllocator: 7245024 out of 0 bytes used by permanent object pool.
[2017.02.23-04.31.58:835][  0]LogUObjectArray: CloseDisregardForGC: 0/0 objects in disregard for GC pool
[2017.02.23-04.31.58:928][  0]LogEngine: Initializing Engine...
[2017.02.23-04.31.58:929][  0]LogHMD: Failed to initialize OpenVR with code 110
[2017.02.23-04.31.59:979][  0]LogInit: XAudio2 using 'Realtek Digital Output (Realtek Audio)' : 2 channels at 48 kHz using 16 bits per sample (channel mask 0x3)
[2017.02.23-04.32.00:024][  0]LogInit: FAudioDevice initialized.
[2017.02.23-04.32.00:035][  0]LogInit: Texture streaming: Enabled
[2017.02.23-04.32.00:039][  0]LogMaterial: Missing cached shader map for material BaseColor, compiling. 
[2017.02.23-04.32.00:040][  0]LogMaterial:Warning: Failed to compile Material /Engine/BufferVisualization/BaseColor.BaseColor for platform PCD3D_ES2, Default Material will be used in game.
[2017.02.23-04.32.00:040][  0]LogMaterial:Warning: 	(Node FeatureLevelSwitch) Feature Level switch missing default input
[2017.02.23-04.32.00:259][  0]LogMaterial: Missing cached shader map for material Specular, compiling. 
[2017.02.23-04.32.00:260][  0]LogMaterial:Warning: Failed to compile Material /Engine/BufferVisualization/Specular.Specular for platform PCD3D_ES2, Default Material will be used in game.
[2017.02.23-04.32.00:260][  0]LogMaterial:Warning: 	(Node FeatureLevelSwitch) Feature Level switch missing default input
[2017.02.23-04.32.00:427][  0]LogInit:Display: Game Engine Initialized.
[2017.02.23-04.32.00:552][  0]LogInit:Display: Starting Game.
[2017.02.23-04.32.00:552][  0]LogNet: Browse: /Temp/Autosaves/Game/2DSideScrollerBP/Maps/UEDPC2DSideScrollerExampleMap?Name=Player
[2017.02.23-04.32.00:552][  0]LogLoad: LoadMap: /Temp/Autosaves/Game/2DSideScrollerBP/Maps/UEDPC2DSideScrollerExampleMap?Name=Player
[2017.02.23-04.32.00:567][  0]LogMemory: Platform Memory Stats for Windows
[2017.02.23-04.32.00:567][  0]LogMemory: Process Physical Memory: 633.49 MB used, 663.37 MB peak
[2017.02.23-04.32.00:567][  0]LogMemory: Process Virtual Memory: 712.22 MB used, 712.22 MB peak
[2017.02.23-04.32.00:567][  0]LogMemory: Physical Memory: 5954.59 MB used, 16298.84 MB total
[2017.02.23-04.32.00:567][  0]LogMemory: Virtual Memory: 1337.16 MB used, 134217728.00 MB total
[2017.02.23-04.32.00:567][  0]LogMemory: 
[2017.02.23-04.32.00:567][  0]Allocator Stats for TBB: (not implemented)
[2017.02.23-04.32.00:684][  0]LogAIModule: Creating AISystem for world 2DSideScrollerExampleMap
[2017.02.23-04.32.00:684][  0]LogWorld: Game class is '2DSideScrollerGameMode_C'
[2017.02.23-04.32.00:686][  0]LogWorld: Bringing World /Temp/Autosaves/Game/2DSideScrollerBP/Maps/UEDPC2DSideScrollerExampleMap.2DSideScrollerExampleMap up for play (max tick rate 0) at 2017.02.23-15.32.00
[2017.02.23-04.32.00:687][  0]LogWorld: Bringing up level for play took: 0.002006
[2017.02.23-04.32.00:689][  0]LogGameMode:Display: Match State Changed from EnteringMap to WaitingToStart
[2017.02.23-04.32.00:689][  0]LogGameState: Match State Changed from EnteringMap to WaitingToStart
[2017.02.23-04.32.00:689][  0]LogGameMode:Display: Match State Changed from WaitingToStart to InProgress
[2017.02.23-04.32.00:790][  0]LogGameState: Match State Changed from WaitingToStart to InProgress
[2017.02.23-04.32.00:790][  0]LogLoad: Took 0.238094 seconds to LoadMap(/Temp/Autosaves/Game/2DSideScrollerBP/Maps/UEDPC2DSideScrollerExampleMap)
[2017.02.23-04.32.01:038][  0]LogLoad: (Engine Initialization) Total time: 7.87 seconds
[2017.02.23-04.32.01:038][  0]LogLoad: (Engine Initialization) Total Blueprint compile time: 0.03 seconds
[2017.02.23-04.32.01:038][  0]LogExternalProfiler: No external profilers were discovered.  External profiling features will not be available.
[2017.02.23-04.32.01:055][  0]LogWindowsTextInputMethodSystem:Display: IME system now deactivated.
[2017.02.23-04.32.01:056][  0]LogOcInput: OculusInput pre-init called
[2017.02.23-04.32.01:070][  0]LogRenderer: Reallocating scene render targets to support 128x128 (Frame:1).
[2017.02.23-04.32.01:154][  1]LogRenderer: Reallocating scene render targets to support 1280x720 (Frame:2).
[2017.02.23-04.32.05:769][287]LogBlueprintUserMessages: [2DSideScrollerCharacter_254] Left
[2017.02.23-04.32.05:785][288]LogBlueprintUserMessages: [2DSideScrollerCharacter_254] Left
[2017.02.23-04.32.05:801][289]LogBlueprintUserMessages: [2DSideScrollerCharacter_254] Left
[2017.02.23-04.32.05:817][290]LogBlueprintUserMessages: [2DSideScrollerCharacter_254] Left
[2017.02.23-04.32.05:833][291]LogBlueprintUserMessages: [2DSideScrollerCharacter_254] Left
[2017.02.23-04.32.05:849][292]LogBlueprintUserMessages: [2DSideScrollerCharacter_254] Left
[2017.02.23-04.32.05:865][293]LogBlueprintUserMessages: [2DSideScrollerCharacter_254] Left
[2017.02.23-04.32.05:882][294]LogBlueprintUserMessages: [2DSideScrollerCharacter_254] Left
[2017.02.23-04.32.05:898][295]LogBlueprintUserMessages: [2DSideScrollerCharacter_254] Left
[2017.02.23-04.32.05:914][296]LogBlueprintUserMessages: [2DSideScrollerCharacter_254] Left
[2017.02.23-04.32.05:930][297]LogBlueprintUserMessages: [2DSideScrollerCharacter_254] Left
[2017.02.23-04.32.05:946][298]LogBlueprintUserMessages: [2DSideScrollerCharacter_254] Left
[2017.02.23-04.32.05:962][299]LogBlueprintUserMessages: [2DSideScrollerCharacter_254] Left
[2017.02.23-04.32.05:979][300]LogBlueprintUserMessages: [2DSideScrollerCharacter_254] Left
[2017.02.23-04.32.05:994][301]LogBlueprintUserMessages: [2DSideScrollerCharacter_254] Left
[2017.02.23-04.32.06:011][302]LogBlueprintUserMessages: [2DSideScrollerCharacter_254] Left
[2017.02.23-04.32.06:027][303]LogBlueprintUserMessages: [2DSideScrollerCharacter_254] Left
[2017.02.23-04.32.06:043][304]LogBlueprintUserMessages: [2DSideScrollerCharacter_254] Left
[2017.02.23-04.32.06:059][305]LogBlueprintUserMessages: [2DSideScrollerCharacter_254] Left
[2017.02.23-04.32.06:075][306]LogBlueprintUserMessages: [2DSideScrollerCharacter_254] Left
[2017.02.23-04.32.06:091][307]LogBlueprintUserMessages: [2DSideScrollerCharacter_254] Left
[2017.02.23-04.32.06:108][308]LogBlueprintUserMessages: [2DSideScrollerCharacter_254] Left
[2017.02.23-04.32.06:123][309]LogBlueprintUserMessages: [2DSideScrollerCharacter_254] Left
[2017.02.23-04.32.06:140][310]LogBlueprintUserMessages: [2DSideScrollerCharacter_254] Left
[2017.02.23-04.32.06:156][311]LogBlueprintUserMessages: [2DSideScrollerCharacter_254] Left
[2017.02.23-04.32.06:172][312]LogBlueprintUserMessages: [2DSideScrollerCharacter_254] Left
[2017.02.23-04.32.06:188][313]LogBlueprintUserMessages: [2DSideScrollerCharacter_254] Left
[2017.02.23-04.32.06:204][314]LogBlueprintUserMessages: [2DSideScrollerCharacter_254] Left
[2017.02.23-04.32.06:220][315]LogBlueprintUserMessages: [2DSideScrollerCharacter_254] Left
[2017.02.23-04.32.06:237][316]LogBlueprintUserMessages: [2DSideScrollerCharacter_254] Left
[2017.02.23-04.32.06:253][317]LogBlueprintUserMessages: [2DSideScrollerCharacter_254] Left
[2017.02.23-04.32.06:269][318]LogBlueprintUserMessages: [2DSideScrollerCharacter_254] Left
[2017.02.23-04.32.06:285][319]LogBlueprintUserMessages: [2DSideScrollerCharacter_254] Left
[2017.02.23-04.32.06:301][320]LogBlueprintUserMessages: [2DSideScrollerCharacter_254] Left
[2017.02.23-04.32.06:317][321]LogBlueprintUserMessages: [2DSideScrollerCharacter_254] Left
[2017.02.23-04.32.06:333][322]LogBlueprintUserMessages: [2DSideScrollerCharacter_254] Left
[2017.02.23-04.32.06:349][323]LogBlueprintUserMessages: [2DSideScrollerCharacter_254] Left
[2017.02.23-04.32.06:365][324]LogBlueprintUserMessages: [2DSideScrollerCharacter_254] Left
[2017.02.23-04.32.06:381][325]LogBlueprintUserMessages: [2DSideScrollerCharacter_254] Left
[2017.02.23-04.32.06:397][326]LogBlueprintUserMessages: [2DSideScrollerCharacter_254] Left
[2017.02.23-04.32.06:414][327]LogBlueprintUserMessages: [2DSideScrollerCharacter_254] Left
[2017.02.23-04.32.06:430][328]LogBlueprintUserMessages: [2DSideScrollerCharacter_254] Left
[2017.02.23-04.32.06:446][329]LogBlueprintUserMessages: [2DSideScrollerCharacter_254] Left
[2017.02.23-04.32.06:462][330]LogBlueprintUserMessages: [2DSideScrollerCharacter_254] Left
[2017.02.23-04.32.06:478][331]LogBlueprintUserMessages: [2DSideScrollerCharacter_254] Left
[2017.02.23-04.32.06:494][332]LogBlueprintUserMessages: [2DSideScrollerCharacter_254] Left
[2017.02.23-04.32.06:866][355]LogBlueprintUserMessages: [2DSideScrollerCharacter_254] Left
[2017.02.23-04.32.06:881][356]LogBlueprintUserMessages: [2DSideScrollerCharacter_254] Left
[2017.02.23-04.32.06:897][357]LogBlueprintUserMessages: [2DSideScrollerCharacter_254] Left
[2017.02.23-04.32.06:913][358]LogBlueprintUserMessages: [2DSideScrollerCharacter_254] Left
[2017.02.23-04.32.06:930][359]LogBlueprintUserMessages: [2DSideScrollerCharacter_254] Left
[2017.02.23-04.32.06:946][360]LogBlueprintUserMessages: [2DSideScrollerCharacter_254] Left
[2017.02.23-04.32.06:962][361]LogBlueprintUserMessages: [2DSideScrollerCharacter_254] Left
[2017.02.23-04.32.06:978][362]LogBlueprintUserMessages: [2DSideScrollerCharacter_254] Left
[2017.02.23-04.32.06:995][363]LogBlueprintUserMessages: [2DSideScrollerCharacter_254] Left
[2017.02.23-04.32.07:011][364]LogBlueprintUserMessages: [2DSideScrollerCharacter_254] Left
[2017.02.23-04.32.07:026][365]LogBlueprintUserMessages: [2DSideScrollerCharacter_254] Left
[2017.02.23-04.32.07:043][366]LogBlueprintUserMessages: [2DSideScrollerCharacter_254] Left
[2017.02.23-04.32.07:059][367]LogBlueprintUserMessages: [2DSideScrollerCharacter_254] Left
[2017.02.23-04.32.07:075][368]LogBlueprintUserMessages: [2DSideScrollerCharacter_254] Left
[2017.02.23-04.32.07:091][369]LogBlueprintUserMessages: [2DSideScrollerCharacter_254] Left
[2017.02.23-04.32.07:107][370]LogBlueprintUserMessages: [2DSideScrollerCharacter_254] Left
[2017.02.23-04.32.07:123][371]LogBlueprintUserMessages: [2DSideScrollerCharacter_254] Left
[2017.02.23-04.32.07:140][372]LogBlueprintUserMessages: [2DSideScrollerCharacter_254] Left
[2017.02.23-04.32.07:156][373]LogBlueprintUserMessages: [2DSideScrollerCharacter_254] Left
[2017.02.23-04.32.07:172][374]LogBlueprintUserMessages: [2DSideScrollerCharacter_254] Left
[2017.02.23-04.32.07:188][375]LogBlueprintUserMessages: [2DSideScrollerCharacter_254] Left
[2017.02.23-04.32.07:204][376]LogBlueprintUserMessages: [2DSideScrollerCharacter_254] Left
[2017.02.23-04.32.07:220][377]LogBlueprintUserMessages: [2DSideScrollerCharacter_254] Left
[2017.02.23-04.32.07:236][378]LogBlueprintUserMessages: [2DSideScrollerCharacter_254] Left
[2017.02.23-04.32.07:252][379]LogBlueprintUserMessages: [2DSideScrollerCharacter_254] Left
[2017.02.23-04.32.07:269][380]LogBlueprintUserMessages: [2DSideScrollerCharacter_254] Left
[2017.02.23-04.32.07:285][381]LogBlueprintUserMessages: [2DSideScrollerCharacter_254] Left
[2017.02.23-04.32.07:301][382]LogBlueprintUserMessages: [2DSideScrollerCharacter_254] Left
[2017.02.23-04.32.07:317][383]LogBlueprintUserMessages: [2DSideScrollerCharacter_254] Left
[2017.02.23-04.32.07:333][384]LogBlueprintUserMessages: [2DSideScrollerCharacter_254] Left
[2017.02.23-04.32.07:349][385]LogBlueprintUserMessages: [2DSideScrollerCharacter_254] Left
[2017.02.23-04.32.07:914][420]LogBlueprintUserMessages: [2DSideScrollerCharacter_254] Left
[2017.02.23-04.32.07:930][421]LogBlueprintUserMessages: [2DSideScrollerCharacter_254] Left
[2017.02.23-04.32.07:946][422]LogBlueprintUserMessages: [2DSideScrollerCharacter_254] Left
[2017.02.23-04.32.07:962][423]LogBlueprintUserMessages: [2DSideScrollerCharacter_254] Left
[2017.02.23-04.32.07:978][424]LogBlueprintUserMessages: [2DSideScrollerCharacter_254] Left
[2017.02.23-04.32.07:994][425]LogBlueprintUserMessages: [2DSideScrollerCharacter_254] Left
[2017.02.23-04.32.08:011][426]LogBlueprintUserMessages: [2DSideScrollerCharacter_254] Left
[2017.02.23-04.32.08:027][427]LogBlueprintUserMessages: [2DSideScrollerCharacter_254] Left
[2017.02.23-04.32.08:043][428]LogBlueprintUserMessages: [2DSideScrollerCharacter_254] Left
[2017.02.23-04.32.08:059][429]LogBlueprintUserMessages: [2DSideScrollerCharacter_254] Left
[2017.02.23-04.32.08:075][430]LogBlueprintUserMessages: [2DSideScrollerCharacter_254] Left
[2017.02.23-04.32.08:091][431]LogBlueprintUserMessages: [2DSideScrollerCharacter_254] Left
[2017.02.23-04.32.08:107][432]LogBlueprintUserMessages: [2DSideScrollerCharacter_254] Left
[2017.02.23-04.32.08:124][433]LogBlueprintUserMessages: [2DSideScrollerCharacter_254] Left
[2017.02.23-04.32.08:140][434]LogBlueprintUserMessages: [2DSideScrollerCharacter_254] Left
[2017.02.23-04.32.08:156][435]LogBlueprintUserMessages: [2DSideScrollerCharacter_254] Left
[2017.02.23-04.32.08:172][436]LogBlueprintUserMessages: [2DSideScrollerCharacter_254] Left
[2017.02.23-04.32.08:188][437]LogBlueprintUserMessages: [2DSideScrollerCharacter_254] Left
[2017.02.23-04.32.08:204][438]LogBlueprintUserMessages: [2DSideScrollerCharacter_254] Left
[2017.02.23-04.32.08:220][439]LogBlueprintUserMessages: [2DSideScrollerCharacter_254] Left
[2017.02.23-04.32.08:236][440]LogBlueprintUserMessages: [2DSideScrollerCharacter_254] Left
[2017.02.23-04.32.08:252][441]LogBlueprintUserMessages: [2DSideScrollerCharacter_254] Left
[2017.02.23-04.32.08:268][442]LogBlueprintUserMessages: [2DSideScrollerCharacter_254] Left
[2017.02.23-04.32.08:284][443]LogBlueprintUserMessages: [2DSideScrollerCharacter_254] Left
[2017.02.23-04.32.08:301][444]LogBlueprintUserMessages: [2DSideScrollerCharacter_254] Left
[2017.02.23-04.32.08:317][445]LogBlueprintUserMessages: [2DSideScrollerCharacter_254] Left
[2017.02.23-04.32.08:333][446]LogBlueprintUserMessages: [2DSideScrollerCharacter_254] Left
[2017.02.23-04.32.08:350][447]LogBlueprintUserMessages: [2DSideScrollerCharacter_254] Left
[2017.02.23-04.32.08:366][448]LogBlueprintUserMessages: [2DSideScrollerCharacter_254] Left
[2017.02.23-04.32.08:382][449]LogBlueprintUserMessages: [2DSideScrollerCharacter_254] Left
[2017.02.23-04.32.08:398][450]LogBlueprintUserMessages: [2DSideScrollerCharacter_254] Left
[2017.02.23-04.32.08:414][451]LogBlueprintUserMessages: [2DSideScrollerCharacter_254] Left
[2017.02.23-04.32.08:430][452]LogBlueprintUserMessages: [2DSideScrollerCharacter_254] Left
[2017.02.23-04.32.08:446][453]LogBlueprintUserMessages: [2DSideScrollerCharacter_254] Left
[2017.02.23-04.32.08:463][454]LogBlueprintUserMessages: [2DSideScrollerCharacter_254] Left
[2017.02.23-04.32.08:479][455]LogBlueprintUserMessages: [2DSideScrollerCharacter_254] Left
[2017.02.23-04.32.08:495][456]LogBlueprintUserMessages: [2DSideScrollerCharacter_254] Left
[2017.02.23-04.32.08:511][457]LogBlueprintUserMessages: [2DSideScrollerCharacter_254] Left
[2017.02.23-04.32.08:527][458]LogBlueprintUserMessages: [2DSideScrollerCharacter_254] Left
[2017.02.23-04.32.08:543][459]LogBlueprintUserMessages: [2DSideScrollerCharacter_254] Left
[2017.02.23-04.32.08:559][460]LogBlueprintUserMessages: [2DSideScrollerCharacter_254] Left
[2017.02.23-04.32.08:575][461]LogBlueprintUserMessages: [2DSideScrollerCharacter_254] Left
[2017.02.23-04.32.08:994][487]LogBlueprintUserMessages: [2DSideScrollerCharacter_254] Right
[2017.02.23-04.32.09:010][488]LogBlueprintUserMessages: [2DSideScrollerCharacter_254] Right
[2017.02.23-04.32.09:027][489]LogBlueprintUserMessages: [2DSideScrollerCharacter_254] Right
[2017.02.23-04.32.09:043][490]LogBlueprintUserMessages: [2DSideScrollerCharacter_254] Right
[2017.02.23-04.32.09:059][491]LogBlueprintUserMessages: [2DSideScrollerCharacter_254] Right
[2017.02.23-04.32.09:076][492]LogBlueprintUserMessages: [2DSideScrollerCharacter_254] Right
[2017.02.23-04.32.09:092][493]LogBlueprintUserMessages: [2DSideScrollerCharacter_254] Right
[2017.02.23-04.32.09:107][494]LogBlueprintUserMessages: [2DSideScrollerCharacter_254] Right
[2017.02.23-04.32.09:124][495]LogBlueprintUserMessages: [2DSideScrollerCharacter_254] Right
[2017.02.23-04.32.09:140][496]LogBlueprintUserMessages: [2DSideScrollerCharacter_254] Right
[2017.02.23-04.32.09:156][497]LogBlueprintUserMessages: [2DSideScrollerCharacter_254] Right
[2017.02.23-04.32.09:172][498]LogBlueprintUserMessages: [2DSideScrollerCharacter_254] Right
[2017.02.23-04.32.09:188][499]LogBlueprintUserMessages: [2DSideScrollerCharacter_254] Right
[2017.02.23-04.32.09:204][500]LogBlueprintUserMessages: [2DSideScrollerCharacter_254] Right
[2017.02.23-04.32.09:221][501]LogBlueprintUserMessages: [2DSideScrollerCharacter_254] Right
[2017.02.23-04.32.09:236][502]LogBlueprintUserMessages: [2DSideScrollerCharacter_254] Right
[2017.02.23-04.32.09:253][503]LogBlueprintUserMessages: [2DSideScrollerCharacter_254] Right
[2017.02.23-04.32.09:269][504]LogBlueprintUserMessages: [2DSideScrollerCharacter_254] Right
[2017.02.23-04.32.09:285][505]LogBlueprintUserMessages: [2DSideScrollerCharacter_254] Right
[2017.02.23-04.32.09:301][506]LogBlueprintUserMessages: [2DSideScrollerCharacter_254] Right
[2017.02.23-04.32.09:317][507]LogBlueprintUserMessages: [2DSideScrollerCharacter_254] Right
[2017.02.23-04.32.09:334][508]LogBlueprintUserMessages: [2DSideScrollerCharacter_254] Right
[2017.02.23-04.32.09:349][509]LogBlueprintUserMessages: [2DSideScrollerCharacter_254] Right
[2017.02.23-04.32.09:365][510]LogBlueprintUserMessages: [2DSideScrollerCharacter_254] Right
[2017.02.23-04.32.09:382][511]LogBlueprintUserMessages: [2DSideScrollerCharacter_254] Right
[2017.02.23-04.32.09:398][512]LogBlueprintUserMessages: [2DSideScrollerCharacter_254] Right
[2017.02.23-04.32.09:414][513]LogBlueprintUserMessages: [2DSideScrollerCharacter_254] Right
[2017.02.23-04.32.09:430][514]LogBlueprintUserMessages: [2DSideScrollerCharacter_254] Right
[2017.02.23-04.32.09:446][515]LogBlueprintUserMessages: [2DSideScrollerCharacter_254] Right
[2017.02.23-04.32.09:462][516]LogBlueprintUserMessages: [2DSideScrollerCharacter_254] Right
[2017.02.23-04.32.09:478][517]LogBlueprintUserMessages: [2DSideScrollerCharacter_254] Right
[2017.02.23-04.32.09:494][518]LogBlueprintUserMessages: [2DSideScrollerCharacter_254] Right
[2017.02.23-04.32.09:511][519]LogBlueprintUserMessages: [2DSideScrollerCharacter_254] Right
[2017.02.23-04.32.09:527][520]LogBlueprintUserMessages: [2DSideScrollerCharacter_254] Right
[2017.02.23-04.32.09:543][521]LogBlueprintUserMessages: [2DSideScrollerCharacter_254] Right
[2017.02.23-04.32.09:559][522]LogBlueprintUserMessages: [2DSideScrollerCharacter_254] Right
[2017.02.23-04.32.09:575][523]LogBlueprintUserMessages: [2DSideScrollerCharacter_254] Right
[2017.02.23-04.32.09:591][524]LogBlueprintUserMessages: [2DSideScrollerCharacter_254] Right
[2017.02.23-04.32.09:607][525]LogBlueprintUserMessages: [2DSideScrollerCharacter_254] Right
[2017.02.23-04.32.09:624][526]LogBlueprintUserMessages: [2DSideScrollerCharacter_254] Right
[2017.02.23-04.32.09:640][527]LogBlueprintUserMessages: [2DSideScrollerCharacter_254] Right
[2017.02.23-04.32.09:656][528]LogBlueprintUserMessages: [2DSideScrollerCharacter_254] Right
[2017.02.23-04.32.09:672][529]LogBlueprintUserMessages: [2DSideScrollerCharacter_254] Right
[2017.02.23-04.32.09:688][530]LogBlueprintUserMessages: [2DSideScrollerCharacter_254] Right
[2017.02.23-04.32.09:704][531]LogBlueprintUserMessages: [2DSideScrollerCharacter_254] Right
[2017.02.23-04.32.09:720][532]LogBlueprintUserMessages: [2DSideScrollerCharacter_254] Right
[2017.02.23-04.32.09:737][533]LogBlueprintUserMessages: [2DSideScrollerCharacter_254] Right
[2017.02.23-04.32.09:752][534]LogBlueprintUserMessages: [2DSideScrollerCharacter_254] Right
[2017.02.23-04.32.09:769][535]LogBlueprintUserMessages: [2DSideScrollerCharacter_254] Right
[2017.02.23-04.32.10:204][562]LogBlueprintUserMessages: [2DSideScrollerCharacter_254] Right
[2017.02.23-04.32.10:220][563]LogBlueprintUserMessages: [2DSideScrollerCharacter_254] Right
[2017.02.23-04.32.10:236][564]LogBlueprintUserMessages: [2DSideScrollerCharacter_254] Right
[2017.02.23-04.32.10:253][565]LogBlueprintUserMessages: [2DSideScrollerCharacter_254] Right
[2017.02.23-04.32.10:268][566]LogBlueprintUserMessages: [2DSideScrollerCharacter_254] Right
[2017.02.23-04.32.10:284][567]LogBlueprintUserMessages: [2DSideScrollerCharacter_254] Right
[2017.02.23-04.32.10:301][568]LogBlueprintUserMessages: [2DSideScrollerCharacter_254] Right
[2017.02.23-04.32.10:317][569]LogBlueprintUserMessages: [2DSideScrollerCharacter_254] Right
[2017.02.23-04.32.10:333][570]LogBlueprintUserMessages: [2DSideScrollerCharacter_254] Right
[2017.02.23-04.32.10:349][571]LogBlueprintUserMessages: [2DSideScrollerCharacter_254] Right
[2017.02.23-04.32.10:365][572]LogBlueprintUserMessages: [2DSideScrollerCharacter_254] Right
[2017.02.23-04.32.10:381][573]LogBlueprintUserMessages: [2DSideScrollerCharacter_254] Right
[2017.02.23-04.32.10:397][574]LogBlueprintUserMessages: [2DSideScrollerCharacter_254] Right
[2017.02.23-04.32.10:414][575]LogBlueprintUserMessages: [2DSideScrollerCharacter_254] Right
[2017.02.23-04.32.10:429][576]LogBlueprintUserMessages: [2DSideScrollerCharacter_254] Right
[2017.02.23-04.32.10:446][577]LogBlueprintUserMessages: [2DSideScrollerCharacter_254] Right
[2017.02.23-04.32.10:462][578]LogBlueprintUserMessages: [2DSideScrollerCharacter_254] Right
[2017.02.23-04.32.10:478][579]LogBlueprintUserMessages: [2DSideScrollerCharacter_254] Right
[2017.02.23-04.32.10:494][580]LogBlueprintUserMessages: [2DSideScrollerCharacter_254] Right
[2017.02.23-04.32.10:511][581]LogBlueprintUserMessages: [2DSideScrollerCharacter_254] Right
[2017.02.23-04.32.10:527][582]LogBlueprintUserMessages: [2DSideScrollerCharacter_254] Right
[2017.02.23-04.32.10:543][583]LogBlueprintUserMessages: [2DSideScrollerCharacter_254] Right
[2017.02.23-04.32.10:559][584]LogBlueprintUserMessages: [2DSideScrollerCharacter_254] Right
[2017.02.23-04.32.10:575][585]LogBlueprintUserMessages: [2DSideScrollerCharacter_254] Right
[2017.02.23-04.32.10:591][586]LogBlueprintUserMessages: [2DSideScrollerCharacter_254] Right
[2017.02.23-04.32.10:607][587]LogBlueprintUserMessages: [2DSideScrollerCharacter_254] Right
[2017.02.23-04.32.10:623][588]LogBlueprintUserMessages: [2DSideScrollerCharacter_254] Right
[2017.02.23-04.32.10:640][589]LogBlueprintUserMessages: [2DSideScrollerCharacter_254] Right
[2017.02.23-04.32.10:655][590]LogBlueprintUserMessages: [2DSideScrollerCharacter_254] Right
[2017.02.23-04.32.10:672][591]LogBlueprintUserMessages: [2DSideScrollerCharacter_254] Right
[2017.02.23-04.32.10:688][592]LogBlueprintUserMessages: [2DSideScrollerCharacter_254] Right
[2017.02.23-04.32.10:704][593]LogBlueprintUserMessages: [2DSideScrollerCharacter_254] Right
[2017.02.23-04.32.10:720][594]LogBlueprintUserMessages: [2DSideScrollerCharacter_254] Right
[2017.02.23-04.32.10:736][595]LogBlueprintUserMessages: [2DSideScrollerCharacter_254] Right
[2017.02.23-04.32.10:753][596]LogBlueprintUserMessages: [2DSideScrollerCharacter_254] Right
[2017.02.23-04.32.10:769][597]LogBlueprintUserMessages: [2DSideScrollerCharacter_254] Right
[2017.02.23-04.32.10:785][598]LogBlueprintUserMessages: [2DSideScrollerCharacter_254] Right
[2017.02.23-04.32.10:801][599]LogBlueprintUserMessages: [2DSideScrollerCharacter_254] Right
[2017.02.23-04.32.10:817][600]LogBlueprintUserMessages: [2DSideScrollerCharacter_254] Right
[2017.02.23-04.32.10:833][601]LogBlueprintUserMessages: [2DSideScrollerCharacter_254] Right
[2017.02.23-04.32.10:849][602]LogBlueprintUserMessages: [2DSideScrollerCharacter_254] Right
[2017.02.23-04.32.10:865][603]LogBlueprintUserMessages: [2DSideScrollerCharacter_254] Right
[2017.02.23-04.32.10:881][604]LogBlueprintUserMessages: [2DSideScrollerCharacter_254] Right
[2017.02.23-04.32.10:898][605]LogBlueprintUserMessages: [2DSideScrollerCharacter_254] Right
[2017.02.23-04.32.10:914][606]LogBlueprintUserMessages: [2DSideScrollerCharacter_254] Right
[2017.02.23-04.32.10:930][607]LogBlueprintUserMessages: [2DSideScrollerCharacter_254] Right
[2017.02.23-04.32.10:946][608]LogBlueprintUserMessages: [2DSideScrollerCharacter_254] Right
[2017.02.23-04.32.10:962][609]LogBlueprintUserMessages: [2DSideScrollerCharacter_254] Right
[2017.02.23-04.32.10:978][610]LogBlueprintUserMessages: [2DSideScrollerCharacter_254] Right
[2017.02.23-04.32.10:994][611]LogBlueprintUserMessages: [2DSideScrollerCharacter_254] Right
[2017.02.23-04.32.11:011][612]LogBlueprintUserMessages: [2DSideScrollerCharacter_254] Right
[2017.02.23-04.32.11:027][613]LogBlueprintUserMessages: [2DSideScrollerCharacter_254] Right
[2017.02.23-04.32.11:043][614]LogBlueprintUserMessages: [2DSideScrollerCharacter_254] Right
[2017.02.23-04.32.11:059][615]LogBlueprintUserMessages: [2DSideScrollerCharacter_254] Right
[2017.02.23-04.32.11:075][616]LogBlueprintUserMessages: [2DSideScrollerCharacter_254] Right
[2017.02.23-04.32.11:092][617]LogBlueprintUserMessages: [2DSideScrollerCharacter_254] Right
[2017.02.23-04.32.11:108][618]LogBlueprintUserMessages: [2DSideScrollerCharacter_254] Right
[2017.02.23-04.32.11:124][619]LogBlueprintUserMessages: [2DSideScrollerCharacter_254] Right
[2017.02.23-04.32.11:140][620]LogBlueprintUserMessages: [2DSideScrollerCharacter_254] Right
[2017.02.23-04.32.11:156][621]LogBlueprintUserMessages: [2DSideScrollerCharacter_254] Right
[2017.02.23-04.32.11:172][622]LogBlueprintUserMessages: [2DSideScrollerCharacter_254] Right
[2017.02.23-04.32.11:188][623]LogBlueprintUserMessages: [2DSideScrollerCharacter_254] Right
[2017.02.23-04.32.11:204][624]LogBlueprintUserMessages: [2DSideScrollerCharacter_254] Right
[2017.02.23-04.32.11:220][625]LogBlueprintUserMessages: [2DSideScrollerCharacter_254] Right
[2017.02.23-04.32.11:236][626]LogBlueprintUserMessages: [2DSideScrollerCharacter_254] Right
[2017.02.23-04.32.11:252][627]LogBlueprintUserMessages: [2DSideScrollerCharacter_254] Right
[2017.02.23-04.32.11:268][628]LogBlueprintUserMessages: [2DSideScrollerCharacter_254] Right
[2017.02.23-04.32.11:285][629]LogBlueprintUserMessages: [2DSideScrollerCharacter_254] Right
[2017.02.23-04.32.11:301][630]LogBlueprintUserMessages: [2DSideScrollerCharacter_254] Right
[2017.02.23-04.32.11:317][631]LogBlueprintUserMessages: [2DSideScrollerCharacter_254] Right
[2017.02.23-04.32.11:333][632]LogBlueprintUserMessages: [2DSideScrollerCharacter_254] Right
[2017.02.23-04.32.11:672][653]LogBlueprintUserMessages: [2DSideScrollerCharacter_254] Right
[2017.02.23-04.32.11:688][654]LogBlueprintUserMessages: [2DSideScrollerCharacter_254] Right
[2017.02.23-04.32.11:704][655]LogBlueprintUserMessages: [2DSideScrollerCharacter_254] Right
[2017.02.23-04.32.11:720][656]LogBlueprintUserMessages: [2DSideScrollerCharacter_254] Right
[2017.02.23-04.32.11:736][657]LogBlueprintUserMessages: [2DSideScrollerCharacter_254] Right
[2017.02.23-04.32.11:752][658]LogBlueprintUserMessages: [2DSideScrollerCharacter_254] Right
[2017.02.23-04.32.11:769][659]LogBlueprintUserMessages: [2DSideScrollerCharacter_254] Right
[2017.02.23-04.32.11:784][660]LogBlueprintUserMessages: [2DSideScrollerCharacter_254] Right
[2017.02.23-04.32.11:801][661]LogBlueprintUserMessages: [2DSideScrollerCharacter_254] Right
[2017.02.23-04.32.11:817][662]LogBlueprintUserMessages: [2DSideScrollerCharacter_254] Right
[2017.02.23-04.32.11:833][663]LogBlueprintUserMessages: [2DSideScrollerCharacter_254] Right
[2017.02.23-04.32.11:850][664]LogBlueprintUserMessages: [2DSideScrollerCharacter_254] Right
[2017.02.23-04.32.11:866][665]LogBlueprintUserMessages: [2DSideScrollerCharacter_254] Right
[2017.02.23-04.32.11:881][666]LogBlueprintUserMessages: [2DSideScrollerCharacter_254] Right
[2017.02.23-04.32.11:897][667]LogBlueprintUserMessages: [2DSideScrollerCharacter_254] Right
[2017.02.23-04.32.11:914][668]LogBlueprintUserMessages: [2DSideScrollerCharacter_254] Right
[2017.02.23-04.32.11:930][669]LogBlueprintUserMessages: [2DSideScrollerCharacter_254] Right
[2017.02.23-04.32.11:946][670]LogBlueprintUserMessages: [2DSideScrollerCharacter_254] Right
[2017.02.23-04.32.11:962][671]LogBlueprintUserMessages: [2DSideScrollerCharacter_254] Right
[2017.02.23-04.32.11:978][672]LogBlueprintUserMessages: [2DSideScrollerCharacter_254] Right
[2017.02.23-04.32.11:994][673]LogBlueprintUserMessages: [2DSideScrollerCharacter_254] Right
[2017.02.23-04.32.12:010][674]LogBlueprintUserMessages: [2DSideScrollerCharacter_254] Right
[2017.02.23-04.32.12:027][675]LogBlueprintUserMessages: [2DSideScrollerCharacter_254] Right
[2017.02.23-04.32.12:043][676]LogBlueprintUserMessages: [2DSideScrollerCharacter_254] Right
[2017.02.23-04.32.12:059][677]LogBlueprintUserMessages: [2DSideScrollerCharacter_254] Right
[2017.02.23-04.32.12:075][678]LogBlueprintUserMessages: [2DSideScrollerCharacter_254] Right
[2017.02.23-04.32.12:091][679]LogBlueprintUserMessages: [2DSideScrollerCharacter_254] Right
[2017.02.23-04.32.12:107][680]LogBlueprintUserMessages: [2DSideScrollerCharacter_254] Right
[2017.02.23-04.32.12:124][681]LogBlueprintUserMessages: [2DSideScrollerCharacter_254] Right
[2017.02.23-04.32.12:140][682]LogBlueprintUserMessages: [2DSideScrollerCharacter_254] Right
[2017.02.23-04.32.12:156][683]LogBlueprintUserMessages: [2DSideScrollerCharacter_254] Right
[2017.02.23-04.32.12:172][684]LogBlueprintUserMessages: [2DSideScrollerCharacter_254] Right
[2017.02.23-04.32.12:188][685]LogBlueprintUserMessages: [2DSideScrollerCharacter_254] Right
[2017.02.23-04.32.12:204][686]LogBlueprintUserMessages: [2DSideScrollerCharacter_254] Right
[2017.02.23-04.32.12:221][687]LogBlueprintUserMessages: [2DSideScrollerCharacter_254] Right
[2017.02.23-04.32.12:237][688]LogBlueprintUserMessages: [2DSideScrollerCharacter_254] Right
[2017.02.23-04.32.12:253][689]LogBlueprintUserMessages: [2DSideScrollerCharacter_254] Right
[2017.02.23-04.32.12:269][690]LogBlueprintUserMessages: [2DSideScrollerCharacter_254] Right
[2017.02.23-04.32.12:285][691]LogBlueprintUserMessages: [2DSideScrollerCharacter_254] Right
[2017.02.23-04.32.12:301][692]LogBlueprintUserMessages: [2DSideScrollerCharacter_254] Right
[2017.02.23-04.32.12:318][693]LogBlueprintUserMessages: [2DSideScrollerCharacter_254] Right
[2017.02.23-04.32.12:334][694]LogBlueprintUserMessages: [2DSideScrollerCharacter_254] Right
[2017.02.23-04.32.12:349][695]LogBlueprintUserMessages: [2DSideScrollerCharacter_254] Right
[2017.02.23-04.32.12:366][696]LogBlueprintUserMessages: [2DSideScrollerCharacter_254] Right
[2017.02.23-04.32.12:382][697]LogBlueprintUserMessages: [2DSideScrollerCharacter_254] Right
[2017.02.23-04.32.12:398][698]LogBlueprintUserMessages: [2DSideScrollerCharacter_254] Right
[2017.02.23-04.32.12:414][699]LogBlueprintUserMessages: [2DSideScrollerCharacter_254] Right
[2017.02.23-04.32.12:430][700]LogBlueprintUserMessages: [2DSideScrollerCharacter_254] Right
[2017.02.23-04.32.12:640][713]LogBlueprintUserMessages: [2DSideScrollerCharacter_254] Right
[2017.02.23-04.32.12:656][714]LogBlueprintUserMessages: [2DSideScrollerCharacter_254] Right
[2017.02.23-04.32.12:672][715]LogBlueprintUserMessages: [2DSideScrollerCharacter_254] Right
[2017.02.23-04.32.12:688][716]LogBlueprintUserMessages: [2DSideScrollerCharacter_254] Right
[2017.02.23-04.32.12:704][717]LogBlueprintUserMessages: [2DSideScrollerCharacter_254] Right
[2017.02.23-04.32.12:721][718]LogBlueprintUserMessages: [2DSideScrollerCharacter_254] Right
[2017.02.23-04.32.12:946][732]LogBlueprintUserMessages: [2DSideScrollerCharacter_254] Right
[2017.02.23-04.32.12:962][733]LogBlueprintUserMessages: [2DSideScrollerCharacter_254] Right
[2017.02.23-04.32.12:978][734]LogBlueprintUserMessages: [2DSideScrollerCharacter_254] Right
[2017.02.23-04.32.12:994][735]LogBlueprintUserMessages: [2DSideScrollerCharacter_254] Right
[2017.02.23-04.32.13:011][736]LogBlueprintUserMessages: [2DSideScrollerCharacter_254] Right
[2017.02.23-04.32.13:027][737]LogBlueprintUserMessages: [2DSideScrollerCharacter_254] Right
[2017.02.23-04.32.13:043][738]LogBlueprintUserMessages: [2DSideScrollerCharacter_254] Right
[2017.02.23-04.32.13:059][739]LogBlueprintUserMessages: [2DSideScrollerCharacter_254] Right
[2017.02.23-04.32.13:075][740]LogBlueprintUserMessages: [2DSideScrollerCharacter_254] Right
[2017.02.23-04.32.13:091][741]LogBlueprintUserMessages: [2DSideScrollerCharacter_254] Right
[2017.02.23-04.32.13:107][742]LogBlueprintUserMessages: [2DSideScrollerCharacter_254] Right
[2017.02.23-04.32.13:124][743]LogBlueprintUserMessages: [2DSideScrollerCharacter_254] Right
[2017.02.23-04.32.13:140][744]LogBlueprintUserMessages: [2DSideScrollerCharacter_254] Right
[2017.02.23-04.32.13:156][745]LogBlueprintUserMessages: [2DSideScrollerCharacter_254] Right
[2017.02.23-04.32.13:172][746]LogBlueprintUserMessages: [2DSideScrollerCharacter_254] Right
[2017.02.23-04.32.13:188][747]LogBlueprintUserMessages: [2DSideScrollerCharacter_254] Right
[2017.02.23-04.32.13:204][748]LogBlueprintUserMessages: [2DSideScrollerCharacter_254] Right
[2017.02.23-04.32.13:220][749]LogBlueprintUserMessages: [2DSideScrollerCharacter_254] Right
[2017.02.23-04.32.13:236][750]LogBlueprintUserMessages: [2DSideScrollerCharacter_254] Right
[2017.02.23-04.32.13:253][751]LogBlueprintUserMessages: [2DSideScrollerCharacter_254] Right
[2017.02.23-04.32.13:269][752]LogBlueprintUserMessages: [2DSideScrollerCharacter_254] Right
[2017.02.23-04.32.13:285][753]LogBlueprintUserMessages: [2DSideScrollerCharacter_254] Right
[2017.02.23-04.32.13:301][754]LogBlueprintUserMessages: [2DSideScrollerCharacter_254] Right
[2017.02.23-04.32.13:317][755]LogBlueprintUserMessages: [2DSideScrollerCharacter_254] Right
[2017.02.23-04.32.13:333][756]LogBlueprintUserMessages: [2DSideScrollerCharacter_254] Right
[2017.02.23-04.32.13:350][757]LogBlueprintUserMessages: [2DSideScrollerCharacter_254] Right
[2017.02.23-04.32.13:365][758]LogBlueprintUserMessages: [2DSideScrollerCharacter_254] Right
[2017.02.23-04.32.13:382][759]LogBlueprintUserMessages: [2DSideScrollerCharacter_254] Right
[2017.02.23-04.32.13:398][760]LogBlueprintUserMessages: [2DSideScrollerCharacter_254] Right
[2017.02.23-04.32.13:414][761]LogBlueprintUserMessages: [2DSideScrollerCharacter_254] Right
[2017.02.23-04.32.13:430][762]LogBlueprintUserMessages: [2DSideScrollerCharacter_254] Right
[2017.02.23-04.32.13:446][763]LogBlueprintUserMessages: [2DSideScrollerCharacter_254] Right
[2017.02.23-04.32.13:462][764]LogBlueprintUserMessages: [2DSideScrollerCharacter_254] Right
[2017.02.23-04.32.13:478][765]LogBlueprintUserMessages: [2DSideScrollerCharacter_254] Right
[2017.02.23-04.32.13:495][766]LogBlueprintUserMessages: [2DSideScrollerCharacter_254] Right
[2017.02.23-04.32.13:511][767]LogBlueprintUserMessages: [2DSideScrollerCharacter_254] Right
[2017.02.23-04.32.13:527][768]LogBlueprintUserMessages: [2DSideScrollerCharacter_254] Right
[2017.02.23-04.32.13:543][769]LogBlueprintUserMessages: [2DSideScrollerCharacter_254] Right
[2017.02.23-04.32.13:559][770]LogBlueprintUserMessages: [2DSideScrollerCharacter_254] Right
[2017.02.23-04.32.13:575][771]LogBlueprintUserMessages: [2DSideScrollerCharacter_254] Right
[2017.02.23-04.32.13:591][772]LogBlueprintUserMessages: [2DSideScrollerCharacter_254] Right
[2017.02.23-04.32.13:607][773]LogBlueprintUserMessages: [2DSideScrollerCharacter_254] Right
[2017.02.23-04.32.13:624][774]LogBlueprintUserMessages: [2DSideScrollerCharacter_254] Right
[2017.02.23-04.32.13:640][775]LogBlueprintUserMessages: [2DSideScrollerCharacter_254] Right
[2017.02.23-04.32.13:656][776]LogBlueprintUserMessages: [2DSideScrollerCharacter_254] Right
[2017.02.23-04.32.13:672][777]LogBlueprintUserMessages: [2DSideScrollerCharacter_254] Right
[2017.02.23-04.32.13:688][778]LogBlueprintUserMessages: [2DSideScrollerCharacter_254] Right
[2017.02.23-04.32.13:704][779]LogBlueprintUserMessages: [2DSideScrollerCharacter_254] Right
[2017.02.23-04.32.13:721][780]LogBlueprintUserMessages: [2DSideScrollerCharacter_254] Right
[2017.02.23-04.32.14:108][799]LogBlueprintUserMessages: [2DSideScrollerCharacter_254] Right
[2017.02.23-04.32.14:111][800]LogBlueprintUserMessages: [2DSideScrollerCharacter_254] Right
[2017.02.23-04.32.14:240][808]LogBlueprintUserMessages: [2DSideScrollerCharacter_254] Right
[2017.02.23-04.32.14:256][809]LogBlueprintUserMessages: [2DSideScrollerCharacter_254] Right
[2017.02.23-04.32.14:272][810]LogBlueprintUserMessages: [2DSideScrollerCharacter_254] Right
[2017.02.23-04.32.14:289][811]LogBlueprintUserMessages: [2DSideScrollerCharacter_254] Right
[2017.02.23-04.32.14:305][812]LogBlueprintUserMessages: [2DSideScrollerCharacter_254] Right
[2017.02.23-04.32.14:514][825]LogBlueprintUserMessages: [2DSideScrollerCharacter_254] Right
[2017.02.23-04.32.14:530][826]LogBlueprintUserMessages: [2DSideScrollerCharacter_254] Right
[2017.02.23-04.32.14:546][827]LogBlueprintUserMessages: [2DSideScrollerCharacter_254] Right
[2017.02.23-04.32.14:562][828]LogBlueprintUserMessages: [2DSideScrollerCharacter_254] Right
[2017.02.23-04.32.14:578][829]LogBlueprintUserMessages: [2DSideScrollerCharacter_254] Right
[2017.02.23-04.32.14:594][830]LogBlueprintUserMessages: [2DSideScrollerCharacter_254] Right
[2017.02.23-04.32.14:853][846]LogBlueprintUserMessages: [2DSideScrollerCharacter_254] Right
[2017.02.23-04.32.14:869][847]LogBlueprintUserMessages: [2DSideScrollerCharacter_254] Right
[2017.02.23-04.32.14:885][848]LogBlueprintUserMessages: [2DSideScrollerCharacter_254] Right
[2017.02.23-04.32.14:901][849]LogBlueprintUserMessages: [2DSideScrollerCharacter_254] Right
[2017.02.23-04.32.14:917][850]LogBlueprintUserMessages: [2DSideScrollerCharacter_254] Right
[2017.02.23-04.32.14:934][851]LogBlueprintUserMessages: [2DSideScrollerCharacter_254] Right
[2017.02.23-04.32.15:144][864]LogBlueprintUserMessages: [2DSideScrollerCharacter_254] Right
[2017.02.23-04.32.15:160][865]LogBlueprintUserMessages: [2DSideScrollerCharacter_254] Right
[2017.02.23-04.32.15:176][866]LogBlueprintUserMessages: [2DSideScrollerCharacter_254] Right
[2017.02.23-04.32.15:192][867]LogBlueprintUserMessages: [2DSideScrollerCharacter_254] Right
[2017.02.23-04.32.15:208][868]LogBlueprintUserMessages: [2DSideScrollerCharacter_254] Right
[2017.02.23-04.32.15:224][869]LogBlueprintUserMessages: [2DSideScrollerCharacter_254] Right
[2017.02.23-04.32.15:240][870]LogBlueprintUserMessages: [2DSideScrollerCharacter_254] Right
[2017.02.23-04.32.15:256][871]LogBlueprintUserMessages: [2DSideScrollerCharacter_254] Right
[2017.02.23-04.32.15:272][872]LogBlueprintUserMessages: [2DSideScrollerCharacter_254] Right
[2017.02.23-04.32.15:288][873]LogBlueprintUserMessages: [2DSideScrollerCharacter_254] Right
[2017.02.23-04.32.15:304][874]LogBlueprintUserMessages: [2DSideScrollerCharacter_254] Right
[2017.02.23-04.32.15:320][875]LogBlueprintUserMessages: [2DSideScrollerCharacter_254] Right
[2017.02.23-04.32.15:337][876]LogBlueprintUserMessages: [2DSideScrollerCharacter_254] Right
[2017.02.23-04.32.15:353][877]LogBlueprintUserMessages: [2DSideScrollerCharacter_254] Right
[2017.02.23-04.32.15:369][878]LogBlueprintUserMessages: [2DSideScrollerCharacter_254] Right
[2017.02.23-04.32.15:385][879]LogBlueprintUserMessages: [2DSideScrollerCharacter_254] Right
[2017.02.23-04.32.15:401][880]LogBlueprintUserMessages: [2DSideScrollerCharacter_254] Right
[2017.02.23-04.32.15:659][896]LogBlueprintUserMessages: [2DSideScrollerCharacter_254] Right
[2017.02.23-04.32.15:676][897]LogBlueprintUserMessages: [2DSideScrollerCharacter_254] Right
[2017.02.23-04.32.15:692][898]LogBlueprintUserMessages: [2DSideScrollerCharacter_254] Right
[2017.02.23-04.32.15:708][899]LogBlueprintUserMessages: [2DSideScrollerCharacter_254] Right
[2017.02.23-04.32.15:724][900]LogBlueprintUserMessages: [2DSideScrollerCharacter_254] Right
[2017.02.23-04.32.15:740][901]LogBlueprintUserMessages: [2DSideScrollerCharacter_254] Right
[2017.02.23-04.32.15:756][902]LogBlueprintUserMessages: [2DSideScrollerCharacter_254] Right
[2017.02.23-04.32.15:773][903]LogBlueprintUserMessages: [2DSideScrollerCharacter_254] Right
[2017.02.23-04.32.15:789][904]LogBlueprintUserMessages: [2DSideScrollerCharacter_254] Right
[2017.02.23-04.32.15:804][905]LogBlueprintUserMessages: [2DSideScrollerCharacter_254] Right
[2017.02.23-04.32.15:821][906]LogBlueprintUserMessages: [2DSideScrollerCharacter_254] Right
[2017.02.23-04.32.15:837][907]LogBlueprintUserMessages: [2DSideScrollerCharacter_254] Right
[2017.02.23-04.32.15:853][908]LogBlueprintUserMessages: [2DSideScrollerCharacter_254] Right
[2017.02.23-04.32.15:998][917]LogBlueprintUserMessages: [2DSideScrollerCharacter_254] Right
[2017.02.23-04.32.16:014][918]LogBlueprintUserMessages: [2DSideScrollerCharacter_254] Right
[2017.02.23-04.32.16:031][919]LogBlueprintUserMessages: [2DSideScrollerCharacter_254] Right
[2017.02.23-04.32.16:047][920]LogBlueprintUserMessages: [2DSideScrollerCharacter_254] Right
[2017.02.23-04.32.16:063][921]LogBlueprintUserMessages: [2DSideScrollerCharacter_254] Right
[2017.02.23-04.32.16:079][922]LogBlueprintUserMessages: [2DSideScrollerCharacter_254] Right
[2017.02.23-04.32.16:192][929]LogBlueprintUserMessages: [2DSideScrollerCharacter_254] Right
[2017.02.23-04.32.16:208][930]LogBlueprintUserMessages: [2DSideScrollerCharacter_254] Right
[2017.02.23-04.32.16:224][931]LogBlueprintUserMessages: [2DSideScrollerCharacter_254] Right
[2017.02.23-04.32.16:240][932]LogBlueprintUserMessages: [2DSideScrollerCharacter_254] Right
[2017.02.23-04.32.16:256][933]LogBlueprintUserMessages: [2DSideScrollerCharacter_254] Right
[2017.02.23-04.32.18:628][ 80]LogBlueprintUserMessages: [2DSideScrollerCharacter_254] Right
[2017.02.23-04.32.18:644][ 81]LogBlueprintUserMessages: [2DSideScrollerCharacter_254] Right
[2017.02.23-04.32.18:660][ 82]LogBlueprintUserMessages: [2DSideScrollerCharacter_254] Right
[2017.02.23-04.32.18:676][ 83]LogBlueprintUserMessages: [2DSideScrollerCharacter_254] Right
[2017.02.23-04.32.18:918][ 98]LogBlueprintUserMessages: [2DSideScrollerCharacter_254] Right
[2017.02.23-04.32.18:934][ 99]LogBlueprintUserMessages: [2DSideScrollerCharacter_254] Right
[2017.02.23-04.32.18:950][100]LogBlueprintUserMessages: [2DSideScrollerCharacter_254] Right
[2017.02.23-04.32.18:966][101]LogBlueprintUserMessages: [2DSideScrollerCharacter_254] Right
[2017.02.23-04.32.32:373][928]Command not recognized: ex
[2017.02.23-04.32.38:186][289]Closing by request
[2017.02.23-04.32.38:186][289]LogWindows: FPlatformMisc::RequestExit(0)
[2017.02.23-04.32.38:188][290]LogMoviePlayer: Shutting down movie player
[2017.02.23-04.32.38:978][290]LogWindowsTextInputMethodSystem:Display: IME system now deactivated.
[2017.02.23-04.32.38:987][290]LogExit: Preparing to exit.
[2017.02.23-04.32.39:754][290]LogExit: Game engine shut down
[2017.02.23-04.32.39:845][290]LogObj: Freed 0b from 0 cluster array pools.
[2017.02.23-04.32.39:845][290]LogExit: Object subsystem successfully closed.
[2017.02.23-04.32.39:855][290]LogD3D11RHI: Shutdown
[2017.02.23-04.32.39:855][290]LogD3D11RHI: CleanupD3DDevice
[2017.02.23-04.32.39:876][290]LogD3D11RHI: ~FD3D11DynamicRHI
[2017.02.23-04.32.39:886][290]LogModuleManager: Shutting down and abandoning module SequenceRecorderSections (119)
[2017.02.23-04.32.39:886][290]LogModuleManager: Shutting down and abandoning module SequenceRecorder (118)
[2017.02.23-04.32.39:886][290]LogModuleManager: Shutting down and abandoning module AutomationController (117)
[2017.02.23-04.32.39:886][290]LogModuleManager: Shutting down and abandoning module AutomationWorker (116)
[2017.02.23-04.32.39:886][290]LogModuleManager: Shutting down and abandoning module GameplayDebugger (115)
[2017.02.23-04.32.39:886][290]LogModuleManager: Shutting down and abandoning module AITestSuite (114)
[2017.02.23-04.32.39:886][290]LogModuleManager: Shutting down and abandoning module AIModule (113)
[2017.02.23-04.32.39:886][290]LogModuleManager: Shutting down and abandoning module WmfMediaFactory (112)
[2017.02.23-04.32.39:886][290]LogModuleManager: Shutting down and abandoning module AvfMediaFactory (111)
[2017.02.23-04.32.39:886][290]LogModuleManager: Shutting down and abandoning module Media (110)
[2017.02.23-04.32.39:886][290]LogModuleManager: Shutting down and abandoning module AndroidMediaFactory (109)
[2017.02.23-04.32.39:886][290]LogModuleManager: Shutting down and abandoning module CharacterAI (108)
[2017.02.23-04.32.39:886][290]LogModuleManager: Shutting down and abandoning module SessionServices (107)
[2017.02.23-04.32.39:886][290]LogModuleManager: Shutting down and abandoning module MovieSceneCapture (106)
[2017.02.23-04.32.39:886][290]LogModuleManager: Shutting down and abandoning module Niagara (105)
[2017.02.23-04.32.39:886][290]LogModuleManager: Shutting down and abandoning module StreamingPauseRendering (104)
[2017.02.23-04.32.39:886][290]LogModuleManager: Shutting down and abandoning module PortalServices (103)
[2017.02.23-04.32.39:886][290]LogModuleManager: Shutting down and abandoning module PortalRpc (102)
[2017.02.23-04.32.39:886][290]LogModuleManager: Shutting down and abandoning module MessagingRpc (101)
[2017.02.23-04.32.39:886][290]LogModuleManager: Shutting down and abandoning module ProfilerService (100)
[2017.02.23-04.32.39:897][290]LogModuleManager: Shutting down and abandoning module TaskGraph (99)
[2017.02.23-04.32.39:897][290]LogModuleManager: Shutting down and abandoning module SlateRemote (98)
[2017.02.23-04.32.39:897][290]LogModuleManager: Shutting down and abandoning module SteamVRController (97)
[2017.02.23-04.32.39:898][290]LogModuleManager: Shutting down and abandoning module SteamVR (96)
[2017.02.23-04.32.39:898][290]LogModuleManager: Shutting down and abandoning module ProceduralMeshComponent (95)
[2017.02.23-04.32.39:898][290]LogModuleManager: Shutting down and abandoning module OculusLibrary (94)
[2017.02.23-04.32.39:898][290]LogModuleManager: Shutting down and abandoning module OculusInput (93)
[2017.02.23-04.32.39:898][290]LogModuleManager: Shutting down and abandoning module CustomMeshComponent (92)
[2017.02.23-04.32.39:898][290]LogModuleManager: Shutting down and abandoning module CableComponent (91)
[2017.02.23-04.32.39:898][290]LogModuleManager: Shutting down and abandoning module ArchVisCharacter (90)
[2017.02.23-04.32.39:898][290]LogModuleManager: Shutting down and abandoning module HTML5Networking (88)
[2017.02.23-04.32.39:898][290]LogModuleManager: Shutting down and abandoning module DesktopPlatform (87)
[2017.02.23-04.32.39:898][290]LogModuleManager: Shutting down and abandoning module DirectoryWatcher (86)
[2017.02.23-04.32.39:898][290]LogModuleManager: Shutting down and abandoning module HotReload (85)
[2017.02.23-04.32.39:898][290]LogModuleManager: Shutting down and abandoning module VisualStudioSourceCodeAccess (84)
[2017.02.23-04.32.39:898][290]LogModuleManager: Shutting down and abandoning module UObjectPlugin (83)
[2017.02.23-04.32.39:898][290]LogModuleManager: Shutting down and abandoning module SubversionSourceControl (82)
[2017.02.23-04.32.39:898][290]LogModuleManager: Shutting down and abandoning module SourceControl (81)
[2017.02.23-04.32.39:898][290]LogModuleManager: Shutting down and abandoning module PerforceSourceControl (80)
[2017.02.23-04.32.39:898][290]LogModuleManager: Shutting down and abandoning module UdpMessaging (79)
[2017.02.23-04.32.39:998][290]LogModuleManager: Shutting down and abandoning module TcpMessaging (78)
[2017.02.23-04.32.40:607][290]LogModuleManager: Shutting down and abandoning module LightPropagationVolumeRuntime (77)
[2017.02.23-04.32.40:607][290]LogModuleManager: Shutting down and abandoning module Paper2D (76)
[2017.02.23-04.32.40:607][290]LogModuleManager: Shutting down and abandoning module WindowsMoviePlayer (75)
[2017.02.23-04.32.40:607][290]LogModuleManager: Shutting down and abandoning module WmfMedia (74)
[2017.02.23-04.32.40:613][290]LogModuleManager: Shutting down and abandoning module MediaAssets (73)
[2017.02.23-04.32.40:613][290]LogModuleManager: Shutting down and abandoning module GameLiveStreaming (72)
[2017.02.23-04.32.40:613][290]LogModuleManager: Shutting down and abandoning module GameplayTagsEditor (71)
[2017.02.23-04.32.40:613][290]LogModuleManager: Shutting down and abandoning module VREditor (70)
[2017.02.23-04.32.40:613][290]LogModuleManager: Shutting down and abandoning module GameplayTasksEditor (69)
[2017.02.23-04.32.40:613][290]LogModuleManager: Shutting down and abandoning module PropertyEditor (68)
[2017.02.23-04.32.40:613][290]LogModuleManager: Shutting down and abandoning module BehaviorTreeEditor (67)
[2017.02.23-04.32.40:613][290]LogModuleManager: Shutting down and abandoning module FunctionalTesting (66)
[2017.02.23-04.32.40:613][290]LogModuleManager: Shutting down and abandoning module CollisionAnalyzer (65)
[2017.02.23-04.32.40:613][290]LogModuleManager: Shutting down and abandoning module Sequencer (64)
[2017.02.23-04.32.40:613][290]LogModuleManager: Shutting down and abandoning module WorkspaceMenuStructure (63)
[2017.02.23-04.32.40:613][290]LogModuleManager: Shutting down and abandoning module MessageLog (62)
[2017.02.23-04.32.40:613][290]LogModuleManager: Shutting down and abandoning module AssetTools (61)
[2017.02.23-04.32.40:613][290]LogModuleManager: Shutting down and abandoning module UMGEditor (60)
[2017.02.23-04.32.40:613][290]LogModuleManager: Shutting down and abandoning module UMG (59)
[2017.02.23-04.32.40:613][290]LogModuleManager: Shutting down and abandoning module SlateReflector (58)
[2017.02.23-04.32.40:613][290]LogModuleManager: Shutting down and abandoning module Slate (57)
[2017.02.23-04.32.40:613][290]LogModuleManager: Shutting down and abandoning module EditorStyle (56)
[2017.02.23-04.32.40:615][290]LogModuleManager: Shutting down and abandoning module Messaging (55)
[2017.02.23-04.32.40:615][290]LogModuleManager: Shutting down and abandoning module SourceCodeAccess (54)
[2017.02.23-04.32.40:615][290]LogModuleManager: Shutting down and abandoning module HeadMountedDisplay (53)
[2017.02.23-04.32.40:615][290]LogModuleManager: Shutting down and abandoning module XAudio2 (52)
[2017.02.23-04.32.40:615][290]LogModuleManager: Shutting down and abandoning module Networking (50)
[2017.02.23-04.32.40:615][290]LogModuleManager: Shutting down and abandoning module Core (49)
[2017.02.23-04.32.40:615][290]LogModuleManager: Shutting down and abandoning module KismetCompiler (48)
[2017.02.23-04.32.40:615][290]LogModuleManager: Shutting down and abandoning module PhysXFormats (47)
[2017.02.23-04.32.40:615][290]LogModuleManager: Shutting down and abandoning module MeshUtilities (46)
[2017.02.23-04.32.40:616][290]LogModuleManager: Shutting down and abandoning module AssetRegistry (45)
[2017.02.23-04.32.40:616][290]LogModuleManager: Shutting down and abandoning module DerivedDataCache (44)
[2017.02.23-04.32.40:941][290]LogDerivedDataCache: Shutdown
[2017.02.23-04.32.40:941][290]LogModuleManager: Shutting down and abandoning module VulkanShaderFormat (43)
[2017.02.23-04.32.40:941][290]LogModuleManager: Shutting down and abandoning module ShaderFormatOpenGL (42)
[2017.02.23-04.32.40:941][290]LogModuleManager: Shutting down and abandoning module ShaderFormatD3D (41)
[2017.02.23-04.32.40:941][290]LogModuleManager: Shutting down and abandoning module MetalShaderFormat (40)
[2017.02.23-04.32.40:941][290]LogModuleManager: Shutting down and abandoning module TextureFormatUncompressed (39)
[2017.02.23-04.32.40:941][290]LogModuleManager: Shutting down and abandoning module TextureFormatPVR (38)
[2017.02.23-04.32.40:941][290]LogModuleManager: Shutting down and abandoning module TextureFormatDXT (37)
[2017.02.23-04.32.40:941][290]LogModuleManager: Shutting down and abandoning module TextureFormatIntelISPCTexComp (36)
[2017.02.23-04.32.40:941][290]LogModuleManager: Shutting down and abandoning module ImageWrapper (35)
[2017.02.23-04.32.40:941][290]LogModuleManager: Shutting down and abandoning module TextureFormatASTC (34)
[2017.02.23-04.32.40:941][290]LogModuleManager: Shutting down and abandoning module TextureFormatAndroid (33)
[2017.02.23-04.32.40:941][290]LogModuleManager: Shutting down and abandoning module AudioFormatOpus (32)
[2017.02.23-04.32.40:941][290]LogModuleManager: Shutting down and abandoning module AudioFormatOgg (31)
[2017.02.23-04.32.40:941][290]LogModuleManager: Shutting down and abandoning module AudioFormatADPCM (30)
[2017.02.23-04.32.40:941][290]LogModuleManager: Shutting down and abandoning module WindowsTargetPlatform (29)
[2017.02.23-04.32.40:941][290]LogModuleManager: Shutting down and abandoning module WindowsServerTargetPlatform (28)
[2017.02.23-04.32.40:941][290]LogModuleManager: Shutting down and abandoning module WindowsNoEditorTargetPlatform (27)
[2017.02.23-04.32.40:941][290]LogModuleManager: Shutting down and abandoning module WindowsClientTargetPlatform (26)
[2017.02.23-04.32.40:941][290]LogModuleManager: Shutting down and abandoning module TargetPlatform (25)
[2017.02.23-04.32.40:942][290]LogModuleManager: Shutting down and abandoning module InputCore (24)
[2017.02.23-04.32.40:942][290]LogModuleManager: Shutting down and abandoning module Settings (23)
[2017.02.23-04.32.40:942][290]LogModuleManager: Shutting down and abandoning module OculusRift (22)
[2017.02.23-04.32.40:942][290]LogModuleManager: Shutting down and abandoning module GearVR (21)
[2017.02.23-04.32.40:942][290]LogModuleManager: Shutting down and abandoning module ExampleDeviceProfileSelector (20)
[2017.02.23-04.32.40:942][290]LogModuleManager: Shutting down and abandoning module OnlineBlueprintSupport (19)
[2017.02.23-04.32.40:942][290]LogModuleManager: Shutting down and abandoning module OnlineSubsystem (17)
[2017.02.23-04.32.40:942][290]LogOnline:Display: Unloading online subsystem: NULL
[2017.02.23-04.32.40:942][290]LogModuleManager: Shutting down and abandoning module HTTP (16)
[2017.02.23-04.32.40:946][290]LogModuleManager: Shutting down and abandoning module XMPP (15)
[2017.02.23-04.32.40:946][290]LogModuleManager: Shutting down and abandoning module TextureCompressor (14)
[2017.02.23-04.32.40:946][290]LogModuleManager: Shutting down and abandoning module ShaderCore (13)
[2017.02.23-04.32.40:946][290]LogModuleManager: Shutting down and abandoning module Landscape (12)
[2017.02.23-04.32.40:946][290]LogModuleManager: Shutting down and abandoning module SlateRHIRenderer (11)
[2017.02.23-04.32.40:946][290]LogModuleManager: Shutting down and abandoning module OpenGLDrv (10)
[2017.02.23-04.32.40:946][290]LogModuleManager: Shutting down and abandoning module D3D11RHI (9)
[2017.02.23-04.32.40:946][290]LogModuleManager: Shutting down and abandoning module AnimGraphRuntime (8)
[2017.02.23-04.32.40:946][290]LogModuleManager: Shutting down and abandoning module Renderer (7)
[2017.02.23-04.32.40:946][290]LogModuleManager: Shutting down and abandoning module Engine (6)
[2017.02.23-04.32.40:946][290]LogModuleManager: Shutting down and abandoning module CoreUObject (5)
[2017.02.23-04.32.40:946][290]LogModuleManager: Shutting down and abandoning module NetworkFile (4)
[2017.02.23-04.32.40:946][290]LogModuleManager: Shutting down and abandoning module StreamingFile (3)
[2017.02.23-04.32.40:946][290]LogModuleManager: Shutting down and abandoning module SandboxFile (2)
[2017.02.23-04.32.40:946][290]LogModuleManager: Shutting down and abandoning module PakFile (1)
[2017.02.23-04.32.40:947][290]LogExit: Exiting.
[2017.02.23-04.32.40:948][290]Log file closed, 02/23/17 15:32:40
