Log file open, 02/23/17 15:30:53
LogInit:Display: Running engine for game: TouchInput
LogPlatformFile: Not using cached read wrapper
LogInit:Display: RandInit(928850030) SRandInit(928850030).
LogTaskGraph: Started task graph with 5 named threads and 8 total threads with 1 sets of task threads.
LogStats: Stats thread started at 0.098264
LogPluginManager: Loaded Plugin Paper2D, From C:/Program Files/Epic Games/UE_4.13/Engine/Plugins/2D/Paper2D/Paper2D.uplugin
LogPluginManager: Loaded Plugin LightPropagationVolume, From C:/Program Files/Epic Games/UE_4.13/Engine/Plugins/Blendables/LightPropagationVolume/LightPropagationVolume.uplugin
LogPluginManager: Loaded Plugin BlankPlugin, From C:/Program Files/Epic Games/UE_4.13/Engine/Plugins/Developer/BlankPlugin/BlankPlugin.uplugin
LogPluginManager: Loaded Plugin CodeLiteSourceCodeAccess, From C:/Program Files/Epic Games/UE_4.13/Engine/Plugins/Developer/CodeLiteSourceCodeAccess/CodeLiteSourceCodeAccess.uplugin
LogPluginManager: Loaded Plugin GitSourceControl, From C:/Program Files/Epic Games/UE_4.13/Engine/Plugins/Developer/GitSourceControl/GitSourceControl.uplugin
LogPluginManager: Loaded Plugin KDevelopSourceCodeAccess, From C:/Program Files/Epic Games/UE_4.13/Engine/Plugins/Developer/KDevelopSourceCodeAccess/KDevelopSourceCodeAccess.uplugin
LogPluginManager: Loaded Plugin NullSourceCodeAccess, From C:/Program Files/Epic Games/UE_4.13/Engine/Plugins/Developer/NullSourceCodeAccess/NullSourceCodeAccess.uplugin
LogPluginManager: Loaded Plugin OneSkyLocalizationService, From C:/Program Files/Epic Games/UE_4.13/Engine/Plugins/Developer/OneSkyLocalizationService/OneSkyLocalizationService.uplugin
LogPluginManager: Loaded Plugin PerforceSourceControl, From C:/Program Files/Epic Games/UE_4.13/Engine/Plugins/Developer/PerforceSourceControl/PerforceSourceControl.uplugin
LogPluginManager: Loaded Plugin SubversionSourceControl, From C:/Program Files/Epic Games/UE_4.13/Engine/Plugins/Developer/SubversionSourceControl/SubversionSourceControl.uplugin
LogPluginManager: Loaded Plugin UObjectPlugin, From C:/Program Files/Epic Games/UE_4.13/Engine/Plugins/Developer/UObjectPlugin/UObjectPlugin.uplugin
LogPluginManager: Loaded Plugin VisualStudioSourceCodeAccess, From C:/Program Files/Epic Games/UE_4.13/Engine/Plugins/Developer/VisualStudioSourceCodeAccess/VisualStudioSourceCodeAccess.uplugin
LogPluginManager: Loaded Plugin XCodeSourceCodeAccess, From C:/Program Files/Epic Games/UE_4.13/Engine/Plugins/Developer/XCodeSourceCodeAccess/XCodeSourceCodeAccess.uplugin
LogPluginManager: Loaded Plugin EpicSurvey, From C:/Program Files/Epic Games/UE_4.13/Engine/Plugins/Editor/EpicSurvey/EpicSurvey.uplugin
LogPluginManager: Loaded Plugin MacGraphicsSwitching, From C:/Program Files/Epic Games/UE_4.13/Engine/Plugins/Editor/MacGraphicsSwitching/MacGraphicsSwitching.uplugin
LogPluginManager: Loaded Plugin MobileLauncherProfileWizard, From C:/Program Files/Epic Games/UE_4.13/Engine/Plugins/Editor/MobileLauncherProfileWizard/MobileLauncherProfileWizard.uplugin
LogPluginManager: Loaded Plugin PluginBrowser, From C:/Program Files/Epic Games/UE_4.13/Engine/Plugins/Editor/PluginBrowser/PluginBrowser.uplugin
LogPluginManager: Loaded Plugin SpeedTreeImporter, From C:/Program Files/Epic Games/UE_4.13/Engine/Plugins/Editor/SpeedTreeImporter/SpeedTreeImporter.uplugin
LogPluginManager: Loaded Plugin SuperSearchEditor, From C:/Program Files/Epic Games/UE_4.13/Engine/Plugins/Editor/SuperSearchEditor/SuperSearchEditor.uplugin
LogPluginManager: Loaded Plugin AlembicImporter, From C:/Program Files/Epic Games/UE_4.13/Engine/Plugins/Experimental/AlembicImporter/AlembicImporter.uplugin
LogPluginManager: Loaded Plugin BlueprintStats, From C:/Program Files/Epic Games/UE_4.13/Engine/Plugins/Experimental/BlueprintStats/BlueprintStats.uplugin
LogPluginManager: Loaded Plugin CharacterAI, From C:/Program Files/Epic Games/UE_4.13/Engine/Plugins/Experimental/CharacterAI/CharacterAI.uplugin
LogPluginManager: Loaded Plugin CodeEditor, From C:/Program Files/Epic Games/UE_4.13/Engine/Plugins/Experimental/CodeEditor/CodeEditor.uplugin
LogPluginManager: Loaded Plugin CodeView, From C:/Program Files/Epic Games/UE_4.13/Engine/Plugins/Experimental/CodeView/CodeView.uplugin
LogPluginManager: Loaded Plugin HTML5Networking, From C:/Program Files/Epic Games/UE_4.13/Engine/Plugins/Experimental/HTML5Networking/HTML5Networking.uplugin
LogPluginManager: Loaded Plugin LiveEditor, From C:/Program Files/Epic Games/UE_4.13/Engine/Plugins/Experimental/LiveEditor/LiveEditor.uplugin
LogPluginManager: Loaded Plugin OSVR, From C:/Program Files/Epic Games/UE_4.13/Engine/Plugins/Experimental/OSVR/OSVR.uplugin
LogPluginManager: Loaded Plugin Phya, From C:/Program Files/Epic Games/UE_4.13/Engine/Plugins/Experimental/Phya/Phya.uplugin
LogPluginManager: Loaded Plugin SignificanceManager, From C:/Program Files/Epic Games/UE_4.13/Engine/Plugins/Experimental/SignificanceManager/SignificanceManager.uplugin
LogPluginManager: Loaded Plugin SimpleHMD, From C:/Program Files/Epic Games/UE_4.13/Engine/Plugins/Experimental/SimpleHMD/SimpleHMD.uplugin
LogPluginManager: Loaded Plugin StereoPanorama, From C:/Program Files/Epic Games/UE_4.13/Engine/Plugins/Experimental/StereoPanorama/StereoPanorama.uplugin
LogPluginManager: Loaded Plugin StructBox, From C:/Program Files/Epic Games/UE_4.13/Engine/Plugins/Experimental/StructBox/StructBox.uplugin
LogPluginManager: Loaded Plugin AndroidMedia, From C:/Program Files/Epic Games/UE_4.13/Engine/Plugins/Media/AndroidMedia/AndroidMedia.uplugin
LogPluginManager: Loaded Plugin AvfMedia, From C:/Program Files/Epic Games/UE_4.13/Engine/Plugins/Media/AvfMedia/AvfMedia.uplugin
LogPluginManager: Loaded Plugin MediaPlayerEditor, From C:/Program Files/Epic Games/UE_4.13/Engine/Plugins/Media/MediaPlayerEditor/MediaPlayerEditor.uplugin
LogPluginManager: Loaded Plugin WmfMedia, From C:/Program Files/Epic Games/UE_4.13/Engine/Plugins/Media/WmfMedia/WmfMedia.uplugin
LogPluginManager: Loaded Plugin MessagingDebugger, From C:/Program Files/Epic Games/UE_4.13/Engine/Plugins/Messaging/MessagingDebugger/MessagingDebugger.uplugin
LogPluginManager: Loaded Plugin TcpMessaging, From C:/Program Files/Epic Games/UE_4.13/Engine/Plugins/Messaging/TcpMessaging/TcpMessaging.uplugin
LogPluginManager: Loaded Plugin UdpMessaging, From C:/Program Files/Epic Games/UE_4.13/Engine/Plugins/Messaging/UdpMessaging/UdpMessaging.uplugin
LogPluginManager: Loaded Plugin LevelSequenceEditor, From C:/Program Files/Epic Games/UE_4.13/Engine/Plugins/MovieScene/LevelSequenceEditor/LevelSequenceEditor.uplugin
LogPluginManager: Loaded Plugin MatineeToLevelSequence, From C:/Program Files/Epic Games/UE_4.13/Engine/Plugins/MovieScene/MatineeToLevelSequence/MatineeToLevelSequence.uplugin
LogPluginManager: Loaded Plugin NetcodeUnitTest, From C:/Program Files/Epic Games/UE_4.13/Engine/Plugins/NetcodeUnitTest/NetcodeUnitTest/NetcodeUnitTest.uplugin
LogPluginManager: Loaded Plugin NUTUnrealEngine4, From C:/Program Files/Epic Games/UE_4.13/Engine/Plugins/NetcodeUnitTest/NUTUnrealEngine4/NUTUnrealEngine4.uplugin
LogPluginManager: Loaded Plugin OnlineSubsystemGooglePlay, From C:/Program Files/Epic Games/UE_4.13/Engine/Plugins/Online/Android/OnlineSubsystemGooglePlay/OnlineSubsystemGooglePlay.uplugin
LogPluginManager: Loaded Plugin OnlineSubsystemIOS, From C:/Program Files/Epic Games/UE_4.13/Engine/Plugins/Online/IOS/OnlineSubsystemIOS/OnlineSubsystemIOS.uplugin
LogPluginManager: Loaded Plugin OnlineFramework, From C:/Program Files/Epic Games/UE_4.13/Engine/Plugins/Online/OnlineFramework/OnlineFramework.uplugin
LogPluginManager: Loaded Plugin OnlineSubsystem, From C:/Program Files/Epic Games/UE_4.13/Engine/Plugins/Online/OnlineSubsystem/OnlineSubsystem.uplugin
LogPluginManager: Loaded Plugin OnlineSubsystemAmazon, From C:/Program Files/Epic Games/UE_4.13/Engine/Plugins/Online/OnlineSubsystemAmazon/OnlineSubsystemAmazon.uplugin
LogPluginManager: Loaded Plugin OnlineSubsystemFacebook, From C:/Program Files/Epic Games/UE_4.13/Engine/Plugins/Online/OnlineSubsystemFacebook/OnlineSubsystemFacebook.uplugin
LogPluginManager: Loaded Plugin OnlineSubsystemNull, From C:/Program Files/Epic Games/UE_4.13/Engine/Plugins/Online/OnlineSubsystemNull/OnlineSubsystemNull.uplugin
LogPluginManager: Loaded Plugin OnlineSubsystemOculus, From C:/Program Files/Epic Games/UE_4.13/Engine/Plugins/Online/OnlineSubsystemOculus/OnlineSubsystemOculus.uplugin
LogPluginManager: Loaded Plugin OnlineSubsystemSteam, From C:/Program Files/Epic Games/UE_4.13/Engine/Plugins/Online/OnlineSubsystemSteam/OnlineSubsystemSteam.uplugin
LogPluginManager: Loaded Plugin OnlineSubsystemUtils, From C:/Program Files/Epic Games/UE_4.13/Engine/Plugins/Online/OnlineSubsystemUtils/OnlineSubsystemUtils.uplugin
LogPluginManager: Loaded Plugin IOSTapJoy, From C:/Program Files/Epic Games/UE_4.13/Engine/Plugins/Runtime/Advertising/IOSTapJoy/IOSTapJoy.uplugin
LogPluginManager: Loaded Plugin AnalyticsBlueprintLibrary, From C:/Program Files/Epic Games/UE_4.13/Engine/Plugins/Runtime/Analytics/AnalyticsBlueprintLibrary/AnalyticsBlueprintLibrary.uplugin
LogPluginManager: Loaded Plugin AnalyticsMulticast, From C:/Program Files/Epic Games/UE_4.13/Engine/Plugins/Runtime/Analytics/AnalyticsMulticast/AnalyticsMulticast.uplugin
LogPluginManager: Loaded Plugin Apsalar, From C:/Program Files/Epic Games/UE_4.13/Engine/Plugins/Runtime/Analytics/Apsalar/Apsalar.uplugin
LogPluginManager: Loaded Plugin FileLogging, From C:/Program Files/Epic Games/UE_4.13/Engine/Plugins/Runtime/Analytics/FileLogging/FileLogging.uplugin
LogPluginManager: Loaded Plugin Flurry, From C:/Program Files/Epic Games/UE_4.13/Engine/Plugins/Runtime/Analytics/Flurry/Flurry.uplugin
LogPluginManager: Loaded Plugin AndroidDeviceProfileSelector, From C:/Program Files/Epic Games/UE_4.13/Engine/Plugins/Runtime/AndroidDeviceProfileSelector/AndroidDeviceProfileSelector.uplugin
LogPluginManager: Loaded Plugin AndroidMoviePlayer, From C:/Program Files/Epic Games/UE_4.13/Engine/Plugins/Runtime/AndroidMoviePlayer/AndroidMoviePlayer.uplugin
LogPluginManager: Loaded Plugin AppleMoviePlayer, From C:/Program Files/Epic Games/UE_4.13/Engine/Plugins/Runtime/AppleMoviePlayer/AppleMoviePlayer.uplugin
LogPluginManager: Loaded Plugin ArchVisCharacter, From C:/Program Files/Epic Games/UE_4.13/Engine/Plugins/Runtime/ArchVisCharacter/ArchVisCharacter.uplugin
LogPluginManager: Loaded Plugin CableComponent, From C:/Program Files/Epic Games/UE_4.13/Engine/Plugins/Runtime/CableComponent/CableComponent.uplugin
LogPluginManager: Loaded Plugin CustomMeshComponent, From C:/Program Files/Epic Games/UE_4.13/Engine/Plugins/Runtime/CustomMeshComponent/CustomMeshComponent.uplugin
LogPluginManager: Loaded Plugin ExampleDeviceProfileSelector, From C:/Program Files/Epic Games/UE_4.13/Engine/Plugins/Runtime/ExampleDeviceProfileSelector/ExampleDeviceProfileSelector.uplugin
LogPluginManager: Loaded Plugin GearVR, From C:/Program Files/Epic Games/UE_4.13/Engine/Plugins/Runtime/GearVR/GearVR.uplugin
LogPluginManager: Loaded Plugin GoogleVRController, From C:/Program Files/Epic Games/UE_4.13/Engine/Plugins/Runtime/GoogleVR/GoogleVRController/GoogleVRController.uplugin
LogPluginManager: Loaded Plugin GoogleVRHMD, From C:/Program Files/Epic Games/UE_4.13/Engine/Plugins/Runtime/GoogleVR/GoogleVRHMD/GoogleVRHMD.uplugin
LogPluginManager: Loaded Plugin IOSDeviceProfileSelector, From C:/Program Files/Epic Games/UE_4.13/Engine/Plugins/Runtime/IOSDeviceProfileSelector/IOSDeviceProfileSelector.uplugin
LogPluginManager: Loaded Plugin LeapMotion, From C:/Program Files/Epic Games/UE_4.13/Engine/Plugins/Runtime/LeapMotion/LeapMotion.uplugin
LogPluginManager: Loaded Plugin LinuxDeviceProfileSelector, From C:/Program Files/Epic Games/UE_4.13/Engine/Plugins/Runtime/LinuxDeviceProfileSelector/LinuxDeviceProfileSelector.uplugin
LogPluginManager: Loaded Plugin LiveEditorListenServer, From C:/Program Files/Epic Games/UE_4.13/Engine/Plugins/Runtime/LiveEditorListenServer/LiveEditorListenServer.uplugin
LogPluginManager: Loaded Plugin OculusAudio, From C:/Program Files/Epic Games/UE_4.13/Engine/Plugins/Runtime/OculusAudio/OculusAudio.uplugin
LogPluginManager: Loaded Plugin OculusInput, From C:/Program Files/Epic Games/UE_4.13/Engine/Plugins/Runtime/OculusInput/OculusInput.uplugin
LogPluginManager: Loaded Plugin OculusLibrary, From C:/Program Files/Epic Games/UE_4.13/Engine/Plugins/Runtime/OculusLibrary/OculusLibrary.uplugin
LogPluginManager: Loaded Plugin OculusRift, From C:/Program Files/Epic Games/UE_4.13/Engine/Plugins/Runtime/OculusRift/OculusRift.uplugin
LogPluginManager: Loaded Plugin Oodle, From C:/Program Files/Epic Games/UE_4.13/Engine/Plugins/Runtime/PacketHandlers/CompressionComponents/Oodle/Oodle.uplugin
LogPluginManager: Loaded Plugin ProceduralMeshComponent, From C:/Program Files/Epic Games/UE_4.13/Engine/Plugins/Runtime/ProceduralMeshComponent/ProceduralMeshComponent.uplugin
LogPluginManager: Loaded Plugin SoundMod, From C:/Program Files/Epic Games/UE_4.13/Engine/Plugins/Runtime/SoundMod/SoundMod.uplugin
LogPluginManager: Loaded Plugin SoundVisualizations, From C:/Program Files/Epic Games/UE_4.13/Engine/Plugins/Runtime/SoundVisualizations/SoundVisualizations.uplugin
LogPluginManager: Loaded Plugin SteamController, From C:/Program Files/Epic Games/UE_4.13/Engine/Plugins/Runtime/Steam/SteamController/SteamController.uplugin
LogPluginManager: Loaded Plugin SteamVR, From C:/Program Files/Epic Games/UE_4.13/Engine/Plugins/Runtime/Steam/SteamVR/SteamVR.uplugin
LogPluginManager: Loaded Plugin WebBrowserWidget, From C:/Program Files/Epic Games/UE_4.13/Engine/Plugins/Runtime/WebBrowserWidget/WebBrowserWidget.uplugin
LogPluginManager: Loaded Plugin WindowsDeviceProfileSelector, From C:/Program Files/Epic Games/UE_4.13/Engine/Plugins/Runtime/WindowsDeviceProfileSelector/WindowsDeviceProfileSelector.uplugin
LogPluginManager: Loaded Plugin WindowsMoviePlayer, From C:/Program Files/Epic Games/UE_4.13/Engine/Plugins/Runtime/WindowsMoviePlayer/WindowsMoviePlayer.uplugin
LogPluginManager: Loaded Plugin ScriptPlugin, From C:/Program Files/Epic Games/UE_4.13/Engine/Plugins/ScriptPlugin/ScriptPlugin.uplugin
LogPluginManager: Loaded Plugin SlateRemote, From C:/Program Files/Epic Games/UE_4.13/Engine/Plugins/Slate/SlateRemote/SlateRemote.uplugin
LogInit: Using libcurl 7.47.1
LogInit:  - built for x86_64-pc-win32
LogInit:  - supports SSL with WinSSL
LogInit:  - other features:
LogInit:      CURL_VERSION_SSL
LogInit:      CURL_VERSION_IPV6
LogInit:      CURL_VERSION_ASYNCHDNS
LogInit:      CURL_VERSION_LARGEFILE
LogInit:      CURL_VERSION_IDN
LogInit:  CurlRequestOptions (configurable via config and command line):
LogInit:  - bVerifyPeer = false  - Libcurl will NOT verify peer certificate
LogInit:  - bUseHttpProxy = false  - Libcurl will NOT use HTTP proxy
LogInit:  - bDontReuseConnections = false  - Libcurl will reuse connections
LogInit:  - CertBundlePath = nullptr  - Libcurl will use whatever was configured at build time.
LogInit: Build: ++UE4+Release-4.13-CL-3172292
LogInit: Engine Version: 4.13.2-3172292+++UE4+Release-4.13
LogInit: Compatible Engine Version: 4.13.0-3106830+++UE4+Release-4.13
LogInit: Net CL: 3172292
LogDevObjectVersion: Number of dev versions registered: 13
LogDevObjectVersion:   Dev-Blueprints (B0D832E4-1F89-4F0D-ACCF-7EB736FD4AA2): 5
LogDevObjectVersion:   Dev-Build (E1C64328-A22C-4D53-A36C-8E866417BD8C): 0
LogDevObjectVersion:   Dev-Core (375EC13C-06E4-48FB-B500-84F0262A717E): 1
LogDevObjectVersion:   Dev-Editor (E4B068ED-F494-42E9-A231-DA0B2E46BB41): 6
LogDevObjectVersion:   Dev-Framework (CFFC743F-43B0-4480-9391-14DF171D2073): 12
LogDevObjectVersion:   Dev-Mobile (B02B49B5-BB20-44E9-A304-32B752E40360): 0
LogDevObjectVersion:   Dev-Networking (A4E4105C-59A1-49B5-A7C5-40C4547EDFEE): 0
LogDevObjectVersion:   Dev-Online (39C831C9-5AE6-47DC-9A44-9C173E1C8E7C): 0
LogDevObjectVersion:   Dev-Physics (78F01B33-EBEA-4F98-B9B4-84EACCB95AA2): 0
LogDevObjectVersion:   Dev-Platform (6631380F-2D4D-43E0-8009-CF276956A95A): 0
LogDevObjectVersion:   Dev-Rendering (12F88B9F-8875-4AFC-A67C-D90C383ABD29): 4
LogDevObjectVersion:   Dev-Sequencer (7B5AE74C-D270-4C10-A958-57980B212A5A): 0
LogDevObjectVersion:   Dev-VR (D7296918-1DD6-4BDD-9DE2-64A83CC13884): 0
LogInit: Compiled (64-bit): Oct 24 2016 14:29:06
LogInit: Compiled with Visual C++: 19.00.23026.00
LogInit: Build Configuration: Development
LogInit: Branch Name: ++UE4+Release-4.13
LogInit: Command line: 
LogInit: Base directory: C:/Program Files/Epic Games/UE_4.13/Engine/Binaries/Win64/
LogInit: Installed Engine Build: 1
LogInit: Presizing for max 8388607 objects, including 0 objects not considered by GC, pre-allocating 0 bytes for permanent pool.
LogInit: Object subsystem initialized
[2017.02.23-04.30.53:695][  0]LogInit: Selected Device Profile: [Windows]
[2017.02.23-04.30.53:695][  0]LogInit: Applying CVar settings loaded from the selected device profile: [Windows]
[2017.02.23-04.30.53:709][  0]LogInit: Computer: 7P5PF42
[2017.02.23-04.30.53:709][  0]LogInit: User: V201624468
[2017.02.23-04.30.53:709][  0]LogInit: CPU Page size=65536, Cores=4
[2017.02.23-04.30.53:709][  0]LogInit: High frequency timer resolution =3.515638 MHz
[2017.02.23-04.30.53:709][  0]LogMemory: Memory total: Physical=15.9GB (16GB approx)
[2017.02.23-04.30.53:709][  0]LogMemory: Platform Memory Stats for Windows
[2017.02.23-04.30.53:709][  0]LogMemory: Process Physical Memory: 256.18 MB used, 256.18 MB peak
[2017.02.23-04.30.53:709][  0]LogMemory: Process Virtual Memory: 259.96 MB used, 259.96 MB peak
[2017.02.23-04.30.53:709][  0]LogMemory: Physical Memory: 4337.95 MB used, 16298.84 MB total
[2017.02.23-04.30.53:709][  0]LogMemory: Virtual Memory: 622.95 MB used, 134217728.00 MB total
[2017.02.23-04.30.54:039][  0]LogTextLocalizationManager: No specific translations for ('en-AU') exist, so ('en') translations will be used.
[2017.02.23-04.30.55:578][  0]LogD3D11RHI: D3D11 adapters:
[2017.02.23-04.30.55:588][  0]LogD3D11RHI:    0. 'AMD Radeon(TM) R9 270' (Feature Level 11_0)
[2017.02.23-04.30.55:588][  0]LogD3D11RHI:       2030/0/8149 MB DedicatedVideo/DedicatedSystem/SharedSystem, Outputs:1, VendorId:0x1002
[2017.02.23-04.30.55:594][  0]LogD3D11RHI:    1. 'Intel(R) HD Graphics 4600' (Feature Level 11_0)
[2017.02.23-04.30.55:594][  0]LogD3D11RHI:       112/0/2048 MB DedicatedVideo/DedicatedSystem/SharedSystem, Outputs:0, VendorId:0x8086
[2017.02.23-04.30.55:595][  0]LogD3D11RHI:    2. 'Microsoft Basic Render Driver' (Feature Level 11_0)
[2017.02.23-04.30.55:595][  0]LogD3D11RHI:       0/0/8149 MB DedicatedVideo/DedicatedSystem/SharedSystem, Outputs:0, VendorId:0x1414
[2017.02.23-04.30.55:595][  0]LogD3D11RHI: Chosen D3D11 Adapter: 0
[2017.02.23-04.30.55:599][  0]LogD3D11RHI: Creating new Direct3DDevice
[2017.02.23-04.30.55:599][  0]LogD3D11RHI:     GPU DeviceId: 0x6811 (for the marketing name, search the web for "GPU Device Id")
[2017.02.23-04.30.55:599][  0]LogWindows: EnumDisplayDevices:
[2017.02.23-04.30.55:599][  0]LogWindows:    0. 'AMD Radeon(TM) R9 270' (P:1 D:1)
[2017.02.23-04.30.55:600][  0]LogWindows:    1. 'AMD Radeon(TM) R9 270' (P:0 D:0)
[2017.02.23-04.30.55:600][  0]LogWindows:    2. 'AMD Radeon(TM) R9 270' (P:0 D:0)
[2017.02.23-04.30.55:600][  0]LogWindows:    3. 'AMD Radeon(TM) R9 270' (P:0 D:0)
[2017.02.23-04.30.55:600][  0]LogWindows:    4. 'AMD Radeon(TM) R9 270' (P:0 D:0)
[2017.02.23-04.30.55:600][  0]LogWindows:    5. 'AMD Radeon(TM) R9 270' (P:0 D:0)
[2017.02.23-04.30.55:601][  0]LogWindows:    6. 'Intel(R) HD Graphics 4600' (P:0 D:0)
[2017.02.23-04.30.55:601][  0]LogWindows:    7. 'Intel(R) HD Graphics 4600' (P:0 D:0)
[2017.02.23-04.30.55:601][  0]LogWindows:    8. 'Intel(R) HD Graphics 4600' (P:0 D:0)
[2017.02.23-04.30.55:601][  0]LogWindows: DebugString: PrimaryIsNotTheChoosenAdapter PrimaryIsNotTheChoosenAdapter PrimaryIsNotTheChoosenAdapter FoundDriverCount:6 
[2017.02.23-04.30.55:601][  0]LogD3D11RHI:     Adapter Name: AMD Radeon(TM) R9 270
[2017.02.23-04.30.55:601][  0]LogD3D11RHI:   Driver Version: Crimson 15.11 (internal:15.301.1701.0, unified:15.301.1701.0)
[2017.02.23-04.30.55:601][  0]LogD3D11RHI:      Driver Date: 1-13-2016
[2017.02.23-04.30.55:601][  0]LogRHI: Texture pool is 1361 MB (70% of 1945 MB)
[2017.02.23-04.30.55:608][  0]LogD3D11RHI: Async texture creation enabled
[2017.02.23-04.30.55:621][  0]LogD3D11RHI: GPU Timing Frequency: 27.000000 (Debug: 2 1)
[2017.02.23-04.30.55:624][  0]LogShaderCompilers: Guid format shader working directory is -57 characters bigger than the processId version (../../../../../../Users/v201624468/Documents/GitHub/MobileDevelopment/Assignment5/ProjectFiles/TouchInput/Intermediate/Shaders/WorkingDirectory/12256/).
[2017.02.23-04.30.55:624][  0]LogShaderCompilers: Cleaned the shader compiler working directory 'C:/Users/V20162~1/AppData/Local/Temp/UnrealShaderWorkingDir/BD5183E3449B0F690676058F46683EA4/'.
[2017.02.23-04.30.55:624][  0]LogShaderCompilers:Display: Using Local Shader Compiler.
[2017.02.23-04.30.57:331][  0]LogTemp:Display: Loaded TP AllDesktopTargetPlatform
[2017.02.23-04.30.57:343][  0]LogTemp:Display: Loaded TP WindowsClientTargetPlatform
[2017.02.23-04.30.57:354][  0]LogTemp:Display: Loaded TP WindowsNoEditorTargetPlatform
[2017.02.23-04.30.57:361][  0]LogTemp:Display: Loaded TP WindowsServerTargetPlatform
[2017.02.23-04.30.57:367][  0]LogTemp:Display: Loaded TP WindowsTargetPlatform
[2017.02.23-04.30.57:386][  0]LogTemp:Display: Loaded TP AndroidTargetPlatform
[2017.02.23-04.30.57:391][  0]LogTemp:Display: Loaded TP Android_ASTCTargetPlatform
[2017.02.23-04.30.57:397][  0]LogTemp:Display: Loaded TP Android_ATCTargetPlatform
[2017.02.23-04.30.57:402][  0]LogTemp:Display: Loaded TP Android_DXTTargetPlatform
[2017.02.23-04.30.57:408][  0]LogTemp:Display: Loaded TP Android_ETC1TargetPlatform
[2017.02.23-04.30.57:413][  0]LogTemp:Display: Loaded TP Android_ETC2TargetPlatform
[2017.02.23-04.30.57:424][  0]LogTemp:Display: Loaded TP Android_MultiTargetPlatform
[2017.02.23-04.30.57:424][  0]LogTemp:Display: Loaded TP Android_PVRTCTargetPlatform
[2017.02.23-04.30.57:424][  0]LogTemp:Display: Loaded TP HTML5TargetPlatform
[2017.02.23-04.30.57:497][  0]LogTemp:Display: Loaded TP IOSTargetPlatform
[2017.02.23-04.30.57:502][  0]LogTemp:Display: Loaded TP TVOSTargetPlatform
[2017.02.23-04.30.57:524][  0]LogTemp:Display: Loaded TP LinuxClientTargetPlatform
[2017.02.23-04.30.57:540][  0]LogTemp:Display: Loaded TP LinuxNoEditorTargetPlatform
[2017.02.23-04.30.57:551][  0]LogTemp:Display: Loaded TP LinuxServerTargetPlatform
[2017.02.23-04.30.57:565][  0]LogTemp:Display: Loaded TP LinuxTargetPlatform
[2017.02.23-04.30.57:565][  0]LogTargetPlatformManager:Display: Building Assets For Windows
[2017.02.23-04.30.57:954][  0]LogDerivedDataCache:Display: Max Cache Size: 512 MB
[2017.02.23-04.30.58:575][  0]LogDerivedDataCache: Loaded boot cache 0.62s 62MB C:/Users/v201624468/AppData/Local/UnrealEngine/4.13/DerivedDataCache/Boot.ddc.
[2017.02.23-04.30.58:575][  0]LogDerivedDataCache:Display: Loaded Boot cache: C:/Users/v201624468/AppData/Local/UnrealEngine/4.13/DerivedDataCache/Boot.ddc
[2017.02.23-04.30.58:575][  0]LogDerivedDataCache: FDerivedDataBackendGraph:  Pak pak cache file ../../../../../../Users/v201624468/Documents/GitHub/MobileDevelopment/Assignment5/ProjectFiles/TouchInput/DerivedDataCache/DDC.ddp not found, will not use a pak cache.
[2017.02.23-04.30.58:575][  0]LogDerivedDataCache: Unable to find inner node Pak for hierarchical cache Hierarchy.
[2017.02.23-04.30.58:575][  0]LogDerivedDataCache: FDerivedDataBackendGraph:  CompressedPak pak cache file ../../../../../../Users/v201624468/Documents/GitHub/MobileDevelopment/Assignment5/ProjectFiles/TouchInput/DerivedDataCache/Compressed.ddp not found, will not use a pak cache.
[2017.02.23-04.30.58:576][  0]LogDerivedDataCache: Unable to find inner node CompressedPak for hierarchical cache Hierarchy.
[2017.02.23-04.30.58:655][  0]LogDerivedDataCache:Display: Pak cache opened for reading ../../../Engine/DerivedDataCache/Compressed.ddp.
[2017.02.23-04.30.58:667][  0]LogDerivedDataCache: Using Local data cache path C:/Users/v201624468/AppData/Local/UnrealEngine/Common/DerivedDataCache: Writable
[2017.02.23-04.31.01:618][  0]LogInit: Selected Device Profile: [Windows]
[2017.02.23-04.31.01:622][  0]LogContentStreaming: Texture pool size is 0.00 MB
[2017.02.23-04.31.01:711][  0]LogMeshUtilities: No automatic mesh reduction module available
[2017.02.23-04.31.01:711][  0]LogMeshUtilities: No automatic mesh merging module available
[2017.02.23-04.31.01:711][  0]LogMeshUtilities: No distributed automatic mesh merging module available
[2017.02.23-04.31.01:793][  0]LogMaterial: Uniform references updated for custom material expression Custom.
[2017.02.23-04.31.02:499][  0]LogNetVersion: GetLocalNetworkVersion: CL: 3106830, ProjectName: touchinput, ProjectVersion: , EngineNetworkVersion: 1, GameNetworkVersion: 0, NetworkChecksum: 938096206
[2017.02.23-04.31.02:542][  0]LogAssetRegistry: FAssetRegistry took 0.0219 seconds to start up
[2017.02.23-04.31.02:566][  0]LogPackageLocalizationCache: Processed 3 localized package path(s) for 2 prioritized culture(s) in 0.021753 seconds
[2017.02.23-04.31.02:572][  0]LogUObjectArray: 29778 objects as part of root set at end of initial load.
[2017.02.23-04.31.02:572][  0]LogUObjectAllocator: 6125456 out of 0 bytes used by permanent object pool.
[2017.02.23-04.31.02:572][  0]LogUObjectArray: CloseDisregardForGC: 0/0 objects in disregard for GC pool
[2017.02.23-04.31.02:578][  0]LogInit: WinSock: version 1.1 (2.2), MaxSocks=32767, MaxUdp=65467
[2017.02.23-04.31.03:204][  0]LogSlate: SlateFontCache - WITH_FREETYPE: 1, WITH_HARFBUZZ: 1
[2017.02.23-04.31.03:204][  0]LogSlate: SlateFontCache - WITH_FREETYPE: 1, WITH_HARFBUZZ: 1
[2017.02.23-04.31.30:159][  0]LogTcpMessaging: Initializing TcpMessaging bridge
[2017.02.23-04.31.30:181][  0]LogUdpMessaging: Initializing bridge on interface 0.0.0.0:0 to multicast group 230.0.0.1:6666.
[2017.02.23-04.31.30:735][  0]SourceControl: Info Source control is disabled
[2017.02.23-04.31.30:782][  0]SourceControl: Info Source control is disabled
[2017.02.23-04.31.30:791][  0]SourceControl: Info Source control is disabled
[2017.02.23-04.31.30:799][  0]SourceControl: Info Source control is disabled
[2017.02.23-04.31.31:324][  0]LogEngine: Initializing Engine...
[2017.02.23-04.31.31:325][  0]LogHMD: Failed to initialize OpenVR with code 110
[2017.02.23-04.31.31:482][  0]LogAIModule: Creating AISystem for world Untitled
[2017.02.23-04.31.31:503][  0]LogInit: XAudio2 using 'Realtek Digital Output (Realtek Audio)' : 2 channels at 48 kHz using 16 bits per sample (channel mask 0x3)
[2017.02.23-04.31.31:565][  0]LogInit: FAudioDevice initialized.
[2017.02.23-04.31.31:591][  0]LogDerivedDataCache: Saved boot cache 0.03s 62MB C:/Users/v201624468/AppData/Local/UnrealEngine/4.13/DerivedDataCache/Boot.ddc.
[2017.02.23-04.31.31:596][  0]LogInit: Texture streaming: Enabled
[2017.02.23-04.31.31:618][  0]LogWindowsTextInputMethodSystem:Display: IME system now deactivated.
[2017.02.23-04.31.31:666][  0]LogInit: Transaction tracking system initialized
[2017.02.23-04.31.31:707][  0]BlueprintLog: New page: Editor Load
[2017.02.23-04.31.33:906][  0]LocalizationService: Info Localization service is disabled
[2017.02.23-04.31.34:317][  0]LogConsoleResponse:Display: 
[2017.02.23-04.31.34:693][  0]LogCook:Display: Max memory allowance for cook 16384mb min free memory 0mb
[2017.02.23-04.31.34:693][  0]LogCook:Display: Mobile HDR setting 0
[2017.02.23-04.31.34:945][  0]LogFileCache: Scanning file cache for directory 'C:/Users/v201624468/Documents/GitHub/MobileDevelopment/Assignment5/ProjectFiles/TouchInput/Content/' took 0.01s
[2017.02.23-04.31.35:359][  0]SourceControl: Info Source control is disabled
[2017.02.23-04.31.35:360][  0]LightingResults: New page: Lighting Build
[2017.02.23-04.31.35:363][  0]MapCheck: New page: Map Check
[2017.02.23-04.31.35:363][  0]LightingResults: New page: Lighting Build
[2017.02.23-04.31.36:237][  0]LogTexture:Display: Building textures: MobileHUDButtonFire (AutoDXT)
[2017.02.23-04.31.36:245][  0]LogAIModule: Creating AISystem for world 2DSideScrollerExampleMap
[2017.02.23-04.31.36:251][  0]LogEditorServer: Finished looking for orphan Actors (0.000 secs)
[2017.02.23-04.31.36:251][  0]Cmd: MAP CHECKDEP NOCLEARLOG
[2017.02.23-04.31.36:295][  0]MapCheck: Info Map check complete: 0 Error(s), 0 Warning(s), took 43.758ms to complete.
[2017.02.23-04.31.36:295][  0]LogFileHelpers: Loading map '2DSideScrollerExampleMap' took 0.936
[2017.02.23-04.31.36:434][  0]LogCollectionManager: Loaded 0 collections in 0.001693 seconds
[2017.02.23-04.31.36:473][  0]LogFileCache: Scanning file cache for directory 'C:/Users/v201624468/Documents/GitHub/MobileDevelopment/Assignment5/ProjectFiles/TouchInput/Saved/Collections/' took 0.01s
[2017.02.23-04.31.36:473][  0]LogFileCache: Scanning file cache for directory 'C:/Users/v201624468/Documents/GitHub/MobileDevelopment/Assignment5/ProjectFiles/TouchInput/Content/Developers/V201624468/Collections/' took 0.01s
[2017.02.23-04.31.36:473][  0]LogFileCache: Scanning file cache for directory 'C:/Users/v201624468/Documents/GitHub/MobileDevelopment/Assignment5/ProjectFiles/TouchInput/Content/Collections/' took 0.01s
[2017.02.23-04.31.36:473][  0]LogCollectionManager: Rebuilt the GUID cache for 0 collections in 0.000003 seconds
[2017.02.23-04.31.36:481][  0]LogContentBrowser: Native class hierarchy populated in 0.0075 seconds. Added 2141 classes and 415 folders.
[2017.02.23-04.31.36:484][  0]LogStats: UGameplayTagsManager::ConstructGameplayTagTree: Construct from data asset -  0.000 s
[2017.02.23-04.31.36:484][  0]LogStats: UGameplayTagsManager::ConstructGameplayTagTree: GameplayTagTreeChangedEvent.Broadcast -  0.000 s
[2017.02.23-04.31.36:485][  0]LogContentBrowser: Native class hierarchy updated for 'GameplayTags' in 0.0004 seconds. Added 12 classes and 0 folders.
[2017.02.23-04.31.36:489][  0]LogContentBrowser: Native class hierarchy updated for 'WidgetCarousel' in 0.0003 seconds. Added 0 classes and 0 folders.
[2017.02.23-04.31.37:063][  0]LogContentBrowser: Native class hierarchy updated for 'AddContentDialog' in 0.0004 seconds. Added 0 classes and 0 folders.
[2017.02.23-04.31.37:068][  0]LogContentBrowser: Native class hierarchy updated for 'SceneOutliner' in 0.0004 seconds. Added 1 classes and 2 folders.
[2017.02.23-04.31.37:120][  0]LogCrashTracker: Crashtracker disabled due to settings.
[2017.02.23-04.31.37:124][  0]LogUObjectGlobals:Warning: Failed to find object 'Class None.'
[2017.02.23-04.31.37:150][  0]LogContentBrowser: Native class hierarchy updated for 'HierarchicalLODOutliner' in 0.0004 seconds. Added 1 classes and 2 folders.
[2017.02.23-04.31.37:150][  0]LogLoad: (Engine Initialization) Total time: 46.52 seconds
[2017.02.23-04.31.37:150][  0]LogLoad: (Engine Initialization) Total Blueprint compile time: 0.28 seconds
[2017.02.23-04.31.37:150][  0]LogExternalProfiler: No external profilers were discovered.  External profiling features will not be available.
[2017.02.23-04.31.37:159][  0]LogOcInput: OculusInput pre-init called
[2017.02.23-04.31.37:177][  0]LogContentStreaming: Texture pool size now 1000 MB
[2017.02.23-04.31.37:391][  0]LogRenderer: Reallocating scene render targets to support 1208x576 (Frame:2).
[2017.02.23-04.31.37:530][  1]LogAssetRegistry: Asset discovery search completed in 35.0100 seconds
[2017.02.23-04.31.37:530][  1]LogCollectionManager: Rebuilt the object cache for 0 collections in 0.000001 seconds (found 0 objects)
[2017.02.23-04.31.37:530][  1]LogCollectionManager: Fixed up redirectors for 0 collections in 0.000037 seconds (updated 0 objects)
[2017.02.23-04.31.53:138][838]LogSavePackage: Save=59.56ms
[2017.02.23-04.31.53:138][838]LogSavePackage: Moving '../../../../../../Users/v201624468/Documents/GitHub/MobileDevelopment/Assignment5/ProjectFiles/TouchInput/Saved/UEDPC2DSideScrollerExampleMap8C98B2514709A724B3F6FD87A5102729.tmp' to '../../../../../../Users/v201624468/Documents/GitHub/MobileDevelopment/Assignment5/ProjectFiles/TouchInput/Saved/Autosaves/Game/2DSideScrollerBP/Maps/UEDPC2DSideScrollerExampleMap.umap'
[2017.02.23-04.31.53:140][838]LogSavePackage:Display: Finished SavePackage ../../../../../../Users/v201624468/Documents/GitHub/MobileDevelopment/Assignment5/ProjectFiles/TouchInput/Saved/Autosaves/Game/2DSideScrollerBP/Maps/UEDPC2DSideScrollerExampleMap.umap
[2017.02.23-04.31.53:145][838]LogEditorTransaction: Undo Spawn Play From Here Start
[2017.02.23-04.32.41:697][381]LogContentBrowser: Native class hierarchy updated for 'BlueprintGraph' in 0.0007 seconds. Added 112 classes and 0 folders.
[2017.02.23-04.37.54:387][774]BlueprintLog: New page: Compile 2DSideScrollerUI
[2017.02.23-04.39.29:711][283]BlueprintLog: New page: Compile 2DSideScrollerUI
[2017.02.23-04.42.43:845][901]BlueprintLog: New page: Compile 2DSideScrollerCharacter
[2017.02.23-04.42.43:872][901]LogBlueprint:Error: [Compiler 2DSideScrollerCharacter] Error Spawn node  K2Node_SpawnActorFromClass_0  must have a  Class  specified.
[2017.02.23-04.42.44:073][901]BlueprintEditorCompileResults:Error: Error Spawn node  K2Node_SpawnActorFromClass_0  must have a  Class  specified.
[2017.02.23-04.42.44:073][901]LogBlueprint:Warning: [Compiler 2DSideScrollerCharacter] Warning [0713.44] Compile of 2DSideScrollerCharacter failed. 1 Fatal Issue(s) 0 Warning(s) [in 228 ms] (/Game/2DSideScrollerBP/Blueprints/2DSideScrollerCharacter.2DSideScrollerCharacter)
[2017.02.23-04.43.31:866][326]LogRenderer: Reallocating scene render targets to support 1208x712 (Frame:46002).
[2017.02.23-04.44.21:253][333]LogEditorTransaction: Undo Modify Component(s)
[2017.02.23-04.44.21:475][354]LogEditorTransaction: Undo Modify Component(s)
[2017.02.23-04.44.22:125][402]LogEditorTransaction: Undo Modify Component(s)
[2017.02.23-04.44.23:653][543]LogEditorTransaction: Redo Modify Component(s)
[2017.02.23-04.44.26:829][830]LogEditorTransaction: Undo Modify Component(s)
[2017.02.23-04.45.59:462][430]BlueprintLog: New page: Compile Projectile
[2017.02.23-04.46.07:421][182]LogSlate:Warning: Prevented a slow task dialog from being summoned while a context menu was open
[2017.02.23-04.46.15:860][983]BlueprintLog: New page: Compile 2DSideScrollerCharacter
[2017.02.23-04.47.08:600][ 86]BlueprintLog: New page: Compile Projectile
[2017.02.23-04.47.30:668][329]BlueprintLog: New page: Compile Projectile
[2017.02.23-04.47.42:838][674]BlueprintLog: New page: Compile 2DSideScrollerUI
[2017.02.23-04.47.45:368][947]LogSavePackage: Save=72.79ms
[2017.02.23-04.47.45:368][947]LogSavePackage: Moving '../../../../../../Users/v201624468/Documents/GitHub/MobileDevelopment/Assignment5/ProjectFiles/TouchInput/Saved/2DSideScrollerExampleMap7CC36E214117009E3BEBE69CE857CD5D.tmp' to '../../../../../../Users/v201624468/Documents/GitHub/MobileDevelopment/Assignment5/ProjectFiles/TouchInput/Content/2DSideScrollerBP/Maps/2DSideScrollerExampleMap.umap'
[2017.02.23-04.47.45:371][947]LogSavePackage:Display: Finished SavePackage ../../../../../../Users/v201624468/Documents/GitHub/MobileDevelopment/Assignment5/ProjectFiles/TouchInput/Content/2DSideScrollerBP/Maps/2DSideScrollerExampleMap.umap
[2017.02.23-04.47.45:392][947]LogFileHelpers: Saving map '2DSideScrollerExampleMap' took 0.159
[2017.02.23-04.47.45:438][947]LogSavePackage: Save=38.50ms
[2017.02.23-04.47.45:438][947]LogSavePackage: Moving '../../../../../../Users/v201624468/Documents/GitHub/MobileDevelopment/Assignment5/ProjectFiles/TouchInput/Saved/2DSideScrollerCharacter0DC360D34C5237B3B96933A42FA7EE68.tmp' to '../../../../../../Users/v201624468/Documents/GitHub/MobileDevelopment/Assignment5/ProjectFiles/TouchInput/Content/2DSideScrollerBP/Blueprints/2DSideScrollerCharacter.uasset'
[2017.02.23-04.47.45:441][947]LogSavePackage:Display: Finished SavePackage ../../../../../../Users/v201624468/Documents/GitHub/MobileDevelopment/Assignment5/ProjectFiles/TouchInput/Content/2DSideScrollerBP/Blueprints/2DSideScrollerCharacter.uasset
[2017.02.23-04.47.45:455][947]LogSavePackage: Save=6.07ms
[2017.02.23-04.47.45:455][947]LogSavePackage: Moving '../../../../../../Users/v201624468/Documents/GitHub/MobileDevelopment/Assignment5/ProjectFiles/TouchInput/Saved/2DSideScrollerUI340F46D1435864EAC009638538CEB0F2.tmp' to '../../../../../../Users/v201624468/Documents/GitHub/MobileDevelopment/Assignment5/ProjectFiles/TouchInput/Content/2DSideScrollerUI.uasset'
[2017.02.23-04.47.45:457][947]LogSavePackage:Display: Finished SavePackage ../../../../../../Users/v201624468/Documents/GitHub/MobileDevelopment/Assignment5/ProjectFiles/TouchInput/Content/2DSideScrollerUI.uasset
[2017.02.23-04.47.45:469][947]LogSavePackage: Save=7.63ms
[2017.02.23-04.47.45:469][947]LogSavePackage: Moving '../../../../../../Users/v201624468/Documents/GitHub/MobileDevelopment/Assignment5/ProjectFiles/TouchInput/Saved/Projectile424E0B7149E09FA7D8A459AE7D91C528.tmp' to '../../../../../../Users/v201624468/Documents/GitHub/MobileDevelopment/Assignment5/ProjectFiles/TouchInput/Content/2DSideScrollerBP/Blueprints/Projectile.uasset'
[2017.02.23-04.47.45:471][947]LogSavePackage:Display: Finished SavePackage ../../../../../../Users/v201624468/Documents/GitHub/MobileDevelopment/Assignment5/ProjectFiles/TouchInput/Content/2DSideScrollerBP/Blueprints/Projectile.uasset
[2017.02.23-04.47.46:474][ 48]LogSavePackage: Save=74.20ms
[2017.02.23-04.47.46:474][ 48]LogSavePackage: Moving '../../../../../../Users/v201624468/Documents/GitHub/MobileDevelopment/Assignment5/ProjectFiles/TouchInput/Saved/UEDPC2DSideScrollerExampleMap99F083DC4868CD2909C7B185BFC607E6.tmp' to '../../../../../../Users/v201624468/Documents/GitHub/MobileDevelopment/Assignment5/ProjectFiles/TouchInput/Saved/Autosaves/Game/2DSideScrollerBP/Maps/UEDPC2DSideScrollerExampleMap.umap'
[2017.02.23-04.47.46:475][ 48]LogSavePackage:Display: Finished SavePackage ../../../../../../Users/v201624468/Documents/GitHub/MobileDevelopment/Assignment5/ProjectFiles/TouchInput/Saved/Autosaves/Game/2DSideScrollerBP/Maps/UEDPC2DSideScrollerExampleMap.umap
[2017.02.23-04.47.46:478][ 48]LogEditorTransaction: Undo Spawn Play From Here Start
[2017.02.23-04.48.42:534][521]BlueprintLog: New page: Compile Projectile
[2017.02.23-04.48.52:222][535]BlueprintLog: New page: Compile 2DSideScrollerCharacter
[2017.02.23-04.48.56:472][792]LogSavePackage: Save=37.94ms
[2017.02.23-04.48.56:472][792]LogSavePackage: Moving '../../../../../../Users/v201624468/Documents/GitHub/MobileDevelopment/Assignment5/ProjectFiles/TouchInput/Saved/2DSideScrollerCharacterDB70DB2041284A98B3E79895480CAA27.tmp' to '../../../../../../Users/v201624468/Documents/GitHub/MobileDevelopment/Assignment5/ProjectFiles/TouchInput/Content/2DSideScrollerBP/Blueprints/2DSideScrollerCharacter.uasset'
[2017.02.23-04.48.56:474][792]LogSavePackage:Display: Finished SavePackage ../../../../../../Users/v201624468/Documents/GitHub/MobileDevelopment/Assignment5/ProjectFiles/TouchInput/Content/2DSideScrollerBP/Blueprints/2DSideScrollerCharacter.uasset
[2017.02.23-04.48.56:488][792]LogSavePackage: Save=6.45ms
[2017.02.23-04.48.56:488][792]LogSavePackage: Moving '../../../../../../Users/v201624468/Documents/GitHub/MobileDevelopment/Assignment5/ProjectFiles/TouchInput/Saved/Projectile36B5FD654459CA61F0D6AEB26C8C1449.tmp' to '../../../../../../Users/v201624468/Documents/GitHub/MobileDevelopment/Assignment5/ProjectFiles/TouchInput/Content/2DSideScrollerBP/Blueprints/Projectile.uasset'
[2017.02.23-04.48.56:491][792]LogSavePackage:Display: Finished SavePackage ../../../../../../Users/v201624468/Documents/GitHub/MobileDevelopment/Assignment5/ProjectFiles/TouchInput/Content/2DSideScrollerBP/Blueprints/Projectile.uasset
[2017.02.23-04.48.56:589][792]LogSavePackage: Save=72.70ms
[2017.02.23-04.48.56:589][792]LogSavePackage: Moving '../../../../../../Users/v201624468/Documents/GitHub/MobileDevelopment/Assignment5/ProjectFiles/TouchInput/Saved/UEDPC2DSideScrollerExampleMapB2C751A140E05BB50853CBA6CD4BCFF2.tmp' to '../../../../../../Users/v201624468/Documents/GitHub/MobileDevelopment/Assignment5/ProjectFiles/TouchInput/Saved/Autosaves/Game/2DSideScrollerBP/Maps/UEDPC2DSideScrollerExampleMap.umap'
[2017.02.23-04.48.56:591][792]LogSavePackage:Display: Finished SavePackage ../../../../../../Users/v201624468/Documents/GitHub/MobileDevelopment/Assignment5/ProjectFiles/TouchInput/Saved/Autosaves/Game/2DSideScrollerBP/Maps/UEDPC2DSideScrollerExampleMap.umap
[2017.02.23-04.48.56:594][792]LogEditorTransaction: Undo Spawn Play From Here Start
[2017.02.23-04.49.46:487][808]BlueprintLog: New page: Compile Projectile
[2017.02.23-04.49.51:171][217]LogSavePackage: Save=6.73ms
[2017.02.23-04.49.51:171][217]LogSavePackage: Moving '../../../../../../Users/v201624468/Documents/GitHub/MobileDevelopment/Assignment5/ProjectFiles/TouchInput/Saved/ProjectileCE7EA0C844A886D3B9763C89B0EE8B2A.tmp' to '../../../../../../Users/v201624468/Documents/GitHub/MobileDevelopment/Assignment5/ProjectFiles/TouchInput/Content/2DSideScrollerBP/Blueprints/Projectile.uasset'
[2017.02.23-04.49.51:174][217]LogSavePackage:Display: Finished SavePackage ../../../../../../Users/v201624468/Documents/GitHub/MobileDevelopment/Assignment5/ProjectFiles/TouchInput/Content/2DSideScrollerBP/Blueprints/Projectile.uasset
[2017.02.23-04.49.51:273][217]LogSavePackage: Save=73.32ms
[2017.02.23-04.49.51:273][217]LogSavePackage: Moving '../../../../../../Users/v201624468/Documents/GitHub/MobileDevelopment/Assignment5/ProjectFiles/TouchInput/Saved/UEDPC2DSideScrollerExampleMapD43692AC413036525248288FD9A7761F.tmp' to '../../../../../../Users/v201624468/Documents/GitHub/MobileDevelopment/Assignment5/ProjectFiles/TouchInput/Saved/Autosaves/Game/2DSideScrollerBP/Maps/UEDPC2DSideScrollerExampleMap.umap'
[2017.02.23-04.49.51:274][217]LogSavePackage:Display: Finished SavePackage ../../../../../../Users/v201624468/Documents/GitHub/MobileDevelopment/Assignment5/ProjectFiles/TouchInput/Saved/Autosaves/Game/2DSideScrollerBP/Maps/UEDPC2DSideScrollerExampleMap.umap
[2017.02.23-04.49.51:278][217]LogEditorTransaction: Undo Spawn Play From Here Start
[2017.02.23-04.50.34:259][715]LogSavePackage: Save=73.68ms
[2017.02.23-04.50.34:259][715]LogSavePackage: Moving '../../../../../../Users/v201624468/Documents/GitHub/MobileDevelopment/Assignment5/ProjectFiles/TouchInput/Saved/2DSideScrollerExampleMap9453292743D2AEB45DB35F8473353E61.tmp' to '../../../../../../Users/v201624468/Documents/GitHub/MobileDevelopment/Assignment5/ProjectFiles/TouchInput/Content/2DSideScrollerBP/Maps/2DSideScrollerExampleMap.umap'
[2017.02.23-04.50.34:262][715]LogSavePackage:Display: Finished SavePackage ../../../../../../Users/v201624468/Documents/GitHub/MobileDevelopment/Assignment5/ProjectFiles/TouchInput/Content/2DSideScrollerBP/Maps/2DSideScrollerExampleMap.umap
[2017.02.23-04.50.34:276][715]LogFileHelpers: Saving map '2DSideScrollerExampleMap' took 0.150
[2017.02.23-04.50.49:960][319]BlueprintLog: New page: Compile Projectile
[2017.02.23-04.50.54:420][697]LogSavePackage: Save=6.69ms
[2017.02.23-04.50.54:420][697]LogSavePackage: Moving '../../../../../../Users/v201624468/Documents/GitHub/MobileDevelopment/Assignment5/ProjectFiles/TouchInput/Saved/Projectile07B8E2474C941CED7A0A579F53B44836.tmp' to '../../../../../../Users/v201624468/Documents/GitHub/MobileDevelopment/Assignment5/ProjectFiles/TouchInput/Content/2DSideScrollerBP/Blueprints/Projectile.uasset'
[2017.02.23-04.50.54:423][697]LogSavePackage:Display: Finished SavePackage ../../../../../../Users/v201624468/Documents/GitHub/MobileDevelopment/Assignment5/ProjectFiles/TouchInput/Content/2DSideScrollerBP/Blueprints/Projectile.uasset
[2017.02.23-04.50.54:521][697]LogSavePackage: Save=72.73ms
[2017.02.23-04.50.54:521][697]LogSavePackage: Moving '../../../../../../Users/v201624468/Documents/GitHub/MobileDevelopment/Assignment5/ProjectFiles/TouchInput/Saved/UEDPC2DSideScrollerExampleMap7210B63B40504A4287411A88D70FB801.tmp' to '../../../../../../Users/v201624468/Documents/GitHub/MobileDevelopment/Assignment5/ProjectFiles/TouchInput/Saved/Autosaves/Game/2DSideScrollerBP/Maps/UEDPC2DSideScrollerExampleMap.umap'
[2017.02.23-04.50.54:523][697]LogSavePackage:Display: Finished SavePackage ../../../../../../Users/v201624468/Documents/GitHub/MobileDevelopment/Assignment5/ProjectFiles/TouchInput/Saved/Autosaves/Game/2DSideScrollerBP/Maps/UEDPC2DSideScrollerExampleMap.umap
[2017.02.23-04.50.54:526][697]LogEditorTransaction: Undo Spawn Play From Here Start
[2017.02.23-04.51.39:830][541]BlueprintLog: New page: Compile 2DSideScrollerCharacter
[2017.02.23-04.52.32:090][695]BlueprintLog: New page: Compile Projectile
[2017.02.23-04.53.36:869][458]BlueprintLog: New page: Compile Projectile
[2017.02.23-04.53.52:389][ 47]BlueprintLog: New page: Compile Projectile
[2017.02.23-04.53.56:137][307]LogSavePackage: Save=39.86ms
[2017.02.23-04.53.56:137][307]LogSavePackage: Moving '../../../../../../Users/v201624468/Documents/GitHub/MobileDevelopment/Assignment5/ProjectFiles/TouchInput/Saved/2DSideScrollerCharacter33EDDDB943F5FD7CFC547292160CFA16.tmp' to '../../../../../../Users/v201624468/Documents/GitHub/MobileDevelopment/Assignment5/ProjectFiles/TouchInput/Content/2DSideScrollerBP/Blueprints/2DSideScrollerCharacter.uasset'
[2017.02.23-04.53.56:140][307]LogSavePackage:Display: Finished SavePackage ../../../../../../Users/v201624468/Documents/GitHub/MobileDevelopment/Assignment5/ProjectFiles/TouchInput/Content/2DSideScrollerBP/Blueprints/2DSideScrollerCharacter.uasset
[2017.02.23-04.53.56:154][307]LogSavePackage: Save=7.04ms
[2017.02.23-04.53.56:154][307]LogSavePackage: Moving '../../../../../../Users/v201624468/Documents/GitHub/MobileDevelopment/Assignment5/ProjectFiles/TouchInput/Saved/ProjectileA3E84E4D49003AAD5ABE5DBFD2ECF602.tmp' to '../../../../../../Users/v201624468/Documents/GitHub/MobileDevelopment/Assignment5/ProjectFiles/TouchInput/Content/2DSideScrollerBP/Blueprints/Projectile.uasset'
[2017.02.23-04.53.56:156][307]LogSavePackage:Display: Finished SavePackage ../../../../../../Users/v201624468/Docume