Log file open, 02/22/17 12:11:08
LogInit:Display: Running engine for game: TouchInput
LogPlatformFile: Not using cached read wrapper
LogInit:Display: RandInit(-1359689004) SRandInit(-1359689004).
LogTaskGraph: Started task graph with 5 named threads and 8 total threads with 1 sets of task threads.
LogStats: Stats thread started at 0.069994
LogPluginManager: Loaded Plugin Paper2D, From C:/Program Files/Epic Games/UE_4.13/Engine/Plugins/2D/Paper2D/Paper2D.uplugin
LogPluginManager: Loaded Plugin LightPropagationVolume, From C:/Program Files/Epic Games/UE_4.13/Engine/Plugins/Blendables/LightPropagationVolume/LightPropagationVolume.uplugin
LogPluginManager: Loaded Plugin BlankPlugin, From C:/Program Files/Epic Games/UE_4.13/Engine/Plugins/Developer/BlankPlugin/BlankPlugin.uplugin
LogPluginManager: Loaded Plugin CodeLiteSourceCodeAccess, From C:/Program Files/Epic Games/UE_4.13/Engine/Plugins/Developer/CodeLiteSourceCodeAccess/CodeLiteSourceCodeAccess.uplugin
LogPluginManager: Loaded Plugin GitSourceControl, From C:/Program Files/Epic Games/UE_4.13/Engine/Plugins/Developer/GitSourceControl/GitSourceControl.uplugin
LogPluginManager: Loaded Plugin KDevelopSourceCodeAccess, From C:/Program Files/Epic Games/UE_4.13/Engine/Plugins/Developer/KDevelopSourceCodeAccess/KDevelopSourceCodeAccess.uplugin
LogPluginManager: Loaded Plugin NullSourceCodeAccess, From C:/Program Files/Epic Games/UE_4.13/Engine/Plugins/Developer/NullSourceCodeAccess/NullSourceCodeAccess.uplugin
LogPluginManager: Loaded Plugin OneSkyLocalizationService, From C:/Program Files/Epic Games/UE_4.13/Engine/Plugins/Developer/OneSkyLocalizationService/OneSkyLocalizationService.uplugin
LogPluginManager: Loaded Plugin PerforceSourceControl, From C:/Program Files/Epic Games/UE_4.13/Engine/Plugins/Developer/PerforceSourceControl/PerforceSourceControl.uplugin
LogPluginManager: Loaded Plugin SubversionSourceControl, From C:/Program Files/Epic Games/UE_4.13/Engine/Plugins/Developer/SubversionSourceControl/SubversionSourceControl.uplugin
LogPluginManager: Loaded Plugin UObjectPlugin, From C:/Program Files/Epic Games/UE_4.13/Engine/Plugins/Developer/UObjectPlugin/UObjectPlugin.uplugin
LogPluginManager: Loaded Plugin VisualStudioSourceCodeAccess, From C:/Program Files/Epic Games/UE_4.13/Engine/Plugins/Developer/VisualStudioSourceCodeAccess/VisualStudioSourceCodeAccess.uplugin
LogPluginManager: Loaded Plugin XCodeSourceCodeAccess, From C:/Program Files/Epic Games/UE_4.13/Engine/Plugins/Developer/XCodeSourceCodeAccess/XCodeSourceCodeAccess.uplugin
LogPluginManager: Loaded Plugin EpicSurvey, From C:/Program Files/Epic Games/UE_4.13/Engine/Plugins/Editor/EpicSurvey/EpicSurvey.uplugin
LogPluginManager: Loaded Plugin MacGraphicsSwitching, From C:/Program Files/Epic Games/UE_4.13/Engine/Plugins/Editor/MacGraphicsSwitching/MacGraphicsSwitching.uplugin
LogPluginManager: Loaded Plugin MobileLauncherProfileWizard, From C:/Program Files/Epic Games/UE_4.13/Engine/Plugins/Editor/MobileLauncherProfileWizard/MobileLauncherProfileWizard.uplugin
LogPluginManager: Loaded Plugin PluginBrowser, From C:/Program Files/Epic Games/UE_4.13/Engine/Plugins/Editor/PluginBrowser/PluginBrowser.uplugin
LogPluginManager: Loaded Plugin SpeedTreeImporter, From C:/Program Files/Epic Games/UE_4.13/Engine/Plugins/Editor/SpeedTreeImporter/SpeedTreeImporter.uplugin
LogPluginManager: Loaded Plugin SuperSearchEditor, From C:/Program Files/Epic Games/UE_4.13/Engine/Plugins/Editor/SuperSearchEditor/SuperSearchEditor.uplugin
LogPluginManager: Loaded Plugin AlembicImporter, From C:/Program Files/Epic Games/UE_4.13/Engine/Plugins/Experimental/AlembicImporter/AlembicImporter.uplugin
LogPluginManager: Loaded Plugin BlueprintStats, From C:/Program Files/Epic Games/UE_4.13/Engine/Plugins/Experimental/BlueprintStats/BlueprintStats.uplugin
LogPluginManager: Loaded Plugin CharacterAI, From C:/Program Files/Epic Games/UE_4.13/Engine/Plugins/Experimental/CharacterAI/CharacterAI.uplugin
LogPluginManager: Loaded Plugin CodeEditor, From C:/Program Files/Epic Games/UE_4.13/Engine/Plugins/Experimental/CodeEditor/CodeEditor.uplugin
LogPluginManager: Loaded Plugin CodeView, From C:/Program Files/Epic Games/UE_4.13/Engine/Plugins/Experimental/CodeView/CodeView.uplugin
LogPluginManager: Loaded Plugin HTML5Networking, From C:/Program Files/Epic Games/UE_4.13/Engine/Plugins/Experimental/HTML5Networking/HTML5Networking.uplugin
LogPluginManager: Loaded Plugin LiveEditor, From C:/Program Files/Epic Games/UE_4.13/Engine/Plugins/Experimental/LiveEditor/LiveEditor.uplugin
LogPluginManager: Loaded Plugin OSVR, From C:/Program Files/Epic Games/UE_4.13/Engine/Plugins/Experimental/OSVR/OSVR.uplugin
LogPluginManager: Loaded Plugin Phya, From C:/Program Files/Epic Games/UE_4.13/Engine/Plugins/Experimental/Phya/Phya.uplugin
LogPluginManager: Loaded Plugin SignificanceManager, From C:/Program Files/Epic Games/UE_4.13/Engine/Plugins/Experimental/SignificanceManager/SignificanceManager.uplugin
LogPluginManager: Loaded Plugin SimpleHMD, From C:/Program Files/Epic Games/UE_4.13/Engine/Plugins/Experimental/SimpleHMD/SimpleHMD.uplugin
LogPluginManager: Loaded Plugin StereoPanorama, From C:/Program Files/Epic Games/UE_4.13/Engine/Plugins/Experimental/StereoPanorama/StereoPanorama.uplugin
LogPluginManager: Loaded Plugin StructBox, From C:/Program Files/Epic Games/UE_4.13/Engine/Plugins/Experimental/StructBox/StructBox.uplugin
LogPluginManager: Loaded Plugin AndroidMedia, From C:/Program Files/Epic Games/UE_4.13/Engine/Plugins/Media/AndroidMedia/AndroidMedia.uplugin
LogPluginManager: Loaded Plugin AvfMedia, From C:/Program Files/Epic Games/UE_4.13/Engine/Plugins/Media/AvfMedia/AvfMedia.uplugin
LogPluginManager: Loaded Plugin MediaPlayerEditor, From C:/Program Files/Epic Games/UE_4.13/Engine/Plugins/Media/MediaPlayerEditor/MediaPlayerEditor.uplugin
LogPluginManager: Loaded Plugin WmfMedia, From C:/Program Files/Epic Games/UE_4.13/Engine/Plugins/Media/WmfMedia/WmfMedia.uplugin
LogPluginManager: Loaded Plugin MessagingDebugger, From C:/Program Files/Epic Games/UE_4.13/Engine/Plugins/Messaging/MessagingDebugger/MessagingDebugger.uplugin
LogPluginManager: Loaded Plugin TcpMessaging, From C:/Program Files/Epic Games/UE_4.13/Engine/Plugins/Messaging/TcpMessaging/TcpMessaging.uplugin
LogPluginManager: Loaded Plugin UdpMessaging, From C:/Program Files/Epic Games/UE_4.13/Engine/Plugins/Messaging/UdpMessaging/UdpMessaging.uplugin
LogPluginManager: Loaded Plugin LevelSequenceEditor, From C:/Program Files/Epic Games/UE_4.13/Engine/Plugins/MovieScene/LevelSequenceEditor/LevelSequenceEditor.uplugin
LogPluginManager: Loaded Plugin MatineeToLevelSequence, From C:/Program Files/Epic Games/UE_4.13/Engine/Plugins/MovieScene/MatineeToLevelSequence/MatineeToLevelSequence.uplugin
LogPluginManager: Loaded Plugin NetcodeUnitTest, From C:/Program Files/Epic Games/UE_4.13/Engine/Plugins/NetcodeUnitTest/NetcodeUnitTest/NetcodeUnitTest.uplugin
LogPluginManager: Loaded Plugin NUTUnrealEngine4, From C:/Program Files/Epic Games/UE_4.13/Engine/Plugins/NetcodeUnitTest/NUTUnrealEngine4/NUTUnrealEngine4.uplugin
LogPluginManager: Loaded Plugin OnlineSubsystemGooglePlay, From C:/Program Files/Epic Games/UE_4.13/Engine/Plugins/Online/Android/OnlineSubsystemGooglePlay/OnlineSubsystemGooglePlay.uplugin
LogPluginManager: Loaded Plugin OnlineSubsystemIOS, From C:/Program Files/Epic Games/UE_4.13/Engine/Plugins/Online/IOS/OnlineSubsystemIOS/OnlineSubsystemIOS.uplugin
LogPluginManager: Loaded Plugin OnlineFramework, From C:/Program Files/Epic Games/UE_4.13/Engine/Plugins/Online/OnlineFramework/OnlineFramework.uplugin
LogPluginManager: Loaded Plugin OnlineSubsystem, From C:/Program Files/Epic Games/UE_4.13/Engine/Plugins/Online/OnlineSubsystem/OnlineSubsystem.uplugin
LogPluginManager: Loaded Plugin OnlineSubsystemAmazon, From C:/Program Files/Epic Games/UE_4.13/Engine/Plugins/Online/OnlineSubsystemAmazon/OnlineSubsystemAmazon.uplugin
LogPluginManager: Loaded Plugin OnlineSubsystemFacebook, From C:/Program Files/Epic Games/UE_4.13/Engine/Plugins/Online/OnlineSubsystemFacebook/OnlineSubsystemFacebook.uplugin
LogPluginManager: Loaded Plugin OnlineSubsystemNull, From C:/Program Files/Epic Games/UE_4.13/Engine/Plugins/Online/OnlineSubsystemNull/OnlineSubsystemNull.uplugin
LogPluginManager: Loaded Plugin OnlineSubsystemOculus, From C:/Program Files/Epic Games/UE_4.13/Engine/Plugins/Online/OnlineSubsystemOculus/OnlineSubsystemOculus.uplugin
LogPluginManager: Loaded Plugin OnlineSubsystemSteam, From C:/Program Files/Epic Games/UE_4.13/Engine/Plugins/Online/OnlineSubsystemSteam/OnlineSubsystemSteam.uplugin
LogPluginManager: Loaded Plugin OnlineSubsystemUtils, From C:/Program Files/Epic Games/UE_4.13/Engine/Plugins/Online/OnlineSubsystemUtils/OnlineSubsystemUtils.uplugin
LogPluginManager: Loaded Plugin IOSTapJoy, From C:/Program Files/Epic Games/UE_4.13/Engine/Plugins/Runtime/Advertising/IOSTapJoy/IOSTapJoy.uplugin
LogPluginManager: Loaded Plugin AnalyticsBlueprintLibrary, From C:/Program Files/Epic Games/UE_4.13/Engine/Plugins/Runtime/Analytics/AnalyticsBlueprintLibrary/AnalyticsBlueprintLibrary.uplugin
LogPluginManager: Loaded Plugin AnalyticsMulticast, From C:/Program Files/Epic Games/UE_4.13/Engine/Plugins/Runtime/Analytics/AnalyticsMulticast/AnalyticsMulticast.uplugin
LogPluginManager: Loaded Plugin Apsalar, From C:/Program Files/Epic Games/UE_4.13/Engine/Plugins/Runtime/Analytics/Apsalar/Apsalar.uplugin
LogPluginManager: Loaded Plugin FileLogging, From C:/Program Files/Epic Games/UE_4.13/Engine/Plugins/Runtime/Analytics/FileLogging/FileLogging.uplugin
LogPluginManager: Loaded Plugin Flurry, From C:/Program Files/Epic Games/UE_4.13/Engine/Plugins/Runtime/Analytics/Flurry/Flurry.uplugin
LogPluginManager: Loaded Plugin AndroidDeviceProfileSelector, From C:/Program Files/Epic Games/UE_4.13/Engine/Plugins/Runtime/AndroidDeviceProfileSelector/AndroidDeviceProfileSelector.uplugin
LogPluginManager: Loaded Plugin AndroidMoviePlayer, From C:/Program Files/Epic Games/UE_4.13/Engine/Plugins/Runtime/AndroidMoviePlayer/AndroidMoviePlayer.uplugin
LogPluginManager: Loaded Plugin AppleMoviePlayer, From C:/Program Files/Epic Games/UE_4.13/Engine/Plugins/Runtime/AppleMoviePlayer/AppleMoviePlayer.uplugin
LogPluginManager: Loaded Plugin ArchVisCharacter, From C:/Program Files/Epic Games/UE_4.13/Engine/Plugins/Runtime/ArchVisCharacter/ArchVisCharacter.uplugin
LogPluginManager: Loaded Plugin CableComponent, From C:/Program Files/Epic Games/UE_4.13/Engine/Plugins/Runtime/CableComponent/CableComponent.uplugin
LogPluginManager: Loaded Plugin CustomMeshComponent, From C:/Program Files/Epic Games/UE_4.13/Engine/Plugins/Runtime/CustomMeshComponent/CustomMeshComponent.uplugin
LogPluginManager: Loaded Plugin ExampleDeviceProfileSelector, From C:/Program Files/Epic Games/UE_4.13/Engine/Plugins/Runtime/ExampleDeviceProfileSelector/ExampleDeviceProfileSelector.uplugin
LogPluginManager: Loaded Plugin GearVR, From C:/Program Files/Epic Games/UE_4.13/Engine/Plugins/Runtime/GearVR/GearVR.uplugin
LogPluginManager: Loaded Plugin GoogleVRController, From C:/Program Files/Epic Games/UE_4.13/Engine/Plugins/Runtime/GoogleVR/GoogleVRController/GoogleVRController.uplugin
LogPluginManager: Loaded Plugin GoogleVRHMD, From C:/Program Files/Epic Games/UE_4.13/Engine/Plugins/Runtime/GoogleVR/GoogleVRHMD/GoogleVRHMD.uplugin
LogPluginManager: Loaded Plugin IOSDeviceProfileSelector, From C:/Program Files/Epic Games/UE_4.13/Engine/Plugins/Runtime/IOSDeviceProfileSelector/IOSDeviceProfileSelector.uplugin
LogPluginManager: Loaded Plugin LeapMotion, From C:/Program Files/Epic Games/UE_4.13/Engine/Plugins/Runtime/LeapMotion/LeapMotion.uplugin
LogPluginManager: Loaded Plugin LinuxDeviceProfileSelector, From C:/Program Files/Epic Games/UE_4.13/Engine/Plugins/Runtime/LinuxDeviceProfileSelector/LinuxDeviceProfileSelector.uplugin
LogPluginManager: Loaded Plugin LiveEditorListenServer, From C:/Program Files/Epic Games/UE_4.13/Engine/Plugins/Runtime/LiveEditorListenServer/LiveEditorListenServer.uplugin
LogPluginManager: Loaded Plugin OculusAudio, From C:/Program Files/Epic Games/UE_4.13/Engine/Plugins/Runtime/OculusAudio/OculusAudio.uplugin
LogPluginManager: Loaded Plugin OculusInput, From C:/Program Files/Epic Games/UE_4.13/Engine/Plugins/Runtime/OculusInput/OculusInput.uplugin
LogPluginManager: Loaded Plugin OculusLibrary, From C:/Program Files/Epic Games/UE_4.13/Engine/Plugins/Runtime/OculusLibrary/OculusLibrary.uplugin
LogPluginManager: Loaded Plugin OculusRift, From C:/Program Files/Epic Games/UE_4.13/Engine/Plugins/Runtime/OculusRift/OculusRift.uplugin
LogPluginManager: Loaded Plugin Oodle, From C:/Program Files/Epic Games/UE_4.13/Engine/Plugins/Runtime/PacketHandlers/CompressionComponents/Oodle/Oodle.uplugin
LogPluginManager: Loaded Plugin ProceduralMeshComponent, From C:/Program Files/Epic Games/UE_4.13/Engine/Plugins/Runtime/ProceduralMeshComponent/ProceduralMeshComponent.uplugin
LogPluginManager: Loaded Plugin SoundMod, From C:/Program Files/Epic Games/UE_4.13/Engine/Plugins/Runtime/SoundMod/SoundMod.uplugin
LogPluginManager: Loaded Plugin SoundVisualizations, From C:/Program Files/Epic Games/UE_4.13/Engine/Plugins/Runtime/SoundVisualizations/SoundVisualizations.uplugin
LogPluginManager: Loaded Plugin SteamController, From C:/Program Files/Epic Games/UE_4.13/Engine/Plugins/Runtime/Steam/SteamController/SteamController.uplugin
LogPluginManager: Loaded Plugin SteamVR, From C:/Program Files/Epic Games/UE_4.13/Engine/Plugins/Runtime/Steam/SteamVR/SteamVR.uplugin
LogPluginManager: Loaded Plugin WebBrowserWidget, From C:/Program Files/Epic Games/UE_4.13/Engine/Plugins/Runtime/WebBrowserWidget/WebBrowserWidget.uplugin
LogPluginManager: Loaded Plugin WindowsDeviceProfileSelector, From C:/Program Files/Epic Games/UE_4.13/Engine/Plugins/Runtime/WindowsDeviceProfileSelector/WindowsDeviceProfileSelector.uplugin
LogPluginManager: Loaded Plugin WindowsMoviePlayer, From C:/Program Files/Epic Games/UE_4.13/Engine/Plugins/Runtime/WindowsMoviePlayer/WindowsMoviePlayer.uplugin
LogPluginManager: Loaded Plugin ScriptPlugin, From C:/Program Files/Epic Games/UE_4.13/Engine/Plugins/ScriptPlugin/ScriptPlugin.uplugin
LogPluginManager: Loaded Plugin SlateRemote, From C:/Program Files/Epic Games/UE_4.13/Engine/Plugins/Slate/SlateRemote/SlateRemote.uplugin
LogInit: Using libcurl 7.47.1
LogInit:  - built for x86_64-pc-win32
LogInit:  - supports SSL with WinSSL
LogInit:  - other features:
LogInit:      CURL_VERSION_SSL
LogInit:      CURL_VERSION_IPV6
LogInit:      CURL_VERSION_ASYNCHDNS
LogInit:      CURL_VERSION_LARGEFILE
LogInit:      CURL_VERSION_IDN
LogInit:  CurlRequestOptions (configurable via config and command line):
LogInit:  - bVerifyPeer = false  - Libcurl will NOT verify peer certificate
LogInit:  - bUseHttpProxy = false  - Libcurl will NOT use HTTP proxy
LogInit:  - bDontReuseConnections = false  - Libcurl will reuse connections
LogInit:  - CertBundlePath = nullptr  - Libcurl will use whatever was configured at build time.
LogInit: Build: ++UE4+Release-4.13-CL-3172292
LogInit: Engine Version: 4.13.2-3172292+++UE4+Release-4.13
LogInit: Compatible Engine Version: 4.13.0-3106830+++UE4+Release-4.13
LogInit: Net CL: 3172292
LogDevObjectVersion: Number of dev versions registered: 13
LogDevObjectVersion:   Dev-Blueprints (B0D832E4-1F89-4F0D-ACCF-7EB736FD4AA2): 5
LogDevObjectVersion:   Dev-Build (E1C64328-A22C-4D53-A36C-8E866417BD8C): 0
LogDevObjectVersion:   Dev-Core (375EC13C-06E4-48FB-B500-84F0262A717E): 1
LogDevObjectVersion:   Dev-Editor (E4B068ED-F494-42E9-A231-DA0B2E46BB41): 6
LogDevObjectVersion:   Dev-Framework (CFFC743F-43B0-4480-9391-14DF171D2073): 12
LogDevObjectVersion:   Dev-Mobile (B02B49B5-BB20-44E9-A304-32B752E40360): 0
LogDevObjectVersion:   Dev-Networking (A4E4105C-59A1-49B5-A7C5-40C4547EDFEE): 0
LogDevObjectVersion:   Dev-Online (39C831C9-5AE6-47DC-9A44-9C173E1C8E7C): 0
LogDevObjectVersion:   Dev-Physics (78F01B33-EBEA-4F98-B9B4-84EACCB95AA2): 0
LogDevObjectVersion:   Dev-Platform (6631380F-2D4D-43E0-8009-CF276956A95A): 0
LogDevObjectVersion:   Dev-Rendering (12F88B9F-8875-4AFC-A67C-D90C383ABD29): 4
LogDevObjectVersion:   Dev-Sequencer (7B5AE74C-D270-4C10-A958-57980B212A5A): 0
LogDevObjectVersion:   Dev-VR (D7296918-1DD6-4BDD-9DE2-64A83CC13884): 0
LogInit: Compiled (64-bit): Oct 24 2016 14:29:06
LogInit: Compiled with Visual C++: 19.00.23026.00
LogInit: Build Configuration: Development
LogInit: Branch Name: ++UE4+Release-4.13
LogInit: Command line:  /Temp/Autosaves/Game/2DSideScrollerBP/Maps/UEDPC2DSideScrollerExampleMap -game -PIEVIACONSOLE -ResX=1280 -ResY=720  -Multiprocess -windowed -messaging -SessionName="Play in Standalone Game" -featureleveles2 -faketouches 
LogInit: Base directory: C:/Program Files/Epic Games/UE_4.13/Engine/Binaries/Win64/
LogInit: Installed Engine Build: 1
LogInit: Presizing for max 8388607 objects, including 0 objects not considered by GC, pre-allocating 0 bytes for permanent pool.
LogInit: Object subsystem initialized
[2017.02.22-01.11.08:349][  0]LogInit: Selected Device Profile: [Windows]
[2017.02.22-01.11.08:349][  0]LogInit: Applying CVar settings loaded from the selected device profile: [Windows]
[2017.02.22-01.11.08:352][  0]LogInit: Computer: BL2TF42
[2017.02.22-01.11.08:352][  0]LogInit: User: v201624468
[2017.02.22-01.11.08:352][  0]LogInit: CPU Page size=65536, Cores=4
[2017.02.22-01.11.08:353][  0]LogInit: High frequency timer resolution =3.515640 MHz
[2017.02.22-01.11.08:353][  0]LogMemory: Memory total: Physical=15.9GB (16GB approx)
[2017.02.22-01.11.08:353][  0]LogMemory: Platform Memory Stats for Windows
[2017.02.22-01.11.08:353][  0]LogMemory: Process Physical Memory: 255.37 MB used, 255.37 MB peak
[2017.02.22-01.11.08:353][  0]LogMemory: Process Virtual Memory: 259.93 MB used, 259.93 MB peak
[2017.02.22-01.11.08:353][  0]LogMemory: Physical Memory: 4723.96 MB used, 16298.88 MB total
[2017.02.22-01.11.08:353][  0]LogMemory: Virtual Memory: 622.95 MB used, 134217728.00 MB total
[2017.02.22-01.11.08:374][  0]LogTextLocalizationManager: No specific translations for ('en-AU') exist, so ('en') translations will be used.
[2017.02.22-01.11.08:702][  0]LogD3D11RHI: D3D11 adapters:
[2017.02.22-01.11.08:711][  0]LogD3D11RHI:    0. 'AMD Radeon(TM) R9 270' (Feature Level 11_0)
[2017.02.22-01.11.08:711][  0]LogD3D11RHI:       2030/0/8149 MB DedicatedVideo/DedicatedSystem/SharedSystem, Outputs:1, VendorId:0x1002
[2017.02.22-01.11.08:717][  0]LogD3D11RHI:    1. 'Intel(R) HD Graphics 4600' (Feature Level 11_0)
[2017.02.22-01.11.08:717][  0]LogD3D11RHI:       112/0/2048 MB DedicatedVideo/DedicatedSystem/SharedSystem, Outputs:0, VendorId:0x8086
[2017.02.22-01.11.08:718][  0]LogD3D11RHI:    2. 'Microsoft Basic Render Driver' (Feature Level 11_0)
[2017.02.22-01.11.08:718][  0]LogD3D11RHI:       0/0/8149 MB DedicatedVideo/DedicatedSystem/SharedSystem, Outputs:0, VendorId:0x1414
[2017.02.22-01.11.08:718][  0]LogD3D11RHI: Chosen D3D11 Adapter: 0
[2017.02.22-01.11.08:722][  0]LogD3D11RHI: Creating new Direct3DDevice
[2017.02.22-01.11.08:722][  0]LogD3D11RHI:     GPU DeviceId: 0x6811 (for the marketing name, search the web for "GPU Device Id")
[2017.02.22-01.11.08:722][  0]LogWindows: EnumDisplayDevices:
[2017.02.22-01.11.08:722][  0]LogWindows:    0. 'AMD Radeon(TM) R9 270' (P:1 D:1)
[2017.02.22-01.11.08:722][  0]LogWindows:    1. 'AMD Radeon(TM) R9 270' (P:0 D:0)
[2017.02.22-01.11.08:722][  0]LogWindows:    2. 'AMD Radeon(TM) R9 270' (P:0 D:0)
[2017.02.22-01.11.08:723][  0]LogWindows:    3. 'AMD Radeon(TM) R9 270' (P:0 D:0)
[2017.02.22-01.11.08:723][  0]LogWindows:    4. 'AMD Radeon(TM) R9 270' (P:0 D:0)
[2017.02.22-01.11.08:723][  0]LogWindows:    5. 'AMD Radeon(TM) R9 270' (P:0 D:0)
[2017.02.22-01.11.08:723][  0]LogWindows:    6. 'Intel(R) HD Graphics 4600' (P:0 D:0)
[2017.02.22-01.11.08:723][  0]LogWindows:    7. 'Intel(R) HD Graphics 4600' (P:0 D:0)
[2017.02.22-01.11.08:723][  0]LogWindows:    8. 'Intel(R) HD Graphics 4600' (P:0 D:0)
[2017.02.22-01.11.08:723][  0]LogWindows: DebugString: PrimaryIsNotTheChoosenAdapter PrimaryIsNotTheChoosenAdapter PrimaryIsNotTheChoosenAdapter FoundDriverCount:6 
[2017.02.22-01.11.08:723][  0]LogD3D11RHI:     Adapter Name: AMD Radeon(TM) R9 270
[2017.02.22-01.11.08:723][  0]LogD3D11RHI:   Driver Version: Crimson 15.11 (internal:15.301.1701.0, unified:15.301.1701.0)
[2017.02.22-01.11.08:724][  0]LogD3D11RHI:      Driver Date: 1-13-2016
[2017.02.22-01.11.08:724][  0]LogRHI: Texture pool is 1361 MB (70% of 1945 MB)
[2017.02.22-01.11.08:729][  0]LogD3D11RHI: Async texture creation enabled
[2017.02.22-01.11.08:741][  0]LogD3D11RHI: GPU Timing Frequency: 27.000000 (Debug: 2 1)
[2017.02.22-01.11.08:742][  0]LogShaderCompilers: Guid format shader working directory is -56 characters bigger than the processId version (../../../../../../Users/v201624468/Documents/GitHub/MobileDevelopment/Assignment5/ProjectFiles/TouchInput/Intermediate/Shaders/WorkingDirectory/4500/).
[2017.02.22-01.11.08:742][  0]LogShaderCompilers: Cleaned the shader compiler working directory 'C:/Users/V20162~1/AppData/Local/Temp/UnrealShaderWorkingDir/78B698FF4007BD7B4D3153AE55462869/'.
[2017.02.22-01.11.08:742][  0]LogShaderCompilers:Display: Using Local Shader Compiler.
[2017.02.22-01.11.09:512][  0]LogTemp:Display: Loaded TP WindowsClientTargetPlatform
[2017.02.22-01.11.09:519][  0]LogTemp:Display: Loaded TP WindowsNoEditorTargetPlatform
[2017.02.22-01.11.09:526][  0]LogTemp:Display: Loaded TP WindowsServerTargetPlatform
[2017.02.22-01.11.09:533][  0]LogTemp:Display: Loaded TP WindowsTargetPlatform
[2017.02.22-01.11.09:533][  0]LogTargetPlatformManager:Display: Building Assets For Windows
[2017.02.22-01.11.09:594][  0]LogDerivedDataCache:Display: Max Cache Size: 512 MB
[2017.02.22-01.11.09:673][  0]LogDerivedDataCache: Loaded boot cache 0.08s 62MB C:/Users/v201624468/AppData/Local/UnrealEngine/4.13/DerivedDataCache/Boot.ddc.
[2017.02.22-01.11.09:673][  0]LogDerivedDataCache:Display: Loaded Boot cache: C:/Users/v201624468/AppData/Local/UnrealEngine/4.13/DerivedDataCache/Boot.ddc
[2017.02.22-01.11.09:673][  0]LogDerivedDataCache: FDerivedDataBackendGraph:  Pak pak cache file ../../../../../../Users/v201624468/Documents/GitHub/MobileDevelopment/Assignment5/ProjectFiles/TouchInput/DerivedDataCache/DDC.ddp not found, will not use a pak cache.
[2017.02.22-01.11.09:673][  0]LogDerivedDataCache: Unable to find inner node Pak for hierarchical cache Hierarchy.
[2017.02.22-01.11.09:673][  0]LogDerivedDataCache: FDerivedDataBackendGraph:  CompressedPak pak cache file ../../../../../../Users/v201624468/Documents/GitHub/MobileDevelopment/Assignment5/ProjectFiles/TouchInput/DerivedDataCache/Compressed.ddp not found, will not use a pak cache.
[2017.02.22-01.11.09:673][  0]LogDerivedDataCache: Unable to find inner node CompressedPak for hierarchical cache Hierarchy.
[2017.02.22-01.11.09:687][  0]LogDerivedDataCache:Display: Pak cache opened for reading ../../../Engine/DerivedDataCache/Compressed.ddp.
[2017.02.22-01.11.09:699][  0]LogDerivedDataCache: Using Local data cache path C:/Users/v201624468/AppData/Local/UnrealEngine/Common/DerivedDataCache: Writable
[2017.02.22-01.11.09:840][  0]LogAssetRegistry: FAssetRegistry took 0.0001 seconds to start up
[2017.02.22-01.11.09:844][  0]LogPackageLocalizationCache: Processed 3 localized package path(s) for 2 prioritized culture(s) in 0.003664 seconds
[2017.02.22-01.11.09:858][  0]LogInit: Selected Device Profile: [Windows]
[2017.02.22-01.11.09:859][  0]LogContentStreaming: Texture pool size is 1000.00 MB
[2017.02.22-01.11.09:922][  0]LogMeshUtilities: No automatic mesh reduction module available
[2017.02.22-01.11.09:922][  0]LogMeshUtilities: No automatic mesh merging module available
[2017.02.22-01.11.09:922][  0]LogMeshUtilities: No distributed automatic mesh merging module available
[2017.02.22-01.11.09:970][  0]LogMaterial: Uniform references updated for custom material expression Custom.
[2017.02.22-01.11.10:193][  0]LogNetVersion: GetLocalNetworkVersion: CL: 3106830, ProjectName: touchinput, ProjectVersion: , EngineNetworkVersion: 1, GameNetworkVersion: 0, NetworkChecksum: 938096206
[2017.02.22-01.11.10:210][  0]LogInit: WinSock: version 1.1 (2.2), MaxSocks=32767, MaxUdp=65467
[2017.02.22-01.11.10:339][  0]LogSlate: SlateFontCache - WITH_FREETYPE: 1, WITH_HARFBUZZ: 1
[2017.02.22-01.11.10:339][  0]LogSlate: SlateFontCache - WITH_FREETYPE: 1, WITH_HARFBUZZ: 1
[2017.02.22-01.11.10:395][  0]LogMoviePlayer: Initializing movie player
[2017.02.22-01.11.10:503][  0]LogWindowsMoviePlayer: Unable to load movie: ../../../../../../Users/v201624468/Documents/GitHub/MobileDevelopment/Assignment5/ProjectFiles/TouchInput/Content/Movies/Default_Startup.mp4
[2017.02.22-01.11.10:606][  0]LogTcpMessaging: Initializing TcpMessaging bridge
[2017.02.22-01.11.10:626][  0]LogUdpMessaging: Initializing bridge on interface 0.0.0.0:0 to multicast group 230.0.0.1:6666.
[2017.02.22-01.11.10:720][  0]SourceControl: Info Source control is disabled
[2017.02.22-01.11.10:720][  0]SourceControl: Info Source control is disabled
[2017.02.22-01.11.10:736][  0]SourceControl: Info Source control is disabled
[2017.02.22-01.11.10:862][  0]LogUObjectArray: 32656 objects as part of root set at end of initial load.
[2017.02.22-01.11.10:862][  0]LogUObjectAllocator: 7245032 out of 0 bytes used by permanent object pool.
[2017.02.22-01.11.10:862][  0]LogUObjectArray: CloseDisregardForGC: 0/0 objects in disregard for GC pool
[2017.02.22-01.11.10:907][  0]LogEngine: Initializing Engine...
[2017.02.22-01.11.10:908][  0]LogHMD: Failed to initialize OpenVR with code 110
[2017.02.22-01.11.11:021][  0]LogInit: XAudio2 using 'Speakers / Headphones (Realtek Audio)' : 2 channels at 48 kHz using 32 bits per sample (channel mask 0x3)
[2017.02.22-01.11.11:035][  0]LogInit: FAudioDevice initialized.
[2017.02.22-01.11.11:042][  0]LogInit: Texture streaming: Enabled
[2017.02.22-01.11.11:044][  0]LogMaterial: Missing cached shader map for material BaseColor, compiling. 
[2017.02.22-01.11.11:044][  0]LogMaterial:Warning: Failed to compile Material /Engine/BufferVisualization/BaseColor.BaseColor for platform PCD3D_ES2, Default Material will be used in game.
[2017.02.22-01.11.11:044][  0]LogMaterial:Warning: 	(Node FeatureLevelSwitch) Feature Level switch missing default input
[2017.02.22-01.11.11:071][  0]LogMaterial: Missing cached shader map for material Specular, compiling. 
[2017.02.22-01.11.11:071][  0]LogMaterial:Warning: Failed to compile Material /Engine/BufferVisualization/Specular.Specular for platform PCD3D_ES2, Default Material will be used in game.
[2017.02.22-01.11.11:071][  0]LogMaterial:Warning: 	(Node FeatureLevelSwitch) Feature Level switch missing default input
[2017.02.22-01.11.11:099][  0]LogInit:Display: Game Engine Initialized.
[2017.02.22-01.11.11:137][  0]LogInit:Display: Starting Game.
[2017.02.22-01.11.11:137][  0]LogNet: Browse: /Temp/Autosaves/Game/2DSideScrollerBP/Maps/UEDPC2DSideScrollerExampleMap?Name=Player
[2017.02.22-01.11.11:137][  0]LogLoad: LoadMap: /Temp/Autosaves/Game/2DSideScrollerBP/Maps/UEDPC2DSideScrollerExampleMap?Name=Player
[2017.02.22-01.11.11:149][  0]LogMemory: Platform Memory Stats for Windows
[2017.02.22-01.11.11:149][  0]LogMemory: Process Physical Memory: 629.55 MB used, 666.91 MB peak
[2017.02.22-01.11.11:149][  0]LogMemory: Process Virtual Memory: 715.03 MB used, 715.04 MB peak
[2017.02.22-01.11.11:149][  0]LogMemory: Physical Memory: 5060.69 MB used, 16298.88 MB total
[2017.02.22-01.11.11:149][  0]LogMemory: Virtual Memory: 1339.79 MB used, 134217728.00 MB total
[2017.02.22-01.11.11:149][  0]LogMemory: 
[2017.02.22-01.11.11:149][  0]Allocator Stats for TBB: (not implemented)
[2017.02.22-01.11.11:258][  0]LogAIModule: Creating AISystem for world 2DSideScrollerExampleMap
[2017.02.22-01.11.11:258][  0]LogWorld: Game class is '2DSideScrollerGameMode_C'
[2017.02.22-01.11.11:262][  0]LogWorld: Bringing World /Temp/Autosaves/Game/2DSideScrollerBP/Maps/UEDPC2DSideScrollerExampleMap.2DSideScrollerExampleMap up for play (max tick rate 0) at 2017.02.22-12.11.11
[2017.02.22-01.11.11:262][  0]LogWorld: Bringing up level for play took: 0.002605
[2017.02.22-01.11.11:264][  0]LogGameMode:Display: Match State Changed from EnteringMap to WaitingToStart
[2017.02.22-01.11.11:264][  0]LogGameState: Match State Changed from EnteringMap to WaitingToStart
[2017.02.22-01.11.11:264][  0]LogGameMode:Display: Match State Changed from WaitingToStart to InProgress
[2017.02.22-01.11.11:264][  0]LogGameState: Match State Changed from WaitingToStart to InProgress
[2017.02.22-01.11.11:264][  0]LogLoad: Took 0.127201 seconds to LoadMap(/Temp/Autosaves/Game/2DSideScrollerBP/Maps/UEDPC2DSideScrollerExampleMap)
[2017.02.22-01.11.11:512][  0]LogLoad: (Engine Initialization) Total time: 3.95 seconds
[2017.02.22-01.11.11:512][  0]LogLoad: (Engine Initialization) Total Blueprint compile time: 0.02 seconds
[2017.02.22-01.11.11:512][  0]LogExternalProfiler: No external profilers were discovered.  External profiling features will not be available.
[2017.02.22-01.11.11:529][  0]LogWindowsTextInputMethodSystem:Display: IME system now deactivated.
[2017.02.22-01.11.11:529][  0]LogOcInput: OculusInput pre-init called
[2017.02.22-01.11.11:541][  0]LogRenderer: Reallocating scene render targets to support 128x128 (Frame:1).
[2017.02.22-01.11.11:626][  1]LogRenderer: Reallocating scene render targets to support 1280x720 (Frame:2).
[2017.02.22-01.11.12:305][ 43]LogBlueprintUserMessages: [2DSideScrollerCharacter_254] Right
[2017.02.22-01.11.12:320][ 44]LogBlueprintUserMessages: [2DSideScrollerCharacter_254] Right
[2017.02.22-01.11.12:336][ 45]LogBlueprintUserMessages: [2DSideScrollerCharacter_254] Right
[2017.02.22-01.11.12:352][ 46]LogBlueprintUserMessages: [2DSideScrollerCharacter_254] Right
[2017.02.22-01.11.12:369][ 47]LogBlueprintUserMessages: [2DSideScrollerCharacter_254] Right
[2017.02.22-01.11.12:724][ 69]LogBlueprintUserMessages: [2DSideScrollerCharacter_254] Right
[2017.02.22-01.11.12:740][ 70]LogBlueprintUserMessages: [2DSideScrollerCharacter_254] Right
[2017.02.22-01.11.12:756][ 71]LogBlueprintUserMessages: [2DSideScrollerCharacter_254] Right
[2017.02.22-01.11.12:772][ 72]LogBlueprintUserMessages: [2DSideScrollerCharacter_254] Right
[2017.02.22-01.11.12:788][ 73]LogBlueprintUserMessages: [2DSideScrollerCharacter_254] Right
[2017.02.22-01.11.12:804][ 74]LogBlueprintUserMessages: [2DSideScrollerCharacter_254] Right
[2017.02.22-01.11.12:820][ 75]LogBlueprintUserMessages: [2DSideScrollerCharacter_254] Right
[2017.02.22-01.11.12:837][ 76]LogBlueprintUserMessages: [2DSideScrollerCharacter_254] Right
[2017.02.22-01.11.12:853][ 77]LogBlueprintUserMessages: [2DSideScrollerCharacter_254] Right
[2017.02.22-01.11.12:869][ 78]LogBlueprintUserMessages: [2DSideScrollerCharacter_254] Right
[2017.02.22-01.11.12:885][ 79]LogBlueprintUserMessages: [2DSideScrollerCharacter_254] Right
[2017.02.22-01.11.12:901][ 80]LogBlueprintUserMessages: [2DSideScrollerCharacter_254] Right
[2017.02.22-01.11.13:901][142]LogBlueprintUserMessages: [2DSideScrollerCharacter_254] Left
[2017.02.22-01.11.13:917][143]LogBlueprintUserMessages: [2DSideScrollerCharacter_254] Left
[2017.02.22-01.11.13:933][144]LogBlueprintUserMessages: [2DSideScrollerCharacter_254] Left
[2017.02.22-01.11.13:950][145]LogBlueprintUserMessages: [2DSideScrollerCharacter_254] Left
[2017.02.22-01.11.13:966][146]LogBlueprintUserMessages: [2DSideScrollerCharacter_254] Left
[2017.02.22-01.11.13:982][147]LogBlueprintUserMessages: [2DSideScrollerCharacter_254] Left
[2017.02.22-01.11.13:998][148]LogBlueprintUserMessages: [2DSideScrollerCharacter_254] Left
[2017.02.22-01.11.14:014][149]LogBlueprintUserMessages: [2DSideScrollerCharacter_254] Left
[2017.02.22-01.11.14:030][150]LogBlueprintUserMessages: [2DSideScrollerCharacter_254] Left
[2017.02.22-01.11.14:046][151]LogBlueprintUserMessages: [2DSideScrollerCharacter_254] Left
[2017.02.22-01.11.14:063][152]LogBlueprintUserMessages: [2DSideScrollerCharacter_254] Left
[2017.02.22-01.11.14:079][153]LogBlueprintUserMessages: [2DSideScrollerCharacter_254] Left
[2017.02.22-01.11.14:095][154]LogBlueprintUserMessages: [2DSideScrollerCharacter_254] Left
[2017.02.22-01.11.14:111][155]LogBlueprintUserMessages: [2DSideScrollerCharacter_254] Left
[2017.02.22-01.11.14:127][156]LogBlueprintUserMessages: [2DSideScrollerCharacter_254] Left
[2017.02.22-01.11.14:143][157]LogBlueprintUserMessages: [2DSideScrollerCharacter_254] Left
[2017.02.22-01.11.14:159][158]LogBlueprintUserMessages: [2DSideScrollerCharacter_254] Left
[2017.02.22-01.11.14:175][159]LogBlueprintUserMessages: [2DSideScrollerCharacter_254] Left
[2017.02.22-01.11.14:191][160]LogBlueprintUserMessages: [2DSideScrollerCharacter_254] Left
[2017.02.22-01.11.14:207][161]LogBlueprintUserMessages: [2DSideScrollerCharacter_254] Left
[2017.02.22-01.11.14:224][162]LogBlueprintUserMessages: [2DSideScrollerCharacter_254] Left
[2017.02.22-01.11.14:240][163]LogBlueprintUserMessages: [2DSideScrollerCharacter_254] Left
[2017.02.22-01.11.14:256][164]LogBlueprintUserMessages: [2DSideScrollerCharacter_254] Left
[2017.02.22-01.11.14:272][165]LogBlueprintUserMessages: [2DSideScrollerCharacter_254] Left
[2017.02.22-01.11.14:288][166]LogBlueprintUserMessages: [2DSideScrollerCharacter_254] Left
[2017.02.22-01.11.14:304][167]LogBlueprintUserMessages: [2DSideScrollerCharacter_254] Left
[2017.02.22-01.11.14:320][168]LogBlueprintUserMessages: [2DSideScrollerCharacter_254] Left
[2017.02.22-01.11.14:336][169]LogBlueprintUserMessages: [2DSideScrollerCharacter_254] Left
[2017.02.22-01.11.14:353][170]LogBlueprintUserMessages: [2DSideScrollerCharacter_254] Left
[2017.02.22-01.11.14:369][171]LogBlueprintUserMessages: [2DSideScrollerCharacter_254] Left
[2017.02.22-01.11.14:385][172]LogBlueprintUserMessages: [2DSideScrollerCharacter_254] Left
[2017.02.22-01.11.14:401][173]LogBlueprintUserMessages: [2DSideScrollerCharacter_254] Left
[2017.02.22-01.11.14:417][174]LogBlueprintUserMessages: [2DSideScrollerCharacter_254] Left
[2017.02.22-01.11.14:434][175]LogBlueprintUserMessages: [2DSideScrollerCharacter_254] Left
[2017.02.22-01.11.14:450][176]LogBlueprintUserMessages: [2DSideScrollerCharacter_254] Left
[2017.02.22-01.11.14:466][177]LogBlueprintUserMessages: [2DSideScrollerCharacter_254] Left
[2017.02.22-01.11.14:482][178]LogBlueprintUserMessages: [2DSideScrollerCharacter_254] Left
[2017.02.22-01.11.14:498][179]LogBlueprintUserMessages: [2DSideScrollerCharacter_254] Left
[2017.02.22-01.11.14:514][180]LogBlueprintUserMessages: [2DSideScrollerCharacter_254] Left
[2017.02.22-01.11.14:530][181]LogBlueprintUserMessages: [2DSideScrollerCharacter_254] Left
[2017.02.22-01.11.14:546][182]LogBlueprintUserMessages: [2DSideScrollerCharacter_254] Left
[2017.02.22-01.11.14:562][183]LogBlueprintUserMessages: [2DSideScrollerCharacter_254] Left
[2017.02.22-01.11.14:578][184]LogBlueprintUserMessages: [2DSideScrollerCharacter_254] Left
[2017.02.22-01.11.14:594][185]LogBlueprintUserMessages: [2DSideScrollerCharacter_254] Left
[2017.02.22-01.11.14:611][186]LogBlueprintUserMessages: [2DSideScrollerCharacter_254] Left
[2017.02.22-01.11.14:627][187]LogBlueprintUserMessages: [2DSideScrollerCharacter_254] Left
[2017.02.22-01.11.14:643][188]LogBlueprintUserMessages: [2DSideScrollerCharacter_254] Left
[2017.02.22-01.11.14:659][189]LogBlueprintUserMessages: [2DSideScrollerCharacter_254] Left
[2017.02.22-01.11.14:675][190]LogBlueprintUserMessages: [2DSideScrollerCharacter_254] Left
[2017.02.22-01.11.14:691][191]LogBlueprintUserMessages: [2DSideScrollerCharacter_254] Left
[2017.02.22-01.11.14:707][192]LogBlueprintUserMessages: [2DSideScrollerCharacter_254] Left
[2017.02.22-01.11.14:724][193]LogBlueprintUserMessages: [2DSideScrollerCharacter_254] Left
[2017.02.22-01.11.14:740][194]LogBlueprintUserMessages: [2DSideScrollerCharacter_254] Left
[2017.02.22-01.11.14:756][195]LogBlueprintUserMessages: [2DSideScrollerCharacter_254] Left
[2017.02.22-01.11.14:772][196]LogBlueprintUserMessages: [2DSideScrollerCharacter_254] Left
[2017.02.22-01.11.14:788][197]LogBlueprintUserMessages: [2DSideScrollerCharacter_254] Left
[2017.02.22-01.11.14:804][198]LogBlueprintUserMessages: [2DSideScrollerCharacter_254] Left
[2017.02.22-01.11.14:821][199]LogBlueprintUserMessages: [2DSideScrollerCharacter_254] Left
[2017.02.22-01.11.14:837][200]LogBlueprintUserMessages: [2DSideScrollerCharacter_254] Left
[2017.02.22-01.11.14:853][201]LogBlueprintUserMessages: [2DSideScrollerCharacter_254] Left
[2017.02.22-01.11.14:869][202]LogBlueprintUserMessages: [2DSideScrollerCharacter_254] Left
[2017.02.22-01.11.15:257][226]LogBlueprintUserMessages: [2DSideScrollerCharacter_254] Left
[2017.02.22-01.11.15:272][227]LogBlueprintUserMessages: [2DSideScrollerCharacter_254] Left
[2017.02.22-01.11.15:288][228]LogBlueprintUserMessages: [2DSideScrollerCharacter_254] Left
[2017.02.22-01.11.15:305][229]LogBlueprintUserMessages: [2DSideScrollerCharacter_254] Left
[2017.02.22-01.11.15:320][230]LogBlueprintUserMessages: [2DSideScrollerCharacter_254] Left
[2017.02.22-01.11.15:337][231]LogBlueprintUserMessages: [2DSideScrollerCharacter_254] Left
[2017.02.22-01.11.15:353][232]LogBlueprintUserMessages: [2DSideScrollerCharacter_254] Left
[2017.02.22-01.11.15:369][233]LogBlueprintUserMessages: [2DSideScrollerCharacter_254] Left
[2017.02.22-01.11.15:385][234]LogBlueprintUserMessages: [2DSideScrollerCharacter_254] Left
[2017.02.22-01.11.15:401][235]LogBlueprintUserMessages: [2DSideScrollerCharacter_254] Left
[2017.02.22-01.11.15:417][236]LogBlueprintUserMessages: [2DSideScrollerCharacter_254] Left
[2017.02.22-01.11.15:433][237]LogBlueprintUserMessages: [2DSideScrollerCharacter_254] Left
[2017.02.22-01.11.15:449][238]LogBlueprintUserMessages: [2DSideScrollerCharacter_254] Left
[2017.02.22-01.11.15:465][239]LogBlueprintUserMessages: [2DSideScrollerCharacter_254] Left
[2017.02.22-01.11.15:482][240]LogBlueprintUserMessages: [2DSideScrollerCharacter_254] Left
[2017.02.22-01.11.15:498][241]LogBlueprintUserMessages: [2DSideScrollerCharacter_254] Left
[2017.02.22-01.11.15:514][242]LogBlueprintUserMessages: [2DSideScrollerCharacter_254] Left
[2017.02.22-01.11.15:530][243]LogBlueprintUserMessages: [2DSideScrollerCharacter_254] Left
[2017.02.22-01.11.15:546][244]LogBlueprintUserMessages: [2DSideScrollerCharacter_254] Left
[2017.02.22-01.11.15:562][245]LogBlueprintUserMessages: [2DSideScrollerCharacter_254] Left
[2017.02.22-01.11.15:578][246]LogBlueprintUserMessages: [2DSideScrollerCharacter_254] Left
[2017.02.22-01.11.15:594][247]LogBlueprintUserMessages: [2DSideScrollerCharacter_254] Left
[2017.02.22-01.11.15:610][248]LogBlueprintUserMessages: [2DSideScrollerCharacter_254] Left
[2017.02.22-01.11.15:627][249]LogBlueprintUserMessages: [2DSideScrollerCharacter_254] Left
[2017.02.22-01.11.15:643][250]LogBlueprintUserMessages: [2DSideScrollerCharacter_254] Left
[2017.02.22-01.11.15:659][251]LogBlueprintUserMessages: [2DSideScrollerCharacter_254] Left
[2017.02.22-01.11.15:675][252]LogBlueprintUserMessages: [2DSideScrollerCharacter_254] Left
[2017.02.22-01.11.15:691][253]LogBlueprintUserMessages: [2DSideScrollerCharacter_254] Left
[2017.02.22-01.11.15:707][254]LogBlueprintUserMessages: [2DSideScrollerCharacter_254] Left
[2017.02.22-01.11.15:723][255]LogBlueprintUserMessages: [2DSideScrollerCharacter_254] Left
[2017.02.22-01.11.15:740][256]LogBlueprintUserMessages: [2DSideScrollerCharacter_254] Left
[2017.02.22-01.11.15:756][257]LogBlueprintUserMessages: [2DSideScrollerCharacter_254] Left
[2017.02.22-01.11.15:772][258]LogBlueprintUserMessages: [2DSideScrollerCharacter_254] Left
[2017.02.22-01.11.15:788][259]LogBlueprintUserMessages: [2DSideScrollerCharacter_254] Left
[2017.02.22-01.11.15:804][260]LogBlueprintUserMessages: [2DSideScrollerCharacter_254] Left
[2017.02.22-01.11.15:821][261]LogBlueprintUserMessages: [2DSideScrollerCharacter_254] Left
[2017.02.22-01.11.15:837][262]LogBlueprintUserMessages: [2DSideScrollerCharacter_254] Left
[2017.02.22-01.11.15:853][263]LogBlueprintUserMessages: [2DSideScrollerCharacter_254] Left
[2017.02.22-01.11.15:869][264]LogBlueprintUserMessages: [2DSideScrollerCharacter_254] Left
[2017.02.22-01.11.15:885][265]LogBlueprintUserMessages: [2DSideScrollerCharacter_254] Left
[2017.02.22-01.11.15:901][266]LogBlueprintUserMessages: [2DSideScrollerCharacter_254] Left
[2017.02.22-01.11.15:918][267]LogBlueprintUserMessages: [2DSideScrollerCharacter_254] Left
[2017.02.22-01.11.15:933][268]LogBlueprintUserMessages: [2DSideScrollerCharacter_254] Left
[2017.02.22-01.11.15:949][269]LogBlueprintUserMessages: [2DSideScrollerCharacter_254] Left
[2017.02.22-01.11.15:966][270]LogBlueprintUserMessages: [2DSideScrollerCharacter_254] Left
[2017.02.22-01.11.15:982][271]LogBlueprintUserMessages: [2DSideScrollerCharacter_254] Left
[2017.02.22-01.11.15:998][272]LogBlueprintUserMessages: [2DSideScrollerCharacter_254] Left
[2017.02.22-01.11.16:014][273]LogBlueprintUserMessages: [2DSideScrollerCharacter_254] Left
[2017.02.22-01.11.16:030][274]LogBlueprintUserMessages: [2DSideScrollerCharacter_254] Left
[2017.02.22-01.11.16:047][275]LogBlueprintUserMessages: [2DSideScrollerCharacter_254] Left
[2017.02.22-01.11.16:063][276]LogBlueprintUserMessages: [2DSideScrollerCharacter_254] Left
[2017.02.22-01.11.16:079][277]LogBlueprintUserMessages: [2DSideScrollerCharacter_254] Left
[2017.02.22-01.11.16:095][278]LogBlueprintUserMessages: [2DSideScrollerCharacter_254] Left
[2017.02.22-01.11.16:111][279]LogBlueprintUserMessages: [2DSideScrollerCharacter_254] Left
[2017.02.22-01.11.16:127][280]LogBlueprintUserMessages: [2DSideScrollerCharacter_254] Left
[2017.02.22-01.11.16:143][281]LogBlueprintUserMessages: [2DSideScrollerCharacter_254] Left
[2017.02.22-01.11.16:159][282]LogBlueprintUserMessages: [2DSideScrollerCharacter_254] Left
[2017.02.22-01.11.16:546][306]LogBlueprintUserMessages: [2DSideScrollerCharacter_254] Left
[2017.02.22-01.11.16:562][307]LogBlueprintUserMessages: [2DSideScrollerCharacter_254] Left
[2017.02.22-01.11.16:578][308]LogBlueprintUserMessages: [2DSideScrollerCharacter_254] Left
[2017.02.22-01.11.16:595][309]LogBlueprintUserMessages: [2DSideScrollerCharacter_254] Left
[2017.02.22-01.11.16:611][310]LogBlueprintUserMessages: [2DSideScrollerCharacter_254] Left
[2017.02.22-01.11.16:627][311]LogBlueprintUserMessages: [2DSideScrollerCharacter_254] Left
[2017.02.22-01.11.16:643][312]LogBlueprintUserMessages: [2DSideScrollerCharacter_254] Left
[2017.02.22-01.11.16:659][313]LogBlueprintUserMessages: [2DSideScrollerCharacter_254] Left
[2017.02.22-01.11.16:675][314]LogBlueprintUserMessages: [2DSideScrollerCharacter_254] Left
[2017.02.22-01.11.16:692][315]LogBlueprintUserMessages: [2DSideScrollerCharacter_254] Left
[2017.02.22-01.11.16:707][316]LogBlueprintUserMessages: [2DSideScrollerCharacter_254] Left
[2017.02.22-01.11.16:723][317]LogBlueprintUserMessages: [2DSideScrollerCharacter_254] Left
[2017.02.22-01.11.16:740][318]LogBlueprintUserMessages: [2DSideScrollerCharacter_254] Left
[2017.02.22-01.11.16:756][319]LogBlueprintUserMessages: [2DSideScrollerCharacter_254] Left
[2017.02.22-01.11.16:772][320]LogBlueprintUserMessages: [2DSideScrollerCharacter_254] Left
[2017.02.22-01.11.16:788][321]LogBlueprintUserMessages: [2DSideScrollerCharacter_254] Left
[2017.02.22-01.11.16:804][322]LogBlueprintUserMessages: [2DSideScrollerCharacter_254] Left
[2017.02.22-01.11.16:820][323]LogBlueprintUserMessages: [2DSideScrollerCharacter_254] Left
[2017.02.22-01.11.16:836][324]LogBlueprintUserMessages: [2DSideScrollerCharacter_254] Left
[2017.02.22-01.11.16:852][325]LogBlueprintUserMessages: [2DSideScrollerCharacter_254] Left
[2017.02.22-01.11.16:869][326]LogBlueprintUserMessages: [2DSideScrollerCharacter_254] Left
[2017.02.22-01.11.16:885][327]LogBlueprintUserMessages: [2DSideScrollerCharacter_254] Left
[2017.02.22-01.11.16:901][328]LogBlueprintUserMessages: [2DSideScrollerCharacter_254] Left
[2017.02.22-01.11.16:917][329]LogBlueprintUserMessages: [2DSideScrollerCharacter_254] Left
[2017.02.22-01.11.16:933][330]LogBlueprintUserMessages: [2DSideScrollerCharacter_254] Left
[2017.02.22-01.11.16:949][331]LogBlueprintUserMessages: [2DSideScrollerCharacter_254] Left
[2017.02.22-01.11.16:966][332]LogBlueprintUserMessages: [2DSideScrollerCharacter_254] Left
[2017.02.22-01.11.16:982][333]LogBlueprintUserMessages: [2DSideScrollerCharacter_254] Left
[2017.02.22-01.11.16:998][334]LogBlueprintUserMessages: [2DSideScrollerCharacter_254] Left
[2017.02.22-01.11.17:014][335]LogBlueprintUserMessages: [2DSideScrollerCharacter_254] Left
[2017.02.22-01.11.17:030][336]LogBlueprintUserMessages: [2DSideScrollerCharacter_254] Left
[2017.02.22-01.11.17:046][337]LogBlueprintUserMessages: [2DSideScrollerCharacter_254] Left
[2017.02.22-01.11.17:062][338]LogBlueprintUserMessages: [2DSideScrollerCharacter_254] Left
[2017.02.22-01.11.17:079][339]LogBlueprintUserMessages: [2DSideScrollerCharacter_254] Left
[2017.02.22-01.11.17:095][340]LogBlueprintUserMessages: [2DSideScrollerCharacter_254] Left
[2017.02.22-01.11.17:111][341]LogBlueprintUserMessages: [2DSideScrollerCharacter_254] Left
[2017.02.22-01.11.17:127][342]LogBlueprintUserMessages: [2DSideScrollerCharacter_254] Left
[2017.02.22-01.11.17:143][343]LogBlueprintUserMessages: [2DSideScrollerCharacter_254] Left
[2017.02.22-01.11.17:159][344]LogBlueprintUserMessages: [2DSideScrollerCharacter_254] Left
[2017.02.22-01.11.17:176][345]LogBlueprintUserMessages: [2DSideScrollerCharacter_254] Left
[2017.02.22-01.11.17:192][346]LogBlueprintUserMessages: [2DSideScrollerCharacter_254] Left
[2017.02.22-01.11.17:208][347]LogBlueprintUserMessages: [2DSideScrollerCharacter_254] Left
[2017.02.22-01.11.17:224][348]LogBlueprintUserMessages: [2DSideScrollerCharacter_254] Left
[2017.02.22-01.11.17:240][349]LogBlueprintUserMessages: [2DSideScrollerCharacter_254] Left
[2017.02.22-01.11.17:256][350]LogBlueprintUserMessages: [2DSideScrollerCharacter_254] Left
[2017.02.22-01.11.17:272][351]LogBlueprintUserMessages: [2DSideScrollerCharacter_254] Left
[2017.02.22-01.11.17:530][367]LogBlueprintUserMessages: [2DSideScrollerCharacter_254] Right
[2017.02.22-01.11.17:546][368]LogBlueprintUserMessages: [2DSideScrollerCharacter_254] Right
[2017.02.22-01.11.17:563][369]LogBlueprintUserMessages: [2DSideScrollerCharacter_254] Right
[2017.02.22-01.11.17:578][370]LogBlueprintUserMessages: [2DSideScrollerCharacter_254] Right
[2017.02.22-01.11.17:595][371]LogBlueprintUserMessages: [2DSideScrollerCharacter_254] Right
[2017.02.22-01.11.17:611][372]LogBlueprintUserMessages: [2DSideScrollerCharacter_254] Right
[2017.02.22-01.11.17:627][373]LogBlueprintUserMessages: [2DSideScrollerCharacter_254] Right
[2017.02.22-01.11.17:643][374]LogBlueprintUserMessages: [2DSideScrollerCharacter_254] Right
[2017.02.22-01.11.17:659][375]LogBlueprintUserMessages: [2DSideScrollerCharacter_254] Right
[2017.02.22-01.11.17:675][376]LogBlueprintUserMessages: [2DSideScrollerCharacter_254] Right
[2017.02.22-01.11.17:692][377]LogBlueprintUserMessages: [2DSideScrollerCharacter_254] Right
[2017.02.22-01.11.17:708][378]LogBlueprintUserMessages: [2DSideScrollerCharacter_254] Right
[2017.02.22-01.11.17:724][379]LogBlueprintUserMessages: [2DSideScrollerCharacter_254] Right
[2017.02.22-01.11.17:740][380]LogBlueprintUserMessages: [2DSideScrollerCharacter_254] Right
[2017.02.22-01.11.17:756][381]LogBlueprintUserMessages: [2DSideScrollerCharacter_254] Right
[2017.02.22-01.11.17:772][382]LogBlueprintUserMessages: [2DSideScrollerCharacter_254] Right
[2017.02.22-01.11.17:789][383]LogBlueprintUserMessages: [2DSideScrollerCharacter_254] Right
[2017.02.22-01.11.17:805][384]LogBlueprintUserMessages: [2DSideScrollerCharacter_254] Right
[2017.02.22-01.11.17:820][385]LogBlueprintUserMessages: [2DSideScrollerCharacter_254] Right
[2017.02.22-01.11.17:837][386]LogBlueprintUserMessages: [2DSideScrollerCharacter_254] Right
[2017.02.22-01.11.17:853][387]LogBlueprintUserMessages: [2DSideScrollerCharacter_254] Right
[2017.02.22-01.11.17:869][388]LogBlueprintUserMessages: [2DSideScrollerCharacter_254] Right
[2017.02.22-01.11.17:885][389]LogBlueprintUserMessages: [2DSideScrollerCharacter_254] Right
[2017.02.22-01.11.17:902][390]LogBlueprintUserMessages: [2DSideScrollerCharacter_254] Right
[2017.02.22-01.11.17:918][391]LogBlueprintUserMessages: [2DSideScrollerCharacter_254] Right
[2017.02.22-01.11.17:934][392]LogBlueprintUserMessages: [2DSideScrollerCharacter_254] Right
[2017.02.22-01.11.17:950][393]LogBlueprintUserMessages: [2DSideScrollerCharacter_254] Right
[2017.02.22-01.11.17:966][394]LogBlueprintUserMessages: [2DSideScrollerCharacter_254] Right
[2017.02.22-01.11.17:982][395]LogBlueprintUserMessages: [2DSideScrollerCharacter_254] Right
[2017.02.22-01.11.17:998][396]LogBlueprintUserMessages: [2DSideScrollerCharacter_254] Right
[2017.02.22-01.11.18:014][397]LogBlueprintUserMessages: [2DSideScrollerCharacter_254] Right
[2017.02.22-01.11.18:030][398]LogBlueprintUserMessages: [2DSideScrollerCharacter_254] Right
[2017.02.22-01.11.18:046][399]LogBlueprintUserMessages: [2DSideScrollerCharacter_254] Right
[2017.02.22-01.11.18:063][400]LogBlueprintUserMessages: [2DSideScrollerCharacter_254] Right
[2017.02.22-01.11.18:079][401]LogBlueprintUserMessages: [2DSideScrollerCharacter_254] Right
[2017.02.22-01.11.18:095][402]LogBlueprintUserMessages: [2DSideScrollerCharacter_254] Right
[2017.02.22-01.11.18:111][403]LogBlueprintUserMessages: [2DSideScrollerCharacter_254] Right
[2017.02.22-01.11.18:579][432]LogBlueprintUserMessages: [2DSideScrollerCharacter_254] Right
[2017.02.22-01.11.18:595][433]LogBlueprintUserMessages: [2DSideScrollerCharacter_254] Right
[2017.02.22-01.11.18:611][434]LogBlueprintUserMessages: [2DSideScrollerCharacter_254] Right
[2017.02.22-01.11.18:627][435]LogBlueprintUserMessages: [2DSideScrollerCharacter_254] Right
[2017.02.22-01.11.18:643][436]LogBlueprintUserMessages: [2DSideScrollerCharacter_254] Right
[2017.02.22-01.11.18:659][437]LogBlueprintUserMessages: [2DSideScrollerCharacter_254] Right
[2017.02.22-01.11.18:676][438]LogBlueprintUserMessages: [2DSideScrollerCharacter_254] Right
[2017.02.22-01.11.18:692][439]LogBlueprintUserMessages: [2DSideScrollerCharacter_254] Right
[2017.02.22-01.11.18:707][440]LogBlueprintUserMessages: [2DSideScrollerCharacter_254] Right
[2017.02.22-01.11.18:724][441]LogBlueprintUserMessages: [2DSideScrollerCharacter_254] Right
[2017.02.22-01.11.18:740][442]LogBlueprintUserMessages: [2DSideScrollerCharacter_254] Right
[2017.02.22-01.11.18:756][443]LogBlueprintUserMessages: [2DSideScrollerCharacter_254] Right
[2017.02.22-01.11.18:772][444]LogBlueprintUserMessages: [2DSideScrollerCharacter_254] Right
[2017.02.22-01.11.18:788][445]LogBlueprintUserMessages: [2DSideScrollerCharacter_254] Right
[2017.02.22-01.11.18:804][446]LogBlueprintUserMessages: [2DSideScrollerCharacter_254] Right
[2017.02.22-01.11.18:820][447]LogBlueprintUserMessages: [2DSideScrollerCharacter_254] Right
[2017.02.22-01.11.18:837][448]LogBlueprintUserMessages: [2DSideScrollerCharacter_254] Right
[2017.02.22-01.11.18:853][449]LogBlueprintUserMessages: [2DSideScrollerCharacter_254] Right
[2017.02.22-01.11.18:869][450]LogBlueprintUserMessages: [2DSideScrollerCharacter_254] Right
[2017.02.22-01.11.18:885][451]LogBlueprintUserMessages: [2DSideScrollerCharacter_254] Right
[2017.02.22-01.11.18:901][452]LogBlueprintUserMessages: [2DSideScrollerCharacter_254] Right
[2017.02.22-01.11.18:917][453]LogBlueprintUserMessages: [2DSideScrollerCharacter_254] Right
[2017.02.22-01.11.18:934][454]LogBlueprintUserMessages: [2DSideScrollerCharacter_254] Right
[2017.02.22-01.11.18:950][455]LogBlueprintUserMessages: [2DSideScrollerCharacter_254] Right
[2017.02.22-01.11.18:966][456]LogBlueprintUserMessages: [2DSideScrollerCharacter_254] Right
[2017.02.22-01.11.18:982][457]LogBlueprintUserMessages: [2DSideScrollerCharacter_254] Right
[2017.02.22-01.11.18:998][458]LogBlueprintUserMessages: [2DSideScrollerCharacter_254] Right
[2017.02.22-01.11.19:014][459]LogBlueprintUserMessages: [2DSideScrollerCharacter_254] Right
[2017.02.22-01.11.19:030][460]LogBlueprintUserMessages: [2DSideScrollerCharacter_254] Right
[2017.02.22-01.11.19:046][461]LogBlueprintUserMessages: [2DSideScrollerCharacter_254] Right
[2017.02.22-01.11.19:062][462]LogBlueprintUserMessages: [2DSideScrollerCharacter_254] Right
[2017.02.22-01.11.19:078][463]LogBlueprintUserMessages: [2DSideScrollerCharacter_254] Right
[2017.02.22-01.11.19:095][464]LogBlueprintUserMessages: [2DSideScrollerCharacter_254] Right
[2017.02.22-01.11.19:111][465]LogBlueprintUserMessages: [2DSideScrollerCharacter_254] Right
[2017.02.22-01.11.19:127][466]LogBlueprintUserMessages: [2DSideScrollerCharacter_254] Right
[2017.02.22-01.11.19:143][467]LogBlueprintUserMessages: [2DSideScrollerCharacter_254] Right
[2017.02.22-01.11.19:159][468]LogBlueprintUserMessages: [2DSideScrollerCharacter_254] Right
[2017.02.22-01.11.19:175][469]LogBlueprintUserMessages: [2DSideScrollerCharacter_254] Right
[2017.02.22-01.11.19:191][470]LogBlueprintUserMessages: [2DSideScrollerCharacter_254] Right
[2017.02.22-01.11.19:208][471]LogBlueprintUserMessages: [2DSideScrollerCharacter_254] Right
[2017.02.22-01.11.19:223][472]LogBlueprintUserMessages: [2DSideScrollerCharacter_254] Right
[2017.02.22-01.11.19:239][473]LogBlueprintUserMessages: [2DSideScrollerCharacter_254] Right
[2017.02.22-01.11.19:256][474]LogBlueprintUserMessages: [2DSideScrollerCharacter_254] Right
[2017.02.22-01.11.19:272][475]LogBlueprintUserMessages: [2DSideScrollerCharacter_254] Right
[2017.02.22-01.11.19:289][476]LogBlueprintUserMessages: [2DSideScrollerCharacter_254] Right
[2017.02.22-01.11.19:304][477]LogBlueprintUserMessages: [2DSideScrollerCharacter_254] Right
[2017.02.22-01.11.19:321][478]LogBlueprintUserMessages: [2DSideScrollerCharacter_254] Right
[2017.02.22-01.11.19:337][479]LogBlueprintUserMessages: [2DSideScrollerCharacter_254] Right
[2017.02.22-01.11.19:353][480]LogBlueprintUserMessages: [2DSideScrollerCharacter_254] Right
[2017.02.22-01.11.19:369][481]LogBlueprintUserMessages: [2DSideScrollerCharacter_254] Right
[2017.02.22-01.11.19:901][514]LogBlueprintUserMessages: [2DSideScrollerCharacter_254] Right
[2017.02.22-01.11.19:917][515]LogBlueprintUserMessages: [2DSideScrollerCharacter_254] Right
[2017.02.22-01.11.19:933][516]LogBlueprintUserMessages: [2DSideScrollerCharacter_254] Right
[2017.02.22-01.11.19:949][517]LogBlueprintUserMessages: [2DSideScrollerCharacter_254] Right
[2017.02.22-01.11.19:965][518]LogBlueprintUserMessages: [2DSideScrollerCharacter_254] Right
[2017.02.22-01.11.19:981][519]LogBlueprintUserMessages: [2DSideScrollerCharacter_254] Right
[2017.02.22-01.11.19:998][520]LogBlueprintUserMessages: [2DSideScrollerCharacter_254] Right
[2017.02.22-01.11.20:014][521]LogBlueprintUserMessages: [2DSideScrollerCharacter_254] Right
[2017.02.22-01.11.20:030][522]LogBlueprintUserMessages: [2DSideScrollerCharacter_254] Right
[2017.02.22-01.11.20:046][523]LogBlueprintUserMessages: [2DSideScrollerCharacter_254] Right
[2017.02.22-01.11.20:062][524]LogBlueprintUserMessages: [2DSideScrollerCharacter_254] Right
[2017.02.22-01.11.20:078][525]LogBlueprintUserMessages: [2DSideScrollerCharacter_254] Right
[2017.02.22-01.11.20:095][526]LogBlueprintUserMessages: [2DSideScrollerCharacter_254] Right
[2017.02.22-01.11.20:111][527]LogBlueprintUserMessages: [2DSideScrollerCharacter_254] Right
[2017.02.22-01.11.20:127][528]LogBlueprintUserMessages: [2DSideScrollerCharacter_254] Right
[2017.02.22-01.11.20:143][529]LogBlueprintUserMessages: [2DSideScrollerCharacter_254] Right
[2017.02.22-01.11.20:159][530]LogBlueprintUserMessages: [2DSideScrollerCharacter_254] Right
[2017.02.22-01.11.20:175][531]LogBlueprintUserMessages: [2DSideScrollerCharacter_254] Right
[2017.02.22-01.11.20:191][532]LogBlueprintUserMessages: [2DSideScrollerCharacter_254] Right
[2017.02.22-01.11.20:207][533]LogBlueprintUserMessages: [2DSideScrollerCharacter_254] Right
[2017.02.22-01.11.20:224][534]LogBlueprintUserMessages: [2DSideScrollerCharacter_254] Right
[2017.02.22-01.11.20:240][535]LogBlueprintUserMessages: [2DSideScrollerCharacter_254] Right
[2017.02.22-01.11.20:256][536]LogBlueprintUserMessages: [2DSideScrollerCharacter_254] Right
[2017.02.22-01.11.20:272][537]LogBlueprintUserMessages: [2DSideScrollerCharacter_254] Right
[2017.02.22-01.11.20:288][538]LogBlueprintUserMessages: [2DSideScrollerCharacter_254] Right
[2017.02.22-01.11.20:304][539]LogBlueprintUserMessages: [2DSideScrollerCharacter_254] Right
[2017.02.22-01.11.20:320][540]LogBlueprintUserMessages: [2DSideScrollerCharacter_254] Right
[2017.02.22-01.11.20:337][541]LogBlueprintUserMessages: [2DSideScrollerCharacter_254] Right
[2017.02.22-01.11.20:353][542]LogBlueprintUserMessages: [2DSideScrollerCharacter_254] Right
[2017.02.22-01.11.20:369][543]LogBlueprintUserMessages: [2DSideScrollerCharacter_254] Right
[2017.02.22-01.11.20:385][544]LogBlueprintUserMessages: [2DSideScrollerCharacter_254] Right
[2017.02.22-01.11.20:401][545]LogBlueprintUserMessages: [2DSideScrollerCharacter_254] Right
[2017.02.22-01.11.20:417][546]LogBlueprintUserMessages: [2DSideScrollerCharacter_254] Right
[2017.02.22-01.11.20:434][547]LogBlueprintUserMessages: [2DSideScrollerCharacter_254] Right
[2017.02.22-01.11.20:450][548]LogBlueprintUserMessages: [2DSideScrollerCharacter_254] Right
[2017.02.22-01.11.20:466][549]LogBlueprintUserMessages: [2DSideScrollerCharacter_254] Right
[2017.02.22-01.11.20:482][550]LogBlueprintUserMessages: [2DSideScrollerCharacter_254] Right
[2017.02.22-01.11.20:498][551]LogBlueprintUserMessages: [2DSideScrollerCharacter_254] Right
[2017.02.22-01.11.20:514][552]LogBlueprintUserMessages: [2DSideScrollerCharacter_254] Right
[2017.02.22-01.11.20:530][553]LogBlueprintUserMessages: [2DSideScrollerCharacter_254] Right
[2017.02.22-01.11.20:546][554]LogBlueprintUserMessages: [2DSideScrollerCharacter_254] Right
[2017.02.22-01.11.20:562][555]LogBlueprintUserMessages: [2DSideScrollerCharacter_254] Right
[2017.02.22-01.11.20:578][556]LogBlueprintUserMessages: [2DSideScrollerCharacter_254] Right
[2017.02.22-01.11.20:595][557]LogBlueprintUserMessages: [2DSideScrollerCharacter_254] Right
[2017.02.22-01.11.20:611][558]LogBlueprintUserMessages: [2DSideScrollerCharacter_254] Right
[2017.02.22-01.11.20:627][559]LogBlueprintUserMessages: [2DSideScrollerCharacter_254] Right
[2017.02.22-01.11.20:643][560]LogBlueprintUserMessages: [2DSideScrollerCharacter_254] Right
[2017.02.22-01.11.20:659][561]LogBlueprintUserMessages: [2DSideScrollerCharacter_254] Right
[2017.02.22-01.11.20:675][562]LogBlueprintUserMessages: [2DSideScrollerCharacter_254] Right
[2017.02.22-01.11.20:692][563]LogBlueprintUserMessages: [2DSideScrollerCharacter_254] Right
[2017.02.22-01.11.20:707][564]LogBlueprintUserMessages: [2DSideScrollerCharacter_254] Right
[2017.02.22-01.11.20:723][565]LogBlueprintUserMessages: [2DSideScrollerCharacter_254] Right
[2017.02.22-01.11.20:740][566]LogBlueprintUserMessages: [2DSideScrollerCharacter_254] Right
[2017.02.22-01.11.20:756][567]LogBlueprintUserMessages: [2DSideScrollerCharacter_254] Right
[2017.02.22-01.11.20:772][568]LogBlueprintUserMessages: [2DSideScrollerCharacter_254] Right
[2017.02.22-01.11.20:788][569]LogBlueprintUserMessages: [2DSideScrollerCharacter_254] Right
[2017.02.22-01.11.20:804][570]LogBlueprintUserMessages: [2DSideScrollerCharacter_254] Right
[2017.02.22-01.11.20:820][571]LogBlueprintUserMessages: [2DSideScrollerCharacter_254] Right
[2017.02.22-01.11.20:837][572]LogBlueprintUserMessages: [2DSideScrollerCharacter_254] Right
[2017.02.22-01.11.20:852][573]LogBlueprintUserMessages: [2DSideScrollerCharacter_254] Right
[2017.02.22-01.11.20:869][574]LogBlueprintUserMessages: [2DSideScrollerCharacter_254] Right
[2017.02.22-01.11.20:885][575]LogBlueprintUserMessages: [2DSideScrollerCharacter_254] Right
[2017.02.22-01.11.20:901][576]LogBlueprintUserMessages: [2DSideScrollerCharacter_254] Right
[2017.02.22-01.11.20:917][577]LogBlueprintUserMessages: [2DSideScrollerCharacter_254] Right
[2017.02.22-01.11.20:933][578]LogBlueprintUserMessages: [2DSideScrollerCharacter_254] Right
[2017.02.22-01.11.20:949][579]LogBlueprintUserMessages: [2DSideScrollerCharacter_254] Right
[2017.02.22-01.11.20:965][580]LogBlueprintUserMessages: [2DSideScrollerCharacter_254] Right
[2017.02.22-01.11.20:981][581]LogBlueprintUserMessages: [2DSideScrollerCharacter_254] Right
[2017.02.22-01.11.20:998][582]LogBlueprintUserMessages: [2DSideScrollerCharacter_254] Right
[2017.02.22-01.11.21:014][583]LogBlueprintUserMessages: [2DSideScrollerCharacter_254] Right
[2017.02.22-01.11.21:030][584]LogBlueprintUserMessages: [2DSideScrollerCharacter_254] Right
[2017.02.22-01.11.21:046][585]LogBlueprintUserMessages: [2DSideScrollerCharacter_254] Right
[2017.02.22-01.11.21:062][586]LogBlueprintUserMessages: [2DSideScrollerCharacter_254] Right
[2017.02.22-01.11.21:078][587]LogBlueprintUserMessages: [2DSideScrollerCharacter_254] Right
[2017.02.22-01.11.21:095][588]LogBlueprintUserMessages: [2DSideScrollerCharacter_254] Right
[2017.02.22-01.11.21:110][589]LogBlueprintUserMessages: [2DSideScrollerCharacter_254] Right
[2017.02.22-01.11.21:127][590]LogBlueprintUserMessages: [2DSideScrollerCharacter_254] Right
[2017.02.22-01.11.21:143][591]LogBlueprintUserMessages: [2DSideScrollerCharacter_254] Right
[2017.02.22-01.11.21:353][604]LogBlueprintUserMessages: [2DSideScrollerCharacter_254] Right
[2017.02.22-01.11.21:369][605]LogBlueprintUserMessages: [2DSideScrollerCharacter_254] Right
[2017.02.22-01.11.21:385][606]LogBlueprintUserMessages: [2DSideScrollerCharacter_254] Right
[2017.02.22-01.11.21:401][607]LogBlueprintUserMessages: [2DSideScrollerCharacter_254] Right
[2017.02.22-01.11.21:547][616]LogBlueprintUserMessages: [2DSideScrollerCharacter_254] Right
[2017.02.22-01.11.21:563][617]LogBlueprintUserMessages: [2DSideScrollerCharacter_254] Right
[2017.02.22-01.11.21:579][618]LogBlueprintUserMessages: [2DSideScrollerCharacter_254] Right
[2017.02.22-01.11.21:595][619]LogBlueprintUserMessages: [2DSideScrollerCharacter_254] Right
[2017.02.22-01.11.21:611][620]LogBlueprintUserMessages: [2DSideScrollerCharacter_254] Right
[2017.02.22-01.11.21:627][621]LogBlueprintUserMessages: [2DSideScrollerCharacter_254] Right
[2017.02.22-01.11.21:643][622]LogBlueprintUserMessages: [2DSideScrollerCharacter_254] Right
[2017.02.22-01.11.21:659][623]LogBlueprintUserMessages: [2DSideScrollerCharacter_254] Right
[2017.02.22-01.11.21:675][624]LogBlueprintUserMessages: [2DSideScrollerCharacter_254] Right
[2017.02.22-01.11.21:692][625]LogBlueprintUserMessages: [2DSideScrollerCharacter_254] Right
[2017.02.22-01.11.21:708][626]LogBlueprintUserMessages: [2DSideScrollerCharacter_254] Right
[2017.02.22-01.11.21:724][627]LogBlueprintUserMessages: [2DSideScrollerCharacter_254] Right
[2017.02.22-01.11.21:740][628]LogBlueprintUserMessages: [2DSideScrollerCharacter_254] Right
[2017.02.22-01.11.21:756][629]LogBlueprintUserMessages: [2DSideScrollerCharacter_254] Right
[2017.02.22-01.11.21:772][630]LogBlueprintUserMessages: [2DSideScrollerCharacter_254] Right
[2017.02.22-01.11.21:788][631]LogBlueprintUserMessages: [2DSideScrollerCharacter_254] Right
[2017.02.22-01.11.21:805][632]LogBlueprintUserMessages: [2DSideScrollerCharacter_254] Right
[2017.02.22-01.11.21:820][633]LogBlueprintUserMessages: [2DSideScrollerCharacter_254] Right
[2017.02.22-01.11.21:837][634]LogBlueprintUserMessages: [2DSideScrollerCharacter_254] Right
[2017.02.22-01.11.21:853][635]LogBlueprintUserMessages: [2DSideScrollerCharacter_254] Right
[2017.02.22-01.11.21:869][636]LogBlueprintUserMessages: [2DSideScrollerCharacter_254] Right
[2017.02.22-01.11.21:885][637]LogBlueprintUserMessages: [2DSideScrollerCharacter_254] Right
[2017.02.22-01.11.21:901][638]LogBlueprintUserMessages: [2DSideScrollerCharacter_254] Right
[2017.02.22-01.11.21:917][639]LogBlueprintUserMessages: [2DSideScrollerCharacter_254] Right
[2017.02.22-01.11.21:934][640]LogBlueprintUserMessages: [2DSideScrollerCharacter_254] Right
[2017.02.22-01.11.21:950][641]LogBlueprintUserMessages: [2DSideScrollerCharacter_254] Right
[2017.02.22-01.11.21:966][642]LogBlueprintUserMessages: [2DSideScrollerCharacter_254] Right
[2017.02.22-01.11.21:982][643]LogBlueprintUserMessages: [2DSideScrollerCharacter_254] Right
[2017.02.22-01.11.22:433][671]LogBlueprintUserMessages: [2DSideScrollerCharacter_254] Right
[2017.02.22-01.11.22:449][672]LogBlueprintUserMessages: [2DSideScrollerCharacter_254] Right
[2017.02.22-01.11.22:465][673]LogBlueprintUserMessages: [2DSideScrollerCharacter_254] Right
[2017.02.22-01.11.22:482][674]LogBlueprintUserMessages: [2DSideScrollerCharacter_254] Right
[2017.02.22-01.11.22:498][675]LogBlueprintUserMessages: [2DSideScrollerCharacter_254] Right
[2017.02.22-01.11.22:514][676]LogBlueprintUserMessages: [2DSideScrollerCharacter_254] Right
[2017.02.22-01.11.22:530][677]LogBlueprintUserMessages: [2DSideScrollerCharacter_254] Right
[2017.02.22-01.11.22:546][678]LogBlueprintUserMessages: [2DSideScrollerCharacter_254] Right
[2017.02.22-01.11.22:563][679]LogBlueprintUserMessages: [2DSideScrollerCharacter_254] Right
[2017.02.22-01.11.22:579][680]LogBlueprintUserMessages: [2DSideScrollerCharacter_254] Right
[2017.02.22-01.11.22:595][681]LogBlueprintUserMessages: [2DSideScrollerCharacter_254] Right
[2017.02.22-01.11.22:611][682]LogBlueprintUserMessages: [2DSideScrollerCharacter_254] Right
[2017.02.22-01.11.22:627][683]LogBlueprintUserMessages: [2DSideScrollerCharacter_254] Right
[2017.02.22-01.11.22:643][684]LogBlueprintUserMessages: [2DSideScrollerCharacter_254] Right
[2017.02.22-01.11.22:659][685]LogBlueprintUserMessages: [2DSideScrollerCharacter_254] Right
[2017.02.22-01.11.22:676][686]LogBlueprintUserMessages: [2DSideScrollerCharacter_254] Right
[2017.02.22-01.11.22:692][687]LogBlueprintUserMessages: [2DSideScrollerCharacter_254] Right
[2017.02.22-01.11.22:708][688]LogBlueprintUserMessages: [2DSideScrollerCharacter_254] Right
[2017.02.22-01.11.22:723][689]LogBlueprintUserMessages: [2DSideScrollerCharacter_254] Right
[2017.02.22-01.11.22:740][690]LogBlueprintUserMessages: [2DSideScrollerCharacter_254] Right
[2017.02.22-01.11.22:756][691]LogBlueprintUserMessages: [2DSideScrollerCharacter_254] Right
[2017.02.22-01.11.22:772][692]LogBlueprintUserMessages: [2DSideScrollerCharacter_254] Right
[2017.02.22-01.11.22:788][693]LogBlueprintUserMessages: [2DSideScrollerCharacter_254] Right
[2017.02.22-01.11.22:804][694]LogBlueprintUserMessages: [2DSideScrollerCharacter_254] Right
[2017.02.22-01.11.22:820][695]LogBlueprintUserMessages: [2DSideScrollerCharacter_254] Right
[2017.02.22-01.11.22:837][696]LogBlueprintUserMessages: [2DSideScrollerCharacter_254] Right
[2017.02.22-01.11.22:853][697]LogBlueprintUserMessages: [2DSideScrollerCharacter_254] Right
[2017.02.22-01.11.22:869][698]LogBlueprintUserMessages: [2DSideScrollerCharacter_254] Right
[2017.02.22-01.11.22:885][699]LogBlueprintUserMessages: [2DSideScrollerCharacter_254] Right
[2017.02.22-01.11.22:901][700]LogBlueprintUserMessages: [2DSideScrollerCharacter_254] Right
[2017.02.22-01.11.22:917][701]LogBlueprintUserMessages: [2DSideScrollerCharacter_254] Right
[2017.02.22-01.11.22:934][702]LogBlueprintUserMessages: [2DSideScrollerCharacter_254] Right
[2017.02.22-01.11.22:950][703]LogBlueprintUserMessages: [2DSideScrollerCharacter_254] Right
[2017.02.22-01.11.22:966][704]LogBlueprintUserMessages: [2DSideScrollerCharacter_254] Right
[2017.02.22-01.11.22:982][705]LogBlueprintUserMessages: [2DSideScrollerCharacter_254] Right
[2017.02.22-01.11.22:998][706]LogBlueprintUserMessages: [2DSideScrollerCharacter_254] Right
[2017.02.22-01.11.23:014][707]LogBlueprintUserMessages: [2DSideScrollerCharacter_254] Right
[2017.02.22-01.11.23:030][708]LogBlueprintUserMessages: [2DSideScrollerCharacter_254] Right
[2017.02.22-01.11.23:047][709]LogBlueprintUserMessages: [2DSideScrollerCharacter_254] Right
[2017.02.22-01.11.23:062][710]LogBlueprintUserMessages: [2DSideScrollerCharacter_254] Right
[2017.02.22-01.11.23:079][711]LogBlueprintUserMessages: [2DSideScrollerCharacter_254] Right
[2017.02.22-01.11.23:095][712]LogBlueprintUserMessages: [2DSideScrollerCharacter_254] Right
[2017.02.22-01.11.23:111][713]LogBlueprintUserMessages: [2DSideScrollerCharacter_254] Right
[2017.02.22-01.11.23:127][714]LogBlueprintUserMessages: [2DSideScrollerCharacter_254] Right
[2017.02.22-01.11.23:143][715]LogBlueprintUserMessages: [2DSideScrollerCharacter_254] Right
[2017.02.22-01.11.23:159][716]LogBlueprintUserMessages: [2DSideScrollerCharacter_254] Right
[2017.02.22-01.11.23:175][717]LogBlueprintUserMessages: [2DSideScrollerCharacter_254] Right
[2017.02.22-01.11.23:192][718]LogBlueprintUserMessages: [2DSideScrollerCharacter_254] Right
[2017.02.22-01.11.23:208][719]LogBlueprintUserMessages: [2DSideScrollerCharacter_254] Right
[2017.02.22-01.11.23:224][720]LogBlueprintUserMessages: [2DSideScrollerCharacter_254] Right
[2017.02.22-01.11.23:240][721]LogBlueprintUserMessages: [2DSideScrollerCharacter_254] Right
[2017.02.22-01.11.23:256][722]LogBlueprintUserMessages: [2DSideScrollerCharacter_254] Right
[2017.02.22-01.11.23:272][723]LogBlueprintUserMessages: [2DSideScrollerCharacter_254] Right
[2017.02.22-01.11.23:288][724]LogBlueprintUserMessages: [2DSideScrollerCharacter_254] Right
[2017.02.22-01.11.23:305][725]LogBlueprintUserMessages: [2DSideScrollerCharacter_254] Right
[2017.02.22-01.11.23:321][726]LogBlueprintUserMessages: [2DSideScrollerCharacter_254] Right
[2017.02.22-01.11.23:337][727]LogBlueprintUserMessages: [2DSideScrollerCharacter_254] Right
[2017.02.22-01.11.23:353][728]LogBlueprintUserMessages: [2DSideScrollerCharacter_254] Right
[2017.02.22-01.11.23:369][729]LogBlueprintUserMessages: [2DSideScrollerCharacter_254] Right
[2017.02.22-01.11.23:385][730]LogBlueprintUserMessages: [2DSideScrollerCharacter_254] Right
[2017.02.22-01.11.23:401][731]LogBlueprintUserMessages: [2DSideScrollerCharacter_254] Right
[2017.02.22-01.11.23:757][753]LogBlueprintUserMessages: [2DSideScrollerCharacter_254] Left
[2017.02.22-01.11.23:772][754]LogBlueprintUserMessages: [2DSideScrollerCharacter_254] Left
[2017.02.22-01.11.23:788][755]LogBlueprintUserMessages: [2DSideScrollerCharacter_254] Left
[2017.02.22-01.11.23:805][756]LogBlueprintUserMessages: [2DSideScrollerCharacter_254] Left
[2017.02.22-01.11.23:821][757]LogBlueprintUserMessages: [2DSideScrollerCharacter_254] Left
[2017.02.22-01.11.23:837][758]LogBlueprintUserMessages: [2DSideScrollerCharacter_254] Left
[2017.02.22-01.11.23:853][759]LogBlueprintUserMessages: [2DSideScrollerCharacter_254] Left
[2017.02.22-01.11.23:869][760]LogBlueprintUserMessages: [2DSideScrollerCharacter_254] Left
[2017.02.22-01.11.23:885][761]LogBlueprintUserMessages: [2DSideScrollerCharacter_254] Left
[2017.02.22-01.11.23:901][762]LogBlueprintUserMessages: [2DSideScrollerCharacter_254] Left
[2017.02.22-01.11.23:917][763]LogBlueprintUserMessages: [2DSideScrollerCharacter_254] Left
[2017.02.22-01.11.23:933][764]LogBlueprintUserMessages: [2DSideScrollerCharacter_254] Left
[2017.02.22-01.11.23:950][765]LogBlueprintUserMessages: [2DSideScrollerCharacter_254] Left
[2017.02.22-01.11.23:966][766]LogBlueprintUserMessages: [2DSideScrollerCharacter_254] Left
[2017.02.22-01.11.23:982][767]LogBlueprintUserMessages: [2DSideScrollerCharacter_254] Left
[2017.02.22-01.11.23:998][768]LogBlueprintUserMessages: [2DSideScrollerCharacter_254] Left
[2017.02.22-01.11.24:014][769]LogBlueprintUserMessages: [2DSideScrollerCharacter_254] Left
[2017.02.22-01.11.24:030][770]LogBlueprintUserMessages: [2DSideScrollerCharacter_254] Left
[2017.02.22-01.11.24:047][771]LogBlueprintUserMessages: [2DSideScrollerCharacter_254] Left
[2017.02.22-01.11.24:063][772]LogBlueprintUserMessages: [2DSideScrollerCharacter_254] Left
[2017.02.22-01.11.24:079][773]LogBlueprintUserMessages: [2DSideScrollerCharacter_254] Left
[2017.02.22-01.11.24:095][774]LogBlueprintUserMessages: [2DSideScrollerCharacter_254] Left
[2017.02.22-01.11.24:111][775]LogBlueprintUserMessages: [2DSideScrollerCharacter_254] Left
[2017.02.22-01.11.24:127][776]LogBlueprintUserMessages: [2DSideScrollerCharacter_254] Left
[2017.02.22-01.11.24:143][777]LogBlueprintUserMessages: [2DSideScrollerCharacter_254] Left
[2017.02.22-01.11.24:159][778]LogBlueprintUserMessages: [2DSideScrollerCharacter_254] Left
[2017.02.22-01.11.24:176][779]LogBlueprintUserMessages: [2DSideScrollerCharacter_254] Left
[2017.02.22-01.11.24:191][780]LogBlueprintUserMessages: [2DSideScrollerCharacter_254] Left
[2017.02.22-01.11.24:208][781]LogBlueprintUserMessages: [2DSideScrollerCharacter_254] Left
[2017.02.22-01.11.24:224][782]LogBlueprintUserMessages: [2DSideScrollerCharacter_254] Left
[2017.02.22-01.11.24:240][783]LogBlueprintUserMessages: [2DSideScrollerCharacter_254] Left
[2017.02.22-01.11.24:256][784]LogBlueprintUserMessages: [2DSideScrollerCharacter_254] Left
[2017.02.22-01.11.24:272][785]LogBlueprintUserMessages: [2DSideScrollerCharacter_254] Left
[2017.02.22-01.11.24:289][786]LogBlueprintUserMessages: [2DSideScrollerCharacter_254] Left
[2017.02.22-01.11.24:305][787]LogBlueprintUserMessages: [2DSideScrollerCharacter_254] Left
[2017.02.22-01.11.24:772][816]LogBlueprintUserMessages: [2DSideScrollerCharacter_254] Left
[2017.02.22-01.11.24:788][817]LogBlueprintUserMessages: [2DSideScrollerCharacter_254] Left
[2017.02.22-01.11.24:804][818]LogBlueprintUserMessages: [2DSideScrollerCharacter_254] Left
[2017.02.22-01.11.24:820][819]LogBlueprintUserMessages: [2DSideScrollerCharacter_254] Left
[2017.02.22-01.11.24:837][820]LogBlueprintUserMessages: [2DSideScrollerCharacter_254] Left
[2017.02.22-01.11.24:853][821]LogBlueprintUserMessages: [2DSideScrollerCharacter_254] Left
[2017.02.22-01.11.24:869][822]LogBlueprintUserMessages: [2DSideScrollerCharacter_254] Left
[2017.02.22-01.11.24:885][823]LogBlueprintUserMessages: [2DSideScrollerCharacter_254] Left
[2017.02.22-01.11.24:901][824]LogBlueprintUserMessages: [2DSideScrollerCharacter_254] Left
[2017.02.22-01.11.24:917][825]LogBlueprintUserMessages: [2DSideScrollerCharacter_254] Left
[2017.02.22-01.11.24:933][826]LogBlueprintUserMessages: [2DSideScrollerCharacter_254] Left
[2017.02.22-01.11.24:949][827]LogBlueprintUserMessages: [2DSideScrollerCharacter_254] Left
[2017.02.22-01.11.24:965][828]LogBlueprintUserMessages: [2DSideScrollerCharacter_254] Left
[2017.02.22-01.11.24:981][829]LogBlueprintUserMessages: [2DSideScrollerCharacter_254] Left
[2017.02.22-01.11.24:998][830]LogBlueprintUserMessages: [2DSideScrollerCharacter_254] Left
[2017.02.22-01.11.25:014][831]LogBlueprintUserMessages: [2DSideScrollerCharacter_254] Left
[2017.02.22-01.11.25:030][832]LogBlueprintUserMessages: [2DSideScrollerCharacter_254] Left
[2017.02.22-01.11.25:046][833]LogBlueprintUserMessages: [2DSideScrollerCharacter_254] Left
[2017.02.22-01.11.25:062][834]LogBlueprintUserMessages: [2DSideScrollerCharacter_254] Left
[2017.02.22-01.11.25:078][835]LogBlueprintUserMessages: [2DSideScrollerCharacter_254] Left
[2017.02.22-01.11.25:094][836]LogBlueprintUserMessages: [2DSideScrollerCharacter_254] Left
[2017.02.22-01.11.25:110][837]LogBlueprintUserMessages: [2DSideScrollerCharacter_254] Left
[2017.02.22-01.11.25:127][838]LogBlueprintUserMessages: [2DSideScrollerCharacter_254] Left
[2017.02.22-01.11.25:143][839]LogBlueprintUserMessages: [2DSideScrollerCharacter_254] Left
[2017.02.22-01.11.25:159][840]LogBlueprintUserMessages: [2DSideScrollerCharacter_254] Left
[2017.02.22-01.11.25:175][841]LogBlueprintUserMessages: [2DSideScrollerCharacter_254] Left
[2017.02.22-01.11.25:191][842]LogBlueprintUserMessages: [2DSideScrollerCharacter_254] Left
[2017.02.22-01.11.25:207][843]LogBlueprintUserMessages: [2DSideScrollerCharacter_254] Left
[2017.02.22-01.11.25:223][844]LogBlueprintUserMessages: [2DSideScrollerCharacter_254] Left
[2017.02.22-01.11.25:239][845]LogBlueprintUserMessages: [2DSideScrollerCharacter_254] Left
[2017.02.22-01.11.25:256][846]LogBlueprintUserMessages: [2DSideScrollerCharacter_254] Left
[2017.02.22-01.11.25:272][847]LogBlueprintUserMessages: [2DSideScrollerCharacter_254] Left
[2017.02.22-01.11.25:289][848]LogBlueprintUserMessages: [2DSideScrollerCharacter_254] Left
[2017.02.22-01.11.25:305][849]LogBlueprintUserMessages: [2DSideScrollerCharacter_254] Left
[2017.02.22-01.11.25:321][850]LogBlueprintUserMessages: [2DSideScrollerCharacter_254] Left
[2017.02.22-01.11.25:337][851]LogBlueprintUserMessages: [2DSideScrollerCharacter_254] Left
[2017.02.22-01.11.25:353][852]LogBlueprintUserMessages: [2DSideScrollerCharacter_254] Left
[2017.02.22-01.11.25:369][853]LogBlueprintUserMessages: [2DSideScrollerCharacter_254] Left
[2017.02.22-01.11.25:385][854]LogBlueprintUserMessages: [2DSideScrollerCharacter_254] Left
[2017.02.22-01.11.25:401][855]LogBlueprintUserMessages: [2DSideScrollerCharacter_254] Left
[2017.02.22-01.11.25:417][856]LogBlueprintUserMessages: [2DSideScrollerCharacter_254] Left
[2017.02.22-01.11.25:433][857]LogBlueprintUserMessages: [2DSideScrollerCharacter_254] Left
[2017.02.22-01.11.25:450][858]LogBlueprintUserMessages: [2DSideScrollerCharacter_254] Left
[2017.02.22-01.11.25:466][859]LogBlueprintUserMessages: [2DSideScrollerCharacter_254] Left
[2017.02.22-01.11.25:482][860]LogBlueprintUserMessages: [2DSideScrollerCharacter_254] Left
[2017.02.22-01.11.25:498][861]LogBlueprintUserMessages: [2DSideScrollerCharacter_254] Left
[2017.02.22-01.11.25:514][862]LogBlueprintUserMessages: [2DSideScrollerCharacter_254] Left
[2017.02.22-01.11.25:530][863]LogBlueprintUserMessages: [2DSideScrollerCharacter_254] Left
[2017.02.22-01.11.25:966][890]LogBlueprintUserMessages: [2DSideScrollerCharacter_254] Left
[2017.02.22-01.11.25:981][891]LogBlueprintUserMessages: [2DSideScrollerCharacter_254] Left
[2017.02.22-01.11.25:998][892]LogBlueprintUserMessages: [2DSideScrollerCharacter_254] Left
[2017.02.22-01.11.26:014][893]LogBlueprintUserMessages: [2DSideScrollerCharacter_254] Left
[2017.02.22-01.11.26:030][894]LogBlueprintUserMessages: [2DSideScrollerCharacter_254] Left
[2017.02.22-01.11.26:046][895]LogBlueprintUserMessages: [2DSideScrollerCharacter_254] Left
[2017.02.22-01.11.26:062][896]LogBlueprintUserMessages: [2DSideScrollerCharacter_254] Left
[2017.02.22-01.11.26:078][897]LogBlueprintUserMessages: [2DSideScrollerCharacter_254] Left
[2017.02.22-01.11.26:094][898]LogBlueprintUserMessages: [2DSideScrollerCharacter_254] Left
[2017.02.22-01.11.26:110][899]LogBlueprintUserMessages: [2DSideScrollerCharacter_254] Left
[2017.02.22-01.11.26:127][900]LogBlueprintUserMessages: [2DSideScrollerCharacter_254] Left
[2017.02.22-01.11.26:143][901]LogBlueprintUserMessages: [2DSideScrollerCharacter_254] Left
[2017.02.22-01.11.26:159][902]LogBlueprintUserMessages: [2DSideScrollerCharacter_254] Left
[2017.02.22-01.11.26:176][903]LogBlueprintUserMessages: [2DSideScrollerCharacter_254] Left
[2017.02.22-01.11.26:192][904]LogBlueprintUserMessages: [2DSideScrollerCharacter_254] Left
[2017.02.22-01.11.26:208][905]LogBlueprintUserMessages: [2DSideScrollerCharacter_254] Left
[2017.02.22-01.11.26:224][906]LogBlueprintUserMessages: [2DSideScrollerCharacter_254] Left
[2017.02.22-01.11.26:240][907]LogBlueprintUserMessages: [2DSideScrollerCharacter_254] Left
[2017.02.22-01.11.26:256][908]LogBlueprintUserMessages: [2DSideScrollerCharacter_254] Left
[2017.02.22-01.11.26:272][909]LogBlueprintUserMessages: [2DSideScrollerCharacter_254] Left
[2017.02.22-01.11.26:288][910]LogBlueprintUserMessages: [2DSideScrollerCharacter_254] Left
[2017.02.22-01.11.26:304][911]LogBlueprintUserMessages: [2DSideScrollerCharacter_254] Left
[2017.02.22-01.11.26:321][912]LogBlueprintUserMessages: [2DSideScrollerCharacter_254] Left
[2017.02.22-01.11.26:337][913]LogBlueprintUserMessages: [2DSideScrollerCharacter_254] Left
[2017.02.22-01.11.26:353][914]LogBlueprintUserMessages: [2DSideScrollerCharacter_254] Left
[2017.02.22-01.11.26:369][915]LogBlueprintUserMessages: [2DSideScrollerCharacter_254] Left
[2017.02.22-01.11.26:385][916]LogBlueprintUserMessages: [2DSideScrollerCharacter_254] Left
[2017.02.22-01.11.26:401][917]LogBlueprintUserMessages: [2DSideScrollerCharacter_254] Left
[2017.02.22-01.11.26:417][918]LogBlueprintUserMessages: [2DSideScrollerCharacter_254] Left
[2017.02.22-01.11.26:433][919]LogBlueprintUserMessages: [2DSideScrollerCharacter_254] Left
[2017.02.22-01.11.26:450][920]LogBlueprintUserMessages: [2DSideScrollerCharacter_254] Left
[2017.02.22-01.11.26:466][921]LogBlueprintUserMessages: [2DSideScrollerCharacter_254] Left
[2017.02.22-01.11.26:482][922]LogBlueprintUserMessages: [2DSideScrollerCharacter_254] Left
[2017.02.22-01.11.26:498][923]LogBlueprintUserMessages: [2DSideScrollerCharacter_254] Left
[2017.02.22-01.11.26:514][924]LogBlueprintUserMessages: [2DSideScrollerCharacter_254] Left
[2017.02.22-01.11.26:531][925]LogBlueprintUserMessages: [2DSideScrollerCharacter_254] Left
[2017.02.22-01.11.26:547][926]LogBlueprintUserMessages: [2DSideScrollerCharacter_254] Left
[2017.02.22-01.11.26:563][927]LogBlueprintUserMessages: [2DSideScrollerCharacter_254] Left
[2017.02.22-01.11.26:579][928]LogBlueprintUserMessages: [2DSideScrollerCharacter_254] Left
[2017.02.22-01.11.26:595][929]LogBlueprintUserMessages: [2DSideScrollerCharacter_254] Left
[2017.02.22-01.11.26:611][930]LogBlueprintUserMessages: [2DSideScrollerCharacter_254] Left
[2017.02.22-01.11.26:627][931]LogBlueprintUserMessages: [2DSideScrollerCharacter_254] Left
[2017.02.22-01.11.26:643][932]LogBlueprintUserMessages: [2DSideScrollerCharacter_254] Left
[2017.02.22-01.11.26:659][933]LogBlueprintUserMessages: [2DSideScrollerCharacter_254] Left
[2017.02.22-01.11.26:675][934]LogBlueprintUserMessages: [2DSideScrollerCharacter_254] Left
[2017.02.22-01.11.26:691][935]LogBlueprintUserMessages: [2DSideScrollerCharacter_254] Left
[2017.02.22-01.11.26:707][936]LogBlueprintUserMessages: [2DSideScrollerCharacter_254] Left
[2017.02.22-01.11.26:724][937]LogBlueprintUserMessages: [2DSideScrollerCharacter_254] Left
[2017.02.22-01.11.26:740][938]LogBlueprintUserMessages: [2DSideScrollerCharacter_254] Left
[2017.02.22-01.11.26:756][939]LogBlueprintUserMessages: [2DSideScrollerCharacter_254] Left
[2017.02.22-01.11.26:772][940]LogBlueprintUserMessages: [2DSideScrollerCharacter_254] Left
[2017.02.22-01.11.26:788][941]LogBlueprintUserMessages: [2DSideScrollerCharacter_254] Left
[2017.02.22-01.11.26:804][942]LogBlueprintUserMessages: [2DSideScrollerCharacter_254] Left
[2017.02.22-01.11.26:821][943]LogBlueprintUserMessages: [2DSideScrollerCharacter_254] Left
[2017.02.22-01.11.26:837][944]LogBlueprintUserMessages: [2DSideScrollerCharacter_254] Left
[2017.02.22-01.11.26:853][945]LogBlueprintUserMessages: [2DSideScrollerCharacter_254] Left
[2017.02.22-01.11.26:869][946]LogBlueprintUserMessages: [2DSideScrollerCharacter_254] Left
[2017.02.22-01.11.26:885][947]LogBlueprintUserMessages: [2DSideScrollerCharacter_254] Left
[2017.02.22-01.11.26:901][948]LogBlueprintUserMessages: [2DSideScrollerCharacter_254] Left
[2017.02.22-01.11.26:917][949]LogBlueprintUserMessages: [2DSideScrollerCharacter_254] Left
[2017.02.22-01.11.26:934][950]LogBlueprintUserMessages: [2DSideScrollerCharacter_254] Left
[2017.02.22-01.11.26:950][951]LogBlueprintUserMessages: [2DSideScrollerCharacter_254] Left
[2017.02.22-01.11.26:966][952]LogBlueprintUserMessages: [2DSideScrollerCharacter_254] Left
[2017.02.22-01.11.26:982][953]LogBlueprintUserMessages: [2DSideScrollerCharacter_254] Left
[2017.02.22-01.11.26:998][954]LogBlueprintUserMessages: [2DSideScrollerCharacter_254] Left
[2017.02.22-01.11.27:014][955]LogBlueprintUserMessages: [2DSideScrollerCharacter_254] Left
[2017.02.22-01.11.27:030][956]LogBlueprintUserMessages: [2DSideScrollerCharacter_254] Left
[2017.02.22-01.11.27:046][957]LogBlueprintUserMessages: [2DSideScrollerCharacter_254] Left
[2017.02.22-01.11.27:062][958]LogBlueprintUserMessages: [2DSideScrollerCharacter_254] Left
[2017.02.22-01.11.27:078][959]LogBlueprintUserMessages: [2DSideScrollerCharacter_254] Left
[2017.02.22-01.11.27:095][960]LogBlueprintUserMessages: [2DSideScrollerCharacter_254] Left
[2017.02.22-01.11.27:111][961]LogBlueprintUserMessages: [2DSideScrollerCharacter_254] Left
[2017.02.22-01.11.34:124][389]LogWindowsTextInputMethodSystem:Display: IME system now deactivated.
[2017.02.22-01.11.34:126][389]LogEngine: All Windows Closed
[2017.02.22-01.11.34:126][389]LogWindows: FPlatformMisc::RequestExit(0)
[2017.02.22-01.11.34:126][390]LogMoviePlayer: Shutting down movie player
[2017.02.22-01.11.34:921][390]LogExit: Preparing to exit.
[2017.02.22-01.11.35:753][390]LogExit: Game engine shut down
[2017.02.22-01.11.35:837][390]LogObj: Freed 0b from 0 cluster array pools.
[2017.02.22-01.11.35:837][390]LogExit: Object subsystem successfully closed.
[2017.02.22-01.11.35:852][390]LogD3D11RHI: Shutdown
[2017.02.22-01.11.35:852][390]LogD3D11RHI: CleanupD3DDevice
[2017.02.22-01.11.35:872][390]LogD3D11RHI: ~FD3D11DynamicRHI
[2017.02.22-01.11.35:879][390]LogModuleManager: Shutting down and abandoning module SequenceRecorderSections (119)
[2017.02.22-01.11.35:879][390]LogModuleManager: Shutting down and abandoning module SequenceRecorder (118)
[2017.02.22-01.11.35:880][390]LogModuleManager: Shutting down and abandoning module AutomationController (117)
[2017.02.22-01.11.35:880][390]LogModuleManager: Shutting down and abandoning module AutomationWorker (116)
[2017.02.22-01.11.35:880][390]LogModuleManager: Shutting down and abandoning module GameplayDebugger (115)
[2017.02.22-01.11.35:880][390]LogModuleManager: Shutting down and abandoning module AITestSuite (114)
[2017.02.22-01.11.35:880][390]LogModuleManager: Shutting down and abandoning module AIModule (113)
[2017.02.22-01.11.35:880][390]LogModuleManager: Shutting down and abandoning module WmfMediaFactory (112)
[2017.02.22-01.11.35:880][390]LogModuleManager: Shutting down and abandoning module AvfMediaFactory (111)
[2017.02.22-01.11.35:880][390]LogModuleManager: Shutting down and abandoning module Media (110)
[2017.02.22-01.11.35:880][390]LogModuleManager: Shutting down and abandoning module AndroidMediaFactory (109)
[2017.02.22-01.11.35:880][390]LogModuleManager: Shutting down and abandoning module CharacterAI (108)
[2017.02.22-01.11.35:880][390]LogModuleManager: Shutting down and abandoning module SessionServices (107)
[2017.02.22-01.11.35:880][390]LogModuleManager: Shutting down and abandoning module MovieSceneCapture (106)
[2017.02.22-01.11.35:880][390]LogModuleManager: Shutting down and abandoning module Niagara (105)
[2017.02.22-01.11.35:880][390]LogModuleManager: Shutting down and abandoning module StreamingPauseRendering (104)
[2017.02.22-01.11.35:880][390]LogModuleManager: Shutting down and abandoning module PortalServices (103)
[2017.02.22-01.11.35:880][390]LogModuleManager: Shutting down and abandoning module PortalRpc (102)
[2017.02.22-01.11.35:880][390]LogModuleManager: Shutting down and abandoning module MessagingRpc (101)
[2017.02.22-01.11.35:880][390]LogModuleManager: Shutting down and abandoning module ProfilerService (100)
[2017.02.22-01.11.35:904][390]LogModuleManager: Shutting down and abandoning module TaskGraph (99)
[2017.02.22-01.11.35:904][390]LogModuleManager: Shutting down and abandoning module SlateRemote (98)
[2017.02.22-01.11.35:904][390]LogModuleManager: Shutting down and abandoning module SteamVRController (97)
[2017.02.22-01.11.35:904][390]LogModuleManager: Shutting down and abandoning module SteamVR (96)
[2017.02.22-01.11.35:904][390]LogModuleManager: Shutting down and abandoning module ProceduralMeshComponent (95)
[2017.02.22-01.11.35:904][390]LogModuleManager: Shutting down and abandoning module OculusLibrary (94)
[2017.02.22-01.11.35:904][390]LogModuleManager: Shutting down and abandoning module OculusInput (93)
[2017.02.22-01.11.35:904][390]LogModuleManager: Shutting down and abandoning module CustomMeshComponent (92)
[2017.02.22-01.11.35:904][390]LogModuleManager: Shutting down and abandoning module CableComponent (91)
[2017.02.22-01.11.35:904][390]LogModuleManager: Shutting down and abandoning module ArchVisCharacter (90)
[2017.02.22-01.11.35:904][390]LogModuleManager: Shutting down and abandoning module HTML5Networking (88)
[2017.02.22-01.11.35:904][390]LogModuleManager: Shutting down and abandoning module DesktopPlatform (87)
[2017.02.22-01.11.35:904][390]LogModuleManager: Shutting down and abandoning module DirectoryWatcher (86)
[2017.02.22-01.11.35:904][390]LogModuleManager: Shutting down and abandoning module HotReload (85)
[2017.02.22-01.11.35:905][390]LogModuleManager: Shutting down and abandoning module VisualStudioSourceCodeAccess (84)
[2017.02.22-01.11.35:905][390]LogModuleManager: Shutting down and abandoning module UObjectPlugin (83)
[2017.02.22-01.11.35:905][390]LogModuleManager: Shutting down and abandoning module SubversionSourceControl (82)
[2017.02.22-01.11.35:905][390]LogModuleManager: Shutting down and abandoning module SourceControl (81)
[2017.02.22-01.11.35:905][390]LogModuleManager: Shutting down and abandoning module PerforceSourceControl (80)
[2017.02.22-01.11.35:905][390]LogModuleManager: Shutting down and abandoning module UdpMessaging (79)
[2017.02.22-01.11.36:005][390]LogModuleManager: Shutting down and abandoning module TcpMessaging (78)
[2017.02.22-01.11.36:617][390]LogModuleManager: Shutting down and abandoning module LightPropagationVolumeRuntime (77)
[2017.02.22-01.11.36:617][390]LogModuleManager: Shutting down and abandoning module Paper2D (76)
[2017.02.22-01.11.36:617][390]LogModuleManager: Shutting down and abandoning module WindowsMoviePlayer (75)
[2017.02.22-01.11.36:617][390]LogModuleManager: Shutting down and abandoning module WmfMedia (74)
[2017.02.22-01.11.36:618][390]LogModuleManager: Shutting down and abandoning module MediaAssets (73)
[2017.02.22-01.11.36:618][390]LogModuleManager: Shutting down and abandoning module GameLiveStreaming (72)
[2017.02.22-01.11.36:618][390]LogModuleManager: Shutting down and abandoning module GameplayTagsEditor (71)
[2017.02.22-01.11.36:618][390]LogModuleManager: Shutting down and abandoning module VREditor (70)
[2017.02.22-01.11.36:618][390]LogModuleManager: Shutting down and abandoning module GameplayTasksEditor (69)
[2017.02.22-01.11.36:618][390]LogModuleManager: Shutting down and abandoning module PropertyEditor (68)
[2017.02.22-01.11.36:618][390]LogModuleManager: Shutting down and abandoning module BehaviorTreeEditor (67)
[2017.02.22-01.11.36:618][390]LogModuleManager: Shutting down and abandoning module FunctionalTesting (66)
[2017.02.22-01.11.36:618][390]LogModuleManager: Shutting down and abandoning module CollisionAnalyzer (65)
[2017.02.22-01.11.36:618][390]LogModuleManager: Shutting down and abandoning module Sequencer (64)
[2017.02.22-01.11.36:618][390]LogModuleManager: Shutting down and abandoning module WorkspaceMenuStructure (63)
[2017.02.22-01.11.36:618][390]LogModuleManager: Shutting down and abandoning module MessageLog (62)
[2017.02.22-01.11.36:618][390]LogModuleManager: Shutting down and abandoning module AssetTools (61)
[2017.02.22-01.11.36:618][390]LogModuleManager: Shutting down and abandoning module UMGEditor (60)
[2017.02.22-01.11.36:618][390]LogModuleManager: Shutting down and abandoning module UMG (59)
[2017.02.22-01.11.36:618][390]LogModuleManager: Shutting down and abandoning module SlateReflector (58)
[2017.02.22-01.11.36:618][390]LogModuleManager: Shutting down and abandoning module Slate (57)
[2017.02.22-01.11.36:618][390]LogModuleManager: Shutting down and abandoning module EditorStyle (56)
[2017.02.22-01.11.36:620][390]LogModuleManager: Shutting down and abandoning module Messaging (55)
[2017.02.22-01.11.36:620][390]LogModuleManager: Shutting down and abandoning module SourceCodeAccess (54)
[2017.02.22-01.11.36:620][390]LogModuleManager: Shutting down and abandoning module HeadMountedDisplay (53)
[2017.02.22-01.11.36:620][390]LogModuleManager: Shutting down and abandoning module XAudio2 (52)
[2017.02.22-01.11.36:620][390]LogModuleManager: Shutting down and abandoning module Networking (50)
[2017.02.22-01.11.36:620][390]LogModuleManager: Shutting down and abandoning module Core (49)
[2017.02.22-01.11.36:620][390]LogModuleManager: Shutting down and abandoning module KismetCompiler (48)
[2017.02.22-01.11.36:620][390]LogModuleManager: Shutting down and abandoning module PhysXFormats (47)
[2017.02.22-01.11.36:620][390]LogModuleManager: Shutting down and abandoning module MeshUtilities (46)
[2017.02.22-01.11.36:620][390]LogModuleManager: Shutting down and abandoning module AssetRegistry (45)
[2017.02.22-01.11.36:620][390]LogModuleManager: Shutting down and abandoning module DerivedDataCache (44)
[2017.02.22-01.11.36:708][390]LogDerivedDataCache: Shutdown
[2017.02.22-01.11.36:708][390]LogModuleManager: Shutting down and abandoning module VulkanShaderFormat (43)
[2017.02.22-01.11.36:708][390]LogModuleManager: Shutting down and abandoning module ShaderFormatOpenGL (42)
[2017.02.22-01.11.36:708][390]LogModuleManager: Shutting down and abandoning module ShaderFormatD3D (41)
[2017.02.22-01.11.36:708][390]LogModuleManager: Shutting down and abandoning module MetalShaderFormat (40)
[2017.02.22-01.11.36:708][390]LogModuleManager: Shutting down and abandoning module TextureFormatUncompressed (39)
[2017.02.22-01.11.36:708][390]LogModuleManager: Shutting down and abandoning module TextureFormatPVR (38)
[2017.02.22-01.11.36:709][390]LogModuleManager: Shutting down and abandoning module TextureFormatDXT (37)
[2017.02.22-01.11.36:709][390]LogModuleManager: Shutting down and abandoning module TextureFormatIntelISPCTexComp (36)
[2017.02.22-01.11.36:709][390]LogModuleManager: Shutting down and abandoning module ImageWrapper (35)
[2017.02.22-01.11.36:709][390]LogModuleManager: Shutting down and abandoning module TextureFormatASTC (34)
[2017.02.22-01.11.36:709][390]LogModuleManager: Shutting down and abandoning module TextureFormatAndroid (33)
[2017.02.22-01.11.36:709][390]LogModuleManager: Shutting down and abandoning module AudioFormatOpus (32)
[2017.02.22-01.11.36:709][390]LogModuleManager: Shutting down and abandoning module AudioFormatOgg (31)
[2017.02.22-01.11.36:709][390]LogModuleManager: Shutting down and abandoning module AudioFormatADPCM (30)
[2017.02.22-01.11.36:709][390]LogModuleManager: Shutting down and abandoning module WindowsTargetPlatform (29)
[2017.02.22-01.11.36:709][390]LogModuleManager: Shutting down and abandoning module WindowsServerTargetPlatform (28)
[2017.02.22-01.11.36:709][390]LogModuleManager: Shutting down and abandoning module WindowsNoEditorTargetPlatform (27)
[2017.02.22-01.11.36:709][390]LogModuleManager: Shutting down and abandoning module WindowsClientTargetPlatform (26)
[2017.02.22-01.11.36:709][390]LogModuleManager: Shutting down and abandoning module TargetPlatform (25)
[2017.02.22-01.11.36:709][390]LogModuleManager: Shutting down and abandoning module InputCore (24)
[2017.02.22-01.11.36:709][390]LogModuleManager: Shutting down and abandoning module Settings (23)
[2017.02.22-01.11.36:709][390]LogModuleManager: Shutting down and abandoning module OculusRift (22)
[2017.02.22-01.11.36:709][390]LogModuleManager: Shutting down and abandoning module GearVR (21)
[2017.02.22-01.11.36:709][390]LogModuleManager: Shutting down and abandoning module ExampleDeviceProfileSelector (20)
[2017.02.22-01.11.36:709][390]LogModuleManager: Shutting down and abandoning module OnlineBlueprintSupport (19)
[2017.02.22-01.11.36:709][390]LogModuleManager: Shutting down and abandoning module OnlineSubsystem (17)
[2017.02.22-01.11.36:709][390]LogOnline:Display: Unloading online subsystem: NULL
[2017.02.22-01.11.36:709][390]LogModuleManager: Shutting down and abandoning module HTTP (16)
[2017.02.22-01.11.36:730][390]LogModuleManager: Shutting down and abandoning module XMPP (15)
[2017.02.22-01.11.36:730][390]LogModuleManager: Shutting down and abandoning module TextureCompressor (14)
[2017.02.22-01.11.36:730][390]LogModuleManager: Shutting down and abandoning module ShaderCore (13)
[2017.02.22-01.11.36:730][390]LogModuleManager: Shutting down and abandoning module Landscape (12)
[2017.02.22-01.11.36:730][390]LogModuleManager: Shutting down and abandoning module SlateRHIRenderer (11)
[2017.02.22-01.11.36:730][390]LogModuleManager: Shutting down and abandoning module OpenGLDrv (10)
[2017.02.22-01.11.36:730][390]LogModuleManager: Shutting down and abandoning module D3D11RHI (9)
[2017.02.22-01.11.36:730][390]LogModuleManager: Shutting down and abandoning module AnimGraphRuntime (8)
[2017.02.22-01.11.36:730][390]LogModuleManager: Shutting down and abandoning module Renderer (7)
[2017.02.22-01.11.36:730][390]LogModuleManager: Shutting down and abandoning module Engine (6)
[2017.02.22-01.11.36:730][390]LogModuleManager: Shutting down and abandoning module CoreUObject (5)
[2017.02.22-01.11.36:730][390]LogModuleManager: Shutting down and abandoning module NetworkFile (4)
[2017.02.22-01.11.36:730][390]LogModuleManager: Shutting down and abandoning module StreamingFile (3)
[2017.02.22-01.11.36:730][390]LogModuleManager: Shutting down and abandoning module SandboxFile (2)
[2017.02.22-01.11.36:730][390]LogModuleManager: Shutting down and abandoning module PakFile (1)
[2017.02.22-01.11.36:731][390]LogExit: Exiting.
[2017.02.22-01.11.36:733][390]Log file closed, 02/22/17 12:11:36
