Log file open, 02/23/17 15:49:51
LogInit:Display: Running engine for game: TouchInput
LogPlatformFile: Not using cached read wrapper
LogInit:Display: RandInit(644130011) SRandInit(644130011).
LogTaskGraph: Started task graph with 5 named threads and 8 total threads with 1 sets of task threads.
LogStats: Stats thread started at 0.071988
LogPluginManager: Loaded Plugin Paper2D, From C:/Program Files/Epic Games/UE_4.13/Engine/Plugins/2D/Paper2D/Paper2D.uplugin
LogPluginManager: Loaded Plugin LightPropagationVolume, From C:/Program Files/Epic Games/UE_4.13/Engine/Plugins/Blendables/LightPropagationVolume/LightPropagationVolume.uplugin
LogPluginManager: Loaded Plugin BlankPlugin, From C:/Program Files/Epic Games/UE_4.13/Engine/Plugins/Developer/BlankPlugin/BlankPlugin.uplugin
LogPluginManager: Loaded Plugin CodeLiteSourceCodeAccess, From C:/Program Files/Epic Games/UE_4.13/Engine/Plugins/Developer/CodeLiteSourceCodeAccess/CodeLiteSourceCodeAccess.uplugin
LogPluginManager: Loaded Plugin GitSourceControl, From C:/Program Files/Epic Games/UE_4.13/Engine/Plugins/Developer/GitSourceControl/GitSourceControl.uplugin
LogPluginManager: Loaded Plugin KDevelopSourceCodeAccess, From C:/Program Files/Epic Games/UE_4.13/Engine/Plugins/Developer/KDevelopSourceCodeAccess/KDevelopSourceCodeAccess.uplugin
LogPluginManager: Loaded Plugin NullSourceCodeAccess, From C:/Program Files/Epic Games/UE_4.13/Engine/Plugins/Developer/NullSourceCodeAccess/NullSourceCodeAccess.uplugin
LogPluginManager: Loaded Plugin OneSkyLocalizationService, From C:/Program Files/Epic Games/UE_4.13/Engine/Plugins/Developer/OneSkyLocalizationService/OneSkyLocalizationService.uplugin
LogPluginManager: Loaded Plugin PerforceSourceControl, From C:/Program Files/Epic Games/UE_4.13/Engine/Plugins/Developer/PerforceSourceControl/PerforceSourceControl.uplugin
LogPluginManager: Loaded Plugin SubversionSourceControl, From C:/Program Files/Epic Games/UE_4.13/Engine/Plugins/Developer/SubversionSourceControl/SubversionSourceControl.uplugin
LogPluginManager: Loaded Plugin UObjectPlugin, From C:/Program Files/Epic Games/UE_4.13/Engine/Plugins/Developer/UObjectPlugin/UObjectPlugin.uplugin
LogPluginManager: Loaded Plugin VisualStudioSourceCodeAccess, From C:/Program Files/Epic Games/UE_4.13/Engine/Plugins/Developer/VisualStudioSourceCodeAccess/VisualStudioSourceCodeAccess.uplugin
LogPluginManager: Loaded Plugin XCodeSourceCodeAccess, From C:/Program Files/Epic Games/UE_4.13/Engine/Plugins/Developer/XCodeSourceCodeAccess/XCodeSourceCodeAccess.uplugin
LogPluginManager: Loaded Plugin EpicSurvey, From C:/Program Files/Epic Games/UE_4.13/Engine/Plugins/Editor/EpicSurvey/EpicSurvey.uplugin
LogPluginManager: Loaded Plugin MacGraphicsSwitching, From C:/Program Files/Epic Games/UE_4.13/Engine/Plugins/Editor/MacGraphicsSwitching/MacGraphicsSwitching.uplugin
LogPluginManager: Loaded Plugin MobileLauncherProfileWizard, From C:/Program Files/Epic Games/UE_4.13/Engine/Plugins/Editor/MobileLauncherProfileWizard/MobileLauncherProfileWizard.uplugin
LogPluginManager: Loaded Plugin PluginBrowser, From C:/Program Files/Epic Games/UE_4.13/Engine/Plugins/Editor/PluginBrowser/PluginBrowser.uplugin
LogPluginManager: Loaded Plugin SpeedTreeImporter, From C:/Program Files/Epic Games/UE_4.13/Engine/Plugins/Editor/SpeedTreeImporter/SpeedTreeImporter.uplugin
LogPluginManager: Loaded Plugin SuperSearchEditor, From C:/Program Files/Epic Games/UE_4.13/Engine/Plugins/Editor/SuperSearchEditor/SuperSearchEditor.uplugin
LogPluginManager: Loaded Plugin AlembicImporter, From C:/Program Files/Epic Games/UE_4.13/Engine/Plugins/Experimental/AlembicImporter/AlembicImporter.uplugin
LogPluginManager: Loaded Plugin BlueprintStats, From C:/Program Files/Epic Games/UE_4.13/Engine/Plugins/Experimental/BlueprintStats/BlueprintStats.uplugin
LogPluginManager: Loaded Plugin CharacterAI, From C:/Program Files/Epic Games/UE_4.13/Engine/Plugins/Experimental/CharacterAI/CharacterAI.uplugin
LogPluginManager: Loaded Plugin CodeEditor, From C:/Program Files/Epic Games/UE_4.13/Engine/Plugins/Experimental/CodeEditor/CodeEditor.uplugin
LogPluginManager: Loaded Plugin CodeView, From C:/Program Files/Epic Games/UE_4.13/Engine/Plugins/Experimental/CodeView/CodeView.uplugin
LogPluginManager: Loaded Plugin HTML5Networking, From C:/Program Files/Epic Games/UE_4.13/Engine/Plugins/Experimental/HTML5Networking/HTML5Networking.uplugin
LogPluginManager: Loaded Plugin LiveEditor, From C:/Program Files/Epic Games/UE_4.13/Engine/Plugins/Experimental/LiveEditor/LiveEditor.uplugin
LogPluginManager: Loaded Plugin OSVR, From C:/Program Files/Epic Games/UE_4.13/Engine/Plugins/Experimental/OSVR/OSVR.uplugin
LogPluginManager: Loaded Plugin Phya, From C:/Program Files/Epic Games/UE_4.13/Engine/Plugins/Experimental/Phya/Phya.uplugin
LogPluginManager: Loaded Plugin SignificanceManager, From C:/Program Files/Epic Games/UE_4.13/Engine/Plugins/Experimental/SignificanceManager/SignificanceManager.uplugin
LogPluginManager: Loaded Plugin SimpleHMD, From C:/Program Files/Epic Games/UE_4.13/Engine/Plugins/Experimental/SimpleHMD/SimpleHMD.uplugin
LogPluginManager: Loaded Plugin StereoPanorama, From C:/Program Files/Epic Games/UE_4.13/Engine/Plugins/Experimental/StereoPanorama/StereoPanorama.uplugin
LogPluginManager: Loaded Plugin StructBox, From C:/Program Files/Epic Games/UE_4.13/Engine/Plugins/Experimental/StructBox/StructBox.uplugin
LogPluginManager: Loaded Plugin AndroidMedia, From C:/Program Files/Epic Games/UE_4.13/Engine/Plugins/Media/AndroidMedia/AndroidMedia.uplugin
LogPluginManager: Loaded Plugin AvfMedia, From C:/Program Files/Epic Games/UE_4.13/Engine/Plugins/Media/AvfMedia/AvfMedia.uplugin
LogPluginManager: Loaded Plugin MediaPlayerEditor, From C:/Program Files/Epic Games/UE_4.13/Engine/Plugins/Media/MediaPlayerEditor/MediaPlayerEditor.uplugin
LogPluginManager: Loaded Plugin WmfMedia, From C:/Program Files/Epic Games/UE_4.13/Engine/Plugins/Media/WmfMedia/WmfMedia.uplugin
LogPluginManager: Loaded Plugin MessagingDebugger, From C:/Program Files/Epic Games/UE_4.13/Engine/Plugins/Messaging/MessagingDebugger/MessagingDebugger.uplugin
LogPluginManager: Loaded Plugin TcpMessaging, From C:/Program Files/Epic Games/UE_4.13/Engine/Plugins/Messaging/TcpMessaging/TcpMessaging.uplugin
LogPluginManager: Loaded Plugin UdpMessaging, From C:/Program Files/Epic Games/UE_4.13/Engine/Plugins/Messaging/UdpMessaging/UdpMessaging.uplugin
LogPluginManager: Loaded Plugin LevelSequenceEditor, From C:/Program Files/Epic Games/UE_4.13/Engine/Plugins/MovieScene/LevelSequenceEditor/LevelSequenceEditor.uplugin
LogPluginManager: Loaded Plugin MatineeToLevelSequence, From C:/Program Files/Epic Games/UE_4.13/Engine/Plugins/MovieScene/MatineeToLevelSequence/MatineeToLevelSequence.uplugin
LogPluginManager: Loaded Plugin NetcodeUnitTest, From C:/Program Files/Epic Games/UE_4.13/Engine/Plugins/NetcodeUnitTest/NetcodeUnitTest/NetcodeUnitTest.uplugin
LogPluginManager: Loaded Plugin NUTUnrealEngine4, From C:/Program Files/Epic Games/UE_4.13/Engine/Plugins/NetcodeUnitTest/NUTUnrealEngine4/NUTUnrealEngine4.uplugin
LogPluginManager: Loaded Plugin OnlineSubsystemGooglePlay, From C:/Program Files/Epic Games/UE_4.13/Engine/Plugins/Online/Android/OnlineSubsystemGooglePlay/OnlineSubsystemGooglePlay.uplugin
LogPluginManager: Loaded Plugin OnlineSubsystemIOS, From C:/Program Files/Epic Games/UE_4.13/Engine/Plugins/Online/IOS/OnlineSubsystemIOS/OnlineSubsystemIOS.uplugin
LogPluginManager: Loaded Plugin OnlineFramework, From C:/Program Files/Epic Games/UE_4.13/Engine/Plugins/Online/OnlineFramework/OnlineFramework.uplugin
LogPluginManager: Loaded Plugin OnlineSubsystem, From C:/Program Files/Epic Games/UE_4.13/Engine/Plugins/Online/OnlineSubsystem/OnlineSubsystem.uplugin
LogPluginManager: Loaded Plugin OnlineSubsystemAmazon, From C:/Program Files/Epic Games/UE_4.13/Engine/Plugins/Online/OnlineSubsystemAmazon/OnlineSubsystemAmazon.uplugin
LogPluginManager: Loaded Plugin OnlineSubsystemFacebook, From C:/Program Files/Epic Games/UE_4.13/Engine/Plugins/Online/OnlineSubsystemFacebook/OnlineSubsystemFacebook.uplugin
LogPluginManager: Loaded Plugin OnlineSubsystemNull, From C:/Program Files/Epic Games/UE_4.13/Engine/Plugins/Online/OnlineSubsystemNull/OnlineSubsystemNull.uplugin
LogPluginManager: Loaded Plugin OnlineSubsystemOculus, From C:/Program Files/Epic Games/UE_4.13/Engine/Plugins/Online/OnlineSubsystemOculus/OnlineSubsystemOculus.uplugin
LogPluginManager: Loaded Plugin OnlineSubsystemSteam, From C:/Program Files/Epic Games/UE_4.13/Engine/Plugins/Online/OnlineSubsystemSteam/OnlineSubsystemSteam.uplugin
LogPluginManager: Loaded Plugin OnlineSubsystemUtils, From C:/Program Files/Epic Games/UE_4.13/Engine/Plugins/Online/OnlineSubsystemUtils/OnlineSubsystemUtils.uplugin
LogPluginManager: Loaded Plugin IOSTapJoy, From C:/Program Files/Epic Games/UE_4.13/Engine/Plugins/Runtime/Advertising/IOSTapJoy/IOSTapJoy.uplugin
LogPluginManager: Loaded Plugin AnalyticsBlueprintLibrary, From C:/Program Files/Epic Games/UE_4.13/Engine/Plugins/Runtime/Analytics/AnalyticsBlueprintLibrary/AnalyticsBlueprintLibrary.uplugin
LogPluginManager: Loaded Plugin AnalyticsMulticast, From C:/Program Files/Epic Games/UE_4.13/Engine/Plugins/Runtime/Analytics/AnalyticsMulticast/AnalyticsMulticast.uplugin
LogPluginManager: Loaded Plugin Apsalar, From C:/Program Files/Epic Games/UE_4.13/Engine/Plugins/Runtime/Analytics/Apsalar/Apsalar.uplugin
LogPluginManager: Loaded Plugin FileLogging, From C:/Program Files/Epic Games/UE_4.13/Engine/Plugins/Runtime/Analytics/FileLogging/FileLogging.uplugin
LogPluginManager: Loaded Plugin Flurry, From C:/Program Files/Epic Games/UE_4.13/Engine/Plugins/Runtime/Analytics/Flurry/Flurry.uplugin
LogPluginManager: Loaded Plugin AndroidDeviceProfileSelector, From C:/Program Files/Epic Games/UE_4.13/Engine/Plugins/Runtime/AndroidDeviceProfileSelector/AndroidDeviceProfileSelector.uplugin
LogPluginManager: Loaded Plugin AndroidMoviePlayer, From C:/Program Files/Epic Games/UE_4.13/Engine/Plugins/Runtime/AndroidMoviePlayer/AndroidMoviePlayer.uplugin
LogPluginManager: Loaded Plugin AppleMoviePlayer, From C:/Program Files/Epic Games/UE_4.13/Engine/Plugins/Runtime/AppleMoviePlayer/AppleMoviePlayer.uplugin
LogPluginManager: Loaded Plugin ArchVisCharacter, From C:/Program Files/Epic Games/UE_4.13/Engine/Plugins/Runtime/ArchVisCharacter/ArchVisCharacter.uplugin
LogPluginManager: Loaded Plugin CableComponent, From C:/Program Files/Epic Games/UE_4.13/Engine/Plugins/Runtime/CableComponent/CableComponent.uplugin
LogPluginManager: Loaded Plugin CustomMeshComponent, From C:/Program Files/Epic Games/UE_4.13/Engine/Plugins/Runtime/CustomMeshComponent/CustomMeshComponent.uplugin
LogPluginManager: Loaded Plugin ExampleDeviceProfileSelector, From C:/Program Files/Epic Games/UE_4.13/Engine/Plugins/Runtime/ExampleDeviceProfileSelector/ExampleDeviceProfileSelector.uplugin
LogPluginManager: Loaded Plugin GearVR, From C:/Program Files/Epic Games/UE_4.13/Engine/Plugins/Runtime/GearVR/GearVR.uplugin
LogPluginManager: Loaded Plugin GoogleVRController, From C:/Program Files/Epic Games/UE_4.13/Engine/Plugins/Runtime/GoogleVR/GoogleVRController/GoogleVRController.uplugin
LogPluginManager: Loaded Plugin GoogleVRHMD, From C:/Program Files/Epic Games/UE_4.13/Engine/Plugins/Runtime/GoogleVR/GoogleVRHMD/GoogleVRHMD.uplugin
LogPluginManager: Loaded Plugin IOSDeviceProfileSelector, From C:/Program Files/Epic Games/UE_4.13/Engine/Plugins/Runtime/IOSDeviceProfileSelector/IOSDeviceProfileSelector.uplugin
LogPluginManager: Loaded Plugin LeapMotion, From C:/Program Files/Epic Games/UE_4.13/Engine/Plugins/Runtime/LeapMotion/LeapMotion.uplugin
LogPluginManager: Loaded Plugin LinuxDeviceProfileSelector, From C:/Program Files/Epic Games/UE_4.13/Engine/Plugins/Runtime/LinuxDeviceProfileSelector/LinuxDeviceProfileSelector.uplugin
LogPluginManager: Loaded Plugin LiveEditorListenServer, From C:/Program Files/Epic Games/UE_4.13/Engine/Plugins/Runtime/LiveEditorListenServer/LiveEditorListenServer.uplugin
LogPluginManager: Loaded Plugin OculusAudio, From C:/Program Files/Epic Games/UE_4.13/Engine/Plugins/Runtime/OculusAudio/OculusAudio.uplugin
LogPluginManager: Loaded Plugin OculusInput, From C:/Program Files/Epic Games/UE_4.13/Engine/Plugins/Runtime/OculusInput/OculusInput.uplugin
LogPluginManager: Loaded Plugin OculusLibrary, From C:/Program Files/Epic Games/UE_4.13/Engine/Plugins/Runtime/OculusLibrary/OculusLibrary.uplugin
LogPluginManager: Loaded Plugin OculusRift, From C:/Program Files/Epic Games/UE_4.13/Engine/Plugins/Runtime/OculusRift/OculusRift.uplugin
LogPluginManager: Loaded Plugin Oodle, From C:/Program Files/Epic Games/UE_4.13/Engine/Plugins/Runtime/PacketHandlers/CompressionComponents/Oodle/Oodle.uplugin
LogPluginManager: Loaded Plugin ProceduralMeshComponent, From C:/Program Files/Epic Games/UE_4.13/Engine/Plugins/Runtime/ProceduralMeshComponent/ProceduralMeshComponent.uplugin
LogPluginManager: Loaded Plugin SoundMod, From C:/Program Files/Epic Games/UE_4.13/Engine/Plugins/Runtime/SoundMod/SoundMod.uplugin
LogPluginManager: Loaded Plugin SoundVisualizations, From C:/Program Files/Epic Games/UE_4.13/Engine/Plugins/Runtime/SoundVisualizations/SoundVisualizations.uplugin
LogPluginManager: Loaded Plugin SteamController, From C:/Program Files/Epic Games/UE_4.13/Engine/Plugins/Runtime/Steam/SteamController/SteamController.uplugin
LogPluginManager: Loaded Plugin SteamVR, From C:/Program Files/Epic Games/UE_4.13/Engine/Plugins/Runtime/Steam/SteamVR/SteamVR.uplugin
LogPluginManager: Loaded Plugin WebBrowserWidget, From C:/Program Files/Epic Games/UE_4.13/Engine/Plugins/Runtime/WebBrowserWidget/WebBrowserWidget.uplugin
LogPluginManager: Loaded Plugin WindowsDeviceProfileSelector, From C:/Program Files/Epic Games/UE_4.13/Engine/Plugins/Runtime/WindowsDeviceProfileSelector/WindowsDeviceProfileSelector.uplugin
LogPluginManager: Loaded Plugin WindowsMoviePlayer, From C:/Program Files/Epic Games/UE_4.13/Engine/Plugins/Runtime/WindowsMoviePlayer/WindowsMoviePlayer.uplugin
LogPluginManager: Loaded Plugin ScriptPlugin, From C:/Program Files/Epic Games/UE_4.13/Engine/Plugins/ScriptPlugin/ScriptPlugin.uplugin
LogPluginManager: Loaded Plugin SlateRemote, From C:/Program Files/Epic Games/UE_4.13/Engine/Plugins/Slate/SlateRemote/SlateRemote.uplugin
LogInit: Using libcurl 7.47.1
LogInit:  - built for x86_64-pc-win32
LogInit:  - supports SSL with WinSSL
LogInit:  - other features:
LogInit:      CURL_VERSION_SSL
LogInit:      CURL_VERSION_IPV6
LogInit:      CURL_VERSION_ASYNCHDNS
LogInit:      CURL_VERSION_LARGEFILE
LogInit:      CURL_VERSION_IDN
LogInit:  CurlRequestOptions (configurable via config and command line):
LogInit:  - bVerifyPeer = false  - Libcurl will NOT verify peer certificate
LogInit:  - bUseHttpProxy = false  - Libcurl will NOT use HTTP proxy
LogInit:  - bDontReuseConnections = false  - Libcurl will reuse connections
LogInit:  - CertBundlePath = nullptr  - Libcurl will use whatever was configured at build time.
LogInit: Build: ++UE4+Release-4.13-CL-3172292
LogInit: Engine Version: 4.13.2-3172292+++UE4+Release-4.13
LogInit: Compatible Engine Version: 4.13.0-3106830+++UE4+Release-4.13
LogInit: Net CL: 3172292
LogDevObjectVersion: Number of dev versions registered: 13
LogDevObjectVersion:   Dev-Blueprints (B0D832E4-1F89-4F0D-ACCF-7EB736FD4AA2): 5
LogDevObjectVersion:   Dev-Build (E1C64328-A22C-4D53-A36C-8E866417BD8C): 0
LogDevObjectVersion:   Dev-Core (375EC13C-06E4-48FB-B500-84F0262A717E): 1
LogDevObjectVersion:   Dev-Editor (E4B068ED-F494-42E9-A231-DA0B2E46BB41): 6
LogDevObjectVersion:   Dev-Framework (CFFC743F-43B0-4480-9391-14DF171D2073): 12
LogDevObjectVersion:   Dev-Mobile (B02B49B5-BB20-44E9-A304-32B752E40360): 0
LogDevObjectVersion:   Dev-Networking (A4E4105C-59A1-49B5-A7C5-40C4547EDFEE): 0
LogDevObjectVersion:   Dev-Online (39C831C9-5AE6-47DC-9A44-9C173E1C8E7C): 0
LogDevObjectVersion:   Dev-Physics (78F01B33-EBEA-4F98-B9B4-84EACCB95AA2): 0
LogDevObjectVersion:   Dev-Platform (6631380F-2D4D-43E0-8009-CF276956A95A): 0
LogDevObjectVersion:   Dev-Rendering (12F88B9F-8875-4AFC-A67C-D90C383ABD29): 4
LogDevObjectVersion:   Dev-Sequencer (7B5AE74C-D270-4C10-A958-57980B212A5A): 0
LogDevObjectVersion:   Dev-VR (D7296918-1DD6-4BDD-9DE2-64A83CC13884): 0
LogInit: Compiled (64-bit): Oct 24 2016 14:29:06
LogInit: Compiled with Visual C++: 19.00.23026.00
LogInit: Build Configuration: Development
LogInit: Branch Name: ++UE4+Release-4.13
LogInit: Command line:  /Temp/Autosaves/Game/2DSideScrollerBP/Maps/UEDPC2DSideScrollerExampleMap -game -PIEVIACONSOLE -ResX=1280 -ResY=720  -Multiprocess -windowed -messaging -SessionName="Play in Standalone Game" -featureleveles2 -faketouches 
LogInit: Base directory: C:/Program Files/Epic Games/UE_4.13/Engine/Binaries/Win64/
LogInit: Installed Engine Build: 1
LogInit: Presizing for max 8388607 objects, including 0 objects not considered by GC, pre-allocating 0 bytes for permanent pool.
LogInit: Object subsystem initialized
[2017.02.23-04.49.52:055][  0]LogInit: Selected Device Profile: [Windows]
[2017.02.23-04.49.52:055][  0]LogInit: Applying CVar settings loaded from the selected device profile: [Windows]
[2017.02.23-04.49.52:058][  0]LogInit: Computer: 7P5PF42
[2017.02.23-04.49.52:058][  0]LogInit: User: V201624468
[2017.02.23-04.49.52:058][  0]LogInit: CPU Page size=65536, Cores=4
[2017.02.23-04.49.52:058][  0]LogInit: High frequency timer resolution =3.515638 MHz
[2017.02.23-04.49.52:058][  0]LogMemory: Memory total: Physical=15.9GB (16GB approx)
[2017.02.23-04.49.52:058][  0]LogMemory: Platform Memory Stats for Windows
[2017.02.23-04.49.52:058][  0]LogMemory: Process Physical Memory: 255.25 MB used, 255.25 MB peak
[2017.02.23-04.49.52:058][  0]LogMemory: Process Virtual Memory: 259.98 MB used, 259.98 MB peak
[2017.02.23-04.49.52:058][  0]LogMemory: Physical Memory: 6083.13 MB used, 16298.84 MB total
[2017.02.23-04.49.52:058][  0]LogMemory: Virtual Memory: 622.95 MB used, 134217728.00 MB total
[2017.02.23-04.49.52:079][  0]LogTextLocalizationManager: No specific translations for ('en-AU') exist, so ('en') translations will be used.
[2017.02.23-04.49.52:411][  0]LogD3D11RHI: D3D11 adapters:
[2017.02.23-04.49.52:419][  0]LogD3D11RHI:    0. 'AMD Radeon(TM) R9 270' (Feature Level 11_0)
[2017.02.23-04.49.52:419][  0]LogD3D11RHI:       2030/0/8149 MB DedicatedVideo/DedicatedSystem/SharedSystem, Outputs:1, VendorId:0x1002
[2017.02.23-04.49.52:424][  0]LogD3D11RHI:    1. 'Intel(R) HD Graphics 4600' (Feature Level 11_0)
[2017.02.23-04.49.52:424][  0]LogD3D11RHI:       112/0/2048 MB DedicatedVideo/DedicatedSystem/SharedSystem, Outputs:0, VendorId:0x8086
[2017.02.23-04.49.52:425][  0]LogD3D11RHI:    2. 'Microsoft Basic Render Driver' (Feature Level 11_0)
[2017.02.23-04.49.52:425][  0]LogD3D11RHI:       0/0/8149 MB DedicatedVideo/DedicatedSystem/SharedSystem, Outputs:0, VendorId:0x1414
[2017.02.23-04.49.52:425][  0]LogD3D11RHI: Chosen D3D11 Adapter: 0
[2017.02.23-04.49.52:429][  0]LogD3D11RHI: Creating new Direct3DDevice
[2017.02.23-04.49.52:429][  0]LogD3D11RHI:     GPU DeviceId: 0x6811 (for the marketing name, search the web for "GPU Device Id")
[2017.02.23-04.49.52:429][  0]LogWindows: EnumDisplayDevices:
[2017.02.23-04.49.52:429][  0]LogWindows:    0. 'AMD Radeon(TM) R9 270' (P:1 D:1)
[2017.02.23-04.49.52:429][  0]LogWindows:    1. 'AMD Radeon(TM) R9 270' (P:0 D:0)
[2017.02.23-04.49.52:429][  0]LogWindows:    2. 'AMD Radeon(TM) R9 270' (P:0 D:0)
[2017.02.23-04.49.52:429][  0]LogWindows:    3. 'AMD Radeon(TM) R9 270' (P:0 D:0)
[2017.02.23-04.49.52:430][  0]LogWindows:    4. 'AMD Radeon(TM) R9 270' (P:0 D:0)
[2017.02.23-04.49.52:430][  0]LogWindows:    5. 'AMD Radeon(TM) R9 270' (P:0 D:0)
[2017.02.23-04.49.52:430][  0]LogWindows:    6. 'Intel(R) HD Graphics 4600' (P:0 D:0)
[2017.02.23-04.49.52:430][  0]LogWindows:    7. 'Intel(R) HD Graphics 4600' (P:0 D:0)
[2017.02.23-04.49.52:430][  0]LogWindows:    8. 'Intel(R) HD Graphics 4600' (P:0 D:0)
[2017.02.23-04.49.52:431][  0]LogWindows: DebugString: PrimaryIsNotTheChoosenAdapter PrimaryIsNotTheChoosenAdapter PrimaryIsNotTheChoosenAdapter FoundDriverCount:6 
[2017.02.23-04.49.52:431][  0]LogD3D11RHI:     Adapter Name: AMD Radeon(TM) R9 270
[2017.02.23-04.49.52:431][  0]LogD3D11RHI:   Driver Version: Crimson 15.11 (internal:15.301.1701.0, unified:15.301.1701.0)
[2017.02.23-04.49.52:431][  0]LogD3D11RHI:      Driver Date: 1-13-2016
[2017.02.23-04.49.52:431][  0]LogRHI: Texture pool is 1361 MB (70% of 1945 MB)
[2017.02.23-04.49.52:436][  0]LogD3D11RHI: Async texture creation enabled
[2017.02.23-04.49.52:446][  0]LogD3D11RHI: GPU Timing Frequency: 27.000000 (Debug: 2 1)
[2017.02.23-04.49.52:447][  0]LogShaderCompilers: Guid format shader working directory is -57 characters bigger than the processId version (../../../../../../Users/v201624468/Documents/GitHub/MobileDevelopment/Assignment5/ProjectFiles/TouchInput/Intermediate/Shaders/WorkingDirectory/13096/).
[2017.02.23-04.49.52:447][  0]LogShaderCompilers: Cleaned the shader compiler working directory 'C:/Users/V20162~1/AppData/Local/Temp/UnrealShaderWorkingDir/B58A90C1432D064559105F99CA514B46/'.
[2017.02.23-04.49.52:447][  0]LogShaderCompilers:Display: Using Local Shader Compiler.
[2017.02.23-04.49.53:210][  0]LogTemp:Display: Loaded TP WindowsClientTargetPlatform
[2017.02.23-04.49.53:217][  0]LogTemp:Display: Loaded TP WindowsNoEditorTargetPlatform
[2017.02.23-04.49.53:224][  0]LogTemp:Display: Loaded TP WindowsServerTargetPlatform
[2017.02.23-04.49.53:231][  0]LogTemp:Display: Loaded TP WindowsTargetPlatform
[2017.02.23-04.49.53:231][  0]LogTargetPlatformManager:Display: Building Assets For Windows
[2017.02.23-04.49.53:295][  0]LogDerivedDataCache:Display: Max Cache Size: 512 MB
[2017.02.23-04.49.53:349][  0]LogDerivedDataCache: Loaded boot cache 0.05s 62MB C:/Users/v201624468/AppData/Local/UnrealEngine/4.13/DerivedDataCache/Boot.ddc.
[2017.02.23-04.49.53:349][  0]LogDerivedDataCache:Display: Loaded Boot cache: C:/Users/v201624468/AppData/Local/UnrealEngine/4.13/DerivedDataCache/Boot.ddc
[2017.02.23-04.49.53:349][  0]LogDerivedDataCache: FDerivedDataBackendGraph:  Pak pak cache file ../../../../../../Users/v201624468/Documents/GitHub/MobileDevelopment/Assignment5/ProjectFiles/TouchInput/DerivedDataCache/DDC.ddp not found, will not use a pak cache.
[2017.02.23-04.49.53:349][  0]LogDerivedDataCache: Unable to find inner node Pak for hierarchical cache Hierarchy.
[2017.02.23-04.49.53:349][  0]LogDerivedDataCache: FDerivedDataBackendGraph:  CompressedPak pak cache file ../../../../../../Users/v201624468/Documents/GitHub/MobileDevelopment/Assignment5/ProjectFiles/TouchInput/DerivedDataCache/Compressed.ddp not found, will not use a pak cache.
[2017.02.23-04.49.53:349][  0]LogDerivedDataCache: Unable to find inner node CompressedPak for hierarchical cache Hierarchy.
[2017.02.23-04.49.53:364][  0]LogDerivedDataCache:Display: Pak cache opened for reading ../../../Engine/DerivedDataCache/Compressed.ddp.
[2017.02.23-04.49.53:375][  0]LogDerivedDataCache: Using Local data cache path C:/Users/v201624468/AppData/Local/UnrealEngine/Common/DerivedDataCache: Writable
[2017.02.23-04.49.53:518][  0]LogAssetRegistry: FAssetRegistry took 0.0001 seconds to start up
[2017.02.23-04.49.53:521][  0]LogPackageLocalizationCache: Processed 3 localized package path(s) for 2 prioritized culture(s) in 0.003397 seconds
[2017.02.23-04.49.53:535][  0]LogInit: Selected Device Profile: [Windows]
[2017.02.23-04.49.53:536][  0]LogContentStreaming: Texture pool size is 1000.00 MB
[2017.02.23-04.49.53:598][  0]LogMeshUtilities: No automatic mesh reduction module available
[2017.02.23-04.49.53:598][  0]LogMeshUtilities: No automatic mesh merging module available
[2017.02.23-04.49.53:598][  0]LogMeshUtilities: No distributed automatic mesh merging module available
[2017.02.23-04.49.53:645][  0]LogMaterial: Uniform references updated for custom material expression Custom.
[2017.02.23-04.49.53:888][  0]LogNetVersion: GetLocalNetworkVersion: CL: 3106830, ProjectName: touchinput, ProjectVersion: , EngineNetworkVersion: 1, GameNetworkVersion: 0, NetworkChecksum: 938096206
[2017.02.23-04.49.53:905][  0]LogInit: WinSock: version 1.1 (2.2), MaxSocks=32767, MaxUdp=65467
[2017.02.23-04.49.54:032][  0]LogSlate: SlateFontCache - WITH_FREETYPE: 1, WITH_HARFBUZZ: 1
[2017.02.23-04.49.54:032][  0]LogSlate: SlateFontCache - WITH_FREETYPE: 1, WITH_HARFBUZZ: 1
[2017.02.23-04.49.54:088][  0]LogMoviePlayer: Initializing movie player
[2017.02.23-04.49.54:196][  0]LogWindowsMoviePlayer: Unable to load movie: ../../../../../../Users/v201624468/Documents/GitHub/MobileDevelopment/Assignment5/ProjectFiles/TouchInput/Content/Movies/Default_Startup.mp4
[2017.02.23-04.49.54:303][  0]LogTcpMessaging: Initializing TcpMessaging bridge
[2017.02.23-04.49.54:323][  0]LogUdpMessaging: Initializing bridge on interface 0.0.0.0:0 to multicast group 230.0.0.1:6666.
[2017.02.23-04.49.54:430][  0]SourceControl: Info Source control is disabled
[2017.02.23-04.49.54:430][  0]SourceControl: Info Source control is disabled
[2017.02.23-04.49.54:447][  0]SourceControl: Info Source control is disabled
[2017.02.23-04.49.54:583][  0]LogUObjectArray: 32656 objects as part of root set at end of initial load.
[2017.02.23-04.49.54:583][  0]LogUObjectAllocator: 7245024 out of 0 bytes used by permanent object pool.
[2017.02.23-04.49.54:583][  0]LogUObjectArray: CloseDisregardForGC: 0/0 objects in disregard for GC pool
[2017.02.23-04.49.54:630][  0]LogEngine: Initializing Engine...
[2017.02.23-04.49.54:630][  0]LogHMD: Failed to initialize OpenVR with code 110
[2017.02.23-04.49.54:736][  0]LogInit: XAudio2 using 'Realtek Digital Output (Realtek Audio)' : 2 channels at 48 kHz using 16 bits per sample (channel mask 0x3)
[2017.02.23-04.49.54:749][  0]LogInit: FAudioDevice initialized.
[2017.02.23-04.49.54:755][  0]LogInit: Texture streaming: Enabled
[2017.02.23-04.49.54:757][  0]LogMaterial: Missing cached shader map for material BaseColor, compiling. 
[2017.02.23-04.49.54:757][  0]LogMaterial:Warning: Failed to compile Material /Engine/BufferVisualization/BaseColor.BaseColor for platform PCD3D_ES2, Default Material will be used in game.
[2017.02.23-04.49.54:757][  0]LogMaterial:Warning: 	(Node FeatureLevelSwitch) Feature Level switch missing default input
[2017.02.23-04.49.54:784][  0]LogMaterial: Missing cached shader map for material Specular, compiling. 
[2017.02.23-04.49.54:784][  0]LogMaterial:Warning: Failed to compile Material /Engine/BufferVisualization/Specular.Specular for platform PCD3D_ES2, Default Material will be used in game.
[2017.02.23-04.49.54:784][  0]LogMaterial:Warning: 	(Node FeatureLevelSwitch) Feature Level switch missing default input
[2017.02.23-04.49.54:814][  0]LogInit:Display: Game Engine Initialized.
[2017.02.23-04.49.54:852][  0]LogInit:Display: Starting Game.
[2017.02.23-04.49.54:852][  0]LogNet: Browse: /Temp/Autosaves/Game/2DSideScrollerBP/Maps/UEDPC2DSideScrollerExampleMap?Name=Player
[2017.02.23-04.49.54:852][  0]LogLoad: LoadMap: /Temp/Autosaves/Game/2DSideScrollerBP/Maps/UEDPC2DSideScrollerExampleMap?Name=Player
[2017.02.23-04.49.54:866][  0]LogMemory: Platform Memory Stats for Windows
[2017.02.23-04.49.54:866][  0]LogMemory: Process Physical Memory: 628.13 MB used, 664.40 MB peak
[2017.02.23-04.49.54:866][  0]LogMemory: Process Virtual Memory: 714.26 MB used, 714.27 MB peak
[2017.02.23-04.49.54:866][  0]LogMemory: Physical Memory: 6403.05 MB used, 16298.84 MB total
[2017.02.23-04.49.54:866][  0]LogMemory: Virtual Memory: 1338.72 MB used, 134217728.00 MB total
[2017.02.23-04.49.54:866][  0]LogMemory: 
[2017.02.23-04.49.54:866][  0]Allocator Stats for TBB: (not implemented)
[2017.02.23-04.49.54:990][  0]LogAIModule: Creating AISystem for world 2DSideScrollerExampleMap
[2017.02.23-04.49.54:990][  0]LogWorld: Game class is '2DSideScrollerGameMode_C'
[2017.02.23-04.49.54:994][  0]LogWorld: Bringing World /Temp/Autosaves/Game/2DSideScrollerBP/Maps/UEDPC2DSideScrollerExampleMap.2DSideScrollerExampleMap up for play (max tick rate 0) at 2017.02.23-15.49.54
[2017.02.23-04.49.54:995][  0]LogWorld: Bringing up level for play took: 0.003779
[2017.02.23-04.49.54:998][  0]LogGameMode:Display: Match State Changed from EnteringMap to WaitingToStart
[2017.02.23-04.49.54:998][  0]LogGameState: Match State Changed from EnteringMap to WaitingToStart
[2017.02.23-04.49.54:998][  0]LogGameMode:Display: Match State Changed from WaitingToStart to InProgress
[2017.02.23-04.49.55:000][  0]LogGameState: Match State Changed from WaitingToStart to InProgress
[2017.02.23-04.49.55:000][  0]LogLoad: Took 0.147587 seconds to LoadMap(/Temp/Autosaves/Game/2DSideScrollerBP/Maps/UEDPC2DSideScrollerExampleMap)
[2017.02.23-04.49.55:243][  0]LogLoad: (Engine Initialization) Total time: 3.93 seconds
[2017.02.23-04.49.55:243][  0]LogLoad: (Engine Initialization) Total Blueprint compile time: 0.03 seconds
[2017.02.23-04.49.55:243][  0]LogExternalProfiler: No external profilers were discovered.  External profiling features will not be available.
[2017.02.23-04.49.55:259][  0]LogWindowsTextInputMethodSystem:Display: IME system now deactivated.
[2017.02.23-04.49.55:260][  0]LogOcInput: OculusInput pre-init called
[2017.02.23-04.49.55:271][  0]LogRenderer: Reallocating scene render targets to support 128x128 (Frame:1).
[2017.02.23-04.49.55:334][  1]LogRenderer: Reallocating scene render targets to support 1280x720 (Frame:2).
[2017.02.23-04.50.00:642][330]LogBlueprintUserMessages: [2DSideScrollerCharacter_254] Right
[2017.02.23-04.50.00:658][331]LogBlueprintUserMessages: [2DSideScrollerCharacter_254] Right
[2017.02.23-04.50.00:674][332]LogBlueprintUserMessages: [2DSideScrollerCharacter_254] Right
[2017.02.23-04.50.00:690][333]LogBlueprintUserMessages: [2DSideScrollerCharacter_254] Right
[2017.02.23-04.50.00:706][334]LogBlueprintUserMessages: [2DSideScrollerCharacter_254] Right
[2017.02.23-04.50.00:722][335]LogBlueprintUserMessages: [2DSideScrollerCharacter_254] Right
[2017.02.23-04.50.00:739][336]LogBlueprintUserMessages: [2DSideScrollerCharacter_254] Right
[2017.02.23-04.50.00:755][337]LogBlueprintUserMessages: [2DSideScrollerCharacter_254] Right
[2017.02.23-04.50.00:771][338]LogBlueprintUserMessages: [2DSideScrollerCharacter_254] Right
[2017.02.23-04.50.00:787][339]LogBlueprintUserMessages: [2DSideScrollerCharacter_254] Right
[2017.02.23-04.50.00:803][340]LogBlueprintUserMessages: [2DSideScrollerCharacter_254] Right
[2017.02.23-04.50.00:819][341]LogBlueprintUserMessages: [2DSideScrollerCharacter_254] Right
[2017.02.23-04.50.00:836][342]LogBlueprintUserMessages: [2DSideScrollerCharacter_254] Right
[2017.02.23-04.50.00:852][343]LogBlueprintUserMessages: [2DSideScrollerCharacter_254] Right
[2017.02.23-04.50.00:868][344]LogBlueprintUserMessages: [2DSideScrollerCharacter_254] Right
[2017.02.23-04.50.00:883][345]LogBlueprintUserMessages: [2DSideScrollerCharacter_254] Right
[2017.02.23-04.50.00:900][346]LogBlueprintUserMessages: [2DSideScrollerCharacter_254] Right
[2017.02.23-04.50.00:916][347]LogBlueprintUserMessages: [2DSideScrollerCharacter_254] Right
[2017.02.23-04.50.00:932][348]LogBlueprintUserMessages: [2DSideScrollerCharacter_254] Right
[2017.02.23-04.50.00:948][349]LogBlueprintUserMessages: [2DSideScrollerCharacter_254] Right
[2017.02.23-04.50.00:965][350]LogBlueprintUserMessages: [2DSideScrollerCharacter_254] Right
[2017.02.23-04.50.00:980][351]LogBlueprintUserMessages: [2DSideScrollerCharacter_254] Right
[2017.02.23-04.50.00:996][352]LogBlueprintUserMessages: [2DSideScrollerCharacter_254] Right
[2017.02.23-04.50.01:012][353]LogBlueprintUserMessages: [2DSideScrollerCharacter_254] Right
[2017.02.23-04.50.01:028][354]LogBlueprintUserMessages: [2DSideScrollerCharacter_254] Right
[2017.02.23-04.50.01:335][373]LogBlueprintUserMessages: [2DSideScrollerCharacter_254] Right
[2017.02.23-04.50.01:351][374]LogBlueprintUserMessages: [2DSideScrollerCharacter_254] Right
[2017.02.23-04.50.01:368][375]LogBlueprintUserMessages: [2DSideScrollerCharacter_254] Right
[2017.02.23-04.50.01:383][376]LogBlueprintUserMessages: [2DSideScrollerCharacter_254] Right
[2017.02.23-04.50.01:399][377]LogBlueprintUserMessages: [2DSideScrollerCharacter_254] Right
[2017.02.23-04.50.01:416][378]LogBlueprintUserMessages: [2DSideScrollerCharacter_254] Right
[2017.02.23-04.50.01:432][379]LogBlueprintUserMessages: [2DSideScrollerCharacter_254] Right
[2017.02.23-04.50.01:448][380]LogBlueprintUserMessages: [2DSideScrollerCharacter_254] Right
[2017.02.23-04.50.01:464][381]LogBlueprintUserMessages: [2DSideScrollerCharacter_254] Right
[2017.02.23-04.50.01:481][382]LogBlueprintUserMessages: [2DSideScrollerCharacter_254] Right
[2017.02.23-04.50.01:497][383]LogBlueprintUserMessages: [2DSideScrollerCharacter_254] Right
[2017.02.23-04.50.01:513][384]LogBlueprintUserMessages: [2DSideScrollerCharacter_254] Right
[2017.02.23-04.50.01:528][385]LogBlueprintUserMessages: [2DSideScrollerCharacter_254] Right
[2017.02.23-04.50.01:545][386]LogBlueprintUserMessages: [2DSideScrollerCharacter_254] Right
[2017.02.23-04.50.01:561][387]LogBlueprintUserMessages: [2DSideScrollerCharacter_254] Right
[2017.02.23-04.50.01:577][388]LogBlueprintUserMessages: [2DSideScrollerCharacter_254] Right
[2017.02.23-04.50.01:593][389]LogBlueprintUserMessages: [2DSideScrollerCharacter_254] Right
[2017.02.23-04.50.01:609][390]LogBlueprintUserMessages: [2DSideScrollerCharacter_254] Right
[2017.02.23-04.50.01:625][391]LogBlueprintUserMessages: [2DSideScrollerCharacter_254] Right
[2017.02.23-04.50.01:642][392]LogBlueprintUserMessages: [2DSideScrollerCharacter_254] Right
[2017.02.23-04.50.01:658][393]LogBlueprintUserMessages: [2DSideScrollerCharacter_254] Right
[2017.02.23-04.50.01:674][394]LogBlueprintUserMessages: [2DSideScrollerCharacter_254] Right
[2017.02.23-04.50.01:690][395]LogBlueprintUserMessages: [2DSideScrollerCharacter_254] Right
[2017.02.23-04.50.01:706][396]LogBlueprintUserMessages: [2DSideScrollerCharacter_254] Right
[2017.02.23-04.50.01:722][397]LogBlueprintUserMessages: [2DSideScrollerCharacter_254] Right
[2017.02.23-04.50.01:738][398]LogBlueprintUserMessages: [2DSideScrollerCharacter_254] Right
[2017.02.23-04.50.10:563][945]LogBlueprintUserMessages: [2DSideScrollerCharacter_254] Right
[2017.02.23-04.50.10:593][946]LogBlueprintUserMessages: [2DSideScrollerCharacter_254] Right
[2017.02.23-04.50.10:607][947]LogBlueprintUserMessages: [2DSideScrollerCharacter_254] Right
[2017.02.23-04.50.13:938][153]Closing by request
[2017.02.23-04.50.13:938][153]LogWindows: FPlatformMisc::RequestExit(0)
[2017.02.23-04.50.13:941][154]LogMoviePlayer: Shutting down movie player
[2017.02.23-04.50.14:668][154]LogWindowsTextInputMethodSystem:Display: IME system now deactivated.
[2017.02.23-04.50.14:678][154]LogExit: Preparing to exit.
[2017.02.23-04.50.15:452][154]LogExit: Game engine shut down
[2017.02.23-04.50.15:542][154]LogObj: Freed 0b from 0 cluster array pools.
[2017.02.23-04.50.15:542][154]LogExit: Object subsystem successfully closed.
[2017.02.23-04.50.15:551][154]LogD3D11RHI: Shutdown
[2017.02.23-04.50.15:551][154]LogD3D11RHI: CleanupD3DDevice
[2017.02.23-04.50.15:571][154]LogD3D11RHI: ~FD3D11DynamicRHI
[2017.02.23-04.50.15:581][154]LogModuleManager: Shutting down and abandoning module SequenceRecorderSections (119)
[2017.02.23-04.50.15:581][154]LogModuleManager: Shutting down and abandoning module SequenceRecorder (118)
[2017.02.23-04.50.15:581][154]LogModuleManager: Shutting down and abandoning module AutomationController (117)
[2017.02.23-04.50.15:581][154]LogModuleManager: Shutting down and abandoning module AutomationWorker (116)
[2017.02.23-04.50.15:581][154]LogModuleManager: Shutting down and abandoning module GameplayDebugger (115)
[2017.02.23-04.50.15:581][154]LogModuleManager: Shutting down and abandoning module AITestSuite (114)
[2017.02.23-04.50.15:581][154]LogModuleManager: Shutting down and abandoning module AIModule (113)
[2017.02.23-04.50.15:581][154]LogModuleManager: Shutting down and abandoning module WmfMediaFactory (112)
[2017.02.23-04.50.15:581][154]LogModuleManager: Shutting down and abandoning module AvfMediaFactory (111)
[2017.02.23-04.50.15:581][154]LogModuleManager: Shutting down and abandoning module Media (110)
[2017.02.23-04.50.15:581][154]LogModuleManager: Shutting down and abandoning module AndroidMediaFactory (109)
[2017.02.23-04.50.15:581][154]LogModuleManager: Shutting down and abandoning module CharacterAI (108)
[2017.02.23-04.50.15:581][154]LogModuleManager: Shutting down and abandoning module SessionServices (107)
[2017.02.23-04.50.15:581][154]LogModuleManager: Shutting down and abandoning module MovieSceneCapture (106)
[2017.02.23-04.50.15:582][154]LogModuleManager: Shutting down and abandoning module Niagara (105)
[2017.02.23-04.50.15:582][154]LogModuleManager: Shutting down and abandoning module StreamingPauseRendering (104)
[2017.02.23-04.50.15:582][154]LogModuleManager: Shutting down and abandoning module PortalServices (103)
[2017.02.23-04.50.15:582][154]LogModuleManager: Shutting down and abandoning module PortalRpc (102)
[2017.02.23-04.50.15:582][154]LogModuleManager: Shutting down and abandoning module MessagingRpc (101)
[2017.02.23-04.50.15:582][154]LogModuleManager: Shutting down and abandoning module ProfilerService (100)
[2017.02.23-04.50.15:614][154]LogModuleManager: Shutting down and abandoning module TaskGraph (99)
[2017.02.23-04.50.15:614][154]LogModuleManager: Shutting down and abandoning module SlateRemote (98)
[2017.02.23-04.50.15:614][154]LogModuleManager: Shutting down and abandoning module SteamVRController (97)
[2017.02.23-04.50.15:614][154]LogModuleManager: Shutting down and abandoning module SteamVR (96)
[2017.02.23-04.50.15:614][154]LogModuleManager: Shutting down and abandoning module ProceduralMeshComponent (95)
[2017.02.23-04.50.15:614][154]LogModuleManager: Shutting down and abandoning module OculusLibrary (94)
[2017.02.23-04.50.15:614][154]LogModuleManager: Shutting down and abandoning module OculusInput (93)
[2017.02.23-04.50.15:614][154]LogModuleManager: Shutting down and abandoning module CustomMeshComponent (92)
[2017.02.23-04.50.15:614][154]LogModuleManager: Shutting down and abandoning module CableComponent (91)
[2017.02.23-04.50.15:614][154]LogModuleManager: Shutting down and abandoning module ArchVisCharacter (90)
[2017.02.23-04.50.15:614][154]LogModuleManager: Shutting down and abandoning module HTML5Networking (88)
[2017.02.23-04.50.15:614][154]LogModuleManager: Shutting down and abandoning module DesktopPlatform (87)
[2017.02.23-04.50.15:614][154]LogModuleManager: Shutting down and abandoning module DirectoryWatcher (86)
[2017.02.23-04.50.15:615][154]LogModuleManager: Shutting down and abandoning module HotReload (85)
[2017.02.23-04.50.15:615][154]LogModuleManager: Shutting down and abandoning module VisualStudioSourceCodeAccess (84)
[2017.02.23-04.50.15:615][154]LogModuleManager: Shutting down and abandoning module UObjectPlugin (83)
[2017.02.23-04.50.15:615][154]LogModuleManager: Shutting down and abandoning module SubversionSourceControl (82)
[2017.02.23-04.50.15:615][154]LogModuleManager: Shutting down and abandoning module SourceControl (81)
[2017.02.23-04.50.15:615][154]LogModuleManager: Shutting down and abandoning module PerforceSourceControl (80)
[2017.02.23-04.50.15:615][154]LogModuleManager: Shutting down and abandoning module UdpMessaging (79)
[2017.02.23-04.50.15:715][154]LogModuleManager: Shutting down and abandoning module TcpMessaging (78)
[2017.02.23-04.50.16:311][154]LogModuleManager: Shutting down and abandoning module LightPropagationVolumeRuntime (77)
[2017.02.23-04.50.16:311][154]LogModuleManager: Shutting down and abandoning module Paper2D (76)
[2017.02.23-04.50.16:311][154]LogModuleManager: Shutting down and abandoning module WindowsMoviePlayer (75)
[2017.02.23-04.50.16:311][154]LogModuleManager: Shutting down and abandoning module WmfMedia (74)
[2017.02.23-04.50.16:311][154]LogModuleManager: Shutting down and abandoning module MediaAssets (73)
[2017.02.23-04.50.16:311][154]LogModuleManager: Shutting down and abandoning module GameLiveStreaming (72)
[2017.02.23-04.50.16:311][154]LogModuleManager: Shutting down and abandoning module GameplayTagsEditor (71)
[2017.02.23-04.50.16:311][154]LogModuleManager: Shutting down and abandoning module VREditor (70)
[2017.02.23-04.50.16:311][154]LogModuleManager: Shutting down and abandoning module GameplayTasksEditor (69)
[2017.02.23-04.50.16:311][154]LogModuleManager: Shutting down and abandoning module PropertyEditor (68)
[2017.02.23-04.50.16:311][154]LogModuleManager: Shutting down and abandoning module BehaviorTreeEditor (67)
[2017.02.23-04.50.16:311][154]LogModuleManager: Shutting down and abandoning module FunctionalTesting (66)
[2017.02.23-04.50.16:311][154]LogModuleManager: Shutting down and abandoning module CollisionAnalyzer (65)
[2017.02.23-04.50.16:311][154]LogModuleManager: Shutting down and abandoning module Sequencer (64)
[2017.02.23-04.50.16:311][154]LogModuleManager: Shutting down and abandoning module WorkspaceMenuStructure (63)
[2017.02.23-04.50.16:311][154]LogModuleManager: Shutting down and abandoning module MessageLog (62)
[2017.02.23-04.50.16:311][154]LogModuleManager: Shutting down and abandoning module AssetTools (61)
[2017.02.23-04.50.16:312][154]LogModuleManager: Shutting down and abandoning module UMGEditor (60)
[2017.02.23-04.50.16:312][154]LogModuleManager: Shutting down and abandoning module UMG (59)
[2017.02.23-04.50.16:312][154]LogModuleManager: Shutting down and abandoning module SlateReflector (58)
[2017.02.23-04.50.16:312][154]LogModuleManager: Shutting down and abandoning module Slate (57)
[2017.02.23-04.50.16:312][154]LogModuleManager: Shutting down and abandoning module EditorStyle (56)
[2017.02.23-04.50.16:313][154]LogModuleManager: Shutting down and abandoning module Messaging (55)
[2017.02.23-04.50.16:313][154]LogModuleManager: Shutting down and abandoning module SourceCodeAccess (54)
[2017.02.23-04.50.16:313][154]LogModuleManager: Shutting down and abandoning module HeadMountedDisplay (53)
[2017.02.23-04.50.16:313][154]LogModuleManager: Shutting down and abandoning module XAudio2 (52)
[2017.02.23-04.50.16:313][154]LogModuleManager: Shutting down and abandoning module Networking (50)
[2017.02.23-04.50.16:313][154]LogModuleManager: Shutting down and abandoning module Core (49)
[2017.02.23-04.50.16:313][154]LogModuleManager: Shutting down and abandoning module KismetCompiler (48)
[2017.02.23-04.50.16:313][154]LogModuleManager: Shutting down and abandoning module PhysXFormats (47)
[2017.02.23-04.50.16:313][154]LogModuleManager: Shutting down and abandoning module MeshUtilities (46)
[2017.02.23-04.50.16:313][154]LogModuleManager: Shutting down and abandoning module AssetRegistry (45)
[2017.02.23-04.50.16:314][154]LogModuleManager: Shutting down and abandoning module DerivedDataCache (44)
[2017.02.23-04.50.16:381][154]LogDerivedDataCache: Shutdown
[2017.02.23-04.50.16:381][154]LogModuleManager: Shutting down and abandoning module VulkanShaderFormat (43)
[2017.02.23-04.50.16:381][154]LogModuleManager: Shutting down and abandoning module ShaderFormatOpenGL (42)
[2017.02.23-04.50.16:381][154]LogModuleManager: Shutting down and abandoning module ShaderFormatD3D (41)
[2017.02.23-04.50.16:381][154]LogModuleManager: Shutting down and abandoning module MetalShaderFormat (40)
[2017.02.23-04.50.16:381][154]LogModuleManager: Shutting down and abandoning module TextureFormatUncompressed (39)
[2017.02.23-04.50.16:381][154]LogModuleManager: Shutting down and abandoning module TextureFormatPVR (38)
[2017.02.23-04.50.16:381][154]LogModuleManager: Shutting down and abandoning module TextureFormatDXT (37)
[2017.02.23-04.50.16:381][154]LogModuleManager: Shutting down and abandoning module TextureFormatIntelISPCTexComp (36)
[2017.02.23-04.50.16:381][154]LogModuleManager: Shutting down and abandoning module ImageWrapper (35)
[2017.02.23-04.50.16:381][154]LogModuleManager: Shutting down and abandoning module TextureFormatASTC (34)
[2017.02.23-04.50.16:381][154]LogModuleManager: Shutting down and abandoning module TextureFormatAndroid (33)
[2017.02.23-04.50.16:381][154]LogModuleManager: Shutting down and abandoning module AudioFormatOpus (32)
[2017.02.23-04.50.16:381][154]LogModuleManager: Shutting down and abandoning module AudioFormatOgg (31)
[2017.02.23-04.50.16:381][154]LogModuleManager: Shutting down and abandoning module AudioFormatADPCM (30)
[2017.02.23-04.50.16:381][154]LogModuleManager: Shutting down and abandoning module WindowsTargetPlatform (29)
[2017.02.23-04.50.16:381][154]LogModuleManager: Shutting down and abandoning module WindowsServerTargetPlatform (28)
[2017.02.23-04.50.16:381][154]LogModuleManager: Shutting down and abandoning module WindowsNoEditorTargetPlatform (27)
[2017.02.23-04.50.16:381][154]LogModuleManager: Shutting down and abandoning module WindowsClientTargetPlatform (26)
[2017.02.23-04.50.16:381][154]LogModuleManager: Shutting down and abandoning module TargetPlatform (25)
[2017.02.23-04.50.16:381][154]LogModuleManager: Shutting down and abandoning module InputCore (24)
[2017.02.23-04.50.16:381][154]LogModuleManager: Shutting down and abandoning module Settings (23)
[2017.02.23-04.50.16:381][154]LogModuleManager: Shutting down and abandoning module OculusRift (22)
[2017.02.23-04.50.16:381][154]LogModuleManager: Shutting down and abandoning module GearVR (21)
[2017.02.23-04.50.16:381][154]LogModuleManager: Shutting down and abandoning module ExampleDeviceProfileSelector (20)
[2017.02.23-04.50.16:381][154]LogModuleManager: Shutting down and abandoning module OnlineBlueprintSupport (19)
[2017.02.23-04.50.16:381][154]LogModuleManager: Shutting down and abandoning module OnlineSubsystem (17)
[2017.02.23-04.50.16:381][154]LogOnline:Display: Unloading online subsystem: NULL
[2017.02.23-04.50.16:381][154]LogModuleManager: Shutting down and abandoning module HTTP (16)
[2017.02.23-04.50.16:385][154]LogModuleManager: Shutting down and abandoning module XMPP (15)
[2017.02.23-04.50.16:385][154]LogModuleManager: Shutting down and abandoning module TextureCompressor (14)
[2017.02.23-04.50.16:386][154]LogModuleManager: Shutting down and abandoning module ShaderCore (13)
[2017.02.23-04.50.16:386][154]LogModuleManager: Shutting down and abandoning module Landscape (12)
[2017.02.23-04.50.16:386][154]LogModuleManager: Shutting down and abandoning module SlateRHIRenderer (11)
[2017.02.23-04.50.16:386][154]LogModuleManager: Shutting down and abandoning module OpenGLDrv (10)
[2017.02.23-04.50.16:386][154]LogModuleManager: Shutting down and abandoning module D3D11RHI (9)
[2017.02.23-04.50.16:386][154]LogModuleManager: Shutting down and abandoning module AnimGraphRuntime (8)
[2017.02.23-04.50.16:386][154]LogModuleManager: Shutting down and abandoning module Renderer (7)
[2017.02.23-04.50.16:386][154]LogModuleManager: Shutting down and abandoning module Engine (6)
[2017.02.23-04.50.16:386][154]LogModuleManager: Shutting down and abandoning module CoreUObject (5)
[2017.02.23-04.50.16:386][154]LogModuleManager: Shutting down and abandoning module NetworkFile (4)
[2017.02.23-04.50.16:386][154]LogModuleManager: Shutting down and abandoning module StreamingFile (3)
[2017.02.23-04.50.16:386][154]LogModuleManager: Shutting down and abandoning module SandboxFile (2)
[2017.02.23-04.50.16:386][154]LogModuleManager: Shutting down and abandoning module PakFile (1)
[2017.02.23-04.50.16:387][154]LogExit: Exiting.
[2017.02.23-04.50.16:388][154]Log file closed, 02/23/17 15:50:16
