Log file open, 03/07/17 11:07:51
LogInit:Display: Running engine for game: SavingInventory
LogPlatformFile: Not using cached read wrapper
LogInit:Display: RandInit(-1442692358) SRandInit(-1442692357).
LogTaskGraph: Started task graph with 5 named threads and 8 total threads with 1 sets of task threads.
LogStats: Stats thread started at 0.075446
LogPluginManager: Loaded Plugin Paper2D, From C:/Program Files/Epic Games/UE_4.13/Engine/Plugins/2D/Paper2D/Paper2D.uplugin
LogPluginManager: Loaded Plugin LightPropagationVolume, From C:/Program Files/Epic Games/UE_4.13/Engine/Plugins/Blendables/LightPropagationVolume/LightPropagationVolume.uplugin
LogPluginManager: Loaded Plugin BlankPlugin, From C:/Program Files/Epic Games/UE_4.13/Engine/Plugins/Developer/BlankPlugin/BlankPlugin.uplugin
LogPluginManager: Loaded Plugin CodeLiteSourceCodeAccess, From C:/Program Files/Epic Games/UE_4.13/Engine/Plugins/Developer/CodeLiteSourceCodeAccess/CodeLiteSourceCodeAccess.uplugin
LogPluginManager: Loaded Plugin GitSourceControl, From C:/Program Files/Epic Games/UE_4.13/Engine/Plugins/Developer/GitSourceControl/GitSourceControl.uplugin
LogPluginManager: Loaded Plugin KDevelopSourceCodeAccess, From C:/Program Files/Epic Games/UE_4.13/Engine/Plugins/Developer/KDevelopSourceCodeAccess/KDevelopSourceCodeAccess.uplugin
LogPluginManager: Loaded Plugin NullSourceCodeAccess, From C:/Program Files/Epic Games/UE_4.13/Engine/Plugins/Developer/NullSourceCodeAccess/NullSourceCodeAccess.uplugin
LogPluginManager: Loaded Plugin OneSkyLocalizationService, From C:/Program Files/Epic Games/UE_4.13/Engine/Plugins/Developer/OneSkyLocalizationService/OneSkyLocalizationService.uplugin
LogPluginManager: Loaded Plugin PerforceSourceControl, From C:/Program Files/Epic Games/UE_4.13/Engine/Plugins/Developer/PerforceSourceControl/PerforceSourceControl.uplugin
LogPluginManager: Loaded Plugin SubversionSourceControl, From C:/Program Files/Epic Games/UE_4.13/Engine/Plugins/Developer/SubversionSourceControl/SubversionSourceControl.uplugin
LogPluginManager: Loaded Plugin UObjectPlugin, From C:/Program Files/Epic Games/UE_4.13/Engine/Plugins/Developer/UObjectPlugin/UObjectPlugin.uplugin
LogPluginManager: Loaded Plugin VisualStudioSourceCodeAccess, From C:/Program Files/Epic Games/UE_4.13/Engine/Plugins/Developer/VisualStudioSourceCodeAccess/VisualStudioSourceCodeAccess.uplugin
LogPluginManager: Loaded Plugin XCodeSourceCodeAccess, From C:/Program Files/Epic Games/UE_4.13/Engine/Plugins/Developer/XCodeSourceCodeAccess/XCodeSourceCodeAccess.uplugin
LogPluginManager: Loaded Plugin EpicSurvey, From C:/Program Files/Epic Games/UE_4.13/Engine/Plugins/Editor/EpicSurvey/EpicSurvey.uplugin
LogPluginManager: Loaded Plugin MacGraphicsSwitching, From C:/Program Files/Epic Games/UE_4.13/Engine/Plugins/Editor/MacGraphicsSwitching/MacGraphicsSwitching.uplugin
LogPluginManager: Loaded Plugin MobileLauncherProfileWizard, From C:/Program Files/Epic Games/UE_4.13/Engine/Plugins/Editor/MobileLauncherProfileWizard/MobileLauncherProfileWizard.uplugin
LogPluginManager: Loaded Plugin PluginBrowser, From C:/Program Files/Epic Games/UE_4.13/Engine/Plugins/Editor/PluginBrowser/PluginBrowser.uplugin
LogPluginManager: Loaded Plugin SpeedTreeImporter, From C:/Program Files/Epic Games/UE_4.13/Engine/Plugins/Editor/SpeedTreeImporter/SpeedTreeImporter.uplugin
LogPluginManager: Loaded Plugin SuperSearchEditor, From C:/Program Files/Epic Games/UE_4.13/Engine/Plugins/Editor/SuperSearchEditor/SuperSearchEditor.uplugin
LogPluginManager: Loaded Plugin AlembicImporter, From C:/Program Files/Epic Games/UE_4.13/Engine/Plugins/Experimental/AlembicImporter/AlembicImporter.uplugin
LogPluginManager: Loaded Plugin BlueprintStats, From C:/Program Files/Epic Games/UE_4.13/Engine/Plugins/Experimental/BlueprintStats/BlueprintStats.uplugin
LogPluginManager: Loaded Plugin CharacterAI, From C:/Program Files/Epic Games/UE_4.13/Engine/Plugins/Experimental/CharacterAI/CharacterAI.uplugin
LogPluginManager: Loaded Plugin CodeEditor, From C:/Program Files/Epic Games/UE_4.13/Engine/Plugins/Experimental/CodeEditor/CodeEditor.uplugin
LogPluginManager: Loaded Plugin CodeView, From C:/Program Files/Epic Games/UE_4.13/Engine/Plugins/Experimental/CodeView/CodeView.uplugin
LogPluginManager: Loaded Plugin HTML5Networking, From C:/Program Files/Epic Games/UE_4.13/Engine/Plugins/Experimental/HTML5Networking/HTML5Networking.uplugin
LogPluginManager: Loaded Plugin LiveEditor, From C:/Program Files/Epic Games/UE_4.13/Engine/Plugins/Experimental/LiveEditor/LiveEditor.uplugin
LogPluginManager: Loaded Plugin OSVR, From C:/Program Files/Epic Games/UE_4.13/Engine/Plugins/Experimental/OSVR/OSVR.uplugin
LogPluginManager: Loaded Plugin Phya, From C:/Program Files/Epic Games/UE_4.13/Engine/Plugins/Experimental/Phya/Phya.uplugin
LogPluginManager: Loaded Plugin SignificanceManager, From C:/Program Files/Epic Games/UE_4.13/Engine/Plugins/Experimental/SignificanceManager/SignificanceManager.uplugin
LogPluginManager: Loaded Plugin SimpleHMD, From C:/Program Files/Epic Games/UE_4.13/Engine/Plugins/Experimental/SimpleHMD/SimpleHMD.uplugin
LogPluginManager: Loaded Plugin StereoPanorama, From C:/Program Files/Epic Games/UE_4.13/Engine/Plugins/Experimental/StereoPanorama/StereoPanorama.uplugin
LogPluginManager: Loaded Plugin StructBox, From C:/Program Files/Epic Games/UE_4.13/Engine/Plugins/Experimental/StructBox/StructBox.uplugin
LogPluginManager: Loaded Plugin AndroidMedia, From C:/Program Files/Epic Games/UE_4.13/Engine/Plugins/Media/AndroidMedia/AndroidMedia.uplugin
LogPluginManager: Loaded Plugin AvfMedia, From C:/Program Files/Epic Games/UE_4.13/Engine/Plugins/Media/AvfMedia/AvfMedia.uplugin
LogPluginManager: Loaded Plugin MediaPlayerEditor, From C:/Program Files/Epic Games/UE_4.13/Engine/Plugins/Media/MediaPlayerEditor/MediaPlayerEditor.uplugin
LogPluginManager: Loaded Plugin WmfMedia, From C:/Program Files/Epic Games/UE_4.13/Engine/Plugins/Media/WmfMedia/WmfMedia.uplugin
LogPluginManager: Loaded Plugin MessagingDebugger, From C:/Program Files/Epic Games/UE_4.13/Engine/Plugins/Messaging/MessagingDebugger/MessagingDebugger.uplugin
LogPluginManager: Loaded Plugin TcpMessaging, From C:/Program Files/Epic Games/UE_4.13/Engine/Plugins/Messaging/TcpMessaging/TcpMessaging.uplugin
LogPluginManager: Loaded Plugin UdpMessaging, From C:/Program Files/Epic Games/UE_4.13/Engine/Plugins/Messaging/UdpMessaging/UdpMessaging.uplugin
LogPluginManager: Loaded Plugin LevelSequenceEditor, From C:/Program Files/Epic Games/UE_4.13/Engine/Plugins/MovieScene/LevelSequenceEditor/LevelSequenceEditor.uplugin
LogPluginManager: Loaded Plugin MatineeToLevelSequence, From C:/Program Files/Epic Games/UE_4.13/Engine/Plugins/MovieScene/MatineeToLevelSequence/MatineeToLevelSequence.uplugin
LogPluginManager: Loaded Plugin NetcodeUnitTest, From C:/Program Files/Epic Games/UE_4.13/Engine/Plugins/NetcodeUnitTest/NetcodeUnitTest/NetcodeUnitTest.uplugin
LogPluginManager: Loaded Plugin NUTUnrealEngine4, From C:/Program Files/Epic Games/UE_4.13/Engine/Plugins/NetcodeUnitTest/NUTUnrealEngine4/NUTUnrealEngine4.uplugin
LogPluginManager: Loaded Plugin OnlineSubsystemGooglePlay, From C:/Program Files/Epic Games/UE_4.13/Engine/Plugins/Online/Android/OnlineSubsystemGooglePlay/OnlineSubsystemGooglePlay.uplugin
LogPluginManager: Loaded Plugin OnlineSubsystemIOS, From C:/Program Files/Epic Games/UE_4.13/Engine/Plugins/Online/IOS/OnlineSubsystemIOS/OnlineSubsystemIOS.uplugin
LogPluginManager: Loaded Plugin OnlineFramework, From C:/Program Files/Epic Games/UE_4.13/Engine/Plugins/Online/OnlineFramework/OnlineFramework.uplugin
LogPluginManager: Loaded Plugin OnlineSubsystem, From C:/Program Files/Epic Games/UE_4.13/Engine/Plugins/Online/OnlineSubsystem/OnlineSubsystem.uplugin
LogPluginManager: Loaded Plugin OnlineSubsystemAmazon, From C:/Program Files/Epic Games/UE_4.13/Engine/Plugins/Online/OnlineSubsystemAmazon/OnlineSubsystemAmazon.uplugin
LogPluginManager: Loaded Plugin OnlineSubsystemFacebook, From C:/Program Files/Epic Games/UE_4.13/Engine/Plugins/Online/OnlineSubsystemFacebook/OnlineSubsystemFacebook.uplugin
LogPluginManager: Loaded Plugin OnlineSubsystemNull, From C:/Program Files/Epic Games/UE_4.13/Engine/Plugins/Online/OnlineSubsystemNull/OnlineSubsystemNull.uplugin
LogPluginManager: Loaded Plugin OnlineSubsystemOculus, From C:/Program Files/Epic Games/UE_4.13/Engine/Plugins/Online/OnlineSubsystemOculus/OnlineSubsystemOculus.uplugin
LogPluginManager: Loaded Plugin OnlineSubsystemSteam, From C:/Program Files/Epic Games/UE_4.13/Engine/Plugins/Online/OnlineSubsystemSteam/OnlineSubsystemSteam.uplugin
LogPluginManager: Loaded Plugin OnlineSubsystemUtils, From C:/Program Files/Epic Games/UE_4.13/Engine/Plugins/Online/OnlineSubsystemUtils/OnlineSubsystemUtils.uplugin
LogPluginManager: Loaded Plugin IOSTapJoy, From C:/Program Files/Epic Games/UE_4.13/Engine/Plugins/Runtime/Advertising/IOSTapJoy/IOSTapJoy.uplugin
LogPluginManager: Loaded Plugin AnalyticsBlueprintLibrary, From C:/Program Files/Epic Games/UE_4.13/Engine/Plugins/Runtime/Analytics/AnalyticsBlueprintLibrary/AnalyticsBlueprintLibrary.uplugin
LogPluginManager: Loaded Plugin AnalyticsMulticast, From C:/Program Files/Epic Games/UE_4.13/Engine/Plugins/Runtime/Analytics/AnalyticsMulticast/AnalyticsMulticast.uplugin
LogPluginManager: Loaded Plugin Apsalar, From C:/Program Files/Epic Games/UE_4.13/Engine/Plugins/Runtime/Analytics/Apsalar/Apsalar.uplugin
LogPluginManager: Loaded Plugin FileLogging, From C:/Program Files/Epic Games/UE_4.13/Engine/Plugins/Runtime/Analytics/FileLogging/FileLogging.uplugin
LogPluginManager: Loaded Plugin Flurry, From C:/Program Files/Epic Games/UE_4.13/Engine/Plugins/Runtime/Analytics/Flurry/Flurry.uplugin
LogPluginManager: Loaded Plugin AndroidDeviceProfileSelector, From C:/Program Files/Epic Games/UE_4.13/Engine/Plugins/Runtime/AndroidDeviceProfileSelector/AndroidDeviceProfileSelector.uplugin
LogPluginManager: Loaded Plugin AndroidMoviePlayer, From C:/Program Files/Epic Games/UE_4.13/Engine/Plugins/Runtime/AndroidMoviePlayer/AndroidMoviePlayer.uplugin
LogPluginManager: Loaded Plugin AppleMoviePlayer, From C:/Program Files/Epic Games/UE_4.13/Engine/Plugins/Runtime/AppleMoviePlayer/AppleMoviePlayer.uplugin
LogPluginManager: Loaded Plugin ArchVisCharacter, From C:/Program Files/Epic Games/UE_4.13/Engine/Plugins/Runtime/ArchVisCharacter/ArchVisCharacter.uplugin
LogPluginManager: Loaded Plugin CableComponent, From C:/Program Files/Epic Games/UE_4.13/Engine/Plugins/Runtime/CableComponent/CableComponent.uplugin
LogPluginManager: Loaded Plugin CustomMeshComponent, From C:/Program Files/Epic Games/UE_4.13/Engine/Plugins/Runtime/CustomMeshComponent/CustomMeshComponent.uplugin
LogPluginManager: Loaded Plugin ExampleDeviceProfileSelector, From C:/Program Files/Epic Games/UE_4.13/Engine/Plugins/Runtime/ExampleDeviceProfileSelector/ExampleDeviceProfileSelector.uplugin
LogPluginManager: Loaded Plugin GearVR, From C:/Program Files/Epic Games/UE_4.13/Engine/Plugins/Runtime/GearVR/GearVR.uplugin
LogPluginManager: Loaded Plugin GoogleVRController, From C:/Program Files/Epic Games/UE_4.13/Engine/Plugins/Runtime/GoogleVR/GoogleVRController/GoogleVRController.uplugin
LogPluginManager: Loaded Plugin GoogleVRHMD, From C:/Program Files/Epic Games/UE_4.13/Engine/Plugins/Runtime/GoogleVR/GoogleVRHMD/GoogleVRHMD.uplugin
LogPluginManager: Loaded Plugin IOSDeviceProfileSelector, From C:/Program Files/Epic Games/UE_4.13/Engine/Plugins/Runtime/IOSDeviceProfileSelector/IOSDeviceProfileSelector.uplugin
LogPluginManager: Loaded Plugin LeapMotion, From C:/Program Files/Epic Games/UE_4.13/Engine/Plugins/Runtime/LeapMotion/LeapMotion.uplugin
LogPluginManager: Loaded Plugin LinuxDeviceProfileSelector, From C:/Program Files/Epic Games/UE_4.13/Engine/Plugins/Runtime/LinuxDeviceProfileSelector/LinuxDeviceProfileSelector.uplugin
LogPluginManager: Loaded Plugin LiveEditorListenServer, From C:/Program Files/Epic Games/UE_4.13/Engine/Plugins/Runtime/LiveEditorListenServer/LiveEditorListenServer.uplugin
LogPluginManager: Loaded Plugin OculusAudio, From C:/Program Files/Epic Games/UE_4.13/Engine/Plugins/Runtime/OculusAudio/OculusAudio.uplugin
LogPluginManager: Loaded Plugin OculusInput, From C:/Program Files/Epic Games/UE_4.13/Engine/Plugins/Runtime/OculusInput/OculusInput.uplugin
LogPluginManager: Loaded Plugin OculusLibrary, From C:/Program Files/Epic Games/UE_4.13/Engine/Plugins/Runtime/OculusLibrary/OculusLibrary.uplugin
LogPluginManager: Loaded Plugin OculusRift, From C:/Program Files/Epic Games/UE_4.13/Engine/Plugins/Runtime/OculusRift/OculusRift.uplugin
LogPluginManager: Loaded Plugin Oodle, From C:/Program Files/Epic Games/UE_4.13/Engine/Plugins/Runtime/PacketHandlers/CompressionComponents/Oodle/Oodle.uplugin
LogPluginManager: Loaded Plugin ProceduralMeshComponent, From C:/Program Files/Epic Games/UE_4.13/Engine/Plugins/Runtime/ProceduralMeshComponent/ProceduralMeshComponent.uplugin
LogPluginManager: Loaded Plugin SoundMod, From C:/Program Files/Epic Games/UE_4.13/Engine/Plugins/Runtime/SoundMod/SoundMod.uplugin
LogPluginManager: Loaded Plugin SoundVisualizations, From C:/Program Files/Epic Games/UE_4.13/Engine/Plugins/Runtime/SoundVisualizations/SoundVisualizations.uplugin
LogPluginManager: Loaded Plugin SteamController, From C:/Program Files/Epic Games/UE_4.13/Engine/Plugins/Runtime/Steam/SteamController/SteamController.uplugin
LogPluginManager: Loaded Plugin SteamVR, From C:/Program Files/Epic Games/UE_4.13/Engine/Plugins/Runtime/Steam/SteamVR/SteamVR.uplugin
LogPluginManager: Loaded Plugin WebBrowserWidget, From C:/Program Files/Epic Games/UE_4.13/Engine/Plugins/Runtime/WebBrowserWidget/WebBrowserWidget.uplugin
LogPluginManager: Loaded Plugin WindowsDeviceProfileSelector, From C:/Program Files/Epic Games/UE_4.13/Engine/Plugins/Runtime/WindowsDeviceProfileSelector/WindowsDeviceProfileSelector.uplugin
LogPluginManager: Loaded Plugin WindowsMoviePlayer, From C:/Program Files/Epic Games/UE_4.13/Engine/Plugins/Runtime/WindowsMoviePlayer/WindowsMoviePlayer.uplugin
LogPluginManager: Loaded Plugin ScriptPlugin, From C:/Program Files/Epic Games/UE_4.13/Engine/Plugins/ScriptPlugin/ScriptPlugin.uplugin
LogPluginManager: Loaded Plugin SlateRemote, From C:/Program Files/Epic Games/UE_4.13/Engine/Plugins/Slate/SlateRemote/SlateRemote.uplugin
LogInit: Using libcurl 7.47.1
LogInit:  - built for x86_64-pc-win32
LogInit:  - supports SSL with WinSSL
LogInit:  - other features:
LogInit:      CURL_VERSION_SSL
LogInit:      CURL_VERSION_IPV6
LogInit:      CURL_VERSION_ASYNCHDNS
LogInit:      CURL_VERSION_LARGEFILE
LogInit:      CURL_VERSION_IDN
LogInit:  CurlRequestOptions (configurable via config and command line):
LogInit:  - bVerifyPeer = false  - Libcurl will NOT verify peer certificate
LogInit:  - bUseHttpProxy = false  - Libcurl will NOT use HTTP proxy
LogInit:  - bDontReuseConnections = false  - Libcurl will reuse connections
LogInit:  - CertBundlePath = nullptr  - Libcurl will use whatever was configured at build time.
LogInit: Build: ++UE4+Release-4.13-CL-3172292
LogInit: Engine Version: 4.13.2-3172292+++UE4+Release-4.13
LogInit: Compatible Engine Version: 4.13.0-3106830+++UE4+Release-4.13
LogInit: Net CL: 3172292
LogDevObjectVersion: Number of dev versions registered: 13
LogDevObjectVersion:   Dev-Blueprints (B0D832E4-1F89-4F0D-ACCF-7EB736FD4AA2): 5
LogDevObjectVersion:   Dev-Build (E1C64328-A22C-4D53-A36C-8E866417BD8C): 0
LogDevObjectVersion:   Dev-Core (375EC13C-06E4-48FB-B500-84F0262A717E): 1
LogDevObjectVersion:   Dev-Editor (E4B068ED-F494-42E9-A231-DA0B2E46BB41): 6
LogDevObjectVersion:   Dev-Framework (CFFC743F-43B0-4480-9391-14DF171D2073): 12
LogDevObjectVersion:   Dev-Mobile (B02B49B5-BB20-44E9-A304-32B752E40360): 0
LogDevObjectVersion:   Dev-Networking (A4E4105C-59A1-49B5-A7C5-40C4547EDFEE): 0
LogDevObjectVersion:   Dev-Online (39C831C9-5AE6-47DC-9A44-9C173E1C8E7C): 0
LogDevObjectVersion:   Dev-Physics (78F01B33-EBEA-4F98-B9B4-84EACCB95AA2): 0
LogDevObjectVersion:   Dev-Platform (6631380F-2D4D-43E0-8009-CF276956A95A): 0
LogDevObjectVersion:   Dev-Rendering (12F88B9F-8875-4AFC-A67C-D90C383ABD29): 4
LogDevObjectVersion:   Dev-Sequencer (7B5AE74C-D270-4C10-A958-57980B212A5A): 0
LogDevObjectVersion:   Dev-VR (D7296918-1DD6-4BDD-9DE2-64A83CC13884): 0
LogInit: Compiled (64-bit): Oct 24 2016 14:29:06
LogInit: Compiled with Visual C++: 19.00.23026.00
LogInit: Build Configuration: Development
LogInit: Branch Name: ++UE4+Release-4.13
LogInit: Command line: 
LogInit: Base directory: C:/Program Files/Epic Games/UE_4.13/Engine/Binaries/Win64/
LogInit: Installed Engine Build: 1
LogInit: Presizing for max 8388607 objects, including 0 objects not considered by GC, pre-allocating 0 bytes for permanent pool.
LogInit: Object subsystem initialized
[2017.03.07-00.07.51:512][  0]LogInit: Selected Device Profile: [Windows]
[2017.03.07-00.07.51:512][  0]LogInit: Applying CVar settings loaded from the selected device profile: [Windows]
[2017.03.07-00.07.51:518][  0]LogInit: Computer: 808QF42
[2017.03.07-00.07.51:518][  0]LogInit: User: B201430225
[2017.03.07-00.07.51:518][  0]LogInit: CPU Page size=65536, Cores=4
[2017.03.07-00.07.51:518][  0]LogInit: High frequency timer resolution =3.515645 MHz
[2017.03.07-00.07.51:518][  0]LogMemory: Memory total: Physical=15.9GB (16GB approx)
[2017.03.07-00.07.51:518][  0]LogMemory: Platform Memory Stats for Windows
[2017.03.07-00.07.51:518][  0]LogMemory: Process Physical Memory: 259.06 MB used, 259.06 MB peak
[2017.03.07-00.07.51:518][  0]LogMemory: Process Virtual Memory: 260.28 MB used, 260.28 MB peak
[2017.03.07-00.07.51:518][  0]LogMemory: Physical Memory: 5065.16 MB used, 16298.84 MB total
[2017.03.07-00.07.51:518][  0]LogMemory: Virtual Memory: 653.47 MB used, 134217728.00 MB total
[2017.03.07-00.07.51:539][  0]LogTextLocalizationManager: No specific translations for ('en-AU') exist, so ('en') translations will be used.
[2017.03.07-00.07.52:052][  0]LogD3D11RHI: D3D11 adapters:
[2017.03.07-00.07.52:062][  0]LogD3D11RHI:    0. 'AMD Radeon(TM) R9 270' (Feature Level 11_0)
[2017.03.07-00.07.52:062][  0]LogD3D11RHI:       2030/0/8149 MB DedicatedVideo/DedicatedSystem/SharedSystem, Outputs:1, VendorId:0x1002
[2017.03.07-00.07.52:068][  0]LogD3D11RHI:    1. 'Intel(R) HD Graphics 4600' (Feature Level 11_0)
[2017.03.07-00.07.52:068][  0]LogD3D11RHI:       112/0/2048 MB DedicatedVideo/DedicatedSystem/SharedSystem, Outputs:0, VendorId:0x8086
[2017.03.07-00.07.52:069][  0]LogD3D11RHI:    2. 'Microsoft Basic Render Driver' (Feature Level 11_0)
[2017.03.07-00.07.52:069][  0]LogD3D11RHI:       0/0/8149 MB DedicatedVideo/DedicatedSystem/SharedSystem, Outputs:0, VendorId:0x1414
[2017.03.07-00.07.52:069][  0]LogD3D11RHI: Chosen D3D11 Adapter: 0
[2017.03.07-00.07.52:073][  0]LogD3D11RHI: Creating new Direct3DDevice
[2017.03.07-00.07.52:073][  0]LogD3D11RHI:     GPU DeviceId: 0x6811 (for the marketing name, search the web for "GPU Device Id")
[2017.03.07-00.07.52:073][  0]LogWindows: EnumDisplayDevices:
[2017.03.07-00.07.52:073][  0]LogWindows:    0. 'AMD Radeon(TM) R9 270' (P:1 D:1)
[2017.03.07-00.07.52:073][  0]LogWindows:    1. 'AMD Radeon(TM) R9 270' (P:0 D:0)
[2017.03.07-00.07.52:073][  0]LogWindows:    2. 'AMD Radeon(TM) R9 270' (P:0 D:0)
[2017.03.07-00.07.52:073][  0]LogWindows:    3. 'AMD Radeon(TM) R9 270' (P:0 D:0)
[2017.03.07-00.07.52:074][  0]LogWindows:    4. 'AMD Radeon(TM) R9 270' (P:0 D:0)
[2017.03.07-00.07.52:074][  0]LogWindows:    5. 'AMD Radeon(TM) R9 270' (P:0 D:0)
[2017.03.07-00.07.52:074][  0]LogWindows:    6. 'Intel(R) HD Graphics 4600' (P:0 D:0)
[2017.03.07-00.07.52:074][  0]LogWindows:    7. 'Intel(R) HD Graphics 4600' (P:0 D:0)
[2017.03.07-00.07.52:074][  0]LogWindows:    8. 'Intel(R) HD Graphics 4600' (P:0 D:0)
[2017.03.07-00.07.52:075][  0]LogWindows: DebugString: PrimaryIsNotTheChoosenAdapter PrimaryIsNotTheChoosenAdapter PrimaryIsNotTheChoosenAdapter FoundDriverCount:6 
[2017.03.07-00.07.52:075][  0]LogD3D11RHI:     Adapter Name: AMD Radeon(TM) R9 270
[2017.03.07-00.07.52:075][  0]LogD3D11RHI:   Driver Version: Crimson 15.11 (internal:15.301.1701.0, unified:15.301.1701.0)
[2017.03.07-00.07.52:075][  0]LogD3D11RHI:      Driver Date: 1-13-2016
[2017.03.07-00.07.52:075][  0]LogRHI: Texture pool is 1361 MB (70% of 1945 MB)
[2017.03.07-00.07.52:080][  0]LogD3D11RHI: Async texture creation enabled
[2017.03.07-00.07.52:093][  0]LogD3D11RHI: GPU Timing Frequency: 27.000000 (Debug: 2 1)
[2017.03.07-00.07.52:094][  0]LogShaderCompilers: Guid format shader working directory is -10 characters bigger than the processId version (../../../../../../Users/b201430225/Desktop/SavingInventory3/Intermediate/Shaders/WorkingDirectory/7844/).
[2017.03.07-00.07.52:094][  0]LogShaderCompilers: Cleaned the shader compiler working directory 'C:/Users/B20143~1/AppData/Local/Temp/UnrealShaderWorkingDir/8B835A60436C00EDE94305801C1B6864/'.
[2017.03.07-00.07.52:094][  0]LogShaderCompilers:Display: Using Local Shader Compiler.
[2017.03.07-00.07.52:921][  0]LogTemp:Display: Loaded TP AllDesktopTargetPlatform
[2017.03.07-00.07.52:927][  0]LogTemp:Display: Loaded TP WindowsClientTargetPlatform
[2017.03.07-00.07.52:934][  0]LogTemp:Display: Loaded TP WindowsNoEditorTargetPlatform
[2017.03.07-00.07.52:940][  0]LogTemp:Display: Loaded TP WindowsServerTargetPlatform
[2017.03.07-00.07.52:946][  0]LogTemp:Display: Loaded TP WindowsTargetPlatform
[2017.03.07-00.07.52:952][  0]LogTemp:Display: Loaded TP AndroidTargetPlatform
[2017.03.07-00.07.52:957][  0]LogTemp:Display: Loaded TP Android_ASTCTargetPlatform
[2017.03.07-00.07.52:962][  0]LogTemp:Display: Loaded TP Android_ATCTargetPlatform
[2017.03.07-00.07.52:968][  0]LogTemp:Display: Loaded TP Android_DXTTargetPlatform
[2017.03.07-00.07.52:973][  0]LogTemp:Display: Loaded TP Android_ETC1TargetPlatform
[2017.03.07-00.07.52:978][  0]LogTemp:Display: Loaded TP Android_ETC2TargetPlatform
[2017.03.07-00.07.52:988][  0]LogTemp:Display: Loaded TP Android_MultiTargetPlatform
[2017.03.07-00.07.52:988][  0]LogTemp:Display: Loaded TP Android_PVRTCTargetPlatform
[2017.03.07-00.07.52:989][  0]LogTemp:Display: Loaded TP HTML5TargetPlatform
[2017.03.07-00.07.53:006][  0]LogTemp:Display: Loaded TP IOSTargetPlatform
[2017.03.07-00.07.53:011][  0]LogTemp:Display: Loaded TP TVOSTargetPlatform
[2017.03.07-00.07.53:016][  0]LogTemp:Display: Loaded TP LinuxClientTargetPlatform
[2017.03.07-00.07.53:021][  0]LogTemp:Display: Loaded TP LinuxNoEditorTargetPlatform
[2017.03.07-00.07.53:027][  0]LogTemp:Display: Loaded TP LinuxServerTargetPlatform
[2017.03.07-00.07.53:032][  0]LogTemp:Display: Loaded TP LinuxTargetPlatform
[2017.03.07-00.07.53:032][  0]LogTargetPlatformManager:Display: Building Assets For Windows
[2017.03.07-00.07.53:093][  0]LogDerivedDataCache:Display: Max Cache Size: 512 MB
[2017.03.07-00.07.53:143][  0]LogDerivedDataCache: Loaded boot cache 0.05s 62MB C:/Users/b201430225/AppData/Local/UnrealEngine/4.13/DerivedDataCache/Boot.ddc.
[2017.03.07-00.07.53:143][  0]LogDerivedDataCache:Display: Loaded Boot cache: C:/Users/b201430225/AppData/Local/UnrealEngine/4.13/DerivedDataCache/Boot.ddc
[2017.03.07-00.07.53:143][  0]LogDerivedDataCache: FDerivedDataBackendGraph:  Pak pak cache file ../../../../../../Users/b201430225/Desktop/SavingInventory3/DerivedDataCache/DDC.ddp not found, will not use a pak cache.
[2017.03.07-00.07.53:143][  0]LogDerivedDataCache: Unable to find inner node Pak for hierarchical cache Hierarchy.
[2017.03.07-00.07.53:144][  0]LogDerivedDataCache: FDerivedDataBackendGraph:  CompressedPak pak cache file ../../../../../../Users/b201430225/Desktop/SavingInventory3/DerivedDataCache/Compressed.ddp not found, will not use a pak cache.
[2017.03.07-00.07.53:144][  0]LogDerivedDataCache: Unable to find inner node CompressedPak for hierarchical cache Hierarchy.
[2017.03.07-00.07.53:157][  0]LogDerivedDataCache:Display: Pak cache opened for reading ../../../Engine/DerivedDataCache/Compressed.ddp.
[2017.03.07-00.07.53:168][  0]LogDerivedDataCache: Using Local data cache path C:/Users/b201430225/AppData/Local/UnrealEngine/Common/DerivedDataCache: Writable
[2017.03.07-00.07.53:324][  0]LogInit: Selected Device Profile: [Windows]
[2017.03.07-00.07.53:326][  0]LogContentStreaming: Texture pool size is 0.00 MB
[2017.03.07-00.07.53:399][  0]LogMeshUtilities: No automatic mesh reduction module available
[2017.03.07-00.07.53:399][  0]LogMeshUtilities: No automatic mesh merging module available
[2017.03.07-00.07.53:399][  0]LogMeshUtilities: No distributed automatic mesh merging module available
[2017.03.07-00.07.53:452][  0]LogMaterial: Uniform references updated for custom material expression Custom.
[2017.03.07-00.07.53:710][  0]LogNetVersion: GetLocalNetworkVersion: CL: 3106830, ProjectName: savinginventory, ProjectVersion: , EngineNetworkVersion: 1, GameNetworkVersion: 0, NetworkChecksum: 1071487255
[2017.03.07-00.07.53:744][  0]LogAssetRegistry: FAssetRegistry took 0.0224 seconds to start up
[2017.03.07-00.07.53:773][  0]LogPackageLocalizationCache: Processed 3 localized package path(s) for 2 prioritized culture(s) in 0.027549 seconds
[2017.03.07-00.07.53:780][  0]LogUObjectArray: 29778 objects as part of root set at end of initial load.
[2017.03.07-00.07.53:780][  0]LogUObjectAllocator: 6125448 out of 0 bytes used by permanent object pool.
[2017.03.07-00.07.53:780][  0]LogUObjectArray: CloseDisregardForGC: 0/0 objects in disregard for GC pool
[2017.03.07-00.07.53:786][  0]LogInit: WinSock: version 1.1 (2.2), MaxSocks=32767, MaxUdp=65467
[2017.03.07-00.07.53:959][  0]LogSlate: SlateFontCache - WITH_FREETYPE: 1, WITH_HARFBUZZ: 1
[2017.03.07-00.07.53:959][  0]LogSlate: SlateFontCache - WITH_FREETYPE: 1, WITH_HARFBUZZ: 1
[2017.03.07-00.07.54:495][  0]LogTcpMessaging: Initializing TcpMessaging bridge
[2017.03.07-00.07.54:521][  0]LogUdpMessaging: Initializing bridge on interface 0.0.0.0:0 to multicast group 230.0.0.1:6666.
[2017.03.07-00.07.54:725][  0]SourceControl: Info Source control is disabled
[2017.03.07-00.07.54:770][  0]SourceControl: Info Source control is disabled
[2017.03.07-00.07.54:781][  0]SourceControl: Info Source control is disabled
[2017.03.07-00.07.54:790][  0]SourceControl: Info Source control is disabled
[2017.03.07-00.07.54:856][  0]LogLinker:Warning: Can't find file '/Game/2DSideScrollerBP/2DSideScrollerOverview'
[2017.03.07-00.07.54:857][  0]LogLinker:Warning: Can't find file '/Game/2DSideScrollerBP/2DSideScrollerOverview'
[2017.03.07-00.07.54:857][  0]LogUObjectGlobals:Warning: Failed to find object 'Class /Game/2DSideScrollerBP/2DSideScrollerOverview.2DSideScrollerOverview_C'
[2017.03.07-00.07.55:041][  0]LogEngine: Initializing Engine...
[2017.03.07-00.07.55:041][  0]LogHMD: Failed to initialize OpenVR with code 110
[2017.03.07-00.07.55:148][  0]LogAIModule: Creating AISystem for world Untitled
[2017.03.07-00.07.55:154][  0]LogInit: XAudio2 using 'Realtek Digital Output (Realtek Audio)' : 2 channels at 48 kHz using 16 bits per sample (channel mask 0x3)
[2017.03.07-00.07.55:181][  0]LogInit: FAudioDevice initialized.
[2017.03.07-00.07.55:207][  0]LogDerivedDataCache: Saved boot cache 0.03s 62MB C:/Users/b201430225/AppData/Local/UnrealEngine/4.13/DerivedDataCache/Boot.ddc.
[2017.03.07-00.07.55:212][  0]LogInit: Texture streaming: Enabled
[2017.03.07-00.07.55:231][  0]LogInit: Transaction tracking system initialized
[2017.03.07-00.07.55:246][  0]BlueprintLog: New page: Editor Load
[2017.03.07-00.07.55:302][  0]LocalizationService: Info Localization service is disabled
[2017.03.07-00.07.55:365][  0]LogConsoleResponse:Display: 
[2017.03.07-00.07.55:454][  0]LogCook:Display: Max memory allowance for cook 16384mb min free memory 0mb
[2017.03.07-00.07.55:454][  0]LogCook:Display: Mobile HDR setting 1
[2017.03.07-00.07.55:591][  0]LogFileCache: Scanning file cache for directory 'C:/Users/b201430225/Desktop/SavingInventory3/Content/' took 0.02s
[2017.03.07-00.07.55:591][  0]SourceControl: Info Source control is disabled
[2017.03.07-00.07.55:591][  0]Cmd: MAP LOAD FILE="../../../../../../Users/b201430225/Desktop/SavingInventory3/Content/ThirdPersonBP/Maps/ThirdPersonExampleMap.umap" TEMPLATE=0 SHOWPROGRESS=1 FEATURELEVEL=3
[2017.03.07-00.07.55:591][  0]LightingResults: New page: Lighting Build
[2017.03.07-00.07.55:593][  0]MapCheck: New page: Map Check
[2017.03.07-00.07.55:593][  0]LightingResults: New page: Lighting Build
[2017.03.07-00.07.56:216][  0]LogAIModule: Creating AISystem for world ThirdPersonExampleMap
[2017.03.07-00.07.56:230][  0]LogEditorServer: Finished looking for orphan Actors (0.000 secs)
[2017.03.07-00.07.56:231][  0]Cmd: MAP CHECKDEP NOCLEARLOG
[2017.03.07-00.07.56:289][  0]MapCheck: Info Map check complete: 0 Error(s), 0 Warning(s), took 58.563ms to complete.
[2017.03.07-00.07.56:289][  0]LogFileHelpers: Loading map 'ThirdPersonExampleMap' took 0.699
[2017.03.07-00.07.56:393][  0]LogCollectionManager: Loaded 0 collections in 0.001516 seconds
[2017.03.07-00.07.56:430][  0]LogFileCache: Scanning file cache for directory 'C:/Users/b201430225/Desktop/SavingInventory3/Saved/Collections/' took 0.01s
[2017.03.07-00.07.56:430][  0]LogFileCache: Scanning file cache for directory 'C:/Users/b201430225/Desktop/SavingInventory3/Content/Developers/B201430225/Collections/' took 0.01s
[2017.03.07-00.07.56:430][  0]LogFileCache: Scanning file cache for directory 'C:/Users/b201430225/Desktop/SavingInventory3/Content/Collections/' took 0.01s
[2017.03.07-00.07.56:430][  0]LogCollectionManager: Rebuilt the GUID cache for 0 collections in 0.000003 seconds
[2017.03.07-00.07.56:444][  0]LogContentBrowser: Native class hierarchy populated in 0.0140 seconds. Added 2141 classes and 415 folders.
[2017.03.07-00.07.56:450][  0]LogStats: UGameplayTagsManager::ConstructGameplayTagTree: Construct from data asset -  0.000 s
[2017.03.07-00.07.56:450][  0]LogStats: UGameplayTagsManager::ConstructGameplayTagTree: GameplayTagTreeChangedEvent.Broadcast -  0.000 s
[2017.03.07-00.07.56:451][  0]LogContentBrowser: Native class hierarchy updated for 'GameplayTags' in 0.0008 seconds. Added 12 classes and 0 folders.
[2017.03.07-00.07.56:458][  0]LogContentBrowser: Native class hierarchy updated for 'WidgetCarousel' in 0.0007 seconds. Added 0 classes and 0 folders.
[2017.03.07-00.07.56:500][  0]LogContentBrowser: Native class hierarchy updated for 'AddContentDialog' in 0.0004 seconds. Added 0 classes and 0 folders.
[2017.03.07-00.07.56:504][  0]LogContentBrowser: Native class hierarchy updated for 'SceneOutliner' in 0.0003 seconds. Added 1 classes and 2 folders.
[2017.03.07-00.07.56:515][  0]LogCrashTracker: Crashtracker disabled due to settings.
[2017.03.07-00.07.56:519][  0]LogUObjectGlobals:Warning: Failed to find object 'Class None.'
[2017.03.07-00.07.56:545][  0]LogContentBrowser: Native class hierarchy updated for 'HierarchicalLODOutliner' in 0.0004 seconds. Added 1 classes and 2 folders.
[2017.03.07-00.07.56:546][  0]LogLoad: (Engine Initialization) Total time: 9.22 seconds
[2017.03.07-00.07.56:546][  0]LogLoad: (Engine Initialization) Total Blueprint compile time: 0.21 seconds
[2017.03.07-00.07.56:546][  0]LogExternalProfiler: Found external profiler: VSPerf
[2017.03.07-00.07.56:546][  0]LogExternalProfiler: Using external profiler: VSPerf
[2017.03.07-00.07.56:555][  0]LogWindowsTextInputMethodSystem:Display: IME system now deactivated.
[2017.03.07-00.07.56:555][  0]LogOcInput: OculusInput pre-init called
[2017.03.07-00.07.56:581][  0]LogContentStreaming: Texture pool size now 1000 MB
[2017.03.07-00.07.56:709][  0]LogRenderer: Reallocating scene render targets to support 1208x576 (Frame:2).
[2017.03.07-00.07.56:977][  2]LogAssetRegistry: Asset discovery search completed in 3.2554 seconds
[2017.03.07-00.07.56:977][  2]LogCollectionManager: Rebuilt the object cache for 0 collections in 0.000001 seconds (found 0 objects)
[2017.03.07-00.07.56:977][  2]LogCollectionManager: Fixed up redirectors for 0 collections in 0.000020 seconds (updated 0 objects)
[2017.03.07-00.08.02:469][597]LogBlueprintUserMessages: Early PlayInEditor Detection: Level '/Game/ThirdPersonBP/Maps/ThirdPersonExampleMap.ThirdPersonExampleMap:PersistentLevel' has LevelScriptBlueprint '/Game/ThirdPersonBP/Maps/ThirdPersonExampleMap.ThirdPersonExampleMap:PersistentLevel.ThirdPersonExampleMap' with GeneratedClass '/Game/ThirdPersonBP/Maps/ThirdPersonExampleMap.ThirdPersonExampleMap_C' with ClassGeneratedBy '/Game/ThirdPersonBP/Maps/ThirdPersonExampleMap.ThirdPersonExampleMap:PersistentLevel.ThirdPersonExampleMap'
[2017.03.07-00.08.02:469][597]LogPlayLevel: PlayLevel: No blueprints needed recompiling
[2017.03.07-00.08.02:470][597]PIE: New page: PIE session: ThirdPersonExampleMap (7 Mar 2017 9:08:02 pm)
[2017.03.07-00.08.02:470][597]LogPlayLevel: Creating play world package: /Game/ThirdPersonBP/Maps/UEDPIE_0_ThirdPersonExampleMap
[2017.03.07-00.08.02:499][597]LogPlayLevel: PIE: StaticDuplicateObject took: (0.028159s)
[2017.03.07-00.08.02:500][597]LogAIModule: Creating AISystem for world ThirdPersonExampleMap
[2017.03.07-00.08.02:500][597]LogPlayLevel: PIE: World Init took: (0.001008s)
[2017.03.07-00.08.02:500][597]LogPlayLevel: PIE: Created PIE world by copying editor world from /Game/ThirdPersonBP/Maps/ThirdPersonExampleMap.ThirdPersonExampleMap to /Game/ThirdPersonBP/Maps/UEDPIE_0_ThirdPersonExampleMap.ThirdPersonExampleMap (0.029527s)
[2017.03.07-00.08.02:521][597]LogInit: XAudio2 using 'Realtek Digital Output (Realtek Audio)' : 2 channels at 48 kHz using 16 bits per sample (channel mask 0x3)
[2017.03.07-00.08.02:533][597]LogInit: FAudioDevice initialized.
[2017.03.07-00.08.02:597][597]LogWorld: Game class is 'ThirdPersonGameMode_C'
[2017.03.07-00.08.02:605][597]LogWorld: Bringing World /Game/ThirdPersonBP/Maps/UEDPIE_0_ThirdPersonExampleMap.ThirdPersonExampleMap up for play (max tick rate 0) at 2017.03.07-11.08.02
[2017.03.07-00.08.02:606][597]LogWorld: Bringing up level for play took: 0.007010
[2017.03.07-00.08.02:611][597]LogContentBrowser: Native class hierarchy updated for 'MovieSceneCapture' in 0.0008 seconds. Added 11 classes and 0 folders.
[2017.03.07-00.08.02:612][597]LogGameMode:Display: Match State Changed from EnteringMap to WaitingToStart
[2017.03.07-00.08.02:612][597]LogGameState: Match State Changed from EnteringMap to WaitingToStart
[2017.03.07-00.08.02:612][597]LogGameMode:Display: Match State Changed from WaitingToStart to InProgress
[2017.03.07-00.08.02:614][597]LogGameState: Match State Changed from WaitingToStart to InProgress
[2017.03.07-00.08.02:620][597]PIE: Info Play in editor start time for /Game/ThirdPersonBP/Maps/UEDPIE_0_ThirdPersonExampleMap 0.583
[2017.03.07-00.08.02:620][597]LogBlueprintUserMessages: Late PlayInEditor Detection: Level '/Game/ThirdPersonBP/Maps/ThirdPersonExampleMap.ThirdPersonExampleMap:PersistentLevel' has LevelScriptBlueprint '/Game/ThirdPersonBP/Maps/ThirdPersonExampleMap.ThirdPersonExampleMap:PersistentLevel.ThirdPersonExampleMap' with GeneratedClass '/Game/ThirdPersonBP/Maps/ThirdPersonExampleMap.ThirdPersonExampleMap_C' with ClassGeneratedBy '/Game/ThirdPersonBP/Maps/ThirdPersonExampleMap.ThirdPersonExampleMap:PersistentLevel.ThirdPersonExampleMap'
[2017.03.07-00.08.02:676][597]LogRenderer: Reallocating scene render targets to support 1292x756 (Frame:624).
[2017.03.07-00.08.08:219][123]LogBlueprintUserMessages: [SwordPickup3] Press T to pick up
[2017.03.07-00.08.13:505][663]LogBlueprintUserMessages: Early EndPlayMap Detection: Level '/Game/ThirdPersonBP/Maps/ThirdPersonExampleMap.ThirdPersonExampleMap:PersistentLevel' has LevelScriptBlueprint '/Game/ThirdPersonBP/Maps/ThirdPersonExampleMap.ThirdPersonExampleMap:PersistentLevel.ThirdPersonExampleMap' with GeneratedClass '/Game/ThirdPersonBP/Maps/ThirdPersonExampleMap.ThirdPersonExampleMap_C' with ClassGeneratedBy '/Game/ThirdPersonBP/Maps/ThirdPersonExampleMap.ThirdPersonExampleMap:PersistentLevel.ThirdPersonExampleMap'
[2017.03.07-00.08.13:544][663]LogBlueprintUserMessages: Late EndPlayMap Detection: Level '/Game/ThirdPersonBP/Maps/ThirdPersonExampleMap.ThirdPersonExampleMap:PersistentLevel' has LevelScriptBlueprint '/Game/ThirdPersonBP/Maps/ThirdPersonExampleMap.ThirdPersonExampleMap:PersistentLevel.ThirdPersonExampleMap' with GeneratedClass '/Game/ThirdPersonBP/Maps/ThirdPersonExampleMap.ThirdPersonExampleMap_C' with ClassGeneratedBy '/Game/ThirdPersonBP/Maps/ThirdPersonExampleMap.ThirdPersonExampleMap:PersistentLevel.ThirdPersonExampleMap'
[2017.03.07-00.08.14:593][773]LogBlueprintUserMessages: Early PlayInEditor Detection: Level '/Game/ThirdPersonBP/Maps/ThirdPersonExampleMap.ThirdPersonExampleMap:PersistentLevel' has LevelScriptBlueprint '/Game/ThirdPersonBP/Maps/ThirdPersonExampleMap.ThirdPersonExampleMap:PersistentLevel.ThirdPersonExampleMap' with GeneratedClass '/Game/ThirdPersonBP/Maps/ThirdPersonExampleMap.ThirdPersonExampleMap_C' with ClassGeneratedBy '/Game/ThirdPersonBP/Maps/ThirdPersonExampleMap.ThirdPersonExampleMap:PersistentLevel.ThirdPersonExampleMap'
[2017.03.07-00.08.14:594][773]LogPlayLevel: PlayLevel: No blueprints needed recompiling
[2017.03.07-00.08.14:594][773]PIE: New page: PIE session: ThirdPersonExampleMap (7 Mar 2017 9:08:14 pm)
[2017.03.07-00.08.14:594][773]LogPlayLevel: Creating play world package: /Game/ThirdPersonBP/Maps/UEDPIE_0_ThirdPersonExampleMap
[2017.03.07-00.08.14:614][773]LogPlayLevel: PIE: StaticDuplicateObject took: (0.020002s)
[2017.03.07-00.08.14:615][773]LogAIModule: Creating AISystem for world ThirdPersonExampleMap
[2017.03.07-00.08.14:615][773]LogPlayLevel: PIE: World Init took: (0.000996s)
[2017.03.07-00.08.14:615][773]LogPlayLevel: PIE: Created PIE world by copying editor world from /Game/ThirdPersonBP/Maps/ThirdPersonExampleMap.ThirdPersonExampleMap to /Game/ThirdPersonBP/Maps/UEDPIE_0_ThirdPersonExampleMap.ThirdPersonExampleMap (0.021315s)
[2017.03.07-00.08.14:626][773]LogInit: XAudio2 using 'Realtek Digital Output (Realtek Audio)' : 2 channels at 48 kHz using 16 bits per sample (channel mask 0x3)
[2017.03.07-00.08.14:636][773]LogInit: FAudioDevice initialized.
[2017.03.07-00.08.14:676][773]LogWorld: Game class is 'ThirdPersonGameMode_C'
[2017.03.07-00.08.14:702][773]LogWorld: Bringing World /Game/ThirdPersonBP/Maps/UEDPIE_0_ThirdPersonExampleMap.ThirdPersonExampleMap up for play (max tick rate 0) at 2017.03.07-11.08.14
[2017.03.07-00.08.14:703][773]LogWorld: Bringing up level for play took: 0.023316
[2017.03.07-00.08.14:704][773]LogGameMode:Display: Match State Changed from EnteringMap to WaitingToStart
[2017.03.07-00.08.14:704][773]LogGameState: Match State Changed from EnteringMap to WaitingToStart
[2017.03.07-00.08.14:704][773]LogGameMode:Display: Match State Changed from WaitingToStart to InProgress
[2017.03.07-00.08.14:707][773]LogGameState: Match State Changed from WaitingToStart to InProgress
[2017.03.07-00.08.14:712][773]PIE: Info Play in editor start time for /Game/ThirdPersonBP/Maps/UEDPIE_0_ThirdPersonExampleMap 0.675
[2017.03.07-00.08.14:713][773]LogBlueprintUserMessages: Late PlayInEditor Detection: Level '/Game/ThirdPersonBP/Maps/ThirdPersonExampleMap.ThirdPersonExampleMap:PersistentLevel' has LevelScriptBlueprint '/Game/ThirdPersonBP/Maps/ThirdPersonExampleMap.ThirdPersonExampleMap:PersistentLevel.ThirdPersonExampleMap' with GeneratedClass '/Game/ThirdPersonBP/Maps/ThirdPersonExampleMap.ThirdPersonExampleMap_C' with ClassGeneratedBy '/Game/ThirdPersonBP/Maps/ThirdPersonExampleMap.ThirdPersonExampleMap:PersistentLevel.ThirdPersonExampleMap'
[2017.03.07-00.08.17:048][  0]LogScriptCore:Warning: Script Msg: Attempted to access index 3 from array WeaponsOwned of length 3!
[2017.03.07-00.08.17:048][  0]LogScriptCore:Warning: 
[2017.03.07-00.08.17:437][ 39]LogScriptCore:Warning: Script Msg: Attempted to access index 3 from array WeaponsOwned of length 3!
[2017.03.07-00.08.17:437][ 39]LogScriptCore:Warning: 
[2017.03.07-00.08.17:994][ 96]LogScriptCore:Warning: Script Msg: Attempted to access index 3 from array WeaponsOwned of length 3!
[2017.03.07-00.08.17:994][ 96]LogScriptCore:Warning: 
[2017.03.07-00.08.18:212][117]LogScriptCore:Warning: Script Msg: Attempted to access index 3 from array WeaponsOwned of length 3!
[2017.03.07-00.08.18:212][117]LogScriptCore:Warning: 
[2017.03.07-00.08.18:434][140]LogScriptCore:Warning: Script Msg: Attempted to access index 3 from array WeaponsOwned of length 3!
[2017.03.07-00.08.18:434][140]LogScriptCore:Warning: 
[2017.03.07-00.08.18:751][173]LogScriptCore:Warning: Script Msg: Attempted to access index 3 from array WeaponsOwned of length 3!
[2017.03.07-00.08.18:751][173]LogScriptCore:Warning: 
[2017.03.07-00.08.18:791][177]LogScriptCore:Warning: Script Msg: Attempted to access index 3 from array WeaponsOwned of length 3!
[2017.03.07-00.08.18:791][177]LogScriptCore:Warning: 
[2017.03.07-00.08.22:623][566]LogBlueprintUserMessages: Early EndPlayMap Detection: Level '/Game/ThirdPersonBP/Maps/ThirdPersonExampleMap.ThirdPersonExampleMap:PersistentLevel' has LevelScriptBlueprint '/Game/ThirdPersonBP/Maps/ThirdPersonExampleMap.ThirdPersonExampleMap:PersistentLevel.ThirdPersonExampleMap' with GeneratedClass '/Game/ThirdPersonBP/Maps/ThirdPersonExampleMap.ThirdPersonExampleMap_C' with ClassGeneratedBy '/Game/ThirdPersonBP/Maps/ThirdPersonExampleMap.ThirdPersonExampleMap:PersistentLevel.ThirdPersonExampleMap'
[2017.03.07-00.08.22:658][566]LogBlueprintUserMessages: Late EndPlayMap Detection: Level '/Game/ThirdPersonBP/Maps/ThirdPersonExampleMap.ThirdPersonExampleMap:PersistentLevel' has LevelScriptBlueprint '/Game/ThirdPersonBP/Maps/ThirdPersonExampleMap.ThirdPersonExampleMap:PersistentLevel.ThirdPersonExampleMap' with GeneratedClass '/Game/ThirdPersonBP/Maps/ThirdPersonExampleMap.ThirdPersonExampleMap_C' with ClassGeneratedBy '/Game/ThirdPersonBP/Maps/ThirdPersonExampleMap.ThirdPersonExampleMap:PersistentLevel.ThirdPersonExampleMap'
[2017.03.07-00.08.24:399][740]LogEditorViewport: Clicking on Actor (LMB): WeaponPickup_C (WeaponPickup)
[2017.03.07-00.08.27:547][  4]LogContentBrowser: Native class hierarchy updated for 'BlueprintGraph' in 0.0007 seconds. Added 112 classes and 0 folders.
[2017.03.07-00.09.52:553][474]LogBlueprintUserMessages: Early PlayInEditor Detection: Level '/Game/ThirdPersonBP/Maps/ThirdPersonExampleMap.ThirdPersonExampleMap:PersistentLevel' has LevelScriptBlueprint '/Game/ThirdPersonBP/Maps/ThirdPersonExampleMap.ThirdPersonExampleMap:PersistentLevel.ThirdPersonExampleMap' with GeneratedClass '/Game/ThirdPersonBP/Maps/ThirdPersonExampleMap.ThirdPersonExampleMap_C' with ClassGeneratedBy '/Game/ThirdPersonBP/Maps/ThirdPersonExampleMap.ThirdPersonExampleMap:PersistentLevel.ThirdPersonExampleMap'
[2017.03.07-00.09.52:553][474]LogPlayLevel: PlayLevel: No blueprints needed recompiling
[2017.03.07-00.09.52:553][474]PIE: New page: PIE session: ThirdPersonExampleMap (7 Mar 2017 9:09:52 pm)
[2017.03.07-00.09.52:553][474]LogPlayLevel: Creating play world package: /Game/ThirdPersonBP/Maps/UEDPIE_0_ThirdPersonExampleMap
[2017.03.07-00.09.52:575][474]LogPlayLevel: PIE: StaticDuplicateObject took: (0.021331s)
[2017.03.07-00.09.52:576][474]LogAIModule: Creating AISystem for world ThirdPersonExampleMap
[2017.03.07-00.09.52:576][474]LogPlayLevel: PIE: World Init took: (0.001871s)
[2017.03.07-00.09.52:577][474]LogPlayLevel: PIE: Created PIE world by copying editor world from /Game/ThirdPersonBP/Maps/ThirdPersonExampleMap.ThirdPersonExampleMap to /Game/ThirdPersonBP/Maps/UEDPIE_0_ThirdPersonExampleMap.ThirdPersonExampleMap (0.023579s)
[2017.03.07-00.09.52:600][474]LogInit: XAudio2 using 'Realtek Digital Output (Realtek Audio)' : 2 channels at 48 kHz using 16 bits per sample (channel mask 0x3)
[2017.03.07-00.09.52:611][474]LogInit: FAudioDevice initialized.
[2017.03.07-00.09.52:646][474]LogWorld: Game class is 'ThirdPersonGameMode_C'
[2017.03.07-00.09.52:650][474]LogWorld: Bringing World /Game/ThirdPersonBP/Maps/UEDPIE_0_ThirdPersonExampleMap.ThirdPersonExampleMap up for play (max tick rate 0) at 2017.03.07-11.09.52
[2017.03.07-00.09.52:651][474]LogWorld: Bringing up level for play took: 0.003734
[2017.03.07-00.09.52:652][474]LogGameMode:Display: Match State Changed from EnteringMap to WaitingToStart
[2017.03.07-00.09.52:652][474]LogGameState: Match State Changed from EnteringMap to WaitingToStart
[2017.03.07-00.09.52:652][474]LogGameMode:Display: Match State Changed from WaitingToStart to InProgress
[2017.03.07-00.09.52:653][474]LogGameState: Match State Changed from WaitingToStart to InProgress
[2017.03.07-00.09.52:656][474]PIE: Info Play in editor start time for /Game/ThirdPersonBP/Maps/UEDPIE_0_ThirdPersonExampleMap 0.617
[2017.03.07-00.09.52:656][474]LogBlueprintUserMessages: Late PlayInEditor Detection: Level '/Game/ThirdPersonBP/Maps/ThirdPersonExampleMap.ThirdPersonExampleMap:PersistentLevel' has LevelScriptBlueprint '/Game/ThirdPersonBP/Maps/ThirdPersonExampleMap.ThirdPersonExampleMap:PersistentLevel.ThirdPersonExampleMap' with GeneratedClass '/Game/ThirdPersonBP/Maps/ThirdPersonExampleMap.ThirdPersonExampleMap_C' with ClassGeneratedBy '/Game/ThirdPersonBP/Maps/ThirdPersonExampleMap.ThirdPersonExampleMap:PersistentLevel.ThirdPersonExampleMap'
[2017.03.07-00.09.55:111][704]LogBlueprintUserMessages: [SwordPickup3] Press T to pick up
[2017.03.07-00.09.55:776][767]LogBlueprintUserMessages: [WeaponPickup_1238] Press T to pick up
[2017.03.07-00.10.00:102][172]LogScriptCore:Warning: Script Msg: Attempted to access index 3 from array WeaponsOwned of length 3!
[2017.03.07-00.10.00:102][172]LogScriptCore:Warning: 
[2017.03.07-00.10.00:619][220]LogScriptCore:Warning: Script Msg: Attempted to access index 3 from array WeaponsOwned of length 3!
[2017.03.07-00.10.00:619][220]LogScriptCore:Warning: 
[2017.03.07-00.10.01:081][260]LogScriptCore:Warning: Script Msg: Attempted to access index 3 from array WeaponsOwned of length 3!
[2017.03.07-00.10.01:081][260]LogScriptCore:Warning: 
[2017.03.07-00.10.01:410][289]LogScriptCore:Warning: Script Msg: Attempted to access index 3 from array WeaponsOwned of length 3!
[2017.03.07-00.10.01:410][289]LogScriptCore:Warning: 
[2017.03.07-00.10.01:753][322]LogScriptCore:Warning: Script Msg: Attempted to access index 3 from array WeaponsOwned of length 3!
[2017.03.07-00.10.01:753][322]LogScriptCore:Warning: 
[2017.03.07-00.10.02:312][377]LogScriptCore:Warning: Script Msg: Attempted to access index 3 from array WeaponsOwned of length 3!
[2017.03.07-00.10.02:312][377]LogScriptCore:Warning: 
[2017.03.07-00.10.02:737][415]LogScriptCore:Warning: Script Msg: Attempted to access index 3 from array WeaponsOwned of length 3!
[2017.03.07-00.10.02:737][415]LogScriptCore:Warning: 
[2017.03.07-00.10.03:590][496]LogScriptCore:Warning: Script Msg: Attempted to access index 3 from array WeaponsOwned of length 3!
[2017.03.07-00.10.03:590][496]LogScriptCore:Warning: 
[2017.03.07-00.10.10:062][109]LogBlueprintUserMessages: Early EndPlayMap Detection: Level '/Game/ThirdPersonBP/Maps/ThirdPersonExampleMap.ThirdPersonExampleMap:PersistentLevel' has LevelScriptBlueprint '/Game/ThirdPersonBP/Maps/ThirdPersonExampleMap.ThirdPersonExampleMap:PersistentLevel.ThirdPersonExampleMap' with GeneratedClass '/Game/ThirdPersonBP/Maps/ThirdPersonExampleMap.ThirdPersonExampleMap_C' with ClassGeneratedBy '/Game/ThirdPersonBP/Maps/ThirdPersonExampleMap.ThirdPersonExampleMap:PersistentLevel.ThirdPersonExampleMap'
[2017.03.07-00.10.10:156][109]LogBlueprintUserMessages: Late EndPlayMap Detection: Level '/Game/ThirdPersonBP/Maps/ThirdPersonExampleMap.ThirdPersonExampleMap:PersistentLevel' has LevelScriptBlueprint '/Game/ThirdPersonBP/Maps/ThirdPersonExampleMap.ThirdPersonExampleMap:PersistentLevel.ThirdPersonExampleMap' with GeneratedClass '/Game/ThirdPersonBP/Maps/ThirdPersonExampleMap.ThirdPersonExampleMap_C' with ClassGeneratedBy '/Game/ThirdPersonBP/Maps/ThirdPersonExampleMap.ThirdPersonExampleMap:PersistentLevel.ThirdPersonExampleMap'
[2017.03.07-00.10.12:689][383]LogBlueprintUserMessages: Early PlayInEditor Detection: Level '/Game/ThirdPersonBP/Maps/ThirdPersonExampleMap.ThirdPersonExampleMap:PersistentLevel' has LevelScriptBlueprint '/Game/ThirdPersonBP/Maps/ThirdPersonExampleMap.ThirdPersonExampleMap:PersistentLevel.ThirdPersonExampleMap' with GeneratedClass '/Game/ThirdPersonBP/Maps/ThirdPersonExampleMap.ThirdPersonExampleMap_C' with ClassGeneratedBy '/Game/ThirdPersonBP/Maps/ThirdPersonExampleMap.ThirdPersonExampleMap:PersistentLevel.ThirdPersonExampleMap'
[2017.03.07-00.10.12:689][383]LogPlayLevel: PlayLevel: No blueprints needed recompiling
[2017.03.07-00.10.12:689][383]PIE: New page: PIE session: ThirdPersonExampleMap (7 Mar 2017 9:10:12 pm)
[2017.03.07-00.10.12:689][383]LogPlayLevel: Creating play world package: /Game/ThirdPersonBP/Maps/UEDPIE_0_ThirdPersonExampleMap
[2017.03.07-00.10.12:709][383]LogPlayLevel: PIE: StaticDuplicateObject took: (0.019691s)
[2017.03.07-00.10.12:709][383]LogAIModule: Creating AISystem for world ThirdPersonExampleMap
[2017.03.07-00.10.12:710][383]LogPlayLevel: PIE: World Init took: (0.000854s)
[2017.03.07-00.10.12:710][383]LogPlayLevel: PIE: Created PIE world by copying editor world from /Game/ThirdPersonBP/Maps/ThirdPersonExampleMap.ThirdPersonExampleMap to /Game/ThirdPersonBP/Maps/UEDPIE_0_ThirdPersonExampleMap.ThirdPersonExampleMap (0.020809s)
[2017.03.07-00.10.12:729][383]LogInit: XAudio2 using 'Realtek Digital Output (Realtek Audio)' : 2 channels at 48 kHz using 16 bits per sample (channel mask 0x3)
[2017.03.07-00.10.12:738][383]LogInit: FAudioDevice initialized.
[2017.03.07-00.10.12:783][383]LogWorld: Game class is 'ThirdPersonGameMode_C'
[2017.03.07-00.10.12:788][383]LogWorld: Bringing World /Game/ThirdPersonBP/Maps/UEDPIE_0_ThirdPersonExampleMap.ThirdPersonExampleMap up for play (max tick rate 0) at 2017.03.07-11.10.12
[2017.03.07-00.10.12:789][383]LogWorld: Bringing up level for play took: 0.004998
[2017.03.07-00.10.12:790][383]LogGameMode:Display: Match State Changed from EnteringMap to WaitingToStart
[2017.03.07-00.10.12:790][383]LogGameState: Match State Changed from EnteringMap to WaitingToStart
[2017.03.07-00.10.12:790][383]LogGameMode:Display: Match State Changed from WaitingToStart to InProgress
[2017.03.07-00.10.12:792][383]LogGameState: Match State Changed from WaitingToStart to InProgress
[2017.03.07-00.10.12:796][383]PIE: Info Play in editor start time for /Game/ThirdPersonBP/Maps/UEDPIE_0_ThirdPersonExampleMap 0.756
[2017.03.07-00.10.12:796][383]LogBlueprintUserMessages: Late PlayInEditor Detection: Level '/Game/ThirdPersonBP/Maps/ThirdPersonExampleMap.ThirdPersonExampleMap:PersistentLevel' has LevelScriptBlueprint '/Game/ThirdPersonBP/Maps/ThirdPersonExampleMap.ThirdPersonExampleMap:PersistentLevel.ThirdPersonExampleMap' with GeneratedClass '/Game/ThirdPersonBP/Maps/ThirdPersonExampleMap.ThirdPersonExampleMap_C' with ClassGeneratedBy '/Game/ThirdPersonBP/Maps/ThirdPersonExampleMap.ThirdPersonExampleMap:PersistentLevel.ThirdPersonExampleMap'
[2017.03.07-00.10.24:855][596]LogBlueprintUserMessages: Early EndPlayMap Detection: Level '/Game/ThirdPersonBP/Maps/ThirdPersonExampleMap.ThirdPersonExampleMap:PersistentLevel' has LevelScriptBlueprint '/Game/ThirdPersonBP/Maps/ThirdPersonExampleMap.ThirdPersonExampleMap:PersistentLevel.ThirdPersonExampleMap' with GeneratedClass '/Game/ThirdPersonBP/Maps/ThirdPersonExampleMap.ThirdPersonExampleMap_C' with ClassGeneratedBy '/Game/ThirdPersonBP/Maps/ThirdPersonExampleMap.ThirdPersonExampleMap:PersistentLevel.ThirdPersonExampleMap'
[2017.03.07-00.10.24:911][596]LogBlueprintUserMessages: Late EndPlayMap Detection: Level '/Game/ThirdPersonBP/Maps/ThirdPersonExampleMap.ThirdPersonExampleMap:PersistentLevel' has LevelScriptBlueprint '/Game/ThirdPersonBP/Maps/ThirdPersonExampleMap.ThirdPersonExampleMap:PersistentLevel.ThirdPersonExampleMap' with GeneratedClass '/Game/ThirdPersonBP/Maps/ThirdPersonExampleMap.ThirdPersonExampleMap_C' with ClassGeneratedBy '/Game/ThirdPersonBP/Maps/ThirdPersonExampleMap.ThirdPersonExampleMap:PersistentLevel.ThirdPersonExampleMap'
[2017.03.07-00.10.26:255][733]LogBlueprintUserMessages: Early PlayInEditor Detection: Level '/Game/ThirdPersonBP/Maps/ThirdPersonExampleMap.ThirdPersonExampleMap:PersistentLevel' has LevelScriptBlueprint '/Game/ThirdPersonBP/Maps/ThirdPersonExampleMap.ThirdPersonExampleMap:PersistentLevel.ThirdPersonExampleMap' with GeneratedClass '/Game/ThirdPersonBP/Maps/ThirdPersonExampleMap.ThirdPersonExampleMap_C' with ClassGeneratedBy '/Game/ThirdPersonBP/Maps/ThirdPersonExampleMap.ThirdPersonExampleMap:PersistentLevel.ThirdPersonExampleMap'
[2017.03.07-00.10.26:255][733]LogPlayLevel: PlayLevel: No blueprints needed recompiling
[2017.03.07-00.10.26:255][733]PIE: New page: PIE session: ThirdPersonExampleMap (7 Mar 2017 9:10:26 pm)
[2017.03.07-00.10.26:255][733]LogPlayLevel: Creating play world package: /Game/ThirdPersonBP/Maps/UEDPIE_0_ThirdPersonExampleMap
[2017.03.07-00.10.26:274][733]LogPlayLevel: PIE: StaticDuplicateObject took: (0.018400s)
[2017.03.07-00.10.26:275][733]LogAIModule: Creating AISystem for world ThirdPersonExampleMap
[2017.03.07-00.10.26:275][733]LogPlayLevel: PIE: World Init took: (0.001381s)
[2017.03.07-00.10.26:275][733]LogPlayLevel: PIE: Created PIE world by copying editor world from /Game/ThirdPersonBP/Maps/ThirdPersonExampleMap.ThirdPersonExampleMap to /Game/ThirdPersonBP/Maps/UEDPIE_0_ThirdPersonExampleMap.ThirdPersonExampleMap (0.020104s)
[2017.03.07-00.10.26:290][733]LogInit: XAudio2 using 'Realtek Digital Output (Realtek Audio)' : 2 channels at 48 kHz using 16 bits per sample (channel mask 0x3)
[2017.03.07-00.10.26:301][733]LogInit: FAudioDevice initialized.
[2017.03.07-00.10.26:339][733]LogWorld: Game class is 'ThirdPersonGameMode_C'
[2017.03.07-00.10.26:343][733]LogWorld: Bringing World /Game/ThirdPersonBP/Maps/UEDPIE_0_ThirdPersonExampleMap.ThirdPersonExampleMap up for play (max tick rate 0) at 2017.03.07-11.10.26
[2017.03.07-00.10.26:344][733]LogWorld: Bringing up level for play took: 0.003612
[2017.03.07-00.10.26:344][733]LogGameMode:Display: Match State Changed from EnteringMap to WaitingToStart
[2017.03.07-00.10.26:344][733]LogGameState: Match State Changed from EnteringMap to WaitingToStart
[2017.03.07-00.10.26:344][733]LogGameMode:Display: Match State Changed from WaitingToStart to InProgress
[2017.03.07-00.10.26:345][733]LogGameState: Match State Changed from WaitingToStart to InProgress
[2017.03.07-00.10.26:349][733]PIE: Info Play in editor start time for /Game/ThirdPersonBP/Maps/UEDPIE_0_ThirdPersonExampleMap 0.309
[2017.03.07-00.10.26:349][733]LogBlueprintUserMessages: Late PlayInEditor Detection: Level '/Game/ThirdPersonBP/Maps/ThirdPersonExampleMap.ThirdPersonExampleMap:PersistentLevel' has LevelScriptBlueprint '/Game/ThirdPersonBP/Maps/ThirdPersonExampleMap.ThirdPersonExampleMap:PersistentLevel.ThirdPersonExampleMap' with GeneratedClass '/Game/ThirdPersonBP/Maps/ThirdPersonExampleMap.ThirdPersonExampleMap_C' with ClassGeneratedBy '/Game/ThirdPersonBP/Maps/ThirdPersonExampleMap.ThirdPersonExampleMap:PersistentLevel.ThirdPersonExampleMap'
[2017.03.07-00.10.31:058][205]LogBlueprintUserMessages: Early EndPlayMap Detection: Level '/Game/ThirdPersonBP/Maps/ThirdPersonExampleMap.ThirdPersonExampleMap:PersistentLevel' has LevelScriptBlueprint '/Game/ThirdPersonBP/Maps/ThirdPersonExampleMap.ThirdPersonExampleMap:PersistentLevel.ThirdPersonExampleMap' with GeneratedClass '/Game/ThirdPersonBP/Maps/ThirdPersonExampleMap.ThirdPersonExampleMap_C' with ClassGeneratedBy '/Game/ThirdPersonBP/Maps/ThirdPersonExampleMap.ThirdPersonExampleMap:PersistentLevel.ThirdPersonExampleMap'
[2017.03.07-00.10.31:106][205]LogBlueprintUserMessages: Late EndPlayMap Detection: Level '/Game/ThirdPersonBP/Maps/ThirdPersonExampleMap.ThirdPersonExampleMap:PersistentLevel' has LevelScriptBlueprint '/Game/ThirdPersonBP/Maps/ThirdPersonExampleMap.ThirdPersonExampleMap:PersistentLevel.ThirdPersonExampleMap' with GeneratedClass '/Game/ThirdPersonBP/Maps/ThirdPersonExampleMap.ThirdPersonExampleMap_C' with ClassGeneratedBy '/Game/ThirdPersonBP/Maps/ThirdPersonExampleMap.ThirdPersonExampleMap:PersistentLevel.ThirdPersonExampleMap'
[2017.03.07-00.10.48:332][144]LogBlueprintUserMessages: Early PlayInEditor Detection: Level '/Game/ThirdPersonBP/Maps/ThirdPersonExampleMap.ThirdPersonExampleMap:PersistentLevel' has LevelScriptBlueprint '/Game/ThirdPersonBP/Maps/ThirdPersonExampleMap.ThirdPersonExampleMap:PersistentLevel.ThirdPersonExampleMap' with GeneratedClass '/Game/ThirdPersonBP/Maps/ThirdPersonExampleMap.ThirdPersonExampleMap_C' with ClassGeneratedBy '/Game/ThirdPersonBP/Maps/ThirdPersonExampleMap.ThirdPersonExampleMap:PersistentLevel.ThirdPersonExampleMap'
[2017.03.07-00.10.48:332][144]LogPlayLevel: PlayLevel: No blueprints needed recompiling
[2017.03.07-00.10.48:332][144]PIE: New page: PIE session: ThirdPersonExampleMap (7 Mar 2017 9:10:48 pm)
[2017.03.07-00.10.48:332][144]LogPlayLevel: Creating play world package: /Game/ThirdPersonBP/Maps/UEDPIE_0_ThirdPersonExampleMap
[2017.03.07-00.10.48:357][144]LogPlayLevel: PIE: StaticDuplicateObject took: (0.024530s)
[2017.03.07-00.10.48:357][144]LogAIModule: Creating AISystem for world ThirdPersonExampleMap
[2017.03.07-00.10.48:358][144]LogPlayLevel: PIE: World Init took: (0.001213s)
[2017.03.07-00.10.48:358][144]LogPlayLevel: PIE: Created PIE world by copying editor world from /Game/ThirdPersonBP/Maps/ThirdPersonExampleMap.ThirdPersonExampleMap to /Game/ThirdPersonBP/Maps/UEDPIE_0_ThirdPersonExampleMap.ThirdPersonExampleMap (0.026123s)
[2017.03.07-00.10.48:374][144]LogInit: XAudio2 using 'Realtek Digital Output (Realtek Audio)' : 2 channels at 48 kHz using 16 bits per sample (channel mask 0x3)
[2017.03.07-00.10.48:384][144]LogInit: FAudioDevice initialized.
[2017.03.07-00.10.48:425][144]LogWorld: Game class is 'ThirdPersonGameMode_C'
[2017.03.07-00.10.48:436][144]LogWorld: Bringing World /Game/ThirdPersonBP/Maps/UEDPIE_0_ThirdPersonExampleMap.ThirdPersonExampleMap up for play (max tick rate 0) at 2017.03.07-11.10.48
[2017.03.07-00.10.48:437][144]LogWorld: Bringing up level for play took: 0.010204
[2017.03.07-00.10.48:439][144]LogGameMode:Display: Match State Changed from EnteringMap to WaitingToStart
[2017.03.07-00.10.48:439][144]LogGameState: Match State Changed from EnteringMap to WaitingToStart
[2017.03.07-00.10.48:439][144]LogGameMode:Display: Match State Changed from WaitingToStart to InProgress
[2017.03.07-00.10.48:443][144]LogGameState: Match State Changed from WaitingToStart to InProgress
[2017.03.07-00.10.48:450][144]PIE: Info Play in editor start time for /Game/ThirdPersonBP/Maps/UEDPIE_0_ThirdPersonExampleMap 0.408
[2017.03.07-00.10.48:450][144]LogBlueprintUserMessages: Late PlayInEditor Detection: Level '/Game/ThirdPersonBP/Maps/ThirdPersonExampleMap.ThirdPersonExampleMap:PersistentLevel' has LevelScriptBlueprint '/Game/ThirdPersonBP/Maps/ThirdPersonExampleMap.ThirdPersonExampleMap:PersistentLevel.ThirdPersonExampleMap' with GeneratedClass '/Game/ThirdPersonBP/Maps/ThirdPersonExampleMap.ThirdPersonExampleMap_C' with ClassGeneratedBy '/Game/ThirdPersonBP/Maps/ThirdPersonExampleMap.ThirdPersonExampleMap:PersistentLevel.ThirdPersonExampleMap'
[2017.03.07-00.10.58:772][141]LogBlueprintUserMessages: Early EndPlayMap Detection: Level '/Game/ThirdPersonBP/Maps/ThirdPersonExampleMap.ThirdPersonExampleMap:PersistentLevel' has LevelScriptBlueprint '/Game/ThirdPersonBP/Maps/ThirdPersonExampleMap.ThirdPersonExampleMap:PersistentLevel.ThirdPersonExampleMap' with GeneratedClass '/Game/ThirdPersonBP/Maps/ThirdPersonExampleMap.ThirdPersonExampleMap_C' with ClassGeneratedBy '/Game/ThirdPersonBP/Maps/ThirdPersonExampleMap.ThirdPersonExampleMap:PersistentLevel.ThirdPersonExampleMap'
[2017.03.07-00.10.58:810][141]LogBlueprintUserMessages: Late EndPlayMap Detection: Level '/Game/ThirdPersonBP/Maps/ThirdPersonExampleMap.ThirdPersonExampleMap:PersistentLevel' has LevelScriptBlueprint '/Game/ThirdPersonBP/Maps/ThirdPersonExampleMap.ThirdPersonExampleMap:PersistentLevel.ThirdPersonExampleMap' with GeneratedClass '/Game/ThirdPersonBP/Maps/ThirdPersonExampleMap.ThirdPersonExampleMap_C' with ClassGeneratedBy '/Game/ThirdPersonBP/Maps/ThirdPersonExampleMap.ThirdPersonExampleMap:PersistentLevel.ThirdPersonExampleMap'
[2017.03.07-00.14.32:720][271]LogBlueprintUserMessages: Early PlayInEditor Detection: Level '/Game/ThirdPersonBP/Maps/ThirdPersonExampleMap.ThirdPersonExampleMap:PersistentLevel' has LevelScriptBlueprint '/Game/ThirdPersonBP/Maps/ThirdPersonExampleMap.ThirdPersonExampleMap:PersistentLevel.ThirdPersonExampleMap' with GeneratedClass '/Game/ThirdPersonBP/Maps/ThirdPersonExampleMap.ThirdPersonExampleMap_C' with ClassGeneratedBy '/Game/ThirdPersonBP/Maps/ThirdPersonExampleMap.ThirdPersonExampleMap:PersistentLevel.ThirdPersonExampleMap'
[2017.03.07-00.14.32:720][271]BlueprintLog: New page: Pre-Play auto-recompile
[2017.03.07-00.14.32:720][271]LogPlayLevel: [PlayLevel] Compiling ThirdPersonCharacter before play...
[2017.03.07-00.14.32:801][271]LogPlayLevel: [PlayLevel]   Compiling InventoryHUD as a dependent...
[2017.03.07-00.14.33:046][271]LogPlayLevel: PlayLevel: Blueprint regeneration took 326 ms (2 blueprints)
[2017.03.07-00.14.33:046][271]PIE: New page: PIE session: ThirdPersonExampleMap (7 Mar 2017 9:14:33 pm)
[2017.03.07-00.14.33:046][271]LogPlayLevel: Creating play world package: /Game/ThirdPersonBP/Maps/UEDPIE_0_ThirdPersonExampleMap
[2017.03.07-00.14.33:065][271]LogPlayLevel: PIE: StaticDuplicateObject took: (0.018914s)
[2017.03.07-00.14.33:066][271]LogAIModule: Creating AISystem for world ThirdPersonExampleMap
[2017.03.07-00.14.33:067][271]LogPlayLevel: PIE: World Init took: (0.001428s)
[2017.03.07-00.14.33:067][271]LogPlayLevel: PIE: Created PIE world by copying editor world from /Game/ThirdPersonBP/Maps/ThirdPersonExampleMap.ThirdPersonExampleMap to /Game/ThirdPersonBP/Maps/UEDPIE_0_ThirdPersonExampleMap.ThirdPersonExampleMap (0.020728s)
[2017.03.07-00.14.33:086][271]LogInit: XAudio2 using 'Realtek Digital Output (Realtek Audio)' : 2 channels at 48 kHz using 16 bits per sample (channel mask 0x3)
[2017.03.07-00.14.33:097][271]LogInit: FAudioDevice initialized.
[2017.03.07-00.14.33:137][271]LogWorld: Game class is 'ThirdPersonGameMode_C'
[2017.03.07-00.14.33:141][271]LogWorld: Bringing World /Game/ThirdPersonBP/Maps/UEDPIE_0_ThirdPersonExampleMap.ThirdPersonExampleMap up for play (max tick rate 0) at 2017.03.07-11.14.33
[2017.03.07-00.14.33:142][271]LogWorld: Bringing up level for play took: 0.003693
[2017.03.07-00.14.33:142][271]LogGameMode:Display: Match State Changed from EnteringMap to WaitingToStart
[2017.03.07-00.14.33:142][271]LogGameState: Match State Changed from EnteringMap to WaitingToStart
[2017.03.07-00.14.33:142][271]LogGameMode:Display: Match State Changed from WaitingToStart to InProgress
[2017.03.07-00.14.33:144][271]LogGameState: Match State Changed from WaitingToStart to InProgress
[2017.03.07-00.14.33:147][271]PIE: Info Play in editor start time for /Game/ThirdPersonBP/Maps/UEDPIE_0_ThirdPersonExampleMap 1.102
[2017.03.07-00.14.33:147][271]LogBlueprintUserMessages: Late PlayInEditor Detection: Level '/Game/ThirdPersonBP/Maps/ThirdPersonExampleMap.ThirdPersonExampleMap:PersistentLevel' has LevelScriptBlueprint '/Game/ThirdPersonBP/Maps/ThirdPersonExampleMap.ThirdPersonExampleMap:PersistentLevel.ThirdPersonExampleMap' with GeneratedClass '/Game/ThirdPersonBP/Maps/ThirdPersonExampleMap.ThirdPersonExampleMap_C' with ClassGeneratedBy '/Game/ThirdPersonBP/Maps/ThirdPersonExampleMap.ThirdPersonExampleMap:PersistentLevel.ThirdPersonExampleMap'
[2017.03.07-00.14.34:960][443]LogBlueprintUserMessages: [InventoryHUD_C_1] 12
[2017.03.07-00.14.35:752][521]LogBlueprintUserMessages: [InventoryHUD_C_1] 12
[2017.03.07-00.14.36:067][552]LogBlueprintUserMessages: [InventoryHUD_C_1] 12
[2017.03.07-00.14.36:225][567]LogBlueprintUserMessages: [InventoryHUD_C_1] 12
[2017.03.07-00.14.36:457][590]LogBlueprintUserMessages: Early EndPlayMap Detection: Level '/Game/ThirdPersonBP/Maps/ThirdPersonExampleMap.ThirdPersonExampleMap:PersistentLevel' has LevelScriptBlueprint '/Game/ThirdPersonBP/Maps/ThirdPersonExampleMap.ThirdPersonExampleMap:PersistentLevel.ThirdPersonExampleMap' with GeneratedClass '/Game/ThirdPersonBP/Maps/ThirdPersonExampleMap.ThirdPersonExampleMap_C' with ClassGeneratedBy '/Game/ThirdPersonBP/Maps/ThirdPersonExampleMap.ThirdPersonExampleMap:PersistentLevel.ThirdPersonExampleMap'
[2017.03.07-00.14.36:535][590]LogBlueprintUserMessages: Late EndPlayMap Detection: Level '/Game/ThirdPersonBP/Maps/ThirdPersonExampleMap.ThirdPersonExampleMap:PersistentLevel' has LevelScriptBlueprint '/Game/ThirdPersonBP/Maps/ThirdPersonExampleMap.ThirdPersonExampleMap:PersistentLevel.ThirdPersonExampleMap' with GeneratedClass '/Game/ThirdPersonBP/Maps/ThirdPersonExampleMap.ThirdPersonExampleMap_C' with ClassGeneratedBy '/Game/ThirdPersonBP/Maps/ThirdPersonExampleMap.ThirdPersonExampleMap:PersistentLevel.ThirdPersonExampleMap'
[2017.03.07-00.14.53:109][339]LogBlueprintUserMessages: Early PlayInEditor Detection: Level '/Game/ThirdPersonBP/Maps/ThirdPersonExampleMap.ThirdPersonExampleMap:PersistentLevel' has LevelScriptBlueprint '/Game/ThirdPersonBP/Maps/ThirdPersonExampleMap.ThirdPersonExampleMap:PersistentLevel.ThirdPersonExampleMap' with GeneratedClass '/Game/ThirdPersonBP/Maps/ThirdPersonExampleMap.ThirdPersonExampleMap_C' with ClassGeneratedBy '/Game/ThirdPersonBP/Maps/ThirdPersonExampleMap.ThirdPersonExampleMap:PersistentLevel.ThirdPersonExampleMap'
[2017.03.07-00.14.53:109][339]LogPlayLevel: PlayLevel: No blueprints needed recompiling
[2017.03.07-00.14.53:109][339]PIE: New page: PIE session: ThirdPersonExampleMap (7 Mar 2017 9:14:53 pm)
[2017.03.07-00.14.53:109][339]LogPlayLevel: Creating play world package: /Game/ThirdPersonBP/Maps/UEDPIE_0_ThirdPersonExampleMap
[2017.03.07-00.14.53:131][339]LogPlayLevel: PIE: StaticDuplicateObject took: (0.021854s)
[2017.03.07-00.14.53:133][339]LogAIModule: Creating AISystem for world ThirdPersonExampleMap
[2017.03.07-00.14.53:133][339]LogPlayLevel: PIE: World Init took: (0.001897s)
[2017.03.07-00.14.53:133][339]LogPlayLevel: PIE: Created PIE world by copying editor world from /Game/ThirdPersonBP/Maps/ThirdPersonExampleMap.ThirdPersonExampleMap to /Game/ThirdPersonBP/Maps/UEDPIE_0_ThirdPersonExampleMap.ThirdPersonExampleMap (0.024057s)
[2017.03.07-00.14.53:149][339]LogInit: XAudio2 using 'Realtek Digital Output (Realtek Audio)' : 2 channels at 48 kHz using 16 bits per sample (channel mask 0x3)
[2017.03.07-00.14.53:158][339]LogInit: FAudioDevice initialized.
[2017.03.07-00.14.53:197][339]LogWorld: Game class is 'ThirdPersonGameMode_C'
[2017.03.07-00.14.53:203][339]LogWorld: Bringing World /Game/ThirdPersonBP/Maps/UEDPIE_0_ThirdPersonExampleMap.ThirdPersonExampleMap up for play (max tick rate 0) at 2017.03.07-11.14.53
[2017.03.07-00.14.53:203][339]LogWorld: Bringing up level for play took: 0.005597
[2017.03.07-00.14.53:205][339]LogGameMode:Display: Match State Changed from EnteringMap to WaitingToStart
[2017.03.07-00.14.53:205][339]LogGameState: Match State Changed from EnteringMap to WaitingToStart
[2017.03.07-00.14.53:205][339]LogGameMode:Display: Match State Changed from WaitingToStart to InProgress
[2017.03.07-00.14.53:207][339]LogGameState: Match State Changed from WaitingToStart to InProgress
[2017.03.07-00.14.53:212][339]PIE: Info Play in editor start time for /Game/ThirdPersonBP/Maps/UEDPIE_0_ThirdPersonExampleMap -0.834
[2017.03.07-00.14.53:212][339]LogBlueprintUserMessages: Late PlayInEditor Detection: Level '/Game/ThirdPersonBP/Maps/ThirdPersonExampleMap.ThirdPersonExampleMap:PersistentLevel' has LevelScriptBlueprint '/Game/ThirdPersonBP/Maps/ThirdPersonExampleMap.ThirdPersonExampleMap:PersistentLevel.ThirdPersonExampleMap' with GeneratedClass '/Game/ThirdPersonBP/Maps/ThirdPersonExampleMap.ThirdPersonExampleMap_C' with ClassGeneratedBy '/Game/ThirdPersonBP/Maps/ThirdPersonExampleMap.ThirdPersonExampleMap:PersistentLevel.ThirdPersonExampleMap'
[2017.03.07-00.14.54:977][498]LogBlueprintUserMessages: [InventoryHUD_C_4] 12
[2017.03.07-00.14.55:661][562]LogBlueprintUserMessages: [InventoryHUD_C_4] 12
[2017.03.07-00.14.56:232][617]LogBlueprintUserMessages: [InventoryHUD_C_4] 12
[2017.03.07-00.14.57:580][748]LogBlueprintUserMessages: [InventoryHUD_C_4] 12
[2017.03.07-00.14.59:203][904]LogBlueprintUserMessages: [InventoryHUD_C_4] 12
[2017.03.07-00.15.07:513][708]LogBlueprintUserMessages: Early EndPlayMap Detection: Level '/Game/ThirdPersonBP/Maps/ThirdPersonExampleMap.ThirdPersonExampleMap:PersistentLevel' has LevelScriptBlueprint '/Game/ThirdPersonBP/Maps/ThirdPersonExampleMap.ThirdPersonExampleMap:PersistentLevel.ThirdPersonExampleMap' with GeneratedClass '/Game/ThirdPersonBP/Maps/ThirdPersonExampleMap.ThirdPersonExampleMap_C' with ClassGeneratedBy '/Game/ThirdPersonBP/Maps/ThirdPersonExampleMap.ThirdPersonExampleMap:PersistentLevel.ThirdPersonExampleMap'
[2017.03.07-00.15.07:586][708]LogBlueprintUserMessages: Late EndPlayMap Detection: Level '/Game/ThirdPersonBP/Maps/ThirdPersonExampleMap.ThirdPersonExampleMap:PersistentLevel' has LevelScriptBlueprint '/Game/ThirdPersonBP/Maps/ThirdPersonExampleMap.ThirdPersonExampleMap:PersistentLevel.ThirdPersonExampleMap' with GeneratedClass '/Game/ThirdPersonBP/Maps/ThirdPersonExampleMap.ThirdPersonExampleMap_C' with ClassGeneratedBy '/Game/ThirdPersonBP/Maps/ThirdPersonExampleMap.ThirdPersonExampleMap:PersistentLevel.ThirdPersonExampleMap'
[2017.03.07-00.16.14:054][941]LogSavePackage: Save=282.87ms
[2017.03.07-00.16.14:054][941]LogSavePackage: Moving '../../../../../../Users/b201430225/Desktop/SavingInventory3/Saved/ThirdPersonExampleMapDA3FA7334B3F7705537BC9A47BE772D7.tmp' to '../../../../../../Users/b201430225/Desktop/SavingInventory3/Content/ThirdPersonBP/Maps/ThirdPersonExampleMap.umap'
[2017.03.07-00.16.14:057][941]LogSavePackage:Display: Finished SavePackage ../../../../../../Users/b201430225/Desktop/SavingInventory3/Content/ThirdPersonBP/Maps/ThirdPersonExampleMap.umap
[2017.03.07-00.16.14:069][941]LogFileHelpers: Saving map 'ThirdPersonExampleMap' took 0.384
[2017.03.07-00.16.14:170][941]LogSavePackage: Save=69.18ms
[2017.03.07-00.16.14:170][941]LogSavePackage: Moving '../../../../../../Users/b201430225/Desktop/SavingInventory3/Saved/ThirdPersonCharacterA6122EAC462A4116C8122EA240832295.tmp' to '../../../../../../Users/b201430225/Desktop/SavingInventory3/Content/ThirdPersonBP/Blueprints/ThirdPersonCharacter.uasset'
[2017.03.07-00.16.14:172][941]LogSavePackage:Display: Finished SavePackage ../../../../../../Users/b201430225/Desktop/SavingInventory3/Content/ThirdPersonBP/Blueprints/ThirdPersonCharacter.uasset
[2017.03.07-00.16.14:175][941]Cmd: OBJ SAVEPACKAGE PACKAGE="/Game/HUDs/InventoryHUD" FILE="../../../../../../Users/b201430225/Desktop/SavingInventory3/Content/HUDs/InventoryHUD.uasset" SILENT=true
[2017.03.07-00.16.14:205][941]LogSavePackage: Save=22.70ms
[2017.03.07-00.16.14:205][941]LogSavePackage: Moving '../../../../../../Users/b201430225/Desktop/SavingInventory3/Saved/InventoryHUD5FA2DF094EE1B50A1A3E76ABCF7D5BB8.tmp' to '../../../../../../Users/b201430225/Desktop/SavingInventory3/Content/HUDs/InventoryHUD.uasset'
[2017.03.07-00.16.14:207][941]LogSavePackage:Display: Finished SavePackage ../../../../../../Users/b201430225/Desktop/SavingInventory3/Content/HUDs/InventoryHUD.uasset
[2017.03.07-00.16.15:621][ 97]LogActorComponent: UnregisterComponent: (/Engine/Transient.EditorFloorComp) Not registered. Aborting.
[2017.03.07-00.16.15:870][ 98]Cmd: QUIT_EDITOR
[2017.03.07-00.16.16:885][ 98]LogWindowsTextInputMethodSystem:Display: IME system now deactivated.
[2017.03.07-00.16.16:951][ 98]LogExit: Preparing to exit.
[2017.03.07-00.16.17:836][ 98]LogDirectoryWatcher: A directory notification for 'C:/Users/b201430225/Desktop/SavingInventory3/Content/' was aborted.
[2017.03.07-00.16.17:872][ 98]LogExit: Editor shut down
[2017.03.07-00.16.17:872][ 98]LogExit: Transaction tracking system shut down
[2017.03.07-00.16.17:996][ 98]LogObj: Freed 0b from 0 cluster array pools.
[2017.03.07-00.16.17:996][ 98]LogExit: Object subsystem successfully closed.
[2017.03.07-00.16.18:012][ 98]LogD3D11RHI: Shutdown
[2017.03.07-00.16.18:012][ 98]LogD3D11RHI: CleanupD3DDevice
[2017.03.07-00.16.18:110][ 98]LogD3D11RHI: ~FD3D11DynamicRHI
[2017.03.07-00.16.18:124][ 98]LogModuleManager: Shutting down and abandoning module SequencerWidgets (238)
[2017.03.07-00.16.18:124][ 98]LogModuleManager: Shutting down and abandoning module DataTableEditor (237)
[2017.03.07-00.16.18:124][ 98]LogModuleManager: Shutting down and abandoning module BlueprintGraph (236)
[2017.03.07-00.16.18:124][ 98]LogModuleManager: Shutting down and abandoning module BlueprintProfiler (235)
[2017.03.07-00.16.18:124][ 98]LogModuleManager: Shutting down and abandoning module MovieSceneCapture (234)
[2017.03.07-00.16.18:124][ 98]LogModuleManager: Shutting down and abandoning module HierarchicalLODOutliner (233)
[2017.03.07-00.16.18:124][ 98]LogModuleManager: Shutting down and abandoning module CrashTracker (232)
[2017.03.07-00.16.18:124][ 98]LogModuleManager: Shutting down and abandoning module SceneOutliner (231)
[2017.03.07-00.16.18:124][ 98]LogModuleManager: Shutting down and abandoning module WidgetCarousel (230)
[2017.03.07-00.16.18:124][ 98]LogModuleManager: Shutting down and abandoning module AddContentDialog (229)
[2017.03.07-00.16.18:124][ 98]LogDirectoryWatcher: A directory notification for 'C:/Program Files/Epic Games/UE_4.13/FeaturePacks/' was aborted.
[2017.03.07-00.16.18:126][ 98]LogModuleManager: Shutting down and abandoning module GameplayTags (228)
[2017.03.07-00.16.18:126][ 98]LogModuleManager: Shutting down and abandoning module EditorWidgets (227)
[2017.03.07-00.16.18:126][ 98]LogModuleManager: Shutting down and abandoning module CollectionManager (226)
[2017.03.07-00.16.18:126][ 98]LogDirectoryWatcher: A directory notification for 'C:/Users/b201430225/Desktop/SavingInventory3/Content/Collections/' was aborted.
[2017.03.07-00.16.18:126][ 98]LogDirectoryWatcher: A directory notification for 'C:/Users/b201430225/Desktop/SavingInventory3/Content/Developers/B201430225/Collections/' was aborted.
[2017.03.07-00.16.18:126][ 98]LogDirectoryWatcher: A directory notification for 'C:/Users/b201430225/Desktop/SavingInventory3/Saved/Collections/' was aborted.
[2017.03.07-00.16.18:127][ 98]LogModuleManager: Shutting down and abandoning module StatsViewer (225)
[2017.03.07-00.16.18:127][ 98]LogModuleManager: Shutting down and abandoning module FoliageEdit (224)
[2017.03.07-00.16.18:127][ 98]LogModuleManager: Shutting down and abandoning module LandscapeEditor (223)
[2017.03.07-00.16.18:127][ 98]LogModuleManager: Shutting down and abandoning module SceneDepthPickerMode (222)
[2017.03.07-00.16.18:127][ 98]LogModuleManager: Shutting down and abandoning module ActorPickerMode (221)
[2017.03.07-00.16.18:127][ 98]LogModuleManager: Shutting down and abandoning module GeometryMode (220)
[2017.03.07-00.16.18:127][ 98]LogModuleManager: Shutting down and abandoning module TextureAlignMode (219)
[2017.03.07-00.16.18:127][ 98]LogModuleManager: Shutting down and abandoning module BspMode (218)
[2017.03.07-00.16.18:127][ 98]LogModuleManager: Shutting down and abandoning module HardwareSurvey (217)
[2017.03.07-00.16.18:127][ 98]LogModuleManager: Shutting down and abandoning module SequenceRecorderSections (216)
[2017.03.07-00.16.18:127][ 98]LogModuleManager: Shutting down and abandoning module SequenceRecorder (215)
[2017.03.07-00.16.18:127][ 98]LogModuleManager: Shutting down and abandoning module AutomationWorker (214)
[2017.03.07-00.16.18:127][ 98]LogModuleManager: Shutting down and abandoning module MatineeToLevelSequence (213)
[2017.03.07-00.16.18:127][ 98]LogModuleManager: Shutting down and abandoning module PlacementMode (212)
[2017.03.07-00.16.18:127][ 98]LogModuleManager: Shutting down and abandoning module LevelSequenceEditor (211)
[2017.03.07-00.16.18:127][ 98]LogModuleManager: Shutting down and abandoning module WmfMediaFactory (210)
[2017.03.07-00.16.18:127][ 98]LogModuleManager: Shutting down and abandoning module WmfMediaEditor (209)
[2017.03.07-00.16.18:127][ 98]LogModuleManager: Shutting down and abandoning module AvfMediaFactory (208)
[2017.03.07-00.16.18:127][ 98]LogModuleManager: Shutting down and abandoning module AvfMediaEditor (207)
[2017.03.07-00.16.18:127][ 98]LogModuleManager: Shutting down and abandoning module Media (206)
[2017.03.07-00.16.18:127][ 98]LogModuleManager: Shutting down and abandoning module AndroidMediaFactory (205)
[2017.03.07-00.16.18:127][ 98]LogModuleManager: Shutting down and abandoning module AndroidMediaEditor (204)
[2017.03.07-00.16.18:127][ 98]LogModuleManager: Shutting down and abandoning module CharacterAI (203)
[2017.03.07-00.16.18:127][ 98]LogModuleManager: Shutting down and abandoning module SmartSnapping (202)
[2017.03.07-00.16.18:127][ 98]LogModuleManager: Shutting down and abandoning module SessionServices (201)
[2017.03.07-00.16.18:127][ 98]LogModuleManager: Shutting down and abandoning module ViewportSnapping (200)
[2017.03.07-00.16.18:127][ 98]LogModuleManager: Shutting down and abandoning module ViewportInteraction (199)
[2017.03.07-00.16.18:127][ 98]LogModuleManager: Shutting down and abandoning module LogVisualizer (198)
[2017.03.07-00.16.18:127][ 98]LogModuleManager: Shutting down and abandoning module GameProjectGeneration (197)
[2017.03.07-00.16.18:127][ 98]LogModuleManager: Shutting down and abandoning module IntroTutorials (196)
[2017.03.07-00.16.18:127][ 98]LogModuleManager: Shutting down and abandoning module EditorLiveStreaming (195)
[2017.03.07-00.16.18:127][ 98]LogModuleManager: Shutting down and abandoning module IOSPlatformEditor (194)
[2017.03.07-00.16.18:127][ 98]LogModuleManager: Shutting down and abandoning module HTML5PlatformEditor (193)
[2017.03.07-00.16.18:127][ 98]LogModuleManager: Shutting down and abandoning module AndroidDeviceDetection (192)
[2017.03.07-00.16.18:516][ 98]LogModuleManager: Shutting down and abandoning module AndroidPlatformEditor (191)
[2017.03.07-00.16.18:516][ 98]LogModuleManager: Shutting down and abandoning module IOSRuntimeSettings (190)
[2017.03.07-00.16.18:516][ 98]LogModuleManager: Shutting down and abandoning module AndroidRuntimeSettings (189)
[2017.03.07-00.16.18:516][ 98]LogModuleManager: Shutting down and abandoning module NiagaraEditor (188)
[2017.03.07-00.16.18:516][ 98]LogModuleManager: Shutting down and abandoning module MergeActors (187)
[2017.03.07-00.16.18:516][ 98]LogModuleManager: Shutting down and abandoning module SizeMap (186)
[2017.03.07-00.16.18:516][ 98]LogModuleManager: Shutting down and abandoning module TreeMap (185)
[2017.03.07-00.16.18:516][ 98]LogModuleManager: Shutting down and abandoning module ReferenceViewer (184)
[2017.03.07-00.16.18:516][ 98]LogModuleManager: Shutting down and abandoning module LocalizationService (183)
[2017.03.07-00.16.18:516][ 98]LogModuleManager: Shutting down and abandoning module LocalizationDashboard (182)
[2017.03.07-00.16.18:516][ 98]LogModuleManager: Shutting down and abandoning module HardwareTargeting (181)
[2017.03.07-00.16.18:516][ 98]LogModuleManager: Shutting down and abandoning module DeviceProfileEditor (180)
[2017.03.07-00.16.18:516][ 98]LogModuleManager: Shutting down and abandoning module UndoHistory (179)
[2017.03.07-00.16.18:516][ 98]LogModuleManager: Shutting down and abandoning module UserFeedback (178)
[2017.03.07-00.16.18:516][ 98]LogModuleManager: Shutting down and abandoning module XmlParser (177)
[2017.03.07-00.16.18:516][ 98]LogModuleManager: Shutting down and abandoning module Blutility (176)
[2017.03.07-00.16.18:516][ 98]LogModuleManager: Shutting down and abandoning module ProjectTargetPlatformEditor (175)
[2017.03.07-00.16.18:517][ 98]LogModuleManager: Shutting down and abandoning module ProjectSettingsViewer (174)
[2017.03.07-00.16.18:517][ 98]LogModuleManager: Shutting down and abandoning module InputBindingEditor (173)
[2017.03.07-00.16.18:517][ 98]LogModuleManager: Shutting down and abandoning module EditorSettingsViewer (172)
[2017.03.07-00.16.18:517][ 98]LogModuleManager: Shutting down and abandoning module SettingsEditor (171)
[2017.03.07-00.16.18:517][ 98]LogModuleManager: Shutting down and abandoning module ProjectLauncher (170)
[2017.03.07-00.16.18:517][ 98]LogModuleManager: Shutting down and abandoning module SessionFrontend (169)
[2017.03.07-00.16.18:517][ 98]LogModuleManager: Shutting down and abandoning module ProfilerClient (168)
[2017.03.07-00.16.18:517][ 98]LogModuleManager: Shutting down and abandoning module TargetDeviceServices (167)
[2017.03.07-00.16.18:517][ 98]LogModuleManager: Shutting down and abandoning module DeviceManager (166)
[2017.03.07-00.16.18:570][ 98]LogModuleManager: Shutting down and abandoning module AutomationController (165)
[2017.03.07-00.16.18:570][ 98]LogModuleManager: Shutting down and abandoning module AutomationWindow (164)
[2017.03.07-00.16.18:570][ 98]LogModuleManager: Shutting down and abandoning module Layers (163)
[2017.03.07-00.16.18:570][ 98]LogModuleManager: Shutting down and abandoning module ComponentVisualizers (162)
[2017.03.07-00.16.18:570][ 98]LogModuleManager: Shutting down and abandoning module DetailCustomizations (161)
[2017.03.07-00.16.18:570][ 98]LogModuleManager: Shutting down and abandoning module PackagesDialog (160)
[2017.03.07-00.16.18:570][ 98]LogModuleManager: Shutting down and abandoning module AnimGraph (159)
[2017.03.07-00.16.18:570][ 98]LogModuleManager: Shutting down and abandoning module Persona (158)
[2017.03.07-00.16.18:570][ 98]LogModuleManager: Shutting down and abandoning module Kismet (157)
[2017.03.07-00.16.18:579][ 98]LogModuleManager: Shutting down and abandoning module GraphEditor (156)
[2017.03.07-00.16.18:579][ 98]LogModuleManager: Shutting down and abandoning module ClassViewer (155)
[2017.03.07-00.16.18:579][ 98]LogModuleManager: Shutting down and abandoning module Toolbox (154)
[2017.03.07-00.16.18:579][ 98]LogModuleManager: Shutting down and abandoning module ModuleUI (153)
[2017.03.07-00.16.18:579][ 98]LogModuleManager: Shutting down and abandoning module MovieSceneTools (152)
[2017.03.07-00.16.18:579][ 98]LogModuleManager: Shutting down and abandoning module OutputLog (151)
[2017.03.07-00.16.18:579][ 98]LogModuleManager: Shutting down and abandoning module GammaUI (150)
[2017.03.07-00.16.18:579][ 98]LogModuleManager: Shutting down and abandoning module Documentation (149)
[2017.03.07-00.16.18:579][ 98]LogModuleManager: Shutting down and abandoning module Niagara (148)
[2017.03.07-00.16.18:579][ 98]LogModuleManager: Shutting down and abandoning module StreamingPauseRendering (147)
[2017.03.07-00.16.18:579][ 98]LogModuleManager: Shutting down and abandoning module AnalyticsET (146)
[2017.03.07-00.16.18:579][ 98]LogModuleManager: Shutting down and abandoning module PortalServices (145)
[2017.03.07-00.16.18:579][ 98]LogModuleManager: Shutting down and abandoning module PortalRpc (144)
[2017.03.07-00.16.18:579][ 98]LogModuleManager: Shutting down and abandoning module MessagingRpc (143)
[2017.03.07-00.16.18:579][ 98]LogModuleManager: Shutting down and abandoning module GameplayDebugger (142)
[2017.03.07-00.16.18:579][ 98]LogModuleManager: Shutting down and abandoning module AITestSuite (141)
[2017.03.07-00.16.18:579][ 98]LogModuleManager: Shutting down and abandoning module AIModule (140)
[2017.03.07-00.16.18:579][ 98]LogModuleManager: Shutting down and abandoning module ProfilerService (139)
[2017.03.07-00.16.18:643][ 98]LogModuleManager: Shutting down and abandoning module TaskGraph (138)
[2017.03.07-00.16.18:643][ 98]LogModuleManager: Shutting down and abandoning module SlateRemote (137)
[2017.03.07-00.16.18:643][ 98]LogModuleManager: Shutting down and abandoning module SteamVRController (136)
[2017.03.07-00.16.18:643][ 98]LogModuleManager: Shutting down and abandoning module SteamVR (135)
[2017.03.07-00.16.18:643][ 98]LogModuleManager: Shutting down and abandoning module ProceduralMeshComponentEditor (134)
[2017.03.07-00.16.18:643][ 98]LogModuleManager: Shutting down and abandoning module ProceduralMeshComponent (133)
[2017.03.07-00.16.18:643][ 98]LogModuleManager: Shutting down and abandoning module OculusLibrary (132)
[2017.03.07-00.16.18:643][ 98]LogModuleManager: Shutting down and abandoning module OculusInput (131)
[2017.03.07-00.16.18:643][ 98]LogModuleManager: Shutting down and abandoning module CustomMeshComponent (130)
[2017.03.07-00.16.18:643][ 98]LogModuleManager: Shutting down and abandoning module CableComponent (129)
[2017.03.07-00.16.18:643][ 98]LogModuleManager: Shutting down and abandoning module ArchVisCharacter (128)
[2017.03.07-00.16.18:643][ 98]LogModuleManager: Shutting down and abandoning module MediaPlayerEditor (126)
[2017.03.07-00.16.18:643][ 98]LogModuleManager: Shutting down and abandoning module HTML5Networking (125)
[2017.03.07-00.16.18:643][ 98]LogModuleManager: Shutting down and abandoning module GeometryCacheEd (124)
[2017.03.07-00.16.18:643][ 98]LogModuleManager: Shutting down and abandoning module GeometryCache (123)
[2017.03.07-00.16.18:643][ 98]LogModuleManager: Shutting down and abandoning module AlembicLibrary (122)
[2017.03.07-00.16.18:644][ 98]LogModuleManager: Shutting down and abandoning module AlembicImporter (121)
[2017.03.07-00.16.18:644][ 98]LogModuleManager: Shutting down and abandoning module SuperSearch (120)
[2017.03.07-00.16.18:644][ 98]LogModuleManager: Shutting down and abandoning module SuperSearchEditor (119)
[2017.03.07-00.16.18:644][ 98]LogModuleManager: Shutting down and abandoning module SpeedTreeImporter (118)
[2017.03.07-00.16.18:644][ 98]LogModuleManager: Shutting down and abandoning module PluginBrowser (117)
[2017.03.07-00.16.18:644][ 98]LogModuleManager: Shutting down and abandoning module MobileLauncherProfileWizard (116)
[2017.03.07-00.16.18:644][ 98]LogModuleManager: Shutting down and abandoning module EpicSurvey (115)
[2017.03.07-00.16.18:644][ 98]LogModuleManager: Shutting down and abandoning module DesktopPlatform (114)
[2017.03.07-00.16.18:644][ 98]LogModuleManager: Shutting down and abandoning module VisualStudioSourceCodeAccess (113)
[2017.03.07-00.16.18:644][ 98]LogModuleManager: Shutting down and abandoning module UObjectPlugin (112)
[2017.03.07-00.16.18:644][ 98]LogModuleManager: Shutting down and abandoning module SubversionSourceControl (111)
[2017.03.07-00.16.18:644][ 98]LogModuleManager: Shutting down and abandoning module PerforceSourceControl (110)
[2017.03.07-00.16.18:644][ 98]LogModuleManager: Shutting down and abandoning module SourceControl (109)
[2017.03.07-00.16.18:644][ 98]LogModuleManager: Shutting down and abandoning module GitSourceControl (108)
[2017.03.07-00.16.18:644][ 98]LogModuleManager: Shutting down and abandoning module LightPropagationVolumeEditor (107)
[2017.03.07-00.16.18:644][ 98]LogModuleManager: Shutting down and abandoning module PaperTiledImporter (106)
[2017.03.07-00.16.18:644][ 98]LogModuleManager: Shutting down and abandoning module PaperSpriteSheetImporter (105)
[2017.03.07-00.16.18:644][ 98]LogModuleManager: Shutting down and abandoning module MeshPaint (104)
[2017.03.07-00.16.18:644][ 98]LogModuleManager: Shutting down and abandoning module FbxAutomationBuilderModule (103)
[2017.03.07-00.16.18:645][ 98]LogModuleManager: Shutting down and abandoning module PixelInspectorModule (102)
[2017.03.07-00.16.18:645][ 98]LogModuleManager: Shutting down and abandoning module HotReload (101)
[2017.03.07-00.16.18:646][ 98]LogModuleManager: Shutting down and abandoning module MainFrame (100)
[2017.03.07-00.16.18:646][ 98]LogModuleManager: Shutting down and abandoning module LevelEditor (99)
[2017.03.07-00.16.18:648][ 98]LogModuleManager: Shutting down and abandoning module ContentBrowser (98)
[2017.03.07-00.16.18:650][ 98]LogModuleManager: Shutting down and abandoning module Paper2DEditor (97)
[2017.03.07-00.16.18:650][ 98]LogModuleManager: Shutting down and abandoning module UdpMessaging (96)
[2017.03.07-00.16.18:752][ 98]LogModuleManager: Shutting down and abandoning module TcpMessaging (95)
[2017.03.07-00.16.18:852][ 98]LogModuleManager: Shutting down and abandoning module LightPropagationVolumeRuntime (94)
[2017.03.07-00.16.18:852][ 98]LogModuleManager: Shutting down and abandoning module Paper2D (93)
[2017.03.07-00.16.18:852][ 98]LogModuleManager: Shutting down and abandoning module WindowsMoviePlayer (92)
[2017.03.07-00.16.18:852][ 98]LogModuleManager: Shutting down and abandoning module WmfMedia (91)
[2017.03.07-00.16.18:852][ 98]LogModuleManager: Shutting down and abandoning module MediaAssets (90)
[2017.03.07-00.16.18:852][ 98]LogModuleManager: Shutting down and abandoning module GameLiveStreaming (89)
[2017.03.07-00.16.18:853][ 98]LogModuleManager: Shutting down and abandoning module GameplayTagsEditor (88)
[2017.03.07-00.16.18:853][ 98]LogModuleManager: Shutting down and abandoning module VREditor (87)
[2017.03.07-00.16.18:853][ 98]LogModuleManager: Shutting down and abandoning module GameplayTasksEditor (86)
[2017.03.07-00.16.18:853][ 98]LogModuleManager: Shutting down and abandoning module PropertyEditor (85)
[2017.03.07-00.16.18:853][ 98]LogModuleManager: Shutting down and abandoning module BehaviorTreeEditor (84)
[2017.03.07-00.16.18:853][ 98]LogModuleManager: Shutting down and abandoning module FunctionalTesting (83)
[2017.03.07-00.16.18:853][ 98]LogModuleManager: Shutting down and abandoning module CollisionAnalyzer (82)
[2017.03.07-00.16.18:853][ 98]LogModuleManager: Shutting down and abandoning module Sequencer (81)
[2017.03.07-00.16.18:853][ 98]LogModuleManager: Shutting down and abandoning module WorkspaceMenuStructure (80)
[2017.03.07-00.16.18:853][ 98]LogModuleManager: Shutting down and abandoning module MessageLog (79)
[2017.03.07-00.16.18:853][ 98]LogModuleManager: Shutting down and abandoning module AssetTools (78)
[2017.03.07-00.16.18:853][ 98]LogModuleManager: Shutting down and abandoning module UMGEditor (77)
[2017.03.07-00.16.18:853][ 98]LogModuleManager: Shutting down and abandoning module UMG (76)
[2017.03.07-00.16.18:853][ 98]LogModuleManager: Shutting down and abandoning module SlateReflector (75)
[2017.03.07-00.16.18:854][ 98]LogModuleManager: Shutting down and abandoning module Slate (74)
[2017.03.07-00.16.18:854][ 98]LogModuleManager: Shutting down and abandoning module EditorStyle (73)
[2017.03.07-00.16.18:862][ 98]LogModuleManager: Shutting down and abandoning module SourceCodeAccess (72)
[2017.03.07-00.16.18:862][ 98]LogModuleManager: Shutting down and abandoning module HeadMountedDisplay (71)
[2017.03.07-00.16.18:862][ 98]LogModuleManager: Shutting down and abandoning module XAudio2 (70)
[2017.03.07-00.16.18:862][ 98]LogModuleManager: Shutting down and abandoning module Networking (68)
[2017.03.07-00.16.18:862][ 98]LogModuleManager: Shutting down and abandoning module Core (67)
[2017.03.07-00.16.18:863][ 98]LogModuleManager: Shutting down and abandoning module DirectoryWatcher (66)
[2017.03.07-00.16.18:863][ 98]LogDirectoryWatcher: A directory notification for '../../../Engine/Content/' was aborted.
[2017.03.07-00.16.18:863][ 98]LogDirectoryWatcher: A directory notification for '../../../../../../Users/b201430225/Desktop/SavingInventory3/Content/' was aborted.
[2017.03.07-00.16.18:863][ 98]LogDirectoryWatcher: A directory notification for '../../../Engine/Plugins/2D/Paper2D/Content/' was aborted.
[2017.03.07-00.16.18:864][ 98]LogModuleManager: Shutting down and abandoning module AssetRegistry (65)
[2017.03.07-00.16.18:976][ 98]LogModuleManager: Shutting down and abandoning module KismetCompiler (64)
[2017.03.07-00.16.18:976][ 98]LogModuleManager: Shutting down and abandoning module PhysXFormats (63)
[2017.03.07-00.16.18:976][ 98]LogModuleManager: Shutting down and abandoning module MeshUtilities (62)
[2017.03.07-00.16.18:976][ 98]LogModuleManager: Shutting down and abandoning module DerivedDataCache (61)
[2017.03.07-00.16.19:044][ 98]LogDerivedDataCache: Shutdown
[2017.03.07-00.16.19:044][ 98]LogModuleManager: Shutting down and abandoning module VulkanShaderFormat (60)
[2017.03.07-00.16.19:044][ 98]LogModuleManager: Shutting down and abandoning module ShaderFormatOpenGL (59)
[2017.03.07-00.16.19:044][ 98]LogModuleManager: Shutting down and abandoning module ShaderFormatD3D (58)
[2017.03.07-00.16.19:044][ 98]LogModuleManager: Shutting down and abandoning module MetalShaderFormat (57)
[2017.03.07-00.16.19:044][ 98]LogModuleManager: Shutting down and abandoning module TextureFormatUncompressed (56)
[2017.03.07-00.16.19:044][ 98]LogModuleManager: Shutting down and abandoning module TextureFormatPVR (55)
[2017.03.07-00.16.19:044][ 98]LogModuleManager: Shutting down and abandoning module TextureFormatDXT (54)
[2017.03.07-00.16.19:044][ 98]LogModuleManager: Shutting down and abandoning module TextureFormatIntelISPCTexComp (53)
[2017.03.07-00.16.19:045][ 98]LogModuleManager: Shutting down and abandoning module ImageWrapper (52)
[2017.03.07-00.16.19:045][ 98]LogModuleManager: Shutting down and abandoning module TextureFormatASTC (51)
[2017.03.07-00.16.19:045][ 98]LogModuleManager: Shutting down and abandoning module TextureFormatAndroid (50)
[2017.03.07-00.16.19:045][ 98]LogModuleManager: Shutting down and abandoning module AudioFormatOpus (49)
[2017.03.07-00.16.19:045][ 98]LogModuleManager: Shutting down and abandoning module AudioFormatOgg (48)
[2017.03.07-00.16.19:045][ 98]LogModuleManager: Shutting down and abandoning module AudioFormatADPCM (47)
[2017.03.07-00.16.19:045][ 98]LogModuleManager: Shutting down and abandoning module LinuxTargetPlatform (46)
[2017.03.07-00.16.19:045][ 98]LogModuleManager: Shutting down and abandoning module LinuxServerTargetPlatform (45)
[2017.03.07-00.16.19:045][ 98]LogModuleManager: Shutting down and abandoning module LinuxNoEditorTargetPlatform (44)
[2017.03.07-00.16.19:045][ 98]LogModuleManager: Shutting down and abandoning module LinuxClientTargetPlatform (43)
[2017.03.07-00.16.19:045][ 98]LogModuleManager: Shutting down and abandoning module TVOSTargetPlatform (42)
[2017.03.07-00.16.19:045][ 98]LogModuleManager: Shutting down and abandoning module Messaging (41)
[2017.03.07-00.16.19:045][ 98]LogModuleManager: Shutting down and abandoning module IOSTargetPlatform (40)
[2017.03.07-00.16.19:045][ 98]LogModuleManager: Shutting down and abandoning module HTML5TargetPlatform (39)
[2017.03.07-00.16.19:045][ 98]LogModuleManager: Shutting down and abandoning module Android_PVRTCTargetPlatform (38)
[2017.03.07-00.16.19:045][ 98]LogModuleManager: Shutting down and abandoning module Android_MultiTargetPlatform (37)
[2017.03.07-00.16.19:045][ 98]LogModuleManager: Shutting down and abandoning module Android_ETC2TargetPlatform (36)
[2017.03.07-00.16.19:045][ 98]LogModuleManager: Shutting down and abandoning module Android_ETC1TargetPlatform (35)
[2017.03.07-00.16.19:045][ 98]LogModuleManager: Shutting down and abandoning module Android_DXTTargetPlatform (34)
[2017.03.07-00.16.19:045][ 98]LogModuleManager: Shutting down and abandoning module Android_ATCTargetPlatform (33)
[2017.03.07-00.16.19:045][ 98]LogModuleManager: Shutting down and abandoning module Android_ASTCTargetPlatform (32)
[2017.03.07-00.16.19:045][ 98]LogModuleManager: Shutting down and abandoning module AndroidTargetPlatform (31)
[2017.03.07-00.16.19:046][ 98]LogModuleManager: Shutting down and abandoning module WindowsTargetPlatform (30)
[2017.03.07-00.16.19:046][ 98]LogModuleManager: Shutting down and abandoning module WindowsServerTargetPlatform (29)
[2017.03.07-00.16.19:046][ 98]LogModuleManager: Shutting down and abandoning module WindowsNoEditorTargetPlatform (28)
[2017.03.07-00.16.19:046][ 98]LogModuleManager: Shutting down and abandoning module WindowsClientTargetPlatform (27)
[2017.03.07-00.16.19:046][ 98]LogModuleManager: Shutting down and abandoning module AllDesktopTargetPlatform (26)
[2017.03.07-00.16.19:046][ 98]LogModuleManager: Shutting down and abandoning module TargetPlatform (25)
[2017.03.07-00.16.19:046][ 98]LogModuleManager: Shutting down and abandoning module InputCore (24)
[2017.03.07-00.16.19:046][ 98]LogModuleManager: Shutting down and abandoning module Settings (23)
[2017.03.07-00.16.19:046][ 98]LogModuleManager: Shutting down and abandoning module OculusRift (22)
[2017.03.07-00.16.19:046][ 98]LogModuleManager: Shutting down and abandoning module GearVR (21)
[2017.03.07-00.16.19:046][ 98]LogModuleManager: Shutting down and abandoning module ExampleDeviceProfileSelector (20)
[2017.03.07-00.16.19:046][ 98]LogModuleManager: Shutting down and abandoning module OnlineBlueprintSupport (19)
[2017.03.07-00.16.19:046][ 98]LogModuleManager: Shutting down and abandoning module OnlineSubsystem (17)
[2017.03.07-00.16.19:046][ 98]LogOnline:Display: Unloading online subsystem: NULL
[2017.03.07-00.16.19:046][ 98]LogModuleManager: Shutting down and abandoning module HTTP (16)
[2017.03.07-00.16.19:046][ 98]LogHttp:Display: Http module shutting down, but needs to wait on 1 outstanding Http requests:
[2017.03.07-00.16.19:046][ 98]LogHttp:Display: 	verb=[POST] url=[https://datarouter.ol.epicgames.com/datarouter/api/v1/public/data?SessionID=%7B1C52F615-4C11-693F-0E1F-F08807D221EE%7D&AppID=UEEditor.Rocket.Release&AppVersion=4.13.2-3172292%2B%2B%2BUE4%2BRelease-4.13&UserID=a73c273b4acdb4f97b67588bc540efcd%7Cc8baec03e827406c95b171a2e217b7d3%7Ce55d0206-fd4d-44ee-9095-2de52d0fb4ab&AppEnvironment=datacollector-binary&UploadType=eteventstream] status=Processing
[2017.03.07-00.16.19:069][ 98]LogModuleManager: Shutting down and abandoning module XMPP (15)
[2017.03.07-00.16.19:069][ 98]LogModuleManager: Shutting down and abandoning module TextureCompressor (14)
[2017.03.07-00.16.19:070][ 98]LogModuleManager: Shutting down and abandoning module ShaderCore (13)
[2017.03.07-00.16.19:070][ 98]LogModuleManager: Shutting down and abandoning module Landscape (12)
[2017.03.07-00.16.19:070][ 98]LogModuleManager: Shutting down and abandoning module SlateRHIRenderer (11)
[2017.03.07-00.16.19:078][ 98]LogModuleManager: Shutting down and abandoning module OpenGLDrv (10)
[2017.03.07-00.16.19:078][ 98]LogModuleManager: Shutting down and abandoning module D3D11RHI (9)
[2017.03.07-00.16.19:078][ 98]LogModuleManager: Shutting down and abandoning module AnimGraphRuntime (8)
[2017.03.07-00.16.19:078][ 98]LogModuleManager: Shutting down and abandoning module Renderer (7)
[2017.03.07-00.16.19:078][ 98]LogModuleManager: Shutting down and abandoning module Engine (6)
[2017.03.07-00.16.19:078][ 98]LogModuleManager: Shutting down and abandoning module CoreUObject (5)
[2017.03.07-00.16.19:078][ 98]LogModuleManager: Shutting down and abandoning module NetworkFile (4)
[2017.03.07-00.16.19:078][ 98]LogModuleManager: Shutting down and abandoning module StreamingFile (3)
[2017.03.07-00.16.19:078][ 98]LogModuleManager: Shutting down and abandoning module SandboxFile (2)
[2017.03.07-00.16.19:078][ 98]LogModuleManager: Shutting down and abandoning module PakFile (1)
[2017.03.07-00.16.19:082][ 98]LogExit: Exiting.
[2017.03.07-00.16.19:086][ 98]Log file closed, 03/07/17 11:16:19
