Log file open, 03/02/17 16:57:17
LogInit:Display: Running engine for game: SavingInventory
LogPlatformFile: Not using cached read wrapper
LogInit:Display: RandInit(-496463421) SRandInit(-496463421).
LogTaskGraph: Started task graph with 5 named threads and 8 total threads with 1 sets of task threads.
LogStats: Stats thread started at 0.073390
LogPluginManager: Loaded Plugin Paper2D, From C:/Program Files/Epic Games/UE_4.13/Engine/Plugins/2D/Paper2D/Paper2D.uplugin
LogPluginManager: Loaded Plugin LightPropagationVolume, From C:/Program Files/Epic Games/UE_4.13/Engine/Plugins/Blendables/LightPropagationVolume/LightPropagationVolume.uplugin
LogPluginManager: Loaded Plugin BlankPlugin, From C:/Program Files/Epic Games/UE_4.13/Engine/Plugins/Developer/BlankPlugin/BlankPlugin.uplugin
LogPluginManager: Loaded Plugin CodeLiteSourceCodeAccess, From C:/Program Files/Epic Games/UE_4.13/Engine/Plugins/Developer/CodeLiteSourceCodeAccess/CodeLiteSourceCodeAccess.uplugin
LogPluginManager: Loaded Plugin GitSourceControl, From C:/Program Files/Epic Games/UE_4.13/Engine/Plugins/Developer/GitSourceControl/GitSourceControl.uplugin
LogPluginManager: Loaded Plugin KDevelopSourceCodeAccess, From C:/Program Files/Epic Games/UE_4.13/Engine/Plugins/Developer/KDevelopSourceCodeAccess/KDevelopSourceCodeAccess.uplugin
LogPluginManager: Loaded Plugin NullSourceCodeAccess, From C:/Program Files/Epic Games/UE_4.13/Engine/Plugins/Developer/NullSourceCodeAccess/NullSourceCodeAccess.uplugin
LogPluginManager: Loaded Plugin OneSkyLocalizationService, From C:/Program Files/Epic Games/UE_4.13/Engine/Plugins/Developer/OneSkyLocalizationService/OneSkyLocalizationService.uplugin
LogPluginManager: Loaded Plugin PerforceSourceControl, From C:/Program Files/Epic Games/UE_4.13/Engine/Plugins/Developer/PerforceSourceControl/PerforceSourceControl.uplugin
LogPluginManager: Loaded Plugin SubversionSourceControl, From C:/Program Files/Epic Games/UE_4.13/Engine/Plugins/Developer/SubversionSourceControl/SubversionSourceControl.uplugin
LogPluginManager: Loaded Plugin UObjectPlugin, From C:/Program Files/Epic Games/UE_4.13/Engine/Plugins/Developer/UObjectPlugin/UObjectPlugin.uplugin
LogPluginManager: Loaded Plugin VisualStudioSourceCodeAccess, From C:/Program Files/Epic Games/UE_4.13/Engine/Plugins/Developer/VisualStudioSourceCodeAccess/VisualStudioSourceCodeAccess.uplugin
LogPluginManager: Loaded Plugin XCodeSourceCodeAccess, From C:/Program Files/Epic Games/UE_4.13/Engine/Plugins/Developer/XCodeSourceCodeAccess/XCodeSourceCodeAccess.uplugin
LogPluginManager: Loaded Plugin EpicSurvey, From C:/Program Files/Epic Games/UE_4.13/Engine/Plugins/Editor/EpicSurvey/EpicSurvey.uplugin
LogPluginManager: Loaded Plugin MacGraphicsSwitching, From C:/Program Files/Epic Games/UE_4.13/Engine/Plugins/Editor/MacGraphicsSwitching/MacGraphicsSwitching.uplugin
LogPluginManager: Loaded Plugin MobileLauncherProfileWizard, From C:/Program Files/Epic Games/UE_4.13/Engine/Plugins/Editor/MobileLauncherProfileWizard/MobileLauncherProfileWizard.uplugin
LogPluginManager: Loaded Plugin PluginBrowser, From C:/Program Files/Epic Games/UE_4.13/Engine/Plugins/Editor/PluginBrowser/PluginBrowser.uplugin
LogPluginManager: Loaded Plugin SpeedTreeImporter, From C:/Program Files/Epic Games/UE_4.13/Engine/Plugins/Editor/SpeedTreeImporter/SpeedTreeImporter.uplugin
LogPluginManager: Loaded Plugin SuperSearchEditor, From C:/Program Files/Epic Games/UE_4.13/Engine/Plugins/Editor/SuperSearchEditor/SuperSearchEditor.uplugin
LogPluginManager: Loaded Plugin AlembicImporter, From C:/Program Files/Epic Games/UE_4.13/Engine/Plugins/Experimental/AlembicImporter/AlembicImporter.uplugin
LogPluginManager: Loaded Plugin BlueprintStats, From C:/Program Files/Epic Games/UE_4.13/Engine/Plugins/Experimental/BlueprintStats/BlueprintStats.uplugin
LogPluginManager: Loaded Plugin CharacterAI, From C:/Program Files/Epic Games/UE_4.13/Engine/Plugins/Experimental/CharacterAI/CharacterAI.uplugin
LogPluginManager: Loaded Plugin CodeEditor, From C:/Program Files/Epic Games/UE_4.13/Engine/Plugins/Experimental/CodeEditor/CodeEditor.uplugin
LogPluginManager: Loaded Plugin CodeView, From C:/Program Files/Epic Games/UE_4.13/Engine/Plugins/Experimental/CodeView/CodeView.uplugin
LogPluginManager: Loaded Plugin HTML5Networking, From C:/Program Files/Epic Games/UE_4.13/Engine/Plugins/Experimental/HTML5Networking/HTML5Networking.uplugin
LogPluginManager: Loaded Plugin LiveEditor, From C:/Program Files/Epic Games/UE_4.13/Engine/Plugins/Experimental/LiveEditor/LiveEditor.uplugin
LogPluginManager: Loaded Plugin OSVR, From C:/Program Files/Epic Games/UE_4.13/Engine/Plugins/Experimental/OSVR/OSVR.uplugin
LogPluginManager: Loaded Plugin Phya, From C:/Program Files/Epic Games/UE_4.13/Engine/Plugins/Experimental/Phya/Phya.uplugin
LogPluginManager: Loaded Plugin SignificanceManager, From C:/Program Files/Epic Games/UE_4.13/Engine/Plugins/Experimental/SignificanceManager/SignificanceManager.uplugin
LogPluginManager: Loaded Plugin SimpleHMD, From C:/Program Files/Epic Games/UE_4.13/Engine/Plugins/Experimental/SimpleHMD/SimpleHMD.uplugin
LogPluginManager: Loaded Plugin StereoPanorama, From C:/Program Files/Epic Games/UE_4.13/Engine/Plugins/Experimental/StereoPanorama/StereoPanorama.uplugin
LogPluginManager: Loaded Plugin StructBox, From C:/Program Files/Epic Games/UE_4.13/Engine/Plugins/Experimental/StructBox/StructBox.uplugin
LogPluginManager: Loaded Plugin AndroidMedia, From C:/Program Files/Epic Games/UE_4.13/Engine/Plugins/Media/AndroidMedia/AndroidMedia.uplugin
LogPluginManager: Loaded Plugin AvfMedia, From C:/Program Files/Epic Games/UE_4.13/Engine/Plugins/Media/AvfMedia/AvfMedia.uplugin
LogPluginManager: Loaded Plugin MediaPlayerEditor, From C:/Program Files/Epic Games/UE_4.13/Engine/Plugins/Media/MediaPlayerEditor/MediaPlayerEditor.uplugin
LogPluginManager: Loaded Plugin WmfMedia, From C:/Program Files/Epic Games/UE_4.13/Engine/Plugins/Media/WmfMedia/WmfMedia.uplugin
LogPluginManager: Loaded Plugin MessagingDebugger, From C:/Program Files/Epic Games/UE_4.13/Engine/Plugins/Messaging/MessagingDebugger/MessagingDebugger.uplugin
LogPluginManager: Loaded Plugin TcpMessaging, From C:/Program Files/Epic Games/UE_4.13/Engine/Plugins/Messaging/TcpMessaging/TcpMessaging.uplugin
LogPluginManager: Loaded Plugin UdpMessaging, From C:/Program Files/Epic Games/UE_4.13/Engine/Plugins/Messaging/UdpMessaging/UdpMessaging.uplugin
LogPluginManager: Loaded Plugin LevelSequenceEditor, From C:/Program Files/Epic Games/UE_4.13/Engine/Plugins/MovieScene/LevelSequenceEditor/LevelSequenceEditor.uplugin
LogPluginManager: Loaded Plugin MatineeToLevelSequence, From C:/Program Files/Epic Games/UE_4.13/Engine/Plugins/MovieScene/MatineeToLevelSequence/MatineeToLevelSequence.uplugin
LogPluginManager: Loaded Plugin NetcodeUnitTest, From C:/Program Files/Epic Games/UE_4.13/Engine/Plugins/NetcodeUnitTest/NetcodeUnitTest/NetcodeUnitTest.uplugin
LogPluginManager: Loaded Plugin NUTUnrealEngine4, From C:/Program Files/Epic Games/UE_4.13/Engine/Plugins/NetcodeUnitTest/NUTUnrealEngine4/NUTUnrealEngine4.uplugin
LogPluginManager: Loaded Plugin OnlineSubsystemGooglePlay, From C:/Program Files/Epic Games/UE_4.13/Engine/Plugins/Online/Android/OnlineSubsystemGooglePlay/OnlineSubsystemGooglePlay.uplugin
LogPluginManager: Loaded Plugin OnlineSubsystemIOS, From C:/Program Files/Epic Games/UE_4.13/Engine/Plugins/Online/IOS/OnlineSubsystemIOS/OnlineSubsystemIOS.uplugin
LogPluginManager: Loaded Plugin OnlineFramework, From C:/Program Files/Epic Games/UE_4.13/Engine/Plugins/Online/OnlineFramework/OnlineFramework.uplugin
LogPluginManager: Loaded Plugin OnlineSubsystem, From C:/Program Files/Epic Games/UE_4.13/Engine/Plugins/Online/OnlineSubsystem/OnlineSubsystem.uplugin
LogPluginManager: Loaded Plugin OnlineSubsystemAmazon, From C:/Program Files/Epic Games/UE_4.13/Engine/Plugins/Online/OnlineSubsystemAmazon/OnlineSubsystemAmazon.uplugin
LogPluginManager: Loaded Plugin OnlineSubsystemFacebook, From C:/Program Files/Epic Games/UE_4.13/Engine/Plugins/Online/OnlineSubsystemFacebook/OnlineSubsystemFacebook.uplugin
LogPluginManager: Loaded Plugin OnlineSubsystemNull, From C:/Program Files/Epic Games/UE_4.13/Engine/Plugins/Online/OnlineSubsystemNull/OnlineSubsystemNull.uplugin
LogPluginManager: Loaded Plugin OnlineSubsystemOculus, From C:/Program Files/Epic Games/UE_4.13/Engine/Plugins/Online/OnlineSubsystemOculus/OnlineSubsystemOculus.uplugin
LogPluginManager: Loaded Plugin OnlineSubsystemSteam, From C:/Program Files/Epic Games/UE_4.13/Engine/Plugins/Online/OnlineSubsystemSteam/OnlineSubsystemSteam.uplugin
LogPluginManager: Loaded Plugin OnlineSubsystemUtils, From C:/Program Files/Epic Games/UE_4.13/Engine/Plugins/Online/OnlineSubsystemUtils/OnlineSubsystemUtils.uplugin
LogPluginManager: Loaded Plugin IOSTapJoy, From C:/Program Files/Epic Games/UE_4.13/Engine/Plugins/Runtime/Advertising/IOSTapJoy/IOSTapJoy.uplugin
LogPluginManager: Loaded Plugin AnalyticsBlueprintLibrary, From C:/Program Files/Epic Games/UE_4.13/Engine/Plugins/Runtime/Analytics/AnalyticsBlueprintLibrary/AnalyticsBlueprintLibrary.uplugin
LogPluginManager: Loaded Plugin AnalyticsMulticast, From C:/Program Files/Epic Games/UE_4.13/Engine/Plugins/Runtime/Analytics/AnalyticsMulticast/AnalyticsMulticast.uplugin
LogPluginManager: Loaded Plugin Apsalar, From C:/Program Files/Epic Games/UE_4.13/Engine/Plugins/Runtime/Analytics/Apsalar/Apsalar.uplugin
LogPluginManager: Loaded Plugin FileLogging, From C:/Program Files/Epic Games/UE_4.13/Engine/Plugins/Runtime/Analytics/FileLogging/FileLogging.uplugin
LogPluginManager: Loaded Plugin Flurry, From C:/Program Files/Epic Games/UE_4.13/Engine/Plugins/Runtime/Analytics/Flurry/Flurry.uplugin
LogPluginManager: Loaded Plugin AndroidDeviceProfileSelector, From C:/Program Files/Epic Games/UE_4.13/Engine/Plugins/Runtime/AndroidDeviceProfileSelector/AndroidDeviceProfileSelector.uplugin
LogPluginManager: Loaded Plugin AndroidMoviePlayer, From C:/Program Files/Epic Games/UE_4.13/Engine/Plugins/Runtime/AndroidMoviePlayer/AndroidMoviePlayer.uplugin
LogPluginManager: Loaded Plugin AppleMoviePlayer, From C:/Program Files/Epic Games/UE_4.13/Engine/Plugins/Runtime/AppleMoviePlayer/AppleMoviePlayer.uplugin
LogPluginManager: Loaded Plugin ArchVisCharacter, From C:/Program Files/Epic Games/UE_4.13/Engine/Plugins/Runtime/ArchVisCharacter/ArchVisCharacter.uplugin
LogPluginManager: Loaded Plugin CableComponent, From C:/Program Files/Epic Games/UE_4.13/Engine/Plugins/Runtime/CableComponent/CableComponent.uplugin
LogPluginManager: Loaded Plugin CustomMeshComponent, From C:/Program Files/Epic Games/UE_4.13/Engine/Plugins/Runtime/CustomMeshComponent/CustomMeshComponent.uplugin
LogPluginManager: Loaded Plugin ExampleDeviceProfileSelector, From C:/Program Files/Epic Games/UE_4.13/Engine/Plugins/Runtime/ExampleDeviceProfileSelector/ExampleDeviceProfileSelector.uplugin
LogPluginManager: Loaded Plugin GearVR, From C:/Program Files/Epic Games/UE_4.13/Engine/Plugins/Runtime/GearVR/GearVR.uplugin
LogPluginManager: Loaded Plugin GoogleVRController, From C:/Program Files/Epic Games/UE_4.13/Engine/Plugins/Runtime/GoogleVR/GoogleVRController/GoogleVRController.uplugin
LogPluginManager: Loaded Plugin GoogleVRHMD, From C:/Program Files/Epic Games/UE_4.13/Engine/Plugins/Runtime/GoogleVR/GoogleVRHMD/GoogleVRHMD.uplugin
LogPluginManager: Loaded Plugin IOSDeviceProfileSelector, From C:/Program Files/Epic Games/UE_4.13/Engine/Plugins/Runtime/IOSDeviceProfileSelector/IOSDeviceProfileSelector.uplugin
LogPluginManager: Loaded Plugin LeapMotion, From C:/Program Files/Epic Games/UE_4.13/Engine/Plugins/Runtime/LeapMotion/LeapMotion.uplugin
LogPluginManager: Loaded Plugin LinuxDeviceProfileSelector, From C:/Program Files/Epic Games/UE_4.13/Engine/Plugins/Runtime/LinuxDeviceProfileSelector/LinuxDeviceProfileSelector.uplugin
LogPluginManager: Loaded Plugin LiveEditorListenServer, From C:/Program Files/Epic Games/UE_4.13/Engine/Plugins/Runtime/LiveEditorListenServer/LiveEditorListenServer.uplugin
LogPluginManager: Loaded Plugin OculusAudio, From C:/Program Files/Epic Games/UE_4.13/Engine/Plugins/Runtime/OculusAudio/OculusAudio.uplugin
LogPluginManager: Loaded Plugin OculusInput, From C:/Program Files/Epic Games/UE_4.13/Engine/Plugins/Runtime/OculusInput/OculusInput.uplugin
LogPluginManager: Loaded Plugin OculusLibrary, From C:/Program Files/Epic Games/UE_4.13/Engine/Plugins/Runtime/OculusLibrary/OculusLibrary.uplugin
LogPluginManager: Loaded Plugin OculusRift, From C:/Program Files/Epic Games/UE_4.13/Engine/Plugins/Runtime/OculusRift/OculusRift.uplugin
LogPluginManager: Loaded Plugin Oodle, From C:/Program Files/Epic Games/UE_4.13/Engine/Plugins/Runtime/PacketHandlers/CompressionComponents/Oodle/Oodle.uplugin
LogPluginManager: Loaded Plugin ProceduralMeshComponent, From C:/Program Files/Epic Games/UE_4.13/Engine/Plugins/Runtime/ProceduralMeshComponent/ProceduralMeshComponent.uplugin
LogPluginManager: Loaded Plugin SoundMod, From C:/Program Files/Epic Games/UE_4.13/Engine/Plugins/Runtime/SoundMod/SoundMod.uplugin
LogPluginManager: Loaded Plugin SoundVisualizations, From C:/Program Files/Epic Games/UE_4.13/Engine/Plugins/Runtime/SoundVisualizations/SoundVisualizations.uplugin
LogPluginManager: Loaded Plugin SteamController, From C:/Program Files/Epic Games/UE_4.13/Engine/Plugins/Runtime/Steam/SteamController/SteamController.uplugin
LogPluginManager: Loaded Plugin SteamVR, From C:/Program Files/Epic Games/UE_4.13/Engine/Plugins/Runtime/Steam/SteamVR/SteamVR.uplugin
LogPluginManager: Loaded Plugin WebBrowserWidget, From C:/Program Files/Epic Games/UE_4.13/Engine/Plugins/Runtime/WebBrowserWidget/WebBrowserWidget.uplugin
LogPluginManager: Loaded Plugin WindowsDeviceProfileSelector, From C:/Program Files/Epic Games/UE_4.13/Engine/Plugins/Runtime/WindowsDeviceProfileSelector/WindowsDeviceProfileSelector.uplugin
LogPluginManager: Loaded Plugin WindowsMoviePlayer, From C:/Program Files/Epic Games/UE_4.13/Engine/Plugins/Runtime/WindowsMoviePlayer/WindowsMoviePlayer.uplugin
LogPluginManager: Loaded Plugin ScriptPlugin, From C:/Program Files/Epic Games/UE_4.13/Engine/Plugins/ScriptPlugin/ScriptPlugin.uplugin
LogPluginManager: Loaded Plugin SlateRemote, From C:/Program Files/Epic Games/UE_4.13/Engine/Plugins/Slate/SlateRemote/SlateRemote.uplugin
LogInit: Using libcurl 7.47.1
LogInit:  - built for x86_64-pc-win32
LogInit:  - supports SSL with WinSSL
LogInit:  - other features:
LogInit:      CURL_VERSION_SSL
LogInit:      CURL_VERSION_IPV6
LogInit:      CURL_VERSION_ASYNCHDNS
LogInit:      CURL_VERSION_LARGEFILE
LogInit:      CURL_VERSION_IDN
LogInit:  CurlRequestOptions (configurable via config and command line):
LogInit:  - bVerifyPeer = false  - Libcurl will NOT verify peer certificate
LogInit:  - bUseHttpProxy = false  - Libcurl will NOT use HTTP proxy
LogInit:  - bDontReuseConnections = false  - Libcurl will reuse connections
LogInit:  - CertBundlePath = nullptr  - Libcurl will use whatever was configured at build time.
LogInit: Build: ++UE4+Release-4.13-CL-3172292
LogInit: Engine Version: 4.13.2-3172292+++UE4+Release-4.13
LogInit: Compatible Engine Version: 4.13.0-3106830+++UE4+Release-4.13
LogInit: Net CL: 3172292
LogDevObjectVersion: Number of dev versions registered: 13
LogDevObjectVersion:   Dev-Blueprints (B0D832E4-1F89-4F0D-ACCF-7EB736FD4AA2): 5
LogDevObjectVersion:   Dev-Build (E1C64328-A22C-4D53-A36C-8E866417BD8C): 0
LogDevObjectVersion:   Dev-Core (375EC13C-06E4-48FB-B500-84F0262A717E): 1
LogDevObjectVersion:   Dev-Editor (E4B068ED-F494-42E9-A231-DA0B2E46BB41): 6
LogDevObjectVersion:   Dev-Framework (CFFC743F-43B0-4480-9391-14DF171D2073): 12
LogDevObjectVersion:   Dev-Mobile (B02B49B5-BB20-44E9-A304-32B752E40360): 0
LogDevObjectVersion:   Dev-Networking (A4E4105C-59A1-49B5-A7C5-40C4547EDFEE): 0
LogDevObjectVersion:   Dev-Online (39C831C9-5AE6-47DC-9A44-9C173E1C8E7C): 0
LogDevObjectVersion:   Dev-Physics (78F01B33-EBEA-4F98-B9B4-84EACCB95AA2): 0
LogDevObjectVersion:   Dev-Platform (6631380F-2D4D-43E0-8009-CF276956A95A): 0
LogDevObjectVersion:   Dev-Rendering (12F88B9F-8875-4AFC-A67C-D90C383ABD29): 4
LogDevObjectVersion:   Dev-Sequencer (7B5AE74C-D270-4C10-A958-57980B212A5A): 0
LogDevObjectVersion:   Dev-VR (D7296918-1DD6-4BDD-9DE2-64A83CC13884): 0
LogInit: Compiled (64-bit): Oct 24 2016 14:29:06
LogInit: Compiled with Visual C++: 19.00.23026.00
LogInit: Build Configuration: Development
LogInit: Branch Name: ++UE4+Release-4.13
LogInit: Command line: 
LogInit: Base directory: C:/Program Files/Epic Games/UE_4.13/Engine/Binaries/Win64/
LogInit: Installed Engine Build: 1
LogInit: Presizing for max 8388607 objects, including 0 objects not considered by GC, pre-allocating 0 bytes for permanent pool.
LogInit: Object subsystem initialized
[2017.03.02-05.57.17:954][  0]LogInit: Selected Device Profile: [Windows]
[2017.03.02-05.57.17:954][  0]LogInit: Applying CVar settings loaded from the selected device profile: [Windows]
[2017.03.02-05.57.17:964][  0]LogInit: Computer: BN4VF42
[2017.03.02-05.57.17:964][  0]LogInit: User: webbj
[2017.03.02-05.57.17:964][  0]LogInit: CPU Page size=65536, Cores=4
[2017.03.02-05.57.17:964][  0]LogInit: High frequency timer resolution =3.515643 MHz
[2017.03.02-05.57.17:964][  0]LogMemory: Memory total: Physical=15.9GB (16GB approx)
[2017.03.02-05.57.17:964][  0]LogMemory: Platform Memory Stats for Windows
[2017.03.02-05.57.17:964][  0]LogMemory: Process Physical Memory: 256.37 MB used, 256.37 MB peak
[2017.03.02-05.57.17:964][  0]LogMemory: Process Virtual Memory: 259.92 MB used, 259.92 MB peak
[2017.03.02-05.57.17:964][  0]LogMemory: Physical Memory: 4792.11 MB used, 16298.84 MB total
[2017.03.02-05.57.17:964][  0]LogMemory: Virtual Memory: 622.95 MB used, 134217728.00 MB total
[2017.03.02-05.57.17:985][  0]LogTextLocalizationManager: No specific translations for ('en-AU') exist, so ('en') translations will be used.
[2017.03.02-05.57.18:452][  0]LogD3D11RHI: D3D11 adapters:
[2017.03.02-05.57.18:461][  0]LogD3D11RHI:    0. 'AMD Radeon(TM) R9 270' (Feature Level 11_0)
[2017.03.02-05.57.18:461][  0]LogD3D11RHI:       2030/0/8149 MB DedicatedVideo/DedicatedSystem/SharedSystem, Outputs:1, VendorId:0x1002
[2017.03.02-05.57.18:466][  0]LogD3D11RHI:    1. 'Intel(R) HD Graphics 4600' (Feature Level 11_0)
[2017.03.02-05.57.18:466][  0]LogD3D11RHI:       112/0/2048 MB DedicatedVideo/DedicatedSystem/SharedSystem, Outputs:0, VendorId:0x8086
[2017.03.02-05.57.18:467][  0]LogD3D11RHI:    2. 'Microsoft Basic Render Driver' (Feature Level 11_0)
[2017.03.02-05.57.18:467][  0]LogD3D11RHI:       0/0/8149 MB DedicatedVideo/DedicatedSystem/SharedSystem, Outputs:0, VendorId:0x1414
[2017.03.02-05.57.18:467][  0]LogD3D11RHI: Chosen D3D11 Adapter: 0
[2017.03.02-05.57.18:472][  0]LogD3D11RHI: Creating new Direct3DDevice
[2017.03.02-05.57.18:472][  0]LogD3D11RHI:     GPU DeviceId: 0x6811 (for the marketing name, search the web for "GPU Device Id")
[2017.03.02-05.57.18:472][  0]LogWindows: EnumDisplayDevices:
[2017.03.02-05.57.18:472][  0]LogWindows:    0. 'AMD Radeon(TM) R9 270' (P:1 D:1)
[2017.03.02-05.57.18:472][  0]LogWindows:    1. 'AMD Radeon(TM) R9 270' (P:0 D:0)
[2017.03.02-05.57.18:473][  0]LogWindows:    2. 'AMD Radeon(TM) R9 270' (P:0 D:0)
[2017.03.02-05.57.18:473][  0]LogWindows:    3. 'AMD Radeon(TM) R9 270' (P:0 D:0)
[2017.03.02-05.57.18:473][  0]LogWindows:    4. 'AMD Radeon(TM) R9 270' (P:0 D:0)
[2017.03.02-05.57.18:473][  0]LogWindows:    5. 'AMD Radeon(TM) R9 270' (P:0 D:0)
[2017.03.02-05.57.18:474][  0]LogWindows:    6. 'Intel(R) HD Graphics 4600' (P:0 D:0)
[2017.03.02-05.57.18:474][  0]LogWindows:    7. 'Intel(R) HD Graphics 4600' (P:0 D:0)
[2017.03.02-05.57.18:474][  0]LogWindows:    8. 'Intel(R) HD Graphics 4600' (P:0 D:0)
[2017.03.02-05.57.18:474][  0]LogWindows: DebugString: PrimaryIsNotTheChoosenAdapter PrimaryIsNotTheChoosenAdapter PrimaryIsNotTheChoosenAdapter FoundDriverCount:6 
[2017.03.02-05.57.18:474][  0]LogD3D11RHI:     Adapter Name: AMD Radeon(TM) R9 270
[2017.03.02-05.57.18:474][  0]LogD3D11RHI:   Driver Version: Crimson 15.11 (internal:15.301.1701.0, unified:15.301.1701.0)
[2017.03.02-05.57.18:474][  0]LogD3D11RHI:      Driver Date: 1-13-2016
[2017.03.02-05.57.18:474][  0]LogRHI: Texture pool is 1361 MB (70% of 1945 MB)
[2017.03.02-05.57.18:480][  0]LogD3D11RHI: Async texture creation enabled
[2017.03.02-05.57.18:492][  0]LogD3D11RHI: GPU Timing Frequency: 27.000000 (Debug: 2 1)
[2017.03.02-05.57.18:492][  0]LogShaderCompilers: Guid format shader working directory is -27 characters bigger than the processId version (../../../../../../Users/webbj/Documents/Unreal Projects/SavingInventory2/Intermediate/Shaders/WorkingDirectory/11236/).
[2017.03.02-05.57.18:493][  0]LogShaderCompilers: Cleaned the shader compiler working directory 'C:/Users/webbj/AppData/Local/Temp/UnrealShaderWorkingDir/206C4BC14681AB6EB53FBCA3E08EB584/'.
[2017.03.02-05.57.18:493][  0]LogShaderCompilers:Display: Using Local Shader Compiler.
[2017.03.02-05.57.19:317][  0]LogTemp:Display: Loaded TP AllDesktopTargetPlatform
[2017.03.02-05.57.19:325][  0]LogTemp:Display: Loaded TP WindowsClientTargetPlatform
[2017.03.02-05.57.19:332][  0]LogTemp:Display: Loaded TP WindowsNoEditorTargetPlatform
[2017.03.02-05.57.19:339][  0]LogTemp:Display: Loaded TP WindowsServerTargetPlatform
[2017.03.02-05.57.19:345][  0]LogTemp:Display: Loaded TP WindowsTargetPlatform
[2017.03.02-05.57.19:351][  0]LogTemp:Display: Loaded TP AndroidTargetPlatform
[2017.03.02-05.57.19:356][  0]LogTemp:Display: Loaded TP Android_ASTCTargetPlatform
[2017.03.02-05.57.19:362][  0]LogTemp:Display: Loaded TP Android_ATCTargetPlatform
[2017.03.02-05.57.19:367][  0]LogTemp:Display: Loaded TP Android_DXTTargetPlatform
[2017.03.02-05.57.19:372][  0]LogTemp:Display: Loaded TP Android_ETC1TargetPlatform
[2017.03.02-05.57.19:377][  0]LogTemp:Display: Loaded TP Android_ETC2TargetPlatform
[2017.03.02-05.57.19:388][  0]LogTemp:Display: Loaded TP Android_MultiTargetPlatform
[2017.03.02-05.57.19:388][  0]LogTemp:Display: Loaded TP Android_PVRTCTargetPlatform
[2017.03.02-05.57.19:389][  0]LogTemp:Display: Loaded TP HTML5TargetPlatform
[2017.03.02-05.57.19:407][  0]LogTemp:Display: Loaded TP IOSTargetPlatform
[2017.03.02-05.57.19:412][  0]LogTemp:Display: Loaded TP TVOSTargetPlatform
[2017.03.02-05.57.19:423][  0]LogTemp:Display: Loaded TP LinuxClientTargetPlatform
[2017.03.02-05.57.19:437][  0]LogTemp:Display: Loaded TP LinuxNoEditorTargetPlatform
[2017.03.02-05.57.19:446][  0]LogTemp:Display: Loaded TP LinuxServerTargetPlatform
[2017.03.02-05.57.19:451][  0]LogTemp:Display: Loaded TP LinuxTargetPlatform
[2017.03.02-05.57.19:451][  0]LogTargetPlatformManager:Display: Building Assets For Windows
[2017.03.02-05.57.19:509][  0]LogDerivedDataCache:Display: Max Cache Size: 512 MB
[2017.03.02-05.57.19:561][  0]LogDerivedDataCache: Loaded boot cache 0.05s 62MB C:/Users/webbj/AppData/Local/UnrealEngine/4.13/DerivedDataCache/Boot.ddc.
[2017.03.02-05.57.19:561][  0]LogDerivedDataCache:Display: Loaded Boot cache: C:/Users/webbj/AppData/Local/UnrealEngine/4.13/DerivedDataCache/Boot.ddc
[2017.03.02-05.57.19:561][  0]LogDerivedDataCache: FDerivedDataBackendGraph:  Pak pak cache file ../../../../../../Users/webbj/Documents/Unreal Projects/SavingInventory2/DerivedDataCache/DDC.ddp not found, will not use a pak cache.
[2017.03.02-05.57.19:561][  0]LogDerivedDataCache: Unable to find inner node Pak for hierarchical cache Hierarchy.
[2017.03.02-05.57.19:561][  0]LogDerivedDataCache: FDerivedDataBackendGraph:  CompressedPak pak cache file ../../../../../../Users/webbj/Documents/Unreal Projects/SavingInventory2/DerivedDataCache/Compressed.ddp not found, will not use a pak cache.
[2017.03.02-05.57.19:561][  0]LogDerivedDataCache: Unable to find inner node CompressedPak for hierarchical cache Hierarchy.
[2017.03.02-05.57.19:575][  0]LogDerivedDataCache:Display: Pak cache opened for reading ../../../Engine/DerivedDataCache/Compressed.ddp.
[2017.03.02-05.57.19:587][  0]LogDerivedDataCache: Using Local data cache path C:/Users/webbj/AppData/Local/UnrealEngine/Common/DerivedDataCache: Writable
[2017.03.02-05.57.19:743][  0]LogInit: Selected Device Profile: [Windows]
[2017.03.02-05.57.19:745][  0]LogContentStreaming: Texture pool size is 0.00 MB
[2017.03.02-05.57.19:817][  0]LogMeshUtilities: No automatic mesh reduction module available
[2017.03.02-05.57.19:817][  0]LogMeshUtilities: No automatic mesh merging module available
[2017.03.02-05.57.19:817][  0]LogMeshUtilities: No distributed automatic mesh merging module available
[2017.03.02-05.57.19:869][  0]LogMaterial: Uniform references updated for custom material expression Custom.
[2017.03.02-05.57.20:121][  0]LogNetVersion: GetLocalNetworkVersion: CL: 3106830, ProjectName: savinginventory, ProjectVersion: , EngineNetworkVersion: 1, GameNetworkVersion: 0, NetworkChecksum: 1071487255
[2017.03.02-05.57.20:154][  0]LogAssetRegistry: FAssetRegistry took 0.0218 seconds to start up
[2017.03.02-05.57.20:188][  0]LogPackageLocalizationCache: Processed 3 localized package path(s) for 2 prioritized culture(s) in 0.032429 seconds
[2017.03.02-05.57.20:193][  0]LogUObjectArray: 29778 objects as part of root set at end of initial load.
[2017.03.02-05.57.20:193][  0]LogUObjectAllocator: 6125448 out of 0 bytes used by permanent object pool.
[2017.03.02-05.57.20:193][  0]LogUObjectArray: CloseDisregardForGC: 0/0 objects in disregard for GC pool
[2017.03.02-05.57.20:198][  0]LogInit: WinSock: version 1.1 (2.2), MaxSocks=32767, MaxUdp=65467
[2017.03.02-05.57.20:357][  0]LogSlate: SlateFontCache - WITH_FREETYPE: 1, WITH_HARFBUZZ: 1
[2017.03.02-05.57.20:357][  0]LogSlate: SlateFontCache - WITH_FREETYPE: 1, WITH_HARFBUZZ: 1
[2017.03.02-05.57.20:862][  0]LogTcpMessaging: Initializing TcpMessaging bridge
[2017.03.02-05.57.20:881][  0]LogUdpMessaging: Initializing bridge on interface 0.0.0.0:0 to multicast group 230.0.0.1:6666.
[2017.03.02-05.57.21:117][  0]SourceControl: Info Source control is disabled
[2017.03.02-05.57.21:118][  0]SourceControl: Info Source control is disabled
[2017.03.02-05.57.21:126][  0]SourceControl: Info Source control is disabled
[2017.03.02-05.57.21:134][  0]SourceControl: Info Source control is disabled
[2017.03.02-05.57.21:370][  0]LogEngine: Initializing Engine...
[2017.03.02-05.57.21:370][  0]LogHMD: Failed to initialize OpenVR with code 110
[2017.03.02-05.57.21:476][  0]LogAIModule: Creating AISystem for world Untitled
[2017.03.02-05.57.21:484][  0]LogInit: XAudio2 using 'Speakers / Headphones (Realtek Audio)' : 2 channels at 48 kHz using 32 bits per sample (channel mask 0x3)
[2017.03.02-05.57.21:496][  0]LogInit: FAudioDevice initialized.
[2017.03.02-05.57.21:522][  0]LogDerivedDataCache: Saved boot cache 0.03s 62MB C:/Users/webbj/AppData/Local/UnrealEngine/4.13/DerivedDataCache/Boot.ddc.
[2017.03.02-05.57.21:527][  0]LogInit: Texture streaming: Enabled
[2017.03.02-05.57.21:546][  0]LogInit: Transaction tracking system initialized
[2017.03.02-05.57.21:562][  0]BlueprintLog: New page: Editor Load
[2017.03.02-05.57.21:617][  0]LocalizationService: Info Localization service is disabled
[2017.03.02-05.57.21:681][  0]LogConsoleResponse:Display: 
[2017.03.02-05.57.21:820][  0]LogCook:Display: Max memory allowance for cook 16384mb min free memory 0mb
[2017.03.02-05.57.21:820][  0]LogCook:Display: Mobile HDR setting 1
[2017.03.02-05.57.21:952][  0]LogFileCache: Scanning file cache for directory 'C:/Users/webbj/Documents/Unreal Projects/SavingInventory2/Content/' took 0.02s
[2017.03.02-05.57.21:952][  0]SourceControl: Info Source control is disabled
[2017.03.02-05.57.22:112][  0]LogWindowsTextInputMethodSystem:Display: IME system now deactivated.
[2017.03.02-05.57.27:795][  0]LogWindowsTextInputMethodSystem:Display: IME system now deactivated.
[2017.03.02-05.57.27:819][  0]LogWindowsTextInputMethodSystem:Display: IME system now deactivated.
[2017.03.02-05.57.29:524][  0]LogWindowsTextInputMethodSystem:Display: IME system now deactivated.
[2017.03.02-05.57.29:557][  0]LogWindowsTextInputMethodSystem:Display: IME system now deactivated.
[2017.03.02-05.57.29:557][  0]Cmd: MAP LOAD FILE="../../../../../../Users/webbj/Documents/Unreal Projects/SavingInventory2/Content/ThirdPersonBP/Maps/ThirdPersonExampleMap.umap" TEMPLATE=0 SHOWPROGRESS=1 FEATURELEVEL=3
[2017.03.02-05.57.29:558][  0]LightingResults: New page: Lighting Build
[2017.03.02-05.57.29:561][  0]MapCheck: New page: Map Check
[2017.03.02-05.57.29:561][  0]LightingResults: New page: Lighting Build
[2017.03.02-05.57.30:122][  0]LogAIModule: Creating AISystem for world ThirdPersonExampleMap
[2017.03.02-05.57.30:200][  0]LogEditorServer: Finished looking for orphan Actors (0.000 secs)
[2017.03.02-05.57.30:201][  0]Cmd: MAP CHECKDEP NOCLEARLOG
[2017.03.02-05.57.30:247][  0]MapCheck: Info Map check complete: 0 Error(s), 0 Warning(s), took 46.489ms to complete.
[2017.03.02-05.57.30:247][  0]LogFileHelpers: Loading map 'ThirdPersonExampleMap' took 0.690
[2017.03.02-05.57.30:327][  0]LogStats:Warning: MetaData mismatch. Did you assign a stat to two groups? New //STATGROUP_Threads//SplashScreenThread///Thread_33c0_0///####STATCAT_Advanced#### old //STATGROUP_Threads//SplashScreenThread///Thread_3050_0///####STATCAT_Advanced####
[2017.03.02-05.57.30:327][  0]LogCollectionManager: Loaded 0 collections in 0.001620 seconds
[2017.03.02-05.57.30:371][  0]LogFileCache: Scanning file cache for directory 'C:/Users/webbj/Documents/Unreal Projects/SavingInventory2/Saved/Collections/' took 0.01s
[2017.03.02-05.57.30:371][  0]LogFileCache: Scanning file cache for directory 'C:/Users/webbj/Documents/Unreal Projects/SavingInventory2/Content/Developers/webbj/Collections/' took 0.01s
[2017.03.02-05.57.30:371][  0]LogFileCache: Scanning file cache for directory 'C:/Users/webbj/Documents/Unreal Projects/SavingInventory2/Content/Collections/' took 0.01s
[2017.03.02-05.57.30:371][  0]LogCollectionManager: Rebuilt the GUID cache for 0 collections in 0.000006 seconds
[2017.03.02-05.57.30:394][  0]LogContentBrowser: Native class hierarchy populated in 0.0221 seconds. Added 2141 classes and 415 folders.
[2017.03.02-05.57.30:398][  0]LogStats: UGameplayTagsManager::ConstructGameplayTagTree: Construct from data asset -  0.000 s
[2017.03.02-05.57.30:398][  0]LogStats: UGameplayTagsManager::ConstructGameplayTagTree: GameplayTagTreeChangedEvent.Broadcast -  0.000 s
[2017.03.02-05.57.30:399][  0]LogContentBrowser: Native class hierarchy updated for 'GameplayTags' in 0.0007 seconds. Added 12 classes and 0 folders.
[2017.03.02-05.57.30:405][  0]LogContentBrowser: Native class hierarchy updated for 'WidgetCarousel' in 0.0006 seconds. Added 0 classes and 0 folders.
[2017.03.02-05.57.30:547][  0]LogContentBrowser: Native class hierarchy updated for 'AddContentDialog' in 0.0004 seconds. Added 0 classes and 0 folders.
[2017.03.02-05.57.30:551][  0]LogContentBrowser: Native class hierarchy updated for 'SceneOutliner' in 0.0004 seconds. Added 1 classes and 2 folders.
[2017.03.02-05.57.30:562][  0]LogCrashTracker: Crashtracker disabled due to settings.
[2017.03.02-05.57.30:580][  0]LogUObjectGlobals:Warning: Failed to find object 'Class None.'
[2017.03.02-05.57.30:605][  0]LogContentBrowser: Native class hierarchy updated for 'HierarchicalLODOutliner' in 0.0004 seconds. Added 1 classes and 2 folders.
[2017.03.02-05.57.30:606][  0]LogLoad: (Engine Initialization) Total time: 13.53 seconds
[2017.03.02-05.57.30:606][  0]LogLoad: (Engine Initialization) Total Blueprint compile time: 0.16 seconds
[2017.03.02-05.57.30:606][  0]LogExternalProfiler: No external profilers were discovered.  External profiling features will not be available.
[2017.03.02-05.57.30:615][  0]LogOcInput: OculusInput pre-init called
[2017.03.02-05.57.30:633][  0]LogContentStreaming: Texture pool size now 1000 MB
[2017.03.02-05.57.30:792][  0]LogRenderer: Reallocating scene render targets to support 1208x576 (Frame:2).
[2017.03.02-05.57.31:062][  1]LogAssetRegistry: Asset discovery search completed in 10.9300 seconds
[2017.03.02-05.57.31:062][  1]LogCollectionManager: Rebuilt the object cache for 0 collections in 0.000001 seconds (found 0 objects)
[2017.03.02-05.57.31:062][  1]LogCollectionManager: Fixed up redirectors for 0 collections in 0.000018 seconds (updated 0 objects)
[2017.03.02-05.57.37:131][535]LogContentBrowser: Native class hierarchy updated for 'BlueprintGraph' in 0.0007 seconds. Added 112 classes and 0 folders.
[2017.03.02-05.57.41:181][848]LogRenderer: Reallocating scene render targets to support 1208x664 (Frame:1068).
[2017.03.02-05.58.05:508][934]BlueprintLog: New page: Compile WeaponPickup
[2017.03.02-05.58.06:407][968]LogSavePackage: Save=25.64ms
[2017.03.02-05.58.06:407][968]LogSavePackage: Moving '../../../../../../Users/webbj/Documents/Unreal Projects/SavingInventory2/Saved/WeaponPickupCE87ACEA45B7F280CFC570AEADBA3B87.tmp' to '../../../../../../Users/webbj/Documents/Unreal Projects/SavingInventory2/Content/ThirdPersonBP/Blueprints/WeaponPickup.uasset'
[2017.03.02-05.58.06:410][968]LogSavePackage:Display: Finished SavePackage ../../../../../../Users/webbj/Documents/Unreal Projects/SavingInventory2/Content/ThirdPersonBP/Blueprints/WeaponPickup.uasset
[2017.03.02-05.58.11:681][384]LogScript:Warning: Accessed None trying to read property Weapon
	WeaponPickup_C /Game/ThirdPersonBP/Maps/ThirdPersonExampleMap.ThirdPersonExampleMap:PersistentLevel.SwordPickup2
	Function /Game/ThirdPersonBP/Blueprints/WeaponPickup.WeaponPickup_C:UserConstructionScript:0048
[2017.03.02-05.58.11:681][384]LogScript:Warning: Accessed None trying to read property Weapon
	WeaponPickup_C /Game/ThirdPersonBP/Maps/ThirdPersonExampleMap.ThirdPersonExampleMap:PersistentLevel.SwordPickup_92
	Function /Game/ThirdPersonBP/Blueprints/WeaponPickup.WeaponPickup_C:UserConstructionScript:0048
[2017.03.02-05.58.11:682][384]LogScript:Warning: Accessed None trying to read property Weapon
	WeaponPickup_C /Engine/Transient.World_3:PersistentLevel.WeaponPickup_C_0
	Function /Game/ThirdPersonBP/Blueprints/WeaponPickup.WeaponPickup_C:UserConstructionScript:0048
[2017.03.02-05.58.11:708][384]LogScript:Warning: Accessed None trying to read property Weapon
	WeaponPickup_C /Engine/Transient.World_3:PersistentLevel.WeaponPickup_C_0
	Function /Game/ThirdPersonBP/Blueprints/WeaponPickup.WeaponPickup_C:UserConstructionScript:0048
[2017.03.02-05.58.12:950][484]BlueprintLog: New page: Compile WeaponPickup
[2017.03.02-05.58.12:971][484]LogBlueprint:Error: [Compiler WeaponPickup] Error This blueprint (self) is not a ChildActorComponent, therefore ' self ' must have a connection.
[2017.03.02-05.58.12:972][484]LogBlueprint:Warning: [ThirdPersonCharacter] 'Weapon' variable not found. Base class was probably changed.
[2017.03.02-05.58.12:983][484]LogBlueprint:Warning: [Compiler ThirdPersonCharacter] Warning Could not find a variable named "Weapon" in 'WeaponPickup_C'.
Make sure 'WeaponPickup_C' has been compiled for  K2Node_VariableGet_983
[2017.03.02-05.58.12:986][484]LogBlueprint:Error: [Compiler ThirdPersonCharacter] Error The property associated with  Weapon  could not be found
[2017.03.02-05.58.13:325][484]BlueprintEditorCompileResults:Error: Error This blueprint (self) is not a ChildActorComponent, therefore ' self ' must have a connection.
[2017.03.02-05.58.13:325][484]LogBlueprint:Warning: [Compiler WeaponPickup] Warning [0056.25] Compile of WeaponPickup failed. 1 Fatal Issue(s) 0 Warning(s) [in 374 ms] (/Game/ThirdPersonBP/Blueprints/WeaponPickup.WeaponPickup)
[2017.03.02-05.58.13:945][522]LogSavePackage: Save=24.15ms
[2017.03.02-05.58.13:945][522]LogSavePackage: Moving '../../../../../../Users/webbj/Documents/Unreal Projects/SavingInventory2/Saved/WeaponPickup68E6E95649CC0DEA2F9D838D4C3B5A64.tmp' to '../../../../../../Users/webbj/Documents/Unreal Projects/SavingInventory2/Content/ThirdPersonBP/Blueprints/WeaponPickup.uasset'
[2017.03.02-05.58.13:948][522]LogSavePackage:Display: Finished SavePackage ../../../../../../Users/webbj/Documents/Unreal Projects/SavingInventory2/Content/ThirdPersonBP/Blueprints/WeaponPickup.uasset
[2017.03.02-05.58.53:259][691]BlueprintLog: New page: Compile WeaponPickup
[2017.03.02-05.58.53:280][691]LogBlueprint:Error: [Compiler WeaponPickup] Error This blueprint (self) is not a ChildActorComponent, therefore ' self ' must have a connection.
[2017.03.02-05.58.53:281][691]LogBlueprint:Warning: [ThirdPersonCharacter] 'Weapon' variable not found. Base class was probably changed.
[2017.03.02-05.58.53:310][691]LogBlueprint:Warning: [Compiler ThirdPersonCharacter] Warning Could not find a variable named "Weapon" in 'WeaponPickup_C'.
Make sure 'WeaponPickup_C' has been compiled for  K2Node_VariableGet_983
[2017.03.02-05.58.53:312][691]LogBlueprint:Error: [Compiler ThirdPersonCharacter] Error The property associated with  Weapon  could not be found
[2017.03.02-05.58.53:343][691]LogBlueprint:Error: [Compiler WeaponPickup] Error This blueprint (self) is not a ChildActorComponent, therefore ' self ' must have a connection.
[2017.03.02-05.58.53:343][691]LogBlueprint:Warning: [ThirdPersonCharacter] 'Weapon' variable not found. Base class was probably changed.
[2017.03.02-05.58.53:706][691]BlueprintEditorCompileResults:Error: Error This blueprint (self) is not a ChildActorComponent, therefore ' self ' must have a connection.
[2017.03.02-05.58.53:706][691]LogBlueprint:Warning: [Compiler WeaponPickup] Warning [0096.63] Compile of WeaponPickup failed. 1 Fatal Issue(s) 0 Warning(s) [in 446 ms] (/Game/ThirdPersonBP/Blueprints/WeaponPickup.WeaponPickup)
[2017.03.02-05.58.54:237][730]LogSavePackage: Save=24.52ms
[2017.03.02-05.58.54:237][730]LogSavePackage: Moving '../../../../../../Users/webbj/Documents/Unreal Projects/SavingInventory2/Saved/WeaponPickup9A568A6145A687B763BB4E96EA1906BE.tmp' to '../../../../../../Users/webbj/Documents/Unreal Projects/SavingInventory2/Content/ThirdPersonBP/Blueprints/WeaponPickup.uasset'
[2017.03.02-05.58.54:240][730]LogSavePackage:Display: Finished SavePackage ../../../../../../Users/webbj/Documents/Unreal Projects/SavingInventory2/Content/ThirdPersonBP/Blueprints/WeaponPickup.uasset
[2017.03.02-05.58.59:110][265]BlueprintLog: New page: Compile WeaponPickup
[2017.03.02-05.58.59:131][265]LogBlueprint:Error: [Compiler WeaponPickup] Error This blueprint (self) is not a ChildActorComponent, therefore ' self ' must have a connection.
[2017.03.02-05.58.59:131][265]LogBlueprint:Warning: [ThirdPersonCharacter] 'Weapon' variable not found. Base class was probably changed.
[2017.03.02-05.58.59:160][265]LogBlueprint:Warning: [Compiler ThirdPersonCharacter] Warning Could not find a variable named "Weapon" in 'WeaponPickup_C'.
Make sure 'WeaponPickup_C' has been compiled for  K2Node_VariableGet_983
[2017.03.02-05.58.59:162][265]LogBlueprint:Error: [Compiler ThirdPersonCharacter] Error The property associated with  Weapon  could not be found
[2017.03.02-05.58.59:193][265]LogBlueprint:Error: [Compiler WeaponPickup] Error This blueprint (self) is not a ChildActorComponent, therefore ' self ' must have a connection.
[2017.03.02-05.58.59:194][265]LogBlueprint:Warning: [ThirdPersonCharacter] 'Weapon' variable not found. Base class was probably changed.
[2017.03.02-05.58.59:579][265]BlueprintEditorCompileResults:Error: Error This blueprint (self) is not a ChildActorComponent, therefore ' self ' must have a connection.
[2017.03.02-05.58.59:580][265]LogBlueprint:Warning: [Compiler WeaponPickup] Warning [0102.50] Compile of WeaponPickup failed. 1 Fatal Issue(s) 0 Warning(s) [in 469 ms] (/Game/ThirdPersonBP/Blueprints/WeaponPickup.WeaponPickup)
[2017.03.02-05.59.00:131][305]LogSavePackage: Save=24.97ms
[2017.03.02-05.59.00:131][305]LogSavePackage: Moving '../../../../../../Users/webbj/Documents/Unreal Projects/SavingInventory2/Saved/WeaponPickup99B61A404127B19B7E884A9530037AC3.tmp' to '../../../../../../Users/webbj/Documents/Unreal Projects/SavingInventory2/Content/ThirdPersonBP/Blueprints/WeaponPickup.uasset'
[2017.03.02-05.59.00:133][305]LogSavePackage:Display: Finished SavePackage ../../../../../../Users/webbj/Documents/Unreal Projects/SavingInventory2/Content/ThirdPersonBP/Blueprints/WeaponPickup.uasset
[2017.03.02-06.00.21:963][830]BlueprintLog: New page: Compile WeaponPickup
[2017.03.02-06.00.21:985][830]LogBlueprint:Warning: [ThirdPersonCharacter] 'Weapon' variable not found. Base class was probably changed.
[2017.03.02-06.00.22:592][878]LogSavePackage: Save=25.87ms
[2017.03.02-06.00.22:592][878]LogSavePackage: Moving '../../../../../../Users/webbj/Documents/Unreal Projects/SavingInventory2/Saved/WeaponPickup00CE350D4BA97B12785C5A8F06AABB7A.tmp' to '../../../../../../Users/webbj/Documents/Unreal Projects/SavingInventory2/Content/ThirdPersonBP/Blueprints/WeaponPickup.uasset'
[2017.03.02-06.00.22:594][878]LogSavePackage:Display: Finished SavePackage ../../../../../../Users/webbj/Documents/Unreal Projects/SavingInventory2/Content/ThirdPersonBP/Blueprints/WeaponPickup.uasset
[2017.03.02-06.00.25:545][213]LogRenderer: Reallocating scene render targets to support 1208x712 (Frame:14989).
[2017.03.02-06.00.56:785][860]LogTexture:Display: Building textures: T_Blade_Deadly_Axe1_N (BC5)
[2017.03.02-06.00.56:814][860]LogTexture:Display: Building textures: T_Blade_Deadly_Axe1_D (AutoDXT)
[2017.03.02-06.00.56:909][860]LogTexture:Display: Building textures: T_Blade_Deadly_Axe1_M (AutoDXT)
[2017.03.02-06.00.56:942][860]LogTexture:Display: Building textures: T_Blade_Deadly_Axe2_D (AutoDXT)
[2017.03.02-06.00.57:046][860]LogTexture:Display: Building textures: T_Blade_Deadly_Axe2_N (BC5)
[2017.03.02-06.00.57:066][860]LogTexture:Display: Building textures: T_Blade_Deadly_Axe2_M (AutoDXT)
[2017.03.02-06.00.57:090][860]LogMaterial: Missing cached shader map for material M_Blade_DeadlyAxe, compiling. 
[2017.03.02-06.00.59:392][128]BlueprintLog: New page: Compile WeaponPickup
[2017.03.02-06.00.59:434][128]LogBlueprint:Warning: [ThirdPersonCharacter] 'Weapon' variable not found. Base class was probably changed.
[2017.03.02-06.01.00:163][192]LogSavePackage: Save=28.24ms
[2017.03.02-06.01.00:163][192]LogSavePackage: Moving '../../../../../../Users/webbj/Documents/Unreal Projects/SavingInventory2/Saved/WeaponPickup49F9E03C498C80B1F7BD769333BBE505.tmp' to '../../../../../../Users/webbj/Documents/Unreal Projects/SavingInventory2/Content/ThirdPersonBP/Blueprints/WeaponPickup.uasset'
[2017.03.02-06.01.00:166][192]LogSavePackage:Display: Finished SavePackage ../../../../../../Users/webbj/Documents/Unreal Projects/SavingInventory2/Content/ThirdPersonBP/Blueprints/WeaponPickup.uasset
[2017.03.02-06.01.16:351][108]LogSavePackage: Save=27.69ms
[2017.03.02-06.01.16:351][108]LogSavePackage: Moving '../../../../../../Users/webbj/Documents/Unreal Projects/SavingInventory2/Saved/WeaponPickup5E20D11A415F0D5BA774A493B3DB65C2.tmp' to '../../../../../../Users/webbj/Documents/Unreal Projects/SavingInventory2/Content/ThirdPersonBP/Blueprints/WeaponPickup.uasset'
[2017.03.02-06.01.16:353][108]LogSavePackage:Display: Finished SavePackage ../../../../../../Users/webbj/Documents/Unreal Projects/SavingInventory2/Content/ThirdPersonBP/Blueprints/WeaponPickup.uasset
[2017.03.02-06.01.21:837][761]LogBlueprintUserMessages: Early PlayInEditor Detection: Level '/Game/ThirdPersonBP/Maps/ThirdPersonExampleMap.ThirdPersonExampleMap:PersistentLevel' has LevelScriptBlueprint '/Game/ThirdPersonBP/Maps/ThirdPersonExampleMap.ThirdPersonExampleMap:PersistentLevel.ThirdPersonExampleMap' with GeneratedClass '/Game/ThirdPersonBP/Maps/ThirdPersonExampleMap.ThirdPersonExampleMap_C' with ClassGeneratedBy '/Game/ThirdPersonBP/Maps/ThirdPersonExampleMap.ThirdPersonExampleMap:PersistentLevel.ThirdPersonExampleMap'
[2017.03.02-06.01.21:837][761]LogPlayLevel: PlayLevel: No blueprints needed recompiling
[2017.03.02-06.02.43:048][759]BlueprintLog: New page: Compile ThirdPersonCharacter
[2017.03.02-06.02.43:885][814]LogSavePackage: Save=51.47ms
[2017.03.02-06.02.43:885][814]LogSavePackage: Moving '../../../../../../Users/webbj/Documents/Unreal Projects/SavingInventory2/Saved/ThirdPersonCharacter0C60A3CC48B908C50213C9A7ED03E067.tmp' to '../../../../../../Users/webbj/Documents/Unreal Projects/SavingInventory2/Content/ThirdPersonBP/Blueprints/ThirdPersonCharacter.uasset'
[2017.03.02-06.02.43:888][814]LogSavePackage:Display: Finished SavePackage ../../../../../../Users/webbj/Documents/Unreal Projects/SavingInventory2/Content/ThirdPersonBP/Blueprints/ThirdPersonCharacter.uasset
[2017.03.02-06.03.27:037][807]LogUObjectBase:Warning: Object is not registered
[2017.03.02-06.03.27:046][807]LogStats: FPlatformStackWalk::StackWalkAndDump -  0.009 s
[2017.03.02-06.03.27:046][807]LogOutputDevice:Error: === Handled ensure: ===
[2017.03.02-06.03.27:046][807]LogOutputDevice:Error: 
[2017.03.02-06.03.27:046][807]LogOutputDevice:Error: Ensure condition failed: false [File:D:\Build\++UE4+Release-4.13+Compile\Sync\Engine\Source\Editor\UnrealEd\Private\Kismet2\KismetDebugUtilities.cpp] [Line: 1018]
[2017.03.02-06.03.27:046][807]LogOutputDevice:Error: Error: Invalid (but non-null) property associated with pin; cannot get variable value
[2017.03.02-06.03.27:046][807]LogOutputDevice:Error: Stack: 
[2017.03.02-06.03.27:046][807]LogOutputDevice:Error: UE4Editor-Core.dll
[2017.03.02-06.03.27:046][807]LogOutputDevice:Error: UE4Editor-Core.dll
[2017.03.02-06.03.27:046][807]LogOutputDevice:Error: UE4Editor-Core.dll
[2017.03.02-06.03.27:046][807]LogOutputDevice:Error: UE4Editor-UnrealEd.dll
[2017.03.02-06.03.27:046][807]LogOutputDevice:Error: UE4Editor-BlueprintGraph.dll
[2017.03.02-06.03.27:046][807]LogOutputDevice:Error: UE4Editor-GraphEditor.dll
[2017.03.02-06.03.27:046][807]LogOutputDevice:Error: UE4Editor-GraphEditor.dll
[2017.03.02-06.03.27:046][807]LogOutputDevice:Error: UE4Editor-GraphEditor.dll
[2017.03.02-06.03.27:046][807]LogOutputDevice:Error: UE4Editor-GraphEditor.dll
[2017.03.02-06.03.27:046][807]LogOutputDevice:Error: UE4Editor-Slate.dll
[2017.03.02-06.03.27:046][807]LogOutputDevice:Error: UE4Editor-Slate.dll
[2017.03.02-06.03.27:046][807]LogOutputDevice:Error: UE4Editor-Slate.dll
[2017.03.02-06.03.27:046][807]LogOutputDevice:Error: UE4Editor-Slate.dll
[2017.03.02-06.03.27:046][807]LogOutputDevice:Error: UE4Editor-Slate.dll
[2017.03.02-06.03.27:046][807]LogOutputDevice:Error: UE4Editor-Slate.dll
[2017.03.02-06.03.27:046][807]LogOutputDevice:Error: UE4Editor.exe
[2017.03.02-06.03.27:046][807]LogOutputDevice:Error: UE4Editor.exe
[2017.03.02-06.03.27:046][807]LogOutputDevice:Error: UE4Editor.exe
[2017.03.02-06.03.27:046][807]LogOutputDevice:Error: UE4Editor.exe
[2017.03.02-06.03.27:046][807]LogOutputDevice:Error: UE4Editor.exe
[2017.03.02-06.03.27:046][807]LogOutputDevice:Error: KERNEL32.DLL
[2017.03.02-06.03.27:046][807]LogOutputDevice:Error: ntdll.dll
[2017.03.02-06.03.27:046][807]LogOutputDevice:Error: ntdll.dll
[2017.03.02-06.03.27:046][807]LogOutputDevice:Error: 
[2017.03.02-06.03.27:046][807]LogStats:                SubmitErrorReport -  0.000 s
[2017.03.02-06.03.27:214][807]LogStats:                    SendNewReport -  0.168 s
[2017.03.02-06.03.27:214][807]LogStats:             FDebug::EnsureFailed -  0.177 s
[2017.03.02-06.03.27:222][808]LogUObjectBase:Warning: Object is not registered
[2017.03.02-06.03.27:230][809]LogUObjectBase:Warning: Object is not registered
[2017.03.02-06.03.27:230][809]LogUObjectBase:Warning: Object is not registered
[2017.03.02-06.03.27:231][809]LogUObjectBase:Warning: Object is not registered
[2017.03.02-06.03.27:235][809]LogUObjectBase:Warning: Object is not registered
[2017.03.02-06.03.27:244][810]LogUObjectBase:Warning: Object is not registered
[2017.03.02-06.03.27:248][810]LogUObjectBase:Warning: Object is not registered
[2017.03.02-06.03.27:253][811]LogUObjectBase:Warning: Object is not registered
[2017.03.02-06.03.27:256][811]LogUObjectBase:Warning: Object is not registered
[2017.03.02-06.03.27:261][812]LogUObjectBase:Warning: Object is not registered
[2017.03.02-06.03.27:262][812]LogUObjectBase:Warning: Object is not registered
[2017.03.02-06.03.27:265][812]LogUObjectBase:Warning: Object is not registered
[2017.03.02-06.03.27:270][813]LogUObjectBase:Warning: Object is not registered
[2017.03.02-06.03.27:273][813]LogUObjectBase:Warning: Object is not registered
[2017.03.02-06.03.27:279][814]LogUObjectBase:Warning: Object is not registered
[2017.03.02-06.03.27:283][814]LogUObjectBase:Warning: Object is not registered
[2017.03.02-06.03.27:293][815]LogUObjectBase:Warning: Object is not registered
[2017.03.02-06.03.27:297][815]LogUObjectBase:Warning: Object is not registered
[2017.03.02-06.03.27:307][816]LogUObjectBase:Warning: Object is not registered
[2017.03.02-06.03.27:310][816]LogUObjectBase:Warning: Object is not registered
[2017.03.02-06.03.27:317][817]LogUObjectBase:Warning: Object is not registered
[2017.03.02-06.03.27:319][817]LogUObjectBase:Warning: Object is not registered
[2017.03.02-06.03.27:326][818]LogUObjectBase:Warning: Object is not registered
[2017.03.02-06.03.27:329][818]LogUObjectBase:Warning: Object is not registered
[2017.03.02-06.03.27:335][819]LogUObjectBase:Warning: Object is not registered
[2017.03.02-06.03.27:338][819]LogUObjectBase:Warning: Object is not registered
[2017.03.02-06.03.27:344][820]LogUObjectBase:Warning: Object is not registered
[2017.03.02-06.03.27:346][820]LogUObjectBase:Warning: Object is not registered
[2017.03.02-06.03.27:352][821]LogUObjectBase:Warning: Object is not registered
[2017.03.02-06.03.27:355][821]LogUObjectBase:Warning: Object is not registered
[2017.03.02-06.03.27:361][822]LogUObjectBase:Warning: Object is not registered
[2017.03.02-06.03.27:363][822]LogUObjectBase:Warning: Object is not registered
[2017.03.02-06.03.27:370][823]LogUObjectBase:Warning: Object is not registered
[2017.03.02-06.03.27:372][823]LogUObjectBase:Warning: Object is not registered
[2017.03.02-06.03.27:378][824]LogUObjectBase:Warning: Object is not registered
[2017.03.02-06.03.27:381][824]LogUObjectBase:Warning: Object is not registered
[2017.03.02-06.03.27:386][825]LogUObjectBase:Warning: Object is not registered
[2017.03.02-06.03.27:389][825]LogUObjectBase:Warning: Object is not registered
[2017.03.02-06.03.27:395][826]LogUObjectBase:Warning: Object is not registered
[2017.03.02-06.03.27:398][826]LogUObjectBase:Warning: Object is not registered
[2017.03.02-06.03.27:404][827]LogUObjectBase:Warning: Object is not registered
[2017.03.02-06.03.27:404][827]LogUObjectBase:Warning: Object is not registered
[2017.03.02-06.03.27:407][827]LogUObjectBase:Warning: Object is not registered
[2017.03.02-06.03.27:413][828]LogUObjectBase:Warning: Object is not registered
[2017.03.02-06.03.27:416][828]LogUObjectBase:Warning: Object is not registered
[2017.03.02-06.03.27:422][829]LogUObjectBase:Warning: Object is not registered
[2017.03.02-06.03.27:425][829]LogUObjectBase:Warning: Object is not registered
[2017.03.02-06.03.27:430][830]LogUObjectBase:Warning: Object is not registered
[2017.03.02-06.03.27:431][830]LogUObjectBase:Warning: Object is not registered
[2017.03.02-06.03.27:434][830]LogUObjectBase:Warning: Object is not registered
[2017.03.02-06.03.27:492][837]LogUObjectBase:Warning: Object is not registered
[2017.03.02-06.03.27:492][837]LogUObjectBase:Warning: Object is not registered
[2017.03.02-06.03.34:242][611]LogUObjectBase:Warning: Object is not registered
[2017.03.02-06.03.34:243][611]LogUObjectBase:Warning: Object is not registered
[2017.03.02-06.03.34:244][611]LogUObjectBase:Warning: Object is not registered
[2017.03.02-06.03.34:246][611]LogUObjectBase:Warning: Object is not registered
[2017.03.02-06.03.42:583][541]LogEditorTransaction: Undo Move Node
[2017.03.02-06.03.43:176][594]LogEditorTransaction: Undo Paste clipboard contents
[2017.03.02-06.03.44:591][743]LogUObjectArray:Warning: Other object in slot
[2017.03.02-06.03.44:592][743]LogUObjectArray:Warning: Other object in slot
[2017.03.02-06.03.46:521][971]LogUObjectHash:Warning: Ambiguous search, could be K2Node_VariableSet /Game/ThirdPersonBP/Blueprints/ThirdPersonCharacter.ThirdPersonCharacter:EventGraph.K2Node_VariableSet_91 or K2Node_VariableSet /Game/ThirdPersonBP/Blueprints/ThirdPersonCharacter.ThirdPersonCharacter:EventGraph.K2Node_VariableSet_91
[2017.03.02-06.03.46:521][971]LogUObjectHash:Warning: Ambiguous search, could be K2Node_SpawnActorFromClass /Game/ThirdPersonBP/Blueprints/ThirdPersonCharacter.ThirdPersonCharacter:EventGraph.K2Node_SpawnActorFromClass_0 or K2Node_SpawnActorFromClass /Game/ThirdPersonBP/Blueprints/ThirdPersonCharacter.ThirdPersonCharacter:EventGraph.K2Node_SpawnActorFromClass_0
[2017.03.02-06.03.46:521][971]LogUObjectHash:Warning: Ambiguous search, could be K2Node_CallFunction /Game/ThirdPersonBP/Blueprints/ThirdPersonCharacter.ThirdPersonCharacter:EventGraph.K2Node_CallFunction_10 or K2Node_CallFunction /Game/ThirdPersonBP/Blueprints/ThirdPersonCharacter.ThirdPersonCharacter:EventGraph.K2Node_CallFunction_10
[2017.03.02-06.03.46:521][971]LogUObjectHash:Warning: Ambiguous search, could be K2Node_CallFunction /Game/ThirdPersonBP/Blueprints/ThirdPersonCharacter.ThirdPersonCharacter:EventGraph.K2Node_CallFunction_1831 or K2Node_CallFunction /Game/ThirdPersonBP/Blueprints/ThirdPersonCharacter.ThirdPersonCharacter:EventGraph.K2Node_CallFunction_1831
[2017.03.02-06.03.46:521][971]LogUObjectHash:Warning: Ambiguous search, could be K2Node_VariableGet /Game/ThirdPersonBP/Blueprints/ThirdPersonCharacter.ThirdPersonCharacter:EventGraph.K2Node_VariableGet_407 or K2Node_VariableGet /Game/ThirdPersonBP/Blueprints/ThirdPersonCharacter.ThirdPersonCharacter:EventGraph.K2Node_VariableGet_407
[2017.03.02-06.03.46:522][971]LogUObjectHash:Warning: Ambiguous search, could be K2Node_VariableGet /Game/ThirdPersonBP/Blueprints/ThirdPersonCharacter.ThirdPersonCharacter:EventGraph.K2Node_VariableGet_408 or K2Node_VariableGet /Game/ThirdPersonBP/Blueprints/ThirdPersonCharacter.ThirdPersonCharacter:EventGraph.K2Node_VariableGet_408
[2017.03.02-06.03.46:522][971]LogUObjectHash:Warning: Ambiguous search, could be K2Node_VariableGet /Game/ThirdPersonBP/Blueprints/ThirdPersonCharacter.ThirdPersonCharacter:EventGraph.K2Node_VariableGet_188 or K2Node_VariableGet /Game/ThirdPersonBP/Blueprints/ThirdPersonCharacter.ThirdPersonCharacter:EventGraph.K2Node_VariableGet_188
[2017.03.02-06.03.46:522][971]LogUObjectHash:Warning: Ambiguous search, could be K2Node_CallFunction /Game/ThirdPersonBP/Blueprints/ThirdPersonCharacter.ThirdPersonCharacter:EventGraph.K2Node_CallFunction_506 or K2Node_CallFunction /Game/ThirdPersonBP/Blueprints/ThirdPersonCharacter.ThirdPersonCharacter:EventGraph.K2Node_CallFunction_506
[2017.03.02-06.05.00:425][460]LogUObjectArray:Warning: Other object in slot
[2017.03.02-06.05.00:425][460]LogUObjectArray:Warning: Other object in slot
[2017.03.02-06.05.01:215][554]BlueprintLog: New page: Compile ThirdPersonCharacter
[2017.03.02-06.05.01:253][554]LogBlueprint:Error: [Compiler ThirdPersonCharacter] Error The current value of the ' SpawnTransform ' pin is invalid: 'Spawn Transform' must have an input wired into it ("by ref" params expect a valid input to operate on).
[2017.03.02-06.05.01:253][554]LogBlueprint:Error: [Compiler ThirdPersonCharacter] Error The current value of the ' SpawnTransform ' pin is invalid: 'Spawn Transform' must have an input wired into it ("by ref" params expect a valid input to operate on).
[2017.03.02-06.05.01:467][554]BlueprintEditorCompileResults:Error: Error The current value of the ' SpawnTransform ' pin is invalid: 'Spawn Transform' must have an input wired into it ("by ref" params expect a valid input to operate on).
[2017.03.02-06.05.01:468][554]BlueprintEditorCompileResults:Error: Error The current value of the ' SpawnTransform ' pin is invalid: 'Spawn Transform' must have an input wired into it ("by ref" params expect a valid input to operate on).
[2017.03.02-06.05.01:468][554]LogBlueprint:Warning: [Compiler ThirdPersonCharacter] Warning [0464.39] Compile of ThirdPersonCharacter failed. 2 Fatal Issue(s) 0 Warning(s) [in 252 ms] (/Game/ThirdPersonBP/Blueprints/ThirdPersonCharacter.ThirdPersonCharacter)
[2017.03.02-06.05.02:008][596]LogSavePackage: Save=48.93ms
[2017.03.02-06.05.02:008][596]LogSavePackage: Moving '../../../../../../Users/webbj/Documents/Unreal Projects/SavingInventory2/Saved/ThirdPersonCharacter7E6B1FA24249CCF21247C48BE4CF5786.tmp' to '../../../../../../Users/webbj/Documents/Unreal Projects/SavingInventory2/Content/ThirdPersonBP/Blueprints/ThirdPersonCharacter.uasset'
[2017.03.02-06.05.02:011][596]LogSavePackage:Display: Finished SavePackage ../../../../../../Users/webbj/Documents/Unreal Projects/SavingInventory2/Content/ThirdPersonBP/Blueprints/ThirdPersonCharacter.uasset
[2017.03.02-06.05.09:566][474]BlueprintLog: New page: Compile ThirdPersonCharacter
[2017.03.02-06.05.10:322][521]LogSavePackage: Save=52.29ms
[2017.03.02-06.05.10:322][521]LogSavePackage: Moving '../../../../../../Users/webbj/Documents/Unreal Projects/SavingInventory2/Saved/ThirdPersonCharacter404B540649B286CC74096485F109173B.tmp' to '../../../../../../Users/webbj/Documents/Unreal Projects/SavingInventory2/Content/ThirdPersonBP/Blueprints/ThirdPersonCharacter.uasset'
[2017.03.02-06.05.10:324][521]LogSavePackage:Display: Finished SavePackage ../../../../../../Users/webbj/Documents/Unreal Projects/SavingInventory2/Content/ThirdPersonBP/Blueprints/ThirdPersonCharacter.uasset
[2017.03.02-06.05.11:849][695]LogBlueprintUserMessages: Early PlayInEditor Detection: Level '/Game/ThirdPersonBP/Maps/ThirdPersonExampleMap.ThirdPersonExampleMap:PersistentLevel' has LevelScriptBlueprint '/Game/ThirdPersonBP/Maps/ThirdPersonExampleMap.ThirdPersonExampleMap:PersistentLevel.ThirdPersonExampleMap' with GeneratedClass '/Game/ThirdPersonBP/Maps/ThirdPersonExampleMap.ThirdPersonExampleMap_C' with ClassGeneratedBy '/Game/ThirdPersonBP/Maps/ThirdPersonExampleMap.ThirdPersonExampleMap:PersistentLevel.ThirdPersonExampleMap'
[2017.03.02-06.05.11:849][695]LogPlayLevel: PlayLevel: No blueprints needed recompiling
[2017.03.02-06.05.11:851][695]PIE: New page: PIE session: ThirdPersonExampleMap (3 Mar 2017 3:05:11 am)
[2017.03.02-06.05.11:851][695]LogPlayLevel: Creating play world package: /Game/ThirdPersonBP/Maps/UEDPIE_0_ThirdPersonExampleMap
[2017.03.02-06.05.11:873][695]LogPlayLevel: PIE: StaticDuplicateObject took: (0.022884s)
[2017.03.02-06.05.11:874][695]LogAIModule: Creating AISystem for world ThirdPersonExampleMap
[2017.03.02-06.05.11:875][695]LogPlayLevel: PIE: World Init took: (0.000978s)
[2017.03.02-06.05.11:875][695]LogPlayLevel: PIE: Created PIE world by copying editor world from /Game/ThirdPersonBP/Maps/ThirdPersonExampleMap.ThirdPersonExampleMap to /Game/ThirdPersonBP/Maps/UEDPIE_0_ThirdPersonExampleMap.ThirdPersonExampleMap (0.024157s)
[2017.03.02-06.05.11:892][695]LogInit: XAudio2 using 'Speakers / Headphones (Realtek Audio)' : 2 channels at 48 kHz using 32 bits per sample (channel mask 0x3)
[2017.03.02-06.05.11:903][695]LogInit: FAudioDevice initialized.
[2017.03.02-06.05.11:967][695]LogWorld: Game class is 'ThirdPersonGameMode_C'
[2017.03.02-06.05.11:971][695]LogWorld: Bringing World /Game/ThirdPersonBP/Maps/UEDPIE_0_ThirdPersonExampleMap.ThirdPersonExampleMap up for play (max tick rate 0) at 2017.03.02-17.05.11
[2017.03.02-06.05.11:971][695]LogWorld: Bringing up level for play took: 0.003491
[2017.03.02-06.05.11:976][695]LogContentBrowser: Native class hierarchy updated for 'MovieSceneCapture' in 0.0005 seconds. Added 11 classes and 0 folders.
[2017.03.02-06.05.11:977][695]LogGameMode:Display: Match State Changed from EnteringMap to WaitingToStart
[2017.03.02-06.05.11:977][695]LogGameState: Match State Changed from EnteringMap to WaitingToStart
[2017.03.02-06.05.11:977][695]LogGameMode:Display: Match State Changed from WaitingToStart to InProgress
[2017.03.02-06.05.11:977][695]LogBlueprintUserMessages: [ThirdPersonCharacter_167] None
[2017.03.02-06.05.11:978][695]LogGameState: Match State Changed from WaitingToStart to InProgress
[2017.03.02-06.05.11:981][695]PIE: Info Play in editor start time for /Game/ThirdPersonBP/Maps/UEDPIE_0_ThirdPersonExampleMap 0.112
[2017.03.02-06.05.11:981][695]LogBlueprintUserMessages: Late PlayInEditor Detection: Level '/Game/ThirdPersonBP/Maps/ThirdPersonExampleMap.ThirdPersonExampleMap:PersistentLevel' has LevelScriptBlueprint '/Game/ThirdPersonBP/Maps/ThirdPersonExampleMap.ThirdPersonExampleMap:PersistentLevel.ThirdPersonExampleMap' with GeneratedClass '/Game/ThirdPersonBP/Maps/ThirdPersonExampleMap.ThirdPersonExampleMap_C' with ClassGeneratedBy '/Game/ThirdPersonBP/Maps/ThirdPersonExampleMap.ThirdPersonExampleMap:PersistentLevel.ThirdPersonExampleMap'
[2017.03.02-06.05.12:030][695]LogRenderer: Reallocating scene render targets to support 1292x756 (Frame:19295).
[2017.03.02-06.05.14:469][926]LogBlueprintUserMessages: [SwordPickup_92] Press T to pick up
[2017.03.02-06.05.15:427][ 21]LogBlueprintUserMessages: [SwordPickup_92] You pressed T
[2017.03.02-06.05.15:849][ 63]LogBlueprintUserMessages: [ThirdPersonCharacter_167] Press Q to drop weapon
[2017.03.02-06.05.17:859][268]LogBlueprintUserMessages: [ThirdPersonCharacter_167] Press Q to drop weapon
[2017.03.02-06.05.19:859][463]LogBlueprintUserMessages: [ThirdPersonCharacter_167] Press Q to drop weapon
[2017.03.02-06.05.20:934][569]LogBlueprintUserMessages: Early EndPlayMap Detection: Level '/Game/ThirdPersonBP/Maps/ThirdPersonExampleMap.ThirdPersonExampleMap:PersistentLevel' has LevelScriptBlueprint '/Game/ThirdPersonBP/Maps/ThirdPersonExampleMap.ThirdPersonExampleMap:PersistentLevel.ThirdPersonExampleMap' with GeneratedClass '/Game/ThirdPersonBP/Maps/ThirdPersonExampleMap.ThirdPersonExampleMap_C' with ClassGeneratedBy '/Game/ThirdPersonBP/Maps/ThirdPersonExampleMap.ThirdPersonExampleMap:PersistentLevel.ThirdPersonExampleMap'
[2017.03.02-06.05.20:994][569]LogBlueprintUserMessages: Late EndPlayMap Detection: Level '/Game/ThirdPersonBP/Maps/ThirdPersonExampleMap.ThirdPersonExampleMap:PersistentLevel' has LevelScriptBlueprint '/Game/ThirdPersonBP/Maps/ThirdPersonExampleMap.ThirdPersonExampleMap:PersistentLevel.ThirdPersonExampleMap' with GeneratedClass '/Game/ThirdPersonBP/Maps/ThirdPersonExampleMap.ThirdPersonExampleMap_C' with ClassGeneratedBy '/Game/ThirdPersonBP/Maps/ThirdPersonExampleMap.ThirdPersonExampleMap:PersistentLevel.ThirdPersonExampleMap'
[2017.03.02-06.06.41:738][857]LogSavePackage: Save=298.07ms
[2017.03.02-06.06.41:738][857]LogSavePackage: Moving '../../../../../../Users/webbj/Documents/Unreal Projects/SavingInventory2/Saved/ThirdPersonExampleMap922ADE0D4CDAC51900D5A480E81202FD.tmp' to '../../../../../../Users/webbj/Documents/Unreal Projects/SavingInventory2/Content/ThirdPersonBP/Maps/ThirdPersonExampleMap.umap'
[2017.03.02-06.06.41:741][857]LogSavePackage:Display: Finished SavePackage ../../../../../../Users/webbj/Documents/Unreal Projects/SavingInventory2/Content/ThirdPersonBP/Maps/ThirdPersonExampleMap.umap
[2017.03.02-06.06.41:754][857]LogFileHelpers: Saving map 'ThirdPersonExampleMap' took 0.395
[2017.03.02-06.06.42:591][956]LogBlueprintUserMessages: Early PlayInEditor Detection: Level '/Game/ThirdPersonBP/Maps/ThirdPersonExampleMap.ThirdPersonExampleMap:PersistentLevel' has LevelScriptBlueprint '/Game/ThirdPersonBP/Maps/ThirdPersonExampleMap.ThirdPersonExampleMap:PersistentLevel.ThirdPersonExampleMap' with GeneratedClass '/Game/ThirdPersonBP/Maps/ThirdPersonExampleMap.ThirdPersonExampleMap_C' with ClassGeneratedBy '/Game/ThirdPersonBP/Maps/ThirdPersonExampleMap.ThirdPersonExampleMap:PersistentLevel.ThirdPersonExampleMap'
[2017.03.02-06.06.42:591][956]LogPlayLevel: PlayLevel: No blueprints needed recompiling
[2017.03.02-06.06.42:591][956]PIE: New page: PIE session: ThirdPersonExampleMap (3 Mar 2017 3:06:42 am)
[2017.03.02-06.06.42:592][956]LogPlayLevel: Creating play world package: /Game/ThirdPersonBP/Maps/UEDPIE_0_ThirdPersonExampleMap
[2017.03.02-06.06.42:612][956]LogPlayLevel: PIE: StaticDuplicateObject took: (0.020345s)
[2017.03.02-06.06.42:613][956]LogAIModule: Creating AISystem for world ThirdPersonExampleMap
[2017.03.02-06.06.42:614][956]LogPlayLevel: PIE: World Init took: (0.001511s)
[2017.03.02-06.06.42:614][956]LogPlayLevel: PIE: Created PIE world by copying editor world from /Game/ThirdPersonBP/Maps/ThirdPersonExampleMap.ThirdPersonExampleMap to /Game/ThirdPersonBP/Maps/UEDPIE_0_ThirdPersonExampleMap.ThirdPersonExampleMap (0.022266s)
[2017.03.02-06.06.42:634][956]LogInit: XAudio2 using 'Speakers / Headphones (Realtek Audio)' : 2 channels at 48 kHz using 32 bits per sample (channel mask 0x3)
[2017.03.02-06.06.42:645][956]LogInit: FAudioDevice initialized.
[2017.03.02-06.06.42:687][956]LogWorld: Game class is 'ThirdPersonGameMode_C'
[2017.03.02-06.06.42:692][956]LogWorld: Bringing World /Game/ThirdPersonBP/Maps/UEDPIE_0_ThirdPersonExampleMap.ThirdPersonExampleMap up for play (max tick rate 0) at 2017.03.02-17.06.42
[2017.03.02-06.06.42:692][956]LogWorld: Bringing up level for play took: 0.003595
[2017.03.02-06.06.42:693][956]LogGameMode:Display: Match State Changed from EnteringMap to WaitingToStart
[2017.03.02-06.06.42:693][956]LogGameState: Match State Changed from EnteringMap to WaitingToStart
[2017.03.02-06.06.42:693][956]LogGameMode:Display: Match State Changed from WaitingToStart to InProgress
[2017.03.02-06.06.42:693][956]LogBlueprintUserMessages: [WeaponPickup_C_0] Press T to pick up
[2017.03.02-06.06.42:694][956]LogGameState: Match State Changed from WaitingToStart to InProgress
[2017.03.02-06.06.42:697][956]PIE: Info Play in editor start time for /Game/ThirdPersonBP/Maps/UEDPIE_0_ThirdPersonExampleMap 0.826
[2017.03.02-06.06.42:697][956]LogBlueprintUserMessages: Late PlayInEditor Detection: Level '/Game/ThirdPersonBP/Maps/ThirdPersonExampleMap.ThirdPersonExampleMap:PersistentLevel' has LevelScriptBlueprint '/Game/ThirdPersonBP/Maps/ThirdPersonExampleMap.ThirdPersonExampleMap:PersistentLevel.ThirdPersonExampleMap' with GeneratedClass '/Game/ThirdPersonBP/Maps/ThirdPersonExampleMap.ThirdPersonExampleMap_C' with ClassGeneratedBy '/Game/ThirdPersonBP/Maps/ThirdPersonExampleMap.ThirdPersonExampleMap:PersistentLevel.ThirdPersonExampleMap'
[2017.03.02-06.06.44:583][132]LogBlueprintUserMessages: [ThirdPersonCharacter_167] Press Q to drop weapon
[2017.03.02-06.06.46:583][329]LogBlueprintUserMessages: [ThirdPersonCharacter_167] Press Q to drop weapon
[2017.03.02-06.06.48:591][528]LogBlueprintUserMessages: [ThirdPersonCharacter_167] Press Q to drop weapon
[2017.03.02-06.06.50:594][728]LogBlueprintUserMessages: [ThirdPersonCharacter_167] Press Q to drop weapon
[2017.03.02-06.06.52:602][924]LogBlueprintUserMessages: [ThirdPersonCharacter_167] Press Q to drop weapon
[2017.03.02-06.06.53:483][ 12]LogBlueprintUserMessages: Early EndPlayMap Detection: Level '/Game/ThirdPersonBP/Maps/ThirdPersonExampleMap.ThirdPersonExampleMap:PersistentLevel' has LevelScriptBlueprint '/Game/ThirdPersonBP/Maps/ThirdPersonExampleMap.ThirdPersonExampleMap:PersistentLevel.ThirdPersonExampleMap' with GeneratedClass '/Game/ThirdPersonBP/Maps/ThirdPersonExampleMap.ThirdPersonExampleMap_C' with ClassGeneratedBy '/Game/ThirdPersonBP/Maps/ThirdPersonExampleMap.ThirdPersonExampleMap:PersistentLevel.ThirdPersonExampleMap'
[2017.03.02-06.06.53:562][ 12]LogBlueprintUserMessages: Late EndPlayMap Detection: Level '/Game/ThirdPersonBP/Maps/ThirdPersonExampleMap.ThirdPersonExampleMap:PersistentLevel' has LevelScriptBlueprint '/Game/ThirdPersonBP/Maps/ThirdPersonExampleMap.ThirdPersonExampleMap:PersistentLevel.ThirdPersonExampleMap' with GeneratedClass '/Game/ThirdPersonBP/Maps/ThirdPersonExampleMap.ThirdPersonExampleMap_C' with ClassGeneratedBy '/Game/ThirdPersonBP/Maps/ThirdPersonExampleMap.ThirdPersonExampleMap:PersistentLevel.ThirdPersonExampleMap'
[2017.03.02-06.08.03:676][ 57]LogSavePackage: Save=294.99ms
[2017.03.02-06.08.03:676][ 57]LogSavePackage: Moving '../../../../../../Users/webbj/Documents/Unreal Projects/SavingInventory2/Saved/ThirdPersonExampleMap59ADCD334FC894A26557E888871846E2.tmp' to '../../../../../../Users/webbj/Documents/Unreal Projects/SavingInventory2/Content/ThirdPersonBP/Maps/ThirdPersonExampleMap.umap'
[2017.03.02-06.08.03:678][ 57]LogSavePackage:Display: Finished SavePackage ../../../../../../Users/webbj/Documents/Unreal Projects/SavingInventory2/Content/ThirdPersonBP/Maps/ThirdPersonExampleMap.umap
[2017.03.02-06.08.18:770][849]LogActorComponent: UnregisterComponent: (/Engine/Transient.EditorFloorComp) Not registered. Aborting.
[2017.03.02-06.08.19:044][850]Cmd: QUIT_EDITOR
[2017.03.02-06.08.19:334][850]LogWindowsTextInputMethodSystem:Display: IME system now deactivated.
[2017.03.02-06.08.19:386][850]LogExit: Preparing to exit.
[2017.03.02-06.08.20:279][850]LogDirectoryWatcher: A directory notification for 'C:/Users/webbj/Documents/Unreal Projects/SavingInventory2/Content/' was aborted.
[2017.03.02-06.08.20:321][850]LogExit: Editor shut down
[2017.03.02-06.08.20:321][850]LogExit: Transaction tracking system shut down
[2017.03.02-06.08.20:451][850]LogObj: Freed 0b from 0 cluster array pools.
[2017.03.02-06.08.20:451][850]LogExit: Object subsystem successfully closed.
[2017.03.02-06.08.20:470][850]LogD3D11RHI: Shutdown
[2017.03.02-06.08.20:470][850]LogD3D11RHI: CleanupD3DDevice
[2017.03.02-06.08.20:570][850]LogD3D11RHI: ~FD3D11DynamicRHI
[2017.03.02-06.08.20:585][850]LogModuleManager: Shutting down and abandoning module MovieSceneCapture (237)
[2017.03.02-06.08.20:585][850]LogModuleManager: Shutting down and abandoning module BlueprintGraph (236)
[2017.03.02-06.08.20:585][850]LogModuleManager: Shutting down and abandoning module BlueprintProfiler (235)
[2017.03.02-06.08.20:585][850]LogModuleManager: Shutting down and abandoning module HierarchicalLODOutliner (234)
[2017.03.02-06.08.20:585][850]LogModuleManager: Shutting down and abandoning module ExternalImagePicker (233)
[2017.03.02-06.08.20:585][850]LogModuleManager: Shutting down and abandoning module CrashTracker (232)
[2017.03.02-06.08.20:585][850]LogModuleManager: Shutting down and abandoning module SceneOutliner (231)
[2017.03.02-06.08.20:585][850]LogModuleManager: Shutting down and abandoning module WidgetCarousel (230)
[2017.03.02-06.08.20:585][850]LogModuleManager: Shutting down and abandoning module AddContentDialog (229)
[2017.03.02-06.08.20:585][850]LogDirectoryWatcher: A directory notification for 'C:/Program Files/Epic Games/UE_4.13/FeaturePacks/' was aborted.
[2017.03.02-06.08.20:585][850]LogModuleManager: Shutting down and abandoning module GameplayTags (228)
[2017.03.02-06.08.20:585][850]LogModuleManager: Shutting down and abandoning module EditorWidgets (227)
[2017.03.02-06.08.20:585][850]LogModuleManager: Shutting down and abandoning module CollectionManager (226)
[2017.03.02-06.08.20:585][850]LogDirectoryWatcher: A directory notification for 'C:/Users/webbj/Documents/Unreal Projects/SavingInventory2/Content/Collections/' was aborted.
[2017.03.02-06.08.20:585][850]LogDirectoryWatcher: A directory notification for 'C:/Users/webbj/Documents/Unreal Projects/SavingInventory2/Content/Developers/webbj/Collections/' was aborted.
[2017.03.02-06.08.20:585][850]LogDirectoryWatcher: A directory notification for 'C:/Users/webbj/Documents/Unreal Projects/SavingInventory2/Saved/Collections/' was aborted.
[2017.03.02-06.08.20:586][850]LogModuleManager: Shutting down and abandoning module StatsViewer (225)
[2017.03.02-06.08.20:586][850]LogModuleManager: Shutting down and abandoning module FoliageEdit (224)
[2017.03.02-06.08.20:586][850]LogModuleManager: Shutting down and abandoning module LandscapeEditor (223)
[2017.03.02-06.08.20:586][850]LogModuleManager: Shutting down and abandoning module SceneDepthPickerMode (222)
[2017.03.02-06.08.20:586][850]LogModuleManager: Shutting down and abandoning module ActorPickerMode (221)
[2017.03.02-06.08.20:586][850]LogModuleManager: Shutting down and abandoning module GeometryMode (220)
[2017.03.02-06.08.20:586][850]LogModuleManager: Shutting down and abandoning module TextureAlignMode (219)
[2017.03.02-06.08.20:586][850]LogModuleManager: Shutting down and abandoning module BspMode (218)
[2017.03.02-06.08.20:586][850]LogModuleManager: Shutting down and abandoning module HardwareSurvey (217)
[2017.03.02-06.08.20:586][850]LogModuleManager: Shutting down and abandoning module SequenceRecorderSections (216)
[2017.03.02-06.08.20:586][850]LogModuleManager: Shutting down and abandoning module SequenceRecorder (215)
[2017.03.02-06.08.20:586][850]LogModuleManager: Shutting down and abandoning module AutomationWorker (214)
[2017.03.02-06.08.20:586][850]LogModuleManager: Shutting down and abandoning module MatineeToLevelSequence (213)
[2017.03.02-06.08.20:586][850]LogModuleManager: Shutting down and abandoning module PlacementMode (212)
[2017.03.02-06.08.20:586][850]LogModuleManager: Shutting down and abandoning module LevelSequenceEditor (211)
[2017.03.02-06.08.20:586][850]LogModuleManager: Shutting down and abandoning module WmfMediaFactory (210)
[2017.03.02-06.08.20:586][850]LogModuleManager: Shutting down and abandoning module WmfMediaEditor (209)
[2017.03.02-06.08.20:586][850]LogModuleManager: Shutting down and abandoning module AvfMediaFactory (208)
[2017.03.02-06.08.20:586][850]LogModuleManager: Shutting down and abandoning module AvfMediaEditor (207)
[2017.03.02-06.08.20:586][850]LogModuleManager: Shutting down and abandoning module Media (206)
[2017.03.02-06.08.20:586][850]LogModuleManager: Shutting down and abandoning module AndroidMediaFactory (205)
[2017.03.02-06.08.20:586][850]LogModuleManager: Shutting down and abandoning module AndroidMediaEditor (204)
[2017.03.02-06.08.20:586][850]LogModuleManager: Shutting down and abandoning module CharacterAI (203)
[2017.03.02-06.08.20:586][850]LogModuleManager: Shutting down and abandoning module SmartSnapping (202)
[2017.03.02-06.08.20:586][850]LogModuleManager: Shutting down and abandoning module SessionServices (201)
[2017.03.02-06.08.20:586][850]LogModuleManager: Shutting down and abandoning module ViewportSnapping (200)
[2017.03.02-06.08.20:586][850]LogModuleManager: Shutting down and abandoning module ViewportInteraction (199)
[2017.03.02-06.08.20:586][850]LogModuleManager: Shutting down and abandoning module LogVisualizer (198)
[2017.03.02-06.08.20:586][850]LogModuleManager: Shutting down and abandoning module GameProjectGeneration (197)
[2017.03.02-06.08.20:586][850]LogModuleManager: Shutting down and abandoning module IntroTutorials (196)
[2017.03.02-06.08.20:586][850]LogModuleManager: Shutting down and abandoning module EditorLiveStreaming (195)
[2017.03.02-06.08.20:586][850]LogModuleManager: Shutting down and abandoning module IOSPlatformEditor (194)
[2017.03.02-06.08.20:586][850]LogModuleManager: Shutting down and abandoning module HTML5PlatformEditor (193)
[2017.03.02-06.08.20:586][850]LogModuleManager: Shutting down and abandoning module AndroidDeviceDetection (192)
[2017.03.02-06.08.20:918][850]LogModuleManager: Shutting down and abandoning module AndroidPlatformEditor (191)
[2017.03.02-06.08.20:918][850]LogModuleManager: Shutting down and abandoning module IOSRuntimeSettings (190)
[2017.03.02-06.08.20:918][850]LogModuleManager: Shutting down and abandoning module AndroidRuntimeSettings (189)
[2017.03.02-06.08.20:918][850]LogModuleManager: Shutting down and abandoning module NiagaraEditor (188)
[2017.03.02-06.08.20:918][850]LogModuleManager: Shutting down and abandoning module MergeActors (187)
[2017.03.02-06.08.20:918][850]LogModuleManager: Shutting down and abandoning module SizeMap (186)
[2017.03.02-06.08.20:918][850]LogModuleManager: Shutting down and abandoning module TreeMap (185)
[2017.03.02-06.08.20:918][850]LogModuleManager: Shutting down and abandoning module ReferenceViewer (184)
[2017.03.02-06.08.20:918][850]LogModuleManager: Shutting down and abandoning module LocalizationService (183)
[2017.03.02-06.08.20:918][850]LogModuleManager: Shutting down and abandoning module LocalizationDashboard (182)
[2017.03.02-06.08.20:918][850]LogModuleManager: Shutting down and abandoning module HardwareTargeting (181)
[2017.03.02-06.08.20:918][850]LogModuleManager: Shutting down and abandoning module DeviceProfileEditor (180)
[2017.03.02-06.08.20:918][850]LogModuleManager: Shutting down and abandoning module UndoHistory (179)
[2017.03.02-06.08.20:918][850]LogModuleManager: Shutting down and abandoning module UserFeedback (178)
[2017.03.02-06.08.20:918][850]LogModuleManager: Shutting down and abandoning module XmlParser (177)
[2017.03.02-06.08.20:919][850]LogModuleManager: Shutting down and abandoning module Blutility (176)
[2017.03.02-06.08.20:919][850]LogModuleManager: Shutting down and abandoning module ProjectTargetPlatformEditor (175)
[2017.03.02-06.08.20:919][850]LogModuleManager: Shutting down and abandoning module ProjectSettingsViewer (174)
[2017.03.02-06.08.20:919][850]LogModuleManager: Shutting down and abandoning module InputBindingEditor (173)
[2017.03.02-06.08.20:919][850]LogModuleManager: Shutting down and abandoning module EditorSettingsViewer (172)
[2017.03.02-06.08.20:920][850]LogModuleManager: Shutting down and abandoning module SettingsEditor (171)
[2017.03.02-06.08.20:920][850]LogModuleManager: Shutting down and abandoning module ProjectLauncher (170)
[2017.03.02-06.08.20:920][850]LogModuleManager: Shutting down and abandoning module SessionFrontend (169)
[2017.03.02-06.08.20:920][850]LogModuleManager: Shutting down and abandoning module ProfilerClient (168)
[2017.03.02-06.08.20:920][850]LogModuleManager: Shutting down and abandoning module TargetDeviceServices (167)
[2017.03.02-06.08.20:920][850]LogModuleManager: Shutting down and abandoning module DeviceManager (166)
[2017.03.02-06.08.20:974][850]LogModuleManager: Shutting down and abandoning module AutomationController (165)
[2017.03.02-06.08.20:974][850]LogModuleManager: Shutting down and abandoning module AutomationWindow (164)
[2017.03.02-06.08.20:974][850]LogModuleManager: Shutting down and abandoning module Layers (163)
[2017.03.02-06.08.20:974][850]LogModuleManager: Shutting down and abandoning module ComponentVisualizers (162)
[2017.03.02-06.08.20:974][850]LogModuleManager: Shutting down and abandoning module DetailCustomizations (161)
[2017.03.02-06.08.20:974][850]LogModuleManager: Shutting down and abandoning module PackagesDialog (160)
[2017.03.02-06.08.20:975][850]LogModuleManager: Shutting down and abandoning module AnimGraph (159)
[2017.03.02-06.08.20:975][850]LogModuleManager: Shutting down and abandoning module Persona (158)
[2017.03.02-06.08.20:975][850]LogModuleManager: Shutting down and abandoning module Kismet (157)
[2017.03.02-06.08.20:991][850]LogModuleManager: Shutting down and abandoning module GraphEditor (156)
[2017.03.02-06.08.20:992][850]LogModuleManager: Shutting down and abandoning module ClassViewer (155)
[2017.03.02-06.08.20:992][850]LogModuleManager: Shutting down and abandoning module Toolbox (154)
[2017.03.02-06.08.20:992][850]LogModuleManager: Shutting down and abandoning module ModuleUI (153)
[2017.03.02-06.08.20:992][850]LogModuleManager: Shutting down and abandoning module MovieSceneTools (152)
[2017.03.02-06.08.20:992][850]LogModuleManager: Shutting down and abandoning module OutputLog (151)
[2017.03.02-06.08.20:992][850]LogModuleManager: Shutting down and abandoning module GammaUI (150)
[2017.03.02-06.08.20:992][850]LogModuleManager: Shutting down and abandoning module Documentation (149)
[2017.03.02-06.08.20:992][850]LogModuleManager: Shutting down and abandoning module Niagara (148)
[2017.03.02-06.08.20:992][850]LogModuleManager: Shutting down and abandoning module StreamingPauseRendering (147)
[2017.03.02-06.08.20:992][850]LogModuleManager: Shutting down and abandoning module AnalyticsET (146)
[2017.03.02-06.08.20:992][850]LogModuleManager: Shutting down and abandoning module PortalServices (145)
[2017.03.02-06.08.20:992][850]LogModuleManager: Shutting down and abandoning module PortalRpc (144)
[2017.03.02-06.08.20:992][850]LogModuleManager: Shutting down and abandoning module MessagingRpc (143)
[2017.03.02-06.08.20:992][850]LogModuleManager: Shutting down and abandoning module GameplayDebugger (142)
[2017.03.02-06.08.20:992][850]LogModuleManager: Shutting down and abandoning module AITestSuite (141)
[2017.03.02-06.08.20:992][850]LogModuleManager: Shutting down and abandoning module AIModule (140)
[2017.03.02-06.08.20:992][850]LogModuleManager: Shutting down and abandoning module ProfilerService (139)
[2017.03.02-06.08.21:168][850]LogModuleManager: Shutting down and abandoning module TaskGraph (138)
[2017.03.02-06.08.21:168][850]LogModuleManager: Shutting down and abandoning module SlateRemote (137)
[2017.03.02-06.08.21:168][850]LogModuleManager: Shutting down and abandoning module SteamVRController (136)
[2017.03.02-06.08.21:168][850]LogModuleManager: Shutting down and abandoning module SteamVR (135)
[2017.03.02-06.08.21:168][850]LogModuleManager: Shutting down and abandoning module ProceduralMeshComponentEditor (134)
[2017.03.02-06.08.21:168][850]LogModuleManager: Shutting down and abandoning module ProceduralMeshComponent (133)
[2017.03.02-06.08.21:168][850]LogModuleManager: Shutting down and abandoning module OculusLibrary (132)
[2017.03.02-06.08.21:168][850]LogModuleManager: Shutting down and abandoning module OculusInput (131)
[2017.03.02-06.08.21:168][850]LogModuleManager: Shutting down and abandoning module CustomMeshComponent (130)
[2017.03.02-06.08.21:168][850]LogModuleManager: Shutting down and abandoning module CableComponent (129)
[2017.03.02-06.08.21:168][850]LogModuleManager: Shutting down and abandoning module ArchVisCharacter (128)
[2017.03.02-06.08.21:168][850]LogModuleManager: Shutting down and abandoning module MediaPlayerEditor (126)
[2017.03.02-06.08.21:168][850]LogModuleManager: Shutting down and abandoning module HTML5Networking (125)
[2017.03.02-06.08.21:168][850]LogModuleManager: Shutting down and abandoning module GeometryCacheEd (124)
[2017.03.02-06.08.21:168][850]LogModuleManager: Shutting down and abandoning module GeometryCache (123)
[2017.03.02-06.08.21:168][850]LogModuleManager: Shutting down and abandoning module AlembicLibrary (122)
[2017.03.02-06.08.21:169][850]LogModuleManager: Shutting down and abandoning module AlembicImporter (121)
[2017.03.02-06.08.21:169][850]LogModuleManager: Shutting down and abandoning module SuperSearch (120)
[2017.03.02-06.08.21:169][850]LogModuleManager: Shutting down and abandoning module SuperSearchEditor (119)
[2017.03.02-06.08.21:169][850]LogModuleManager: Shutting down and abandoning module SpeedTreeImporter (118)
[2017.03.02-06.08.21:169][850]LogModuleManager: Shutting down and abandoning module PluginBrowser (117)
[2017.03.02-06.08.21:169][850]LogModuleManager: Shutting down and abandoning module MobileLauncherProfileWizard (116)
[2017.03.02-06.08.21:169][850]LogModuleManager: Shutting down and abandoning module EpicSurvey (115)
[2017.03.02-06.08.21:169][850]LogModuleManager: Shutting down and abandoning module DesktopPlatform (114)
[2017.03.02-06.08.21:169][850]LogModuleManager: Shutting down and abandoning module VisualStudioSourceCodeAccess (113)
[2017.03.02-06.08.21:169][850]LogModuleManager: Shutting down and abandoning module UObjectPlugin (112)
[2017.03.02-06.08.21:169][850]LogModuleManager: Shutting down and abandoning module SubversionSourceControl (111)
[2017.03.02-06.08.21:169][850]LogModuleManager: Shutting down and abandoning module PerforceSourceControl (110)
[2017.03.02-06.08.21:169][850]LogModuleManager: Shutting down and abandoning module SourceControl (109)
[2017.03.02-06.08.21:169][850]LogModuleManager: Shutting down and abandoning module GitSourceControl (108)
[2017.03.02-06.08.21:169][850]LogModuleManager: Shutting down and abandoning module LightPropagationVolumeEditor (107)
[2017.03.02-06.08.21:169][850]LogModuleManager: Shutting down and abandoning module PaperTiledImporter (106)
[2017.03.02-06.08.21:170][850]LogModuleManager: Shutting down and abandoning module PaperSpriteSheetImporter (105)
[2017.03.02-06.08.21:170][850]LogModuleManager: Shutting down and abandoning module MeshPaint (104)
[2017.03.02-06.08.21:170][850]LogModuleManager: Shutting down and abandoning module FbxAutomationBuilderModule (103)
[2017.03.02-06.08.21:170][850]LogModuleManager: Shutting down and abandoning module PixelInspectorModule (102)
[2017.03.02-06.08.21:170][850]LogModuleManager: Shutting down and abandoning module HotReload (101)
[2017.03.02-06.08.21:171][850]LogModuleManager: Shutting down and abandoning module MainFrame (100)
[2017.03.02-06.08.21:171][850]LogModuleManager: Shutting down and abandoning module LevelEditor (99)
[2017.03.02-06.08.21:173][850]LogModuleManager: Shutting down and abandoning module ContentBrowser (98)
[2017.03.02-06.08.21:175][850]LogModuleManager: Shutting down and abandoning module Paper2DEditor (97)
[2017.03.02-06.08.21:176][850]LogModuleManager: Shutting down and abandoning module UdpMessaging (96)
[2017.03.02-06.08.21:276][850]LogModuleManager: Shutting down and abandoning module TcpMessaging (95)
[2017.03.02-06.08.21:377][850]LogModuleManager: Shutting down and abandoning module LightPropagationVolumeRuntime (94)
[2017.03.02-06.08.21:377][850]LogModuleManager: Shutting down and abandoning module Paper2D (93)
[2017.03.02-06.08.21:377][850]LogModuleManager: Shutting down and abandoning module WindowsMoviePlayer (92)
[2017.03.02-06.08.21:377][850]LogModuleManager: Shutting down and abandoning module WmfMedia (91)
[2017.03.02-06.08.21:377][850]LogModuleManager: Shutting down and abandoning module MediaAssets (90)
[2017.03.02-06.08.21:377][850]LogModuleManager: Shutting down and abandoning module GameLiveStreaming (89)
[2017.03.02-06.08.21:378][850]LogModuleManager: Shutting down and abandoning module GameplayTagsEditor (88)
[2017.03.02-06.08.21:378][850]LogModuleManager: Shutting down and abandoning module VREditor (87)
[2017.03.02-06.08.21:378][850]LogModuleManager: Shutting down and abandoning module GameplayTasksEditor (86)
[2017.03.02-06.08.21:378][850]LogModuleManager: Shutting down and abandoning module PropertyEditor (85)
[2017.03.02-06.08.21:378][850]LogModuleManager: Shutting down and abandoning module BehaviorTreeEditor (84)
[2017.03.02-06.08.21:378][850]LogModuleManager: Shutting down and abandoning module FunctionalTesting (83)
[2017.03.02-06.08.21:378][850]LogModuleManager: Shutting down and abandoning module CollisionAnalyzer (82)
[2017.03.02-06.08.21:378][850]LogModuleManager: Shutting down and abandoning module Sequencer (81)
[2017.03.02-06.08.21:378][850]LogModuleManager: Shutting down and abandoning module WorkspaceMenuStructure (80)
[2017.03.02-06.08.21:378][850]LogModuleManager: Shutting down and abandoning module MessageLog (79)
[2017.03.02-06.08.21:378][850]LogModuleManager: Shutting down and abandoning module AssetTools (78)
[2017.03.02-06.08.21:379][850]LogModuleManager: Shutting down and abandoning module UMGEditor (77)
[2017.03.02-06.08.21:379][850]LogModuleManager: Shutting down and abandoning module UMG (76)
[2017.03.02-06.08.21:379][850]LogModuleManager: Shutting down and abandoning module SlateReflector (75)
[2017.03.02-06.08.21:379][850]LogModuleManager: Shutting down and abandoning module Slate (74)
[2017.03.02-06.08.21:379][850]LogModuleManager: Shutting down and abandoning module EditorStyle (73)
[2017.03.02-06.08.21:387][850]LogModuleManager: Shutting down and abandoning module SourceCodeAccess (72)
[2017.03.02-06.08.21:387][850]LogModuleManager: Shutting down and abandoning module HeadMountedDisplay (71)
[2017.03.02-06.08.21:388][850]LogModuleManager: Shutting down and abandoning module XAudio2 (70)
[2017.03.02-06.08.21:388][850]LogModuleManager: Shutting down and abandoning module Networking (68)
[2017.03.02-06.08.21:388][850]LogModuleManager: Shutting down and abandoning module Core (67)
[2017.03.02-06.08.21:388][850]LogModuleManager: Shutting down and abandoning module DirectoryWatcher (66)
[2017.03.02-06.08.21:388][850]LogDirectoryWatcher: A directory notification for '../../../Engine/Content/' was aborted.
[2017.03.02-06.08.21:388][850]LogDirectoryWatcher: A directory notification for '../../../../../../Users/webbj/Documents/Unreal Projects/SavingInventory2/Content/' was aborted.
[2017.03.02-06.08.21:388][850]LogDirectoryWatcher: A directory notification for '../../../Engine/Plugins/2D/Paper2D/Content/' was aborted.
[2017.03.02-06.08.21:390][850]LogModuleManager: Shutting down and abandoning module AssetRegistry (65)
[2017.03.02-06.08.21:681][850]LogModuleManager: Shutting down and abandoning module KismetCompiler (64)
[2017.03.02-06.08.21:681][850]LogModuleManager: Shutting down and abandoning module PhysXFormats (63)
[2017.03.02-06.08.21:681][850]LogModuleManager: Shutting down and abandoning module MeshUtilities (62)
[2017.03.02-06.08.21:681][850]LogModuleManager: Shutting down and abandoning module DerivedDataCache (61)
[2017.03.02-06.08.21:686][850]LogDerivedDataCache: Shutdown
[2017.03.02-06.08.21:686][850]LogModuleManager: Shutting down and abandoning module VulkanShaderFormat (60)
[2017.03.02-06.08.21:686][850]LogModuleManager: Shutting down and abandoning module ShaderFormatOpenGL (59)
[2017.03.02-06.08.21:686][850]LogModuleManager: Shutting down and abandoning module ShaderFormatD3D (58)
[2017.03.02-06.08.21:686][850]LogModuleManager: Shutting down and abandoning module MetalShaderFormat (57)
[2017.03.02-06.08.21:686][850]LogModuleManager: Shutting down and abandoning module TextureFormatUncompressed (56)
[2017.03.02-06.08.21:686][850]LogModuleManager: Shutting down and abandoning module TextureFormatPVR (55)
[2017.03.02-06.08.21:686][850]LogModuleManager: Shutting down and abandoning module TextureFormatDXT (54)
[2017.03.02-06.08.21:686][850]LogModuleManager: Shutting down and abandoning module TextureFormatIntelISPCTexComp (53)
[2017.03.02-06.08.21:686][850]LogModuleManager: Shutting down and abandoning module ImageWrapper (52)
[2017.03.02-06.08.21:686][850]LogModuleManager: Shutting down and abandoning module TextureFormatASTC (51)
[2017.03.02-06.08.21:686][850]LogModuleManager: Shutting down and abandoning module TextureFormatAndroid (50)
[2017.03.02-06.08.21:686][850]LogModuleManager: Shutting down and abandoning module AudioFormatOpus (49)
[2017.03.02-06.08.21:687][850]LogModuleManager: Shutting down and abandoning module AudioFormatOgg (48)
[2017.03.02-06.08.21:687][850]LogModuleManager: Shutting down and abandoning module AudioFormatADPCM (47)
[2017.03.02-06.08.21:687][850]LogModuleManager: Shutting down and abandoning module LinuxTargetPlatform (46)
[2017.03.02-06.08.21:687][850]LogModuleManager: Shutting down and abandoning module LinuxServerTargetPlatform (45)
[2017.03.02-06.08.21:687][850]LogModuleManager: Shutting down and abandoning module LinuxNoEditorTargetPlatform (44)
[2017.03.02-06.08.21:687][850]LogModuleManager: Shutting down and abandoning module LinuxClientTargetPlatform (43)
[2017.03.02-06.08.21:687][850]LogModuleManager: Shutting down and abandoning module TVOSTargetPlatform (42)
[2017.03.02-06.08.21:687][850]LogModuleManager: Shutting down and abandoning module Messaging (41)
[2017.03.02-06.08.21:687][850]LogModuleManager: Shutting down and abandoning module IOSTargetPlatform (40)
[2017.03.02-06.08.21:687][850]LogModuleManager: Shutting down and abandoning module HTML5TargetPlatform (39)
[2017.03.02-06.08.21:687][850]LogModuleManager: Shutting down and abandoning module Android_PVRTCTargetPlatform (38)
[2017.03.02-06.08.21:687][850]LogModuleManager: Shutting down and abandoning module Android_MultiTargetPlatform (37)
[2017.03.02-06.08.21:687][850]LogModuleManager: Shutting down and abandoning module Android_ETC2TargetPlatform (36)
[2017.03.02-06.08.21:687][850]LogModuleManager: Shutting down and abandoning module Android_ETC1TargetPlatform (35)
[2017.03.02-06.08.21:687][850]LogModuleManager: Shutting down and abandoning module Android_DXTTargetPlatform (34)
[2017.03.02-06.08.21:687][850]LogModuleManager: Shutting down and abandoning module Android_ATCTargetPlatform (33)
[2017.03.02-06.08.21:687][850]LogModuleManager: Shutting down and abandoning module Android_ASTCTargetPlatform (32)
[2017.03.02-06.08.21:687][850]LogModuleManager: Shutting down and abandoning module AndroidTargetPlatform (31)
[2017.03.02-06.08.21:687][850]LogModuleManager: Shutting down and abandoning module WindowsTargetPlatform (30)
[2017.03.02-06.08.21:687][850]LogModuleManager: Shutting down and abandoning module WindowsServerTargetPlatform (29)
[2017.03.02-06.08.21:687][850]LogModuleManager: Shutting down and abandoning module WindowsNoEditorTargetPlatform (28)
[2017.03.02-06.08.21:687][850]LogModuleManager: Shutting down and abandoning module WindowsClientTargetPlatform (27)
[2017.03.02-06.08.21:687][850]LogModuleManager: Shutting down and abandoning module AllDesktopTargetPlatform (26)
[2017.03.02-06.08.21:687][850]LogModuleManager: Shutting down and abandoning module TargetPlatform (25)
[2017.03.02-06.08.21:687][850]LogModuleManager: Shutting down and abandoning module InputCore (24)
[2017.03.02-06.08.21:687][850]LogModuleManager: Shutting down and abandoning module Settings (23)
[2017.03.02-06.08.21:687][850]LogModuleManager: Shutting down and abandoning module OculusRift (22)
[2017.03.02-06.08.21:687][850]LogModuleManager: Shutting down and abandoning module GearVR (21)
[2017.03.02-06.08.21:687][850]LogModuleManager: Shutting down and abandoning module ExampleDeviceProfileSelector (20)
[2017.03.02-06.08.21:687][850]LogModuleManager: Shutting down and abandoning module OnlineBlueprintSupport (19)
[2017.03.02-06.08.21:687][850]LogModuleManager: Shutting down and abandoning module OnlineSubsystem (17)
[2017.03.02-06.08.21:687][850]LogOnline:Display: Unloading online subsystem: NULL
[2017.03.02-06.08.21:687][850]LogModuleManager: Shutting down and abandoning module HTTP (16)
[2017.03.02-06.08.21:687][850]LogHttp:Display: Http module shutting down, but needs to wait on 1 outstanding Http requests:
[2017.03.02-06.08.21:687][850]LogHttp:Display: 	verb=[POST] url=[https://datarouter.ol.epicgames.com/datarouter/api/v1/public/data?SessionID=%7B5227C2B0-4CC7-C100-5534-C5B8C01711D4%7D&AppID=UEEditor.Rocket.Release&AppVersion=4.13.2-3172292%2B%2B%2BUE4%2BRelease-4.13&UserID=b80ccd304aa69a6f71f551964c7d7f41%7Ca9294844e3c54a15b7e37c97f5250449%7Ccfd4a1a6-1ae4-4c3f-b54f-cdeda7a7a1ae&AppEnvironment=datacollector-binary&UploadType=eteventstream] status=Processing
[2017.03.02-06.08.21:691][850]LogModuleManager: Shutting down and abandoning module XMPP (15)
[2017.03.02-06.08.21:691][850]LogModuleManager: Shutting down and abandoning module TextureCompressor (14)
[2017.03.02-06.08.21:691][850]LogModuleManager: Shutting down and abandoning module ShaderCore (13)
[2017.03.02-06.08.21:691][850]LogModuleManager: Shutting down and abandoning module Landscape (12)
[2017.03.02-06.08.21:691][850]LogModuleManager: Shutting down and abandoning module SlateRHIRenderer (11)
[2017.03.02-06.08.21:694][850]LogModuleManager: Shutting down and abandoning module OpenGLDrv (10)
[2017.03.02-06.08.21:694][850]LogModuleManager: Shutting down and abandoning module D3D11RHI (9)
[2017.03.02-06.08.21:694][850]LogModuleManager: Shutting down and abandoning module AnimGraphRuntime (8)
[2017.03.02-06.08.21:694][850]LogModuleManager: Shutting down and abandoning module Renderer (7)
[2017.03.02-06.08.21:694][850]LogModuleManager: Shutting down and abandoning module Engine (6)
[2017.03.02-06.08.21:694][850]LogModuleManager: Shutting down and abandoning module CoreUObject (5)
[2017.03.02-06.08.21:694][850]LogModuleManager: Shutting down and abandoning module NetworkFile (4)
[2017.03.02-06.08.21:694][850]LogModuleManager: Shutting down and abandoning module StreamingFile (3)
[2017.03.02-06.08.21:694][850]LogModuleManager: Shutting down and abandoning module SandboxFile (2)
[2017.03.02-06.08.21:694][850]LogModuleManager: Shutting down and abandoning module PakFile (1)
[2017.03.02-06.08.21:696][850]LogExit: Exiting.
[2017.03.02-06.08.21:706][850]Log file closed, 03/02/17 17:08:21
