Log file open, 03/07/17 07:55:01
LogInit:Display: Running engine for game: SavingInventory
LogPlatformFile: Not using cached read wrapper
LogInit:Display: RandInit(1867694527) SRandInit(1867694527).
LogTaskGraph: Started task graph with 5 named threads and 8 total threads with 1 sets of task threads.
LogStats: Stats thread started at 0.073395
LogPluginManager: Loaded Plugin Paper2D, From C:/Program Files/Epic Games/UE_4.13/Engine/Plugins/2D/Paper2D/Paper2D.uplugin
LogPluginManager: Loaded Plugin LightPropagationVolume, From C:/Program Files/Epic Games/UE_4.13/Engine/Plugins/Blendables/LightPropagationVolume/LightPropagationVolume.uplugin
LogPluginManager: Loaded Plugin BlankPlugin, From C:/Program Files/Epic Games/UE_4.13/Engine/Plugins/Developer/BlankPlugin/BlankPlugin.uplugin
LogPluginManager: Loaded Plugin CodeLiteSourceCodeAccess, From C:/Program Files/Epic Games/UE_4.13/Engine/Plugins/Developer/CodeLiteSourceCodeAccess/CodeLiteSourceCodeAccess.uplugin
LogPluginManager: Loaded Plugin GitSourceControl, From C:/Program Files/Epic Games/UE_4.13/Engine/Plugins/Developer/GitSourceControl/GitSourceControl.uplugin
LogPluginManager: Loaded Plugin KDevelopSourceCodeAccess, From C:/Program Files/Epic Games/UE_4.13/Engine/Plugins/Developer/KDevelopSourceCodeAccess/KDevelopSourceCodeAccess.uplugin
LogPluginManager: Loaded Plugin NullSourceCodeAccess, From C:/Program Files/Epic Games/UE_4.13/Engine/Plugins/Developer/NullSourceCodeAccess/NullSourceCodeAccess.uplugin
LogPluginManager: Loaded Plugin OneSkyLocalizationService, From C:/Program Files/Epic Games/UE_4.13/Engine/Plugins/Developer/OneSkyLocalizationService/OneSkyLocalizationService.uplugin
LogPluginManager: Loaded Plugin PerforceSourceControl, From C:/Program Files/Epic Games/UE_4.13/Engine/Plugins/Developer/PerforceSourceControl/PerforceSourceControl.uplugin
LogPluginManager: Loaded Plugin SubversionSourceControl, From C:/Program Files/Epic Games/UE_4.13/Engine/Plugins/Developer/SubversionSourceControl/SubversionSourceControl.uplugin
LogPluginManager: Loaded Plugin UObjectPlugin, From C:/Program Files/Epic Games/UE_4.13/Engine/Plugins/Developer/UObjectPlugin/UObjectPlugin.uplugin
LogPluginManager: Loaded Plugin VisualStudioSourceCodeAccess, From C:/Program Files/Epic Games/UE_4.13/Engine/Plugins/Developer/VisualStudioSourceCodeAccess/VisualStudioSourceCodeAccess.uplugin
LogPluginManager: Loaded Plugin XCodeSourceCodeAccess, From C:/Program Files/Epic Games/UE_4.13/Engine/Plugins/Developer/XCodeSourceCodeAccess/XCodeSourceCodeAccess.uplugin
LogPluginManager: Loaded Plugin EpicSurvey, From C:/Program Files/Epic Games/UE_4.13/Engine/Plugins/Editor/EpicSurvey/EpicSurvey.uplugin
LogPluginManager: Loaded Plugin MacGraphicsSwitching, From C:/Program Files/Epic Games/UE_4.13/Engine/Plugins/Editor/MacGraphicsSwitching/MacGraphicsSwitching.uplugin
LogPluginManager: Loaded Plugin MobileLauncherProfileWizard, From C:/Program Files/Epic Games/UE_4.13/Engine/Plugins/Editor/MobileLauncherProfileWizard/MobileLauncherProfileWizard.uplugin
LogPluginManager: Loaded Plugin PluginBrowser, From C:/Program Files/Epic Games/UE_4.13/Engine/Plugins/Editor/PluginBrowser/PluginBrowser.uplugin
LogPluginManager: Loaded Plugin SpeedTreeImporter, From C:/Program Files/Epic Games/UE_4.13/Engine/Plugins/Editor/SpeedTreeImporter/SpeedTreeImporter.uplugin
LogPluginManager: Loaded Plugin SuperSearchEditor, From C:/Program Files/Epic Games/UE_4.13/Engine/Plugins/Editor/SuperSearchEditor/SuperSearchEditor.uplugin
LogPluginManager: Loaded Plugin AlembicImporter, From C:/Program Files/Epic Games/UE_4.13/Engine/Plugins/Experimental/AlembicImporter/AlembicImporter.uplugin
LogPluginManager: Loaded Plugin BlueprintStats, From C:/Program Files/Epic Games/UE_4.13/Engine/Plugins/Experimental/BlueprintStats/BlueprintStats.uplugin
LogPluginManager: Loaded Plugin CharacterAI, From C:/Program Files/Epic Games/UE_4.13/Engine/Plugins/Experimental/CharacterAI/CharacterAI.uplugin
LogPluginManager: Loaded Plugin CodeEditor, From C:/Program Files/Epic Games/UE_4.13/Engine/Plugins/Experimental/CodeEditor/CodeEditor.uplugin
LogPluginManager: Loaded Plugin CodeView, From C:/Program Files/Epic Games/UE_4.13/Engine/Plugins/Experimental/CodeView/CodeView.uplugin
LogPluginManager: Loaded Plugin HTML5Networking, From C:/Program Files/Epic Games/UE_4.13/Engine/Plugins/Experimental/HTML5Networking/HTML5Networking.uplugin
LogPluginManager: Loaded Plugin LiveEditor, From C:/Program Files/Epic Games/UE_4.13/Engine/Plugins/Experimental/LiveEditor/LiveEditor.uplugin
LogPluginManager: Loaded Plugin OSVR, From C:/Program Files/Epic Games/UE_4.13/Engine/Plugins/Experimental/OSVR/OSVR.uplugin
LogPluginManager: Loaded Plugin Phya, From C:/Program Files/Epic Games/UE_4.13/Engine/Plugins/Experimental/Phya/Phya.uplugin
LogPluginManager: Loaded Plugin SignificanceManager, From C:/Program Files/Epic Games/UE_4.13/Engine/Plugins/Experimental/SignificanceManager/SignificanceManager.uplugin
LogPluginManager: Loaded Plugin SimpleHMD, From C:/Program Files/Epic Games/UE_4.13/Engine/Plugins/Experimental/SimpleHMD/SimpleHMD.uplugin
LogPluginManager: Loaded Plugin StereoPanorama, From C:/Program Files/Epic Games/UE_4.13/Engine/Plugins/Experimental/StereoPanorama/StereoPanorama.uplugin
LogPluginManager: Loaded Plugin StructBox, From C:/Program Files/Epic Games/UE_4.13/Engine/Plugins/Experimental/StructBox/StructBox.uplugin
LogPluginManager: Loaded Plugin AndroidMedia, From C:/Program Files/Epic Games/UE_4.13/Engine/Plugins/Media/AndroidMedia/AndroidMedia.uplugin
LogPluginManager: Loaded Plugin AvfMedia, From C:/Program Files/Epic Games/UE_4.13/Engine/Plugins/Media/AvfMedia/AvfMedia.uplugin
LogPluginManager: Loaded Plugin MediaPlayerEditor, From C:/Program Files/Epic Games/UE_4.13/Engine/Plugins/Media/MediaPlayerEditor/MediaPlayerEditor.uplugin
LogPluginManager: Loaded Plugin WmfMedia, From C:/Program Files/Epic Games/UE_4.13/Engine/Plugins/Media/WmfMedia/WmfMedia.uplugin
LogPluginManager: Loaded Plugin MessagingDebugger, From C:/Program Files/Epic Games/UE_4.13/Engine/Plugins/Messaging/MessagingDebugger/MessagingDebugger.uplugin
LogPluginManager: Loaded Plugin TcpMessaging, From C:/Program Files/Epic Games/UE_4.13/Engine/Plugins/Messaging/TcpMessaging/TcpMessaging.uplugin
LogPluginManager: Loaded Plugin UdpMessaging, From C:/Program Files/Epic Games/UE_4.13/Engine/Plugins/Messaging/UdpMessaging/UdpMessaging.uplugin
LogPluginManager: Loaded Plugin LevelSequenceEditor, From C:/Program Files/Epic Games/UE_4.13/Engine/Plugins/MovieScene/LevelSequenceEditor/LevelSequenceEditor.uplugin
LogPluginManager: Loaded Plugin MatineeToLevelSequence, From C:/Program Files/Epic Games/UE_4.13/Engine/Plugins/MovieScene/MatineeToLevelSequence/MatineeToLevelSequence.uplugin
LogPluginManager: Loaded Plugin NetcodeUnitTest, From C:/Program Files/Epic Games/UE_4.13/Engine/Plugins/NetcodeUnitTest/NetcodeUnitTest/NetcodeUnitTest.uplugin
LogPluginManager: Loaded Plugin NUTUnrealEngine4, From C:/Program Files/Epic Games/UE_4.13/Engine/Plugins/NetcodeUnitTest/NUTUnrealEngine4/NUTUnrealEngine4.uplugin
LogPluginManager: Loaded Plugin OnlineSubsystemGooglePlay, From C:/Program Files/Epic Games/UE_4.13/Engine/Plugins/Online/Android/OnlineSubsystemGooglePlay/OnlineSubsystemGooglePlay.uplugin
LogPluginManager: Loaded Plugin OnlineSubsystemIOS, From C:/Program Files/Epic Games/UE_4.13/Engine/Plugins/Online/IOS/OnlineSubsystemIOS/OnlineSubsystemIOS.uplugin
LogPluginManager: Loaded Plugin OnlineFramework, From C:/Program Files/Epic Games/UE_4.13/Engine/Plugins/Online/OnlineFramework/OnlineFramework.uplugin
LogPluginManager: Loaded Plugin OnlineSubsystem, From C:/Program Files/Epic Games/UE_4.13/Engine/Plugins/Online/OnlineSubsystem/OnlineSubsystem.uplugin
LogPluginManager: Loaded Plugin OnlineSubsystemAmazon, From C:/Program Files/Epic Games/UE_4.13/Engine/Plugins/Online/OnlineSubsystemAmazon/OnlineSubsystemAmazon.uplugin
LogPluginManager: Loaded Plugin OnlineSubsystemFacebook, From C:/Program Files/Epic Games/UE_4.13/Engine/Plugins/Online/OnlineSubsystemFacebook/OnlineSubsystemFacebook.uplugin
LogPluginManager: Loaded Plugin OnlineSubsystemNull, From C:/Program Files/Epic Games/UE_4.13/Engine/Plugins/Online/OnlineSubsystemNull/OnlineSubsystemNull.uplugin
LogPluginManager: Loaded Plugin OnlineSubsystemOculus, From C:/Program Files/Epic Games/UE_4.13/Engine/Plugins/Online/OnlineSubsystemOculus/OnlineSubsystemOculus.uplugin
LogPluginManager: Loaded Plugin OnlineSubsystemSteam, From C:/Program Files/Epic Games/UE_4.13/Engine/Plugins/Online/OnlineSubsystemSteam/OnlineSubsystemSteam.uplugin
LogPluginManager: Loaded Plugin OnlineSubsystemUtils, From C:/Program Files/Epic Games/UE_4.13/Engine/Plugins/Online/OnlineSubsystemUtils/OnlineSubsystemUtils.uplugin
LogPluginManager: Loaded Plugin IOSTapJoy, From C:/Program Files/Epic Games/UE_4.13/Engine/Plugins/Runtime/Advertising/IOSTapJoy/IOSTapJoy.uplugin
LogPluginManager: Loaded Plugin AnalyticsBlueprintLibrary, From C:/Program Files/Epic Games/UE_4.13/Engine/Plugins/Runtime/Analytics/AnalyticsBlueprintLibrary/AnalyticsBlueprintLibrary.uplugin
LogPluginManager: Loaded Plugin AnalyticsMulticast, From C:/Program Files/Epic Games/UE_4.13/Engine/Plugins/Runtime/Analytics/AnalyticsMulticast/AnalyticsMulticast.uplugin
LogPluginManager: Loaded Plugin Apsalar, From C:/Program Files/Epic Games/UE_4.13/Engine/Plugins/Runtime/Analytics/Apsalar/Apsalar.uplugin
LogPluginManager: Loaded Plugin FileLogging, From C:/Program Files/Epic Games/UE_4.13/Engine/Plugins/Runtime/Analytics/FileLogging/FileLogging.uplugin
LogPluginManager: Loaded Plugin Flurry, From C:/Program Files/Epic Games/UE_4.13/Engine/Plugins/Runtime/Analytics/Flurry/Flurry.uplugin
LogPluginManager: Loaded Plugin AndroidDeviceProfileSelector, From C:/Program Files/Epic Games/UE_4.13/Engine/Plugins/Runtime/AndroidDeviceProfileSelector/AndroidDeviceProfileSelector.uplugin
LogPluginManager: Loaded Plugin AndroidMoviePlayer, From C:/Program Files/Epic Games/UE_4.13/Engine/Plugins/Runtime/AndroidMoviePlayer/AndroidMoviePlayer.uplugin
LogPluginManager: Loaded Plugin AppleMoviePlayer, From C:/Program Files/Epic Games/UE_4.13/Engine/Plugins/Runtime/AppleMoviePlayer/AppleMoviePlayer.uplugin
LogPluginManager: Loaded Plugin ArchVisCharacter, From C:/Program Files/Epic Games/UE_4.13/Engine/Plugins/Runtime/ArchVisCharacter/ArchVisCharacter.uplugin
LogPluginManager: Loaded Plugin CableComponent, From C:/Program Files/Epic Games/UE_4.13/Engine/Plugins/Runtime/CableComponent/CableComponent.uplugin
LogPluginManager: Loaded Plugin CustomMeshComponent, From C:/Program Files/Epic Games/UE_4.13/Engine/Plugins/Runtime/CustomMeshComponent/CustomMeshComponent.uplugin
LogPluginManager: Loaded Plugin ExampleDeviceProfileSelector, From C:/Program Files/Epic Games/UE_4.13/Engine/Plugins/Runtime/ExampleDeviceProfileSelector/ExampleDeviceProfileSelector.uplugin
LogPluginManager: Loaded Plugin GearVR, From C:/Program Files/Epic Games/UE_4.13/Engine/Plugins/Runtime/GearVR/GearVR.uplugin
LogPluginManager: Loaded Plugin GoogleVRController, From C:/Program Files/Epic Games/UE_4.13/Engine/Plugins/Runtime/GoogleVR/GoogleVRController/GoogleVRController.uplugin
LogPluginManager: Loaded Plugin GoogleVRHMD, From C:/Program Files/Epic Games/UE_4.13/Engine/Plugins/Runtime/GoogleVR/GoogleVRHMD/GoogleVRHMD.uplugin
LogPluginManager: Loaded Plugin IOSDeviceProfileSelector, From C:/Program Files/Epic Games/UE_4.13/Engine/Plugins/Runtime/IOSDeviceProfileSelector/IOSDeviceProfileSelector.uplugin
LogPluginManager: Loaded Plugin LeapMotion, From C:/Program Files/Epic Games/UE_4.13/Engine/Plugins/Runtime/LeapMotion/LeapMotion.uplugin
LogPluginManager: Loaded Plugin LinuxDeviceProfileSelector, From C:/Program Files/Epic Games/UE_4.13/Engine/Plugins/Runtime/LinuxDeviceProfileSelector/LinuxDeviceProfileSelector.uplugin
LogPluginManager: Loaded Plugin LiveEditorListenServer, From C:/Program Files/Epic Games/UE_4.13/Engine/Plugins/Runtime/LiveEditorListenServer/LiveEditorListenServer.uplugin
LogPluginManager: Loaded Plugin OculusAudio, From C:/Program Files/Epic Games/UE_4.13/Engine/Plugins/Runtime/OculusAudio/OculusAudio.uplugin
LogPluginManager: Loaded Plugin OculusInput, From C:/Program Files/Epic Games/UE_4.13/Engine/Plugins/Runtime/OculusInput/OculusInput.uplugin
LogPluginManager: Loaded Plugin OculusLibrary, From C:/Program Files/Epic Games/UE_4.13/Engine/Plugins/Runtime/OculusLibrary/OculusLibrary.uplugin
LogPluginManager: Loaded Plugin OculusRift, From C:/Program Files/Epic Games/UE_4.13/Engine/Plugins/Runtime/OculusRift/OculusRift.uplugin
LogPluginManager: Loaded Plugin Oodle, From C:/Program Files/Epic Games/UE_4.13/Engine/Plugins/Runtime/PacketHandlers/CompressionComponents/Oodle/Oodle.uplugin
LogPluginManager: Loaded Plugin ProceduralMeshComponent, From C:/Program Files/Epic Games/UE_4.13/Engine/Plugins/Runtime/ProceduralMeshComponent/ProceduralMeshComponent.uplugin
LogPluginManager: Loaded Plugin SoundMod, From C:/Program Files/Epic Games/UE_4.13/Engine/Plugins/Runtime/SoundMod/SoundMod.uplugin
LogPluginManager: Loaded Plugin SoundVisualizations, From C:/Program Files/Epic Games/UE_4.13/Engine/Plugins/Runtime/SoundVisualizations/SoundVisualizations.uplugin
LogPluginManager: Loaded Plugin SteamController, From C:/Program Files/Epic Games/UE_4.13/Engine/Plugins/Runtime/Steam/SteamController/SteamController.uplugin
LogPluginManager: Loaded Plugin SteamVR, From C:/Program Files/Epic Games/UE_4.13/Engine/Plugins/Runtime/Steam/SteamVR/SteamVR.uplugin
LogPluginManager: Loaded Plugin WebBrowserWidget, From C:/Program Files/Epic Games/UE_4.13/Engine/Plugins/Runtime/WebBrowserWidget/WebBrowserWidget.uplugin
LogPluginManager: Loaded Plugin WindowsDeviceProfileSelector, From C:/Program Files/Epic Games/UE_4.13/Engine/Plugins/Runtime/WindowsDeviceProfileSelector/WindowsDeviceProfileSelector.uplugin
LogPluginManager: Loaded Plugin WindowsMoviePlayer, From C:/Program Files/Epic Games/UE_4.13/Engine/Plugins/Runtime/WindowsMoviePlayer/WindowsMoviePlayer.uplugin
LogPluginManager: Loaded Plugin ScriptPlugin, From C:/Program Files/Epic Games/UE_4.13/Engine/Plugins/ScriptPlugin/ScriptPlugin.uplugin
LogPluginManager: Loaded Plugin SlateRemote, From C:/Program Files/Epic Games/UE_4.13/Engine/Plugins/Slate/SlateRemote/SlateRemote.uplugin
LogInit: Using libcurl 7.47.1
LogInit:  - built for x86_64-pc-win32
LogInit:  - supports SSL with WinSSL
LogInit:  - other features:
LogInit:      CURL_VERSION_SSL
LogInit:      CURL_VERSION_IPV6
LogInit:      CURL_VERSION_ASYNCHDNS
LogInit:      CURL_VERSION_LARGEFILE
LogInit:      CURL_VERSION_IDN
LogInit:  CurlRequestOptions (configurable via config and command line):
LogInit:  - bVerifyPeer = false  - Libcurl will NOT verify peer certificate
LogInit:  - bUseHttpProxy = false  - Libcurl will NOT use HTTP proxy
LogInit:  - bDontReuseConnections = false  - Libcurl will reuse connections
LogInit:  - CertBundlePath = nullptr  - Libcurl will use whatever was configured at build time.
LogInit: Build: ++UE4+Release-4.13-CL-3172292
LogInit: Engine Version: 4.13.2-3172292+++UE4+Release-4.13
LogInit: Compatible Engine Version: 4.13.0-3106830+++UE4+Release-4.13
LogInit: Net CL: 3172292
LogDevObjectVersion: Number of dev versions registered: 13
LogDevObjectVersion:   Dev-Blueprints (B0D832E4-1F89-4F0D-ACCF-7EB736FD4AA2): 5
LogDevObjectVersion:   Dev-Build (E1C64328-A22C-4D53-A36C-8E866417BD8C): 0
LogDevObjectVersion:   Dev-Core (375EC13C-06E4-48FB-B500-84F0262A717E): 1
LogDevObjectVersion:   Dev-Editor (E4B068ED-F494-42E9-A231-DA0B2E46BB41): 6
LogDevObjectVersion:   Dev-Framework (CFFC743F-43B0-4480-9391-14DF171D2073): 12
LogDevObjectVersion:   Dev-Mobile (B02B49B5-BB20-44E9-A304-32B752E40360): 0
LogDevObjectVersion:   Dev-Networking (A4E4105C-59A1-49B5-A7C5-40C4547EDFEE): 0
LogDevObjectVersion:   Dev-Online (39C831C9-5AE6-47DC-9A44-9C173E1C8E7C): 0
LogDevObjectVersion:   Dev-Physics (78F01B33-EBEA-4F98-B9B4-84EACCB95AA2): 0
LogDevObjectVersion:   Dev-Platform (6631380F-2D4D-43E0-8009-CF276956A95A): 0
LogDevObjectVersion:   Dev-Rendering (12F88B9F-8875-4AFC-A67C-D90C383ABD29): 4
LogDevObjectVersion:   Dev-Sequencer (7B5AE74C-D270-4C10-A958-57980B212A5A): 0
LogDevObjectVersion:   Dev-VR (D7296918-1DD6-4BDD-9DE2-64A83CC13884): 0
LogInit: Compiled (64-bit): Oct 24 2016 14:29:06
LogInit: Compiled with Visual C++: 19.00.23026.00
LogInit: Build Configuration: Development
LogInit: Branch Name: ++UE4+Release-4.13
LogInit: Command line: 
LogInit: Base directory: C:/Program Files/Epic Games/UE_4.13/Engine/Binaries/Win64/
LogInit: Installed Engine Build: 1
LogInit: Presizing for max 8388607 objects, including 0 objects not considered by GC, pre-allocating 0 bytes for permanent pool.
LogInit: Object subsystem initialized
[2017.03.06-20.55.01:784][  0]LogInit: Selected Device Profile: [Windows]
[2017.03.06-20.55.01:784][  0]LogInit: Applying CVar settings loaded from the selected device profile: [Windows]
[2017.03.06-20.55.01:790][  0]LogInit: Computer: BN4VF42
[2017.03.06-20.55.01:790][  0]LogInit: User: webbj
[2017.03.06-20.55.01:790][  0]LogInit: CPU Page size=65536, Cores=4
[2017.03.06-20.55.01:790][  0]LogInit: High frequency timer resolution =3.515639 MHz
[2017.03.06-20.55.01:791][  0]LogMemory: Memory total: Physical=15.9GB (16GB approx)
[2017.03.06-20.55.01:791][  0]LogMemory: Platform Memory Stats for Windows
[2017.03.06-20.55.01:791][  0]LogMemory: Process Physical Memory: 258.69 MB used, 258.69 MB peak
[2017.03.06-20.55.01:791][  0]LogMemory: Process Virtual Memory: 260.16 MB used, 260.16 MB peak
[2017.03.06-20.55.01:791][  0]LogMemory: Physical Memory: 3368.73 MB used, 16298.84 MB total
[2017.03.06-20.55.01:791][  0]LogMemory: Virtual Memory: 646.05 MB used, 134217728.00 MB total
[2017.03.06-20.55.01:810][  0]LogTextLocalizationManager: No specific translations for ('en-AU') exist, so ('en') translations will be used.
[2017.03.06-20.55.02:275][  0]LogD3D11RHI: D3D11 adapters:
[2017.03.06-20.55.02:284][  0]LogD3D11RHI:    0. 'AMD Radeon(TM) R9 270' (Feature Level 11_0)
[2017.03.06-20.55.02:284][  0]LogD3D11RHI:       2030/0/8149 MB DedicatedVideo/DedicatedSystem/SharedSystem, Outputs:1, VendorId:0x1002
[2017.03.06-20.55.02:290][  0]LogD3D11RHI:    1. 'Intel(R) HD Graphics 4600' (Feature Level 11_0)
[2017.03.06-20.55.02:290][  0]LogD3D11RHI:       112/0/2048 MB DedicatedVideo/DedicatedSystem/SharedSystem, Outputs:0, VendorId:0x8086
[2017.03.06-20.55.02:291][  0]LogD3D11RHI:    2. 'Microsoft Basic Render Driver' (Feature Level 11_0)
[2017.03.06-20.55.02:291][  0]LogD3D11RHI:       0/0/8149 MB DedicatedVideo/DedicatedSystem/SharedSystem, Outputs:0, VendorId:0x1414
[2017.03.06-20.55.02:291][  0]LogD3D11RHI: Chosen D3D11 Adapter: 0
[2017.03.06-20.55.02:296][  0]LogD3D11RHI: Creating new Direct3DDevice
[2017.03.06-20.55.02:296][  0]LogD3D11RHI:     GPU DeviceId: 0x6811 (for the marketing name, search the web for "GPU Device Id")
[2017.03.06-20.55.02:296][  0]LogWindows: EnumDisplayDevices:
[2017.03.06-20.55.02:296][  0]LogWindows:    0. 'AMD Radeon(TM) R9 270' (P:1 D:1)
[2017.03.06-20.55.02:296][  0]LogWindows:    1. 'AMD Radeon(TM) R9 270' (P:0 D:0)
[2017.03.06-20.55.02:296][  0]LogWindows:    2. 'AMD Radeon(TM) R9 270' (P:0 D:0)
[2017.03.06-20.55.02:296][  0]LogWindows:    3. 'AMD Radeon(TM) R9 270' (P:0 D:0)
[2017.03.06-20.55.02:297][  0]LogWindows:    4. 'AMD Radeon(TM) R9 270' (P:0 D:0)
[2017.03.06-20.55.02:297][  0]LogWindows:    5. 'AMD Radeon(TM) R9 270' (P:0 D:0)
[2017.03.06-20.55.02:297][  0]LogWindows:    6. 'Intel(R) HD Graphics 4600' (P:0 D:0)
[2017.03.06-20.55.02:297][  0]LogWindows:    7. 'Intel(R) HD Graphics 4600' (P:0 D:0)
[2017.03.06-20.55.02:298][  0]LogWindows:    8. 'Intel(R) HD Graphics 4600' (P:0 D:0)
[2017.03.06-20.55.02:298][  0]LogWindows: DebugString: PrimaryIsNotTheChoosenAdapter PrimaryIsNotTheChoosenAdapter PrimaryIsNotTheChoosenAdapter FoundDriverCount:6 
[2017.03.06-20.55.02:298][  0]LogD3D11RHI:     Adapter Name: AMD Radeon(TM) R9 270
[2017.03.06-20.55.02:298][  0]LogD3D11RHI:   Driver Version: Crimson 15.11 (internal:15.301.1701.0, unified:15.301.1701.0)
[2017.03.06-20.55.02:298][  0]LogD3D11RHI:      Driver Date: 1-13-2016
[2017.03.06-20.55.02:298][  0]LogRHI: Texture pool is 1361 MB (70% of 1945 MB)
[2017.03.06-20.55.02:303][  0]LogD3D11RHI: Async texture creation enabled
[2017.03.06-20.55.02:315][  0]LogD3D11RHI: GPU Timing Frequency: 27.000000 (Debug: 2 1)
[2017.03.06-20.55.02:316][  0]LogShaderCompilers: Guid format shader working directory is -26 characters bigger than the processId version (../../../../../../Users/webbj/Documents/Unreal Projects/SavingInventory3/Intermediate/Shaders/WorkingDirectory/5168/).
[2017.03.06-20.55.02:316][  0]LogShaderCompilers: Cleaned the shader compiler working directory 'C:/Users/webbj/AppData/Local/Temp/UnrealShaderWorkingDir/556B649145B7CF86F0AFD5830BFA87B3/'.
[2017.03.06-20.55.02:316][  0]LogShaderCompilers:Display: Using Local Shader Compiler.
[2017.03.06-20.55.03:144][  0]LogTemp:Display: Loaded TP AllDesktopTargetPlatform
[2017.03.06-20.55.03:151][  0]LogTemp:Display: Loaded TP WindowsClientTargetPlatform
[2017.03.06-20.55.03:157][  0]LogTemp:Display: Loaded TP WindowsNoEditorTargetPlatform
[2017.03.06-20.55.03:163][  0]LogTemp:Display: Loaded TP WindowsServerTargetPlatform
[2017.03.06-20.55.03:169][  0]LogTemp:Display: Loaded TP WindowsTargetPlatform
[2017.03.06-20.55.03:175][  0]LogTemp:Display: Loaded TP AndroidTargetPlatform
[2017.03.06-20.55.03:180][  0]LogTemp:Display: Loaded TP Android_ASTCTargetPlatform
[2017.03.06-20.55.03:185][  0]LogTemp:Display: Loaded TP Android_ATCTargetPlatform
[2017.03.06-20.55.03:191][  0]LogTemp:Display: Loaded TP Android_DXTTargetPlatform
[2017.03.06-20.55.03:200][  0]LogTemp:Display: Loaded TP Android_ETC1TargetPlatform
[2017.03.06-20.55.03:215][  0]LogTemp:Display: Loaded TP Android_ETC2TargetPlatform
[2017.03.06-20.55.03:231][  0]LogTemp:Display: Loaded TP Android_MultiTargetPlatform
[2017.03.06-20.55.03:231][  0]LogTemp:Display: Loaded TP Android_PVRTCTargetPlatform
[2017.03.06-20.55.03:232][  0]LogTemp:Display: Loaded TP HTML5TargetPlatform
[2017.03.06-20.55.03:252][  0]LogTemp:Display: Loaded TP IOSTargetPlatform
[2017.03.06-20.55.03:257][  0]LogTemp:Display: Loaded TP TVOSTargetPlatform
[2017.03.06-20.55.03:263][  0]LogTemp:Display: Loaded TP LinuxClientTargetPlatform
[2017.03.06-20.55.03:268][  0]LogTemp:Display: Loaded TP LinuxNoEditorTargetPlatform
[2017.03.06-20.55.03:274][  0]LogTemp:Display: Loaded TP LinuxServerTargetPlatform
[2017.03.06-20.55.03:279][  0]LogTemp:Display: Loaded TP LinuxTargetPlatform
[2017.03.06-20.55.03:279][  0]LogTargetPlatformManager:Display: Building Assets For Windows
[2017.03.06-20.55.03:343][  0]LogDerivedDataCache:Display: Max Cache Size: 512 MB
[2017.03.06-20.55.03:394][  0]LogDerivedDataCache: Loaded boot cache 0.05s 62MB C:/Users/webbj/AppData/Local/UnrealEngine/4.13/DerivedDataCache/Boot.ddc.
[2017.03.06-20.55.03:394][  0]LogDerivedDataCache:Display: Loaded Boot cache: C:/Users/webbj/AppData/Local/UnrealEngine/4.13/DerivedDataCache/Boot.ddc
[2017.03.06-20.55.03:394][  0]LogDerivedDataCache: FDerivedDataBackendGraph:  Pak pak cache file ../../../../../../Users/webbj/Documents/Unreal Projects/SavingInventory3/DerivedDataCache/DDC.ddp not found, will not use a pak cache.
[2017.03.06-20.55.03:394][  0]LogDerivedDataCache: Unable to find inner node Pak for hierarchical cache Hierarchy.
[2017.03.06-20.55.03:394][  0]LogDerivedDataCache: FDerivedDataBackendGraph:  CompressedPak pak cache file ../../../../../../Users/webbj/Documents/Unreal Projects/SavingInventory3/DerivedDataCache/Compressed.ddp not found, will not use a pak cache.
[2017.03.06-20.55.03:394][  0]LogDerivedDataCache: Unable to find inner node CompressedPak for hierarchical cache Hierarchy.
[2017.03.06-20.55.03:408][  0]LogDerivedDataCache:Display: Pak cache opened for reading ../../../Engine/DerivedDataCache/Compressed.ddp.
[2017.03.06-20.55.03:420][  0]LogDerivedDataCache: Using Local data cache path C:/Users/webbj/AppData/Local/UnrealEngine/Common/DerivedDataCache: Writable
[2017.03.06-20.55.03:624][  0]LogInit: Selected Device Profile: [Windows]
[2017.03.06-20.55.03:626][  0]LogContentStreaming: Texture pool size is 0.00 MB
[2017.03.06-20.55.03:702][  0]LogMeshUtilities: No automatic mesh reduction module available
[2017.03.06-20.55.03:702][  0]LogMeshUtilities: No automatic mesh merging module available
[2017.03.06-20.55.03:702][  0]LogMeshUtilities: No distributed automatic mesh merging module available
[2017.03.06-20.55.03:756][  0]LogMaterial: Uniform references updated for custom material expression Custom.
[2017.03.06-20.55.04:029][  0]LogNetVersion: GetLocalNetworkVersion: CL: 3106830, ProjectName: savinginventory, ProjectVersion: , EngineNetworkVersion: 1, GameNetworkVersion: 0, NetworkChecksum: 1071487255
[2017.03.06-20.55.04:063][  0]LogAssetRegistry: FAssetRegistry took 0.0223 seconds to start up
[2017.03.06-20.55.04:099][  0]LogPackageLocalizationCache: Processed 3 localized package path(s) for 2 prioritized culture(s) in 0.034368 seconds
[2017.03.06-20.55.04:104][  0]LogUObjectArray: 29778 objects as part of root set at end of initial load.
[2017.03.06-20.55.04:104][  0]LogUObjectAllocator: 6125456 out of 0 bytes used by permanent object pool.
[2017.03.06-20.55.04:104][  0]LogUObjectArray: CloseDisregardForGC: 0/0 objects in disregard for GC pool
[2017.03.06-20.55.04:111][  0]LogInit: WinSock: version 1.1 (2.2), MaxSocks=32767, MaxUdp=65467
[2017.03.06-20.55.04:279][  0]LogSlate: SlateFontCache - WITH_FREETYPE: 1, WITH_HARFBUZZ: 1
[2017.03.06-20.55.04:279][  0]LogSlate: SlateFontCache - WITH_FREETYPE: 1, WITH_HARFBUZZ: 1
[2017.03.06-20.55.04:809][  0]LogTcpMessaging: Initializing TcpMessaging bridge
[2017.03.06-20.55.04:831][  0]LogUdpMessaging: Initializing bridge on interface 0.0.0.0:0 to multicast group 230.0.0.1:6666.
[2017.03.06-20.55.05:055][  0]SourceControl: Info Source control is disabled
[2017.03.06-20.55.05:055][  0]SourceControl: Info Source control is disabled
[2017.03.06-20.55.05:065][  0]SourceControl: Info Source control is disabled
[2017.03.06-20.55.05:075][  0]SourceControl: Info Source control is disabled
[2017.03.06-20.55.05:346][  0]LogEngine: Initializing Engine...
[2017.03.06-20.55.05:347][  0]LogHMD: Failed to initialize OpenVR with code 110
[2017.03.06-20.55.05:458][  0]LogAIModule: Creating AISystem for world Untitled
[2017.03.06-20.55.05:466][  0]LogInit: XAudio2 using 'Speakers / Headphones (Realtek Audio)' : 2 channels at 48 kHz using 32 bits per sample (channel mask 0x3)
[2017.03.06-20.55.05:604][  0]LogInit: FAudioDevice initialized.
[2017.03.06-20.55.05:660][  0]LogDerivedDataCache: Saved boot cache 0.06s 62MB C:/Users/webbj/AppData/Local/UnrealEngine/4.13/DerivedDataCache/Boot.ddc.
[2017.03.06-20.55.05:666][  0]LogInit: Texture streaming: Enabled
[2017.03.06-20.55.05:685][  0]LogInit: Transaction tracking system initialized
[2017.03.06-20.55.05:703][  0]BlueprintLog: New page: Editor Load
[2017.03.06-20.55.05:762][  0]LocalizationService: Info Localization service is disabled
[2017.03.06-20.55.05:829][  0]LogConsoleResponse:Display: 
[2017.03.06-20.55.05:922][  0]LogCook:Display: Max memory allowance for cook 16384mb min free memory 0mb
[2017.03.06-20.55.05:922][  0]LogCook:Display: Mobile HDR setting 1
[2017.03.06-20.55.06:064][  0]LogFileCache: Scanning file cache for directory 'C:/Users/webbj/Documents/Unreal Projects/SavingInventory3/Content/' took 0.02s
[2017.03.06-20.55.06:064][  0]SourceControl: Info Source control is disabled
[2017.03.06-20.55.06:064][  0]Cmd: MAP LOAD FILE="../../../../../../Users/webbj/Documents/Unreal Projects/SavingInventory3/Content/ThirdPersonBP/Maps/ThirdPersonExampleMap.umap" TEMPLATE=0 SHOWPROGRESS=1 FEATURELEVEL=3
[2017.03.06-20.55.06:066][  0]LightingResults: New page: Lighting Build
[2017.03.06-20.55.06:068][  0]MapCheck: New page: Map Check
[2017.03.06-20.55.06:068][  0]LightingResults: New page: Lighting Build
[2017.03.06-20.55.11:152][  0]LogAIModule: Creating AISystem for world ThirdPersonExampleMap
[2017.03.06-20.55.11:178][  0]LogEditorServer: Finished looking for orphan Actors (0.000 secs)
[2017.03.06-20.55.11:178][  0]Cmd: MAP CHECKDEP NOCLEARLOG
[2017.03.06-20.55.11:240][  0]MapCheck: Info Map check complete: 0 Error(s), 0 Warning(s), took 61.083ms to complete.
[2017.03.06-20.55.11:240][  0]LogFileHelpers: Loading map 'ThirdPersonExampleMap' took 5.175
[2017.03.06-20.55.11:486][  0]LogCollectionManager: Loaded 0 collections in 0.001638 seconds
[2017.03.06-20.55.11:547][  0]LogFileCache: Scanning file cache for directory 'C:/Users/webbj/Documents/Unreal Projects/SavingInventory3/Saved/Collections/' took 0.01s
[2017.03.06-20.55.11:547][  0]LogFileCache: Scanning file cache for directory 'C:/Users/webbj/Documents/Unreal Projects/SavingInventory3/Content/Developers/webbj/Collections/' took 0.01s
[2017.03.06-20.55.11:547][  0]LogFileCache: Scanning file cache for directory 'C:/Users/webbj/Documents/Unreal Projects/SavingInventory3/Content/Collections/' took 0.01s
[2017.03.06-20.55.11:547][  0]LogCollectionManager: Rebuilt the GUID cache for 0 collections in 0.000011 seconds
[2017.03.06-20.55.11:572][  0]LogContentBrowser: Native class hierarchy populated in 0.0236 seconds. Added 2141 classes and 415 folders.
[2017.03.06-20.55.11:578][  0]LogStats: UGameplayTagsManager::ConstructGameplayTagTree: Construct from data asset -  0.000 s
[2017.03.06-20.55.11:578][  0]LogStats: UGameplayTagsManager::ConstructGameplayTagTree: GameplayTagTreeChangedEvent.Broadcast -  0.000 s
[2017.03.06-20.55.11:579][  0]LogContentBrowser: Native class hierarchy updated for 'GameplayTags' in 0.0009 seconds. Added 12 classes and 0 folders.
[2017.03.06-20.55.11:587][  0]LogContentBrowser: Native class hierarchy updated for 'WidgetCarousel' in 0.0007 seconds. Added 0 classes and 0 folders.
[2017.03.06-20.55.14:818][  0]LogContentBrowser: Native class hierarchy updated for 'AddContentDialog' in 0.0012 seconds. Added 0 classes and 0 folders.
[2017.03.06-20.55.14:829][  0]LogContentBrowser: Native class hierarchy updated for 'SceneOutliner' in 0.0011 seconds. Added 1 classes and 2 folders.
[2017.03.06-20.55.14:850][  0]LogCrashTracker: Crashtracker disabled due to settings.
[2017.03.06-20.55.14:885][  0]LogUObjectGlobals:Warning: Failed to find object 'Class None.'
[2017.03.06-20.55.14:911][  0]LogContentBrowser: Native class hierarchy updated for 'HierarchicalLODOutliner' in 0.0004 seconds. Added 1 classes and 2 folders.
[2017.03.06-20.55.14:911][  0]LogLoad: (Engine Initialization) Total time: 16.25 seconds
[2017.03.06-20.55.14:911][  0]LogLoad: (Engine Initialization) Total Blueprint compile time: 0.26 seconds
[2017.03.06-20.55.14:911][  0]LogExternalProfiler: No external profilers were discovered.  External profiling features will not be available.
[2017.03.06-20.55.14:920][  0]LogWindowsTextInputMethodSystem:Display: IME system now deactivated.
[2017.03.06-20.55.14:920][  0]LogOcInput: OculusInput pre-init called
[2017.03.06-20.55.14:943][  0]LogContentStreaming: Texture pool size now 1000 MB
[2017.03.06-20.55.15:449][  0]LogRenderer: Reallocating scene render targets to support 640x372 (Frame:2).
[2017.03.06-20.55.23:760][592]LogAssetRegistry: Asset discovery search completed in 19.7198 seconds
[2017.03.06-20.55.23:760][592]LogCollectionManager: Rebuilt the object cache for 0 collections in 0.000001 seconds (found 0 objects)
[2017.03.06-20.55.23:760][592]LogCollectionManager: Fixed up redirectors for 0 collections in 0.000019 seconds (updated 0 objects)
[2017.03.06-20.55.27:139][766]LogContentBrowser: Native class hierarchy updated for 'BlueprintGraph' in 0.0007 seconds. Added 112 classes and 0 folders.
[2017.03.06-20.56.17:635][395]LogSavePackage: Save=69.82ms
[2017.03.06-20.56.17:635][395]LogSavePackage: Moving '../../../../../../Users/webbj/Documents/Unreal Projects/SavingInventory3/Saved/ThirdPersonCharacterAF37929D485D88513712F0AF6E79D67E.tmp' to '../../../../../../Users/webbj/Documents/Unreal Projects/SavingInventory3/Content/ThirdPersonBP/Blueprints/ThirdPersonCharacter.uasset'
[2017.03.06-20.56.17:637][395]LogSavePackage:Display: Finished SavePackage ../../../../../../Users/webbj/Documents/Unreal Projects/SavingInventory3/Content/ThirdPersonBP/Blueprints/ThirdPersonCharacter.uasset
[2017.03.06-21.26.35:119][447]LogFileHelpers: Editor autosave (incl. sublevels) for '/Game/ThirdPersonBP/Maps/ThirdPersonExampleMap' took 0.020
[2017.03.06-21.26.35:120][447]OBJ SavePackage: Generating thumbnails for [0] asset(s) in package [/Game/ThirdPersonBP/Blueprints/ThirdPersonCharacter] ([1] browsable assets)...
[2017.03.06-21.26.35:120][447]OBJ SavePackage: Finished generating thumbnails for package [/Game/ThirdPersonBP/Blueprints/ThirdPersonCharacter]
[2017.03.06-21.26.35:188][447]LogSavePackage: Save=59.53ms
[2017.03.06-21.26.35:188][447]LogSavePackage: Moving '../../../../../../Users/webbj/Documents/Unreal Projects/SavingInventory3/Saved/ThirdPersonCharacter_Auto126DCED9C46F951A6F270A280A1953048.tmp' to '../../../../../../Users/webbj/Documents/Unreal Projects/SavingInventory3/Saved/Autosaves/Game/ThirdPersonBP/Blueprints/ThirdPersonCharacter_Auto1.uasset'
[2017.03.06-21.26.35:190][447]LogSavePackage:Display: Finished SavePackage ../../../../../../Users/webbj/Documents/Unreal Projects/SavingInventory3/Saved/Autosaves/Game/ThirdPersonBP/Blueprints/ThirdPersonCharacter_Auto1.uasset
[2017.03.06-21.26.35:190][447]LogFileHelpers: Auto-saving content packages took 0.070
[2017.03.06-21.34.21:727][ 74]LogSavePackage: Save=62.79ms
[2017.03.06-21.34.21:727][ 74]LogSavePackage: Moving '../../../../../../Users/webbj/Documents/Unreal Projects/SavingInventory3/Saved/ThirdPersonCharacter820A5D6646701EE660F37CB35D4E8708.tmp' to '../../../../../../Users/webbj/Documents/Unreal Projects/SavingInventory3/Content/ThirdPersonBP/Blueprints/ThirdPersonCharacter.uasset'
[2017.03.06-21.34.21:729][ 74]LogSavePackage:Display: Finished SavePackage ../../../../../../Users/webbj/Documents/Unreal Projects/SavingInventory3/Content/ThirdPersonBP/Blueprints/ThirdPersonCharacter.uasset
[2017.03.06-21.35.55:088][122]BlueprintLog: New page: Compile WeaponPickup
[2017.03.06-21.35.55:644][171]LogSavePackage: Save=21.23ms
[2017.03.06-21.35.55:644][171]LogSavePackage: Moving '../../../../../../Users/webbj/Documents/Unreal Projects/SavingInventory3/Saved/WeaponPickup6D6999DB4DFB8D3B92976E9CB7212877.tmp' to '../../../../../../Users/webbj/Documents/Unreal Projects/SavingInventory3/Content/ThirdPersonBP/Blueprints/WeaponPickup.uasset'
[2017.03.06-21.35.55:647][171]LogSavePackage:Display: Finished SavePackage ../../../../../../Users/webbj/Documents/Unreal Projects/SavingInventory3/Content/ThirdPersonBP/Blueprints/WeaponPickup.uasset
[2017.03.06-21.36.14:157][355]LogBlueprintUserMessages: Early PlayInEditor Detection: Level '/Game/ThirdPersonBP/Maps/ThirdPersonExampleMap.ThirdPersonExampleMap:PersistentLevel' has LevelScriptBlueprint '/Game/ThirdPersonBP/Maps/ThirdPersonExampleMap.ThirdPersonExampleMap:PersistentLevel.ThirdPersonExampleMap' with GeneratedClass '/Game/ThirdPersonBP/Maps/ThirdPersonExampleMap.ThirdPersonExampleMap_C' with ClassGeneratedBy '/Game/ThirdPersonBP/Maps/ThirdPersonExampleMap.ThirdPersonExampleMap:PersistentLevel.ThirdPersonExampleMap'
[2017.03.06-21.36.14:157][355]LogPlayLevel: PlayLevel: No blueprints needed recompiling
[2017.03.06-21.36.14:174][355]PIE: New page: PIE session: ThirdPersonExampleMap (7 Mar 2017 6:36:14 pm)
[2017.03.06-21.36.14:174][355]LogPlayLevel: Creating play world package: /Game/ThirdPersonBP/Maps/UEDPIE_0_ThirdPersonExampleMap
[2017.03.06-21.36.14:200][355]LogPlayLevel: PIE: StaticDuplicateObject took: (0.026103s)
[2017.03.06-21.36.14:201][355]LogAIModule: Creating AISystem for world ThirdPersonExampleMap
[2017.03.06-21.36.14:202][355]LogPlayLevel: PIE: World Init took: (0.001619s)
[2017.03.06-21.36.14:202][355]LogPlayLevel: PIE: Created PIE world by copying editor world from /Game/ThirdPersonBP/Maps/ThirdPersonExampleMap.ThirdPersonExampleMap to /Game/ThirdPersonBP/Maps/UEDPIE_0_ThirdPersonExampleMap.ThirdPersonExampleMap (0.028029s)
[2017.03.06-21.36.14:218][355]LogInit: XAudio2 using 'Speakers / Headphones (Realtek Audio)' : 2 channels at 48 kHz using 32 bits per sample (channel mask 0x3)
[2017.03.06-21.36.14:230][355]LogInit: FAudioDevice initialized.
[2017.03.06-21.36.14:317][355]LogWorld: Game class is 'ThirdPersonGameMode_C'
[2017.03.06-21.36.14:326][355]LogWorld: Bringing World /Game/ThirdPersonBP/Maps/UEDPIE_0_ThirdPersonExampleMap.ThirdPersonExampleMap up for play (max tick rate 0) at 2017.03.07-08.36.14
[2017.03.06-21.36.14:326][355]LogWorld: Bringing up level for play took: 0.006890
[2017.03.06-21.36.14:330][355]LogContentBrowser: Native class hierarchy updated for 'MovieSceneCapture' in 0.0005 seconds. Added 11 classes and 0 folders.
[2017.03.06-21.36.14:330][355]LogGameMode:Display: Match State Changed from EnteringMap to WaitingToStart
[2017.03.06-21.36.14:330][355]LogGameState: Match State Changed from EnteringMap to WaitingToStart
[2017.03.06-21.36.14:330][355]LogGameMode:Display: Match State Changed from WaitingToStart to InProgress
[2017.03.06-21.36.14:341][355]LogScriptCore:Warning: Script Msg: Attempted to access index 1 from array WeaponsOwned of length 1!
[2017.03.06-21.36.14:341][355]LogScriptCore:Warning: 
[2017.03.06-21.36.14:354][355]LogGameState: Match State Changed from WaitingToStart to InProgress
[2017.03.06-21.36.14:356][355]PIE: Info Play in editor start time for /Game/ThirdPersonBP/Maps/UEDPIE_0_ThirdPersonExampleMap -0.539
[2017.03.06-21.36.14:357][355]LogBlueprintUserMessages: Late PlayInEditor Detection: Level '/Game/ThirdPersonBP/Maps/ThirdPersonExampleMap.ThirdPersonExampleMap:PersistentLevel' has LevelScriptBlueprint '/Game/ThirdPersonBP/Maps/ThirdPersonExampleMap.ThirdPersonExampleMap:PersistentLevel.ThirdPersonExampleMap' with GeneratedClass '/Game/ThirdPersonBP/Maps/ThirdPersonExampleMap.ThirdPersonExampleMap_C' with ClassGeneratedBy '/Game/ThirdPersonBP/Maps/ThirdPersonExampleMap.ThirdPersonExampleMap:PersistentLevel.ThirdPersonExampleMap'
[2017.03.06-21.36.14:399][355]LogRenderer: Reallocating scene render targets to support 1292x756 (Frame:8922).
[2017.03.06-21.36.15:860][508]LogScriptCore:Warning: Script Msg: Attempted to access index 1 from array WeaponsOwned of length 1!
[2017.03.06-21.36.15:860][508]LogScriptCore:Warning: 
[2017.03.06-21.36.15:883][510]LogScriptCore:Warning: Script Msg: Attempted to access index 1 from array WeaponsOwned of length 1!
[2017.03.06-21.36.15:883][510]LogScriptCore:Warning: 
[2017.03.06-21.36.15:929][515]LogScriptCore:Warning: Script Msg: Attempted to access index 1 from array WeaponsOwned of length 1!
[2017.03.06-21.36.15:929][515]LogScriptCore:Warning: 
[2017.03.06-21.36.16:097][534]LogScriptCore:Warning: Script Msg: Attempted to access index 1 from array WeaponsOwned of length 1!
[2017.03.06-21.36.16:097][534]LogScriptCore:Warning: 
[2017.03.06-21.36.16:115][536]LogScriptCore:Warning: Script Msg: Attempted to access index 1 from array WeaponsOwned of length 1!
[2017.03.06-21.36.16:115][536]LogScriptCore:Warning: 
[2017.03.06-21.36.16:123][537]LogScriptCore:Warning: Script Msg: Attempted to access index 1 from array WeaponsOwned of length 1!
[2017.03.06-21.36.16:124][537]LogScriptCore:Warning: 
[2017.03.06-21.36.16:141][539]LogScriptCore:Warning: Script Msg: Attempted to access index 1 from array WeaponsOwned of length 1!
[2017.03.06-21.36.16:141][539]LogScriptCore:Warning: 
[2017.03.06-21.36.16:159][541]LogScriptCore:Warning: Script Msg: Attempted to access index 1 from array WeaponsOwned of length 1!
[2017.03.06-21.36.16:159][541]LogScriptCore:Warning: 
[2017.03.06-21.36.16:177][543]LogScriptCore:Warning: Script Msg: Attempted to access index 1 from array WeaponsOwned of length 1!
[2017.03.06-21.36.16:177][543]LogScriptCore:Warning: 
[2017.03.06-21.36.16:185][544]LogScriptCore:Warning: Script Msg: Attempted to access index 1 from array WeaponsOwned of length 1!
[2017.03.06-21.36.16:185][544]LogScriptCore:Warning: 
[2017.03.06-21.36.16:231][549]LogScriptCore:Warning: Script Msg: Attempted to access index 1 from array WeaponsOwned of length 1!
[2017.03.06-21.36.16:231][549]LogScriptCore:Warning: 
[2017.03.06-21.37.35:864][294]LogBlueprintUserMessages: [SwordPickup_92] Press T to pick up
[2017.03.06-21.37.43:249][ 83]LogBlueprintUserMessages: [SwordPickup2] Press T to pick up
[2017.03.06-21.37.52:507][ 51]LogScriptCore:Warning: Script Msg: Attempted to access index 3 from array WeaponsOwned of length 3!
[2017.03.06-21.37.52:507][ 51]LogScriptCore:Warning: 
[2017.03.06-21.37.53:473][155]LogScriptCore:Warning: Script Msg: Attempted to access index 3 from array WeaponsOwned of length 3!
[2017.03.06-21.37.53:473][155]LogScriptCore:Warning: 
[2017.03.06-21.37.53:774][187]LogScriptCore:Warning: Script Msg: Attempted to access index 3 from array WeaponsOwned of length 3!
[2017.03.06-21.37.53:774][187]LogScriptCore:Warning: 
[2017.03.06-21.37.54:181][231]LogScriptCore:Warning: Script Msg: Attempted to access index 3 from array WeaponsOwned of length 3!
[2017.03.06-21.37.54:181][231]LogScriptCore:Warning: 
[2017.03.06-21.37.54:791][296]LogScriptCore:Warning: Script Msg: Attempted to access index 3 from array WeaponsOwned of length 3!
[2017.03.06-21.37.54:791][296]LogScriptCore:Warning: 
[2017.03.06-21.37.55:391][361]LogScriptCore:Warning: Script Msg: Attempted to access index 3 from array WeaponsOwned of length 3!
[2017.03.06-21.37.55:391][361]LogScriptCore:Warning: 
[2017.03.06-21.37.56:059][432]LogScriptCore:Warning: Script Msg: Attempted to access index 3 from array WeaponsOwned of length 3!
[2017.03.06-21.37.56:059][432]LogScriptCore:Warning: 
[2017.03.06-21.37.57:137][546]LogScriptCore:Warning: Script Msg: Attempted to access index 3 from array WeaponsOwned of length 3!
[2017.03.06-21.37.57:137][546]LogScriptCore:Warning: 
[2017.03.06-21.37.57:563][591]LogScriptCore:Warning: Script Msg: Attempted to access index 3 from array WeaponsOwned of length 3!
[2017.03.06-21.37.57:563][591]LogScriptCore:Warning: 
[2017.03.06-21.37.58:186][658]LogScriptCore:Warning: Script Msg: Attempted to access index 3 from array WeaponsOwned of length 3!
[2017.03.06-21.37.58:186][658]LogScriptCore:Warning: 
[2017.03.06-21.37.58:512][693]LogScriptCore:Warning: Script Msg: Attempted to access index 3 from array WeaponsOwned of length 3!
[2017.03.06-21.37.58:512][693]LogScriptCore:Warning: 
[2017.03.06-21.37.59:565][805]LogScriptCore:Warning: Script Msg: Attempted to access index 3 from array WeaponsOwned of length 3!
[2017.03.06-21.37.59:565][805]LogScriptCore:Warning: 
[2017.03.06-21.38.02:568][125]LogScriptCore:Warning: Script Msg: Attempted to access index 3 from array WeaponsOwned of length 3!
[2017.03.06-21.38.02:568][125]LogScriptCore:Warning: 
[2017.03.06-21.38.03:820][257]LogScriptCore:Warning: Script Msg: Attempted to access index 3 from array WeaponsOwned of length 3!
[2017.03.06-21.38.03:820][257]LogScriptCore:Warning: 
[2017.03.06-21.38.04:383][316]LogScriptCore:Warning: Script Msg: Attempted to access index 3 from array WeaponsOwned of length 3!
[2017.03.06-21.38.04:383][316]LogScriptCore:Warning: 
[2017.03.06-21.38.04:680][346]LogScriptCore:Warning: Script Msg: Attempted to access index 3 from array WeaponsOwned of length 3!
[2017.03.06-21.38.04:680][346]LogScriptCore:Warning: 
[2017.03.06-21.38.06:026][488]LogScriptCore:Warning: Script Msg: Attempted to access index 3 from array WeaponsOwned of length 3!
[2017.03.06-21.38.06:026][488]LogScriptCore:Warning: 
[2017.03.06-21.38.06:242][511]LogScriptCore:Warning: Script Msg: Attempted to access index 3 from array WeaponsOwned of length 3!
[2017.03.06-21.38.06:243][511]LogScriptCore:Warning: 
[2017.03.06-21.38.06:298][517]LogScriptCore:Warning: Script Msg: Attempted to access index 3 from array WeaponsOwned of length 3!
[2017.03.06-21.38.06:298][517]LogScriptCore:Warning: 
[2017.03.06-21.38.06:490][537]LogScriptCore:Warning: Script Msg: Attempted to access index 3 from array WeaponsOwned of length 3!
[2017.03.06-21.38.06:490][537]LogScriptCore:Warning: 
[2017.03.06-21.38.06:693][558]LogScriptCore:Warning: Script Msg: Attempted to access index 3 from array WeaponsOwned of length 3!
[2017.03.06-21.38.06:694][558]LogScriptCore:Warning: 
[2017.03.06-21.38.06:730][562]LogScriptCore:Warning: Script Msg: Attempted to access index 3 from array WeaponsOwned of length 3!
[2017.03.06-21.38.06:730][562]LogScriptCore:Warning: 
[2017.03.06-21.38.06:924][583]LogScriptCore:Warning: Script Msg: Attempted to access index 3 from array WeaponsOwned of length 3!
[2017.03.06-21.38.06:924][583]LogScriptCore:Warning: 
[2017.03.06-21.38.07:296][623]LogScriptCore:Warning: Script Msg: Attempted to access index 3 from array WeaponsOwned of length 3!
[2017.03.06-21.38.07:296][623]LogScriptCore:Warning: 
[2017.03.06-21.38.07:352][629]LogScriptCore:Warning: Script Msg: Attempted to access index 3 from array WeaponsOwned of length 3!
[2017.03.06-21.38.07:352][629]LogScriptCore:Warning: 
[2017.03.06-21.38.07:557][651]LogScriptCore:Warning: Script Msg: Attempted to access index 3 from array WeaponsOwned of length 3!
[2017.03.06-21.38.07:557][651]LogScriptCore:Warning: 
[2017.03.06-21.38.07:743][671]LogScriptCore:Warning: Script Msg: Attempted to access index 3 from array WeaponsOwned of length 3!
[2017.03.06-21.38.07:743][671]LogScriptCore:Warning: 
[2017.03.06-21.38.07:789][676]LogScriptCore:Warning: Script Msg: Attempted to access index 3 from array WeaponsOwned of length 3!
[2017.03.06-21.38.07:789][676]LogScriptCore:Warning: 
[2017.03.06-21.38.08:078][707]LogScriptCore:Warning: Script Msg: Attempted to access index 3 from array WeaponsOwned of length 3!
[2017.03.06-21.38.08:078][707]LogScriptCore:Warning: 
[2017.03.06-21.38.08:272][728]LogScriptCore:Warning: Script Msg: Attempted to access index 3 from array WeaponsOwned of length 3!
[2017.03.06-21.38.08:272][728]LogScriptCore:Warning: 
[2017.03.06-21.38.41:204][237]LogBlueprintUserMessages: Early EndPlayMap Detection: Level '/Game/ThirdPersonBP/Maps/ThirdPersonExampleMap.ThirdPersonExampleMap:PersistentLevel' has LevelScriptBlueprint '/Game/ThirdPersonBP/Maps/ThirdPersonExampleMap.ThirdPersonExampleMap:PersistentLevel.ThirdPersonExampleMap' with GeneratedClass '/Game/ThirdPersonBP/Maps/ThirdPersonExampleMap.ThirdPersonExampleMap_C' with ClassGeneratedBy '/Game/ThirdPersonBP/Maps/ThirdPersonExampleMap.ThirdPersonExampleMap:PersistentLevel.ThirdPersonExampleMap'
[2017.03.06-21.38.41:274][237]LogBlueprintUserMessages: Late EndPlayMap Detection: Level '/Game/ThirdPersonBP/Maps/ThirdPersonExampleMap.ThirdPersonExampleMap:PersistentLevel' has LevelScriptBlueprint '/Game/ThirdPersonBP/Maps/ThirdPersonExampleMap.ThirdPersonExampleMap:PersistentLevel.ThirdPersonExampleMap' with GeneratedClass '/Game/ThirdPersonBP/Maps/ThirdPersonExampleMap.ThirdPersonExampleMap_C' with ClassGeneratedBy '/Game/ThirdPersonBP/Maps/ThirdPersonExampleMap.ThirdPersonExampleMap:PersistentLevel.ThirdPersonExampleMap'
[2017.03.06-21.38.43:562][497]LogBlueprintUserMessages: Early PlayInEditor Detection: Level '/Game/ThirdPersonBP/Maps/ThirdPersonExampleMap.ThirdPersonExampleMap:PersistentLevel' has LevelScriptBlueprint '/Game/ThirdPersonBP/Maps/ThirdPersonExampleMap.ThirdPersonExampleMap:PersistentLevel.ThirdPersonExampleMap' with GeneratedClass '/Game/ThirdPersonBP/Maps/ThirdPersonExampleMap.ThirdPersonExampleMap_C' with ClassGeneratedBy '/Game/ThirdPersonBP/Maps/ThirdPersonExampleMap.ThirdPersonExampleMap:PersistentLevel.ThirdPersonExampleMap'
[2017.03.06-21.38.43:562][497]LogPlayLevel: PlayLevel: No blueprints needed recompiling
[2017.03.06-21.38.43:562][497]PIE: New page: PIE session: ThirdPersonExampleMap (7 Mar 2017 6:38:43 pm)
[2017.03.06-21.38.43:562][497]LogPlayLevel: Creating play world package: /Game/ThirdPersonBP/Maps/UEDPIE_0_ThirdPersonExampleMap
[2017.03.06-21.38.43:582][497]LogPlayLevel: PIE: StaticDuplicateObject took: (0.019796s)
[2017.03.06-21.38.43:583][497]LogAIModule: Creating AISystem for world ThirdPersonExampleMap
[2017.03.06-21.38.43:583][497]LogPlayLevel: PIE: World Init took: (0.001284s)
[2017.03.06-21.38.43:584][497]LogPlayLevel: PIE: Created PIE world by copying editor world from /Game/ThirdPersonBP/Maps/ThirdPersonExampleMap.ThirdPersonExampleMap to /Game/ThirdPersonBP/Maps/UEDPIE_0_ThirdPersonExampleMap.ThirdPersonExampleMap (0.021457s)
[2017.03.06-21.38.43:607][497]LogInit: XAudio2 using 'Speakers / Headphones (Realtek Audio)' : 2 channels at 48 kHz using 32 bits per sample (channel mask 0x3)
[2017.03.06-21.38.43:618][497]LogInit: FAudioDevice initialized.
[2017.03.06-21.38.43:659][497]LogWorld: Game class is 'ThirdPersonGameMode_C'
[2017.03.06-21.38.43:663][497]LogWorld: Bringing World /Game/ThirdPersonBP/Maps/UEDPIE_0_ThirdPersonExampleMap.ThirdPersonExampleMap up for play (max tick rate 0) at 2017.03.07-08.38.43
[2017.03.06-21.38.43:663][497]LogWorld: Bringing up level for play took: 0.003742
[2017.03.06-21.38.43:664][497]LogGameMode:Display: Match State Changed from EnteringMap to WaitingToStart
[2017.03.06-21.38.43:664][497]LogGameState: Match State Changed from EnteringMap to WaitingToStart
[2017.03.06-21.38.43:664][497]LogGameMode:Display: Match State Changed from WaitingToStart to InProgress
[2017.03.06-21.38.43:665][497]LogGameState: Match State Changed from WaitingToStart to InProgress
[2017.03.06-21.38.43:668][497]PIE: Info Play in editor start time for /Game/ThirdPersonBP/Maps/UEDPIE_0_ThirdPersonExampleMap 0.764
[2017.03.06-21.38.43:669][497]LogBlueprintUserMessages: Late PlayInEditor Detection: Level '/Game/ThirdPersonBP/Maps/ThirdPersonExampleMap.ThirdPersonExampleMap:PersistentLevel' has LevelScriptBlueprint '/Game/ThirdPersonBP/Maps/ThirdPersonExampleMap.ThirdPersonExampleMap:PersistentLevel.ThirdPersonExampleMap' with GeneratedClass '/Game/ThirdPersonBP/Maps/ThirdPersonExampleMap.ThirdPersonExampleMap_C' with ClassGeneratedBy '/Game/ThirdPersonBP/Maps/ThirdPersonExampleMap.ThirdPersonExampleMap:PersistentLevel.ThirdPersonExampleMap'
[2017.03.06-21.38.50:109][160]LogScriptCore:Warning: Script Msg: Attempted to access index 3 from array WeaponsOwned of length 3!
[2017.03.06-21.38.50:109][160]LogScriptCore:Warning: 
[2017.03.06-21.38.50:389][190]LogScriptCore:Warning: Script Msg: Attempted to access index 3 from array WeaponsOwned of length 3!
[2017.03.06-21.38.50:389][190]LogScriptCore:Warning: 
[2017.03.06-21.38.50:700][223]LogScriptCore:Warning: Script Msg: Attempted to access index 3 from array WeaponsOwned of length 3!
[2017.03.06-21.38.50:700][223]LogScriptCore:Warning: 
[2017.03.06-21.38.51:061][262]LogScriptCore:Warning: Script Msg: Attempted to access index 3 from array WeaponsOwned of length 3!
[2017.03.06-21.38.51:061][262]LogScriptCore:Warning: 
[2017.03.06-21.38.51:303][288]LogScriptCore:Warning: Script Msg: Attempted to access index 3 from array WeaponsOwned of length 3!
[2017.03.06-21.38.51:303][288]LogScriptCore:Warning: 
[2017.03.06-21.38.51:675][328]LogScriptCore:Warning: Script Msg: Attempted to access index 3 from array WeaponsOwned of length 3!
[2017.03.06-21.38.51:675][328]LogScriptCore:Warning: 
[2017.03.06-21.38.52:065][369]LogScriptCore:Warning: Script Msg: Attempted to access index 3 from array WeaponsOwned of length 3!
[2017.03.06-21.38.52:065][369]LogScriptCore:Warning: 
[2017.03.06-21.39.01:386][353]LogBlueprintUserMessages: Early EndPlayMap Detection: Level '/Game/ThirdPersonBP/Maps/ThirdPersonExampleMap.ThirdPersonExampleMap:PersistentLevel' has LevelScriptBlueprint '/Game/ThirdPersonBP/Maps/ThirdPersonExampleMap.ThirdPersonExampleMap:PersistentLevel.ThirdPersonExampleMap' with GeneratedClass '/Game/ThirdPersonBP/Maps/ThirdPersonExampleMap.ThirdPersonExampleMap_C' with ClassGeneratedBy '/Game/ThirdPersonBP/Maps/ThirdPersonExampleMap.ThirdPersonExampleMap:PersistentLevel.ThirdPersonExampleMap'
[2017.03.06-21.39.01:430][353]LogBlueprintUserMessages: Late EndPlayMap Detection: Level '/Game/ThirdPersonBP/Maps/ThirdPersonExampleMap.ThirdPersonExampleMap:PersistentLevel' has LevelScriptBlueprint '/Game/ThirdPersonBP/Maps/ThirdPersonExampleMap.ThirdPersonExampleMap:PersistentLevel.ThirdPersonExampleMap' with GeneratedClass '/Game/ThirdPersonBP/Maps/ThirdPersonExampleMap.ThirdPersonExampleMap_C' with ClassGeneratedBy '/Game/ThirdPersonBP/Maps/ThirdPersonExampleMap.ThirdPersonExampleMap:PersistentLevel.ThirdPersonExampleMap'
[2017.03.06-21.39.04:068][642]LogBlueprintUserMessages: Early PlayInEditor Detection: Level '/Game/ThirdPersonBP/Maps/ThirdPersonExampleMap.ThirdPersonExampleMap:PersistentLevel' has LevelScriptBlueprint '/Game/ThirdPersonBP/Maps/ThirdPersonExampleMap.ThirdPersonExampleMap:PersistentLevel.ThirdPersonExampleMap' with GeneratedClass '/Game/ThirdPersonBP/Maps/ThirdPersonExampleMap.ThirdPersonExampleMap_C' with ClassGeneratedBy '/Game/ThirdPersonBP/Maps/ThirdPersonExampleMap.ThirdPersonExampleMap:PersistentLevel.ThirdPersonExampleMap'
[2017.03.06-21.39.04:068][642]LogPlayLevel: PlayLevel: No blueprints needed recompiling
[2017.03.06-21.39.04:068][642]PIE: New page: PIE session: ThirdPersonExampleMap (7 Mar 2017 6:39:04 pm)
[2017.03.06-21.39.04:068][642]LogPlayLevel: Creating play world package: /Game/ThirdPersonBP/Maps/UEDPIE_0_ThirdPersonExampleMap
[2017.03.06-21.39.04:087][642]LogPlayLevel: PIE: StaticDuplicateObject took: (0.019592s)
[2017.03.06-21.39.04:088][642]LogAIModule: Creating AISystem for world ThirdPersonExampleMap
[2017.03.06-21.39.04:089][642]LogPlayLevel: PIE: World Init took: (0.001037s)
[2017.03.06-21.39.04:089][642]LogPlayLevel: PIE: Created PIE world by copying editor world from /Game/ThirdPersonBP/Maps/ThirdPersonExampleMap.ThirdPersonExampleMap to /Game/ThirdPersonBP/Maps/UEDPIE_0_ThirdPersonExampleMap.ThirdPersonExampleMap (0.021016s)
[2017.03.06-21.39.04:114][642]LogInit: XAudio2 using 'Speakers / Headphones (Realtek Audio)' : 2 channels at 48 kHz using 32 bits per sample (channel mask 0x3)
[2017.03.06-21.39.04:127][642]LogInit: FAudioDevice initialized.
[2017.03.06-21.39.04:166][642]LogWorld: Game class is 'ThirdPersonGameMode_C'
[2017.03.06-21.39.04:170][642]LogWorld: Bringing World /Game/ThirdPersonBP/Maps/UEDPIE_0_ThirdPersonExampleMap.ThirdPersonExampleMap up for play (max tick rate 0) at 2017.03.07-08.39.04
[2017.03.06-21.39.04:171][642]LogWorld: Bringing up level for play took: 0.003677
[2017.03.06-21.39.04:171][642]LogGameMode:Display: Match State Changed from EnteringMap to WaitingToStart
[2017.03.06-21.39.04:171][642]LogGameState: Match State Changed from EnteringMap to WaitingToStart
[2017.03.06-21.39.04:171][642]LogGameMode:Display: Match State Changed from WaitingToStart to InProgress
[2017.03.06-21.39.04:173][642]LogGameState: Match State Changed from WaitingToStart to InProgress
[2017.03.06-21.39.04:175][642]PIE: Info Play in editor start time for /Game/ThirdPersonBP/Maps/UEDPIE_0_ThirdPersonExampleMap -0.732
[2017.03.06-21.39.04:175][642]LogBlueprintUserMessages: Late PlayInEditor Detection: Level '/Game/ThirdPersonBP/Maps/ThirdPersonExampleMap.ThirdPersonExampleMap:PersistentLevel' has LevelScriptBlueprint '/Game/ThirdPersonBP/Maps/ThirdPersonExampleMap.ThirdPersonExampleMap:PersistentLevel.ThirdPersonExampleMap' with GeneratedClass '/Game/ThirdPersonBP/Maps/ThirdPersonExampleMap.ThirdPersonExampleMap_C' with ClassGeneratedBy '/Game/ThirdPersonBP/Maps/ThirdPersonExampleMap.ThirdPersonExampleMap:PersistentLevel.ThirdPersonExampleMap'
[2017.03.06-21.39.15:452][837]LogBlueprintUserMessages: Early EndPlayMap Detection: Level '/Game/ThirdPersonBP/Maps/ThirdPersonExampleMap.ThirdPersonExampleMap:PersistentLevel' has LevelScriptBlueprint '/Game/ThirdPersonBP/Maps/ThirdPersonExampleMap.ThirdPersonExampleMap:PersistentLevel.ThirdPersonExampleMap' with GeneratedClass '/Game/ThirdPersonBP/Maps/ThirdPersonExampleMap.ThirdPersonExampleMap_C' with ClassGeneratedBy '/Game/ThirdPersonBP/Maps/ThirdPersonExampleMap.ThirdPersonExampleMap:PersistentLevel.ThirdPersonExampleMap'
[2017.03.06-21.39.15:493][837]LogBlueprintUserMessages: Late EndPlayMap Detection: Level '/Game/ThirdPersonBP/Maps/ThirdPersonExampleMap.ThirdPersonExampleMap:PersistentLevel' has LevelScriptBlueprint '/Game/ThirdPersonBP/Maps/ThirdPersonExampleMap.ThirdPersonExampleMap:PersistentLevel.ThirdPersonExampleMap' with GeneratedClass '/Game/ThirdPersonBP/Maps/ThirdPersonExampleMap.ThirdPersonExampleMap_C' with ClassGeneratedBy '/Game/ThirdPersonBP/Maps/ThirdPersonExampleMap.ThirdPersonExampleMap:PersistentLevel.ThirdPersonExampleMap'
[2017.03.06-21.39.19:932][310]LogBlueprintUserMessages: Early PlayInEditor Detection: Level '/Game/ThirdPersonBP/Maps/ThirdPersonExampleMap.ThirdPersonExampleMap:PersistentLevel' has LevelScriptBlueprint '/Game/ThirdPersonBP/Maps/ThirdPersonExampleMap.ThirdPersonExampleMap:PersistentLevel.ThirdPersonExampleMap' with GeneratedClass '/Game/ThirdPersonBP/Maps/ThirdPersonExampleMap.ThirdPersonExampleMap_C' with ClassGeneratedBy '/Game/ThirdPersonBP/Maps/ThirdPersonExampleMap.ThirdPersonExampleMap:PersistentLevel.ThirdPersonExampleMap'
[2017.03.06-21.39.19:933][310]LogPlayLevel: PlayLevel: No blueprints needed recompiling
[2017.03.06-21.39.19:933][310]PIE: New page: PIE session: ThirdPersonExampleMap (7 Mar 2017 6:39:19 pm)
[2017.03.06-21.39.19:933][310]LogPlayLevel: Creating play world package: /Game/ThirdPersonBP/Maps/UEDPIE_0_ThirdPersonExampleMap
[2017.03.06-21.39.19:952][310]LogPlayLevel: PIE: StaticDuplicateObject took: (0.019664s)
[2017.03.06-21.39.19:953][310]LogAIModule: Creating AISystem for world ThirdPersonExampleMap
[2017.03.06-21.39.19:954][310]LogPlayLevel: PIE: World Init took: (0.000987s)
[2017.03.06-21.39.19:954][310]LogPlayLevel: PIE: Created PIE world by copying editor world from /Game/ThirdPersonBP/Maps/ThirdPersonExampleMap.ThirdPersonExampleMap to /Game/ThirdPersonBP/Maps/UEDPIE_0_ThirdPersonExampleMap.ThirdPersonExampleMap (0.020949s)
[2017.03.06-21.39.19:969][310]LogInit: XAudio2 using 'Speakers / Headphones (Realtek Audio)' : 2 channels at 48 kHz using 32 bits per sample (channel mask 0x3)
[2017.03.06-21.39.19:979][310]LogInit: FAudioDevice initialized.
[2017.03.06-21.39.20:018][310]LogWorld: Game class is 'ThirdPersonGameMode_C'
[2017.03.06-21.39.20:023][310]LogWorld: Bringing World /Game/ThirdPersonBP/Maps/UEDPIE_0_ThirdPersonExampleMap.ThirdPersonExampleMap up for play (max tick rate 0) at 2017.03.07-08.39.20
[2017.03.06-21.39.20:023][310]LogWorld: Bringing up level for play took: 0.003830
[2017.03.06-21.39.20:024][310]LogGameMode:Display: Match State Changed from EnteringMap to WaitingToStart
[2017.03.06-21.39.20:024][310]LogGameState: Match State Changed from EnteringMap to WaitingToStart
[2017.03.06-21.39.20:024][310]LogGameMode:Display: Match State Changed from WaitingToStart to InProgress
[2017.03.06-21.39.20:025][310]LogGameState: Match State Changed from WaitingToStart to InProgress
[2017.03.06-21.39.20:027][310]PIE: Info Play in editor start time for /Game/ThirdPersonBP/Maps/UEDPIE_0_ThirdPersonExampleMap -0.881
[2017.03.06-21.39.20:027][310]LogBlueprintUserMessages: Late PlayInEditor Detection: Level '/Game/ThirdPersonBP/Maps/ThirdPersonExampleMap.ThirdPersonExampleMap:PersistentLevel' has LevelScriptBlueprint '/Game/ThirdPersonBP/Maps/ThirdPersonExampleMap.ThirdPersonExampleMap:PersistentLevel.ThirdPersonExampleMap' with GeneratedClass '/Game/ThirdPersonBP/Maps/ThirdPersonExampleMap.ThirdPersonExampleMap_C' with ClassGeneratedBy '/Game/ThirdPersonBP/Maps/ThirdPersonExampleMap.ThirdPersonExampleMap:PersistentLevel.ThirdPersonExampleMap'
[2017.03.06-21.39.29:165][298]LogBlueprintUserMessages: Early EndPlayMap Detection: Level '/Game/ThirdPersonBP/Maps/ThirdPersonExampleMap.ThirdPersonExampleMap:PersistentLevel' has LevelScriptBlueprint '/Game/ThirdPersonBP/Maps/ThirdPersonExampleMap.ThirdPersonExampleMap:PersistentLevel.ThirdPersonExampleMap' with GeneratedClass '/Game/ThirdPersonBP/Maps/ThirdPersonExampleMap.ThirdPersonExampleMap_C' with ClassGeneratedBy '/Game/ThirdPersonBP/Maps/ThirdPersonExampleMap.ThirdPersonExampleMap:PersistentLevel.ThirdPersonExampleMap'
[2017.03.06-21.39.29:207][298]LogBlueprintUserMessages: Late EndPlayMap Detection: Level '/Game/ThirdPersonBP/Maps/ThirdPersonExampleMap.ThirdPersonExampleMap:PersistentLevel' has LevelScriptBlueprint '/Game/ThirdPersonBP/Maps/ThirdPersonExampleMap.ThirdPersonExampleMap:PersistentLevel.ThirdPersonExampleMap' with GeneratedClass '/Game/ThirdPersonBP/Maps/ThirdPersonExampleMap.ThirdPersonExampleMap_C' with ClassGeneratedBy '/Game/ThirdPersonBP/Maps/ThirdPersonExampleMap.ThirdPersonExampleMap:PersistentLevel.ThirdPersonExampleMap'
[2017.03.06-21.39.32:039][612]LogBlueprintUserMessages: Early PlayInEditor Detection: Level '/Game/ThirdPersonBP/Maps/ThirdPersonExampleMap.ThirdPersonExampleMap:PersistentLevel' has LevelScriptBlueprint '/Game/ThirdPersonBP/Maps/ThirdPersonExampleMap.ThirdPersonExampleMap:PersistentLevel.ThirdPersonExampleMap' with GeneratedClass '/Game/ThirdPersonBP/Maps/ThirdPersonExampleMap.ThirdPersonExampleMap_C' with ClassGeneratedBy '/Game/ThirdPersonBP/Maps/ThirdPersonExampleMap.ThirdPersonExampleMap:PersistentLevel.ThirdPersonExampleMap'
[2017.03.06-21.39.32:039][612]LogPlayLevel: PlayLevel: No blueprints needed recompiling
[2017.03.06-21.39.32:039][612]PIE: New page: PIE session: ThirdPersonExampleMap (7 Mar 2017 6:39:32 pm)
[2017.03.06-21.39.32:039][612]LogPlayLevel: Creating play world package: /Game/ThirdPersonBP/Maps/UEDPIE_0_ThirdPersonExampleMap
[2017.03.06-21.39.32:057][612]LogPlayLevel: PIE: StaticDuplicateObject took: (0.017754s)
[2017.03.06-21.39.32:058][612]LogAIModule: Creating AISystem for world ThirdPersonExampleMap
[2017.03.06-21.39.32:058][612]LogPlayLevel: PIE: World Init took: (0.001384s)
[2017.03.06-21.39.32:059][612]LogPlayLevel: PIE: Created PIE world by copying editor world from /Game/ThirdPersonBP/Maps/ThirdPersonExampleMap.ThirdPersonExampleMap to /Game/ThirdPersonBP/Maps/UEDPIE_0_ThirdPersonExampleMap.ThirdPersonExampleMap (0.019563s)
[2017.03.06-21.39.32:075][612]LogInit: XAudio2 using 'Speakers / Headphones (Realtek Audio)' : 2 channels at 48 kHz using 32 bits per sample (channel mask 0x3)
[2017.03.06-21.39.32:085][612]LogInit: FAudioDevice initialized.
[2017.03.06-21.39.32:126][612]LogWorld: Game class is 'ThirdPersonGameMode_C'
[2017.03.06-21.39.32:131][612]LogWorld: Bringing World /Game/ThirdPersonBP/Maps/UEDPIE_0_ThirdPersonExampleMap.ThirdPersonExampleMap up for play (max tick rate 0) at 2017.03.07-08.39.32
[2017.03.06-21.39.32:131][612]LogWorld: Bringing up level for play took: 0.003629
[2017.03.06-21.39.32:132][612]LogGameMode:Display: Match State Changed from EnteringMap to WaitingToStart
[2017.03.06-21.39.32:132][612]LogGameState: Match State Changed from EnteringMap to WaitingToStart
[2017.03.06-21.39.32:132][612]LogGameMode:Display: Match State Changed from WaitingToStart to InProgress
[2017.03.06-21.39.32:132][612]LogScriptCore:Warning: Script Msg: Attempted to access index 2 from array WeaponsOwned of length 1!
[2017.03.06-21.39.32:132][612]LogScriptCore:Warning: 
[2017.03.06-21.39.32:133][612]LogGameState: Match State Changed from WaitingToStart to InProgress
[2017.03.06-21.39.32:135][612]PIE: Info Play in editor start time for /Game/ThirdPersonBP/Maps/UEDPIE_0_ThirdPersonExampleMap -0.774
[2017.03.06-21.39.32:135][612]LogBlueprintUserMessages: Late PlayInEditor Detection: Level '/Game/ThirdPersonBP/Maps/ThirdPersonExampleMap.ThirdPersonExampleMap:PersistentLevel' has LevelScriptBlueprint '/Game/ThirdPersonBP/Maps/ThirdPersonExampleMap.ThirdPersonExampleMap:PersistentLevel.ThirdPersonExampleMap' with GeneratedClass '/Game/ThirdPersonBP/Maps/ThirdPersonExampleMap.ThirdPersonExampleMap_C' with ClassGeneratedBy '/Game/ThirdPersonBP/Maps/ThirdPersonExampleMap.ThirdPersonExampleMap:PersistentLevel.ThirdPersonExampleMap'
[2017.03.06-21.39.39:583][351]LogBlueprintUserMessages: Early EndPlayMap Detection: Level '/Game/ThirdPersonBP/Maps/ThirdPersonExampleMap.ThirdPersonExampleMap:PersistentLevel' has LevelScriptBlueprint '/Game/ThirdPersonBP/Maps/ThirdPersonExampleMap.ThirdPersonExampleMap:PersistentLevel.ThirdPersonExampleMap' with GeneratedClass '/Game/ThirdPersonBP/Maps/ThirdPersonExampleMap.ThirdPersonExampleMap_C' with ClassGeneratedBy '/Game/ThirdPersonBP/Maps/ThirdPersonExampleMap.ThirdPersonExampleMap:PersistentLevel.ThirdPersonExampleMap'
[2017.03.06-21.39.39:628][351]LogBlueprintUserMessages: Late EndPlayMap Detection: Level '/Game/ThirdPersonBP/Maps/ThirdPersonExampleMap.ThirdPersonExampleMap:PersistentLevel' has LevelScriptBlueprint '/Game/ThirdPersonBP/Maps/ThirdPersonExampleMap.ThirdPersonExampleMap:PersistentLevel.ThirdPersonExampleMap' with GeneratedClass '/Game/ThirdPersonBP/Maps/ThirdPersonExampleMap.ThirdPersonExampleMap_C' with ClassGeneratedBy '/Game/ThirdPersonBP/Maps/ThirdPersonExampleMap.ThirdPersonExampleMap:PersistentLevel.ThirdPersonExampleMap'
[2017.03.06-21.42.43:297][210]LogSavePackage: Save=342.65ms
[2017.03.06-21.42.43:297][210]LogSavePackage: Moving '../../../../../../Users/webbj/Documents/Unreal Projects/SavingInventory3/Saved/ThirdPersonExampleMap_Auto2DF2179794C30627B6F60D5BE89374F75.tmp' to '../../../../../../Users/webbj/Documents/Unreal Projects/SavingInventory3/Saved/Autosaves/Game/ThirdPersonBP/Maps/ThirdPersonExampleMap_Auto2.umap'
[2017.03.06-21.42.43:300][210]LogSavePackage:Display: Finished SavePackage ../../../../../../Users/webbj/Documents/Unreal Projects/SavingInventory3/Saved/Autosaves/Game/ThirdPersonBP/Maps/ThirdPersonExampleMap_Auto2.umap
[2017.03.06-21.42.43:301][210]LogFileHelpers: Editor autosave (incl. sublevels) for '/Game/ThirdPersonBP/Maps/ThirdPersonExampleMap' took 0.389
[2017.03.06-21.42.43:301][210]LogFileHelpers: Editor autosave (incl. sublevels) for all levels took 0.389
[2017.03.06-21.42.43:303][210]OBJ SavePackage: Generating thumbnails for [0] asset(s) in package [/Game/HUDs/InventoryHUD] ([1] browsable assets)...
[2017.03.06-21.42.43:303][210]OBJ SavePackage: Finished generating thumbnails for package [/Game/HUDs/InventoryHUD]
[2017.03.06-21.42.43:329][210]LogSavePackage: Save=19.36ms
[2017.03.06-21.42.43:329][210]LogSavePackage: Moving '../../../../../../Users/webbj/Documents/Unreal Projects/SavingInventory3/Saved/InventoryHUD_Auto2F21C92754EDFBFAB4B3B9B9DE09DA0C4.tmp' to '../../../../../../Users/webbj/Documents/Unreal Projects/SavingInventory3/Saved/Autosaves/Game/HUDs/InventoryHUD_Auto2.uasset'
[2017.03.06-21.42.43:330][210]LogSavePackage:Display: Finished SavePackage ../../../../../../Users/webbj/D