Log file open, 02/28/17 12:54:41
LogInit:Display: Running engine for game: InventoryAndSave
LogPlatformFile: Not using cached read wrapper
LogInit:Display: RandInit(272070404) SRandInit(272070404).
LogTaskGraph: Started task graph with 5 named threads and 8 total threads with 1 sets of task threads.
LogStats: Stats thread started at 0.080812
LogPluginManager: Loaded Plugin Paper2D, From C:/Program Files/Epic Games/UE_4.13/Engine/Plugins/2D/Paper2D/Paper2D.uplugin
LogPluginManager: Loaded Plugin LightPropagationVolume, From C:/Program Files/Epic Games/UE_4.13/Engine/Plugins/Blendables/LightPropagationVolume/LightPropagationVolume.uplugin
LogPluginManager: Loaded Plugin BlankPlugin, From C:/Program Files/Epic Games/UE_4.13/Engine/Plugins/Developer/BlankPlugin/BlankPlugin.uplugin
LogPluginManager: Loaded Plugin CodeLiteSourceCodeAccess, From C:/Program Files/Epic Games/UE_4.13/Engine/Plugins/Developer/CodeLiteSourceCodeAccess/CodeLiteSourceCodeAccess.uplugin
LogPluginManager: Loaded Plugin GitSourceControl, From C:/Program Files/Epic Games/UE_4.13/Engine/Plugins/Developer/GitSourceControl/GitSourceControl.uplugin
LogPluginManager: Loaded Plugin KDevelopSourceCodeAccess, From C:/Program Files/Epic Games/UE_4.13/Engine/Plugins/Developer/KDevelopSourceCodeAccess/KDevelopSourceCodeAccess.uplugin
LogPluginManager: Loaded Plugin NullSourceCodeAccess, From C:/Program Files/Epic Games/UE_4.13/Engine/Plugins/Developer/NullSourceCodeAccess/NullSourceCodeAccess.uplugin
LogPluginManager: Loaded Plugin OneSkyLocalizationService, From C:/Program Files/Epic Games/UE_4.13/Engine/Plugins/Developer/OneSkyLocalizationService/OneSkyLocalizationService.uplugin
LogPluginManager: Loaded Plugin PerforceSourceControl, From C:/Program Files/Epic Games/UE_4.13/Engine/Plugins/Developer/PerforceSourceControl/PerforceSourceControl.uplugin
LogPluginManager: Loaded Plugin SubversionSourceControl, From C:/Program Files/Epic Games/UE_4.13/Engine/Plugins/Developer/SubversionSourceControl/SubversionSourceControl.uplugin
LogPluginManager: Loaded Plugin UObjectPlugin, From C:/Program Files/Epic Games/UE_4.13/Engine/Plugins/Developer/UObjectPlugin/UObjectPlugin.uplugin
LogPluginManager: Loaded Plugin VisualStudioSourceCodeAccess, From C:/Program Files/Epic Games/UE_4.13/Engine/Plugins/Developer/VisualStudioSourceCodeAccess/VisualStudioSourceCodeAccess.uplugin
LogPluginManager: Loaded Plugin XCodeSourceCodeAccess, From C:/Program Files/Epic Games/UE_4.13/Engine/Plugins/Developer/XCodeSourceCodeAccess/XCodeSourceCodeAccess.uplugin
LogPluginManager: Loaded Plugin EpicSurvey, From C:/Program Files/Epic Games/UE_4.13/Engine/Plugins/Editor/EpicSurvey/EpicSurvey.uplugin
LogPluginManager: Loaded Plugin MacGraphicsSwitching, From C:/Program Files/Epic Games/UE_4.13/Engine/Plugins/Editor/MacGraphicsSwitching/MacGraphicsSwitching.uplugin
LogPluginManager: Loaded Plugin MobileLauncherProfileWizard, From C:/Program Files/Epic Games/UE_4.13/Engine/Plugins/Editor/MobileLauncherProfileWizard/MobileLauncherProfileWizard.uplugin
LogPluginManager: Loaded Plugin PluginBrowser, From C:/Program Files/Epic Games/UE_4.13/Engine/Plugins/Editor/PluginBrowser/PluginBrowser.uplugin
LogPluginManager: Loaded Plugin SpeedTreeImporter, From C:/Program Files/Epic Games/UE_4.13/Engine/Plugins/Editor/SpeedTreeImporter/SpeedTreeImporter.uplugin
LogPluginManager: Loaded Plugin SuperSearchEditor, From C:/Program Files/Epic Games/UE_4.13/Engine/Plugins/Editor/SuperSearchEditor/SuperSearchEditor.uplugin
LogPluginManager: Loaded Plugin AlembicImporter, From C:/Program Files/Epic Games/UE_4.13/Engine/Plugins/Experimental/AlembicImporter/AlembicImporter.uplugin
LogPluginManager: Loaded Plugin BlueprintStats, From C:/Program Files/Epic Games/UE_4.13/Engine/Plugins/Experimental/BlueprintStats/BlueprintStats.uplugin
LogPluginManager: Loaded Plugin CharacterAI, From C:/Program Files/Epic Games/UE_4.13/Engine/Plugins/Experimental/CharacterAI/CharacterAI.uplugin
LogPluginManager: Loaded Plugin CodeEditor, From C:/Program Files/Epic Games/UE_4.13/Engine/Plugins/Experimental/CodeEditor/CodeEditor.uplugin
LogPluginManager: Loaded Plugin CodeView, From C:/Program Files/Epic Games/UE_4.13/Engine/Plugins/Experimental/CodeView/CodeView.uplugin
LogPluginManager: Loaded Plugin HTML5Networking, From C:/Program Files/Epic Games/UE_4.13/Engine/Plugins/Experimental/HTML5Networking/HTML5Networking.uplugin
LogPluginManager: Loaded Plugin LiveEditor, From C:/Program Files/Epic Games/UE_4.13/Engine/Plugins/Experimental/LiveEditor/LiveEditor.uplugin
LogPluginManager: Loaded Plugin OSVR, From C:/Program Files/Epic Games/UE_4.13/Engine/Plugins/Experimental/OSVR/OSVR.uplugin
LogPluginManager: Loaded Plugin Phya, From C:/Program Files/Epic Games/UE_4.13/Engine/Plugins/Experimental/Phya/Phya.uplugin
LogPluginManager: Loaded Plugin SignificanceManager, From C:/Program Files/Epic Games/UE_4.13/Engine/Plugins/Experimental/SignificanceManager/SignificanceManager.uplugin
LogPluginManager: Loaded Plugin SimpleHMD, From C:/Program Files/Epic Games/UE_4.13/Engine/Plugins/Experimental/SimpleHMD/SimpleHMD.uplugin
LogPluginManager: Loaded Plugin StereoPanorama, From C:/Program Files/Epic Games/UE_4.13/Engine/Plugins/Experimental/StereoPanorama/StereoPanorama.uplugin
LogPluginManager: Loaded Plugin StructBox, From C:/Program Files/Epic Games/UE_4.13/Engine/Plugins/Experimental/StructBox/StructBox.uplugin
LogPluginManager: Loaded Plugin AndroidMedia, From C:/Program Files/Epic Games/UE_4.13/Engine/Plugins/Media/AndroidMedia/AndroidMedia.uplugin
LogPluginManager: Loaded Plugin AvfMedia, From C:/Program Files/Epic Games/UE_4.13/Engine/Plugins/Media/AvfMedia/AvfMedia.uplugin
LogPluginManager: Loaded Plugin MediaPlayerEditor, From C:/Program Files/Epic Games/UE_4.13/Engine/Plugins/Media/MediaPlayerEditor/MediaPlayerEditor.uplugin
LogPluginManager: Loaded Plugin WmfMedia, From C:/Program Files/Epic Games/UE_4.13/Engine/Plugins/Media/WmfMedia/WmfMedia.uplugin
LogPluginManager: Loaded Plugin MessagingDebugger, From C:/Program Files/Epic Games/UE_4.13/Engine/Plugins/Messaging/MessagingDebugger/MessagingDebugger.uplugin
LogPluginManager: Loaded Plugin TcpMessaging, From C:/Program Files/Epic Games/UE_4.13/Engine/Plugins/Messaging/TcpMessaging/TcpMessaging.uplugin
LogPluginManager: Loaded Plugin UdpMessaging, From C:/Program Files/Epic Games/UE_4.13/Engine/Plugins/Messaging/UdpMessaging/UdpMessaging.uplugin
LogPluginManager: Loaded Plugin LevelSequenceEditor, From C:/Program Files/Epic Games/UE_4.13/Engine/Plugins/MovieScene/LevelSequenceEditor/LevelSequenceEditor.uplugin
LogPluginManager: Loaded Plugin MatineeToLevelSequence, From C:/Program Files/Epic Games/UE_4.13/Engine/Plugins/MovieScene/MatineeToLevelSequence/MatineeToLevelSequence.uplugin
LogPluginManager: Loaded Plugin NetcodeUnitTest, From C:/Program Files/Epic Games/UE_4.13/Engine/Plugins/NetcodeUnitTest/NetcodeUnitTest/NetcodeUnitTest.uplugin
LogPluginManager: Loaded Plugin NUTUnrealEngine4, From C:/Program Files/Epic Games/UE_4.13/Engine/Plugins/NetcodeUnitTest/NUTUnrealEngine4/NUTUnrealEngine4.uplugin
LogPluginManager: Loaded Plugin OnlineSubsystemGooglePlay, From C:/Program Files/Epic Games/UE_4.13/Engine/Plugins/Online/Android/OnlineSubsystemGooglePlay/OnlineSubsystemGooglePlay.uplugin
LogPluginManager: Loaded Plugin OnlineSubsystemIOS, From C:/Program Files/Epic Games/UE_4.13/Engine/Plugins/Online/IOS/OnlineSubsystemIOS/OnlineSubsystemIOS.uplugin
LogPluginManager: Loaded Plugin OnlineFramework, From C:/Program Files/Epic Games/UE_4.13/Engine/Plugins/Online/OnlineFramework/OnlineFramework.uplugin
LogPluginManager: Loaded Plugin OnlineSubsystem, From C:/Program Files/Epic Games/UE_4.13/Engine/Plugins/Online/OnlineSubsystem/OnlineSubsystem.uplugin
LogPluginManager: Loaded Plugin OnlineSubsystemAmazon, From C:/Program Files/Epic Games/UE_4.13/Engine/Plugins/Online/OnlineSubsystemAmazon/OnlineSubsystemAmazon.uplugin
LogPluginManager: Loaded Plugin OnlineSubsystemFacebook, From C:/Program Files/Epic Games/UE_4.13/Engine/Plugins/Online/OnlineSubsystemFacebook/OnlineSubsystemFacebook.uplugin
LogPluginManager: Loaded Plugin OnlineSubsystemNull, From C:/Program Files/Epic Games/UE_4.13/Engine/Plugins/Online/OnlineSubsystemNull/OnlineSubsystemNull.uplugin
LogPluginManager: Loaded Plugin OnlineSubsystemOculus, From C:/Program Files/Epic Games/UE_4.13/Engine/Plugins/Online/OnlineSubsystemOculus/OnlineSubsystemOculus.uplugin
LogPluginManager: Loaded Plugin OnlineSubsystemSteam, From C:/Program Files/Epic Games/UE_4.13/Engine/Plugins/Online/OnlineSubsystemSteam/OnlineSubsystemSteam.uplugin
LogPluginManager: Loaded Plugin OnlineSubsystemUtils, From C:/Program Files/Epic Games/UE_4.13/Engine/Plugins/Online/OnlineSubsystemUtils/OnlineSubsystemUtils.uplugin
LogPluginManager: Loaded Plugin IOSTapJoy, From C:/Program Files/Epic Games/UE_4.13/Engine/Plugins/Runtime/Advertising/IOSTapJoy/IOSTapJoy.uplugin
LogPluginManager: Loaded Plugin AnalyticsBlueprintLibrary, From C:/Program Files/Epic Games/UE_4.13/Engine/Plugins/Runtime/Analytics/AnalyticsBlueprintLibrary/AnalyticsBlueprintLibrary.uplugin
LogPluginManager: Loaded Plugin AnalyticsMulticast, From C:/Program Files/Epic Games/UE_4.13/Engine/Plugins/Runtime/Analytics/AnalyticsMulticast/AnalyticsMulticast.uplugin
LogPluginManager: Loaded Plugin Apsalar, From C:/Program Files/Epic Games/UE_4.13/Engine/Plugins/Runtime/Analytics/Apsalar/Apsalar.uplugin
LogPluginManager: Loaded Plugin FileLogging, From C:/Program Files/Epic Games/UE_4.13/Engine/Plugins/Runtime/Analytics/FileLogging/FileLogging.uplugin
LogPluginManager: Loaded Plugin Flurry, From C:/Program Files/Epic Games/UE_4.13/Engine/Plugins/Runtime/Analytics/Flurry/Flurry.uplugin
LogPluginManager: Loaded Plugin AndroidDeviceProfileSelector, From C:/Program Files/Epic Games/UE_4.13/Engine/Plugins/Runtime/AndroidDeviceProfileSelector/AndroidDeviceProfileSelector.uplugin
LogPluginManager: Loaded Plugin AndroidMoviePlayer, From C:/Program Files/Epic Games/UE_4.13/Engine/Plugins/Runtime/AndroidMoviePlayer/AndroidMoviePlayer.uplugin
LogPluginManager: Loaded Plugin AppleMoviePlayer, From C:/Program Files/Epic Games/UE_4.13/Engine/Plugins/Runtime/AppleMoviePlayer/AppleMoviePlayer.uplugin
LogPluginManager: Loaded Plugin ArchVisCharacter, From C:/Program Files/Epic Games/UE_4.13/Engine/Plugins/Runtime/ArchVisCharacter/ArchVisCharacter.uplugin
LogPluginManager: Loaded Plugin CableComponent, From C:/Program Files/Epic Games/UE_4.13/Engine/Plugins/Runtime/CableComponent/CableComponent.uplugin
LogPluginManager: Loaded Plugin CustomMeshComponent, From C:/Program Files/Epic Games/UE_4.13/Engine/Plugins/Runtime/CustomMeshComponent/CustomMeshComponent.uplugin
LogPluginManager: Loaded Plugin ExampleDeviceProfileSelector, From C:/Program Files/Epic Games/UE_4.13/Engine/Plugins/Runtime/ExampleDeviceProfileSelector/ExampleDeviceProfileSelector.uplugin
LogPluginManager: Loaded Plugin GearVR, From C:/Program Files/Epic Games/UE_4.13/Engine/Plugins/Runtime/GearVR/GearVR.uplugin
LogPluginManager: Loaded Plugin GoogleVRController, From C:/Program Files/Epic Games/UE_4.13/Engine/Plugins/Runtime/GoogleVR/GoogleVRController/GoogleVRController.uplugin
LogPluginManager: Loaded Plugin GoogleVRHMD, From C:/Program Files/Epic Games/UE_4.13/Engine/Plugins/Runtime/GoogleVR/GoogleVRHMD/GoogleVRHMD.uplugin
LogPluginManager: Loaded Plugin IOSDeviceProfileSelector, From C:/Program Files/Epic Games/UE_4.13/Engine/Plugins/Runtime/IOSDeviceProfileSelector/IOSDeviceProfileSelector.uplugin
LogPluginManager: Loaded Plugin LeapMotion, From C:/Program Files/Epic Games/UE_4.13/Engine/Plugins/Runtime/LeapMotion/LeapMotion.uplugin
LogPluginManager: Loaded Plugin LinuxDeviceProfileSelector, From C:/Program Files/Epic Games/UE_4.13/Engine/Plugins/Runtime/LinuxDeviceProfileSelector/LinuxDeviceProfileSelector.uplugin
LogPluginManager: Loaded Plugin LiveEditorListenServer, From C:/Program Files/Epic Games/UE_4.13/Engine/Plugins/Runtime/LiveEditorListenServer/LiveEditorListenServer.uplugin
LogPluginManager: Loaded Plugin OculusAudio, From C:/Program Files/Epic Games/UE_4.13/Engine/Plugins/Runtime/OculusAudio/OculusAudio.uplugin
LogPluginManager: Loaded Plugin OculusInput, From C:/Program Files/Epic Games/UE_4.13/Engine/Plugins/Runtime/OculusInput/OculusInput.uplugin
LogPluginManager: Loaded Plugin OculusLibrary, From C:/Program Files/Epic Games/UE_4.13/Engine/Plugins/Runtime/OculusLibrary/OculusLibrary.uplugin
LogPluginManager: Loaded Plugin OculusRift, From C:/Program Files/Epic Games/UE_4.13/Engine/Plugins/Runtime/OculusRift/OculusRift.uplugin
LogPluginManager: Loaded Plugin Oodle, From C:/Program Files/Epic Games/UE_4.13/Engine/Plugins/Runtime/PacketHandlers/CompressionComponents/Oodle/Oodle.uplugin
LogPluginManager: Loaded Plugin ProceduralMeshComponent, From C:/Program Files/Epic Games/UE_4.13/Engine/Plugins/Runtime/ProceduralMeshComponent/ProceduralMeshComponent.uplugin
LogPluginManager: Loaded Plugin SoundMod, From C:/Program Files/Epic Games/UE_4.13/Engine/Plugins/Runtime/SoundMod/SoundMod.uplugin
LogPluginManager: Loaded Plugin SoundVisualizations, From C:/Program Files/Epic Games/UE_4.13/Engine/Plugins/Runtime/SoundVisualizations/SoundVisualizations.uplugin
LogPluginManager: Loaded Plugin SteamController, From C:/Program Files/Epic Games/UE_4.13/Engine/Plugins/Runtime/Steam/SteamController/SteamController.uplugin
LogPluginManager: Loaded Plugin SteamVR, From C:/Program Files/Epic Games/UE_4.13/Engine/Plugins/Runtime/Steam/SteamVR/SteamVR.uplugin
LogPluginManager: Loaded Plugin WebBrowserWidget, From C:/Program Files/Epic Games/UE_4.13/Engine/Plugins/Runtime/WebBrowserWidget/WebBrowserWidget.uplugin
LogPluginManager: Loaded Plugin WindowsDeviceProfileSelector, From C:/Program Files/Epic Games/UE_4.13/Engine/Plugins/Runtime/WindowsDeviceProfileSelector/WindowsDeviceProfileSelector.uplugin
LogPluginManager: Loaded Plugin WindowsMoviePlayer, From C:/Program Files/Epic Games/UE_4.13/Engine/Plugins/Runtime/WindowsMoviePlayer/WindowsMoviePlayer.uplugin
LogPluginManager: Loaded Plugin ScriptPlugin, From C:/Program Files/Epic Games/UE_4.13/Engine/Plugins/ScriptPlugin/ScriptPlugin.uplugin
LogPluginManager: Loaded Plugin SlateRemote, From C:/Program Files/Epic Games/UE_4.13/Engine/Plugins/Slate/SlateRemote/SlateRemote.uplugin
LogInit: Using libcurl 7.47.1
LogInit:  - built for x86_64-pc-win32
LogInit:  - supports SSL with WinSSL
LogInit:  - other features:
LogInit:      CURL_VERSION_SSL
LogInit:      CURL_VERSION_IPV6
LogInit:      CURL_VERSION_ASYNCHDNS
LogInit:      CURL_VERSION_LARGEFILE
LogInit:      CURL_VERSION_IDN
LogInit:  CurlRequestOptions (configurable via config and command line):
LogInit:  - bVerifyPeer = false  - Libcurl will NOT verify peer certificate
LogInit:  - bUseHttpProxy = false  - Libcurl will NOT use HTTP proxy
LogInit:  - bDontReuseConnections = false  - Libcurl will reuse connections
LogInit:  - CertBundlePath = nullptr  - Libcurl will use whatever was configured at build time.
LogInit: Build: ++UE4+Release-4.13-CL-3172292
LogInit: Engine Version: 4.13.2-3172292+++UE4+Release-4.13
LogInit: Compatible Engine Version: 4.13.0-3106830+++UE4+Release-4.13
LogInit: Net CL: 3172292
LogDevObjectVersion: Number of dev versions registered: 13
LogDevObjectVersion:   Dev-Blueprints (B0D832E4-1F89-4F0D-ACCF-7EB736FD4AA2): 5
LogDevObjectVersion:   Dev-Build (E1C64328-A22C-4D53-A36C-8E866417BD8C): 0
LogDevObjectVersion:   Dev-Core (375EC13C-06E4-48FB-B500-84F0262A717E): 1
LogDevObjectVersion:   Dev-Editor (E4B068ED-F494-42E9-A231-DA0B2E46BB41): 6
LogDevObjectVersion:   Dev-Framework (CFFC743F-43B0-4480-9391-14DF171D2073): 12
LogDevObjectVersion:   Dev-Mobile (B02B49B5-BB20-44E9-A304-32B752E40360): 0
LogDevObjectVersion:   Dev-Networking (A4E4105C-59A1-49B5-A7C5-40C4547EDFEE): 0
LogDevObjectVersion:   Dev-Online (39C831C9-5AE6-47DC-9A44-9C173E1C8E7C): 0
LogDevObjectVersion:   Dev-Physics (78F01B33-EBEA-4F98-B9B4-84EACCB95AA2): 0
LogDevObjectVersion:   Dev-Platform (6631380F-2D4D-43E0-8009-CF276956A95A): 0
LogDevObjectVersion:   Dev-Rendering (12F88B9F-8875-4AFC-A67C-D90C383ABD29): 4
LogDevObjectVersion:   Dev-Sequencer (7B5AE74C-D270-4C10-A958-57980B212A5A): 0
LogDevObjectVersion:   Dev-VR (D7296918-1DD6-4BDD-9DE2-64A83CC13884): 0
LogInit: Compiled (64-bit): Oct 24 2016 14:29:06
LogInit: Compiled with Visual C++: 19.00.23026.00
LogInit: Build Configuration: Development
LogInit: Branch Name: ++UE4+Release-4.13
LogInit: Command line: 
LogInit: Base directory: C:/Program Files/Epic Games/UE_4.13/Engine/Binaries/Win64/
LogInit: Installed Engine Build: 1
LogInit: Presizing for max 8388607 objects, including 0 objects not considered by GC, pre-allocating 0 bytes for permanent pool.
LogInit: Object subsystem initialized
[2017.02.28-01.54.41:793][  0]LogInit: Selected Device Profile: [Windows]
[2017.02.28-01.54.41:793][  0]LogInit: Applying CVar settings loaded from the selected device profile: [Windows]
[2017.02.28-01.54.41:799][  0]LogInit: Computer: DL2TF42
[2017.02.28-01.54.41:799][  0]LogInit: User: L201428515
[2017.02.28-01.54.41:799][  0]LogInit: CPU Page size=65536, Cores=4
[2017.02.28-01.54.41:799][  0]LogInit: High frequency timer resolution =3.515642 MHz
[2017.02.28-01.54.41:800][  0]LogMemory: Memory total: Physical=15.9GB (16GB approx)
[2017.02.28-01.54.41:800][  0]LogMemory: Platform Memory Stats for Windows
[2017.02.28-01.54.41:800][  0]LogMemory: Process Physical Memory: 256.05 MB used, 256.05 MB peak
[2017.02.28-01.54.41:800][  0]LogMemory: Process Virtual Memory: 259.99 MB used, 259.99 MB peak
[2017.02.28-01.54.41:800][  0]LogMemory: Physical Memory: 5150.34 MB used, 16298.84 MB total
[2017.02.28-01.54.41:800][  0]LogMemory: Virtual Memory: 622.95 MB used, 134217728.00 MB total
[2017.02.28-01.54.41:819][  0]LogTextLocalizationManager: No specific translations for ('en-AU') exist, so ('en') translations will be used.
[2017.02.28-01.54.42:290][  0]LogD3D11RHI: D3D11 adapters:
[2017.02.28-01.54.42:300][  0]LogD3D11RHI:    0. 'AMD Radeon(TM) R9 270' (Feature Level 11_0)
[2017.02.28-01.54.42:300][  0]LogD3D11RHI:       2030/0/8149 MB DedicatedVideo/DedicatedSystem/SharedSystem, Outputs:1, VendorId:0x1002
[2017.02.28-01.54.42:305][  0]LogD3D11RHI:    1. 'Intel(R) HD Graphics 4600' (Feature Level 11_0)
[2017.02.28-01.54.42:305][  0]LogD3D11RHI:       112/0/2048 MB DedicatedVideo/DedicatedSystem/SharedSystem, Outputs:0, VendorId:0x8086
[2017.02.28-01.54.42:306][  0]LogD3D11RHI:    2. 'Microsoft Basic Render Driver' (Feature Level 11_0)
[2017.02.28-01.54.42:306][  0]LogD3D11RHI:       0/0/8149 MB DedicatedVideo/DedicatedSystem/SharedSystem, Outputs:0, VendorId:0x1414
[2017.02.28-01.54.42:306][  0]LogD3D11RHI: Chosen D3D11 Adapter: 0
[2017.02.28-01.54.42:309][  0]LogD3D11RHI: Creating new Direct3DDevice
[2017.02.28-01.54.42:309][  0]LogD3D11RHI:     GPU DeviceId: 0x6811 (for the marketing name, search the web for "GPU Device Id")
[2017.02.28-01.54.42:309][  0]LogWindows: EnumDisplayDevices:
[2017.02.28-01.54.42:309][  0]LogWindows:    0. 'AMD Radeon(TM) R9 270' (P:1 D:1)
[2017.02.28-01.54.42:309][  0]LogWindows:    1. 'AMD Radeon(TM) R9 270' (P:0 D:0)
[2017.02.28-01.54.42:310][  0]LogWindows:    2. 'AMD Radeon(TM) R9 270' (P:0 D:0)
[2017.02.28-01.54.42:310][  0]LogWindows:    3. 'AMD Radeon(TM) R9 270' (P:0 D:0)
[2017.02.28-01.54.42:310][  0]LogWindows:    4. 'AMD Radeon(TM) R9 270' (P:0 D:0)
[2017.02.28-01.54.42:310][  0]LogWindows:    5. 'AMD Radeon(TM) R9 270' (P:0 D:0)
[2017.02.28-01.54.42:310][  0]LogWindows:    6. 'Intel(R) HD Graphics 4600' (P:0 D:0)
[2017.02.28-01.54.42:310][  0]LogWindows:    7. 'Intel(R) HD Graphics 4600' (P:0 D:0)
[2017.02.28-01.54.42:311][  0]LogWindows:    8. 'Intel(R) HD Graphics 4600' (P:0 D:0)
[2017.02.28-01.54.42:311][  0]LogWindows: DebugString: PrimaryIsNotTheChoosenAdapter PrimaryIsNotTheChoosenAdapter PrimaryIsNotTheChoosenAdapter FoundDriverCount:6 
[2017.02.28-01.54.42:311][  0]LogD3D11RHI:     Adapter Name: AMD Radeon(TM) R9 270
[2017.02.28-01.54.42:311][  0]LogD3D11RHI:   Driver Version: Crimson 15.11 (internal:15.301.1701.0, unified:15.301.1701.0)
[2017.02.28-01.54.42:311][  0]LogD3D11RHI:      Driver Date: 1-13-2016
[2017.02.28-01.54.42:311][  0]LogRHI: Texture pool is 1361 MB (70% of 1945 MB)
[2017.02.28-01.54.42:317][  0]LogD3D11RHI: Async texture creation enabled
[2017.02.28-01.54.42:326][  0]LogD3D11RHI: GPU Timing Frequency: 27.000000 (Debug: 2 1)
[2017.02.28-01.54.42:327][  0]LogShaderCompilers: Guid format shader working directory is -29 characters bigger than the processId version (../../../../../../Users/l201428515/Documents/Unreal Projects/InventoryAndSave/Intermediate/Shaders/WorkingDirectory/11556/).
[2017.02.28-01.54.42:327][  0]LogShaderCompilers: Cleaned the shader compiler working directory 'C:/Users/L20142~1/AppData/Local/Temp/UnrealShaderWorkingDir/47FF086B46676378800FF0936A008B16/'.
[2017.02.28-01.54.42:327][  0]LogShaderCompilers:Display: Using Local Shader Compiler.
[2017.02.28-01.54.43:165][  0]LogTemp:Display: Loaded TP AllDesktopTargetPlatform
[2017.02.28-01.54.43:172][  0]LogTemp:Display: Loaded TP WindowsClientTargetPlatform
[2017.02.28-01.54.43:179][  0]LogTemp:Display: Loaded TP WindowsNoEditorTargetPlatform
[2017.02.28-01.54.43:186][  0]LogTemp:Display: Loaded TP WindowsServerTargetPlatform
[2017.02.28-01.54.43:193][  0]LogTemp:Display: Loaded TP WindowsTargetPlatform
[2017.02.28-01.54.43:199][  0]LogTemp:Display: Loaded TP AndroidTargetPlatform
[2017.02.28-01.54.43:205][  0]LogTemp:Display: Loaded TP Android_ASTCTargetPlatform
[2017.02.28-01.54.43:210][  0]LogTemp:Display: Loaded TP Android_ATCTargetPlatform
[2017.02.28-01.54.43:216][  0]LogTemp:Display: Loaded TP Android_DXTTargetPlatform
[2017.02.28-01.54.43:221][  0]LogTemp:Display: Loaded TP Android_ETC1TargetPlatform
[2017.02.28-01.54.43:227][  0]LogTemp:Display: Loaded TP Android_ETC2TargetPlatform
[2017.02.28-01.54.43:238][  0]LogTemp:Display: Loaded TP Android_MultiTargetPlatform
[2017.02.28-01.54.43:238][  0]LogTemp:Display: Loaded TP Android_PVRTCTargetPlatform
[2017.02.28-01.54.43:239][  0]LogTemp:Display: Loaded TP HTML5TargetPlatform
[2017.02.28-01.54.43:258][  0]LogTemp:Display: Loaded TP IOSTargetPlatform
[2017.02.28-01.54.43:264][  0]LogTemp:Display: Loaded TP TVOSTargetPlatform
[2017.02.28-01.54.43:269][  0]LogTemp:Display: Loaded TP LinuxClientTargetPlatform
[2017.02.28-01.54.43:275][  0]LogTemp:Display: Loaded TP LinuxNoEditorTargetPlatform
[2017.02.28-01.54.43:280][  0]LogTemp:Display: Loaded TP LinuxServerTargetPlatform
[2017.02.28-01.54.43:286][  0]LogTemp:Display: Loaded TP LinuxTargetPlatform
[2017.02.28-01.54.43:286][  0]LogTargetPlatformManager:Display: Building Assets For Windows
[2017.02.28-01.54.43:347][  0]LogDerivedDataCache:Display: Max Cache Size: 512 MB
[2017.02.28-01.54.43:404][  0]LogDerivedDataCache: Loaded boot cache 0.06s 62MB C:/Users/l201428515/AppData/Local/UnrealEngine/4.13/DerivedDataCache/Boot.ddc.
[2017.02.28-01.54.43:404][  0]LogDerivedDataCache:Display: Loaded Boot cache: C:/Users/l201428515/AppData/Local/UnrealEngine/4.13/DerivedDataCache/Boot.ddc
[2017.02.28-01.54.43:404][  0]LogDerivedDataCache: FDerivedDataBackendGraph:  Pak pak cache file ../../../../../../Users/l201428515/Documents/Unreal Projects/InventoryAndSave/DerivedDataCache/DDC.ddp not found, will not use a pak cache.
[2017.02.28-01.54.43:404][  0]LogDerivedDataCache: Unable to find inner node Pak for hierarchical cache Hierarchy.
[2017.02.28-01.54.43:404][  0]LogDerivedDataCache: FDerivedDataBackendGraph:  CompressedPak pak cache file ../../../../../../Users/l201428515/Documents/Unreal Projects/InventoryAndSave/DerivedDataCache/Compressed.ddp not found, will not use a pak cache.
[2017.02.28-01.54.43:404][  0]LogDerivedDataCache: Unable to find inner node CompressedPak for hierarchical cache Hierarchy.
[2017.02.28-01.54.43:418][  0]LogDerivedDataCache:Display: Pak cache opened for reading ../../../Engine/DerivedDataCache/Compressed.ddp.
[2017.02.28-01.54.43:430][  0]LogDerivedDataCache: Using Local data cache path C:/Users/l201428515/AppData/Local/UnrealEngine/Common/DerivedDataCache: Writable
[2017.02.28-01.54.43:593][  0]LogInit: Selected Device Profile: [Windows]
[2017.02.28-01.54.43:595][  0]LogContentStreaming: Texture pool size is 0.00 MB
[2017.02.28-01.54.43:671][  0]LogMeshUtilities: No automatic mesh reduction module available
[2017.02.28-01.54.43:671][  0]LogMeshUtilities: No automatic mesh merging module available
[2017.02.28-01.54.43:671][  0]LogMeshUtilities: No distributed automatic mesh merging module available
[2017.02.28-01.54.43:723][  0]LogMaterial: Uniform references updated for custom material expression Custom.
[2017.02.28-01.54.43:973][  0]LogNetVersion: GetLocalNetworkVersion: CL: 3106830, ProjectName: inventoryandsave, ProjectVersion: , EngineNetworkVersion: 1, GameNetworkVersion: 0, NetworkChecksum: 953295403
[2017.02.28-01.54.44:007][  0]LogAssetRegistry: FAssetRegistry took 0.0215 seconds to start up
[2017.02.28-01.54.44:030][  0]LogPackageLocalizationCache: Processed 3 localized package path(s) for 2 prioritized culture(s) in 0.020505 seconds
[2017.02.28-01.54.44:034][  0]LogUObjectArray: 29778 objects as part of root set at end of initial load.
[2017.02.28-01.54.44:034][  0]LogUObjectAllocator: 6125448 out of 0 bytes used by permanent object pool.
[2017.02.28-01.54.44:034][  0]LogUObjectArray: CloseDisregardForGC: 0/0 objects in disregard for GC pool
[2017.02.28-01.54.44:040][  0]LogInit: WinSock: version 1.1 (2.2), MaxSocks=32767, MaxUdp=65467
[2017.02.28-01.54.44:200][  0]LogSlate: SlateFontCache - WITH_FREETYPE: 1, WITH_HARFBUZZ: 1
[2017.02.28-01.54.44:200][  0]LogSlate: SlateFontCache - WITH_FREETYPE: 1, WITH_HARFBUZZ: 1
[2017.02.28-01.54.44:731][  0]LogTcpMessaging: Initializing TcpMessaging bridge
[2017.02.28-01.54.44:763][  0]LogUdpMessaging: Initializing bridge on interface 0.0.0.0:0 to multicast group 230.0.0.1:6666.
[2017.02.28-01.54.45:011][  0]SourceControl: Info Source control is disabled
[2017.02.28-01.54.45:012][  0]SourceControl: Info Source control is disabled
[2017.02.28-01.54.45:020][  0]SourceControl: Info Source control is disabled
[2017.02.28-01.54.45:027][  0]SourceControl: Info Source control is disabled
[2017.02.28-01.54.45:264][  0]LogEngine: Initializing Engine...
[2017.02.28-01.54.45:264][  0]LogHMD: Failed to initialize OpenVR with code 110
[2017.02.28-01.54.45:378][  0]LogAIModule: Creating AISystem for world Untitled
[2017.02.28-01.54.45:384][  0]LogInit: XAudio2 using 'Realtek Digital Output (Realtek Audio)' : 2 channels at 48 kHz using 16 bits per sample (channel mask 0x3)
[2017.02.28-01.54.45:397][  0]LogInit: FAudioDevice initialized.
[2017.02.28-01.54.45:424][  0]LogDerivedDataCache: Saved boot cache 0.03s 62MB C:/Users/l201428515/AppData/Local/UnrealEngine/4.13/DerivedDataCache/Boot.ddc.
[2017.02.28-01.54.45:431][  0]LogInit: Texture streaming: Enabled
[2017.02.28-01.54.45:452][  0]LogInit: Transaction tracking system initialized
[2017.02.28-01.54.45:469][  0]BlueprintLog: New page: Editor Load
[2017.02.28-01.54.45:528][  0]LocalizationService: Info Localization service is disabled
[2017.02.28-01.54.45:591][  0]LogConsoleResponse:Display: 
[2017.02.28-01.54.45:682][  0]LogCook:Display: Max memory allowance for cook 16384mb min free memory 0mb
[2017.02.28-01.54.45:682][  0]LogCook:Display: Mobile HDR setting 1
[2017.02.28-01.54.45:816][  0]LogFileCache: Scanning file cache for directory 'C:/Users/l201428515/Documents/Unreal Projects/InventoryAndSave/Content/' took 0.01s
[2017.02.28-01.54.45:816][  0]SourceControl: Info Source control is disabled
[2017.02.28-01.54.45:816][  0]Cmd: MAP LOAD FILE="../../../../../../Users/l201428515/Documents/Unreal Projects/InventoryAndSave/Content/ThirdPersonBP/Maps/ThirdPersonExampleMap.umap" TEMPLATE=0 SHOWPROGRESS=1 FEATURELEVEL=3
[2017.02.28-01.54.45:816][  0]LightingResults: New page: Lighting Build
[2017.02.28-01.54.45:818][  0]MapCheck: New page: Map Check
[2017.02.28-01.54.45:818][  0]LightingResults: New page: Lighting Build
[2017.02.28-01.54.45:922][  0]LogProperty:Error: UStructProperty::Serialize Loading: Property 'StructProperty /Game/ThirdPersonBP/Blueprints/MySaveGame.MySaveGame_C:Weapons.Weapons'. Unknown structure.
[2017.02.28-01.54.45:922][  0]LogClass:Warning: Property Weapons of Weapons has a struct type mismatch (tag STRUCT_REINST_Struct_Item_13 != prop FallbackStruct) in package:  ../../../../../../Users/l201428515/Documents/Unreal Projects/InventoryAndSave/Content/ThirdPersonBP/Blueprints/MySaveGame.uasset. If that struct got renamed, add an entry to ActiveStructRedirects.
[2017.02.28-01.54.45:923][  0]LogClass:Warning: Property Weapons of Weapons has a struct type mismatch (tag FallbackStruct != prop Struct_Item) in package:  FObjectReader. If that struct got renamed, add an entry to ActiveStructRedirects.
[2017.02.28-01.54.46:003][  0]LogBlueprint:Warning: [Compiler ThirdPersonCharacter] Warning InputAction Event references unknown Action 'ResetVR' for  K2Node_InputAction_3
[2017.02.28-01.54.46:003][  0]LogBlueprint:Warning: [Compiler ThirdPersonCharacter] Warning Input Axis Event references unknown Axis 'LookUpRate' for  K2Node_InputAxisEvent_55
[2017.02.28-01.54.46:003][  0]LogBlueprint:Warning: [Compiler ThirdPersonCharacter] Warning Input Axis Event references unknown Axis 'TurnRate' for  K2Node_InputAxisEvent_43
[2017.02.28-01.54.46:003][  0]LogBlueprint:Warning: [Compiler ThirdPersonCharacter] Warning Input Axis Event references unknown Axis 'MoveRight' for  K2Node_InputAxisEvent_95
[2017.02.28-01.54.46:003][  0]LogBlueprint:Warning: [Compiler ThirdPersonCharacter] Warning Input Axis Event references unknown Axis 'MoveForward' for  K2Node_InputAxisEvent_85
[2017.02.28-01.54.46:004][  0]LogBlueprint:Warning: [Compiler ThirdPersonCharacter] Warning Input Axis Event references unknown Axis 'Turn' for  K2Node_InputAxisEvent_50
[2017.02.28-01.54.46:004][  0]LogBlueprint:Warning: [Compiler ThirdPersonCharacter] Warning Input Axis Event references unknown Axis 'LookUp' for  K2Node_InputAxisEvent_42
[2017.02.28-01.54.46:004][  0]LogBlueprint:Warning: [Compiler ThirdPersonCharacter] Warning InputAction Event references unknown Action 'Jump' for  K2Node_InputAction_60
[2017.02.28-01.54.46:012][  0]LogBlueprint:Warning: [Compiler ThirdPersonCharacter] Warning [0005.03] Compile of ThirdPersonCharacter successful, but with 8 Warning(s) [in 21 ms] (/Game/ThirdPersonBP/Blueprints/ThirdPersonCharacter.ThirdPersonCharacter)
[2017.02.28-01.54.46:012][  0]LogBlueprint:Warning: [Compiler ThirdPersonCharacter] Warning [0005.03] Compile of ThirdPersonCharacter successful, but with 9 Warning(s) [in 0 ms] (/Game/ThirdPersonBP/Blueprints/ThirdPersonCharacter.ThirdPersonCharacter)
[2017.02.28-01.54.46:012][  0]LogBlueprint:Warning: [Compiler ThirdPersonCharacter] Warning [0005.03] Compile of ThirdPersonCharacter successful, but with 10 Warning(s) [in 0 ms] (/Game/ThirdPersonBP/Blueprints/ThirdPersonCharacter.ThirdPersonCharacter)
[2017.02.28-01.54.46:040][  0]LogBlueprint:Warning: [Compiler ThirdPersonCharacter] Warning InputAction Event references unknown Action 'ResetVR' for  K2Node_InputAction_3
[2017.02.28-01.54.46:040][  0]LogBlueprint:Warning: [Compiler ThirdPersonCharacter] Warning Input Axis Event references unknown Axis 'LookUpRate' for  K2Node_InputAxisEvent_55
[2017.02.28-01.54.46:040][  0]LogBlueprint:Warning: [Compiler ThirdPersonCharacter] Warning Input Axis Event references unknown Axis 'TurnRate' for  K2Node_InputAxisEvent_43
[2017.02.28-01.54.46:040][  0]LogBlueprint:Warning: [Compiler ThirdPersonCharacter] Warning Input Axis Event references unknown Axis 'MoveRight' for  K2Node_InputAxisEvent_95
[2017.02.28-01.54.46:041][  0]LogBlueprint:Warning: [Compiler ThirdPersonCharacter] Warning Input Axis Event references unknown Axis 'MoveForward' for  K2Node_InputAxisEvent_85
[2017.02.28-01.54.46:041][  0]LogBlueprint:Warning: [Compiler ThirdPersonCharacter] Warning Input Axis Event references unknown Axis 'Turn' for  K2Node_InputAxisEvent_50
[2017.02.28-01.54.46:041][  0]LogBlueprint:Warning: [Compiler ThirdPersonCharacter] Warning Input Axis Event references unknown Axis 'LookUp' for  K2Node_InputAxisEvent_42
[2017.02.28-01.54.46:041][  0]LogBlueprint:Warning: [Compiler ThirdPersonCharacter] Warning InputAction Event references unknown Action 'Jump' for  K2Node_InputAction_60
[2017.02.28-01.54.46:048][  0]LogBlueprint:Warning: [Compiler ThirdPersonCharacter] Warning [0005.07] Compile of ThirdPersonCharacter successful, but with 8 Warning(s) [in 20 ms] (/Game/ThirdPersonBP/Blueprints/ThirdPersonCharacter.ThirdPersonCharacter)
[2017.02.28-01.54.46:048][  0]LogBlueprint:Warning: [Compiler ThirdPersonCharacter] Warning [0005.07] Compile of ThirdPersonCharacter successful, but with 9 Warning(s) [in 0 ms] (/Game/ThirdPersonBP/Blueprints/ThirdPersonCharacter.ThirdPersonCharacter)
[2017.02.28-01.54.46:049][  0]LogBlueprint:Warning: [Compiler ThirdPersonCharacter] Warning [0005.07] Compile of ThirdPersonCharacter successful, but with 10 Warning(s) [in 0 ms] (/Game/ThirdPersonBP/Blueprints/ThirdPersonCharacter.ThirdPersonCharacter)
[2017.02.28-01.54.46:438][  0]LogAIModule: Creating AISystem for world ThirdPersonExampleMap
[2017.02.28-01.54.46:451][  0]LogEditorServer: Finished looking for orphan Actors (0.000 secs)
[2017.02.28-01.54.46:451][  0]Cmd: MAP CHECKDEP NOCLEARLOG
[2017.02.28-01.54.46:506][  0]MapCheck: Info Map check complete: 0 Error(s), 0 Warning(s), took 54.36ms to complete.
[2017.02.28-01.54.46:506][  0]LogFileHelpers: Loading map 'ThirdPersonExampleMap' took 0.691
[2017.02.28-01.54.46:668][  0]LogCollectionManager: Loaded 0 collections in 0.001637 seconds
[2017.02.28-01.54.46:706][  0]LogFileCache: Scanning file cache for directory 'C:/Users/l201428515/Documents/Unreal Projects/InventoryAndSave/Saved/Collections/' took 0.01s
[2017.02.28-01.54.46:706][  0]LogFileCache: Scanning file cache for directory 'C:/Users/l201428515/Documents/Unreal Projects/InventoryAndSave/Content/Developers/L201428515/Collections/' took 0.01s
[2017.02.28-01.54.46:706][  0]LogFileCache: Scanning file cache for directory 'C:/Users/l201428515/Documents/Unreal Projects/InventoryAndSave/Content/Collections/' took 0.01s
[2017.02.28-01.54.46:706][  0]LogCollectionManager: Rebuilt the GUID cache for 0 collections in 0.000002 seconds
[2017.02.28-01.54.46:713][  0]LogContentBrowser: Native class hierarchy populated in 0.0075 seconds. Added 2141 classes and 415 folders.
[2017.02.28-01.54.46:716][  0]LogStats: UGameplayTagsManager::ConstructGameplayTagTree: Construct from data asset -  0.000 s
[2017.02.28-01.54.46:716][  0]LogStats: UGameplayTagsManager::ConstructGameplayTagTree: GameplayTagTreeChangedEvent.Broadcast -  0.000 s
[2017.02.28-01.54.46:717][  0]LogContentBrowser: Native class hierarchy updated for 'GameplayTags' in 0.0004 seconds. Added 12 classes and 0 folders.
[2017.02.28-01.54.46:720][  0]LogContentBrowser: Native class hierarchy updated for 'WidgetCarousel' in 0.0003 seconds. Added 0 classes and 0 folders.
[2017.02.28-01.54.46:757][  0]LogContentBrowser: Native class hierarchy updated for 'AddContentDialog' in 0.0004 seconds. Added 0 classes and 0 folders.
[2017.02.28-01.54.46:761][  0]LogContentBrowser: Native class hierarchy updated for 'SceneOutliner' in 0.0004 seconds. Added 1 classes and 2 folders.
[2017.02.28-01.54.46:771][  0]LogCrashTracker: Crashtracker disabled due to settings.
[2017.02.28-01.54.46:775][  0]LogUObjectGlobals:Warning: Failed to find object 'Class None.'
[2017.02.28-01.54.46:799][  0]LogContentBrowser: Native class hierarchy updated for 'HierarchicalLODOutliner' in 0.0004 seconds. Added 1 classes and 2 folders.
[2017.02.28-01.54.46:800][  0]LogLoad: (Engine Initialization) Total time: 5.82 seconds
[2017.02.28-01.54.46:800][  0]LogLoad: (Engine Initialization) Total Blueprint compile time: 0.17 seconds
[2017.02.28-01.54.46:800][  0]LogExternalProfiler: No external profilers were discovered.  External profiling features will not be available.
[2017.02.28-01.54.46:809][  0]LogWindowsTextInputMethodSystem:Display: IME system now deactivated.
[2017.02.28-01.54.46:809][  0]LogOcInput: OculusInput pre-init called
[2017.02.28-01.54.46:833][  0]LogContentStreaming: Texture pool size now 1000 MB
[2017.02.28-01.54.46:964][  0]LogRenderer: Reallocating scene render targets to support 1208x576 (Frame:2).
[2017.02.28-01.54.47:240][  2]LogAssetRegistry: Asset discovery search completed in 3.2545 seconds
[2017.02.28-01.54.47:240][  2]LogCollectionManager: Rebuilt the object cache for 0 collections in 0.000001 seconds (found 0 objects)
[2017.02.28-01.54.47:240][  2]LogCollectionManager: Fixed up redirectors for 0 collections in 0.000043 seconds (updated 0 objects)
[2017.02.28-01.54.53:288][700]LogBlueprintUserMessages: Early PlayInEditor Detection: Level '/Game/ThirdPersonBP/Maps/ThirdPersonExampleMap.ThirdPersonExampleMap:PersistentLevel' has LevelScriptBlueprint '/Game/ThirdPersonBP/Maps/ThirdPersonExampleMap.ThirdPersonExampleMap:PersistentLevel.ThirdPersonExampleMap' with GeneratedClass '/Game/ThirdPersonBP/Maps/ThirdPersonExampleMap.ThirdPersonExampleMap_C' with ClassGeneratedBy '/Game/ThirdPersonBP/Maps/ThirdPersonExampleMap.ThirdPersonExampleMap:PersistentLevel.ThirdPersonExampleMap'
[2017.02.28-01.54.53:288][700]LogPlayLevel: PlayLevel: No blueprints needed recompiling
[2017.02.28-01.54.53:290][700]PIE: New page: PIE session: ThirdPersonExampleMap (28 Feb 2017 10:54:53 pm)
[2017.02.28-01.54.53:290][700]LogPlayLevel: Creating play world package: /Game/ThirdPersonBP/Maps/UEDPIE_0_ThirdPersonExampleMap
[2017.02.28-01.54.53:315][700]LogPlayLevel: PIE: StaticDuplicateObject took: (0.025689s)
[2017.02.28-01.54.53:316][700]LogAIModule: Creating AISystem for world ThirdPersonExampleMap
[2017.02.28-01.54.53:316][700]LogPlayLevel: PIE: World Init took: (0.000873s)
[2017.02.28-01.54.53:316][700]LogPlayLevel: PIE: Created PIE world by copying editor world from /Game/ThirdPersonBP/Maps/ThirdPersonExampleMap.ThirdPersonExampleMap to /Game/ThirdPersonBP/Maps/UEDPIE_0_ThirdPersonExampleMap.ThirdPersonExampleMap (0.026853s)
[2017.02.28-01.54.53:335][700]LogInit: XAudio2 using 'Realtek Digital Output (Realtek Audio)' : 2 channels at 48 kHz using 16 bits per sample (channel mask 0x3)
[2017.02.28-01.54.53:345][700]LogInit: FAudioDevice initialized.
[2017.02.28-01.54.53:408][700]LogWorld: Game class is 'ThirdPersonGameMode_C'
[2017.02.28-01.54.53:421][700]LogWorld: Bringing World /Game/ThirdPersonBP/Maps/UEDPIE_0_ThirdPersonExampleMap.ThirdPersonExampleMap up for play (max tick rate 0) at 2017.02.28-12.54.53
[2017.02.28-01.54.53:422][700]LogWorld: Bringing up level for play took: 0.009993
[2017.02.28-01.54.53:429][700]LogContentBrowser: Native class hierarchy updated for 'MovieSceneCapture' in 0.0011 seconds. Added 11 classes and 0 folders.
[2017.02.28-01.54.53:430][700]LogGameMode:Display: Match State Changed from EnteringMap to WaitingToStart
[2017.02.28-01.54.53:430][700]LogGameState: Match State Changed from EnteringMap to WaitingToStart
[2017.02.28-01.54.53:430][700]LogGameMode:Display: Match State Changed from WaitingToStart to InProgress
[2017.02.28-01.54.53:436][700]LogGameState: Match State Changed from WaitingToStart to InProgress
[2017.02.28-01.54.53:441][700]PIE: Info Play in editor start time for /Game/ThirdPersonBP/Maps/UEDPIE_0_ThirdPersonExampleMap -0.216
[2017.02.28-01.54.53:441][700]LogBlueprintUserMessages: Late PlayInEditor Detection: Level '/Game/ThirdPersonBP/Maps/ThirdPersonExampleMap.ThirdPersonExampleMap:PersistentLevel' has LevelScriptBlueprint '/Game/ThirdPersonBP/Maps/ThirdPersonExampleMap.ThirdPersonExampleMap:PersistentLevel.ThirdPersonExampleMap' with GeneratedClass '/Game/ThirdPersonBP/Maps/ThirdPersonExampleMap.ThirdPersonExampleMap_C' with ClassGeneratedBy '/Game/ThirdPersonBP/Maps/ThirdPersonExampleMap.ThirdPersonExampleMap:PersistentLevel.ThirdPersonExampleMap'
[2017.02.28-01.54.53:482][700]LogRenderer: Reallocating scene render targets to support 1292x756 (Frame:696).
[2017.02.28-01.54.54:845][827]LogBlueprintUserMessages: Early EndPlayMap Detection: Level '/Game/ThirdPersonBP/Maps/ThirdPersonExampleMap.ThirdPersonExampleMap:PersistentLevel' has LevelScriptBlueprint '/Game/ThirdPersonBP/Maps/ThirdPersonExampleMap.ThirdPersonExampleMap:PersistentLevel.ThirdPersonExampleMap' with GeneratedClass '/Game/ThirdPersonBP/Maps/ThirdPersonExampleMap.ThirdPersonExampleMap_C' with ClassGeneratedBy '/Game/ThirdPersonBP/Maps/ThirdPersonExampleMap.ThirdPersonExampleMap:PersistentLevel.ThirdPersonExampleMap'
[2017.02.28-01.54.54:894][827]LogBlueprintUserMessages: Late EndPlayMap Detection: Level '/Game/ThirdPersonBP/Maps/ThirdPersonExampleMap.ThirdPersonExampleMap:PersistentLevel' has LevelScriptBlueprint '/Game/ThirdPersonBP/Maps/ThirdPersonExampleMap.ThirdPersonExampleMap:PersistentLevel.ThirdPersonExampleMap' with GeneratedClass '/Game/ThirdPersonBP/Maps/ThirdPersonExampleMap.ThirdPersonExampleMap_C' with ClassGeneratedBy '/Game/ThirdPersonBP/Maps/ThirdPersonExampleMap.ThirdPersonExampleMap:PersistentLevel.ThirdPersonExampleMap'
[2017.02.28-01.54.59:279][321]LogTextFormatter:Warning: Failed to parse argument "RootClass" as a number (using "0" as a fallback). Please check your format string for errors: "Select {RootClass} Class".
[2017.02.28-01.54.59:279][321]LogTextFormatter:Warning: Failed to parse argument "GameStateName" as a number (using "0" as a fallback). Please check your format string for errors: "GameState: {GameStateName}".
[2017.02.28-01.54.59:279][321]LogTextFormatter:Warning: Failed to parse argument "PawnName" as a number (using "0" as a fallback). Please check your format string for errors: "Pawn: {PawnName}".
[2017.02.28-01.54.59:279][321]LogTextFormatter:Warning: Failed to parse argument "HUDName" as a number (using "0" as a fallback). Please check your format string for errors: "HUD: {HUDName}".
[2017.02.28-01.54.59:279][321]LogTextFormatter:Warning: Failed to parse argument "PlayerControllerName" as a number (using "0" as a fallback). Please check your format string for errors: "PlayerController: {PlayerControllerName}".
[2017.02.28-01.55.00:023][408]LogSlate:Warning: Prevented a slow task dialog from being summoned while a context menu was open
[2017.02.28-01.55.00:040][408]LogTextFormatter:Warning: Failed to parse argument "RootClass" as a number (using "0" as a fallback). Please check your format string for errors: "Select {RootClass} parent class".
[2017.02.28-01.55.00:590][472]LogTextFormatter:Warning: Failed to parse argument "RootClass" as a number (using "0" as a fallback). Please check your format string for errors: "Select {RootClass} class".
[2017.02.28-01.55.00:934][511]LogTextFormatter:Warning: Failed to parse argument "RootClass" as a number (using "0" as a fallback). Please check your format string for errors: "Select {RootClass} parent class".
[2017.02.28-01.55.06:051][916]LogTextFormatter:Warning: Failed to parse argument "RootClass" as a number (using "0" as a fallback). Please check your format string for errors: "Select {RootClass} Class".
[2017.02.28-01.55.06:051][916]LogTextFormatter:Warning: Failed to parse argument "GameStateName" as a number (using "0" as a fallback). Please check your format string for errors: "GameState: {GameStateName}".
[2017.02.28-01.55.06:051][916]LogTextFormatter:Warning: Failed to parse argument "PawnName" as a number (using "0" as a fallback). Please check your format string for errors: "Pawn: {PawnName}".
[2017.02.28-01.55.06:051][916]LogTextFormatter:Warning: Failed to parse argument "HUDName" as a number (using "0" as a fallback). Please check your format string for errors: "HUD: {HUDName}".
[2017.02.28-01.55.06:051][916]LogTextFormatter:Warning: Failed to parse argument "PlayerControllerName" as a number (using "0" as a fallback). Please check your format string for errors: "PlayerController: {PlayerControllerName}".
[2017.02.28-01.55.06:530][972]LogTextFormatter:Warning: Failed to parse argument "RootClass" as a number (using "0" as a fallback). Please check your format string for errors: "Select {RootClass} parent class".
[2017.02.28-01.55.07:648][103]LogTextFormatter:Warning: Failed to parse argument "RootClass" as a number (using "0" as a fallback). Please check your format string for errors: "Select {RootClass} class".
[2017.02.28-01.55.11:541][560]LogBlueprintUserMessages: Early PlayInEditor Detection: Level '/Game/ThirdPersonBP/Maps/ThirdPersonExampleMap.ThirdPersonExampleMap:PersistentLevel' has LevelScriptBlueprint '/Game/ThirdPersonBP/Maps/ThirdPersonExampleMap.ThirdPersonExampleMap:PersistentLevel.ThirdPersonExampleMap' with GeneratedClass '/Game/ThirdPersonBP/Maps/ThirdPersonExampleMap.ThirdPersonExampleMap_C' with ClassGeneratedBy '/Game/ThirdPersonBP/Maps/ThirdPersonExampleMap.ThirdPersonExampleMap:PersistentLevel.ThirdPersonExampleMap'
[2017.02.28-01.55.11:541][560]LogPlayLevel: PlayLevel: No blueprints needed recompiling
[2017.02.28-01.55.11:541][560]PIE: New page: PIE session: ThirdPersonExampleMap (28 Feb 2017 10:55:11 pm)
[2017.02.28-01.55.11:541][560]LogPlayLevel: Creating play world package: /Game/ThirdPersonBP/Maps/UEDPIE_0_ThirdPersonExampleMap
[2017.02.28-01.55.11:560][560]LogPlayLevel: PIE: StaticDuplicateObject took: (0.019461s)
[2017.02.28-01.55.11:561][560]LogAIModule: Creating AISystem for world ThirdPersonExampleMap
[2017.02.28-01.55.11:561][560]LogPlayLevel: PIE: World Init took: (0.000869s)
[2017.02.28-01.55.11:562][560]LogPlayLevel: PIE: Created PIE world by copying editor world from /Game/ThirdPersonBP/Maps/ThirdPersonExampleMap.ThirdPersonExampleMap to /Game/ThirdPersonBP/Maps/UEDPIE_0_ThirdPersonExampleMap.ThirdPersonExampleMap (0.020603s)
[2017.02.28-01.55.11:571][560]LogInit: XAudio2 using 'Realtek Digital Output (Realtek Audio)' : 2 channels at 48 kHz using 16 bits per sample (channel mask 0x3)
[2017.02.28-01.55.11:580][560]LogInit: FAudioDevice initialized.
[2017.02.28-01.55.11:617][560]LogWorld: Game class is 'ThirdPersonGameMode_C'
[2017.02.28-01.55.11:623][560]LogWorld: Bringing World /Game/ThirdPersonBP/Maps/UEDPIE_0_ThirdPersonExampleMap.ThirdPersonExampleMap up for play (max tick rate 0) at 2017.02.28-12.55.11
[2017.02.28-01.55.11:623][560]LogWorld: Bringing up level for play took: 0.005459
[2017.02.28-01.55.11:625][560]LogGameMode:Display: Match State Changed from EnteringMap to WaitingToStart
[2017.02.28-01.55.11:625][560]LogGameState: Match State Changed from EnteringMap to WaitingToStart
[2017.02.28-01.55.11:625][560]LogGameMode:Display: Match State Changed from WaitingToStart to InProgress
[2017.02.28-01.55.11:630][560]LogGameState: Match State Changed from WaitingToStart to InProgress
[2017.02.28-01.55.11:636][560]PIE: Info Play in editor start time for /Game/ThirdPersonBP/Maps/UEDPIE_0_ThirdPersonExampleMap -0.022
[2017.02.28-01.55.11:636][560]LogBlueprintUserMessages: Late PlayInEditor Detection: Level '/Game/ThirdPersonBP/Maps/ThirdPersonExampleMap.ThirdPersonExampleMap:PersistentLevel' has LevelScriptBlueprint '/Game/ThirdPersonBP/Maps/ThirdPersonExampleMap.ThirdPersonExampleMap:PersistentLevel.ThirdPersonExampleMap' with GeneratedClass '/Game/ThirdPersonBP/Maps/ThirdPersonExampleMap.ThirdPersonExampleMap_C' with ClassGeneratedBy '/Game/ThirdPersonBP/Maps/ThirdPersonExampleMap.ThirdPersonExampleMap:PersistentLevel.ThirdPersonExampleMap'
[2017.02.28-01.55.13:703][749]LogBlueprintUserMessages: Early EndPlayMap Detection: Level '/Game/ThirdPersonBP/Maps/ThirdPersonExampleMap.ThirdPersonExampleMap:PersistentLevel' has LevelScriptBlueprint '/Game/ThirdPersonBP/Maps/ThirdPersonExampleMap.ThirdPersonExampleMap:PersistentLevel.ThirdPersonExampleMap' with GeneratedClass '/Game/ThirdPersonBP/Maps/ThirdPersonExampleMap.ThirdPersonExampleMap_C' with ClassGeneratedBy '/Game/ThirdPersonBP/Maps/ThirdPersonExampleMap.ThirdPersonExampleMap:PersistentLevel.ThirdPersonExampleMap'
[2017.02.28-01.55.13:738][749]LogBlueprintUserMessages: Late EndPlayMap Detection: Level '/Game/ThirdPersonBP/Maps/ThirdPersonExampleMap.ThirdPersonExampleMap:PersistentLevel' has LevelScriptBlueprint '/Game/ThirdPersonBP/Maps/ThirdPersonExampleMap.ThirdPersonExampleMap:PersistentLevel.ThirdPersonExampleMap' with GeneratedClass '/Game/ThirdPersonBP/Maps/ThirdPersonExampleMap.ThirdPersonExampleMap_C' with ClassGeneratedBy '/Game/ThirdPersonBP/Maps/ThirdPersonExampleMap.ThirdPersonExampleMap:PersistentLevel.ThirdPersonExampleMap'
[2017.02.28-01.55.18:667][301]LogBlueprintUserMessages: Early PlayInEditor Detection: Level '/Game/ThirdPersonBP/Maps/ThirdPersonExampleMap.ThirdPersonExampleMap:PersistentLevel' has LevelScriptBlueprint '/Game/ThirdPersonBP/Maps/ThirdPersonExampleMap.ThirdPersonExampleMap:PersistentLevel.ThirdPersonExampleMap' with GeneratedClass '/Game/ThirdPersonBP/Maps/ThirdPersonExampleMap.ThirdPersonExampleMap_C' with ClassGeneratedBy '/Game/ThirdPersonBP/Maps/ThirdPersonExampleMap.ThirdPersonExampleMap:PersistentLevel.ThirdPersonExampleMap'
[2017.02.28-01.55.18:667][301]LogPlayLevel: PlayLevel: No blueprints needed recompiling
[2017.02.28-01.55.18:667][301]PIE: New page: PIE session: ThirdPersonExampleMap (28 Feb 2017 10:55:18 pm)
[2017.02.28-01.55.18:667][301]LogPlayLevel: Creating play world package: /Game/ThirdPersonBP/Maps/UEDPIE_0_ThirdPersonExampleMap
[2017.02.28-01.55.18:688][301]LogPlayLevel: PIE: StaticDuplicateObject took: (0.020926s)
[2017.02.28-01.55.18:688][301]LogAIModule: Creating AISystem for world ThirdPersonExampleMap
[2017.02.28-01.55.18:689][301]LogPlayLevel: PIE: World Init took: (0.001024s)
[2017.02.28-01.55.18:689][301]LogPlayLevel: PIE: Created PIE world by copying editor world from /Game/ThirdPersonBP/Maps/ThirdPersonExampleMap.ThirdPersonExampleMap to /Game/ThirdPersonBP/Maps/UEDPIE_0_ThirdPersonExampleMap.ThirdPersonExampleMap (0.022212s)
[2017.02.28-01.55.18:698][301]LogInit: XAudio2 using 'Realtek Digital Output (Realtek Audio)' : 2 channels at 48 kHz using 16 bits per sample (channel mask 0x3)
[2017.02.28-01.55.18:708][301]LogInit: FAudioDevice initialized.
[2017.02.28-01.55.18:745][301]LogWorld: Game class is 'ThirdPersonGameMode_C'
[2017.02.28-01.55.18:749][301]LogWorld: Bringing World /Game/ThirdPersonBP/Maps/UEDPIE_0_ThirdPersonExampleMap.ThirdPersonExampleMap up for play (max tick rate 0) at 2017.02.28-12.55.18
[2017.02.28-01.55.18:750][301]LogWorld: Bringing up level for play took: 0.004028
[2017.02.28-01.55.18:750][301]LogGameMode:Display: Match State Changed from EnteringMap to WaitingToStart
[2017.02.28-01.55.18:750][301]LogGameState: Match State Changed from EnteringMap to WaitingToStart
[2017.02.28-01.55.18:750][301]LogGameMode:Display: Match State Changed from WaitingToStart to InProgress
[2017.02.28-01.55.18:753][301]LogGameState: Match State Changed from WaitingToStart to InProgress
[2017.02.28-01.55.18:756][301]PIE: Info Play in editor start time for /Game/ThirdPersonBP/Maps/UEDPIE_0_ThirdPersonExampleMap -0.902
[2017.02.28-01.55.18:756][301]LogBlueprintUserMessages: Late PlayInEditor Detection: Level '/Game/ThirdPersonBP/Maps/ThirdPersonExampleMap.ThirdPersonExampleMap:PersistentLevel' has LevelScriptBlueprint '/Game/ThirdPersonBP/Maps/ThirdPersonExampleMap.ThirdPersonExampleMap:PersistentLevel.ThirdPersonExampleMap' with GeneratedClass '/Game/ThirdPersonBP/Maps/ThirdPersonExampleMap.ThirdPersonExampleMap_C' with ClassGeneratedBy '/Game/ThirdPersonBP/Maps/ThirdPersonExampleMap.ThirdPersonExampleMap:PersistentLevel.ThirdPersonExampleMap'
[2017.02.28-01.55.23:112][718]LogBlueprintUserMessages: Early EndPlayMap Detection: Level '/Game/ThirdPersonBP/Maps/ThirdPersonExampleMap.ThirdPersonExampleMap:PersistentLevel' has LevelScriptBlueprint '/Game/ThirdPersonBP/Maps/ThirdPersonExampleMap.ThirdPersonExampleMap:PersistentLevel.ThirdPersonExampleMap' with GeneratedClass '/Game/ThirdPersonBP/Maps/ThirdPersonExampleMap.ThirdPersonExampleMap_C' with ClassGeneratedBy '/Game/ThirdPersonBP/Maps/ThirdPersonExampleMap.ThirdPersonExampleMap:PersistentLevel.ThirdPersonExampleMap'
[2017.02.28-01.55.23:148][718]LogBlueprintUserMessages: Late EndPlayMap Detection: Level '/Game/ThirdPersonBP/Maps/ThirdPersonExampleMap.ThirdPersonExampleMap:PersistentLevel' has LevelScriptBlueprint '/Game/ThirdPersonBP/Maps/ThirdPersonExampleMap.ThirdPersonExampleMap:PersistentLevel.ThirdPersonExampleMap' with GeneratedClass '/Game/ThirdPersonBP/Maps/ThirdPersonExampleMap.ThirdPersonExampleMap_C' with ClassGeneratedBy '/Game/ThirdPersonBP/Maps/ThirdPersonExampleMap.ThirdPersonExampleMap:PersistentLevel.ThirdPersonExampleMap'
[2017.02.28-01.55.25:371][948]LogEditorViewport: Clicking on Actor (LMB): ThirdPersonCharacter_C (ThirdPersonCharacter)
[2017.02.28-01.55.28:310][213]LogTextFormatter:Warning: Failed to parse argument "RootClass" as a number (using "0" as a fallback). Please check your format string for errors: "Select {RootClass} Class".
[2017.02.28-01.55.28:310][213]LogTextFormatter:Warning: Failed to parse argument "GameStateName" as a number (using "0" as a fallback). Please check your format string for errors: "GameState: {GameStateName}".
[2017.02.28-01.55.28:310][213]LogTextFormatter:Warning: Failed to parse argument "PawnName" as a number (using "0" as a fallback). Please check your format string for errors: "Pawn: Edit {PawnName}".
[2017.02.28-01.55.28:310][213]LogTextFormatter:Warning: Failed to parse argument "HUDName" as a number (using "0" as a fallback). Please check your format string for errors: "HUD: {HUDName}".
[2017.02.28-01.55.28:310][213]LogTextFormatter:Warning: Failed to parse argument "PlayerControllerName" as a number (using "0" as a fallback). Please check your format string for errors: "PlayerController: {PlayerControllerName}".
[2017.02.28-01.55.29:037][299]LogTextFormatter:Warning: Failed to parse argument "RootClass" as a number (using "0" as a fallback). Please check your format string for errors: "Select {RootClass} parent class".
[2017.02.28-01.55.30:146][428]LogTextFormatter:Warning: Failed to parse argument "RootClass" as a number (using "0" as a fallback). Please check your format string for errors: "Select {RootClass} Class".
[2017.02.28-01.55.31:691][612]LogTextFormatter:Warning: Failed to parse argument "RootClass" as a number (using "0" as a fallback). Please check your format string for errors: "Select {RootClass} Class".
[2017.02.28-01.55.33:072][776]LogTextFormatter:Warning: Failed to parse argument "RootClass" as a number (using "0" as a fallback). Please check your format string for errors: "Select {RootClass} parent class".
[2017.02.28-01.55.33:687][846]LogTextFormatter:Warning: Failed to parse argument "RootClass" as a number (using "0" as a fallback). Please check your format string for errors: "Select {RootClass} class".
[2017.02.28-01.55.34:761][972]LogTextFormatter:Warning: Failed to parse argument "RootClass" as a number (using "0" as a fallback). Please check your format string for errors: "Select {RootClass} parent class".
[2017.02.28-01.55.34:795][973]LogTextFormatter:Warning: Failed to parse argument "RootClass" as a number (using "0" as a fallback). Please check your format string for errors: "Select {RootClass} Class".
[2017.02.28-01.55.34:895][984]LogTextFormatter:Warning: Failed to parse argument "RootClass" as a number (using "0" as a fallback). Please check your format string for errors: "Select {RootClass} Class".
[2017.02.28-01.55.35:538][ 60]LogTextFormatter:Warning: Failed to parse argument "RootClass" as a number (using "0" as a fallback). Please check your format string for errors: "Select {RootClass} Class".
[2017.02.28-01.55.35:685][ 76]LogTextFormatter:Warning: Failed to parse argument "RootClass" as a number (using "0" as a fallback). Please check your format string for errors: "Select {RootClass} parent class".
[2017.02.28-01.55.36:480][156]LogTextFormatter:Warning: Failed to parse argument "RootClass" as a number (using "0" as a fallback). Please check your format string for errors: "Select {RootClass} class".
[2017.02.28-01.55.39:158][469]LogTextFormatter:Warning: Failed to parse argument "RootClass" as a number (using "0" as a fallback). Please check your format string for errors: "Select {RootClass} parent class".
[2017.02.28-01.55.39:288][479]LogTextFormatter:Warning: Failed to parse argument "RootClass" as a number (using "0" as a fallback). Please check your format string for errors: "Select {RootClass} Class".
[2017.02.28-01.55.40:091][573]LogTextFormatter:Warning: Failed to parse argument "RootClass" as a number (using "0" as a fallback). Please check your format string for errors: "Select {RootClass} Class".
[2017.02.28-01.55.40:775][650]LogTextFormatter:Warning: Failed to parse argument "RootClass" as a number (using "0" as a fallback). Please check your format string for errors: "Select {RootClass} parent class".
[2017.02.28-01.55.41:344][711]LogTextFormatter:Warning: Failed to parse argument "RootClass" as a number (using "0" as a fallback). Please check your format string for errors: "Select {RootClass} class".
[2017.02.28-01.55.44:682][ 67]LogBlueprintUserMessages: Early PlayInEditor Detection: Level '/Game/ThirdPersonBP/Maps/ThirdPersonExampleMap.ThirdPersonExampleMap:PersistentLevel' has LevelScriptBlueprint '/Game/ThirdPersonBP/Maps/ThirdPersonExampleMap.ThirdPersonExampleMap:PersistentLevel.ThirdPersonExampleMap' with GeneratedClass '/Game/ThirdPersonBP/Maps/ThirdPersonExampleMap.ThirdPersonExampleMap_C' with ClassGeneratedBy '/Game/ThirdPersonBP/Maps/ThirdPersonExampleMap.ThirdPersonExampleMap:PersistentLevel.ThirdPersonExampleMap'
[2017.02.28-01.55.44:682][ 67]LogPlayLevel: PlayLevel: No blueprints needed recompiling
[2017.02.28-01.55.44:683][ 67]PIE: New page: PIE session: ThirdPersonExampleMap (28 Feb 2017 10:55:44 pm)
[2017.02.28-01.55.44:683][ 67]LogPlayLevel: Creating play world package: /Game/ThirdPersonBP/Maps/UEDPIE_0_ThirdPersonExampleMap
[2017.02.28-01.55.44:705][ 67]LogPlayLevel: PIE: StaticDuplicateObject took: (0.022787s)
[2017.02.28-01.55.44:706][ 67]LogAIModule: Creating AISystem for world ThirdPersonExampleMap
[2017.02.28-01.55.44:706][ 67]LogPlayLevel: PIE: World Init took: (0.000952s)
[2017.02.28-01.55.44:707][ 67]LogPlayLevel: PIE: Created PIE world by copying editor world from /Game/ThirdPersonBP/Maps/ThirdPersonExampleMap.ThirdPersonExampleMap to /Game/ThirdPersonBP/Maps/UEDPIE_0_ThirdPersonExampleMap.ThirdPersonExampleMap (0.024066s)
[2017.02.28-01.55.44:752][ 67]LogInit: XAudio2 using 'Realtek Digital Output (Realtek Audio)' : 2 channels at 48 kHz using 16 bits per sample (channel mask 0x3)
[2017.02.28-01.55.44:785][ 67]LogInit: FAudioDevice initialized.
[2017.02.28-01.55.44:851][ 67]LogWorld: Game class is 'ThirdPersonGameMode_C'
[2017.02.28-01.55.44:869][ 67]LogWorld: Bringing World /Game/ThirdPersonBP/Maps/UEDPIE_0_ThirdPersonExampleMap.ThirdPersonExampleMap up for play (max tick rate 0) at 2017.02.28-12.55.44
[2017.02.28-01.55.44:870][ 67]LogWorld: Bringing up level for play took: 0.015915
[2017.02.28-01.55.44:872][ 67]LogGameMode:Display: Match State Changed from EnteringMap to WaitingToStart
[2017.02.28-01.55.44:872][ 67]LogGameState: Match State Changed from EnteringMap to WaitingToStart
[2017.02.28-01.55.44:873][ 67]LogGameMode:Display: Match State Changed from WaitingToStart to InProgress
[2017.02.28-01.55.44:881][ 67]LogGameState: Match State Changed from WaitingToStart to InProgress
[2017.02.28-01.55.44:892][ 67]PIE: Info Play in editor start time for /Game/ThirdPersonBP/Maps/UEDPIE_0_ThirdPersonExampleMap -0.766
[2017.02.28-01.55.44:892][ 67]LogBlueprintUserMessages: Late PlayInEditor Detection: Level '/Game/ThirdPersonBP/Maps/ThirdPersonExampleMap.ThirdPersonExampleMap:PersistentLevel' has LevelScriptBlueprint '/Game/ThirdPersonBP/Maps/ThirdPersonExampleMap.ThirdPersonExampleMap:PersistentLevel.ThirdPersonExampleMap' with GeneratedClass '/Game/ThirdPersonBP/Maps/ThirdPersonExampleMap.ThirdPersonExampleMap_C' with ClassGeneratedBy '/Game/ThirdPersonBP/Maps/ThirdPersonExampleMap.ThirdPersonExampleMap:PersistentLevel.ThirdPersonExampleMap'
[2017.02.28-01.55.46:460][213]LogBlueprintUserMessages: Early EndPlayMap Detection: Level '/Game/ThirdPersonBP/Maps/ThirdPersonExampleMap.ThirdPersonExampleMap:PersistentLevel' has LevelScriptBlueprint '/Game/ThirdPersonBP/Maps/ThirdPersonExampleMap.ThirdPersonExampleMap:PersistentLevel.ThirdPersonExampleMap' with GeneratedClass '/Game/ThirdPersonBP/Maps/ThirdPersonExampleMap.ThirdPersonExampleMap_C' with ClassGeneratedBy '/Game/ThirdPersonBP/Maps/ThirdPersonExampleMap.ThirdPersonExampleMap:PersistentLevel.ThirdPersonExampleMap'
[2017.02.28-01.55.46:545][213]LogBlueprintUserMessages: Late EndPlayMap Detection: Level '/Game/ThirdPersonBP/Maps/ThirdPersonExampleMap.ThirdPersonExampleMap:PersistentLevel' has LevelScriptBlueprint '/Game/ThirdPersonBP/Maps/ThirdPersonExampleMap.ThirdPersonExampleMap:PersistentLevel.ThirdPersonExampleMap' with GeneratedClass '/Game/ThirdPersonBP/Maps/ThirdPersonExampleMap.ThirdPersonExampleMap_C' with ClassGeneratedBy '/Game/ThirdPersonBP/Maps/ThirdPersonExampleMap.ThirdPersonExampleMap:PersistentLevel.ThirdPersonExampleMap'
[2017.02.28-01.57.06:202][351]LogBlueprint:Warning: [Compiler ThirdPersonCharacter] Warning InputAction Event references unknown Action 'ResetVR' for  K2Node_InputAction_3
[2017.02.28-01.57.06:202][351]LogBlueprint:Warning: [Compiler ThirdPersonCharacter] Warning Input Axis Event references unknown Axis 'LookUpRate' for  K2Node_InputAxisEvent_55
[2017.02.28-01.57.06:202][351]LogBlueprint:Warning: [Compiler ThirdPersonCharacter] Warning Input Axis Event references unknown Axis 'TurnRate' for  K2Node_InputAxisEvent_43
[2017.02.28-01.57.06:203][351]LogBlueprint:Warning: [Compiler ThirdPersonCharacter] Warning Input Axis Event references unknown Axis 'MoveRight' for  K2Node_InputAxisEvent_95
[2017.02.28-01.57.06:203][351]LogBlueprint:Warning: [Compiler ThirdPersonCharacter] Warning Input Axis Event references unknown Axis 'MoveForward' for  K2Node_InputAxisEvent_85
[2017.02.28-01.57.06:203][351]LogBlueprint:Warning: [Compiler ThirdPersonCharacter] Warning Input Axis Event references unknown Axis 'Turn' for  K2Node_InputAxisEvent_50
[2017.02.28-01.57.06:203][351]LogBlueprint:Warning: [Compiler ThirdPersonCharacter] Warning Input Axis Event references unknown Axis 'LookUp' for  K2Node_InputAxisEvent_42
[2017.02.28-01.57.06:203][351]LogBlueprint:Warning: [Compiler ThirdPersonCharacter] Warning InputAction Event references unknown Action 'Jump' for  K2Node_InputAction_60
[2017.02.28-01.57.06:305][351]LogBlueprint:Warning: [Compiler ThirdPersonCharacter] Warning InputAction Event references unknown Action 'ResetVR' for  K2Node_InputAction_3
[2017.02.28-01.57.06:305][351]LogBlueprint:Warning: [Compiler ThirdPersonCharacter] Warning Input Axis Event references unknown Axis 'LookUpRate' for  K2Node_InputAxisEvent_55
[2017.02.28-01.57.06:305][351]LogBlueprint:Warning: [Compiler ThirdPersonCharacter] Warning Input Axis Event references unknown Axis 'TurnRate' for  K2Node_InputAxisEvent_43
[2017.02.28-01.57.06:305][351]LogBlueprint:Warning: [Compiler ThirdPersonCharacter] Warning Input Axis Event references unknown Axis 'MoveRight' for  K2Node_InputAxisEvent_95
[2017.02.28-01.57.06:305][351]LogBlueprint:Warning: [Compiler ThirdPersonCharacter] Warning Input Axis Event references unknown Axis 'MoveForward' for  K2Node_InputAxisEvent_85
[2017.02.28-01.57.06:305][351]LogBlueprint:Warning: [Compiler ThirdPersonCharacter] Warning Input Axis Event references unknown Axis 'Turn' for  K2Node_InputAxisEvent_50
[2017.02.28-01.57.06:305][351]LogBlueprint:Warning: [Compiler ThirdPersonCharacter] Warning Input Axis Event references unknown Axis 'LookUp' for  K2Node_InputAxisEvent_42
[2017.02.28-01.57.06:306][351]LogBlueprint:Warning: [Compiler ThirdPersonCharacter] Warning InputAction Event references unknown Action 'Jump' for  K2Node_InputAction_60
[2017.02.28-01.57.06:315][351]LogBlueprint:Warning: [Compiler ThirdPersonCharacter] Warning [0145.33] Compile of ThirdPersonCharacter successful, but with 8 Warning(s) [in 26 ms] (/Game/ThirdPersonBP/Blueprints/ThirdPersonCharacter.ThirdPersonCharacter)
[2017.02.28-01.57.06:316][351]LogBlueprint:Warning: [Compiler ThirdPersonCharacter] Warning [0145.33] Compile of ThirdPersonCharacter successful, but with 9 Warning(s) [in 0 ms] (/Game/ThirdPersonBP/Blueprints/ThirdPersonCharacter.ThirdPersonCharacter)
[2017.02.28-01.57.06:316][351]LogBlueprint:Warning: [Compiler ThirdPersonCharacter] Warning [0145.33] Compile of ThirdPersonCharacter successful, but with 10 Warning(s) [in 0 ms] (/Game/ThirdPersonBP/Blueprints/ThirdPersonCharacter.ThirdPersonCharacter)
[2017.02.28-01.57.06:479][351]LogBlueprint:Warning: [Compiler ThirdPersonCharacter] Warning [0145.50] Compile of ThirdPersonCharacter successful, but with 11 Warning(s) [in 162 ms] (/Game/ThirdPersonBP/Blueprints/ThirdPersonCharacter.ThirdPersonCharacter)
[2017.02.28-01.57.06:488][351]LogBlueprint:Warning: [Compiler ThirdPersonCharacter] Warning [0145.51] Compile of ThirdPersonCharacter successful, but with 12 Warning(s) [in 9 ms] (/Game/ThirdPersonBP/Blueprints/ThirdPersonCharacter.ThirdPersonCharacter)
[2017.02.28-01.57.06:488][351]LogBlueprint:Warning: [Compiler ThirdPersonCharacter] Warning [0145.51] Compile of ThirdPersonCharacter successful, but with 13 Warning(s) [in 0 ms] (/Game/ThirdPersonBP/Blueprints/ThirdPersonCharacter.ThirdPersonCharacter)
[2017.02.28-01.57.06:488][351]LogBlueprint:Warning: [Compiler ThirdPersonCharacter] Warning [0145.51] Compile of ThirdPersonCharacter successful, but with 14 Warning(s) [in 0 ms] (/Game/ThirdPersonBP/Blueprints/ThirdPersonCharacter.ThirdPersonCharacter)
[2017.02.28-01.57.06:490][351]LogMetaData: Removing '/Game/ThirdPersonBP/Blueprints/InventoryHUD_New.InventoryHUD_New_C' ref from Metadata '/Game/ThirdPersonBP/Blueprints/InventoryHUD.PackageMetaData'
[2017.02.28-01.57.06:490][351]LogMetaData: Removing '/Game/ThirdPersonBP/Blueprints/InventoryHUD_New.InventoryHUD_New:EventGraph.K2Node_Event_0' ref from Metadata '/Game/ThirdPersonBP/Blueprints/InventoryHUD.PackageMetaData'
[2017.02.28-01.57.06:490][351]LogMetaData: Removing '/Game/ThirdPersonBP/Blueprints/InventoryHUD_New.InventoryHUD_New:EventGraph.K2Node_Event_1' ref from Metadata '/Game/ThirdPersonBP/Blueprints/InventoryHUD.PackageMetaData'
[2017.02.28-01.57.06:490][351]LogMetaData: Removing '/Game/ThirdPersonBP/Blueprints/InventoryHUD_New.InventoryHUD_New:Update_Weapon_List.K2Node_FunctionEntry_165' ref from Metadata '/Game/ThirdPersonBP/Blueprints/InventoryHUD.PackageMetaData'
[2017.02.28-01.57.06:490][351]LogMetaData: Removing '/Game/ThirdPersonBP/Blueprints/InventoryHUD_New.SKEL_InventoryHUD_New_C' ref from Metadata '/Game/ThirdPersonBP/Blueprints/InventoryHUD.PackageMetaData'
[2017.02.28-01.57.06:542][351]LogSavePackage: Save=37.28ms
[2017.02.28-01.57.06:542][351]LogSavePackage: Moving '../../../../../../Users/l201428515/Documents/Unreal Projects/InventoryAndSave/Saved/InventoryHUD_New6675B04E4843D6AD95CB7BB38F880E27.tmp' to '../../../../../../Users/l201428515/Documents/Unreal Projects/InventoryAndSave/Content/ThirdPersonBP/Blueprints/InventoryHUD_New.uasset'
[2017.02.28-01.57.06:544][351]LogSavePackage:Display: Finished SavePackage ../../../../../../Users/l201428515/Documents/Unreal Projects/InventoryAndSave/Content/ThirdPersonBP/Blueprints/InventoryHUD_New.uasset
[2017.02.28-01.57.06:707][351]LogSavePackage: Save=72.65ms
[2017.02.28-01.57.06:707][351]LogSavePackage: Moving '../../../../../../Users/l201428515/Documents/Unreal Projects/InventoryAndSave/Saved/ThirdPersonCharacter3645A37C4CB760BAF2B5308B8DB32356.tmp' to '../../../../../../Users/l201428515/Documents/Unreal Projects/InventoryAndSave/Content/ThirdPersonBP/Blueprints/ThirdPersonCharacter.uasset'
[2017.02.28-01.57.06:708][351]LogSavePackage:Display: Finished SavePackage ../../../../../../Users/l201428515/Documents/Unreal Projects/InventoryAndSave/Content/ThirdPersonBP/Blueprints/ThirdPersonCharacter.uasset
[2017.02.28-01.57.08:084][431]LogBlueprintUserMessages: Early PlayInEditor Detection: Level '/Game/ThirdPersonBP/Maps/ThirdPersonExampleMap.ThirdPersonExampleMap:PersistentLevel' has LevelScriptBlueprint '/Game/ThirdPersonBP/Maps/ThirdPersonExampleMap.ThirdPersonExampleMap:PersistentLevel.ThirdPersonExampleMap' with GeneratedClass '/Game/ThirdPersonBP/Maps/ThirdPersonExampleMap.ThirdPersonExampleMap_C' with ClassGeneratedBy '/Game/ThirdPersonBP/Maps/ThirdPersonExampleMap.ThirdPersonExampleMap:PersistentLevel.ThirdPersonExampleMap'
[2017.02.28-01.57.08:084][431]LogPlayLevel: PlayLevel: No blueprints needed recompiling
[2017.02.28-01.57.08:084][431]PIE: New page: PIE session: ThirdPersonExampleMap (28 Feb 2017 10:57:08 pm)
[2017.02.28-01.57.08:084][431]LogPlayLevel: Creating play world package: /Game/ThirdPersonBP/Maps/UEDPIE_0_ThirdPersonExampleMap
[2017.02.28-01.57.08:105][431]LogPlayLevel: PIE: StaticDuplicateObject took: (0.020656s)
[2017.02.28-01.57.08:105][431]LogAIModule: Creating AISystem for world ThirdPersonExampleMap
[2017.02.28-01.57.08:106][431]LogPlayLevel: PIE: World Init took: (0.000847s)
[2017.02.28-01.57.08:106][431]LogPlayLevel: PIE: Created PIE world by copying editor world from /Game/ThirdPersonBP/Maps/ThirdPersonExampleMap.ThirdPersonExampleMap to /Game/ThirdPersonBP/Maps/UEDPIE_0_ThirdPersonExampleMap.ThirdPersonExampleMap (0.021708s)
[2017.02.28-01.57.08:141][431]LogInit: XAudio2 using 'Realtek Digital Output (Realtek Audio)' : 2 channels at 48 kHz using 16 bits per sample (channel mask 0x3)
[2017.02.28-01.57.08:152][431]LogInit: FAudioDevice initialized.
[2017.02.28-01.57.08:185][431]LogWorld: Game class is 'ThirdPersonGameMode_C'
[2017.02.28-01.57.08:190][431]LogWorld: Bringing World /Game/ThirdPersonBP/Maps/UEDPIE_0_ThirdPersonExampleMap.ThirdPersonExampleMap up for play (max tick rate 0) at 2017.02.28-12.57.08
[2017.02.28-01.57.08:191][431]LogWorld: Bringing up level for play took: 0.004343
[2017.02.28-01.57.08:192][431]LogGameMode:Display: Match State Changed from EnteringMap to WaitingToStart
[2017.02.28-01.57.08:192][431]LogGameState: Match State Changed from EnteringMap to WaitingToStart
[2017.02.28-01.57.08:192][431]LogGameMode:Display: Match State Changed from WaitingToStart to InProgress
[2017.02.28-01.57.08:194][431]LogGameState: Match State Changed from WaitingToStart to InProgress
[2017.02.28-01.57.08:198][431]PIE: Info Play in editor start time for /Game/ThirdPersonBP/Maps/UEDPIE_0_ThirdPersonExampleMap 0.539
[2017.02.28-01.57.08:198][431]LogBlueprintUserMessages: Late PlayInEditor Detection: Level '/Game/ThirdPersonBP/Maps/ThirdPersonExampleMap.ThirdPersonExampleMap:PersistentLevel' has LevelScriptBlueprint '/Game/ThirdPersonBP/Maps/ThirdPersonExampleMap.ThirdPersonExampleMap:PersistentLevel.ThirdPersonExampleMap' with GeneratedClass '/Game/ThirdPersonBP/Maps/ThirdPersonExampleMap.ThirdPersonExampleMap_C' with ClassGeneratedBy '/Game/ThirdPersonBP/Maps/ThirdPersonExampleMap.ThirdPersonExampleMap:PersistentLevel.ThirdPersonExampleMap'
[2017.02.28-01.57.09:321][530]LogBlueprintUserMessages: Early EndPlayMap Detection: Level '/Game/ThirdPersonBP/Maps/ThirdPersonExampleMap.ThirdPersonExampleMap:PersistentLevel' has LevelScriptBlueprint '/Game/ThirdPersonBP/Maps/ThirdPersonExampleMap.ThirdPersonExampleMap:PersistentLevel.ThirdPersonExampleMap' with GeneratedClass '/Game/ThirdPersonBP/Maps/ThirdPersonExampleMap.ThirdPersonExampleMap_C' with ClassGeneratedBy '/Game/ThirdPersonBP/Maps/ThirdPersonExampleMap.ThirdPersonExampleMap:PersistentLevel.ThirdPersonExampleMap'
[2017.02.28-01.57.09:390][530]LogBlueprintUserMessages: Late EndPlayMap Detection: Level '/Game/ThirdPersonBP/Maps/ThirdPersonExampleMap.ThirdPersonExampleMap:PersistentLevel' has LevelScriptBlueprint '/Game/ThirdPersonBP/Maps/ThirdPersonExampleMap.ThirdPersonExampleMap:PersistentLevel.ThirdPersonExampleMap' with GeneratedClass '/Game/ThirdPersonBP/Maps/ThirdPersonExampleMap.ThirdPersonExampleMap_C' with ClassGeneratedBy '/Game/ThirdPersonBP/Maps/ThirdPersonExampleMap.ThirdPersonExampleMap:PersistentLevel.ThirdPersonExampleMap'
[2017.02.28-01.57.13:282][608]Cmd: QUIT_EDITOR
[2017.02.28-01.57.13:739][608]LogWindowsTextInputMethodSystem:Display: IME system now deactivated.
[2017.02.28-01.57.13:802][608]LogExit: Preparing to exit.
[2017.02.28-01.57.14:938][608]LogDirectoryWatcher: A directory notification for 'C:/Users/l201428515/Documents/Unreal Projects/InventoryAndSave/Content/' was aborted.
[2017.02.28-01.57.14:954][608]LogExit: Editor shut down
[2017.02.28-01.57.14:955][608]LogExit: Transaction tracking system shut down
[2017.02.28-01.57.15:063][608]LogObj: Freed 0b from 0 cluster array pools.
[2017.02.28-01.57.15:063][608]LogExit: Object subsystem successfully closed.
[2017.02.28-01.57.15:075][608]LogD3D11RHI: Shutdown
[2017.02.28-01.57.15:075][608]LogD3D11RHI: CleanupD3DDevice
[2017.02.28-01.57.15:214][608]LogD3D11RHI: ~FD3D11DynamicRHI
[2017.02.28-01.57.15:231][608]LogModuleManager: Shutting down and abandoning module MovieSceneCapture (234)
[2017.02.28-01.57.15:231][608]LogModuleManager: Shutting down and abandoning module HierarchicalLODOutliner (233)
[2017.02.28-01.57.15:231][608]LogModuleManager: Shutting down and abandoning module CrashTracker (232)
[2017.02.28-01.57.15:231][608]LogModuleManager: Shutting down and abandoning module SceneOutliner (231)
[2017.02.28-01.57.15:231][608]LogModuleManager: Shutting down and abandoning module WidgetCarousel (230)
[2017.02.28-01.57.15:231][608]LogModuleManager: Shutting down and abandoning module AddContentDialog (229)
[2017.02.28-01.57.15:231][608]LogDirectoryWatcher: A directory notification for 'C:/Program Files/Epic Games/UE_4.13/FeaturePacks/' was aborted.
[2017.02.28-01.57.15:234][608]LogModuleManager: Shutting down and abandoning module GameplayTags (228)
[2017.02.28-01.57.15:234][608]LogModuleManager: Shutting down and abandoning module EditorWidgets (227)
[2017.02.28-01.57.15:234][608]LogModuleManager: Shutting down and abandoning module CollectionManager (226)
[2017.02.28-01.57.15:234][608]LogDirectoryWatcher: A directory notification for 'C:/Users/l201428515/Documents/Unreal Projects/InventoryAndSave/Content/Collections/' was aborted.
[2017.02.28-01.57.15:235][608]LogDirectoryWatcher: A directory notification for 'C:/Users/l201428515/Documents/Unreal Projects/InventoryAndSave/Content/Developers/L201428515/Collections/' was aborted.
[2017.02.28-01.57.15:235][608]LogDirectoryWatcher: A directory notification for 'C:/Users/l201428515/Documents/Unreal Projects/InventoryAndSave/Saved/Collections/' was aborted.
[2017.02.28-01.57.15:235][608]LogModuleManager: Shutting down and abandoning module StatsViewer (225)
[2017.02.28-01.57.15:235][608]LogModuleManager: Shutting down and abandoning module FoliageEdit (224)
[2017.02.28-01.57.15:235][608]LogModuleManager: Shutting down and abandoning module LandscapeEditor (223)
[2017.02.28-01.57.15:235][608]LogModuleManager: Shutting down and abandoning module SceneDepthPickerMode (222)
[2017.02.28-01.57.15:235][608]LogModuleManager: Shutting down and abandoning module ActorPickerMode (221)
[2017.02.28-01.57.15:235][608]LogModuleManager: Shutting down and abandoning module GeometryMode (220)
[2017.02.28-01.57.15:235][608]LogModuleManager: Shutting down and abandoning module TextureAlignMode (219)
[2017.02.28-01.57.15:235][608]LogModuleManager: Shutting down and abandoning module BspMode (218)
[2017.02.28-01.57.15:235][608]LogModuleManager: Shutting down and abandoning module HardwareSurvey (217)
[2017.02.28-01.57.15:235][608]LogModuleManager: Shutting down and abandoning module SequenceRecorderSections (216)
[2017.02.28-01.57.15:235][608]LogModuleManager: Shutting down and abandoning module SequenceRecorder (215)
[2017.02.28-01.57.15:235][608]LogModuleManager: Shutting down and abandoning module AutomationWorker (214)
[2017.02.28-01.57.15:235][608]LogModuleManager: Shutting down and abandoning module MatineeToLevelSequence (213)
[2017.02.28-01.57.15:235][608]LogModuleManager: Shutting down and abandoning module PlacementMode (212)
[2017.02.28-01.57.15:235][608]LogModuleManager: Shutting down and abandoning module LevelSequenceEditor (211)
[2017.02.28-01.57.15:235][608]LogModuleManager: Shutting down and abandoning module WmfMediaFactory (210)
[2017.02.28-01.57.15:235][608]LogModuleManager: Shutting down and abandoning module WmfMediaEditor (209)
[2017.02.28-01.57.15:235][608]LogModuleManager: Shutting down and abandoning module AvfMediaFactory (208)
[2017.02.28-01.57.15:235][608]LogModuleManager: Shutting down and abandoning module AvfMediaEditor (207)
[2017.02.28-01.57.15:235][608]LogModuleManager: Shutting down and abandoning module Media (206)
[2017.02.28-01.57.15:235][608]LogModuleManager: Shutting down and abandoning module AndroidMediaFactory (205)
[2017.02.28-01.57.15:235][608]LogModuleManager: Shutting down and abandoning module AndroidMediaEditor (204)
[2017.02.28-01.57.15:235][608]LogModuleManager: Shutting down and abandoning module CharacterAI (203)
[2017.02.28-01.57.15:235][608]LogModuleManager: Shutting down and abandoning module SmartSnapping (202)
[2017.02.28-01.57.15:235][608]LogModuleManager: Shutting down and abandoning module SessionServices (201)
[2017.02.28-01.57.15:235][608]LogModuleManager: Shutting down and abandoning module ViewportSnapping (200)
[2017.02.28-01.57.15:235][608]LogModuleManager: Shutting down and abandoning module ViewportInteraction (199)
[2017.02.28-01.57.15:235][608]LogModuleManager: Shutting down and abandoning module LogVisualizer (198)
[2017.02.28-01.57.15:235][608]LogModuleManager: Shutting down and abandoning module GameProjectGeneration (197)
[2017.02.28-01.57.15:235][608]LogModuleManager: Shutting down and abandoning module IntroTutorials (196)
[2017.02.28-01.57.15:235][608]LogModuleManager: Shutting down and abandoning module EditorLiveStreaming (195)
[2017.02.28-01.57.15:235][608]LogModuleManager: Shutting down and abandoning module IOSPlatformEditor (194)
[2017.02.28-01.57.15:235][608]LogModuleManager: Shutting down and abandoning module HTML5PlatformEditor (193)
[2017.02.28-01.57.15:235][608]LogModuleManager: Shutting down and abandoning module AndroidDeviceDetection (192)
[2017.02.28-01.57.15:614][608]LogModuleManager: Shutting down and abandoning module AndroidPlatformEditor (191)
[2017.02.28-01.57.15:615][608]LogModuleManager: Shutting down and abandoning module IOSRuntimeSettings (190)
[2017.02.28-01.57.15:615][608]LogModuleManager: Shutting down and abandoning module AndroidRuntimeSettings (189)
[2017.02.28-01.57.15:615][608]LogModuleManager: Shutting down and abandoning module NiagaraEditor (188)
[2017.02.28-01.57.15:615][608]LogModuleManager: Shutting down and abandoning module MergeActors (187)
[2017.02.28-01.57.15:615][608]LogModuleManager: Shutting down and abandoning module SizeMap (186)
[2017.02.28-01.57.15:615][608]LogModuleManager: Shutting down and abandoning module TreeMap (185)
[2017.02.28-01.57.15:615][608]LogModuleManager: Shutting down and abandoning module ReferenceViewer (184)
[2017.02.28-01.57.15:615][608]LogModuleManager: Shutting down and abandoning module LocalizationService (183)
[2017.02.28-01.57.15:615][608]LogModuleManager: Shutting down and abandoning module LocalizationDashboard (182)
[2017.02.28-01.57.15:615][608]LogModuleManager: Shutting down and abandoning module HardwareTargeting (181)
[2017.02.28-01.57.15:615][608]LogModuleManager: Shutting down and abandoning module DeviceProfileEditor (180)
[2017.02.28-01.57.15:615][608]LogModuleManager: Shutting down and abandoning module UndoHistory (179)
[2017.02.28-01.57.15:615][608]LogModuleManager: Shutting down and abandoning module UserFeedback (178)
[2017.02.28-01.57.15:615][608]LogModuleManager: Shutting down and abandoning module XmlParser (177)
[2017.02.28-01.57.15:615][608]LogModuleManager: Shutting down and abandoning module Blutility (176)
[2017.02.28-01.57.15:615][608]LogModuleManager: Shutting down and abandoning module ProjectTargetPlatformEditor (175)
[2017.02.28-01.57.15:615][608]LogModuleManager: Shutting down and abandoning module ProjectSettingsViewer (174)
[2017.02.28-01.57.15:615][608]LogModuleManager: Shutting down and abandoning module InputBindingEditor (173)
[2017.02.28-01.57.15:615][608]LogModuleManager: Shutting down and abandoning module EditorSettingsViewer (172)
[2017.02.28-01.57.15:615][608]LogModuleManager: Shutting down and abandoning module SettingsEditor (171)
[2017.02.28-01.57.15:615][608]LogModuleManager: Shutting down and abandoning module ProjectLauncher (170)
[2017.02.28-01.57.15:615][608]LogModuleManager: Shutting down and abandoning module SessionFrontend (169)
[2017.02.28-01.57.15:615][608]LogModuleManager: Shutting down and abandoning module ProfilerClient (168)
[2017.02.28-01.57.15:615][608]LogModuleManager: Shutting down and abandoning module TargetDeviceServices (167)
[2017.02.28-01.57.15:615][608]LogModuleManager: Shutting down and abandoning module DeviceManager (166)
[2017.02.28-01.57.15:669][608]LogModuleManager: Shutting down and abandoning module AutomationController (165)
[2017.02.28-01.57.15:669][608]LogModuleManager: Shutting down and abandoning module AutomationWindow (164)
[2017.02.28-01.57.15:669][608]LogModuleManager: Shutting down and abandoning module Layers (163)
[2017.02.28-01.57.15:669][608]LogModuleManager: Shutting down and abandoning module ComponentVisualizers (162)
[2017.02.28-01.57.15:669][608]LogModuleManager: Shutting down and abandoning module DetailCustomizations (161)
[2017.02.28-01.57.15:669][608]LogModuleManager: Shutting down and abandoning module PackagesDialog (160)
[2017.02.28-01.57.15:669][608]LogModuleManager: Shutting down and abandoning module AnimGraph (159)
[2017.02.28-01.57.15:669][608]LogModuleManager: Shutting down and abandoning module Persona (158)
[2017.02.28-01.57.15:669][608]LogModuleManager: Shutting down and abandoning module Kismet (157)
[2017.02.28-01.57.15:670][608]LogModuleManager: Shutting down and abandoning module GraphEditor (156)
[2017.02.28-01.57.15:670][608]LogModuleManager: Shutting down and abandoning module ClassViewer (155)
[2017.02.28-01.57.15:672][608]LogModuleManager: Shutting down and abandoning module Toolbox (154)
[2017.02.28-01.57.15:672][608]LogModuleManager: Shutting down and abandoning module ModuleUI (153)
[2017.02.28-01.57.15:672][608]LogModuleManager: Shutting down and abandoning module MovieSceneTools (152)
[2017.02.28-01.57.15:672][608]LogModuleManager: Shutting down and abandoning module OutputLog (151)
[2017.02.28-01.57.15:672][608]LogModuleManager: Shutting down and abandoning module GammaUI (150)
[2017.02.28-01.57.15:672][608]LogModuleManager: Shutting down and abandoning module Documentation (149)
[2017.02.28-01.57.15:672][608]LogModuleManager: Shutting down and abandoning module Niagara (148)
[2017.02.28-01.57.15:672][608]LogModuleManager: Shutting down and abandoning module StreamingPauseRendering (147)
[2017.02.28-01.57.15:672][608]LogModuleManager: Shutting down and abandoning module AnalyticsET (146)
[2017.02.28-01.57.15:672][608]LogModuleManager: Shutting down and abandoning module PortalServices (145)
[2017.02.28-01.57.15:672][608]LogModuleManager: Shutting down and abandoning module PortalRpc (144)
[2017.02.28-01.57.15:672][608]LogModuleManager: Shutting down and abandoning module MessagingRpc (143)
[2017.02.28-01.57.15:672][608]LogModuleManager: Shutting down and abandoning module GameplayDebugger (142)
[2017.02.28-01.57.15:672][608]LogModuleManager: Shutting down and abandoning module AITestSuite (141)
[2017.02.28-01.57.15:672][608]LogModuleManager: Shutting down and abandoning module AIModule (140)
[2017.02.28-01.57.15:672][608]LogModuleManager: Shutting down and abandoning module ProfilerService (139)
[2017.02.28-01.57.15:673][608]LogModuleManager: Shutting down and abandoning module TaskGraph (138)
[2017.02.28-01.57.15:673][608]LogModuleManager: Shutting down and abandoning module SlateRemote (137)
[2017.02.28-01.57.15:673][608]LogModuleManager: Shutting down and abandoning module SteamVRController (136)
[2017.02.28-01.57.15:673][608]LogModuleManager: Shutting down and abandoning module SteamVR (135)
[2017.02.28-01.57.15:673][608]LogModuleManager: Shutting down and abandoning module ProceduralMeshComponentEditor (134)
[2017.02.28-01.57.15:673][608]LogModuleManager: Shutting down and abandoning module ProceduralMeshComponent (133)
[2017.02.28-01.57.15:673][608]LogModuleManager: Shutting down and abandoning module OculusLibrary (132)
[2017.02.28-01.57.15:673][608]LogModuleManager: Shutting down and abandoning module OculusInput (131)
[2017.02.28-01.57.15:673][608]LogModuleManager: Shutting down and abandoning module CustomMeshComponent (130)
[2017.02.28-01.57.15:673][608]LogModuleManager: Shutting down and abandoning module CableComponent (129)
[2017.02.28-01.57.15:673][608]LogModuleManager: Shutting down and abandoning module ArchVisCharacter (128)
[2017.02.28-01.57.15:673][608]LogModuleManager: Shutting down and abandoning module MediaPlayerEditor (126)
[2017.02.28-01.57.15:673][608]LogModuleManager: Shutting down and abandoning module HTML5Networking (125)
[2017.02.28-01.57.15:673][608]LogModuleManager: Shutting down and abandoning module GeometryCacheEd (124)
[2017.02.28-01.57.15:673][608]LogModuleManager: Shutting down and abandoning module GeometryCache (123)
[2017.02.28-01.57.15:673][608]LogModuleManager: Shutting down and abandoning module AlembicLibrary (122)
[2017.02.28-01.57.15:673][608]LogModuleManager: Shutting down and abandoning module AlembicImporter (121)
[2017.02.28-01.57.15:673][608]LogModuleManager: Shutting down and abandoning module SuperSearch (120)
[2017.02.28-01.57.15:673][608]LogModuleManager: Shutting down and abandoning module SuperSearchEditor (119)
[2017.02.28-01.57.15:673][608]LogModuleManager: Shutting down and abandoning module SpeedTreeImporter (118)
[2017.02.28-01.57.15:673][608]LogModuleManager: Shutting down and abandoning module PluginBrowser (117)
[2017.02.28-01.57.15:673][608]LogModuleManager: Shutting down and abandoning module MobileLauncherProfileWizard (116)
[2017.02.28-01.57.15:673][608]LogModuleManager: Shutting down and abandoning module EpicSurvey (115)
[2017.02.28-01.57.15:673][608]LogModuleManager: Shutting down and abandoning module DesktopPlatform (114)
[2017.02.28-01.57.15:673][608]LogModuleManager: Shutting down and abandoning module VisualStudioSourceCodeAccess (113)
[2017.02.28-01.57.15:673][608]LogModuleManager: Shutting down and abandoning module UObjectPlugin (112)
[2017.02.28-01.57.15:673][608]LogModuleManager: Shutting down and abandoning module SubversionSourceControl (111)
[2017.02.28-01.57.15:673][608]LogModuleManager: Shutting down and abandoning module PerforceSourceControl (110)
[2017.02.28-01.57.15:673][608]LogModuleManager: Shutting down and abandoning module SourceControl (109)
[2017.02.28-01.57.15:673][608]LogModuleManager: Shutting down and abandoning module GitSourceControl (108)
[2017.02.28-01.57.15:673][608]LogModuleManager: Shutting down and abandoning module LightPropagationVolumeEditor (107)
[2017.02.28-01.57.15:673][608]LogModuleManager: Shutting down and abandoning module PaperTiledImporter (106)
[2017.02.28-01.57.15:673][608]LogModuleManager: Shutting down and abandoning module PaperSpriteSheetImporter (105)
[2017.02.28-01.57.15:673][608]LogModuleManager: Shutting down and abandoning module MeshPaint (104)
[2017.02.28-01.57.15:673][608]LogModuleManager: Shutting down and abandoning module FbxAutomationBuilderModule (103)
[2017.02.28-01.57.15:673][608]LogModuleManager: Shutting down and abandoning module PixelInspectorModule (102)
[2017.02.28-01.57.15:674][608]LogModuleManager: Shutting down and abandoning module HotReload (101)
[2017.02.28-01.57.15:674][608]LogModuleManager: Shutting down and abandoning module MainFrame (100)
[2017.02.28-01.57.15:674][608]LogModuleManager: Shutting down and abandoning module LevelEditor (99)
[2017.02.28-01.57.15:675][608]LogModuleManager: Shutting down and abandoning module ContentBrowser (98)
[2017.02.28-01.57.15:675][608]LogModuleManager: Shutting down and abandoning module Paper2DEditor (97)
[2017.02.28-01.57.15:675][608]LogModuleManager: Shutting down and abandoning module UdpMessaging (96)
[2017.02.28-01.57.15:776][608]LogModuleManager: Shutting down and abandoning module TcpMessaging (95)
[2017.02.28-01.57.15:876][608]LogModuleManager: Shutting down and abandoning module LightPropagationVolumeRuntime (94)
[2017.02.28-01.57.15:876][608]LogModuleManager: Shutting down and abandoning module Paper2D (93)
[2017.02.28-01.57.15:876][608]LogModuleManager: Shutting down and abandoning module WindowsMoviePlayer (92)
[2017.02.28-01.57.15:876][608]LogModuleManager: Shutting down and abandoning module WmfMedia (91)
[2017.02.28-01.57.15:876][608]LogModuleManager: Shutting down and abandoning module MediaAssets (90)
[2017.02.28-01.57.15:876][608]LogModuleManager: Shutting down and abandoning module GameLiveStreaming (89)
[2017.02.28-01.57.15:876][608]LogModuleManager: Shutting down and abandoning module GameplayTagsEditor (88)
[2017.02.28-01.57.15:876][608]LogModuleManager: Shutting down and abandoning module VREditor (87)
[2017.02.28-01.57.15:876][608]LogModuleManager: Shutting down and abandoning module GameplayTasksEditor (86)
[2017.02.28-01.57.15:876][608]LogModuleManager: Shutting down and abandoning module PropertyEditor (85)
[2017.02.28-01.57.15:876][608]LogModuleManager: Shutting down and abandoning module BehaviorTreeEditor (84)
[2017.02.28-01.57.15:876][608]LogModuleManager: Shutting down and abandoning module FunctionalTesting (83)
[2017.02.28-01.57.15:876][608]LogModuleManager: Shutting down and abandoning module CollisionAnalyzer (82)
[2017.02.28-01.57.15:876][608]LogModuleManager: Shutting down and abandoning module Sequencer (81)
[2017.02.28-01.57.15:876][608]LogModuleManager: Shutting down and abandoning module WorkspaceMenuStructure (80)
[2017.02.28-01.57.15:876][608]LogModuleManager: Shutting down and abandoning module MessageLog (79)
[2017.02.28-01.57.15:876][608]LogModuleManager: Shutting down and abandoning module AssetTools (78)
[2017.02.28-01.57.15:876][608]LogModuleManager: Shutting down and abandoning module UMGEditor (77)
[2017.02.28-01.57.15:876][608]LogModuleManager: Shutting down and abandoning module UMG (76)
[2017.02.28-01.57.15:876][608]LogModuleManager: Shutting down and abandoning module SlateReflector (75)
[2017.02.28-01.57.15:876][608]LogModuleManager: Shutting down and abandoning module Slate (74)
[2017.02.28-01.57.15:876][608]LogModuleManager: Shutting down and abandoning module EditorStyle (73)
[2017.02.28-01.57.15:879][608]LogModuleManager: Shutting down and abandoning module SourceCodeAccess (72)
[2017.02.28-01.57.15:879][608]LogModuleManager: Shutting down and abandoning module HeadMountedDisplay (71)
[2017.02.28-01.57.15:879][608]LogModuleManager: Shutting down and abandoning module XAudio2 (70)
[2017.02.28-01.57.15:879][608]LogModuleManager: Shutting down and abandoning module Networking (68)
[2017.02.28-01.57.15:879][608]LogModuleManager: Shutting down and abandoning module Core (67)
[2017.02.28-01.57.15:879][608]LogModuleManager: Shutting down and abandoning module DirectoryWatcher (66)
[2017.02.28-01.57.15:879][608]LogDirectoryWatcher: A directory notification for '../../../Engine/Content/' was aborted.
[2017.02.28-01.57.15:879][608]LogDirectoryWatcher: A directory notification for '../../../../../../Users/l201428515/Documents/Unreal Projects/InventoryAndSave/Content/' was aborted.
[2017.02.28-01.57.15:879][608]LogDirectoryWatcher: A directory notification for '../../../Engine/Plugins/2D/Paper2D/Content/' was aborted.
[2017.02.28-01.57.15:880][608]LogModuleManager: Shutting down and abandoning module AssetRegistry (65)
[2017.02.28-01.57.15:957][608]LogModuleManager: Shutting down and abandoning module KismetCompiler (64)
[2017.02.28-01.57.15:957][608]LogModuleManager: Shutting down and abandoning module PhysXFormats (63)
[2017.02.28-01.57.15:957][608]LogModuleManager: Shutting down and abandoning module MeshUtilities (62)
[2017.02.28-01.57.15:957][608]LogModuleManager: Shutting down and abandoning module DerivedDataCache (61)
[2017.02.28-01.57.15:969][608]LogDerivedDataCache: Shutdown
[2017.02.28-01.57.15:970][608]LogModuleManager: Shutting down and abandoning module VulkanShaderFormat (60)
[2017.02.28-01.57.15:970][608]LogModuleManager: Shutting down and abandoning module ShaderFormatOpenGL (59)
[2017.02.28-01.57.15:970][608]LogModuleManager: Shutting down and abandoning module ShaderFormatD3D (58)
[2017.02.28-01.57.15:970][608]LogModuleManager: Shutting down and abandoning module MetalShaderFormat (57)
[2017.02.28-01.57.15:970][608]LogModuleManager: Shutting down and abandoning module TextureFormatUncompressed (56)
[2017.02.28-01.57.15:970][608]LogModuleManager: Shutting down and abandoning module TextureFormatPVR (55)
[2017.02.28-01.57.15:970][608]LogModuleManager: Shutting down and abandoning module TextureFormatDXT (54)
[2017.02.28-01.57.15:970][608]LogModuleManager: Shutting down and abandoning module TextureFormatIntelISPCTexComp (53)
[2017.02.28-01.57.15:970][608]LogModuleManager: Shutting down and abandoning module ImageWrapper (52)
[2017.02.28-01.57.15:970][608]LogModuleManager: Shutting down and abandoning module TextureFormatASTC (51)
[2017.02.28-01.57.15:970][608]LogModuleManager: Shutting down and abandoning module TextureFormatAndroid (50)
[2017.02.28-01.57.15:970][608]LogModuleManager: Shutting down and abandoning module AudioFormatOpus (49)
[2017.02.28-01.57.15:970][608]LogModuleManager: Shutting down and abandoning module AudioFormatOgg (48)
[2017.02.28-01.57.15:970][608]LogModuleManager: Shutting down and abandoning module AudioFormatADPCM (47)
[2017.02.28-01.57.15:970][608]LogModuleManager: Shutting down and abandoning module LinuxTargetPlatform (46)
[2017.02.28-01.57.15:970][608]LogModuleManager: Shutting down and abandoning module LinuxServerTargetPlatform (45)
[2017.02.28-01.57.15:970][608]LogModuleManager: Shutting down and abandoning module LinuxNoEditorTargetPlatform (44)
[2017.02.28-01.57.15:970][608]LogModuleManager: Shutting down and abandoning module LinuxClientTargetPlatform (43)
[2017.02.28-01.57.15:970][608]LogModuleManager: Shutting down and abandoning module TVOSTargetPlatform (42)
[2017.02.28-01.57.15:970][608]LogModuleManager: Shutting down and abandoning module Messaging (41)
[2017.02.28-01.57.15:970][608]LogModuleManager: Shutting down and abandoning module IOSTargetPlatform (40)
[2017.02.28-01.57.15:970][608]LogModuleManager: Shutting down and abandoning module HTML5TargetPlatform (39)
[2017.02.28-01.57.15:970][608]LogModuleManager: Shutting down and abandoning module Android_PVRTCTargetPlatform (38)
[2017.02.28-01.57.15:970][608]LogModuleManager: Shutting down and abandoning module Android_MultiTargetPlatform (37)
[2017.02.28-01.57.15:970][608]LogModuleManager: Shutting down and abandoning module Android_ETC2TargetPlatform (36)
[2017.02.28-01.57.15:970][608]LogModuleManager: Shutting down and abandoning module Android_ETC1TargetPlatform (35)
[2017.02.28-01.57.15:970][608]LogModuleManager: Shutting down and abandoning module Android_DXTTargetPlatform (34)
[2017.02.28-01.57.15:970][608]LogModuleManager: Shutting down and abandoning module Android_ATCTargetPlatform (33)
[2017.02.28-01.57.15:970][608]LogModuleManager: Shutting down and abandoning module Android_ASTCTargetPlatform (32)
[2017.02.28-01.57.15:970][608]LogModuleManager: Shutting down and abandoning module AndroidTargetPlatform (31)
[2017.02.28-01.57.15:970][608]LogModuleManager: Shutting down and abandoning module WindowsTargetPlatform (30)
[2017.02.28-01.57.15:970][608]LogModuleManager: Shutting down and abandoning module WindowsServerTargetPlatform (29)
[2017.02.28-01.57.15:970][608]LogModuleManager: Shutting down and abandoning module WindowsNoEditorTargetPlatform (28)
[2017.02.28-01.57.15:970][608]LogModuleManager: Shutting down and abandoning module WindowsClientTargetPlatform (27)
[2017.02.28-01.57.15:970][608]LogModuleManager: Shutting down and abandoning module AllDesktopTargetPlatform (26)
[2017.02.28-01.57.15:970][608]LogModuleManager: Shutting down and abandoning module TargetPlatform (25)
[2017.02.28-01.57.15:970][608]LogModuleManager: Shutting down and abandoning module InputCore (24)
[2017.02.28-01.57.15:970][608]LogModuleManager: Shutting down and abandoning module Settings (23)
[2017.02.28-01.57.15:970][608]LogModuleManager: Shutting down and abandoning module OculusRift (22)
[2017.02.28-01.57.15:970][608]LogModuleManager: Shutting down and abandoning module GearVR (21)
[2017.02.28-01.57.15:970][608]LogModuleManager: Shutting down and abandoning module ExampleDeviceProfileSelector (20)
[2017.02.28-01.57.15:970][608]LogModuleManager: Shutting down and abandoning module OnlineBlueprintSupport (19)
[2017.02.28-01.57.15:970][608]LogModuleManager: Shutting down and abandoning module OnlineSubsystem (17)
[2017.02.28-01.57.15:970][608]LogOnline:Display: Unloading online subsystem: NULL
[2017.02.28-01.57.15:970][608]LogModuleManager: Shutting down and abandoning module HTTP (16)
[2017.02.28-01.57.15:970][608]LogHttp:Display: Http module shutting down, but needs to wait on 1 outstanding Http requests:
[2017.02.28-01.57.15:970][608]LogHttp:Display: 	verb=[POST] url=[https://datarouter.ol.epicgames.com/datarouter/api/v1/public/data?SessionID=%7B2531E201-4054-2671-8B7B-E1866EDB8A2D%7D&AppID=UEEditor.Rocket.Release&AppVersion=4.13.2-3172292%2B%2B%2BUE4%2BRelease-4.13&UserID=2d7e80f84c9c4a559042a5a38fe0b6d7%7C%7C7e125931-a717-4dbe-a2e4-f63668e10334&AppEnvironment=datacollector-binary&UploadType=eteventstream] status=Processing
[2017.02.28-01.57.15:985][608]LogModuleManager: Shutting down and abandoning module XMPP (15)
[2017.02.28-01.57.15:986][608]LogModuleManager: Shutting down and abandoning module TextureCompressor (14)
[2017.02.28-01.57.15:986][608]LogModuleManager: Shutting down and abandoning module ShaderCore (13)
[2017.02.28-01.57.15:986][608]LogModuleManager: Shutting down and abandoning module Landscape (12)
[2017.02.28-01.57.15:986][608]LogModuleManager: Shutting down and abandoning module SlateRHIRenderer (11)
[2017.02.28-01.57.15:987][608]LogModuleManager: Shutting down and abandoning module OpenGLDrv (10)
[2017.02.28-01.57.15:987][608]LogModuleManager: Shutting down and abandoning module D3D11RHI (9)
[2017.02.28-01.57.15:987][608]LogModuleManager: Shutting down and abandoning module AnimGraphRuntime (8)
[2017.02.28-01.57.15:987][608]LogModuleManager: Shutting down and abandoning module Renderer (7)
[2017.02.28-01.57.15:987][608]LogModuleManager: Shutting down and abandoning module Engine (6)
[2017.02.28-01.57.15:987][608]LogModuleManager: Shutting down and abandoning module CoreUObject (5)
[2017.02.28-01.57.15:987][608]LogModuleManager: Shutting down and abandoning module NetworkFile (4)
[2017.02.28-01.57.15:987][608]LogModuleManager: Shutting down and abandoning module StreamingFile (3)
[2017.02.28-01.57.15:987][608]LogModuleManager: Shutting down and abandoning module SandboxFile (2)
[2017.02.28-01.57.15:987][608]LogModuleManager: Shutting down and abandoning module PakFile (1)
[2017.02.28-01.57.15:988][608]LogExit: Exiting.
[2017.02.28-01.57.15:990][608]Log file closed, 02/28/17 12:57:15
