Log file open, 03/07/17 11:49:48
LogInit:Display: Running engine for game: InventoryAndSave
LogPlatformFile: Not using cached read wrapper
LogInit:Display: RandInit(-91063368) SRandInit(-91063368).
LogTaskGraph: Started task graph with 5 named threads and 8 total threads with 1 sets of task threads.
LogStats: Stats thread started at 0.069276
LogPluginManager: Loaded Plugin Paper2D, From C:/Program Files/Epic Games/UE_4.13/Engine/Plugins/2D/Paper2D/Paper2D.uplugin
LogPluginManager: Loaded Plugin LightPropagationVolume, From C:/Program Files/Epic Games/UE_4.13/Engine/Plugins/Blendables/LightPropagationVolume/LightPropagationVolume.uplugin
LogPluginManager: Loaded Plugin BlankPlugin, From C:/Program Files/Epic Games/UE_4.13/Engine/Plugins/Developer/BlankPlugin/BlankPlugin.uplugin
LogPluginManager: Loaded Plugin CodeLiteSourceCodeAccess, From C:/Program Files/Epic Games/UE_4.13/Engine/Plugins/Developer/CodeLiteSourceCodeAccess/CodeLiteSourceCodeAccess.uplugin
LogPluginManager: Loaded Plugin GitSourceControl, From C:/Program Files/Epic Games/UE_4.13/Engine/Plugins/Developer/GitSourceControl/GitSourceControl.uplugin
LogPluginManager: Loaded Plugin KDevelopSourceCodeAccess, From C:/Program Files/Epic Games/UE_4.13/Engine/Plugins/Developer/KDevelopSourceCodeAccess/KDevelopSourceCodeAccess.uplugin
LogPluginManager: Loaded Plugin NullSourceCodeAccess, From C:/Program Files/Epic Games/UE_4.13/Engine/Plugins/Developer/NullSourceCodeAccess/NullSourceCodeAccess.uplugin
LogPluginManager: Loaded Plugin OneSkyLocalizationService, From C:/Program Files/Epic Games/UE_4.13/Engine/Plugins/Developer/OneSkyLocalizationService/OneSkyLocalizationService.uplugin
LogPluginManager: Loaded Plugin PerforceSourceControl, From C:/Program Files/Epic Games/UE_4.13/Engine/Plugins/Developer/PerforceSourceControl/PerforceSourceControl.uplugin
LogPluginManager: Loaded Plugin SubversionSourceControl, From C:/Program Files/Epic Games/UE_4.13/Engine/Plugins/Developer/SubversionSourceControl/SubversionSourceControl.uplugin
LogPluginManager: Loaded Plugin UObjectPlugin, From C:/Program Files/Epic Games/UE_4.13/Engine/Plugins/Developer/UObjectPlugin/UObjectPlugin.uplugin
LogPluginManager: Loaded Plugin VisualStudioSourceCodeAccess, From C:/Program Files/Epic Games/UE_4.13/Engine/Plugins/Developer/VisualStudioSourceCodeAccess/VisualStudioSourceCodeAccess.uplugin
LogPluginManager: Loaded Plugin XCodeSourceCodeAccess, From C:/Program Files/Epic Games/UE_4.13/Engine/Plugins/Developer/XCodeSourceCodeAccess/XCodeSourceCodeAccess.uplugin
LogPluginManager: Loaded Plugin EpicSurvey, From C:/Program Files/Epic Games/UE_4.13/Engine/Plugins/Editor/EpicSurvey/EpicSurvey.uplugin
LogPluginManager: Loaded Plugin MacGraphicsSwitching, From C:/Program Files/Epic Games/UE_4.13/Engine/Plugins/Editor/MacGraphicsSwitching/MacGraphicsSwitching.uplugin
LogPluginManager: Loaded Plugin MobileLauncherProfileWizard, From C:/Program Files/Epic Games/UE_4.13/Engine/Plugins/Editor/MobileLauncherProfileWizard/MobileLauncherProfileWizard.uplugin
LogPluginManager: Loaded Plugin PluginBrowser, From C:/Program Files/Epic Games/UE_4.13/Engine/Plugins/Editor/PluginBrowser/PluginBrowser.uplugin
LogPluginManager: Loaded Plugin SpeedTreeImporter, From C:/Program Files/Epic Games/UE_4.13/Engine/Plugins/Editor/SpeedTreeImporter/SpeedTreeImporter.uplugin
LogPluginManager: Loaded Plugin SuperSearchEditor, From C:/Program Files/Epic Games/UE_4.13/Engine/Plugins/Editor/SuperSearchEditor/SuperSearchEditor.uplugin
LogPluginManager: Loaded Plugin AlembicImporter, From C:/Program Files/Epic Games/UE_4.13/Engine/Plugins/Experimental/AlembicImporter/AlembicImporter.uplugin
LogPluginManager: Loaded Plugin BlueprintStats, From C:/Program Files/Epic Games/UE_4.13/Engine/Plugins/Experimental/BlueprintStats/BlueprintStats.uplugin
LogPluginManager: Loaded Plugin CharacterAI, From C:/Program Files/Epic Games/UE_4.13/Engine/Plugins/Experimental/CharacterAI/CharacterAI.uplugin
LogPluginManager: Loaded Plugin CodeEditor, From C:/Program Files/Epic Games/UE_4.13/Engine/Plugins/Experimental/CodeEditor/CodeEditor.uplugin
LogPluginManager: Loaded Plugin CodeView, From C:/Program Files/Epic Games/UE_4.13/Engine/Plugins/Experimental/CodeView/CodeView.uplugin
LogPluginManager: Loaded Plugin HTML5Networking, From C:/Program Files/Epic Games/UE_4.13/Engine/Plugins/Experimental/HTML5Networking/HTML5Networking.uplugin
LogPluginManager: Loaded Plugin LiveEditor, From C:/Program Files/Epic Games/UE_4.13/Engine/Plugins/Experimental/LiveEditor/LiveEditor.uplugin
LogPluginManager: Loaded Plugin OSVR, From C:/Program Files/Epic Games/UE_4.13/Engine/Plugins/Experimental/OSVR/OSVR.uplugin
LogPluginManager: Loaded Plugin Phya, From C:/Program Files/Epic Games/UE_4.13/Engine/Plugins/Experimental/Phya/Phya.uplugin
LogPluginManager: Loaded Plugin SignificanceManager, From C:/Program Files/Epic Games/UE_4.13/Engine/Plugins/Experimental/SignificanceManager/SignificanceManager.uplugin
LogPluginManager: Loaded Plugin SimpleHMD, From C:/Program Files/Epic Games/UE_4.13/Engine/Plugins/Experimental/SimpleHMD/SimpleHMD.uplugin
LogPluginManager: Loaded Plugin StereoPanorama, From C:/Program Files/Epic Games/UE_4.13/Engine/Plugins/Experimental/StereoPanorama/StereoPanorama.uplugin
LogPluginManager: Loaded Plugin StructBox, From C:/Program Files/Epic Games/UE_4.13/Engine/Plugins/Experimental/StructBox/StructBox.uplugin
LogPluginManager: Loaded Plugin AndroidMedia, From C:/Program Files/Epic Games/UE_4.13/Engine/Plugins/Media/AndroidMedia/AndroidMedia.uplugin
LogPluginManager: Loaded Plugin AvfMedia, From C:/Program Files/Epic Games/UE_4.13/Engine/Plugins/Media/AvfMedia/AvfMedia.uplugin
LogPluginManager: Loaded Plugin MediaPlayerEditor, From C:/Program Files/Epic Games/UE_4.13/Engine/Plugins/Media/MediaPlayerEditor/MediaPlayerEditor.uplugin
LogPluginManager: Loaded Plugin WmfMedia, From C:/Program Files/Epic Games/UE_4.13/Engine/Plugins/Media/WmfMedia/WmfMedia.uplugin
LogPluginManager: Loaded Plugin MessagingDebugger, From C:/Program Files/Epic Games/UE_4.13/Engine/Plugins/Messaging/MessagingDebugger/MessagingDebugger.uplugin
LogPluginManager: Loaded Plugin TcpMessaging, From C:/Program Files/Epic Games/UE_4.13/Engine/Plugins/Messaging/TcpMessaging/TcpMessaging.uplugin
LogPluginManager: Loaded Plugin UdpMessaging, From C:/Program Files/Epic Games/UE_4.13/Engine/Plugins/Messaging/UdpMessaging/UdpMessaging.uplugin
LogPluginManager: Loaded Plugin LevelSequenceEditor, From C:/Program Files/Epic Games/UE_4.13/Engine/Plugins/MovieScene/LevelSequenceEditor/LevelSequenceEditor.uplugin
LogPluginManager: Loaded Plugin MatineeToLevelSequence, From C:/Program Files/Epic Games/UE_4.13/Engine/Plugins/MovieScene/MatineeToLevelSequence/MatineeToLevelSequence.uplugin
LogPluginManager: Loaded Plugin NetcodeUnitTest, From C:/Program Files/Epic Games/UE_4.13/Engine/Plugins/NetcodeUnitTest/NetcodeUnitTest/NetcodeUnitTest.uplugin
LogPluginManager: Loaded Plugin NUTUnrealEngine4, From C:/Program Files/Epic Games/UE_4.13/Engine/Plugins/NetcodeUnitTest/NUTUnrealEngine4/NUTUnrealEngine4.uplugin
LogPluginManager: Loaded Plugin OnlineSubsystemGooglePlay, From C:/Program Files/Epic Games/UE_4.13/Engine/Plugins/Online/Android/OnlineSubsystemGooglePlay/OnlineSubsystemGooglePlay.uplugin
LogPluginManager: Loaded Plugin OnlineSubsystemIOS, From C:/Program Files/Epic Games/UE_4.13/Engine/Plugins/Online/IOS/OnlineSubsystemIOS/OnlineSubsystemIOS.uplugin
LogPluginManager: Loaded Plugin OnlineFramework, From C:/Program Files/Epic Games/UE_4.13/Engine/Plugins/Online/OnlineFramework/OnlineFramework.uplugin
LogPluginManager: Loaded Plugin OnlineSubsystem, From C:/Program Files/Epic Games/UE_4.13/Engine/Plugins/Online/OnlineSubsystem/OnlineSubsystem.uplugin
LogPluginManager: Loaded Plugin OnlineSubsystemAmazon, From C:/Program Files/Epic Games/UE_4.13/Engine/Plugins/Online/OnlineSubsystemAmazon/OnlineSubsystemAmazon.uplugin
LogPluginManager: Loaded Plugin OnlineSubsystemFacebook, From C:/Program Files/Epic Games/UE_4.13/Engine/Plugins/Online/OnlineSubsystemFacebook/OnlineSubsystemFacebook.uplugin
LogPluginManager: Loaded Plugin OnlineSubsystemNull, From C:/Program Files/Epic Games/UE_4.13/Engine/Plugins/Online/OnlineSubsystemNull/OnlineSubsystemNull.uplugin
LogPluginManager: Loaded Plugin OnlineSubsystemOculus, From C:/Program Files/Epic Games/UE_4.13/Engine/Plugins/Online/OnlineSubsystemOculus/OnlineSubsystemOculus.uplugin
LogPluginManager: Loaded Plugin OnlineSubsystemSteam, From C:/Program Files/Epic Games/UE_4.13/Engine/Plugins/Online/OnlineSubsystemSteam/OnlineSubsystemSteam.uplugin
LogPluginManager: Loaded Plugin OnlineSubsystemUtils, From C:/Program Files/Epic Games/UE_4.13/Engine/Plugins/Online/OnlineSubsystemUtils/OnlineSubsystemUtils.uplugin
LogPluginManager: Loaded Plugin IOSTapJoy, From C:/Program Files/Epic Games/UE_4.13/Engine/Plugins/Runtime/Advertising/IOSTapJoy/IOSTapJoy.uplugin
LogPluginManager: Loaded Plugin AnalyticsBlueprintLibrary, From C:/Program Files/Epic Games/UE_4.13/Engine/Plugins/Runtime/Analytics/AnalyticsBlueprintLibrary/AnalyticsBlueprintLibrary.uplugin
LogPluginManager: Loaded Plugin AnalyticsMulticast, From C:/Program Files/Epic Games/UE_4.13/Engine/Plugins/Runtime/Analytics/AnalyticsMulticast/AnalyticsMulticast.uplugin
LogPluginManager: Loaded Plugin Apsalar, From C:/Program Files/Epic Games/UE_4.13/Engine/Plugins/Runtime/Analytics/Apsalar/Apsalar.uplugin
LogPluginManager: Loaded Plugin FileLogging, From C:/Program Files/Epic Games/UE_4.13/Engine/Plugins/Runtime/Analytics/FileLogging/FileLogging.uplugin
LogPluginManager: Loaded Plugin Flurry, From C:/Program Files/Epic Games/UE_4.13/Engine/Plugins/Runtime/Analytics/Flurry/Flurry.uplugin
LogPluginManager: Loaded Plugin AndroidDeviceProfileSelector, From C:/Program Files/Epic Games/UE_4.13/Engine/Plugins/Runtime/AndroidDeviceProfileSelector/AndroidDeviceProfileSelector.uplugin
LogPluginManager: Loaded Plugin AndroidMoviePlayer, From C:/Program Files/Epic Games/UE_4.13/Engine/Plugins/Runtime/AndroidMoviePlayer/AndroidMoviePlayer.uplugin
LogPluginManager: Loaded Plugin AppleMoviePlayer, From C:/Program Files/Epic Games/UE_4.13/Engine/Plugins/Runtime/AppleMoviePlayer/AppleMoviePlayer.uplugin
LogPluginManager: Loaded Plugin ArchVisCharacter, From C:/Program Files/Epic Games/UE_4.13/Engine/Plugins/Runtime/ArchVisCharacter/ArchVisCharacter.uplugin
LogPluginManager: Loaded Plugin CableComponent, From C:/Program Files/Epic Games/UE_4.13/Engine/Plugins/Runtime/CableComponent/CableComponent.uplugin
LogPluginManager: Loaded Plugin CustomMeshComponent, From C:/Program Files/Epic Games/UE_4.13/Engine/Plugins/Runtime/CustomMeshComponent/CustomMeshComponent.uplugin
LogPluginManager: Loaded Plugin ExampleDeviceProfileSelector, From C:/Program Files/Epic Games/UE_4.13/Engine/Plugins/Runtime/ExampleDeviceProfileSelector/ExampleDeviceProfileSelector.uplugin
LogPluginManager: Loaded Plugin GearVR, From C:/Program Files/Epic Games/UE_4.13/Engine/Plugins/Runtime/GearVR/GearVR.uplugin
LogPluginManager: Loaded Plugin GoogleVRController, From C:/Program Files/Epic Games/UE_4.13/Engine/Plugins/Runtime/GoogleVR/GoogleVRController/GoogleVRController.uplugin
LogPluginManager: Loaded Plugin GoogleVRHMD, From C:/Program Files/Epic Games/UE_4.13/Engine/Plugins/Runtime/GoogleVR/GoogleVRHMD/GoogleVRHMD.uplugin
LogPluginManager: Loaded Plugin IOSDeviceProfileSelector, From C:/Program Files/Epic Games/UE_4.13/Engine/Plugins/Runtime/IOSDeviceProfileSelector/IOSDeviceProfileSelector.uplugin
LogPluginManager: Loaded Plugin LeapMotion, From C:/Program Files/Epic Games/UE_4.13/Engine/Plugins/Runtime/LeapMotion/LeapMotion.uplugin
LogPluginManager: Loaded Plugin LinuxDeviceProfileSelector, From C:/Program Files/Epic Games/UE_4.13/Engine/Plugins/Runtime/LinuxDeviceProfileSelector/LinuxDeviceProfileSelector.uplugin
LogPluginManager: Loaded Plugin LiveEditorListenServer, From C:/Program Files/Epic Games/UE_4.13/Engine/Plugins/Runtime/LiveEditorListenServer/LiveEditorListenServer.uplugin
LogPluginManager: Loaded Plugin OculusAudio, From C:/Program Files/Epic Games/UE_4.13/Engine/Plugins/Runtime/OculusAudio/OculusAudio.uplugin
LogPluginManager: Loaded Plugin OculusInput, From C:/Program Files/Epic Games/UE_4.13/Engine/Plugins/Runtime/OculusInput/OculusInput.uplugin
LogPluginManager: Loaded Plugin OculusLibrary, From C:/Program Files/Epic Games/UE_4.13/Engine/Plugins/Runtime/OculusLibrary/OculusLibrary.uplugin
LogPluginManager: Loaded Plugin OculusRift, From C:/Program Files/Epic Games/UE_4.13/Engine/Plugins/Runtime/OculusRift/OculusRift.uplugin
LogPluginManager: Loaded Plugin Oodle, From C:/Program Files/Epic Games/UE_4.13/Engine/Plugins/Runtime/PacketHandlers/CompressionComponents/Oodle/Oodle.uplugin
LogPluginManager: Loaded Plugin ProceduralMeshComponent, From C:/Program Files/Epic Games/UE_4.13/Engine/Plugins/Runtime/ProceduralMeshComponent/ProceduralMeshComponent.uplugin
LogPluginManager: Loaded Plugin SoundMod, From C:/Program Files/Epic Games/UE_4.13/Engine/Plugins/Runtime/SoundMod/SoundMod.uplugin
LogPluginManager: Loaded Plugin SoundVisualizations, From C:/Program Files/Epic Games/UE_4.13/Engine/Plugins/Runtime/SoundVisualizations/SoundVisualizations.uplugin
LogPluginManager: Loaded Plugin SteamController, From C:/Program Files/Epic Games/UE_4.13/Engine/Plugins/Runtime/Steam/SteamController/SteamController.uplugin
LogPluginManager: Loaded Plugin SteamVR, From C:/Program Files/Epic Games/UE_4.13/Engine/Plugins/Runtime/Steam/SteamVR/SteamVR.uplugin
LogPluginManager: Loaded Plugin WebBrowserWidget, From C:/Program Files/Epic Games/UE_4.13/Engine/Plugins/Runtime/WebBrowserWidget/WebBrowserWidget.uplugin
LogPluginManager: Loaded Plugin WindowsDeviceProfileSelector, From C:/Program Files/Epic Games/UE_4.13/Engine/Plugins/Runtime/WindowsDeviceProfileSelector/WindowsDeviceProfileSelector.uplugin
LogPluginManager: Loaded Plugin WindowsMoviePlayer, From C:/Program Files/Epic Games/UE_4.13/Engine/Plugins/Runtime/WindowsMoviePlayer/WindowsMoviePlayer.uplugin
LogPluginManager: Loaded Plugin ScriptPlugin, From C:/Program Files/Epic Games/UE_4.13/Engine/Plugins/ScriptPlugin/ScriptPlugin.uplugin
LogPluginManager: Loaded Plugin SlateRemote, From C:/Program Files/Epic Games/UE_4.13/Engine/Plugins/Slate/SlateRemote/SlateRemote.uplugin
LogInit: Using libcurl 7.47.1
LogInit:  - built for x86_64-pc-win32
LogInit:  - supports SSL with WinSSL
LogInit:  - other features:
LogInit:      CURL_VERSION_SSL
LogInit:      CURL_VERSION_IPV6
LogInit:      CURL_VERSION_ASYNCHDNS
LogInit:      CURL_VERSION_LARGEFILE
LogInit:      CURL_VERSION_IDN
LogInit:  CurlRequestOptions (configurable via config and command line):
LogInit:  - bVerifyPeer = false  - Libcurl will NOT verify peer certificate
LogInit:  - bUseHttpProxy = false  - Libcurl will NOT use HTTP proxy
LogInit:  - bDontReuseConnections = false  - Libcurl will reuse connections
LogInit:  - CertBundlePath = nullptr  - Libcurl will use whatever was configured at build time.
LogInit: Build: ++UE4+Release-4.13-CL-3172292
LogInit: Engine Version: 4.13.2-3172292+++UE4+Release-4.13
LogInit: Compatible Engine Version: 4.13.0-3106830+++UE4+Release-4.13
LogInit: Net CL: 3172292
LogDevObjectVersion: Number of dev versions registered: 13
LogDevObjectVersion:   Dev-Blueprints (B0D832E4-1F89-4F0D-ACCF-7EB736FD4AA2): 5
LogDevObjectVersion:   Dev-Build (E1C64328-A22C-4D53-A36C-8E866417BD8C): 0
LogDevObjectVersion:   Dev-Core (375EC13C-06E4-48FB-B500-84F0262A717E): 1
LogDevObjectVersion:   Dev-Editor (E4B068ED-F494-42E9-A231-DA0B2E46BB41): 6
LogDevObjectVersion:   Dev-Framework (CFFC743F-43B0-4480-9391-14DF171D2073): 12
LogDevObjectVersion:   Dev-Mobile (B02B49B5-BB20-44E9-A304-32B752E40360): 0
LogDevObjectVersion:   Dev-Networking (A4E4105C-59A1-49B5-A7C5-40C4547EDFEE): 0
LogDevObjectVersion:   Dev-Online (39C831C9-5AE6-47DC-9A44-9C173E1C8E7C): 0
LogDevObjectVersion:   Dev-Physics (78F01B33-EBEA-4F98-B9B4-84EACCB95AA2): 0
LogDevObjectVersion:   Dev-Platform (6631380F-2D4D-43E0-8009-CF276956A95A): 0
LogDevObjectVersion:   Dev-Rendering (12F88B9F-8875-4AFC-A67C-D90C383ABD29): 4
LogDevObjectVersion:   Dev-Sequencer (7B5AE74C-D270-4C10-A958-57980B212A5A): 0
LogDevObjectVersion:   Dev-VR (D7296918-1DD6-4BDD-9DE2-64A83CC13884): 0
LogInit: Compiled (64-bit): Oct 24 2016 14:29:06
LogInit: Compiled with Visual C++: 19.00.23026.00
LogInit: Build Configuration: Development
LogInit: Branch Name: ++UE4+Release-4.13
LogInit: Command line: 
LogInit: Base directory: C:/Program Files/Epic Games/UE_4.13/Engine/Binaries/Win64/
LogInit: Installed Engine Build: 1
LogInit: Presizing for max 8388607 objects, including 0 objects not considered by GC, pre-allocating 0 bytes for permanent pool.
LogInit: Object subsystem initialized
[2017.03.07-00.49.48:977][  0]LogInit: Selected Device Profile: [Windows]
[2017.03.07-00.49.48:977][  0]LogInit: Applying CVar settings loaded from the selected device profile: [Windows]
[2017.03.07-00.49.48:996][  0]LogInit: Computer: DL2TF42
[2017.03.07-00.49.48:996][  0]LogInit: User: L201428515
[2017.03.07-00.49.48:996][  0]LogInit: CPU Page size=65536, Cores=4
[2017.03.07-00.49.48:996][  0]LogInit: High frequency timer resolution =3.515642 MHz
[2017.03.07-00.49.48:996][  0]LogMemory: Memory total: Physical=15.9GB (16GB approx)
[2017.03.07-00.49.48:996][  0]LogMemory: Platform Memory Stats for Windows
[2017.03.07-00.49.48:996][  0]LogMemory: Process Physical Memory: 256.74 MB used, 256.74 MB peak
[2017.03.07-00.49.48:996][  0]LogMemory: Process Virtual Memory: 260.06 MB used, 260.06 MB peak
[2017.03.07-00.49.48:996][  0]LogMemory: Physical Memory: 7051.01 MB used, 16298.84 MB total
[2017.03.07-00.49.48:996][  0]LogMemory: Virtual Memory: 623.22 MB used, 134217728.00 MB total
[2017.03.07-00.49.49:024][  0]LogTextLocalizationManager: No specific translations for ('en-AU') exist, so ('en') translations will be used.
[2017.03.07-00.49.49:523][  0]LogD3D11RHI: D3D11 adapters:
[2017.03.07-00.49.49:534][  0]LogD3D11RHI:    0. 'AMD Radeon(TM) R9 270' (Feature Level 11_0)
[2017.03.07-00.49.49:534][  0]LogD3D11RHI:       2030/0/8149 MB DedicatedVideo/DedicatedSystem/SharedSystem, Outputs:1, VendorId:0x1002
[2017.03.07-00.49.49:539][  0]LogD3D11RHI:    1. 'Intel(R) HD Graphics 4600' (Feature Level 11_0)
[2017.03.07-00.49.49:539][  0]LogD3D11RHI:       112/0/2048 MB DedicatedVideo/DedicatedSystem/SharedSystem, Outputs:0, VendorId:0x8086
[2017.03.07-00.49.49:540][  0]LogD3D11RHI:    2. 'Microsoft Basic Render Driver' (Feature Level 11_0)
[2017.03.07-00.49.49:540][  0]LogD3D11RHI:       0/0/8149 MB DedicatedVideo/DedicatedSystem/SharedSystem, Outputs:0, VendorId:0x1414
[2017.03.07-00.49.49:540][  0]LogD3D11RHI: Chosen D3D11 Adapter: 0
[2017.03.07-00.49.49:546][  0]LogD3D11RHI: Creating new Direct3DDevice
[2017.03.07-00.49.49:546][  0]LogD3D11RHI:     GPU DeviceId: 0x6811 (for the marketing name, search the web for "GPU Device Id")
[2017.03.07-00.49.49:546][  0]LogWindows: EnumDisplayDevices:
[2017.03.07-00.49.49:546][  0]LogWindows:    0. 'AMD Radeon(TM) R9 270' (P:1 D:1)
[2017.03.07-00.49.49:546][  0]LogWindows:    1. 'AMD Radeon(TM) R9 270' (P:0 D:0)
[2017.03.07-00.49.49:546][  0]LogWindows:    2. 'AMD Radeon(TM) R9 270' (P:0 D:0)
[2017.03.07-00.49.49:546][  0]LogWindows:    3. 'AMD Radeon(TM) R9 270' (P:0 D:0)
[2017.03.07-00.49.49:546][  0]LogWindows:    4. 'AMD Radeon(TM) R9 270' (P:0 D:0)
[2017.03.07-00.49.49:547][  0]LogWindows:    5. 'AMD Radeon(TM) R9 270' (P:0 D:0)
[2017.03.07-00.49.49:547][  0]LogWindows:    6. 'Intel(R) HD Graphics 4600' (P:0 D:0)
[2017.03.07-00.49.49:547][  0]LogWindows:    7. 'Intel(R) HD Graphics 4600' (P:0 D:0)
[2017.03.07-00.49.49:547][  0]LogWindows:    8. 'Intel(R) HD Graphics 4600' (P:0 D:0)
[2017.03.07-00.49.49:547][  0]LogWindows: DebugString: PrimaryIsNotTheChoosenAdapter PrimaryIsNotTheChoosenAdapter PrimaryIsNotTheChoosenAdapter FoundDriverCount:6 
[2017.03.07-00.49.49:547][  0]LogD3D11RHI:     Adapter Name: AMD Radeon(TM) R9 270
[2017.03.07-00.49.49:547][  0]LogD3D11RHI:   Driver Version: Crimson 15.11 (internal:15.301.1701.0, unified:15.301.1701.0)
[2017.03.07-00.49.49:547][  0]LogD3D11RHI:      Driver Date: 1-13-2016
[2017.03.07-00.49.49:547][  0]LogRHI: Texture pool is 1361 MB (70% of 1945 MB)
[2017.03.07-00.49.49:553][  0]LogD3D11RHI: Async texture creation enabled
[2017.03.07-00.49.49:563][  0]LogD3D11RHI: GPU Timing Frequency: 27.000000 (Debug: 2 1)
[2017.03.07-00.49.49:564][  0]LogShaderCompilers: Guid format shader working directory is -63 characters bigger than the processId version (../../../../../../Users/l201428515/Documents/GitHub/MobileDevelopment/Assignment6/ProjectFiles/InventoryAndSave/Intermediate/Shaders/WorkingDirectory/13708/).
[2017.03.07-00.49.49:564][  0]LogShaderCompilers: Cleaned the shader compiler working directory 'C:/Users/L20142~1/AppData/Local/Temp/UnrealShaderWorkingDir/2EBF1A7F4379C1944040C5895CEE611F/'.
[2017.03.07-00.49.49:564][  0]LogShaderCompilers:Display: Using Local Shader Compiler.
[2017.03.07-00.49.50:384][  0]LogTemp:Display: Loaded TP AllDesktopTargetPlatform
[2017.03.07-00.49.50:391][  0]LogTemp:Display: Loaded TP WindowsClientTargetPlatform
[2017.03.07-00.49.50:398][  0]LogTemp:Display: Loaded TP WindowsNoEditorTargetPlatform
[2017.03.07-00.49.50:405][  0]LogTemp:Display: Loaded TP WindowsServerTargetPlatform
[2017.03.07-00.49.50:412][  0]LogTemp:Display: Loaded TP WindowsTargetPlatform
[2017.03.07-00.49.50:418][  0]LogTemp:Display: Loaded TP AndroidTargetPlatform
[2017.03.07-00.49.50:424][  0]LogTemp:Display: Loaded TP Android_ASTCTargetPlatform
[2017.03.07-00.49.50:429][  0]LogTemp:Display: Loaded TP Android_ATCTargetPlatform
[2017.03.07-00.49.50:435][  0]LogTemp:Display: Loaded TP Android_DXTTargetPlatform
[2017.03.07-00.49.50:440][  0]LogTemp:Display: Loaded TP Android_ETC1TargetPlatform
[2017.03.07-00.49.50:446][  0]LogTemp:Display: Loaded TP Android_ETC2TargetPlatform
[2017.03.07-00.49.50:459][  0]LogTemp:Display: Loaded TP Android_MultiTargetPlatform
[2017.03.07-00.49.50:459][  0]LogTemp:Display: Loaded TP Android_PVRTCTargetPlatform
[2017.03.07-00.49.50:459][  0]LogTemp:Display: Loaded TP HTML5TargetPlatform
[2017.03.07-00.49.50:478][  0]LogTemp:Display: Loaded TP IOSTargetPlatform
[2017.03.07-00.49.50:483][  0]LogTemp:Display: Loaded TP TVOSTargetPlatform
[2017.03.07-00.49.50:489][  0]LogTemp:Display: Loaded TP LinuxClientTargetPlatform
[2017.03.07-00.49.50:495][  0]LogTemp:Display: Loaded TP LinuxNoEditorTargetPlatform
[2017.03.07-00.49.50:500][  0]LogTemp:Display: Loaded TP LinuxServerTargetPlatform
[2017.03.07-00.49.50:506][  0]LogTemp:Display: Loaded TP LinuxTargetPlatform
[2017.03.07-00.49.50:506][  0]LogTargetPlatformManager:Display: Building Assets For Windows
[2017.03.07-00.49.50:564][  0]LogDerivedDataCache:Display: Max Cache Size: 512 MB
[2017.03.07-00.49.50:616][  0]LogDerivedDataCache: Loaded boot cache 0.05s 62MB C:/Users/l201428515/AppData/Local/UnrealEngine/4.13/DerivedDataCache/Boot.ddc.
[2017.03.07-00.49.50:616][  0]LogDerivedDataCache:Display: Loaded Boot cache: C:/Users/l201428515/AppData/Local/UnrealEngine/4.13/DerivedDataCache/Boot.ddc
[2017.03.07-00.49.50:616][  0]LogDerivedDataCache: FDerivedDataBackendGraph:  Pak pak cache file ../../../../../../Users/l201428515/Documents/GitHub/MobileDevelopment/Assignment6/ProjectFiles/InventoryAndSave/DerivedDataCache/DDC.ddp not found, will not use a pak cache.
[2017.03.07-00.49.50:616][  0]LogDerivedDataCache: Unable to find inner node Pak for hierarchical cache Hierarchy.
[2017.03.07-00.49.50:616][  0]LogDerivedDataCache: FDerivedDataBackendGraph:  CompressedPak pak cache file ../../../../../../Users/l201428515/Documents/GitHub/MobileDevelopment/Assignment6/ProjectFiles/InventoryAndSave/DerivedDataCache/Compressed.ddp not found, will not use a pak cache.
[2017.03.07-00.49.50:616][  0]LogDerivedDataCache: Unable to find inner node CompressedPak for hierarchical cache Hierarchy.
[2017.03.07-00.49.50:630][  0]LogDerivedDataCache:Display: Pak cache opened for reading ../../../Engine/DerivedDataCache/Compressed.ddp.
[2017.03.07-00.49.50:641][  0]LogDerivedDataCache: Using Local data cache path C:/Users/l201428515/AppData/Local/UnrealEngine/Common/DerivedDataCache: Writable
[2017.03.07-00.49.50:844][  0]LogInit: Selected Device Profile: [Windows]
[2017.03.07-00.49.50:846][  0]LogContentStreaming: Texture pool size is 0.00 MB
[2017.03.07-00.49.50:924][  0]LogMeshUtilities: No automatic mesh reduction module available
[2017.03.07-00.49.50:924][  0]LogMeshUtilities: No automatic mesh merging module available
[2017.03.07-00.49.50:924][  0]LogMeshUtilities: No distributed automatic mesh merging module available
[2017.03.07-00.49.50:984][  0]LogMaterial: Uniform references updated for custom material expression Custom.
[2017.03.07-00.49.51:241][  0]LogNetVersion: GetLocalNetworkVersion: CL: 3106830, ProjectName: inventoryandsave, ProjectVersion: , EngineNetworkVersion: 1, GameNetworkVersion: 0, NetworkChecksum: 953295403
[2017.03.07-00.49.51:275][  0]LogAssetRegistry: FAssetRegistry took 0.0210 seconds to start up
[2017.03.07-00.49.51:313][  0]LogPackageLocalizationCache: Processed 3 localized package path(s) for 2 prioritized culture(s) in 0.036515 seconds
[2017.03.07-00.49.51:318][  0]LogUObjectArray: 29778 objects as part of root set at end of initial load.
[2017.03.07-00.49.51:318][  0]LogUObjectAllocator: 6125456 out of 0 bytes used by permanent object pool.
[2017.03.07-00.49.51:318][  0]LogUObjectArray: CloseDisregardForGC: 0/0 objects in disregard for GC pool
[2017.03.07-00.49.51:323][  0]LogInit: WinSock: version 1.1 (2.2), MaxSocks=32767, MaxUdp=65467
[2017.03.07-00.49.51:490][  0]LogSlate: SlateFontCache - WITH_FREETYPE: 1, WITH_HARFBUZZ: 1
[2017.03.07-00.49.51:490][  0]LogSlate: SlateFontCache - WITH_FREETYPE: 1, WITH_HARFBUZZ: 1
[2017.03.07-00.49.52:021][  0]LogTcpMessaging: Initializing TcpMessaging bridge
[2017.03.07-00.49.52:042][  0]LogUdpMessaging: Initializing bridge on interface 0.0.0.0:0 to multicast group 230.0.0.1:6666.
[2017.03.07-00.49.52:284][  0]SourceControl: Info Source control is disabled
[2017.03.07-00.49.52:328][  0]SourceControl: Info Source control is disabled
[2017.03.07-00.49.52:336][  0]SourceControl: Info Source control is disabled
[2017.03.07-00.49.52:344][  0]SourceControl: Info Source control is disabled
[2017.03.07-00.49.52:621][  0]LogEngine: Initializing Engine...
[2017.03.07-00.49.52:622][  0]LogHMD: Failed to initialize OpenVR with code 110
[2017.03.07-00.49.52:737][  0]LogAIModule: Creating AISystem for world Untitled
[2017.03.07-00.49.52:746][  0]LogInit: XAudio2 using 'Speakers / Headphones (Realtek Audio)' : 2 channels at 48 kHz using 32 bits per sample (channel mask 0x3)
[2017.03.07-00.49.52:759][  0]LogInit: FAudioDevice initialized.
[2017.03.07-00.49.52:786][  0]LogDerivedDataCache: Saved boot cache 0.03s 62MB C:/Users/l201428515/AppData/Local/UnrealEngine/4.13/DerivedDataCache/Boot.ddc.
[2017.03.07-00.49.52:792][  0]LogInit: Texture streaming: Enabled
[2017.03.07-00.49.52:812][  0]LogInit: Transaction tracking system initialized
[2017.03.07-00.49.52:829][  0]BlueprintLog: New page: Editor Load
[2017.03.07-00.49.52:885][  0]LocalizationService: Info Localization service is disabled
[2017.03.07-00.49.52:949][  0]LogConsoleResponse:Display: 
[2017.03.07-00.49.53:045][  0]LogCook:Display: Max memory allowance for cook 16384mb min free memory 0mb
[2017.03.07-00.49.53:045][  0]LogCook:Display: Mobile HDR setting 1
[2017.03.07-00.49.53:183][  0]LogFileCache: Scanning file cache for directory 'C:/Users/l201428515/Documents/GitHub/MobileDevelopment/Assignment6/ProjectFiles/InventoryAndSave/Content/' took 0.02s
[2017.03.07-00.49.53:183][  0]SourceControl: Info Source control is disabled
[2017.03.07-00.49.53:193][  0]LightingResults: New page: Lighting Build
[2017.03.07-00.49.53:195][  0]MapCheck: New page: Map Check
[2017.03.07-00.49.53:195][  0]LightingResults: New page: Lighting Build
[2017.03.07-00.49.53:516][  0]LogProperty:Error: UStructProperty::Serialize Loading: Property 'StructProperty /Game/ThirdPersonBP/Blueprints/MySaveGame.MySaveGame_C:Weapons.Weapons'. Unknown structure.
[2017.03.07-00.49.53:516][  0]LogClass:Warning: Property Weapons of Weapons has a struct type mismatch (tag STRUCT_REINST_Struct_Item_13 != prop FallbackStruct) in package:  ../../../../../../Users/l201428515/Documents/GitHub/MobileDevelopment/Assignment6/ProjectFiles/InventoryAndSave/Content/ThirdPersonBP/Blueprints/MySaveGame.uasset. If that struct got renamed, add an entry to ActiveStructRedirects.
[2017.03.07-00.49.53:519][  0]LogClass:Warning: Property Weapons of Weapons has a struct type mismatch (tag FallbackStruct != prop Struct_Item) in package:  FObjectReader. If that struct got renamed, add an entry to ActiveStructRedirects.
[2017.03.07-00.49.57:133][  0]LogAIModule: Creating AISystem for world ThirdPersonExampleMap
[2017.03.07-00.49.57:141][  0]LogEditorServer: Finished looking for orphan Actors (0.000 secs)
[2017.03.07-00.49.57:141][  0]Cmd: MAP CHECKDEP NOCLEARLOG
[2017.03.07-00.49.57:199][  0]MapCheck: Info Map check complete: 0 Error(s), 0 Warning(s), took 57.177ms to complete.
[2017.03.07-00.49.57:199][  0]LogFileHelpers: Loading map 'ThirdPersonExampleMap' took 4.015
[2017.03.07-00.49.57:337][  0]LogCollectionManager: Loaded 0 collections in 0.001569 seconds
[2017.03.07-00.49.57:374][  0]LogFileCache: Scanning file cache for directory 'C:/Users/l201428515/Documents/GitHub/MobileDevelopment/Assignment6/ProjectFiles/InventoryAndSave/Saved/Collections/' took 0.01s
[2017.03.07-00.49.57:374][  0]LogFileCache: Scanning file cache for directory 'C:/Users/l201428515/Documents/GitHub/MobileDevelopment/Assignment6/ProjectFiles/InventoryAndSave/Content/Developers/L201428515/Collections/' took 0.01s
[2017.03.07-00.49.57:374][  0]LogFileCache: Scanning file cache for directory 'C:/Users/l201428515/Documents/GitHub/MobileDevelopment/Assignment6/ProjectFiles/InventoryAndSave/Content/Collections/' took 0.01s
[2017.03.07-00.49.57:374][  0]LogCollectionManager: Rebuilt the GUID cache for 0 collections in 0.000002 seconds
[2017.03.07-00.49.57:382][  0]LogContentBrowser: Native class hierarchy populated in 0.0073 seconds. Added 2141 classes and 415 folders.
[2017.03.07-00.49.57:385][  0]LogStats: UGameplayTagsManager::ConstructGameplayTagTree: Construct from data asset -  0.000 s
[2017.03.07-00.49.57:385][  0]LogStats: UGameplayTagsManager::ConstructGameplayTagTree: GameplayTagTreeChangedEvent.Broadcast -  0.000 s
[2017.03.07-00.49.57:385][  0]LogContentBrowser: Native class hierarchy updated for 'GameplayTags' in 0.0004 seconds. Added 12 classes and 0 folders.
[2017.03.07-00.49.57:389][  0]LogContentBrowser: Native class hierarchy updated for 'WidgetCarousel' in 0.0004 seconds. Added 0 classes and 0 folders.
[2017.03.07-00.49.57:426][  0]LogContentBrowser: Native class hierarchy updated for 'AddContentDialog' in 0.0004 seconds. Added 0 classes and 0 folders.
[2017.03.07-00.49.57:430][  0]LogContentBrowser: Native class hierarchy updated for 'SceneOutliner' in 0.0004 seconds. Added 1 classes and 2 folders.
[2017.03.07-00.49.57:450][  0]LogCrashTracker: Crashtracker disabled due to settings.
[2017.03.07-00.49.57:454][  0]LogUObjectGlobals:Warning: Failed to find object 'Class None.'
[2017.03.07-00.49.57:482][  0]LogContentBrowser: Native class hierarchy updated for 'HierarchicalLODOutliner' in 0.0008 seconds. Added 1 classes and 2 folders.
[2017.03.07-00.49.57:482][  0]LogLoad: (Engine Initialization) Total time: 9.65 seconds
[2017.03.07-00.49.57:482][  0]LogLoad: (Engine Initialization) Total Blueprint compile time: 0.22 seconds
[2017.03.07-00.49.57:482][  0]LogExternalProfiler: Found external profiler: VSPerf
[2017.03.07-00.49.57:482][  0]LogExternalProfiler: Using external profiler: VSPerf
[2017.03.07-00.49.57:491][  0]LogWindowsTextInputMethodSystem:Display: IME system now deactivated.
[2017.03.07-00.49.57:492][  0]LogOcInput: OculusInput pre-init called
[2017.03.07-00.49.57:513][  0]LogContentStreaming: Texture pool size now 1000 MB
[2017.03.07-00.49.57:667][  0]LogRenderer: Reallocating scene render targets to support 1208x576 (Frame:2).
[2017.03.07-00.49.57:965][  2]LogAssetRegistry: Asset discovery search completed in 6.7108 seconds
[2017.03.07-00.49.57:965][  2]LogCollectionManager: Rebuilt the object cache for 0 collections in 0.000001 seconds (found 0 objects)
[2017.03.07-00.49.57:965][  2]LogCollectionManager: Fixed up redirectors for 0 collections in 0.000038 seconds (updated 0 objects)
[2017.03.07-00.50.55:321][805]LogContentBrowser: Native class hierarchy updated for 'BlueprintGraph' in 0.0007 seconds. Added 112 classes and 0 folders.
[2017.03.07-00.52.09:278][605]LogEditorTransaction: Undo Rename Node
[2017.03.07-00.52.10:062][651]LogEditorTransaction: Undo Add Node
[2017.03.07-00.54.04:145][444]BlueprintLog: New page: Compile ThirdPersonCharacter
[2017.03.07-00.55.06:627][435]BlueprintLog: New page: Compile ThirdPersonCharacter
[2017.03.07-00.55.11:661][933]BlueprintLog: New page: Compile Base_Pickup
[2017.03.07-00.55.11:672][933]LogBlueprint:Warning: [Compiler Base_Pickup] Warning Variable Data is marked as 'Expose on Spawn' but not marked as 'Editable'; please make it 'Editable'
[2017.03.07-00.55.12:304][933]BlueprintEditorCompileResults:Warning: Warning Variable Data is marked as 'Expose on Spawn' but not marked as 'Editable'; please make it 'Editable'
[2017.03.07-00.55.12:304][933]LogBlueprint:Warning: [Compiler Base_Pickup] Warning [0324.46] Compile of Base_Pickup successful, but with 1 Warning(s) [in 642 ms] (/Game/ThirdPersonBP/Blueprints/Pickups/Base_Pickup.Base_Pickup)
[2017.03.07-00.55.17:872][482]BlueprintLog: New page: Compile Base_Pickup
[2017.03.07-00.55.30:877][810]BlueprintLog: New page: Compile ThirdPersonCharacter
[2017.03.07-00.56.35:414][420]BlueprintLog: New page: Compile ThirdPersonCharacter
[2017.03.07-00.56.36:849][512]LogSavePackage: Save=287.23ms
[2017.03.07-00.56.36:849][512]LogSavePackage: Moving '../../../../../../Users/l201428515/Documents/GitHub/MobileDevelopment/Assignment6/ProjectFiles/InventoryAndSave/Saved/ThirdPersonExampleMap4B20FA35492CCDB1B83E188266175AA1.tmp' to '../../../../../../Users/l201428515/Documents/GitHub/MobileDevelopment/Assignment6/ProjectFiles/InventoryAndSave/Content/ThirdPersonBP/Maps/ThirdPersonExampleMap.umap'
[2017.03.07-00.56.36:853][512]LogSavePackage:Display: Finished SavePackage ../../../../../../Users/l201428515/Documents/GitHub/MobileDevelopment/Assignment6/ProjectFiles/InventoryAndSave/Content/ThirdPersonBP/Maps/ThirdPersonExampleMap.umap
[2017.03.07-00.56.36:864][512]LogFileHelpers: Saving map 'ThirdPersonExampleMap' took 0.375
[2017.03.07-00.56.36:960][512]LogSavePackage: Save=67.09ms
[2017.03.07-00.56.36:960][512]LogSavePackage: Moving '../../../../../../Users/l201428515/Documents/GitHub/MobileDevelopment/Assignment6/ProjectFiles/InventoryAndSave/Saved/ThirdPersonCharacterEFF4970348924B346AFB2BB215BBD9D7.tmp' to '../../../../../../Users/l201428515/Documents/GitHub/MobileDevelopment/Assignment6/ProjectFiles/InventoryAndSave/Content/ThirdPersonBP/Blueprints/ThirdPersonCharacter.uasset'
[2017.03.07-00.56.36:963][512]LogSavePackage:Display: Finished SavePackage ../../../../../../Users/l201428515/Documents/GitHub/MobileDevelopment/Assignment6/ProjectFiles/InventoryAndSave/Content/ThirdPersonBP/Blueprints/ThirdPersonCharacter.uasset
[2017.03.07-00.56.36:980][512]LogSavePackage: Save=12.99ms
[2017.03.07-00.56.36:980][512]LogSavePackage: Moving '../../../../../../Users/l201428515/Documents/GitHub/MobileDevelopment/Assignment6/ProjectFiles/InventoryAndSave/Saved/Base_PickupBED8F27C47A507DC80A467A6920660A5.tmp' to '../../../../../../Users/l201428515/Documents/GitHub/MobileDevelopment/Assignment6/ProjectFiles/InventoryAndSave/Content/ThirdPersonBP/Blueprints/Pickups/Base_Pickup.uasset'
[2017.03.07-00.56.36:982][512]LogSavePackage:Display: Finished SavePackage ../../../../../../Users/l201428515/Documents/GitHub/MobileDevelopment/Assignment6/ProjectFiles/InventoryAndSave/Content/ThirdPersonBP/Blueprints/Pickups/Base_Pickup.uasset
[2017.03.07-00.57.02:854][812]LogUObjectArray:Warning: Invalid object index -572662307
[2017.03.07-00.57.02:899][812]LogStats: FPlatformStackWalk::StackWalkAndDump -  0.045 s
[2017.03.07-00.57.02:899][812]LogOutputDevice:Error: === Handled ensure: ===
[2017.03.07-00.57.02:899][812]LogOutputDevice:Error: 
[2017.03.07-00.57.02:899][812]LogOutputDevice:Error: Ensure condition failed: false [File:D:\Build\++UE4+Release-4.13+Compile\Sync\Engine\Source\Editor\UnrealEd\Private\Kismet2\KismetDebugUtilities.cpp] [Line: 1018]
[2017.03.07-00.57.02:899][812]LogOutputDevice:Error: Error: Invalid (but non-null) property associated with pin; cannot get variable value
[2017.03.07-00.57.02:899][812]LogOutputDevice:Error: Stack: 
[2017.03.07-00.57.02:899][812]LogOutputDevice:Error: UE4Editor-Core.dll
[2017.03.07-00.57.02:899][812]LogOutputDevice:Error: UE4Editor-Core.dll
[2017.03.07-00.57.02:899][812]LogOutputDevice:Error: UE4Editor-Core.dll
[2017.03.07-00.57.02:899][812]LogOutputDevice:Error: UE4Editor-UnrealEd.dll
[2017.03.07-00.57.02:899][812]LogOutputDevice:Error: UE4Editor-BlueprintGraph.dll
[2017.03.07-00.57.02:899][812]LogOutputDevice:Error: UE4Editor-GraphEditor.dll
[2017.03.07-00.57.02:899][812]LogOutputDevice:Error: UE4Editor-GraphEditor.dll
[2017.03.07-00.57.02:899][812]LogOutputDevice:Error: UE4Editor-GraphEditor.dll
[2017.03.07-00.57.02:899][812]LogOutputDevice:Error: UE4Editor-GraphEditor.dll
[2017.03.07-00.57.02:899][812]LogOutputDevice:Error: UE4Editor-Slate.dll
[2017.03.07-00.57.02:899][812]LogOutputDevice:Error: UE4Editor-Slate.dll
[2017.03.07-00.57.02:899][812]LogOutputDevice:Error: UE4Editor-Slate.dll
[2017.03.07-00.57.02:899][812]LogOutputDevice:Error: UE4Editor-Slate.dll
[2017.03.07-00.57.02:899][812]LogOutputDevice:Error: UE4Editor-Slate.dll
[2017.03.07-00.57.02:899][812]LogOutputDevice:Error: UE4Editor-Slate.dll
[2017.03.07-00.57.02:899][812]LogOutputDevice:Error: UE4Editor-Core.dll
[2017.03.07-00.57.02:899][812]LogOutputDevice:Error: UE4Editor-Core.dll
[2017.03.07-00.57.02:899][812]LogOutputDevice:Error: UE4Editor-Core.dll
[2017.03.07-00.57.02:899][812]LogOutputDevice:Error: UE4Editor-Core.dll
[2017.03.07-00.57.02:899][812]LogOutputDevice:Error: USER32.dll
[2017.03.07-00.57.02:899][812]LogOutputDevice:Error: USER32.dll
[2017.03.07-00.57.02:899][812]LogOutputDevice:Error: UE4Editor-Core.dll
[2017.03.07-00.57.02:899][812]LogOutputDevice:Error: UE4Editor.exe
[2017.03.07-00.57.02:899][812]LogOutputDevice:Error: UE4Editor.exe
[2017.03.07-00.57.02:899][812]LogOutputDevice:Error: UE4Editor.exe
[2017.03.07-00.57.02:899][812]LogOutputDevice:Error: UE4Editor.exe
[2017.03.07-00.57.02:899][812]LogOutputDevice:Error: UE4Editor.exe
[2017.03.07-00.57.02:899][812]LogOutputDevice:Error: KERNEL32.DLL
[2017.03.07-00.57.02:899][812]LogOutputDevice:Error: ntdll.dll
[2017.03.07-00.57.02:899][812]LogOutputDevice:Error: ntdll.dll
[2017.03.07-00.57.02:899][812]LogOutputDevice:Error: 
[2017.03.07-00.57.02:899][812]LogStats:                SubmitErrorReport -  0.000 s
[2017.03.07-00.57.04:188][812]LogStats:                    SendNewReport -  1.289 s
[2017.03.07-00.57.04:188][812]LogStats:             FDebug::EnsureFailed -  1.335 s
[2017.03.07-00.57.04:188][812]LogUObjectArray:Warning: Invalid object index -572662307
[2017.03.07-00.57.23:748][560]LogUObjectArray:Warning: Invalid object index -572662307
[2017.03.07-00.57.23:749][560]LogUObjectArray:Warning: Invalid object index -572662307
[2017.03.07-00.57.23:749][560]LogUObjectArray:Warning: Invalid object index -572662307
[2017.03.07-00.57.23:750][560]LogUObjectArray:Warning: Invalid object index -572662307
[2017.03.07-00.57.23:754][560]LogUObjectArray:Warning: Invalid object index -572662307
[2017.03.07-00.57.25:394][715]LogUObjectArray:Warning: Invalid object index -572662307
[2017.03.07-00.57.25:394][715]LogUObjectArray:Warning: Invalid object index -572662307
[2017.03.07-00.57.25:395][715]LogUObjectArray:Warning: Invalid object index -572662307
[2017.03.07-00.57.25:399][715]LogUObjectArray:Warning: Invalid object index -572662307
[2017.03.07-00.57.27:922][919]LogSavePackage: Save=277.50ms
[2017.03.07-00.57.27:922][919]LogSavePackage: Moving '../../../../../../Users/l201428515/Documents/GitHub/MobileDevelopment/Assignment6/ProjectFiles/InventoryAndSave/Saved/ThirdPersonExampleMap2A3A38D34D8489BB8E23748D2E496253.tmp' to '../../../../../../Users/l201428515/Documents/GitHub/MobileDevelopment/Assignment6/ProjectFiles/InventoryAndSave/Content/ThirdPersonBP/Maps/ThirdPersonExampleMap.umap'
[2017.03.07-00.57.27:926][919]LogSavePackage:Display: Finished SavePackage ../../../../../../Users/l201428515/Documents/GitHub/MobileDevelopment/Assignment6/ProjectFiles/InventoryAndSave/Content/ThirdPersonBP/Maps/ThirdPersonExampleMap.umap
[2017.03.07-00.57.27:939][919]LogFileHelpers: Saving map 'ThirdPersonExampleMap' took 0.361
[2017.03.07-00.57.28:023][919]LogSavePackage: Save=67.38ms
[2017.03.07-00.57.28:023][919]LogSavePackage: Moving '../../../../../../Users/l201428515/Documents/GitHub/MobileDevelopment/Assignment6/ProjectFiles/InventoryAndSave/Saved/ThirdPersonCharacter7882BB094B77AD81E184D2AB09ED74C2.tmp' to '../../../../../../Users/l201428515/Documents/GitHub/MobileDevelopment/Assignment6/ProjectFiles/InventoryAndSave/Content/ThirdPersonBP/Blueprints/ThirdPersonCharacter.uasset'
[2017.03.07-00.57.28:025][919]LogSavePackage:Display: Finished SavePackage ../../../../../../Users/l201428515/Documents/GitHub/MobileDevelopment/Assignment6/ProjectFiles/InventoryAndSave/Content/ThirdPersonBP/Blueprints/ThirdPersonCharacter.uasset
[2017.03.07-00.57.36:134][660]BlueprintLog: New page: Compile ThirdPersonCharacter
[2017.03.07-00.57.37:858][754]LogSavePackage: Save=281.39ms
[2017.03.07-00.57.37:858][754]LogSavePackage: Moving '../../../../../../Users/l201428515/Documents/GitHub/MobileDevelopment/Assignment6/ProjectFiles/InventoryAndSave/Saved/ThirdPersonExampleMap3456C11249D5F24F314910B4744DC631.tmp' to '../../../../../../Users/l201428515/Documents/GitHub/MobileDevelopment/Assignment6/ProjectFiles/InventoryAndSave/Content/ThirdPersonBP/Maps/ThirdPersonExampleMap.umap'
[2017.03.07-00.57.37:861][754]LogSavePackage:Display: Finished SavePackage ../../../../../../Users/l201428515/Documents/GitHub/MobileDevelopment/Assignment6/ProjectFiles/InventoryAndSave/Content/ThirdPersonBP/Maps/ThirdPersonExampleMap.umap
[2017.03.07-00.57.37:872][754]LogFileHelpers: Saving map 'ThirdPersonExampleMap' took 0.359
[2017.03.07-00.58.05:973][345]BlueprintLog: New page: Compile ThirdPersonCharacter
[2017.03.07-00.58.23:077][834]LogSavePackage: Save=280.77ms
[2017.03.07-00.58.23:077][834]LogSavePackage: Moving '../../../../../../Users/l201428515/Documents/GitHub/MobileDevelopment/Assignment6/ProjectFiles/InventoryAndSave/Saved/ThirdPersonExampleMap91D48CF048B26CB779878ABEBBAAA18E.tmp' to '../../../../../../Users/l201428515/Documents/GitHub/MobileDevelopment/Assignment6/ProjectFiles/InventoryAndSave/Content/ThirdPersonBP/Maps/ThirdPersonExampleMap.umap'
[2017.03.07-00.58.23:080][834]LogSavePackage:Display: Finished SavePackage ../../../../../../Users/l201428515/Documents/GitHub/MobileDevelopment/Assignment6/ProjectFiles/InventoryAndSave/Content/ThirdPersonBP/Maps/ThirdPersonExampleMap.umap
[2017.03.07-00.58.23:091][834]LogFileHelpers: Saving map 'ThirdPersonExampleMap' took 0.362
[2017.03.07-00.58.23:239][834]LogSavePackage: Save=78.91ms
[2017.03.07-00.58.23:239][834]LogSavePackage: Moving '../../../../../../Users/l201428515/Documents/GitHub/MobileDevelopment/Assignment6/ProjectFiles/InventoryAndSave/Saved/ThirdPersonCharacter3B39231147A2A13ACF587BA0C8375512.tmp' to '../../../../../../Users/l201428515/Documents/GitHub/MobileDevelopment/Assignment6/ProjectFiles/InventoryAndSave/Content/ThirdPersonBP/Blueprints/ThirdPersonCharacter.uasset'
[2017.03.07-00.58.23:241][834]LogSavePackage:Display: Finished SavePackage ../../../../../../Users/l201428515/Documents/GitHub/MobileDevelopment/Assignment6/ProjectFiles/InventoryAndSave/Content/ThirdPersonBP/Blueprints/ThirdPersonCharacter.uasset
[2017.03.07-00.58.43:163][797]BlueprintLog: New page: Compile InventoryHUD_New
[2017.03.07-00.58.45:888][ 47]LogEditorTransaction: Undo Delete current selection
[2017.03.07-00.58.59:589][450]BlueprintLog: New page: Compile InventoryHUD_New
[2017.03.07-00.59.10:470][524]LogSavePackage: Save=282.97ms
[2017.03.07-00.59.10:470][524]LogSavePackage: Moving '../../../../../../Users/l201428515/Documents/GitHub/MobileDevelopment/Assignment6/ProjectFiles/InventoryAndSave/Saved/ThirdPersonExampleMap1FB07DC44E6513064A4E90BC7811A94E.tmp' to '../../../../../../Users/l201428515/Documents/GitHub/MobileDevelopment/Assignment6/ProjectFiles/InventoryAndSave/Content/ThirdPersonBP/Maps/ThirdPersonExampleMap.umap'
[2017.03.07-00.59.10:473][524]LogSavePackage:Display: Finished SavePackage ../../../../../../Users/l201428515/Documents/GitHub/MobileDevelopment/Assignment6/ProjectFiles/InventoryAndSave/Content/ThirdPersonBP/Maps/ThirdPersonExampleMap.umap
[2017.03.07-00.59.10:491][524]LogFileHelpers: Saving map 'ThirdPersonExampleMap' took 0.381
[2017.03.07-00.59.10:528][524]LogSavePackage: Save=30.51ms
[2017.03.07-00.59.10:528][524]LogSavePackage: Moving '../../../../../../Users/l201428515/Documents/GitHub/MobileDevelopment/Assignment6/ProjectFiles/InventoryAndSave/Saved/InventoryHUD_NewEED84A834A561884DB38CD93155E5910.tmp' to '../../../../../../Users/l201428515/Documents/GitHub/MobileDevelopment/Assignment6/ProjectFiles/InventoryAndSave/Content/ThirdPersonBP/Blueprints/InventoryHUD_New.uasset'
[2017.03.07-00.59.10:531][524]LogSavePackage:Display: Finished SavePackage ../../../../../../Users/l201428515/Documents/GitHub/MobileDevelopment/Assignment6/ProjectFiles/InventoryAndSave/Content/ThirdPersonBP/Blueprints/InventoryHUD_New.uasset
[2017.03.07-00.59.11:550][629]BlueprintLog: New page: Compile InventoryHUD_New
[2017.03.07-00.59.12:509][678]LogSavePackage: Save=280.10ms
[2017.03.07-00.59.12:509][678]LogSavePackage: Moving '../../../../../../Users/l201428515/Documents/GitHub/MobileDevelopment/Assignment6/ProjectFiles/InventoryAndSave/Saved/ThirdPersonExampleMap5D3FEA5445C55DFAC0BF9B942312F2ED.tmp' to '../../../../../../Users/l201428515/Documents/GitHub/MobileDevelopment/Assignment6/ProjectFiles/InventoryAndSave/Content/ThirdPersonBP/Maps/ThirdPersonExampleMap.umap'
[2017.03.07-00.59.12:511][678]LogSavePackage:Display: Finished SavePackage ../../../../../../Users/l201428515/Documents/GitHub/MobileDevelopment/Assignment6/ProjectFiles/InventoryAndSave/Content/ThirdPersonBP/Maps/ThirdPersonExampleMap.umap
[2017.03.07-00.59.12:522][678]LogFileHelpers: Saving map 'ThirdPersonExampleMap' took 0.359
[2017.03.07-01.01.33:956][805]BlueprintLog: New page: Compile InventoryHUD_New
[2017.03.07-01.02.59:609][598]BlueprintLog: New page: Compile ThirdPersonCharacter
[2017.03.07-01.03.36:710][983]LogSavePackage: Save=281.67ms
[2017.03.07-01.03.36:710][983]LogSavePackage: Moving '../../../../../../Users/l201428515/Documents/GitHub/MobileDevelopment/Assignment6/ProjectFiles/InventoryAndSave/Saved/ThirdPersonExampleMap8DAF669241635B69B0E12091D7E7D1A2.tmp' to '../../../../../../Users/l201428515/Documents/GitHub/MobileDevelopment/Assignment6/ProjectFiles/InventoryAndSave/Content/ThirdPersonBP/Maps/ThirdPersonExampleMap.umap'
[2017.03.07-01.03.36:713][983]LogSavePackage:Display: Finished SavePackage ../../../../../../Users/l201428515/Documents/GitHub/MobileDevelopment/Assignment6/ProjectFiles/InventoryAndSave/Content/ThirdPersonBP/Maps/ThirdPersonExampleMap.umap
[2017.03.07-01.03.36:735][983]LogFileHelpers: Saving map 'ThirdPersonExampleMap' took 0.383
[2017.03.07-01.03.36:768][983]LogSavePackage: Save=29.75ms
[2017.03.07-01.03.36:768][983]LogSavePackage: Moving '../../../../../../Users/l201428515/Documents/GitHub/MobileDevelopment/Assignment6/ProjectFiles/InventoryAndSave/Saved/InventoryHUD_New8F2222014866B5E03F200782DC103872.tmp' to '../../../../../../Users/l201428515/Documents/GitHub/MobileDevelopment/Assignment6/ProjectFiles/InventoryAndSave/Content/ThirdPersonBP/Blueprints/InventoryHUD_New.uasset'
[2017.03.07-01.03.36:771][983]LogSavePackage:Display: Finished SavePackage ../../../../../../Users/l201428515/Documents/GitHub/MobileDevelopment/Assignment6/ProjectFiles/InventoryAndSave/Content/ThirdPersonBP/Blueprints/InventoryHUD_New.uasset
[2017.03.07-01.03.41:882][386]LogActorComponent: UnregisterComponent: (/Engine/Transient.EditorFloorComp) Not registered. Aborting.
[2017.03.07-01.03.45:447][791]LogBlueprintUserMessages: Early PlayInEditor Detection: Level '/Game/ThirdPersonBP/Maps/ThirdPersonExampleMap.ThirdPersonExampleMap:PersistentLevel' has LevelScriptBlueprint '/Game/ThirdPersonBP/Maps/ThirdPersonExampleMap.ThirdPersonExampleMap:PersistentLevel.ThirdPersonExampleMap' with GeneratedClass '/Game/ThirdPersonBP/Maps/ThirdPersonExampleMap.ThirdPersonExampleMap_C' with ClassGeneratedBy '/Game/ThirdPersonBP/Maps/ThirdPersonExampleMap.ThirdPersonExampleMap:PersistentLevel.ThirdPersonExampleMap'
[2017.03.07-01.03.45:447][791]LogPlayLevel: PlayLevel: No blueprints needed recompiling
[2017.03.07-01.03.45:448][791]PIE: New page: PIE session: ThirdPersonExampleMap (7 Mar 2017 10:03:45 pm)
[2017.03.07-01.03.45:448][791]LogPlayLevel: Creating play world package: /Game/ThirdPersonBP/Maps/UEDPIE_0_ThirdPersonExampleMap
[2017.03.07-01.03.45:468][791]LogPlayLevel: PIE: StaticDuplicateObject took: (0.020287s)
[2017.03.07-01.03.45:469][791]LogAIModule: Creating AISystem for world ThirdPersonExampleMap
[2017.03.07-01.03.45:469][791]LogPlayLevel: PIE: World Init took: (0.001197s)
[2017.03.07-01.03.45:469][791]LogPlayLevel: PIE: Created PIE world by copying editor world from /Game/ThirdPersonBP/Maps/ThirdPersonExampleMap.ThirdPersonExampleMap to /Game/ThirdPersonBP/Maps/UEDPIE_0_ThirdPersonExampleMap.ThirdPersonExampleMap (0.021792s)
[2017.03.07-01.03.45:491][791]LogInit: XAudio2 using 'Speakers / Headphones (Realtek Audio)' : 2 channels at 48 kHz using 32 bits per sample (channel mask 0x3)
[2017.03.07-01.03.45:507][791]LogInit: FAudioDevice initialized.
[2017.03.07-01.03.45:601][791]LogWorld: Game class is 'ThirdPersonGameMode_C'
[2017.03.07-01.03.45:610][791]LogWorld: Bringing World /Game/ThirdPersonBP/Maps/UEDPIE_0_ThirdPersonExampleMap.ThirdPersonExampleMap up for play (max tick rate 0) at 2017.03.07-12.03.45
[2017.03.07-01.03.45:611][791]LogWorld: Bringing up level for play took: 0.007859
[2017.03.07-01.03.45:619][791]LogContentBrowser: Native class hierarchy updated for 'MovieSceneCapture' in 0.0009 seconds. Added 11 classes and 0 folders.
[2017.03.07-01.03.45:619][791]LogGameMode:Display: Match State Changed from EnteringMap to WaitingToStart
[2017.03.07-01.03.45:619][791]LogGameState: Match State Changed from EnteringMap to WaitingToStart
[2017.03.07-01.03.45:619][791]LogGameMode:Display: Match State Changed from WaitingToStart to InProgress
[2017.03.07-01.03.45:641][791]LogGameState: Match State Changed from WaitingToStart to InProgress
[2017.03.07-01.03.45:645][791]PIE: Info Play in editor start time for /Game/ThirdPersonBP/Maps/UEDPIE_0_ThirdPersonExampleMap -0.726
[2017.03.07-01.03.45:645][791]LogBlueprintUserMessages: Late PlayInEditor Detection: Level '/Game/ThirdPersonBP/Maps/ThirdPersonExampleMap.ThirdPersonExampleMap:PersistentLevel' has LevelScriptBlueprint '/Game/ThirdPersonBP/Maps/ThirdPersonExampleMap.ThirdPersonExampleMap:PersistentLevel.ThirdPersonExampleMap' with GeneratedClass '/Game/ThirdPersonBP/Maps/ThirdPersonExampleMap.ThirdPersonExampleMap_C' with ClassGeneratedBy '/Game/ThirdPersonBP/Maps/ThirdPersonExampleMap.ThirdPersonExampleMap:PersistentLevel.ThirdPersonExampleMap'
[2017.03.07-01.03.45:714][791]LogRenderer: Reallocating scene render targets to support 1292x756 (Frame:70758).
[2017.03.07-01.03.48:514][ 63]LogBlueprintUserMessages: [ThirdPersonCharacter_167] Pickup_Hammer (1)
[2017.03.07-01.03.54:499][651]LogBlueprintUserMessages: [ThirdPersonCharacter_167] Pickup_Chicken
[2017.03.07-01.03.57:474][940]LogBlueprintUserMessages: [ThirdPersonCharacter_167] Pickup_Hammer (2)
[2017.03.07-01.03.59:591][153]LogBlueprintUserMessages: [ThirdPersonCharacter_167] Pickup_Axe (1)
[2017.03.07-01.04.29:207][128]LogBlueprintUserMessages: [ThirdPersonCharacter_167] Pickup_Hammer16
[2017.03.07-01.04.29:658][173]LogBlueprintUserMessages: [ThirdPersonCharacter_167] Pickup_Axe14
[2017.03.07-01.04.39:065][104]LogBlueprintUserMessages: [ThirdPersonCharacter_167] Pickup_Hammer19
[2017.03.07-01.04.43:466][527]LogBlueprintUserMessages: Early EndPlayMap Detection: Level '/Game/ThirdPersonBP/Maps/ThirdPersonExampleMap.ThirdPersonExampleMap:PersistentLevel' has LevelScriptBlueprint '/Game/ThirdPersonBP/Maps/ThirdPersonExampleMap.ThirdPersonExampleMap:PersistentLevel.ThirdPersonExampleMap' with GeneratedClass '/Game/ThirdPersonBP/Maps/ThirdPersonExampleMap.ThirdPersonExampleMap_C' with ClassGeneratedBy '/Game/ThirdPersonBP/Maps/ThirdPersonExampleMap.ThirdPersonExampleMap:PersistentLevel.ThirdPersonExampleMap'
[2017.03.07-01.04.43:504][527]LogBlueprintUserMessages: Late EndPlayMap Detection: Level '/Game/ThirdPersonBP/Maps/ThirdPersonExampleMap.ThirdPersonExampleMap:PersistentLevel' has LevelScriptBlueprint '/Game/ThirdPersonBP/Maps/ThirdPersonExampleMap.ThirdPersonExampleMap:PersistentLevel.ThirdPersonExampleMap' with GeneratedClass '/Game/ThirdPersonBP/Maps/ThirdPersonExampleMap.ThirdPersonExampleMap_C' with ClassGeneratedBy '/Game/ThirdPersonBP/Maps/ThirdPersonExampleMap.ThirdPersonExampleMap:PersistentLevel.ThirdPersonExampleMap'
[2017.03.07-01.04.47:807][  0]LogWindowsTextInputMethodSystem:Display: IME system now deactivated.
[2017.03.07-01.04.47:986][  1]Cmd: QUIT_EDITOR
[2017.03.07-01.04.48:254][  1]LogExit: Preparing to exit.
[2017.03.07-01.04.49:363][  1]LogDirectoryWatcher: A directory notification for 'C:/Users/l201428515/Documents/GitHub/MobileDevelopment/Assignment6/ProjectFiles/InventoryAndSave/Content/' was aborted.
[2017.03.07-01.04.49:393][  1]LogExit: Editor shut down
[2017.03.07-01.04.49:394][  1]LogExit: Transaction tracking system shut down
[2017.03.07-01.04.49:551][  1]LogObj: Freed 0b from 0 cluster array pools.
[2017.03.07-01.04.49:551][  1]LogExit: Object subsystem successfully closed.
[2017.03.07-01.04.49:570][  1]LogD3D11RHI: Shutdown
[2017.03.07-01.04.49:570][  1]LogD3D11RHI: CleanupD3DDevice
[2017.03.07-01.04.49:666][  1]LogD3D11RHI: ~FD3D11DynamicRHI
[2017.03.07-01.04.49:680][  1]LogModuleManager: Shutting down and abandoning module MovieSceneCapture (237)
[2017.03.07-01.04.49:680][  1]LogModuleManager: Shutting down and abandoning module SequencerWidgets (236)
[2017.03.07-01.04.49:680][  1]LogModuleManager: Shutting down and abandoning module BlueprintGraph (235)
[2017.03.07-01.04.49:680][  1]LogModuleManager: Shutting down and abandoning module BlueprintProfiler (234)
[2017.03.07-01.04.49:680][  1]LogModuleManager: Shutting down and abandoning module HierarchicalLODOutliner (233)
[2017.03.07-01.04.49:680][  1]LogModuleManager: Shutting down and abandoning module CrashTracker (232)
[2017.03.07-01.04.49:680][  1]LogModuleManager: Shutting down and abandoning module SceneOutliner (231)
[2017.03.07-01.04.49:680][  1]LogModuleManager: Shutting down and abandoning module WidgetCarousel (230)
[2017.03.07-01.04.49:680][  1]LogModuleManager: Shutting down and abandoning module AddContentDialog (229)
[2017.03.07-01.04.49:680][  1]LogDirectoryWatcher: A directory notification for 'C:/Program Files/Epic Games/UE_4.13/FeaturePacks/' was aborted.
[2017.03.07-01.04.49:683][  1]LogModuleManager: Shutting down and abandoning module GameplayTags (228)
[2017.03.07-01.04.49:683][  1]LogModuleManager: Shutting down and abandoning module EditorWidgets (227)
[2017.03.07-01.04.49:683][  1]LogModuleManager: Shutting down and abandoning module CollectionManager (226)
[2017.03.07-01.04.49:683][  1]LogDirectoryWatcher: A directory notification for 'C:/Users/l201428515/Documents/GitHub/MobileDevelopment/Assignment6/ProjectFiles/InventoryAndSave/Content/Collections/' was aborted.
[2017.03.07-01.04.49:683][  1]LogDirectoryWatcher: A directory notification for 'C:/Users/l201428515/Documents/GitHub/MobileDevelopment/Assignment6/ProjectFiles/InventoryAndSave/Content/Developers/L201428515/Collections/' was aborted.
[2017.03.07-01.04.49:683][  1]LogDirectoryWatcher: A directory notification for 'C:/Users/l201428515/Documents/GitHub/MobileDevelopment/Assignment6/ProjectFiles/InventoryAndSave/Saved/Collections/' was aborted.
[2017.03.07-01.04.49:683][  1]LogModuleManager: Shutting down and abandoning module StatsViewer (225)
[2017.03.07-01.04.49:683][  1]LogModuleManager: Shutting down and abandoning module FoliageEdit (224)
[2017.03.07-01.04.49:683][  1]LogModuleManager: Shutting down and abandoning module LandscapeEditor (223)
[2017.03.07-01.04.49:684][  1]LogModuleManager: Shutting down and abandoning module SceneDepthPickerMode (222)
[2017.03.07-01.04.49:684][  1]LogModuleManager: Shutting down and abandoning module ActorPickerMode (221)
[2017.03.07-01.04.49:684][  1]LogModuleManager: Shutting down and abandoning module GeometryMode (220)
[2017.03.07-01.04.49:684][  1]LogModuleManager: Shutting down and abandoning module TextureAlignMode (219)
[2017.03.07-01.04.49:684][  1]LogModuleManager: Shutting down and abandoning module BspMode (218)
[2017.03.07-01.04.49:684][  1]LogModuleManager: Shutting down and abandoning module HardwareSurvey (217)
[2017.03.07-01.04.49:684][  1]LogModuleManager: Shutting down and abandoning module SequenceRecorderSections (216)
[2017.03.07-01.04.49:684][  1]LogModuleManager: Shutting down and abandoning module SequenceRecorder (215)
[2017.03.07-01.04.49:684][  1]LogModuleManager: Shutting down and abandoning module AutomationWorker (214)
[2017.03.07-01.04.49:684][  1]LogModuleManager: Shutting down and abandoning module MatineeToLevelSequence (213)
[2017.03.07-01.04.49:684][  1]LogModuleManager: Shutting down and abandoning module PlacementMode (212)
[2017.03.07-01.04.49:684][  1]LogModuleManager: Shutting down and abandoning module LevelSequenceEditor (211)
[2017.03.07-01.04.49:684][  1]LogModuleManager: Shutting down and abandoning module WmfMediaFactory (210)
[2017.03.07-01.04.49:684][  1]LogModuleManager: Shutting down and abandoning module WmfMediaEditor (209)
[2017.03.07-01.04.49:684][  1]LogModuleManager: Shutting down and abandoning module AvfMediaFactory (208)
[2017.03.07-01.04.49:684][  1]LogModuleManager: Shutting down and abandoning module AvfMediaEditor (207)
[2017.03.07-01.04.49:684][  1]LogModuleManager: Shutting down and abandoning module Media (206)
[2017.03.07-01.04.49:684][  1]LogModuleManager: Shutting down and abandoning module AndroidMediaFactory (205)
[2017.03.07-01.04.49:684][  1]LogModuleManager: Shutting down and abandoning module AndroidMediaEditor (204)
[2017.03.07-01.04.49:684][  1]LogModuleManager: Shutting down and abandoning module CharacterAI (203)
[2017.03.07-01.04.49:684][  1]LogModuleManager: Shutting down and abandoning module SmartSnapping (202)
[2017.03.07-01.04.49:684][  1]LogModuleManager: Shutting down and abandoning module SessionServices (201)
[2017.03.07-01.04.49:684][  1]LogModuleManager: Shutting down and abandoning module ViewportSnapping (200)
[2017.03.07-01.04.49:684][  1]LogModuleManager: Shutting down and abandoning module ViewportInteraction (199)
[2017.03.07-01.04.49:684][  1]LogModuleManager: Shutting down and abandoning module LogVisualizer (198)
[2017.03.07-01.04.49:684][  1]LogModuleManager: Shutting down and abandoning module GameProjectGeneration (197)
[2017.03.07-01.04.49:684][  1]LogModuleManager: Shutting down and abandoning module IntroTutorials (196)
[2017.03.07-01.04.49:684][  1]LogModuleManager: Shutting down and abandoning module EditorLiveStreaming (195)
[2017.03.07-01.04.49:684][  1]LogModuleManager: Shutting down and abandoning module IOSPlatformEditor (194)
[2017.03.07-01.04.49:684][  1]LogModuleManager: Shutting down and abandoning module HTML5PlatformEditor (193)
[2017.03.07-01.04.49:684][  1]LogModuleManager: Shutting down and abandoning module AndroidDeviceDetection (192)
[2017.03.07-01.04.50:255][  1]LogModuleManager: Shutting down and abandoning module AndroidPlatformEditor (191)
[2017.03.07-01.04.50:255][  1]LogModuleManager: Shutting down and abandoning module IOSRuntimeSettings (190)
[2017.03.07-01.04.50:255][  1]LogModuleManager: Shutting down and abandoning module AndroidRuntimeSettings (189)
[2017.03.07-01.04.50:255][  1]LogModuleManager: Shutting down and abandoning module NiagaraEditor (188)
[2017.03.07-01.04.50:255][  1]LogModuleManager: Shutting down and abandoning module MergeActors (187)
[2017.03.07-01.04.50:256][  1]LogModuleManager: Shutting down and abandoning module SizeMap (186)
[2017.03.07-01.04.50:256][  1]LogModuleManager: Shutting down and abandoning module TreeMap (185)
[2017.03.07-01.04.50:256][  1]LogModuleManager: Shutting down and abandoning module ReferenceViewer (184)
[2017.03.07-01.04.50:256][  1]LogModuleManager: Shutting down and abandoning module LocalizationService (183)
[2017.03.07-01.04.50:256][  1]LogModuleManager: Shutting down and abandoning module LocalizationDashboard (182)
[2017.03.07-01.04.50:256][  1]LogModuleManager: Shutting down and abandoning module HardwareTargeting (181)
[2017.03.07-01.04.50:256][  1]LogModuleManager: Shutting down and abandoning module DeviceProfileEditor (180)
[2017.03.07-01.04.50:256][  1]LogModuleManager: Shutting down and abandoning module UndoHistory (179)
[2017.03.07-01.04.50:256][  1]LogModuleManager: Shutting down and abandoning module UserFeedback (178)
[2017.03.07-01.04.50:256][  1]LogModuleManager: Shutting down and abandoning module XmlParser (177)
[2017.03.07-01.04.50:256][  1]LogModuleManager: Shutting down and abandoning module Blutility (176)
[2017.03.07-01.04.50:256][  1]LogModuleManager: Shutting down and abandoning module ProjectTargetPlatformEditor (175)
[2017.03.07-01.04.50:256][  1]LogModuleManager: Shutting down and abandoning module ProjectSettingsViewer (174)
[2017.03.07-01.04.50:257][  1]LogModuleManager: Shutting down and abandoning module InputBindingEditor (173)
[2017.03.07-01.04.50:257][  1]LogModuleManager: Shutting down and abandoning module EditorSettingsViewer (172)
[2017.03.07-01.04.50:257][  1]LogModuleManager: Shutting down and abandoning module SettingsEditor (171)
[2017.03.07-01.04.50:257][  1]LogModuleManager: Shutting down and abandoning module ProjectLauncher (170)
[2017.03.07-01.04.50:257][  1]LogModuleManager: Shutting down and abandoning module SessionFrontend (169)
[2017.03.07-01.04.50:257][  1]LogModuleManager: Shutting down and abandoning module ProfilerClient (168)
[2017.03.07-01.04.50:257][  1]LogModuleManager: Shutting down and abandoning module TargetDeviceServices (167)
[2017.03.07-01.04.50:257][  1]LogModuleManager: Shutting down and abandoning module DeviceManager (166)
[2017.03.07-01.04.50:311][  1]LogModuleManager: Shutting down and abandoning module AutomationController (165)
[2017.03.07-01.04.50:311][  1]LogModuleManager: Shutting down and abandoning module AutomationWindow (164)
[2017.03.07-01.04.50:311][  1]LogModuleManager: Shutting down and abandoning module Layers (163)
[2017.03.07-01.04.50:311][  1]LogModuleManager: Shutting down and abandoning module ComponentVisualizers (162)
[2017.03.07-01.04.50:311][  1]LogModuleManager: Shutting down and abandoning module DetailCustomizations (161)
[2017.03.07-01.04.50:311][  1]LogModuleManager: Shutting down and abandoning module PackagesDialog (160)
[2017.03.07-01.04.50:312][  1]LogModuleManager: Shutting down and abandoning module AnimGraph (159)
[2017.03.07-01.04.50:312][  1]LogModuleManager: Shutting down and abandoning module Persona (158)
[2017.03.07-01.04.50:312][  1]LogModuleManager: Shutting down and abandoning module Kismet (157)
[2017.03.07-01.04.50:334][  1]LogModuleManager: Shutting down and abandoning module GraphEditor (156)
[2017.03.07-01.04.50:334][  1]LogModuleManager: Shutting down and abandoning module ClassViewer (155)
[2017.03.07-01.04.50:334][  1]LogModuleManager: Shutting down and abandoning module Toolbox (154)
[2017.03.07-01.04.50:334][  1]LogModuleManager: Shutting down and abandoning module ModuleUI (153)
[2017.03.07-01.04.50:334][  1]LogModuleManager: Shutting down and abandoning module MovieSceneTools (152)
[2017.03.07-01.04.50:334][  1]LogModuleManager: Shutting down and abandoning module OutputLog (151)
[2017.03.07-01.04.50:334][  1]LogModuleManager: Shutting down and abandoning module GammaUI (150)
[2017.03.07-01.04.50:334][  1]LogModuleManager: Shutting down and abandoning module Documentation (149)
[2017.03.07-01.04.50:334][  1]LogModuleManager: Shutting down and abandoning module Niagara (148)
[2017.03.07-01.04.50:334][  1]LogModuleManager: Shutting down and abandoning module StreamingPauseRendering (147)
[2017.03.07-01.04.50:334][  1]LogModuleManager: Shutting down and abandoning module AnalyticsET (146)
[2017.03.07-01.04.50:334][  1]LogModuleManager: Shutting down and abandoning module PortalServices (145)
[2017.03.07-01.04.50:334][  1]LogModuleManager: Shutting down and abandoning module PortalRpc (144)
[2017.03.07-01.04.50:334][  1]LogModuleManager: Shutting down and abandoning module MessagingRpc (143)
[2017.03.07-01.04.50:334][  1]LogModuleManager: Shutting down and abandoning module GameplayDebugger (142)
[2017.03.07-01.04.50:334][  1]LogModuleManager: Shutting down and abandoning module AITestSuite (141)
[2017.03.07-01.04.50:334][  1]LogModuleManager: Shutting down and abandoning module AIModule (140)
[2017.03.07-01.04.50:334][  1]LogModuleManager: Shutting down and abandoning module ProfilerService (139)
[2017.03.07-01.04.50:449][  1]LogModuleManager: Shutting down and abandoning module TaskGraph (138)
[2017.03.07-01.04.50:449][  1]LogModuleManager: Shutting down and abandoning module SlateRemote (137)
[2017.03.07-01.04.50:449][  1]LogModuleManager: Shutting down and abandoning module SteamVRController (136)
[2017.03.07-01.04.50:449][  1]LogModuleManager: Shutting down and abandoning module SteamVR (135)
[2017.03.07-01.04.50:449][  1]LogModuleManager: Shutting down and abandoning module ProceduralMeshComponentEditor (134)
[2017.03.07-01.04.50:449][  1]LogModuleManager: Shutting down and abandoning module ProceduralMeshComponent (133)
[2017.03.07-01.04.50:449][  1]LogModuleManager: Shutting down and abandoning module OculusLibrary (132)
[2017.03.07-01.04.50:449][  1]LogModuleManager: Shutting down and abandoning module OculusInput (131)
[2017.03.07-01.04.50:449][  1]LogModuleManager: Shutting down and abandoning module CustomMeshComponent (130)
[2017.03.07-01.04.50:449][  1]LogModuleManager: Shutting down and abandoning module CableComponent (129)
[2017.03.07-01.04.50:449][  1]LogModuleManager: Shutting down and abandoning module ArchVisCharacter (128)
[2017.03.07-01.04.50:449][  1]LogModuleManager: Shutting down and abandoning module MediaPlayerEditor (126)
[2017.03.07-01.04.50:449][  1]LogModuleManager: Shutting down and abandoning module HTML5Networking (125)
[2017.03.07-01.04.50:449][  1]LogModuleManager: Shutting down and abandoning module GeometryCacheEd (124)
[2017.03.07-01.04.50:449][  1]LogModuleManager: Shutting down and abandoning module GeometryCache (123)
[2017.03.07-01.04.50:449][  1]LogModuleManager: Shutting down and abandoning module AlembicLibrary (122)
[2017.03.07-01.04.50:449][  1]LogModuleManager: Shutting down and abandoning module AlembicImporter (121)
[2017.03.07-01.04.50:449][  1]LogModuleManager: Shutting down and abandoning module SuperSearch (120)
[2017.03.07-01.04.50:449][  1]LogModuleManager: Shutting down and abandoning module SuperSearchEditor (119)
[2017.03.07-01.04.50:449][  1]LogModuleManager: Shutting down and abandoning module SpeedTreeImporter (118)
[2017.03.07-01.04.50:450][  1]LogModuleManager: Shutting down and abandoning module PluginBrowser (117)
[2017.03.07-01.04.50:450][  1]LogModuleManager: Shutting down and abandoning module MobileLauncherProfileWizard (116)
[2017.03.07-01.04.50:450][  1]LogModuleManager: Shutting down and abandoning module EpicSurvey (115)
[2017.03.07-01.04.50:450][  1]LogModuleManager: Shutting down and abandoning module DesktopPlatform (114)
[2017.03.07-01.04.50:450][  1]LogModuleManager: Shutting down and abandoning module VisualStudioSourceCodeAccess (113)
[2017.03.07-01.04.50:450][  1]LogModuleManager: Shutting down and abandoning module UObjectPlugin (112)
[2017.03.07-01.04.50:450][  1]LogModuleManager: Shutting down and abandoning module SubversionSourceControl (111)
[2017.03.07-01.04.50:450][  1]LogModuleManager: Shutting down and abandoning module PerforceSourceControl (110)
[2017.03.07-01.04.50:450][  1]LogModuleManager: Shutting down and abandoning module SourceControl (109)
[2017.03.07-01.04.50:450][  1]LogModuleManager: Shutting down and abandoning module GitSourceControl (108)
[2017.03.07-01.04.50:450][  1]LogModuleManager: Shutting down and abandoning module LightPropagationVolumeEditor (107)
[2017.03.07-01.04.50:450][  1]LogModuleManager: Shutting down and abandoning module PaperTiledImporter (106)
[2017.03.07-01.04.50:450][  1]LogModuleManager: Shutting down and abandoning module PaperSpriteSheetImporter (105)
[2017.03.07-01.04.50:450][  1]LogModuleManager: Shutting down and abandoning module MeshPaint (104)
[2017.03.07-01.04.50:450][  1]LogModuleManager: Shutting down and abandoning module FbxAutomationBuilderModule (103)
[2017.03.07-01.04.50:450][  1]LogModuleManager: Shutting down and abandoning module PixelInspectorModule (102)
[2017.03.07-01.04.50:451][  1]LogModuleManager: Shutting down and abandoning module HotReload (101)
[2017.03.07-01.04.50:452][  1]LogModuleManager: Shutting down and abandoning module MainFrame (100)
[2017.03.07-01.04.50:452][  1]LogModuleManager: Shutting down and abandoning module LevelEditor (99)
[2017.03.07-01.04.50:454][  1]LogModuleManager: Shutting down and abandoning module ContentBrowser (98)
[2017.03.07-01.04.50:456][  1]LogModuleManager: Shutting down and abandoning module Paper2DEditor (97)
[2017.03.07-01.04.50:456][  1]LogModuleManager: Shutting down and abandoning module UdpMessaging (96)
[2017.03.07-01.04.50:557][  1]LogModuleManager: Shutting down and abandoning module TcpMessaging (95)
[2017.03.07-01.04.50:657][  1]LogModuleManager: Shutting down and abandoning module LightPropagationVolumeRuntime (94)
[2017.03.07-01.04.50:657][  1]LogModuleManager: Shutting down and abandoning module Paper2D (93)
[2017.03.07-01.04.50:657][  1]LogModuleManager: Shutting down and abandoning module WindowsMoviePlayer (92)
[2017.03.07-01.04.50:657][  1]LogModuleManager: Shutting down and abandoning module WmfMedia (91)
[2017.03.07-01.04.50:657][  1]LogModuleManager: Shutting down and abandoning module MediaAssets (90)
[2017.03.07-01.04.50:657][  1]LogModuleManager: Shutting down and abandoning module GameLiveStreaming (89)
[2017.03.07-01.04.50:658][  1]LogModuleManager: Shutting down and abandoning module GameplayTagsEditor (88)
[2017.03.07-01.04.50:658][  1]LogModuleManager: Shutting down and abandoning module VREditor (87)
[2017.03.07-01.04.50:658][  1]LogModuleManager: Shutting down and abandoning module GameplayTasksEditor (86)
[2017.03.07-01.04.50:658][  1]LogModuleManager: Shutting down and abandoning module PropertyEditor (85)
[2017.03.07-01.04.50:664][  1]LogModuleManager: Shutting down and abandoning module BehaviorTreeEditor (84)
[2017.03.07-01.04.50:664][  1]LogModuleManager: Shutting down and abandoning module FunctionalTesting (83)
[2017.03.07-01.04.50:664][  1]LogModuleManager: Shutting down and abandoning module CollisionAnalyzer (82)
[2017.03.07-01.04.50:665][  1]LogModuleManager: Shutting down and abandoning module Sequencer (81)
[2017.03.07-01.04.50:665][  1]LogModuleManager: Shutting down and abandoning module WorkspaceMenuStructure (80)
[2017.03.07-01.04.50:665][  1]LogModuleManager: Shutting down and abandoning module MessageLog (79)
[2017.03.07-01.04.50:665][  1]LogModuleManager: Shutting down and abandoning module AssetTools (78)
[2017.03.07-01.04.50:665][  1]LogModuleManager: Shutting down and abandoning module UMGEditor (77)
[2017.03.07-01.04.50:665][  1]LogModuleManager: Shutting down and abandoning module UMG (76)
[2017.03.07-01.04.50:665][  1]LogModuleManager: Shutting down and abandoning module SlateReflector (75)
[2017.03.07-01.04.50:665][  1]LogModuleManager: Shutting down and abandoning module Slate (74)
[2017.03.07-01.04.50:665][  1]LogModuleManager: Shutting down and abandoning module EditorStyle (73)
[2017.03.07-01.04.50:674][  1]LogModuleManager: Shutting down and abandoning module SourceCodeAccess (72)
[2017.03.07-01.04.50:674][  1]LogModuleManager: Shutting down and abandoning module HeadMountedDisplay (71)
[2017.03.07-01.04.50:674][  1]LogModuleManager: Shutting down and abandoning module XAudio2 (70)
[2017.03.07-01.04.50:674][  1]LogModuleManager: Shutting down and abandoning module Networking (68)
[2017.03.07-01.04.50:674][  1]LogModuleManager: Shutting down and abandoning module Core (67)
[2017.03.07-01.04.50:674][  1]LogModuleManager: Shutting down and abandoning module DirectoryWatcher (66)
[2017.03.07-01.04.50:674][  1]LogDirectoryWatcher: A directory notification for '../../../Engine/Content/' was aborted.
[2017.03.07-01.04.50:675][  1]LogDirectoryWatcher: A directory notification for '../../../../../../Users/l201428515/Documents/GitHub/MobileDevelopment/Assignment6/ProjectFiles/InventoryAndSave/Content/' was aborted.
[2017.03.07-01.04.50:675][  1]LogDirectoryWatcher: A directory notification for '../../../Engine/Plugins/2D/Paper2D/Content/' was aborted.
[2017.03.07-01.04.50:676][  1]LogModuleManager: Shutting down and abandoning module AssetRegistry (65)
[2017.03.07-01.04.50:802][  1]LogModuleManager: Shutting down and abandoning module KismetCompiler (64)
[2017.03.07-01.04.50:802][  1]LogModuleManager: Shutting down and abandoning module PhysXFormats (63)
[2017.03.07-01.04.50:802][  1]LogModuleManager: Shutting down and abandoning module MeshUtilities (62)
[2017.03.07-01.04.50:802][  1]LogModuleManager: Shutting down and abandoning module DerivedDataCache (61)
[2017.03.07-01.04.50:853][  1]LogDerivedDataCache: Shutdown
[2017.03.07-01.04.50:853][  1]LogModuleManager: Shutting down and abandoning module VulkanShaderFormat (60)
[2017.03.07-01.04.50:853][  1]LogModuleManager: Shutting down and abandoning module ShaderFormatOpenGL (59)
[2017.03.07-01.04.50:853][  1]LogModuleManager: Shutting down and abandoning module ShaderFormatD3D (58)
[2017.03.07-01.04.50:853][  1]LogModuleManager: Shutting down and abandoning module MetalShaderFormat (57)
[2017.03.07-01.04.50:853][  1]LogModuleManager: Shutting down and abandoning module TextureFormatUncompressed (56)
[2017.03.07-01.04.50:853][  1]LogModuleManager: Shutting down and abandoning module TextureFormatPVR (55)
[2017.03.07-01.04.50:853][  1]LogModuleManager: Shutting down and abandoning module TextureFormatDXT (54)
[2017.03.07-01.04.50:853][  1]LogModuleManager: Shutting down and abandoning module TextureFormatIntelISPCTexComp (53)
[2017.03.07-01.04.50:853][  1]LogModuleManager: Shutting down and abandoning module ImageWrapper (52)
[2017.03.07-01.04.50:853][  1]LogModuleManager: Shutting down and abandoning module TextureFormatASTC (51)
[2017.03.07-01.04.50:853][  1]LogModuleManager: Shutting down and abandoning module TextureFormatAndroid (50)
[2017.03.07-01.04.50:853][  1]LogModuleManager: Shutting down and abandoning module AudioFormatOpus (49)
[2017.03.07-01.04.50:853][  1]LogModuleManager: Shutting down and abandoning module AudioFormatOgg (48)
[2017.03.07-01.04.50:853][  1]LogModuleManager: Shutting down and abandoning module AudioFormatADPCM (47)
[2017.03.07-01.04.50:853][  1]LogModuleManager: Shutting down and abandoning module LinuxTargetPlatform (46)
[2017.03.07-01.04.50:853][  1]LogModuleManager: Shutting down and abandoning module LinuxServerTargetPlatform (45)
[2017.03.07-01.04.50:853][  1]LogModuleManager: Shutting down and abandoning module LinuxNoEditorTargetPlatform (44)
[2017.03.07-01.04.50:853][  1]LogModuleManager: Shutting down and abandoning module LinuxClientTargetPlatform (43)
[2017.03.07-01.04.50:853][  1]LogModuleManager: Shutting down and abandoning module TVOSTargetPlatform (42)
[2017.03.07-01.04.50:853][  1]LogModuleManager: Shutting down and abandoning module Messaging (41)
[2017.03.07-01.04.50:853][  1]LogModuleManager: Shutting down and abandoning module IOSTargetPlatform (40)
[2017.03.07-01.04.50:853][  1]LogModuleManager: Shutting down and abandoning module HTML5TargetPlatform (39)
[2017.03.07-01.04.50:853][  1]LogModuleManager: Shutting down and abandoning module Android_PVRTCTargetPlatform (38)
[2017.03.07-01.04.50:853][  1]LogModuleManager: Shutting down and abandoning module Android_MultiTargetPlatform (37)
[2017.03.07-01.04.50:853][  1]LogModuleManager: Shutting down and abandoning module Android_ETC2TargetPlatform (36)
[2017.03.07-01.04.50:853][  1]LogModuleManager: Shutting down and abandoning module Android_ETC1TargetPlatform (35)
[2017.03.07-01.04.50:853][  1]LogModuleManager: Shutting down and abandoning module Android_DXTTargetPlatform (34)
[2017.03.07-01.04.50:853][  1]LogModuleManager: Shutting down and abandoning module Android_ATCTargetPlatform (33)
[2017.03.07-01.04.50:853][  1]LogModuleManager: Shutting down and abandoning module Android_ASTCTargetPlatform (32)
[2017.03.07-01.04.50:853][  1]LogModuleManager: Shutting down and abandoning module AndroidTargetPlatform (31)
[2017.03.07-01.04.50:853][  1]LogModuleManager: Shutting down and abandoning module WindowsTargetPlatform (30)
[2017.03.07-01.04.50:853][  1]LogModuleManager: Shutting down and abandoning module WindowsServerTargetPlatform (29)
[2017.03.07-01.04.50:853][  1]LogModuleManager: Shutting down and abandoning module WindowsNoEditorTargetPlatform (28)
[2017.03.07-01.04.50:853][  1]LogModuleManager: Shutting down and abandoning module WindowsClientTargetPlatform (27)
[2017.03.07-01.04.50:853][  1]LogModuleManager: Shutting down and abandoning module AllDesktopTargetPlatform (26)
[2017.03.07-01.04.50:853][  1]LogModuleManager: Shutting down and abandoning module TargetPlatform (25)
[2017.03.07-01.04.50:853][  1]LogModuleManager: Shutting down and abandoning module InputCore (24)
[2017.03.07-01.04.50:853][  1]LogModuleManager: Shutting down and abandoning module Settings (23)
[2017.03.07-01.04.50:853][  1]LogModuleManager: Shutting down and abandoning module OculusRift (22)
[2017.03.07-01.04.50:853][  1]LogModuleManager: Shutting down and abandoning module GearVR (21)
[2017.03.07-01.04.50:853][  1]LogModuleManager: Shutting down and abandoning module ExampleDeviceProfileSelector (20)
[2017.03.07-01.04.50:853][  1]LogModuleManager: Shutting down and abandoning module OnlineBlueprintSupport (19)
[2017.03.07-01.04.50:853][  1]LogModuleManager: Shutting down and abandoning module OnlineSubsystem (17)
[2017.03.07-01.04.50:853][  1]LogOnline:Display: Unloading online subsystem: NULL
[2017.03.07-01.04.50:853][  1]LogModuleManager: Shutting down and abandoning module HTTP (16)
[2017.03.07-01.04.50:853][  1]LogHttp:Display: Http module shutting down, but needs to wait on 1 outstanding Http requests:
[2017.03.07-01.04.50:853][  1]LogHttp:Display: 	verb=[POST] url=[https://datarouter.ol.epicgames.com/datarouter/api/v1/public/data?SessionID=%7B6EEFCF2F-4B91-09CA-38CD-A3A02FDD95BA%7D&AppID=UEEditor.Rocket.Release&AppVersion=4.13.2-3172292%2B%2B%2BUE4%2BRelease-4.13&UserID=2d7e80f84c9c4a559042a5a38fe0b6d7%7C%7C7e125931-a717-4dbe-a2e4-f63668e10334&AppEnvironment=datacollector-binary&UploadType=eteventstream] status=Processing
[2017.03.07-01.04.50:866][  1]LogModuleManager: Shutting down and abandoning module XMPP (15)
[2017.03.07-01.04.50:866][  1]LogModuleManager: Shutting down and abandoning module TextureCompressor (14)
[2017.03.07-01.04.50:866][  1]LogModuleManager: Shutting down and abandoning module ShaderCore (13)
[2017.03.07-01.04.50:866][  1]LogModuleManager: Shutting down and abandoning module Landscape (12)
[2017.03.07-01.04.50:866][  1]LogModuleManager: Shutting down and abandoning module SlateRHIRenderer (11)
[2017.03.07-01.04.50:869][  1]LogModuleManager: Shutting down and abandoning module OpenGLDrv (10)
[2017.03.07-01.04.50:869][  1]LogModuleManager: Shutting down and abandoning module D3D11RHI (9)
[2017.03.07-01.04.50:869][  1]LogModuleManager: Shutting down and abandoning module AnimGraphRuntime (8)
[2017.03.07-01.04.50:869][  1]LogModuleManager: Shutting down and abandoning module Renderer (7)
[2017.03.07-01.04.50:869][  1]LogModuleManager: Shutting down and abandoning module Engine (6)
[2017.03.07-01.04.50:869][  1]LogModuleManager: Shutting down and abandoning module CoreUObject (5)
[2017.03.07-01.04.50:869][  1]LogModuleManager: Shutting down and abandoning module NetworkFile (4)
[2017.03.07-01.04.50:869][  1]LogModuleManager: Shutting down and abandoning module StreamingFile (3)
[2017.03.07-01.04.50:869][  1]LogModuleManager: Shutting down and abandoning module SandboxFile (2)
[2017.03.07-01.04.50:869][  1]LogModuleManager: Shutting down and abandoning module PakFile (1)
[2017.03.07-01.04.50:870][  1]LogExit: Exiting.
[2017.03.07-01.04.50:878][  1]Log file closed, 03/07/17 12:04:50
