Log file open, 03/01/17 11:53:31
LogInit:Display: Running engine for game: SavingInventory
LogPlatformFile: Not using cached read wrapper
LogInit:Display: RandInit(-464741828) SRandInit(-464741827).
LogTaskGraph: Started task graph with 5 named threads and 8 total threads with 1 sets of task threads.
LogStats: Stats thread started at 0.071275
LogPluginManager: Loaded Plugin Paper2D, From C:/Program Files/Epic Games/UE_4.13/Engine/Plugins/2D/Paper2D/Paper2D.uplugin
LogPluginManager: Loaded Plugin LightPropagationVolume, From C:/Program Files/Epic Games/UE_4.13/Engine/Plugins/Blendables/LightPropagationVolume/LightPropagationVolume.uplugin
LogPluginManager: Loaded Plugin BlankPlugin, From C:/Program Files/Epic Games/UE_4.13/Engine/Plugins/Developer/BlankPlugin/BlankPlugin.uplugin
LogPluginManager: Loaded Plugin CodeLiteSourceCodeAccess, From C:/Program Files/Epic Games/UE_4.13/Engine/Plugins/Developer/CodeLiteSourceCodeAccess/CodeLiteSourceCodeAccess.uplugin
LogPluginManager: Loaded Plugin GitSourceControl, From C:/Program Files/Epic Games/UE_4.13/Engine/Plugins/Developer/GitSourceControl/GitSourceControl.uplugin
LogPluginManager: Loaded Plugin KDevelopSourceCodeAccess, From C:/Program Files/Epic Games/UE_4.13/Engine/Plugins/Developer/KDevelopSourceCodeAccess/KDevelopSourceCodeAccess.uplugin
LogPluginManager: Loaded Plugin NullSourceCodeAccess, From C:/Program Files/Epic Games/UE_4.13/Engine/Plugins/Developer/NullSourceCodeAccess/NullSourceCodeAccess.uplugin
LogPluginManager: Loaded Plugin OneSkyLocalizationService, From C:/Program Files/Epic Games/UE_4.13/Engine/Plugins/Developer/OneSkyLocalizationService/OneSkyLocalizationService.uplugin
LogPluginManager: Loaded Plugin PerforceSourceControl, From C:/Program Files/Epic Games/UE_4.13/Engine/Plugins/Developer/PerforceSourceControl/PerforceSourceControl.uplugin
LogPluginManager: Loaded Plugin SubversionSourceControl, From C:/Program Files/Epic Games/UE_4.13/Engine/Plugins/Developer/SubversionSourceControl/SubversionSourceControl.uplugin
LogPluginManager: Loaded Plugin UObjectPlugin, From C:/Program Files/Epic Games/UE_4.13/Engine/Plugins/Developer/UObjectPlugin/UObjectPlugin.uplugin
LogPluginManager: Loaded Plugin VisualStudioSourceCodeAccess, From C:/Program Files/Epic Games/UE_4.13/Engine/Plugins/Developer/VisualStudioSourceCodeAccess/VisualStudioSourceCodeAccess.uplugin
LogPluginManager: Loaded Plugin XCodeSourceCodeAccess, From C:/Program Files/Epic Games/UE_4.13/Engine/Plugins/Developer/XCodeSourceCodeAccess/XCodeSourceCodeAccess.uplugin
LogPluginManager: Loaded Plugin EpicSurvey, From C:/Program Files/Epic Games/UE_4.13/Engine/Plugins/Editor/EpicSurvey/EpicSurvey.uplugin
LogPluginManager: Loaded Plugin MacGraphicsSwitching, From C:/Program Files/Epic Games/UE_4.13/Engine/Plugins/Editor/MacGraphicsSwitching/MacGraphicsSwitching.uplugin
LogPluginManager: Loaded Plugin MobileLauncherProfileWizard, From C:/Program Files/Epic Games/UE_4.13/Engine/Plugins/Editor/MobileLauncherProfileWizard/MobileLauncherProfileWizard.uplugin
LogPluginManager: Loaded Plugin PluginBrowser, From C:/Program Files/Epic Games/UE_4.13/Engine/Plugins/Editor/PluginBrowser/PluginBrowser.uplugin
LogPluginManager: Loaded Plugin SpeedTreeImporter, From C:/Program Files/Epic Games/UE_4.13/Engine/Plugins/Editor/SpeedTreeImporter/SpeedTreeImporter.uplugin
LogPluginManager: Loaded Plugin SuperSearchEditor, From C:/Program Files/Epic Games/UE_4.13/Engine/Plugins/Editor/SuperSearchEditor/SuperSearchEditor.uplugin
LogPluginManager: Loaded Plugin AlembicImporter, From C:/Program Files/Epic Games/UE_4.13/Engine/Plugins/Experimental/AlembicImporter/AlembicImporter.uplugin
LogPluginManager: Loaded Plugin BlueprintStats, From C:/Program Files/Epic Games/UE_4.13/Engine/Plugins/Experimental/BlueprintStats/BlueprintStats.uplugin
LogPluginManager: Loaded Plugin CharacterAI, From C:/Program Files/Epic Games/UE_4.13/Engine/Plugins/Experimental/CharacterAI/CharacterAI.uplugin
LogPluginManager: Loaded Plugin CodeEditor, From C:/Program Files/Epic Games/UE_4.13/Engine/Plugins/Experimental/CodeEditor/CodeEditor.uplugin
LogPluginManager: Loaded Plugin CodeView, From C:/Program Files/Epic Games/UE_4.13/Engine/Plugins/Experimental/CodeView/CodeView.uplugin
LogPluginManager: Loaded Plugin HTML5Networking, From C:/Program Files/Epic Games/UE_4.13/Engine/Plugins/Experimental/HTML5Networking/HTML5Networking.uplugin
LogPluginManager: Loaded Plugin LiveEditor, From C:/Program Files/Epic Games/UE_4.13/Engine/Plugins/Experimental/LiveEditor/LiveEditor.uplugin
LogPluginManager: Loaded Plugin OSVR, From C:/Program Files/Epic Games/UE_4.13/Engine/Plugins/Experimental/OSVR/OSVR.uplugin
LogPluginManager: Loaded Plugin Phya, From C:/Program Files/Epic Games/UE_4.13/Engine/Plugins/Experimental/Phya/Phya.uplugin
LogPluginManager: Loaded Plugin SignificanceManager, From C:/Program Files/Epic Games/UE_4.13/Engine/Plugins/Experimental/SignificanceManager/SignificanceManager.uplugin
LogPluginManager: Loaded Plugin SimpleHMD, From C:/Program Files/Epic Games/UE_4.13/Engine/Plugins/Experimental/SimpleHMD/SimpleHMD.uplugin
LogPluginManager: Loaded Plugin StereoPanorama, From C:/Program Files/Epic Games/UE_4.13/Engine/Plugins/Experimental/StereoPanorama/StereoPanorama.uplugin
LogPluginManager: Loaded Plugin StructBox, From C:/Program Files/Epic Games/UE_4.13/Engine/Plugins/Experimental/StructBox/StructBox.uplugin
LogPluginManager: Loaded Plugin AndroidMedia, From C:/Program Files/Epic Games/UE_4.13/Engine/Plugins/Media/AndroidMedia/AndroidMedia.uplugin
LogPluginManager: Loaded Plugin AvfMedia, From C:/Program Files/Epic Games/UE_4.13/Engine/Plugins/Media/AvfMedia/AvfMedia.uplugin
LogPluginManager: Loaded Plugin MediaPlayerEditor, From C:/Program Files/Epic Games/UE_4.13/Engine/Plugins/Media/MediaPlayerEditor/MediaPlayerEditor.uplugin
LogPluginManager: Loaded Plugin WmfMedia, From C:/Program Files/Epic Games/UE_4.13/Engine/Plugins/Media/WmfMedia/WmfMedia.uplugin
LogPluginManager: Loaded Plugin MessagingDebugger, From C:/Program Files/Epic Games/UE_4.13/Engine/Plugins/Messaging/MessagingDebugger/MessagingDebugger.uplugin
LogPluginManager: Loaded Plugin TcpMessaging, From C:/Program Files/Epic Games/UE_4.13/Engine/Plugins/Messaging/TcpMessaging/TcpMessaging.uplugin
LogPluginManager: Loaded Plugin UdpMessaging, From C:/Program Files/Epic Games/UE_4.13/Engine/Plugins/Messaging/UdpMessaging/UdpMessaging.uplugin
LogPluginManager: Loaded Plugin LevelSequenceEditor, From C:/Program Files/Epic Games/UE_4.13/Engine/Plugins/MovieScene/LevelSequenceEditor/LevelSequenceEditor.uplugin
LogPluginManager: Loaded Plugin MatineeToLevelSequence, From C:/Program Files/Epic Games/UE_4.13/Engine/Plugins/MovieScene/MatineeToLevelSequence/MatineeToLevelSequence.uplugin
LogPluginManager: Loaded Plugin NetcodeUnitTest, From C:/Program Files/Epic Games/UE_4.13/Engine/Plugins/NetcodeUnitTest/NetcodeUnitTest/NetcodeUnitTest.uplugin
LogPluginManager: Loaded Plugin NUTUnrealEngine4, From C:/Program Files/Epic Games/UE_4.13/Engine/Plugins/NetcodeUnitTest/NUTUnrealEngine4/NUTUnrealEngine4.uplugin
LogPluginManager: Loaded Plugin OnlineSubsystemGooglePlay, From C:/Program Files/Epic Games/UE_4.13/Engine/Plugins/Online/Android/OnlineSubsystemGooglePlay/OnlineSubsystemGooglePlay.uplugin
LogPluginManager: Loaded Plugin OnlineSubsystemIOS, From C:/Program Files/Epic Games/UE_4.13/Engine/Plugins/Online/IOS/OnlineSubsystemIOS/OnlineSubsystemIOS.uplugin
LogPluginManager: Loaded Plugin OnlineFramework, From C:/Program Files/Epic Games/UE_4.13/Engine/Plugins/Online/OnlineFramework/OnlineFramework.uplugin
LogPluginManager: Loaded Plugin OnlineSubsystem, From C:/Program Files/Epic Games/UE_4.13/Engine/Plugins/Online/OnlineSubsystem/OnlineSubsystem.uplugin
LogPluginManager: Loaded Plugin OnlineSubsystemAmazon, From C:/Program Files/Epic Games/UE_4.13/Engine/Plugins/Online/OnlineSubsystemAmazon/OnlineSubsystemAmazon.uplugin
LogPluginManager: Loaded Plugin OnlineSubsystemFacebook, From C:/Program Files/Epic Games/UE_4.13/Engine/Plugins/Online/OnlineSubsystemFacebook/OnlineSubsystemFacebook.uplugin
LogPluginManager: Loaded Plugin OnlineSubsystemNull, From C:/Program Files/Epic Games/UE_4.13/Engine/Plugins/Online/OnlineSubsystemNull/OnlineSubsystemNull.uplugin
LogPluginManager: Loaded Plugin OnlineSubsystemOculus, From C:/Program Files/Epic Games/UE_4.13/Engine/Plugins/Online/OnlineSubsystemOculus/OnlineSubsystemOculus.uplugin
LogPluginManager: Loaded Plugin OnlineSubsystemSteam, From C:/Program Files/Epic Games/UE_4.13/Engine/Plugins/Online/OnlineSubsystemSteam/OnlineSubsystemSteam.uplugin
LogPluginManager: Loaded Plugin OnlineSubsystemUtils, From C:/Program Files/Epic Games/UE_4.13/Engine/Plugins/Online/OnlineSubsystemUtils/OnlineSubsystemUtils.uplugin
LogPluginManager: Loaded Plugin IOSTapJoy, From C:/Program Files/Epic Games/UE_4.13/Engine/Plugins/Runtime/Advertising/IOSTapJoy/IOSTapJoy.uplugin
LogPluginManager: Loaded Plugin AnalyticsBlueprintLibrary, From C:/Program Files/Epic Games/UE_4.13/Engine/Plugins/Runtime/Analytics/AnalyticsBlueprintLibrary/AnalyticsBlueprintLibrary.uplugin
LogPluginManager: Loaded Plugin AnalyticsMulticast, From C:/Program Files/Epic Games/UE_4.13/Engine/Plugins/Runtime/Analytics/AnalyticsMulticast/AnalyticsMulticast.uplugin
LogPluginManager: Loaded Plugin Apsalar, From C:/Program Files/Epic Games/UE_4.13/Engine/Plugins/Runtime/Analytics/Apsalar/Apsalar.uplugin
LogPluginManager: Loaded Plugin FileLogging, From C:/Program Files/Epic Games/UE_4.13/Engine/Plugins/Runtime/Analytics/FileLogging/FileLogging.uplugin
LogPluginManager: Loaded Plugin Flurry, From C:/Program Files/Epic Games/UE_4.13/Engine/Plugins/Runtime/Analytics/Flurry/Flurry.uplugin
LogPluginManager: Loaded Plugin AndroidDeviceProfileSelector, From C:/Program Files/Epic Games/UE_4.13/Engine/Plugins/Runtime/AndroidDeviceProfileSelector/AndroidDeviceProfileSelector.uplugin
LogPluginManager: Loaded Plugin AndroidMoviePlayer, From C:/Program Files/Epic Games/UE_4.13/Engine/Plugins/Runtime/AndroidMoviePlayer/AndroidMoviePlayer.uplugin
LogPluginManager: Loaded Plugin AppleMoviePlayer, From C:/Program Files/Epic Games/UE_4.13/Engine/Plugins/Runtime/AppleMoviePlayer/AppleMoviePlayer.uplugin
LogPluginManager: Loaded Plugin ArchVisCharacter, From C:/Program Files/Epic Games/UE_4.13/Engine/Plugins/Runtime/ArchVisCharacter/ArchVisCharacter.uplugin
LogPluginManager: Loaded Plugin CableComponent, From C:/Program Files/Epic Games/UE_4.13/Engine/Plugins/Runtime/CableComponent/CableComponent.uplugin
LogPluginManager: Loaded Plugin CustomMeshComponent, From C:/Program Files/Epic Games/UE_4.13/Engine/Plugins/Runtime/CustomMeshComponent/CustomMeshComponent.uplugin
LogPluginManager: Loaded Plugin ExampleDeviceProfileSelector, From C:/Program Files/Epic Games/UE_4.13/Engine/Plugins/Runtime/ExampleDeviceProfileSelector/ExampleDeviceProfileSelector.uplugin
LogPluginManager: Loaded Plugin GearVR, From C:/Program Files/Epic Games/UE_4.13/Engine/Plugins/Runtime/GearVR/GearVR.uplugin
LogPluginManager: Loaded Plugin GoogleVRController, From C:/Program Files/Epic Games/UE_4.13/Engine/Plugins/Runtime/GoogleVR/GoogleVRController/GoogleVRController.uplugin
LogPluginManager: Loaded Plugin GoogleVRHMD, From C:/Program Files/Epic Games/UE_4.13/Engine/Plugins/Runtime/GoogleVR/GoogleVRHMD/GoogleVRHMD.uplugin
LogPluginManager: Loaded Plugin IOSDeviceProfileSelector, From C:/Program Files/Epic Games/UE_4.13/Engine/Plugins/Runtime/IOSDeviceProfileSelector/IOSDeviceProfileSelector.uplugin
LogPluginManager: Loaded Plugin LeapMotion, From C:/Program Files/Epic Games/UE_4.13/Engine/Plugins/Runtime/LeapMotion/LeapMotion.uplugin
LogPluginManager: Loaded Plugin LinuxDeviceProfileSelector, From C:/Program Files/Epic Games/UE_4.13/Engine/Plugins/Runtime/LinuxDeviceProfileSelector/LinuxDeviceProfileSelector.uplugin
LogPluginManager: Loaded Plugin LiveEditorListenServer, From C:/Program Files/Epic Games/UE_4.13/Engine/Plugins/Runtime/LiveEditorListenServer/LiveEditorListenServer.uplugin
LogPluginManager: Loaded Plugin OculusAudio, From C:/Program Files/Epic Games/UE_4.13/Engine/Plugins/Runtime/OculusAudio/OculusAudio.uplugin
LogPluginManager: Loaded Plugin OculusInput, From C:/Program Files/Epic Games/UE_4.13/Engine/Plugins/Runtime/OculusInput/OculusInput.uplugin
LogPluginManager: Loaded Plugin OculusLibrary, From C:/Program Files/Epic Games/UE_4.13/Engine/Plugins/Runtime/OculusLibrary/OculusLibrary.uplugin
LogPluginManager: Loaded Plugin OculusRift, From C:/Program Files/Epic Games/UE_4.13/Engine/Plugins/Runtime/OculusRift/OculusRift.uplugin
LogPluginManager: Loaded Plugin Oodle, From C:/Program Files/Epic Games/UE_4.13/Engine/Plugins/Runtime/PacketHandlers/CompressionComponents/Oodle/Oodle.uplugin
LogPluginManager: Loaded Plugin ProceduralMeshComponent, From C:/Program Files/Epic Games/UE_4.13/Engine/Plugins/Runtime/ProceduralMeshComponent/ProceduralMeshComponent.uplugin
LogPluginManager: Loaded Plugin SoundMod, From C:/Program Files/Epic Games/UE_4.13/Engine/Plugins/Runtime/SoundMod/SoundMod.uplugin
LogPluginManager: Loaded Plugin SoundVisualizations, From C:/Program Files/Epic Games/UE_4.13/Engine/Plugins/Runtime/SoundVisualizations/SoundVisualizations.uplugin
LogPluginManager: Loaded Plugin SteamController, From C:/Program Files/Epic Games/UE_4.13/Engine/Plugins/Runtime/Steam/SteamController/SteamController.uplugin
LogPluginManager: Loaded Plugin SteamVR, From C:/Program Files/Epic Games/UE_4.13/Engine/Plugins/Runtime/Steam/SteamVR/SteamVR.uplugin
LogPluginManager: Loaded Plugin WebBrowserWidget, From C:/Program Files/Epic Games/UE_4.13/Engine/Plugins/Runtime/WebBrowserWidget/WebBrowserWidget.uplugin
LogPluginManager: Loaded Plugin WindowsDeviceProfileSelector, From C:/Program Files/Epic Games/UE_4.13/Engine/Plugins/Runtime/WindowsDeviceProfileSelector/WindowsDeviceProfileSelector.uplugin
LogPluginManager: Loaded Plugin WindowsMoviePlayer, From C:/Program Files/Epic Games/UE_4.13/Engine/Plugins/Runtime/WindowsMoviePlayer/WindowsMoviePlayer.uplugin
LogPluginManager: Loaded Plugin ScriptPlugin, From C:/Program Files/Epic Games/UE_4.13/Engine/Plugins/ScriptPlugin/ScriptPlugin.uplugin
LogPluginManager: Loaded Plugin SlateRemote, From C:/Program Files/Epic Games/UE_4.13/Engine/Plugins/Slate/SlateRemote/SlateRemote.uplugin
LogInit: Using libcurl 7.47.1
LogInit:  - built for x86_64-pc-win32
LogInit:  - supports SSL with WinSSL
LogInit:  - other features:
LogInit:      CURL_VERSION_SSL
LogInit:      CURL_VERSION_IPV6
LogInit:      CURL_VERSION_ASYNCHDNS
LogInit:      CURL_VERSION_LARGEFILE
LogInit:      CURL_VERSION_IDN
LogInit:  CurlRequestOptions (configurable via config and command line):
LogInit:  - bVerifyPeer = false  - Libcurl will NOT verify peer certificate
LogInit:  - bUseHttpProxy = false  - Libcurl will NOT use HTTP proxy
LogInit:  - bDontReuseConnections = false  - Libcurl will reuse connections
LogInit:  - CertBundlePath = nullptr  - Libcurl will use whatever was configured at build time.
LogInit: Build: ++UE4+Release-4.13-CL-3172292
LogInit: Engine Version: 4.13.2-3172292+++UE4+Release-4.13
LogInit: Compatible Engine Version: 4.13.0-3106830+++UE4+Release-4.13
LogInit: Net CL: 3172292
LogDevObjectVersion: Number of dev versions registered: 13
LogDevObjectVersion:   Dev-Blueprints (B0D832E4-1F89-4F0D-ACCF-7EB736FD4AA2): 5
LogDevObjectVersion:   Dev-Build (E1C64328-A22C-4D53-A36C-8E866417BD8C): 0
LogDevObjectVersion:   Dev-Core (375EC13C-06E4-48FB-B500-84F0262A717E): 1
LogDevObjectVersion:   Dev-Editor (E4B068ED-F494-42E9-A231-DA0B2E46BB41): 6
LogDevObjectVersion:   Dev-Framework (CFFC743F-43B0-4480-9391-14DF171D2073): 12
LogDevObjectVersion:   Dev-Mobile (B02B49B5-BB20-44E9-A304-32B752E40360): 0
LogDevObjectVersion:   Dev-Networking (A4E4105C-59A1-49B5-A7C5-40C4547EDFEE): 0
LogDevObjectVersion:   Dev-Online (39C831C9-5AE6-47DC-9A44-9C173E1C8E7C): 0
LogDevObjectVersion:   Dev-Physics (78F01B33-EBEA-4F98-B9B4-84EACCB95AA2): 0
LogDevObjectVersion:   Dev-Platform (6631380F-2D4D-43E0-8009-CF276956A95A): 0
LogDevObjectVersion:   Dev-Rendering (12F88B9F-8875-4AFC-A67C-D90C383ABD29): 4
LogDevObjectVersion:   Dev-Sequencer (7B5AE74C-D270-4C10-A958-57980B212A5A): 0
LogDevObjectVersion:   Dev-VR (D7296918-1DD6-4BDD-9DE2-64A83CC13884): 0
LogInit: Compiled (64-bit): Oct 24 2016 14:29:06
LogInit: Compiled with Visual C++: 19.00.23026.00
LogInit: Build Configuration: Development
LogInit: Branch Name: ++UE4+Release-4.13
LogInit: Command line: 
LogInit: Base directory: C:/Program Files/Epic Games/UE_4.13/Engine/Binaries/Win64/
LogInit: Installed Engine Build: 1
LogInit: Presizing for max 8388607 objects, including 0 objects not considered by GC, pre-allocating 0 bytes for permanent pool.
LogInit: Object subsystem initialized
[2017.03.01-00.53.31:784][  0]LogInit: Selected Device Profile: [Windows]
[2017.03.01-00.53.31:784][  0]LogInit: Applying CVar settings loaded from the selected device profile: [Windows]
[2017.03.01-00.53.31:792][  0]LogInit: Computer: BL2TF42
[2017.03.01-00.53.31:792][  0]LogInit: User: V201624468
[2017.03.01-00.53.31:792][  0]LogInit: CPU Page size=65536, Cores=4
[2017.03.01-00.53.31:792][  0]LogInit: High frequency timer resolution =3.515624 MHz
[2017.03.01-00.53.31:793][  0]LogMemory: Memory total: Physical=15.9GB (16GB approx)
[2017.03.01-00.53.31:793][  0]LogMemory: Platform Memory Stats for Windows
[2017.03.01-00.53.31:793][  0]LogMemory: Process Physical Memory: 256.52 MB used, 256.52 MB peak
[2017.03.01-00.53.31:793][  0]LogMemory: Process Virtual Memory: 259.93 MB used, 259.93 MB peak
[2017.03.01-00.53.31:793][  0]LogMemory: Physical Memory: 5283.71 MB used, 16298.88 MB total
[2017.03.01-00.53.31:793][  0]LogMemory: Virtual Memory: 622.95 MB used, 134217728.00 MB total
[2017.03.01-00.53.31:814][  0]LogTextLocalizationManager: No specific translations for ('en-AU') exist, so ('en') translations will be used.
[2017.03.01-00.53.32:325][  0]LogD3D11RHI: D3D11 adapters:
[2017.03.01-00.53.32:334][  0]LogD3D11RHI:    0. 'AMD Radeon(TM) R9 270' (Feature Level 11_0)
[2017.03.01-00.53.32:334][  0]LogD3D11RHI:       2030/0/8149 MB DedicatedVideo/DedicatedSystem/SharedSystem, Outputs:1, VendorId:0x1002
[2017.03.01-00.53.32:339][  0]LogD3D11RHI:    1. 'Intel(R) HD Graphics 4600' (Feature Level 11_0)
[2017.03.01-00.53.32:339][  0]LogD3D11RHI:       112/0/2048 MB DedicatedVideo/DedicatedSystem/SharedSystem, Outputs:0, VendorId:0x8086
[2017.03.01-00.53.32:340][  0]LogD3D11RHI:    2. 'Microsoft Basic Render Driver' (Feature Level 11_0)
[2017.03.01-00.53.32:340][  0]LogD3D11RHI:       0/0/8149 MB DedicatedVideo/DedicatedSystem/SharedSystem, Outputs:0, VendorId:0x1414
[2017.03.01-00.53.32:340][  0]LogD3D11RHI: Chosen D3D11 Adapter: 0
[2017.03.01-00.53.32:345][  0]LogD3D11RHI: Creating new Direct3DDevice
[2017.03.01-00.53.32:345][  0]LogD3D11RHI:     GPU DeviceId: 0x6811 (for the marketing name, search the web for "GPU Device Id")
[2017.03.01-00.53.32:345][  0]LogWindows: EnumDisplayDevices:
[2017.03.01-00.53.32:345][  0]LogWindows:    0. 'AMD Radeon(TM) R9 270' (P:1 D:1)
[2017.03.01-00.53.32:345][  0]LogWindows:    1. 'AMD Radeon(TM) R9 270' (P:0 D:0)
[2017.03.01-00.53.32:346][  0]LogWindows:    2. 'AMD Radeon(TM) R9 270' (P:0 D:0)
[2017.03.01-00.53.32:346][  0]LogWindows:    3. 'AMD Radeon(TM) R9 270' (P:0 D:0)
[2017.03.01-00.53.32:346][  0]LogWindows:    4. 'AMD Radeon(TM) R9 270' (P:0 D:0)
[2017.03.01-00.53.32:346][  0]LogWindows:    5. 'AMD Radeon(TM) R9 270' (P:0 D:0)
[2017.03.01-00.53.32:346][  0]LogWindows:    6. 'Intel(R) HD Graphics 4600' (P:0 D:0)
[2017.03.01-00.53.32:347][  0]LogWindows:    7. 'Intel(R) HD Graphics 4600' (P:0 D:0)
[2017.03.01-00.53.32:347][  0]LogWindows:    8. 'Intel(R) HD Graphics 4600' (P:0 D:0)
[2017.03.01-00.53.32:347][  0]LogWindows: DebugString: PrimaryIsNotTheChoosenAdapter PrimaryIsNotTheChoosenAdapter PrimaryIsNotTheChoosenAdapter FoundDriverCount:6 
[2017.03.01-00.53.32:347][  0]LogD3D11RHI:     Adapter Name: AMD Radeon(TM) R9 270
[2017.03.01-00.53.32:347][  0]LogD3D11RHI:   Driver Version: Crimson 15.11 (internal:15.301.1701.0, unified:15.301.1701.0)
[2017.03.01-00.53.32:347][  0]LogD3D11RHI:      Driver Date: 1-13-2016
[2017.03.01-00.53.32:347][  0]LogRHI: Texture pool is 1361 MB (70% of 1945 MB)
[2017.03.01-00.53.32:352][  0]LogD3D11RHI: Async texture creation enabled
[2017.03.01-00.53.32:366][  0]LogD3D11RHI: GPU Timing Frequency: 27.000000 (Debug: 2 1)
[2017.03.01-00.53.32:367][  0]LogShaderCompilers: Guid format shader working directory is -62 characters bigger than the processId version (../../../../../../Users/v201624468/Documents/GitHub/MobileDevelopment/Assignment6/ProjectFiles/SavingInventory/Intermediate/Shaders/WorkingDirectory/10944/).
[2017.03.01-00.53.32:367][  0]LogShaderCompilers: Cleaned the shader compiler working directory 'C:/Users/V20162~1/AppData/Local/Temp/UnrealShaderWorkingDir/FED4A08147BB089BEDE50890A24580B8/'.
[2017.03.01-00.53.32:367][  0]LogShaderCompilers:Display: Using Local Shader Compiler.
[2017.03.01-00.53.33:214][  0]LogTemp:Display: Loaded TP AllDesktopTargetPlatform
[2017.03.01-00.53.33:220][  0]LogTemp:Display: Loaded TP WindowsClientTargetPlatform
[2017.03.01-00.53.33:228][  0]LogTemp:Display: Loaded TP WindowsNoEditorTargetPlatform
[2017.03.01-00.53.33:235][  0]LogTemp:Display: Loaded TP WindowsServerTargetPlatform
[2017.03.01-00.53.33:242][  0]LogTemp:Display: Loaded TP WindowsTargetPlatform
[2017.03.01-00.53.33:248][  0]LogTemp:Display: Loaded TP AndroidTargetPlatform
[2017.03.01-00.53.33:255][  0]LogTemp:Display: Loaded TP Android_ASTCTargetPlatform
[2017.03.01-00.53.33:261][  0]LogTemp:Display: Loaded TP Android_ATCTargetPlatform
[2017.03.01-00.53.33:267][  0]LogTemp:Display: Loaded TP Android_DXTTargetPlatform
[2017.03.01-00.53.33:274][  0]LogTemp:Display: Loaded TP Android_ETC1TargetPlatform
[2017.03.01-00.53.33:280][  0]LogTemp:Display: Loaded TP Android_ETC2TargetPlatform
[2017.03.01-00.53.33:292][  0]LogTemp:Display: Loaded TP Android_MultiTargetPlatform
[2017.03.01-00.53.33:292][  0]LogTemp:Display: Loaded TP Android_PVRTCTargetPlatform
[2017.03.01-00.53.33:293][  0]LogTemp:Display: Loaded TP HTML5TargetPlatform
[2017.03.01-00.53.33:312][  0]LogTemp:Display: Loaded TP IOSTargetPlatform
[2017.03.01-00.53.33:317][  0]LogTemp:Display: Loaded TP TVOSTargetPlatform
[2017.03.01-00.53.33:323][  0]LogTemp:Display: Loaded TP LinuxClientTargetPlatform
[2017.03.01-00.53.33:329][  0]LogTemp:Display: Loaded TP LinuxNoEditorTargetPlatform
[2017.03.01-00.53.33:335][  0]LogTemp:Display: Loaded TP LinuxServerTargetPlatform
[2017.03.01-00.53.33:341][  0]LogTemp:Display: Loaded TP LinuxTargetPlatform
[2017.03.01-00.53.33:341][  0]LogTargetPlatformManager:Display: Building Assets For Windows
[2017.03.01-00.53.33:409][  0]LogDerivedDataCache:Display: Max Cache Size: 512 MB
[2017.03.01-00.53.33:472][  0]LogDerivedDataCache: Loaded boot cache 0.06s 62MB C:/Users/v201624468/AppData/Local/UnrealEngine/4.13/DerivedDataCache/Boot.ddc.
[2017.03.01-00.53.33:472][  0]LogDerivedDataCache:Display: Loaded Boot cache: C:/Users/v201624468/AppData/Local/UnrealEngine/4.13/DerivedDataCache/Boot.ddc
[2017.03.01-00.53.33:472][  0]LogDerivedDataCache: FDerivedDataBackendGraph:  Pak pak cache file ../../../../../../Users/v201624468/Documents/GitHub/MobileDevelopment/Assignment6/ProjectFiles/SavingInventory/DerivedDataCache/DDC.ddp not found, will not use a pak cache.
[2017.03.01-00.53.33:472][  0]LogDerivedDataCache: Unable to find inner node Pak for hierarchical cache Hierarchy.
[2017.03.01-00.53.33:472][  0]LogDerivedDataCache: FDerivedDataBackendGraph:  CompressedPak pak cache file ../../../../../../Users/v201624468/Documents/GitHub/MobileDevelopment/Assignment6/ProjectFiles/SavingInventory/DerivedDataCache/Compressed.ddp not found, will not use a pak cache.
[2017.03.01-00.53.33:472][  0]LogDerivedDataCache: Unable to find inner node CompressedPak for hierarchical cache Hierarchy.
[2017.03.01-00.53.33:487][  0]LogDerivedDataCache:Display: Pak cache opened for reading ../../../Engine/DerivedDataCache/Compressed.ddp.
[2017.03.01-00.53.33:499][  0]LogDerivedDataCache: Using Local data cache path C:/Users/v201624468/AppData/Local/UnrealEngine/Common/DerivedDataCache: Writable
[2017.03.01-00.53.33:683][  0]LogInit: Selected Device Profile: [Windows]
[2017.03.01-00.53.33:685][  0]LogContentStreaming: Texture pool size is 0.00 MB
[2017.03.01-00.53.33:766][  0]LogMeshUtilities: No automatic mesh reduction module available
[2017.03.01-00.53.33:766][  0]LogMeshUtilities: No automatic mesh merging module available
[2017.03.01-00.53.33:766][  0]LogMeshUtilities: No distributed automatic mesh merging module available
[2017.03.01-00.53.33:822][  0]LogMaterial: Uniform references updated for custom material expression Custom.
[2017.03.01-00.53.34:077][  0]LogNetVersion: GetLocalNetworkVersion: CL: 3106830, ProjectName: savinginventory, ProjectVersion: , EngineNetworkVersion: 1, GameNetworkVersion: 0, NetworkChecksum: 1071487255
[2017.03.01-00.53.34:111][  0]LogAssetRegistry: FAssetRegistry took 0.0222 seconds to start up
[2017.03.01-00.53.34:139][  0]LogPackageLocalizationCache: Processed 3 localized package path(s) for 2 prioritized culture(s) in 0.025657 seconds
[2017.03.01-00.53.34:143][  0]LogUObjectArray: 29778 objects as part of root set at end of initial load.
[2017.03.01-00.53.34:143][  0]LogUObjectAllocator: 6125456 out of 0 bytes used by permanent object pool.
[2017.03.01-00.53.34:143][  0]LogUObjectArray: CloseDisregardForGC: 0/0 objects in disregard for GC pool
[2017.03.01-00.53.34:149][  0]LogInit: WinSock: version 1.1 (2.2), MaxSocks=32767, MaxUdp=65467
[2017.03.01-00.53.34:314][  0]LogSlate: SlateFontCache - WITH_FREETYPE: 1, WITH_HARFBUZZ: 1
[2017.03.01-00.53.34:314][  0]LogSlate: SlateFontCache - WITH_FREETYPE: 1, WITH_HARFBUZZ: 1
[2017.03.01-00.53.34:853][  0]LogTcpMessaging: Initializing TcpMessaging bridge
[2017.03.01-00.53.34:873][  0]LogUdpMessaging: Initializing bridge on interface 0.0.0.0:0 to multicast group 230.0.0.1:6666.
[2017.03.01-00.53.35:118][  0]SourceControl: Info Source control is disabled
[2017.03.01-00.53.35:177][  0]SourceControl: Info Source control is disabled
[2017.03.01-00.53.35:187][  0]SourceControl: Info Source control is disabled
[2017.03.01-00.53.35:195][  0]SourceControl: Info Source control is disabled
[2017.03.01-00.53.35:264][  0]LogLinker:Warning: Can't find file '/Game/2DSideScrollerBP/2DSideScrollerOverview'
[2017.03.01-00.53.35:264][  0]LogLinker:Warning: Can't find file '/Game/2DSideScrollerBP/2DSideScrollerOverview'
[2017.03.01-00.53.35:265][  0]LogUObjectGlobals:Warning: Failed to find object 'Class /Game/2DSideScrollerBP/2DSideScrollerOverview.2DSideScrollerOverview_C'
[2017.03.01-00.53.35:471][  0]LogEngine: Initializing Engine...
[2017.03.01-00.53.35:471][  0]LogHMD: Failed to initialize OpenVR with code 110
[2017.03.01-00.53.35:586][  0]LogAIModule: Creating AISystem for world Untitled
[2017.03.01-00.53.35:593][  0]LogInit: XAudio2 using 'Realtek Digital Output (Realtek Audio)' : 2 channels at 48 kHz using 16 bits per sample (channel mask 0x3)
[2017.03.01-00.53.35:622][  0]LogInit: FAudioDevice initialized.
[2017.03.01-00.53.35:651][  0]LogDerivedDataCache: Saved boot cache 0.03s 62MB C:/Users/v201624468/AppData/Local/UnrealEngine/4.13/DerivedDataCache/Boot.ddc.
[2017.03.01-00.53.35:657][  0]LogInit: Texture streaming: Enabled
[2017.03.01-00.53.35:679][  0]LogInit: Transaction tracking system initialized
[2017.03.01-00.53.35:698][  0]BlueprintLog: New page: Editor Load
[2017.03.01-00.53.35:759][  0]LocalizationService: Info Localization service is disabled
[2017.03.01-00.53.35:827][  0]LogConsoleResponse:Display: 
[2017.03.01-00.53.35:925][  0]LogCook:Display: Max memory allowance for cook 16384mb min free memory 0mb
[2017.03.01-00.53.35:925][  0]LogCook:Display: Mobile HDR setting 1
[2017.03.01-00.53.36:074][  0]LogFileCache: Scanning file cache for directory 'C:/Users/v201624468/Documents/GitHub/MobileDevelopment/Assignment6/ProjectFiles/SavingInventory/Content/' took 0.02s
[2017.03.01-00.53.36:074][  0]SourceControl: Info Source control is disabled
[2017.03.01-00.53.36:074][  0]LightingResults: New page: Lighting Build
[2017.03.01-00.53.36:076][  0]MapCheck: New page: Map Check
[2017.03.01-00.53.36:076][  0]LightingResults: New page: Lighting Build
[2017.03.01-00.53.36:669][  0]LogAIModule: Creating AISystem for world ThirdPersonExampleMap
[2017.03.01-00.53.36:679][  0]LogEditorServer: Finished looking for orphan Actors (0.000 secs)
[2017.03.01-00.53.36:680][  0]Cmd: MAP CHECKDEP NOCLEARLOG
[2017.03.01-00.53.36:736][  0]MapCheck: Info Map check complete: 0 Error(s), 0 Warning(s), took 56.642ms to complete.
[2017.03.01-00.53.36:736][  0]LogFileHelpers: Loading map 'ThirdPersonExampleMap' took 0.663
[2017.03.01-00.53.36:846][  0]LogCollectionManager: Loaded 0 collections in 0.001625 seconds
[2017.03.01-00.53.36:886][  0]LogFileCache: Scanning file cache for directory 'C:/Users/v201624468/Documents/GitHub/MobileDevelopment/Assignment6/ProjectFiles/SavingInventory/Saved/Collections/' took 0.01s
[2017.03.01-00.53.36:886][  0]LogFileCache: Scanning file cache for directory 'C:/Users/v201624468/Documents/GitHub/MobileDevelopment/Assignment6/ProjectFiles/SavingInventory/Content/Developers/V201624468/Collections/' took 0.01s
[2017.03.01-00.53.36:886][  0]LogFileCache: Scanning file cache for directory 'C:/Users/v201624468/Documents/GitHub/MobileDevelopment/Assignment6/ProjectFiles/SavingInventory/Content/Collections/' took 0.01s
[2017.03.01-00.53.36:886][  0]LogCollectionManager: Rebuilt the GUID cache for 0 collections in 0.000002 seconds
[2017.03.01-00.53.36:894][  0]LogContentBrowser: Native class hierarchy populated in 0.0081 seconds. Added 2141 classes and 415 folders.
[2017.03.01-00.53.36:898][  0]LogStats: UGameplayTagsManager::ConstructGameplayTagTree: Construct from data asset -  0.000 s
[2017.03.01-00.53.36:898][  0]LogStats: UGameplayTagsManager::ConstructGameplayTagTree: GameplayTagTreeChangedEvent.Broadcast -  0.000 s
[2017.03.01-00.53.36:898][  0]LogContentBrowser: Native class hierarchy updated for 'GameplayTags' in 0.0005 seconds. Added 12 classes and 0 folders.
[2017.03.01-00.53.36:903][  0]LogContentBrowser: Native class hierarchy updated for 'WidgetCarousel' in 0.0006 seconds. Added 0 classes and 0 folders.
[2017.03.01-00.53.36:946][  0]LogContentBrowser: Native class hierarchy updated for 'AddContentDialog' in 0.0004 seconds. Added 0 classes and 0 folders.
[2017.03.01-00.53.36:951][  0]LogContentBrowser: Native class hierarchy updated for 'SceneOutliner' in 0.0004 seconds. Added 1 classes and 2 folders.
[2017.03.01-00.53.36:963][  0]LogCrashTracker: Crashtracker disabled due to settings.
[2017.03.01-00.53.36:966][  0]LogUObjectGlobals:Warning: Failed to find object 'Class None.'
[2017.03.01-00.53.36:993][  0]LogContentBrowser: Native class hierarchy updated for 'HierarchicalLODOutliner' in 0.0004 seconds. Added 1 classes and 2 folders.
[2017.03.01-00.53.36:993][  0]LogLoad: (Engine Initialization) Total time: 6.06 seconds
[2017.03.01-00.53.36:993][  0]LogLoad: (Engine Initialization) Total Blueprint compile time: 0.16 seconds
[2017.03.01-00.53.36:993][  0]LogExternalProfiler: No external profilers were discovered.  External profiling features will not be available.
[2017.03.01-00.53.37:002][  0]LogWindowsTextInputMethodSystem:Display: IME system now deactivated.
[2017.03.01-00.53.37:002][  0]LogOcInput: OculusInput pre-init called
[2017.03.01-00.53.37:020][  0]LogContentStreaming: Texture pool size now 1000 MB
[2017.03.01-00.53.37:155][  0]LogRenderer: Reallocating scene render targets to support 916x456 (Frame:2).
[2017.03.01-00.53.37:442][  1]LogAssetRegistry: Asset discovery search completed in 3.3534 seconds
[2017.03.01-00.53.37:442][  1]LogCollectionManager: Rebuilt the object cache for 0 collections in 0.000000 seconds (found 0 objects)
[2017.03.01-00.53.37:442][  1]LogCollectionManager: Fixed up redirectors for 0 collections in 0.000017 seconds (updated 0 objects)
[2017.03.01-00.53.39:146][191]LogBlueprintUserMessages: Early PlayInEditor Detection: Level '/Game/ThirdPersonBP/Maps/ThirdPersonExampleMap.ThirdPersonExampleMap:PersistentLevel' has LevelScriptBlueprint '/Game/ThirdPersonBP/Maps/ThirdPersonExampleMap.ThirdPersonExampleMap:PersistentLevel.ThirdPersonExampleMap' with GeneratedClass '/Game/ThirdPersonBP/Maps/ThirdPersonExampleMap.ThirdPersonExampleMap_C' with ClassGeneratedBy '/Game/ThirdPersonBP/Maps/ThirdPersonExampleMap.ThirdPersonExampleMap:PersistentLevel.ThirdPersonExampleMap'
[2017.03.01-00.53.39:146][191]LogPlayLevel: PlayLevel: No blueprints needed recompiling
[2017.03.01-00.53.39:147][191]PIE: New page: PIE session: ThirdPersonExampleMap (1 Mar 2017 9:53:39 pm)
[2017.03.01-00.53.39:148][191]LogPlayLevel: Creating play world package: /Game/ThirdPersonBP/Maps/UEDPIE_0_ThirdPersonExampleMap
[2017.03.01-00.53.39:173][191]LogPlayLevel: PIE: StaticDuplicateObject took: (0.025620s)
[2017.03.01-00.53.39:174][191]LogAIModule: Creating AISystem for world ThirdPersonExampleMap
[2017.03.01-00.53.39:174][191]LogPlayLevel: PIE: World Init took: (0.001156s)
[2017.03.01-00.53.39:175][191]LogPlayLevel: PIE: Created PIE world by copying editor world from /Game/ThirdPersonBP/Maps/ThirdPersonExampleMap.ThirdPersonExampleMap to /Game/ThirdPersonBP/Maps/UEDPIE_0_ThirdPersonExampleMap.ThirdPersonExampleMap (0.027138s)
[2017.03.01-00.53.39:193][191]LogInit: XAudio2 using 'Realtek Digital Output (Realtek Audio)' : 2 channels at 48 kHz using 16 bits per sample (channel mask 0x3)
[2017.03.01-00.53.39:203][191]LogInit: FAudioDevice initialized.
[2017.03.01-00.53.39:260][191]LogWorld: Game class is 'ThirdPersonGameMode_C'
[2017.03.01-00.53.39:265][191]LogWorld: Bringing World /Game/ThirdPersonBP/Maps/UEDPIE_0_ThirdPersonExampleMap.ThirdPersonExampleMap up for play (max tick rate 0) at 2017.03.01-11.53.39
[2017.03.01-00.53.39:265][191]LogWorld: Bringing up level for play took: 0.004061
[2017.03.01-00.53.39:268][191]LogContentBrowser: Native class hierarchy updated for 'MovieSceneCapture' in 0.0004 seconds. Added 11 classes and 0 folders.
[2017.03.01-00.53.39:268][191]LogGameMode:Display: Match State Changed from EnteringMap to WaitingToStart
[2017.03.01-00.53.39:268][191]LogGameState: Match State Changed from EnteringMap to WaitingToStart
[2017.03.01-00.53.39:268][191]LogGameMode:Display: Match State Changed from WaitingToStart to InProgress
[2017.03.01-00.53.39:269][191]LogBlueprintUserMessages: [HammerPickUp_44] Press E to pick up
[2017.03.01-00.53.39:270][191]LogGameState: Match State Changed from WaitingToStart to InProgress
[2017.03.01-00.53.39:273][191]PIE: Info Play in editor start time for /Game/ThirdPersonBP/Maps/UEDPIE_0_ThirdPersonExampleMap 0.746
[2017.03.01-00.53.39:274][191]LogBlueprintUserMessages: Late PlayInEditor Detection: Level '/Game/ThirdPersonBP/Maps/ThirdPersonExampleMap.ThirdPersonExampleMap:PersistentLevel' has LevelScriptBlueprint '/Game/ThirdPersonBP/Maps/ThirdPersonExampleMap.ThirdPersonExampleMap:PersistentLevel.ThirdPersonExampleMap' with GeneratedClass '/Game/ThirdPersonBP/Maps/ThirdPersonExampleMap.ThirdPersonExampleMap_C' with ClassGeneratedBy '/Game/ThirdPersonBP/Maps/ThirdPersonExampleMap.ThirdPersonExampleMap:PersistentLevel.ThirdPersonExampleMap'
[2017.03.01-00.53.39:317][191]LogRenderer: Reallocating scene render targets to support 1292x756 (Frame:188).
[2017.03.01-00.53.43:023][576]LogBlueprintUserMessages: Early EndPlayMap Detection: Level '/Game/ThirdPersonBP/Maps/ThirdPersonExampleMap.ThirdPersonExampleMap:PersistentLevel' has LevelScriptBlueprint '/Game/ThirdPersonBP/Maps/ThirdPersonExampleMap.ThirdPersonExampleMap:PersistentLevel.ThirdPersonExampleMap' with GeneratedClass '/Game/ThirdPersonBP/Maps/ThirdPersonExampleMap.ThirdPersonExampleMap_C' with ClassGeneratedBy '/Game/ThirdPersonBP/Maps/ThirdPersonExampleMap.ThirdPersonExampleMap:PersistentLevel.ThirdPersonExampleMap'
[2017.03.01-00.53.43:061][576]LogBlueprintUserMessages: Late EndPlayMap Detection: Level '/Game/ThirdPersonBP/Maps/ThirdPersonExampleMap.ThirdPersonExampleMap:PersistentLevel' has LevelScriptBlueprint '/Game/ThirdPersonBP/Maps/ThirdPersonExampleMap.ThirdPersonExampleMap:PersistentLevel.ThirdPersonExampleMap' with GeneratedClass '/Game/ThirdPersonBP/Maps/ThirdPersonExampleMap.ThirdPersonExampleMap_C' with ClassGeneratedBy '/Game/ThirdPersonBP/Maps/ThirdPersonExampleMap.ThirdPersonExampleMap:PersistentLevel.ThirdPersonExampleMap'
[2017.03.01-00.53.44:063][682]LogBlueprintUserMessages: Early PlayInEditor Detection: Level '/Game/ThirdPersonBP/Maps/ThirdPersonExampleMap.ThirdPersonExampleMap:PersistentLevel' has LevelScriptBlueprint '/Game/ThirdPersonBP/Maps/ThirdPersonExampleMap.ThirdPersonExampleMap:PersistentLevel.ThirdPersonExampleMap' with GeneratedClass '/Game/ThirdPersonBP/Maps/ThirdPersonExampleMap.ThirdPersonExampleMap_C' with ClassGeneratedBy '/Game/ThirdPersonBP/Maps/ThirdPersonExampleMap.ThirdPersonExampleMap:PersistentLevel.ThirdPersonExampleMap'
[2017.03.01-00.53.44:063][682]LogPlayLevel: PlayLevel: No blueprints needed recompiling
[2017.03.01-00.53.44:063][682]PIE: New page: PIE session: ThirdPersonExampleMap (1 Mar 2017 9:53:44 pm)
[2017.03.01-00.53.44:063][682]LogPlayLevel: Creating play world package: /Game/ThirdPersonBP/Maps/UEDPIE_0_ThirdPersonExampleMap
[2017.03.01-00.53.44:085][682]LogPlayLevel: PIE: StaticDuplicateObject took: (0.022034s)
[2017.03.01-00.53.44:086][682]LogAIModule: Creating AISystem for world ThirdPersonExampleMap
[2017.03.01-00.53.44:086][682]LogPlayLevel: PIE: World Init took: (0.001031s)
[2017.03.01-00.53.44:086][682]LogPlayLevel: PIE: Created PIE world by copying editor world from /Game/ThirdPersonBP/Maps/ThirdPersonExampleMap.ThirdPersonExampleMap to /Game/ThirdPersonBP/Maps/UEDPIE_0_ThirdPersonExampleMap.ThirdPersonExampleMap (0.023355s)
[2017.03.01-00.53.44:100][682]LogInit: XAudio2 using 'Realtek Digital Output (Realtek Audio)' : 2 channels at 48 kHz using 16 bits per sample (channel mask 0x3)
[2017.03.01-00.53.44:110][682]LogInit: FAudioDevice initialized.
[2017.03.01-00.53.44:145][682]LogWorld: Game class is 'ThirdPersonGameMode_C'
[2017.03.01-00.53.44:150][682]LogWorld: Bringing World /Game/ThirdPersonBP/Maps/UEDPIE_0_ThirdPersonExampleMap.ThirdPersonExampleMap up for play (max tick rate 0) at 2017.03.01-11.53.44
[2017.03.01-00.53.44:150][682]LogWorld: Bringing up level for play took: 0.004346
[2017.03.01-00.53.44:151][682]LogGameMode:Display: Match State Changed from EnteringMap to WaitingToStart
[2017.03.01-00.53.44:151][682]LogGameState: Match State Changed from EnteringMap to WaitingToStart
[2017.03.01-00.53.44:151][682]LogGameMode:Display: Match State Changed from WaitingToStart to InProgress
[2017.03.01-00.53.44:151][682]LogBlueprintUserMessages: [HammerPickUp_44] Press E to pick up
[2017.03.01-00.53.44:152][682]LogGameState: Match State Changed from WaitingToStart to InProgress
[2017.03.01-00.53.44:155][682]PIE: Info Play in editor start time for /Game/ThirdPersonBP/Maps/UEDPIE_0_ThirdPersonExampleMap -0.373
[2017.03.01-00.53.44:155][682]LogBlueprintUserMessages: Late PlayInEditor Detection: Level '/Game/ThirdPersonBP/Maps/ThirdPersonExampleMap.ThirdPersonExampleMap:PersistentLevel' has LevelScriptBlueprint '/Game/ThirdPersonBP/Maps/ThirdPersonExampleMap.ThirdPersonExampleMap:PersistentLevel.ThirdPersonExampleMap' with GeneratedClass '/Game/ThirdPersonBP/Maps/ThirdPersonExampleMap.ThirdPersonExampleMap_C' with ClassGeneratedBy '/Game/ThirdPersonBP/Maps/ThirdPersonExampleMap.ThirdPersonExampleMap:PersistentLevel.ThirdPersonExampleMap'
[2017.03.01-00.53.46:056][873]LogBlueprintUserMessages: [ThirdPersonCharacter_167] Press Q to drop weapon
[2017.03.01-00.53.48:538][132]LogBlueprintUserMessages: Early EndPlayMap Detection: Level '/Game/ThirdPersonBP/Maps/ThirdPersonExampleMap.ThirdPersonExampleMap:PersistentLevel' has LevelScriptBlueprint '/Game/ThirdPersonBP/Maps/ThirdPersonExampleMap.ThirdPersonExampleMap:PersistentLevel.ThirdPersonExampleMap' with GeneratedClass '/Game/ThirdPersonBP/Maps/ThirdPersonExampleMap.ThirdPersonExampleMap_C' with ClassGeneratedBy '/Game/ThirdPersonBP/Maps/ThirdPersonExampleMap.ThirdPersonExampleMap:PersistentLevel.ThirdPersonExampleMap'
[2017.03.01-00.53.48:577][132]LogBlueprintUserMessages: Late EndPlayMap Detection: Level '/Game/ThirdPersonBP/Maps/ThirdPersonExampleMap.ThirdPersonExampleMap:PersistentLevel' has LevelScriptBlueprint '/Game/ThirdPersonBP/Maps/ThirdPersonExampleMap.ThirdPersonExampleMap:PersistentLevel.ThirdPersonExampleMap' with GeneratedClass '/Game/ThirdPersonBP/Maps/ThirdPersonExampleMap.ThirdPersonExampleMap_C' with ClassGeneratedBy '/Game/ThirdPersonBP/Maps/ThirdPersonExampleMap.ThirdPersonExampleMap:PersistentLevel.ThirdPersonExampleMap'
[2017.03.01-00.53.49:765][257]LogBlueprintUserMessages: Early PlayInEditor Detection: Level '/Game/ThirdPersonBP/Maps/ThirdPersonExampleMap.ThirdPersonExampleMap:PersistentLevel' has LevelScriptBlueprint '/Game/ThirdPersonBP/Maps/ThirdPersonExampleMap.ThirdPersonExampleMap:PersistentLevel.ThirdPersonExampleMap' with GeneratedClass '/Game/ThirdPersonBP/Maps/ThirdPersonExampleMap.ThirdPersonExampleMap_C' with ClassGeneratedBy '/Game/ThirdPersonBP/Maps/ThirdPersonExampleMap.ThirdPersonExampleMap:PersistentLevel.ThirdPersonExampleMap'
[2017.03.01-00.53.49:765][257]LogPlayLevel: PlayLevel: No blueprints needed recompiling
[2017.03.01-00.53.49:765][257]PIE: New page: PIE session: ThirdPersonExampleMap (1 Mar 2017 9:53:49 pm)
[2017.03.01-00.53.49:765][257]LogPlayLevel: Creating play world package: /Game/ThirdPersonBP/Maps/UEDPIE_0_ThirdPersonExampleMap
[2017.03.01-00.53.49:786][257]LogPlayLevel: PIE: StaticDuplicateObject took: (0.021399s)
[2017.03.01-00.53.49:787][257]LogAIModule: Creating AISystem for world ThirdPersonExampleMap
[2017.03.01-00.53.49:787][257]LogPlayLevel: PIE: World Init took: (0.000982s)
[2017.03.01-00.53.49:788][257]LogPlayLevel: PIE: Created PIE world by copying editor world from /Game/ThirdPersonBP/Maps/ThirdPersonExampleMap.ThirdPersonExampleMap to /Game/ThirdPersonBP/Maps/UEDPIE_0_ThirdPersonExampleMap.ThirdPersonExampleMap (0.022646s)
[2017.03.01-00.53.49:804][257]LogInit: XAudio2 using 'Realtek Digital Output (Realtek Audio)' : 2 channels at 48 kHz using 16 bits per sample (channel mask 0x3)
[2017.03.01-00.53.49:820][257]LogInit: FAudioDevice initialized.
[2017.03.01-00.53.49:865][257]LogWorld: Game class is 'ThirdPersonGameMode_C'
[2017.03.01-00.53.49:869][257]LogWorld: Bringing World /Game/ThirdPersonBP/Maps/UEDPIE_0_ThirdPersonExampleMap.ThirdPersonExampleMap up for play (max tick rate 0) at 2017.03.01-11.53.49
[2017.03.01-00.53.49:870][257]LogWorld: Bringing up level for play took: 0.004403
[2017.03.01-00.53.49:870][257]LogGameMode:Display: Match State Changed from EnteringMap to WaitingToStart
[2017.03.01-00.53.49:870][257]LogGameState: Match State Changed from EnteringMap to WaitingToStart
[2017.03.01-00.53.49:870][257]LogGameMode:Display: Match State Changed from WaitingToStart to InProgress
[2017.03.01-00.53.49:871][257]LogBlueprintUserMessages: [HammerPickUp_44] Press E to pick up
[2017.03.01-00.53.49:872][257]LogGameState: Match State Changed from WaitingToStart to InProgress
[2017.03.01-00.53.49:876][257]PIE: Info Play in editor start time for /Game/ThirdPersonBP/Maps/UEDPIE_0_ThirdPersonExampleMap -0.651
[2017.03.01-00.53.49:877][257]LogBlueprintUserMessages: Late PlayInEditor Detection: Level '/Game/ThirdPersonBP/Maps/ThirdPersonExampleMap.ThirdPersonExampleMap:PersistentLevel' has LevelScriptBlueprint '/Game/ThirdPersonBP/Maps/ThirdPersonExampleMap.ThirdPersonExampleMap:PersistentLevel.ThirdPersonExampleMap' with GeneratedClass '/Game/ThirdPersonBP/Maps/ThirdPersonExampleMap.ThirdPersonExampleMap_C' with ClassGeneratedBy '/Game/ThirdPersonBP/Maps/ThirdPersonExampleMap.ThirdPersonExampleMap:PersistentLevel.ThirdPersonExampleMap'
[2017.03.01-00.53.51:267][394]LogBlueprintUserMessages: Early EndPlayMap Detection: Level '/Game/ThirdPersonBP/Maps/ThirdPersonExampleMap.ThirdPersonExampleMap:PersistentLevel' has LevelScriptBlueprint '/Game/ThirdPersonBP/Maps/ThirdPersonExampleMap.ThirdPersonExampleMap:PersistentLevel.ThirdPersonExampleMap' with GeneratedClass '/Game/ThirdPersonBP/Maps/ThirdPersonExampleMap.ThirdPersonExampleMap_C' with ClassGeneratedBy '/Game/ThirdPersonBP/Maps/ThirdPersonExampleMap.ThirdPersonExampleMap:PersistentLevel.ThirdPersonExampleMap'
[2017.03.01-00.53.51:307][394]LogBlueprintUserMessages: Late EndPlayMap Detection: Level '/Game/ThirdPersonBP/Maps/ThirdPersonExampleMap.ThirdPersonExampleMap:PersistentLevel' has LevelScriptBlueprint '/Game/ThirdPersonBP/Maps/ThirdPersonExampleMap.ThirdPersonExampleMap:PersistentLevel.ThirdPersonExampleMap' with GeneratedClass '/Game/ThirdPersonBP/Maps/ThirdPersonExampleMap.ThirdPersonExampleMap_C' with ClassGeneratedBy '/Game/ThirdPersonBP/Maps/ThirdPersonExampleMap.ThirdPersonExampleMap:PersistentLevel.ThirdPersonExampleMap'
[2017.03.01-00.53.53:941][626]LogContentBrowser: Native class hierarchy updated for 'BlueprintGraph' in 0.0007 seconds. Added 112 classes and 0 folders.
[2017.03.01-00.54.18:092][667]BlueprintLog: New page: Compile ThirdPersonCharacter
[2017.03.01-00.54.20:225][845]LogBlueprintUserMessages: Early PlayInEditor Detection: Level '/Game/ThirdPersonBP/Maps/ThirdPersonExampleMap.ThirdPersonExampleMap:PersistentLevel' has LevelScriptBlueprint '/Game/ThirdPersonBP/Maps/ThirdPersonExampleMap.ThirdPersonExampleMap:PersistentLevel.ThirdPersonExampleMap' with GeneratedClass '/Game/ThirdPersonBP/Maps/ThirdPersonExampleMap.ThirdPersonExampleMap_C' with ClassGeneratedBy '/Game/ThirdPersonBP/Maps/ThirdPersonExampleMap.ThirdPersonExampleMap:PersistentLevel.ThirdPersonExampleMap'
[2017.03.01-00.54.20:225][845]LogPlayLevel: PlayLevel: No blueprints needed recompiling
[2017.03.01-00.54.20:225][845]PIE: New page: PIE session: ThirdPersonExampleMap (1 Mar 2017 9:54:20 pm)
[2017.03.01-00.54.20:225][845]LogPlayLevel: Creating play world package: /Game/ThirdPersonBP/Maps/UEDPIE_0_ThirdPersonExampleMap
[2017.03.01-00.54.20:247][845]LogPlayLevel: PIE: StaticDuplicateObject took: (0.022243s)
[2017.03.01-00.54.20:248][845]LogAIModule: Creating AISystem for world ThirdPersonExampleMap
[2017.03.01-00.54.20:248][845]LogPlayLevel: PIE: World Init took: (0.001038s)
[2017.03.01-00.54.20:248][845]LogPlayLevel: PIE: Created PIE world by copying editor world from /Game/ThirdPersonBP/Maps/ThirdPersonExampleMap.ThirdPersonExampleMap to /Game/ThirdPersonBP/Maps/UEDPIE_0_ThirdPersonExampleMap.ThirdPersonExampleMap (0.023583s)
[2017.03.01-00.54.20:262][845]LogInit: XAudio2 using 'Realtek Digital Output (Realtek Audio)' : 2 channels at 48 kHz using 16 bits per sample (channel mask 0x3)
[2017.03.01-00.54.20:273][845]LogInit: FAudioDevice initialized.
[2017.03.01-00.54.20:306][845]LogWorld: Game class is 'ThirdPersonGameMode_C'
[2017.03.01-00.54.20:311][845]LogWorld: Bringing World /Game/ThirdPersonBP/Maps/UEDPIE_0_ThirdPersonExampleMap.ThirdPersonExampleMap up for play (max tick rate 0) at 2017.03.01-11.54.20
[2017.03.01-00.54.20:311][845]LogWorld: Bringing up level for play took: 0.004167
[2017.03.01-00.54.20:312][845]LogGameMode:Display: Match State Changed from EnteringMap to WaitingToStart
[2017.03.01-00.54.20:312][845]LogGameState: Match State Changed from EnteringMap to WaitingToStart
[2017.03.01-00.54.20:312][845]LogGameMode:Display: Match State Changed from WaitingToStart to InProgress
[2017.03.01-00.54.20:312][845]LogBlueprintUserMessages: [HammerPickUp_44] Press E to pick up
[2017.03.01-00.54.20:313][845]LogGameState: Match State Changed from WaitingToStart to InProgress
[2017.03.01-00.54.20:316][845]PIE: Info Play in editor start time for /Game/ThirdPersonBP/Maps/UEDPIE_0_ThirdPersonExampleMap -0.213
[2017.03.01-00.54.20:316][845]LogBlueprintUserMessages: Late PlayInEditor Detection: Level '/Game/ThirdPersonBP/Maps/ThirdPersonExampleMap.ThirdPersonExampleMap:PersistentLevel' has LevelScriptBlueprint '/Game/ThirdPersonBP/Maps/ThirdPersonExampleMap.ThirdPersonExampleMap:PersistentLevel.ThirdPersonExampleMap' with GeneratedClass '/Game/ThirdPersonBP/Maps/ThirdPersonExampleMap.ThirdPersonExampleMap_C' with ClassGeneratedBy '/Game/ThirdPersonBP/Maps/ThirdPersonExampleMap.ThirdPersonExampleMap:PersistentLevel.ThirdPersonExampleMap'
[2017.03.01-00.54.22:212][ 29]LogBlueprintUserMessages: [ThirdPersonCharacter_167] Press Q to drop weapon
[2017.03.01-00.54.23:424][152]LogBlueprintUserMessages: [ChickenPickUp_118] Press E to pick up
[2017.03.01-00.54.24:212][232]LogBlueprintUserMessages: [AxePickUp_68] Press E to pick up
[2017.03.01-00.54.25:854][405]LogBlueprintUserMessages: Early EndPlayMap Detection: Level '/Game/ThirdPersonBP/Maps/ThirdPersonExampleMap.ThirdPersonExampleMap:PersistentLevel' has LevelScriptBlueprint '/Game/ThirdPersonBP/Maps/ThirdPersonExampleMap.ThirdPersonExampleMap:PersistentLevel.ThirdPersonExampleMap' with GeneratedClass '/Game/ThirdPersonBP/Maps/ThirdPersonExampleMap.ThirdPersonExampleMap_C' with ClassGeneratedBy '/Game/ThirdPersonBP/Maps/ThirdPersonExampleMap.ThirdPersonExampleMap:PersistentLevel.ThirdPersonExampleMap'
[2017.03.01-00.54.25:891][405]LogBlueprintUserMessages: Late EndPlayMap Detection: Level '/Game/ThirdPersonBP/Maps/ThirdPersonExampleMap.ThirdPersonExampleMap:PersistentLevel' has LevelScriptBlueprint '/Game/ThirdPersonBP/Maps/ThirdPersonExampleMap.ThirdPersonExampleMap:PersistentLevel.ThirdPersonExampleMap' with GeneratedClass '/Game/ThirdPersonBP/Maps/ThirdPersonExampleMap.ThirdPersonExampleMap_C' with ClassGeneratedBy '/Game/ThirdPersonBP/Maps/ThirdPersonExampleMap.ThirdPersonExampleMap:PersistentLevel.ThirdPersonExampleMap'
[2017.03.01-00.54.26:920][497]LogBlueprintUserMessages: Early PlayInEditor Detection: Level '/Game/ThirdPersonBP/Maps/ThirdPersonExampleMap.ThirdPersonExampleMap:PersistentLevel' has LevelScriptBlueprint '/Game/ThirdPersonBP/Maps/ThirdPersonExampleMap.ThirdPersonExampleMap:PersistentLevel.ThirdPersonExampleMap' with GeneratedClass '/Game/ThirdPersonBP/Maps/ThirdPersonExampleMap.ThirdPersonExampleMap_C' with ClassGeneratedBy '/Game/ThirdPersonBP/Maps/ThirdPersonExampleMap.ThirdPersonExampleMap:PersistentLevel.ThirdPersonExampleMap'
[2017.03.01-00.54.26:920][497]LogPlayLevel: PlayLevel: No blueprints needed recompiling
[2017.03.01-00.54.26:920][497]PIE: New page: PIE session: ThirdPersonExampleMap (1 Mar 2017 9:54:26 pm)
[2017.03.01-00.54.26:921][497]LogPlayLevel: Creating play world package: /Game/ThirdPersonBP/Maps/UEDPIE_0_ThirdPersonExampleMap
[2017.03.01-00.54.26:940][497]LogPlayLevel: PIE: StaticDuplicateObject took: (0.019922s)
[2017.03.01-00.54.26:941][497]LogAIModule: Creating AISystem for world ThirdPersonExampleMap
[2017.03.01-00.54.26:942][497]LogPlayLevel: PIE: World Init took: (0.001054s)
[2017.03.01-00.54.26:942][497]LogPlayLevel: PIE: Created PIE world by copying editor world from /Game/ThirdPersonBP/Maps/ThirdPersonExampleMap.ThirdPersonExampleMap to /Game/ThirdPersonBP/Maps/UEDPIE_0_ThirdPersonExampleMap.ThirdPersonExampleMap (0.021226s)
[2017.03.01-00.54.26:961][497]LogInit: XAudio2 using 'Realtek Digital Output (Realtek Audio)' : 2 channels at 48 kHz using 16 bits per sample (channel mask 0x3)
[2017.03.01-00.54.26:972][497]LogInit: FAudioDevice initialized.
[2017.03.01-00.54.27:010][497]LogWorld: Game class is 'ThirdPersonGameMode_C'
[2017.03.01-00.54.27:017][497]LogWorld: Bringing World /Game/ThirdPersonBP/Maps/UEDPIE_0_ThirdPersonExampleMap.ThirdPersonExampleMap up for play (max tick rate 0) at 2017.03.01-11.54.27
[2017.03.01-00.54.27:017][497]LogWorld: Bringing up level for play took: 0.005656
[2017.03.01-00.54.27:018][497]LogGameMode:Display: Match State Changed from EnteringMap to WaitingToStart
[2017.03.01-00.54.27:018][497]LogGameState: Match State Changed from EnteringMap to WaitingToStart
[2017.03.01-00.54.27:018][497]LogGameMode:Display: Match State Changed from WaitingToStart to InProgress
[2017.03.01-00.54.27:019][497]LogBlueprintUserMessages: [AxePickUp_68] Press E to pick up
[2017.03.01-00.54.27:020][497]LogGameState: Match State Changed from WaitingToStart to InProgress
[2017.03.01-00.54.27:024][497]PIE: Info Play in editor start time for /Game/ThirdPersonBP/Maps/UEDPIE_0_ThirdPersonExampleMap 0.494
[2017.03.01-00.54.27:024][497]LogBlueprintUserMessages: Late PlayInEditor Detection: Level '/Game/ThirdPersonBP/Maps/ThirdPersonExampleMap.ThirdPersonExampleMap:PersistentLevel' has LevelScriptBlueprint '/Game/ThirdPersonBP/Maps/ThirdPersonExampleMap.ThirdPersonExampleMap:PersistentLevel.ThirdPersonExampleMap' with GeneratedClass '/Game/ThirdPersonBP/Maps/ThirdPersonExampleMap.ThirdPersonExampleMap_C' with ClassGeneratedBy '/Game/ThirdPersonBP/Maps/ThirdPersonExampleMap.ThirdPersonExampleMap:PersistentLevel.ThirdPersonExampleMap'
[2017.03.01-00.54.28:910][682]LogBlueprintUserMessages: [ThirdPersonCharacter_167] Press Q to drop weapon
[2017.03.01-00.54.29:196][712]LogBlueprintUserMessages: Early EndPlayMap Detection: Level '/Game/ThirdPersonBP/Maps/ThirdPersonExampleMap.ThirdPersonExampleMap:PersistentLevel' has LevelScriptBlueprint '/Game/ThirdPersonBP/Maps/ThirdPersonExampleMap.ThirdPersonExampleMap:PersistentLevel.ThirdPersonExampleMap' with GeneratedClass '/Game/ThirdPersonBP/Maps/ThirdPersonExampleMap.ThirdPersonExampleMap_C' with ClassGeneratedBy '/Game/ThirdPersonBP/Maps/ThirdPersonExampleMap.ThirdPersonExampleMap:PersistentLevel.ThirdPersonExampleMap'
[2017.03.01-00.54.29:239][712]LogBlueprintUserMessages: Late EndPlayMap Detection: Level '/Game/ThirdPersonBP/Maps/ThirdPersonExampleMap.ThirdPersonExampleMap:PersistentLevel' has LevelScriptBlueprint '/Game/ThirdPersonBP/Maps/ThirdPersonExampleMap.ThirdPersonExampleMap:PersistentLevel.ThirdPersonExampleMap' with GeneratedClass '/Game/ThirdPersonBP/Maps/ThirdPersonExampleMap.ThirdPersonExampleMap_C' with ClassGeneratedBy '/Game/ThirdPersonBP/Maps/ThirdPersonExampleMap.ThirdPersonExampleMap:PersistentLevel.ThirdPersonExampleMap'
[2017.03.01-00.54.47:952][704]LogBlueprintUserMessages: Early PlayInEditor Detection: Level '/Game/ThirdPersonBP/Maps/ThirdPersonExampleMap.ThirdPersonExampleMap:PersistentLevel' has LevelScriptBlueprint '/Game/ThirdPersonBP/Maps/ThirdPersonExampleMap.ThirdPersonExampleMap:PersistentLevel.ThirdPersonExampleMap' with GeneratedClass '/Game/ThirdPersonBP/Maps/ThirdPersonExampleMap.ThirdPersonExampleMap_C' with ClassGeneratedBy '/Game/ThirdPersonBP/Maps/ThirdPersonExampleMap.ThirdPersonExampleMap:PersistentLevel.ThirdPersonExampleMap'
[2017.03.01-00.54.47:952][704]LogPlayLevel: PlayLevel: No blueprints needed recompiling
[2017.03.01-00.54.47:952][704]PIE: New page: PIE session: ThirdPersonExampleMap (1 Mar 2017 9:54:47 pm)
[2017.03.01-00.54.47:952][704]LogPlayLevel: Creating play world package: /Game/ThirdPersonBP/Maps/UEDPIE_0_ThirdPersonExampleMap
[2017.03.01-00.54.47:974][704]LogPlayLevel: PIE: StaticDuplicateObject took: (0.021689s)
[2017.03.01-00.54.47:975][704]LogAIModule: Creating AISystem for world ThirdPersonExampleMap
[2017.03.01-00.54.47:975][704]LogPlayLevel: PIE: World Init took: (0.001182s)
[2017.03.01-00.54.47:975][704]LogPlayLevel: PIE: Created PIE world by copying editor world from /Game/ThirdPersonBP/Maps/ThirdPersonExampleMap.ThirdPersonExampleMap to /Game/ThirdPersonBP/Maps/UEDPIE_0_ThirdPersonExampleMap.ThirdPersonExampleMap (0.023141s)
[2017.03.01-00.54.47:990][704]LogInit: XAudio2 using 'Realtek Digital Output (Realtek Audio)' : 2 channels at 48 kHz using 16 bits per sample (channel mask 0x3)
[2017.03.01-00.54.48:000][704]LogInit: FAudioDevice initialized.
[2017.03.01-00.54.48:036][704]LogWorld: Game class is 'ThirdPersonGameMode_C'
[2017.03.01-00.54.48:041][704]LogWorld: Bringing World /Game/ThirdPersonBP/Maps/UEDPIE_0_ThirdPersonExampleMap.ThirdPersonExampleMap up for play (max tick rate 0) at 2017.03.01-11.54.48
[2017.03.01-00.54.48:042][704]LogWorld: Bringing up level for play took: 0.004925
[2017.03.01-00.54.48:042][704]LogGameMode:Display: Match State Changed from EnteringMap to WaitingToStart
[2017.03.01-00.54.48:042][704]LogGameState: Match State Changed from EnteringMap to WaitingToStart
[2017.03.01-00.54.48:042][704]LogGameMode:Display: Match State Changed from WaitingToStart to InProgress
[2017.03.01-00.54.48:043][704]LogBlueprintUserMessages: [AxePickUp_68] Press E to pick up
[2017.03.01-00.54.48:044][704]LogGameState: Match State Changed from WaitingToStart to InProgress
[2017.03.01-00.54.48:047][704]PIE: Info Play in editor start time for /Game/ThirdPersonBP/Maps/UEDPIE_0_ThirdPersonExampleMap -0.483
[2017.03.01-00.54.48:047][704]LogBlueprintUserMessages: Late PlayInEditor Detection: Level '/Game/ThirdPersonBP/Maps/ThirdPersonExampleMap.ThirdPersonExampleMap:PersistentLevel' has LevelScriptBlueprint '/Game/ThirdPersonBP/Maps/ThirdPersonExampleMap.ThirdPersonExampleMap:PersistentLevel.ThirdPersonExampleMap' with GeneratedClass '/Game/ThirdPersonBP/Maps/ThirdPersonExampleMap.ThirdPersonExampleMap_C' with ClassGeneratedBy '/Game/ThirdPersonBP/Maps/ThirdPersonExampleMap.ThirdPersonExampleMap:PersistentLevel.ThirdPersonExampleMap'
[2017.03.01-00.54.50:883][992]LogBlueprintUserMessages: [ChickenPickUp_118] Press E to pick up
[2017.03.01-00.54.51:944][103]LogBlueprintUserMessages: [ThirdPersonCharacter_167] Press Q to drop weapon
[2017.03.01-00.54.52:211][131]LogBlueprintUserMessages: Early EndPlayMap Detection: Level '/Game/ThirdPersonBP/Maps/ThirdPersonExampleMap.ThirdPersonExampleMap:PersistentLevel' has LevelScriptBlueprint '/Game/ThirdPersonBP/Maps/ThirdPersonExampleMap.ThirdPersonExampleMap:PersistentLevel.ThirdPersonExampleMap' with GeneratedClass '/Game/ThirdPersonBP/Maps/ThirdPersonExampleMap.ThirdPersonExampleMap_C' with ClassGeneratedBy '/Game/ThirdPersonBP/Maps/ThirdPersonExampleMap.ThirdPersonExampleMap:PersistentLevel.ThirdPersonExampleMap'
[2017.03.01-00.54.52:251][131]LogBlueprintUserMessages: Late EndPlayMap Detection: Level '/Game/ThirdPersonBP/Maps/ThirdPersonExampleMap.ThirdPersonExampleMap:PersistentLevel' has LevelScriptBlueprint '/Game/ThirdPersonBP/Maps/ThirdPersonExampleMap.ThirdPersonExampleMap:PersistentLevel.ThirdPersonExampleMap' with GeneratedClass '/Game/ThirdPersonBP/Maps/ThirdPersonExampleMap.ThirdPersonExampleMap_C' with ClassGeneratedBy '/Game/ThirdPersonBP/Maps/ThirdPersonExampleMap.ThirdPersonExampleMap:PersistentLevel.ThirdPersonExampleMap'
[2017.03.01-00.54.53:130][225]LogBlueprintUserMessages: Early PlayInEditor Detection: Level '/Game/ThirdPersonBP/Maps/ThirdPersonExampleMap.ThirdPersonExampleMap:PersistentLevel' has LevelScriptBlueprint '/Game/ThirdPersonBP/Maps/ThirdPersonExampleMap.ThirdPersonExampleMap:PersistentLevel.ThirdPersonExampleMap' with GeneratedClass '/Game/ThirdPersonBP/Maps/ThirdPersonExampleMap.ThirdPersonExampleMap_C' with ClassGeneratedBy '/Game/ThirdPersonBP/Maps/ThirdPersonExampleMap.ThirdPersonExampleMap:PersistentLevel.ThirdPersonExampleMap'
[2017.03.01-00.54.53:130][225]LogPlayLevel: PlayLevel: No blueprints needed recompiling
[2017.03.01-00.54.53:130][225]PIE: New page: PIE session: ThirdPersonExampleMap (1 Mar 2017 9:54:53 pm)
[2017.03.01-00.54.53:130][225]LogPlayLevel: Creating play world package: /Game/ThirdPersonBP/Maps/UEDPIE_0_ThirdPersonExampleMap
[2017.03.01-00.54.53:151][225]LogPlayLevel: PIE: StaticDuplicateObject took: (0.020752s)
[2017.03.01-00.54.53:152][225]LogAIModule: Creating AISystem for world ThirdPersonExampleMap
[2017.03.01-00.54.53:153][225]LogPlayLevel: PIE: World Init took: (0.001429s)
[2017.03.01-00.54.53:153][225]LogPlayLevel: PIE: Created PIE world by copying editor world from /Game/ThirdPersonBP/Maps/ThirdPersonExampleMap.ThirdPersonExampleMap to /Game/ThirdPersonBP/Maps/UEDPIE_0_ThirdPersonExampleMap.ThirdPersonExampleMap (0.022640s)
[2017.03.01-00.54.53:166][225]LogInit: XAudio2 using 'Realtek Digital Output (Realtek Audio)' : 2 channels at 48 kHz using 16 bits per sample (channel mask 0x3)
[2017.03.01-00.54.53:176][225]LogInit: FAudioDevice initialized.
[2017.03.01-00.54.53:215][225]LogWorld: Game class is 'ThirdPersonGameMode_C'
[2017.03.01-00.54.53:222][225]LogWorld: Bringing World /Game/ThirdPersonBP/Maps/UEDPIE_0_ThirdPersonExampleMap.ThirdPersonExampleMap up for play (max tick rate 0) at 2017.03.01-11.54.53
[2017.03.01-00.54.53:222][225]LogWorld: Bringing up level for play took: 0.006068
[2017.03.01-00.54.53:223][225]LogGameMode:Display: Match State Changed from EnteringMap to WaitingToStart
[2017.03.01-00.54.53:223][225]LogGameState: Match State Changed from EnteringMap to WaitingToStart
[2017.03.01-00.54.53:223][225]LogGameMode:Display: Match State Changed from WaitingToStart to InProgress
[2017.03.01-00.54.53:223][225]LogBlueprintUserMessages: [ChickenPickUp_118] Press E to pick up
[2017.03.01-00.54.53:224][225]LogGameState: Match State Changed from WaitingToStart to InProgress
[2017.03.01-00.54.53:227][225]PIE: Info Play in editor start time for /Game/ThirdPersonBP/Maps/UEDPIE_0_ThirdPersonExampleMap 0.697
[2017.03.01-00.54.53:228][225]LogBlueprintUserMessages: Late PlayInEditor Detection: Level '/Game/ThirdPersonBP/Maps/ThirdPersonExampleMap.ThirdPersonExampleMap:PersistentLevel' has LevelScriptBlueprint '/Game/ThirdPersonBP/Maps/ThirdPersonExampleMap.ThirdPersonExampleMap:PersistentLevel.ThirdPersonExampleMap' with GeneratedClass '/Game/ThirdPersonBP/Maps/ThirdPersonExampleMap.ThirdPersonExampleMap_C' with ClassGeneratedBy '/Game/ThirdPersonBP/Maps/ThirdPersonExampleMap.ThirdPersonExampleMap:PersistentLevel.ThirdPersonExampleMap'
[2017.03.01-00.54.54:909][390]LogBlueprintUserMessages: Early EndPlayMap Detection: Level '/Game/ThirdPersonBP/Maps/ThirdPersonExampleMap.ThirdPersonExampleMap:PersistentLevel' has LevelScriptBlueprint '/Game/ThirdPersonBP/Maps/ThirdPersonExampleMap.ThirdPersonExampleMap:PersistentLevel.ThirdPersonExampleMap' with GeneratedClass '/Game/ThirdPersonBP/Maps/ThirdPersonExampleMap.ThirdPersonExampleMap_C' with ClassGeneratedBy '/Game/ThirdPersonBP/Maps/ThirdPersonExampleMap.ThirdPersonExampleMap:PersistentLevel.ThirdPersonExampleMap'
[2017.03.01-00.54.54:949][390]LogBlueprintUserMessages: Late EndPlayMap Detection: Level '/Game/ThirdPersonBP/Maps/ThirdPersonExampleMap.ThirdPersonExampleMap:PersistentLevel' has LevelScriptBlueprint '/Game/ThirdPersonBP/Maps/ThirdPersonExampleMap.ThirdPersonExampleMap:PersistentLevel.ThirdPersonExampleMap' with GeneratedClass '/Game/ThirdPersonBP/Maps/ThirdPersonExampleMap.ThirdPersonExampleMap_C' with ClassGeneratedBy '/Game/ThirdPersonBP/Maps/ThirdPersonExampleMap.ThirdPersonExampleMap:PersistentLevel.ThirdPersonExampleMap'
[2017.03.01-00.54.57:133][590]LogSavePackage: Save=339.12ms
[2017.03.01-00.54.57:133][590]LogSavePackage: Moving '../../../../../../Users/v201624468/Documents/GitHub/MobileDevelopment/Assignment6/ProjectFiles/SavingInventory/Saved/ThirdPersonExampleMapCECD97924507A28EA8840AB6250D1C08.tmp' to '../../../../../../Users/v201624468/Documents/GitHub/MobileDevelopment/Assignment6/ProjectFiles/SavingInventory/Content/ThirdPersonBP/Maps/ThirdPersonExampleMap.umap'
[2017.03.01-00.54.57:137][590]LogSavePackage:Display: Finished SavePackage ../../../../../../Users/v201624468/Documents/GitHub/MobileDevelopment/Assignment6/ProjectFiles/SavingInventory/Content/ThirdPersonBP/Maps/ThirdPersonExampleMap.umap
[2017.03.01-00.54.57:153][590]LogFileHelpers: Saving map 'ThirdPersonExampleMap' took 0.475
[2017.03.01-00.54.58:361][729]LogWindowsTextInputMethodSystem:Display: IME system now deactivated.
[2017.03.01-00.54.58:546][730]Cmd: QUIT_EDITOR
[2017.03.01-00.54.59:465][730]LogExit: Preparing to exit.
[2017.03.01-00.55.00:038][730]LogDirectoryWatcher: A directory notification for 'C:/Users/v201624468/Documents/GitHub/MobileDevelopment/Assignment6/ProjectFiles/SavingInventory/Content/' was aborted.
[2017.03.01-00.55.00:074][730]LogExit: Editor shut down
[2017.03.01-00.55.00:074][730]LogExit: Transaction tracking system shut down
[2017.03.01-00.55.00:198][730]LogObj: Freed 0b from 0 cluster array pools.
[2017.03.01-00.55.00:198][730]LogExit: Object subsystem successfully closed.
[2017.03.01-00.55.00:224][730]LogD3D11RHI: Shutdown
[2017.03.01-00.55.00:224][730]LogD3D11RHI: CleanupD3DDevice
[2017.03.01-00.55.00:315][730]LogD3D11RHI: ~FD3D11DynamicRHI
[2017.03.01-00.55.00:331][730]LogModuleManager: Shutting down and abandoning module BlueprintGraph (236)
[2017.03.01-00.55.00:331][730]LogModuleManager: Shutting down and abandoning module BlueprintProfiler (235)
[2017.03.01-00.55.00:331][730]LogModuleManager: Shutting down and abandoning module MovieSceneCapture (234)
[2017.03.01-00.55.00:331][730]LogModuleManager: Shutting down and abandoning module HierarchicalLODOutliner (233)
[2017.03.01-00.55.00:331][730]LogModuleManager: Shutting down and abandoning module CrashTracker (232)
[2017.03.01-00.55.00:331][730]LogModuleManager: Shutting down and abandoning module SceneOutliner (231)
[2017.03.01-00.55.00:331][730]LogModuleManager: Shutting down and abandoning module WidgetCarousel (230)
[2017.03.01-00.55.00:331][730]LogModuleManager: Shutting down and abandoning module AddContentDialog (229)
[2017.03.01-00.55.00:331][730]LogDirectoryWatcher: A directory notification for 'C:/Program Files/Epic Games/UE_4.13/FeaturePacks/' was aborted.
[2017.03.01-00.55.00:332][730]LogModuleManager: Shutting down and abandoning module GameplayTags (228)
[2017.03.01-00.55.00:332][730]LogModuleManager: Shutting down and abandoning module EditorWidgets (227)
[2017.03.01-00.55.00:332][730]LogModuleManager: Shutting down and abandoning module CollectionManager (226)
[2017.03.01-00.55.00:332][730]LogDirectoryWatcher: A directory notification for 'C:/Users/v201624468/Documents/GitHub/MobileDevelopment/Assignment6/ProjectFiles/SavingInventory/Content/Collections/' was aborted.
[2017.03.01-00.55.00:332][730]LogDirectoryWatcher: A directory notification for 'C:/Users/v201624468/Documents/GitHub/MobileDevelopment/Assignment6/ProjectFiles/SavingInventory/Content/Developers/V201624468/Collections/' was aborted.
[2017.03.01-00.55.00:332][730]LogDirectoryWatcher: A directory notification for 'C:/Users/v201624468/Documents/GitHub/MobileDevelopment/Assignment6/ProjectFiles/SavingInventory/Saved/Collections/' was aborted.
[2017.03.01-00.55.00:332][730]LogModuleManager: Shutting down and abandoning module StatsViewer (225)
[2017.03.01-00.55.00:332][730]LogModuleManager: Shutting down and abandoning module FoliageEdit (224)
[2017.03.01-00.55.00:332][730]LogModuleManager: Shutting down and abandoning module LandscapeEditor (223)
[2017.03.01-00.55.00:333][730]LogModuleManager: Shutting down and abandoning module SceneDepthPickerMode (222)
[2017.03.01-00.55.00:333][730]LogModuleManager: Shutting down and abandoning module ActorPickerMode (221)
[2017.03.01-00.55.00:333][730]LogModuleManager: Shutting down and abandoning module GeometryMode (220)
[2017.03.01-00.55.00:333][730]LogModuleManager: Shutting down and abandoning module TextureAlignMode (219)
[2017.03.01-00.55.00:333][730]LogModuleManager: Shutting down and abandoning module BspMode (218)
[2017.03.01-00.55.00:333][730]LogModuleManager: Shutting down and abandoning module HardwareSurvey (217)
[2017.03.01-00.55.00:333][730]LogModuleManager: Shutting down and abandoning module SequenceRecorderSections (216)
[2017.03.01-00.55.00:333][730]LogModuleManager: Shutting down and abandoning module SequenceRecorder (215)
[2017.03.01-00.55.00:333][730]LogModuleManager: Shutting down and abandoning module AutomationWorker (214)
[2017.03.01-00.55.00:333][730]LogModuleManager: Shutting down and abandoning module MatineeToLevelSequence (213)
[2017.03.01-00.55.00:333][730]LogModuleManager: Shutting down and abandoning module PlacementMode (212)
[2017.03.01-00.55.00:333][730]LogModuleManager: Shutting down and abandoning module LevelSequenceEditor (211)
[2017.03.01-00.55.00:333][730]LogModuleManager: Shutting down and abandoning module WmfMediaFactory (210)
[2017.03.01-00.55.00:333][730]LogModuleManager: Shutting down and abandoning module WmfMediaEditor (209)
[2017.03.01-00.55.00:333][730]LogModuleManager: Shutting down and abandoning module AvfMediaFactory (208)
[2017.03.01-00.55.00:333][730]LogModuleManager: Shutting down and abandoning module AvfMediaEditor (207)
[2017.03.01-00.55.00:333][730]LogModuleManager: Shutting down and abandoning module Media (206)
[2017.03.01-00.55.00:333][730]LogModuleManager: Shutting down and abandoning module AndroidMediaFactory (205)
[2017.03.01-00.55.00:333][730]LogModuleManager: Shutting down and abandoning module AndroidMediaEditor (204)
[2017.03.01-00.55.00:333][730]LogModuleManager: Shutting down and abandoning module CharacterAI (203)
[2017.03.01-00.55.00:333][730]LogModuleManager: Shutting down and abandoning module SmartSnapping (202)
[2017.03.01-00.55.00:333][730]LogModuleManager: Shutting down and abandoning module SessionServices (201)
[2017.03.01-00.55.00:333][730]LogModuleManager: Shutting down and abandoning module ViewportSnapping (200)
[2017.03.01-00.55.00:333][730]LogModuleManager: Shutting down and abandoning module ViewportInteraction (199)
[2017.03.01-00.55.00:333][730]LogModuleManager: Shutting down and abandoning module LogVisualizer (198)
[2017.03.01-00.55.00:333][730]LogModuleManager: Shutting down and abandoning module GameProjectGeneration (197)
[2017.03.01-00.55.00:333][730]LogModuleManager: Shutting down and abandoning module IntroTutorials (196)
[2017.03.01-00.55.00:333][730]LogModuleManager: Shutting down and abandoning module EditorLiveStreaming (195)
[2017.03.01-00.55.00:333][730]LogModuleManager: Shutting down and abandoning module IOSPlatformEditor (194)
[2017.03.01-00.55.00:333][730]LogModuleManager: Shutting down and abandoning module HTML5PlatformEditor (193)
[2017.03.01-00.55.00:333][730]LogModuleManager: Shutting down and abandoning module AndroidDeviceDetection (192)
[2017.03.01-00.55.00:836][730]LogModuleManager: Shutting down and abandoning module AndroidPlatformEditor (191)
[2017.03.01-00.55.00:836][730]LogModuleManager: Shutting down and abandoning module IOSRuntimeSettings (190)
[2017.03.01-00.55.00:836][730]LogModuleManager: Shutting down and abandoning module AndroidRuntimeSettings (189)
[2017.03.01-00.55.00:836][730]LogModuleManager: Shutting down and abandoning module NiagaraEditor (188)
[2017.03.01-00.55.00:836][730]LogModuleManager: Shutting down and abandoning module MergeActors (187)
[2017.03.01-00.55.00:836][730]LogModuleManager: Shutting down and abandoning module SizeMap (186)
[2017.03.01-00.55.00:836][730]LogModuleManager: Shutting down and abandoning module TreeMap (185)
[2017.03.01-00.55.00:836][730]LogModuleManager: Shutting down and abandoning module ReferenceViewer (184)
[2017.03.01-00.55.00:836][730]LogModuleManager: Shutting down and abandoning module LocalizationService (183)
[2017.03.01-00.55.00:837][730]LogModuleManager: Shutting down and abandoning module LocalizationDashboard (182)
[2017.03.01-00.55.00:837][730]LogModuleManager: Shutting down and abandoning module HardwareTargeting (181)
[2017.03.01-00.55.00:837][730]LogModuleManager: Shutting down and abandoning module DeviceProfileEditor (180)
[2017.03.01-00.55.00:837][730]LogModuleManager: Shutting down and abandoning module UndoHistory (179)
[2017.03.01-00.55.00:837][730]LogModuleManager: Shutting down and abandoning module UserFeedback (178)
[2017.03.01-00.55.00:837][730]LogModuleManager: Shutting down and abandoning module XmlParser (177)
[2017.03.01-00.55.00:837][730]LogModuleManager: Shutting down and abandoning module Blutility (176)
[2017.03.01-00.55.00:837][730]LogModuleManager: Shutting down and abandoning module ProjectTargetPlatformEditor (175)
[2017.03.01-00.55.00:837][730]LogModuleManager: Shutting down and abandoning module ProjectSettingsViewer (174)
[2017.03.01-00.55.00:837][730]LogModuleManager: Shutting down and abandoning module InputBindingEditor (173)
[2017.03.01-00.55.00:837][730]LogModuleManager: Shutting down and abandoning module EditorSettingsViewer (172)
[2017.03.01-00.55.00:837][730]LogModuleManager: Shutting down and abandoning module SettingsEditor (171)
[2017.03.01-00.55.00:837][730]LogModuleManager: Shutting down and abandoning module ProjectLauncher (170)
[2017.03.01-00.55.00:837][730]LogModuleManager: Shutting down and abandoning module SessionFrontend (169)
[2017.03.01-00.55.00:837][730]LogModuleManager: Shutting down and abandoning module ProfilerClient (168)
[2017.03.01-00.55.00:837][730]LogModuleManager: Shutting down and abandoning module TargetDeviceServices (167)
[2017.03.01-00.55.00:837][730]LogModuleManager: Shutting down and abandoning module DeviceManager (166)
[2017.03.01-00.55.00:891][730]LogModuleManager: Shutting down and abandoning module AutomationController (165)
[2017.03.01-00.55.00:891][730]LogModuleManager: Shutting down and abandoning module AutomationWindow (164)
[2017.03.01-00.55.00:891][730]LogModuleManager: Shutting down and abandoning module Layers (163)
[2017.03.01-00.55.00:891][730]LogModuleManager: Shutting down and abandoning module ComponentVisualizers (162)
[2017.03.01-00.55.00:891][730]LogModuleManager: Shutting down and abandoning module DetailCustomizations (161)
[2017.03.01-00.55.00:891][730]LogModuleManager: Shutting down and abandoning module PackagesDialog (160)
[2017.03.01-00.55.00:891][730]LogModuleManager: Shutting down and abandoning module AnimGraph (159)
[2017.03.01-00.55.00:891][730]LogModuleManager: Shutting down and abandoning module Persona (158)
[2017.03.01-00.55.00:891][730]LogModuleManager: Shutting down and abandoning module Kismet (157)
[2017.03.01-00.55.00:902][730]LogModuleManager: Shutting down and abandoning module GraphEditor (156)
[2017.03.01-00.55.00:902][730]LogModuleManager: Shutting down and abandoning module ClassViewer (155)
[2017.03.01-00.55.00:903][730]LogModuleManager: Shutting down and abandoning module Toolbox (154)
[2017.03.01-00.55.00:903][730]LogModuleManager: Shutting down and abandoning module ModuleUI (153)
[2017.03.01-00.55.00:903][730]LogModuleManager: Shutting down and abandoning module MovieSceneTools (152)
[2017.03.01-00.55.00:903][730]LogModuleManager: Shutting down and abandoning module OutputLog (151)
[2017.03.01-00.55.00:903][730]LogModuleManager: Shutting down and abandoning module GammaUI (150)
[2017.03.01-00.55.00:903][730]LogModuleManager: Shutting down and abandoning module Documentation (149)
[2017.03.01-00.55.00:903][730]LogModuleManager: Shutting down and abandoning module Niagara (148)
[2017.03.01-00.55.00:903][730]LogModuleManager: Shutting down and abandoning module StreamingPauseRendering (147)
[2017.03.01-00.55.00:903][730]LogModuleManager: Shutting down and abandoning module AnalyticsET (146)
[2017.03.01-00.55.00:903][730]LogModuleManager: Shutting down and abandoning module PortalServices (145)
[2017.03.01-00.55.00:903][730]LogModuleManager: Shutting down and abandoning module PortalRpc (144)
[2017.03.01-00.55.00:903][730]LogModuleManager: Shutting down and abandoning module MessagingRpc (143)
[2017.03.01-00.55.00:903][730]LogModuleManager: Shutting down and abandoning module GameplayDebugger (142)
[2017.03.01-00.55.00:903][730]LogModuleManager: Shutting down and abandoning module AITestSuite (141)
[2017.03.01-00.55.00:903][730]LogModuleManager: Shutting down and abandoning module AIModule (140)
[2017.03.01-00.55.00:903][730]LogModuleManager: Shutting down and abandoning module ProfilerService (139)
[2017.03.01-00.55.01:042][730]LogModuleManager: Shutting down and abandoning module TaskGraph (138)
[2017.03.01-00.55.01:042][730]LogModuleManager: Shutting down and abandoning module SlateRemote (137)
[2017.03.01-00.55.01:042][730]LogModuleManager: Shutting down and abandoning module SteamVRController (136)
[2017.03.01-00.55.01:042][730]LogModuleManager: Shutting down and abandoning module SteamVR (135)
[2017.03.01-00.55.01:042][730]LogModuleManager: Shutting down and abandoning module ProceduralMeshComponentEditor (134)
[2017.03.01-00.55.01:042][730]LogModuleManager: Shutting down and abandoning module ProceduralMeshComponent (133)
[2017.03.01-00.55.01:042][730]LogModuleManager: Shutting down and abandoning module OculusLibrary (132)
[2017.03.01-00.55.01:042][730]LogModuleManager: Shutting down and abandoning module OculusInput (131)
[2017.03.01-00.55.01:042][730]LogModuleManager: Shutting down and abandoning module CustomMeshComponent (130)
[2017.03.01-00.55.01:042][730]LogModuleManager: Shutting down and abandoning module CableComponent (129)
[2017.03.01-00.55.01:042][730]LogModuleManager: Shutting down and abandoning module ArchVisCharacter (128)
[2017.03.01-00.55.01:042][730]LogModuleManager: Shutting down and abandoning module MediaPlayerEditor (126)
[2017.03.01-00.55.01:042][730]LogModuleManager: Shutting down and abandoning module HTML5Networking (125)
[2017.03.01-00.55.01:042][730]LogModuleManager: Shutting down and abandoning module GeometryCacheEd (124)
[2017.03.01-00.55.01:042][730]LogModuleManager: Shutting down and abandoning module GeometryCache (123)
[2017.03.01-00.55.01:042][730]LogModuleManager: Shutting down and abandoning module AlembicLibrary (122)
[2017.03.01-00.55.01:042][730]LogModuleManager: Shutting down and abandoning module AlembicImporter (121)
[2017.03.01-00.55.01:042][730]LogModuleManager: Shutting down and abandoning module SuperSearch (120)
[2017.03.01-00.55.01:042][730]LogModuleManager: Shutting down and abandoning module SuperSearchEditor (119)
[2017.03.01-00.55.01:042][730]LogModuleManager: Shutting down and abandoning module SpeedTreeImporter (118)
[2017.03.01-00.55.01:042][730]LogModuleManager: Shutting down and abandoning module PluginBrowser (117)
[2017.03.01-00.55.01:042][730]LogModuleManager: Shutting down and abandoning module MobileLauncherProfileWizard (116)
[2017.03.01-00.55.01:042][730]LogModuleManager: Shutting down and abandoning module EpicSurvey (115)
[2017.03.01-00.55.01:042][730]LogModuleManager: Shutting down and abandoning module DesktopPlatform (114)
[2017.03.01-00.55.01:042][730]LogModuleManager: Shutting down and abandoning module VisualStudioSourceCodeAccess (113)
[2017.03.01-00.55.01:042][730]LogModuleManager: Shutting down and abandoning module UObjectPlugin (112)
[2017.03.01-00.55.01:042][730]LogModuleManager: Shutting down and abandoning module SubversionSourceControl (111)
[2017.03.01-00.55.01:042][730]LogModuleManager: Shutting down and abandoning module PerforceSourceControl (110)
[2017.03.01-00.55.01:042][730]LogModuleManager: Shutting down and abandoning module SourceControl (109)
[2017.03.01-00.55.01:042][730]LogModuleManager: Shutting down and abandoning module GitSourceControl (108)
[2017.03.01-00.55.01:042][730]LogModuleManager: Shutting down and abandoning module LightPropagationVolumeEditor (107)
[2017.03.01-00.55.01:042][730]LogModuleManager: Shutting down and abandoning module PaperTiledImporter (106)
[2017.03.01-00.55.01:042][730]LogModuleManager: Shutting down and abandoning module PaperSpriteSheetImporter (105)
[2017.03.01-00.55.01:042][730]LogModuleManager: Shutting down and abandoning module MeshPaint (104)
[2017.03.01-00.55.01:042][730]LogModuleManager: Shutting down and abandoning module FbxAutomationBuilderModule (103)
[2017.03.01-00.55.01:042][730]LogModuleManager: Shutting down and abandoning module PixelInspectorModule (102)
[2017.03.01-00.55.01:042][730]LogModuleManager: Shutting down and abandoning module HotReload (101)
[2017.03.01-00.55.01:043][730]LogModuleManager: Shutting down and abandoning module MainFrame (100)
[2017.03.01-00.55.01:043][730]LogModuleManager: Shutting down and abandoning module LevelEditor (99)
[2017.03.01-00.55.01:043][730]LogModuleManager: Shutting down and abandoning module ContentBrowser (98)
[2017.03.01-00.55.01:044][730]LogModuleManager: Shutting down and abandoning module Paper2DEditor (97)
[2017.03.01-00.55.01:044][730]LogModuleManager: Shutting down and abandoning module UdpMessaging (96)
[2017.03.01-00.55.01:145][730]LogModuleManager: Shutting down and abandoning module TcpMessaging (95)
[2017.03.01-00.55.01:245][730]LogModuleManager: Shutting down and abandoning module LightPropagationVolumeRuntime (94)
[2017.03.01-00.55.01:245][730]LogModuleManager: Shutting down and abandoning module Paper2D (93)
[2017.03.01-00.55.01:245][730]LogModuleManager: Shutting down and abandoning module WindowsMoviePlayer (92)
[2017.03.01-00.55.01:245][730]LogModuleManager: Shutting down and abandoning module WmfMedia (91)
[2017.03.01-00.55.01:246][730]LogModuleManager: Shutting down and abandoning module MediaAssets (90)
[2017.03.01-00.55.01:246][730]LogModuleManager: Shutting down and abandoning module GameLiveStreaming (89)
[2017.03.01-00.55.01:246][730]LogModuleManager: Shutting down and abandoning module GameplayTagsEditor (88)
[2017.03.01-00.55.01:246][730]LogModuleManager: Shutting down and abandoning module VREditor (87)
[2017.03.01-00.55.01:246][730]LogModuleManager: Shutting down and abandoning module GameplayTasksEditor (86)
[2017.03.01-00.55.01:246][730]LogModuleManager: Shutting down and abandoning module PropertyEditor (85)
[2017.03.01-00.55.01:246][730]LogModuleManager: Shutting down and abandoning module BehaviorTreeEditor (84)
[2017.03.01-00.55.01:246][730]LogModuleManager: Shutting down and abandoning module FunctionalTesting (83)
[2017.03.01-00.55.01:246][730]LogModuleManager: Shutting down and abandoning module CollisionAnalyzer (82)
[2017.03.01-00.55.01:246][730]LogModuleManager: Shutting down and abandoning module Sequencer (81)
[2017.03.01-00.55.01:247][730]LogModuleManager: Shutting down and abandoning module WorkspaceMenuStructure (80)
[2017.03.01-00.55.01:247][730]LogModuleManager: Shutting down and abandoning module MessageLog (79)
[2017.03.01-00.55.01:247][730]LogModuleManager: Shutting down and abandoning module AssetTools (78)
[2017.03.01-00.55.01:247][730]LogModuleManager: Shutting down and abandoning module UMGEditor (77)
[2017.03.01-00.55.01:247][730]LogModuleManager: Shutting down and abandoning module UMG (76)
[2017.03.01-00.55.01:247][730]LogModuleManager: Shutting down and abandoning module SlateReflector (75)
[2017.03.01-00.55.01:247][730]LogModuleManager: Shutting down and abandoning module Slate (74)
[2017.03.01-00.55.01:247][730]LogModuleManager: Shutting down and abandoning module EditorStyle (73)
[2017.03.01-00.55.01:258][730]LogModuleManager: Shutting down and abandoning module SourceCodeAccess (72)
[2017.03.01-00.55.01:258][730]LogModuleManager: Shutting down and abandoning module HeadMountedDisplay (71)
[2017.03.01-00.55.01:258][730]LogModuleManager: Shutting down and abandoning module XAudio2 (70)
[2017.03.01-00.55.01:258][730]LogModuleManager: Shutting down and abandoning module Networking (68)
[2017.03.01-00.55.01:259][730]LogModuleManager: Shutting down and abandoning module Core (67)
[2017.03.01-00.55.01:259][730]LogModuleManager: Shutting down and abandoning module DirectoryWatcher (66)
[2017.03.01-00.55.01:259][730]LogDirectoryWatcher: A directory notification for '../../../Engine/Content/' was aborted.
[2017.03.01-00.55.01:259][730]LogDirectoryWatcher: A directory notification for '../../../../../../Users/v201624468/Documents/GitHub/MobileDevelopment/Assignment6/ProjectFiles/SavingInventory/Content/' was aborted.
[2017.03.01-00.55.01:259][730]LogDirectoryWatcher: A directory notification for '../../../Engine/Plugins/2D/Paper2D/Content/' was aborted.
[2017.03.01-00.55.01:260][730]LogModuleManager: Shutting down and abandoning module AssetRegistry (65)
[2017.03.01-00.55.01:362][730]LogModuleManager: Shutting down and abandoning module KismetCompiler (64)
[2017.03.01-00.55.01:362][730]LogModuleManager: Shutting down and abandoning module PhysXFormats (63)
[2017.03.01-00.55.01:362][730]LogModuleManager: Shutting down and abandoning module MeshUtilities (62)
[2017.03.01-00.55.01:363][730]LogModuleManager: Shutting down and abandoning module DerivedDataCache (61)
[2017.03.01-00.55.01:565][730]LogDerivedDataCache: Shutdown
[2017.03.01-00.55.01:565][730]LogModuleManager: Shutting down and abandoning module VulkanShaderFormat (60)
[2017.03.01-00.55.01:565][730]LogModuleManager: Shutting down and abandoning module ShaderFormatOpenGL (59)
[2017.03.01-00.55.01:565][730]LogModuleManager: Shutting down and abandoning module ShaderFormatD3D (58)
[2017.03.01-00.55.01:565][730]LogModuleManager: Shutting down and abandoning module MetalShaderFormat (57)
[2017.03.01-00.55.01:565][730]LogModuleManager: Shutting down and abandoning module TextureFormatUncompressed (56)
[2017.03.01-00.55.01:566][730]LogModuleManager: Shutting down and abandoning module TextureFormatPVR (55)
[2017.03.01-00.55.01:566][730]LogModuleManager: Shutting down and abandoning module TextureFormatDXT (54)
[2017.03.01-00.55.01:566][730]LogModuleManager: Shutting down and abandoning module TextureFormatIntelISPCTexComp (53)
[2017.03.01-00.55.01:566][730]LogModuleManager: Shutting down and abandoning module ImageWrapper (52)
[2017.03.01-00.55.01:566][730]LogModuleManager: Shutting down and abandoning module TextureFormatASTC (51)
[2017.03.01-00.55.01:566][730]LogModuleManager: Shutting down and abandoning module TextureFormatAndroid (50)
[2017.03.01-00.55.01:566][730]LogModuleManager: Shutting down and abandoning module AudioFormatOpus (49)
[2017.03.01-00.55.01:566][730]LogModuleManager: Shutting down and abandoning module AudioFormatOgg (48)
[2017.03.01-00.55.01:566][730]LogModuleManager: Shutting down and abandoning module AudioFormatADPCM (47)
[2017.03.01-00.55.01:566][730]LogModuleManager: Shutting down and abandoning module LinuxTargetPlatform (46)
[2017.03.01-00.55.01:566][730]LogModuleManager: Shutting down and abandoning module LinuxServerTargetPlatform (45)
[2017.03.01-00.55.01:566][730]LogModuleManager: Shutting down and abandoning module LinuxNoEditorTargetPlatform (44)
[2017.03.01-00.55.01:566][730]LogModuleManager: Shutting down and abandoning module LinuxClientTargetPlatform (43)
[2017.03.01-00.55.01:566][730]LogModuleManager: Shutting down and abandoning module TVOSTargetPlatform (42)
[2017.03.01-00.55.01:566][730]LogModuleManager: Shutting down and abandoning module Messaging (41)
[2017.03.01-00.55.01:566][730]LogModuleManager: Shutting down and abandoning module IOSTargetPlatform (40)
[2017.03.01-00.55.01:566][730]LogModuleManager: Shutting down and abandoning module HTML5TargetPlatform (39)
[2017.03.01-00.55.01:566][730]LogModuleManager: Shutting down and abandoning module Android_PVRTCTargetPlatform (38)
[2017.03.01-00.55.01:566][730]LogModuleManager: Shutting down and abandoning module Android_MultiTargetPlatform (37)
[2017.03.01-00.55.01:566][730]LogModuleManager: Shutting down and abandoning module Android_ETC2TargetPlatform (36)
[2017.03.01-00.55.01:566][730]LogModuleManager: Shutting down and abandoning module Android_ETC1TargetPlatform (35)
[2017.03.01-00.55.01:566][730]LogModuleManager: Shutting down and abandoning module Android_DXTTargetPlatform (34)
[2017.03.01-00.55.01:566][730]LogModuleManager: Shutting down and abandoning module Android_ATCTargetPlatform (33)
[2017.03.01-00.55.01:566][730]LogModuleManager: Shutting down and abandoning module Android_ASTCTargetPlatform (32)
[2017.03.01-00.55.01:566][730]LogModuleManager: Shutting down and abandoning module AndroidTargetPlatform (31)
[2017.03.01-00.55.01:566][730]LogModuleManager: Shutting down and abandoning module WindowsTargetPlatform (30)
[2017.03.01-00.55.01:566][730]LogModuleManager: Shutting down and abandoning module WindowsServerTargetPlatform (29)
[2017.03.01-00.55.01:566][730]LogModuleManager: Shutting down and abandoning module WindowsNoEditorTargetPlatform (28)
[2017.03.01-00.55.01:566][730]LogModuleManager: Shutting down and abandoning module WindowsClientTargetPlatform (27)
[2017.03.01-00.55.01:566][730]LogModuleManager: Shutting down and abandoning module AllDesktopTargetPlatform (26)
[2017.03.01-00.55.01:566][730]LogModuleManager: Shutting down and abandoning module TargetPlatform (25)
[2017.03.01-00.55.01:566][730]LogModuleManager: Shutting down and abandoning module InputCore (24)
[2017.03.01-00.55.01:566][730]LogModuleManager: Shutting down and abandoning module Settings (23)
[2017.03.01-00.55.01:566][730]LogModuleManager: Shutting down and abandoning module OculusRift (22)
[2017.03.01-00.55.01:566][730]LogModuleManager: Shutting down and abandoning module GearVR (21)
[2017.03.01-00.55.01:566][730]LogModuleManager: Shutting down and abandoning module ExampleDeviceProfileSelector (20)
[2017.03.01-00.55.01:566][730]LogModuleManager: Shutting down and abandoning module OnlineBlueprintSupport (19)
[2017.03.01-00.55.01:566][730]LogModuleManager: Shutting down and abandoning module OnlineSubsystem (17)
[2017.03.01-00.55.01:566][730]LogOnline:Display: Unloading online subsystem: NULL
[2017.03.01-00.55.01:566][730]LogModuleManager: Shutting down and abandoning module HTTP (16)
[2017.03.01-00.55.01:566][730]LogHttp:Display: Http module shutting down, but needs to wait on 1 outstanding Http requests:
[2017.03.01-00.55.01:566][730]LogHttp:Display: 	verb=[POST] url=[https://datarouter.ol.epicgames.com/datarouter/api/v1/public/data?SessionID=%7B49734CD9-4F24-B1BC-9DCF-CFA4C21AE634%7D&AppID=UEEditor.Rocket.Release&AppVersion=4.13.2-3172292%2B%2B%2BUE4%2BRelease-4.13&UserID=26e91fbd4eeec560bd82839e3fe19b30%7Cf990d63dc7d94edf9e58a18dd6ad3ebc%7Cafb3fe20-b555-4c9e-a7fb-c2a7117f5c28&AppEnvironment=datacollector-binary&UploadType=eteventstream] status=Processing
[2017.03.01-00.55.01:567][730]LogModuleManager: Shutting down and abandoning module XMPP (15)
[2017.03.01-00.55.01:567][730]LogModuleManager: Shutting down and abandoning module TextureCompressor (14)
[2017.03.01-00.55.01:567][730]LogModuleManager: Shutting down and abandoning module ShaderCore (13)
[2017.03.01-00.55.01:568][730]LogModuleManager: Shutting down and abandoning module Landscape (12)
[2017.03.01-00.55.01:568][730]LogModuleManager: Shutting down and abandoning module SlateRHIRenderer (11)
[2017.03.01-00.55.01:569][730]LogModuleManager: Shutting down and abandoning module OpenGLDrv (10)
[2017.03.01-00.55.01:569][730]LogModuleManager: Shutting down and abandoning module D3D11RHI (9)
[2017.03.01-00.55.01:569][730]LogModuleManager: Shutting down and abandoning module AnimGraphRuntime (8)
[2017.03.01-00.55.01:569][730]LogModuleManager: Shutting down and abandoning module Renderer (7)
[2017.03.01-00.55.01:569][730]LogModuleManager: Shutting down and abandoning module Engine (6)
[2017.03.01-00.55.01:569][730]LogModuleManager: Shutting down and abandoning module CoreUObject (5)
[2017.03.01-00.55.01:569][730]LogModuleManager: Shutting down and abandoning module NetworkFile (4)
[2017.03.01-00.55.01:569][730]LogModuleManager: Shutting down and abandoning module StreamingFile (3)
[2017.03.01-00.55.01:569][730]LogModuleManager: Shutting down and abandoning module SandboxFile (2)
[2017.03.01-00.55.01:569][730]LogModuleManager: Shutting down and abandoning module PakFile (1)
[2017.03.01-00.55.01:570][730]LogExit: Exiting.
[2017.03.01-00.55.01:578][730]Log file closed, 03/01/17 11:55:01
