Log file open, 02/28/17 07:59:41
LogInit:Display: Running engine for game: SavingInventory
LogPlatformFile: Not using cached read wrapper
LogInit:Display: RandInit(38042605) SRandInit(38042605).
LogTaskGraph: Started task graph with 5 named threads and 8 total threads with 1 sets of task threads.
LogStats: Stats thread started at 0.069917
LogPluginManager: Loaded Plugin Paper2D, From C:/Program Files/Epic Games/UE_4.13/Engine/Plugins/2D/Paper2D/Paper2D.uplugin
LogPluginManager: Loaded Plugin LightPropagationVolume, From C:/Program Files/Epic Games/UE_4.13/Engine/Plugins/Blendables/LightPropagationVolume/LightPropagationVolume.uplugin
LogPluginManager: Loaded Plugin BlankPlugin, From C:/Program Files/Epic Games/UE_4.13/Engine/Plugins/Developer/BlankPlugin/BlankPlugin.uplugin
LogPluginManager: Loaded Plugin CodeLiteSourceCodeAccess, From C:/Program Files/Epic Games/UE_4.13/Engine/Plugins/Developer/CodeLiteSourceCodeAccess/CodeLiteSourceCodeAccess.uplugin
LogPluginManager: Loaded Plugin GitSourceControl, From C:/Program Files/Epic Games/UE_4.13/Engine/Plugins/Developer/GitSourceControl/GitSourceControl.uplugin
LogPluginManager: Loaded Plugin KDevelopSourceCodeAccess, From C:/Program Files/Epic Games/UE_4.13/Engine/Plugins/Developer/KDevelopSourceCodeAccess/KDevelopSourceCodeAccess.uplugin
LogPluginManager: Loaded Plugin NullSourceCodeAccess, From C:/Program Files/Epic Games/UE_4.13/Engine/Plugins/Developer/NullSourceCodeAccess/NullSourceCodeAccess.uplugin
LogPluginManager: Loaded Plugin OneSkyLocalizationService, From C:/Program Files/Epic Games/UE_4.13/Engine/Plugins/Developer/OneSkyLocalizationService/OneSkyLocalizationService.uplugin
LogPluginManager: Loaded Plugin PerforceSourceControl, From C:/Program Files/Epic Games/UE_4.13/Engine/Plugins/Developer/PerforceSourceControl/PerforceSourceControl.uplugin
LogPluginManager: Loaded Plugin SubversionSourceControl, From C:/Program Files/Epic Games/UE_4.13/Engine/Plugins/Developer/SubversionSourceControl/SubversionSourceControl.uplugin
LogPluginManager: Loaded Plugin UObjectPlugin, From C:/Program Files/Epic Games/UE_4.13/Engine/Plugins/Developer/UObjectPlugin/UObjectPlugin.uplugin
LogPluginManager: Loaded Plugin VisualStudioSourceCodeAccess, From C:/Program Files/Epic Games/UE_4.13/Engine/Plugins/Developer/VisualStudioSourceCodeAccess/VisualStudioSourceCodeAccess.uplugin
LogPluginManager: Loaded Plugin XCodeSourceCodeAccess, From C:/Program Files/Epic Games/UE_4.13/Engine/Plugins/Developer/XCodeSourceCodeAccess/XCodeSourceCodeAccess.uplugin
LogPluginManager: Loaded Plugin EpicSurvey, From C:/Program Files/Epic Games/UE_4.13/Engine/Plugins/Editor/EpicSurvey/EpicSurvey.uplugin
LogPluginManager: Loaded Plugin MacGraphicsSwitching, From C:/Program Files/Epic Games/UE_4.13/Engine/Plugins/Editor/MacGraphicsSwitching/MacGraphicsSwitching.uplugin
LogPluginManager: Loaded Plugin MobileLauncherProfileWizard, From C:/Program Files/Epic Games/UE_4.13/Engine/Plugins/Editor/MobileLauncherProfileWizard/MobileLauncherProfileWizard.uplugin
LogPluginManager: Loaded Plugin PluginBrowser, From C:/Program Files/Epic Games/UE_4.13/Engine/Plugins/Editor/PluginBrowser/PluginBrowser.uplugin
LogPluginManager: Loaded Plugin SpeedTreeImporter, From C:/Program Files/Epic Games/UE_4.13/Engine/Plugins/Editor/SpeedTreeImporter/SpeedTreeImporter.uplugin
LogPluginManager: Loaded Plugin SuperSearchEditor, From C:/Program Files/Epic Games/UE_4.13/Engine/Plugins/Editor/SuperSearchEditor/SuperSearchEditor.uplugin
LogPluginManager: Loaded Plugin AlembicImporter, From C:/Program Files/Epic Games/UE_4.13/Engine/Plugins/Experimental/AlembicImporter/AlembicImporter.uplugin
LogPluginManager: Loaded Plugin BlueprintStats, From C:/Program Files/Epic Games/UE_4.13/Engine/Plugins/Experimental/BlueprintStats/BlueprintStats.uplugin
LogPluginManager: Loaded Plugin CharacterAI, From C:/Program Files/Epic Games/UE_4.13/Engine/Plugins/Experimental/CharacterAI/CharacterAI.uplugin
LogPluginManager: Loaded Plugin CodeEditor, From C:/Program Files/Epic Games/UE_4.13/Engine/Plugins/Experimental/CodeEditor/CodeEditor.uplugin
LogPluginManager: Loaded Plugin CodeView, From C:/Program Files/Epic Games/UE_4.13/Engine/Plugins/Experimental/CodeView/CodeView.uplugin
LogPluginManager: Loaded Plugin HTML5Networking, From C:/Program Files/Epic Games/UE_4.13/Engine/Plugins/Experimental/HTML5Networking/HTML5Networking.uplugin
LogPluginManager: Loaded Plugin LiveEditor, From C:/Program Files/Epic Games/UE_4.13/Engine/Plugins/Experimental/LiveEditor/LiveEditor.uplugin
LogPluginManager: Loaded Plugin OSVR, From C:/Program Files/Epic Games/UE_4.13/Engine/Plugins/Experimental/OSVR/OSVR.uplugin
LogPluginManager: Loaded Plugin Phya, From C:/Program Files/Epic Games/UE_4.13/Engine/Plugins/Experimental/Phya/Phya.uplugin
LogPluginManager: Loaded Plugin SignificanceManager, From C:/Program Files/Epic Games/UE_4.13/Engine/Plugins/Experimental/SignificanceManager/SignificanceManager.uplugin
LogPluginManager: Loaded Plugin SimpleHMD, From C:/Program Files/Epic Games/UE_4.13/Engine/Plugins/Experimental/SimpleHMD/SimpleHMD.uplugin
LogPluginManager: Loaded Plugin StereoPanorama, From C:/Program Files/Epic Games/UE_4.13/Engine/Plugins/Experimental/StereoPanorama/StereoPanorama.uplugin
LogPluginManager: Loaded Plugin StructBox, From C:/Program Files/Epic Games/UE_4.13/Engine/Plugins/Experimental/StructBox/StructBox.uplugin
LogPluginManager: Loaded Plugin AndroidMedia, From C:/Program Files/Epic Games/UE_4.13/Engine/Plugins/Media/AndroidMedia/AndroidMedia.uplugin
LogPluginManager: Loaded Plugin AvfMedia, From C:/Program Files/Epic Games/UE_4.13/Engine/Plugins/Media/AvfMedia/AvfMedia.uplugin
LogPluginManager: Loaded Plugin MediaPlayerEditor, From C:/Program Files/Epic Games/UE_4.13/Engine/Plugins/Media/MediaPlayerEditor/MediaPlayerEditor.uplugin
LogPluginManager: Loaded Plugin WmfMedia, From C:/Program Files/Epic Games/UE_4.13/Engine/Plugins/Media/WmfMedia/WmfMedia.uplugin
LogPluginManager: Loaded Plugin MessagingDebugger, From C:/Program Files/Epic Games/UE_4.13/Engine/Plugins/Messaging/MessagingDebugger/MessagingDebugger.uplugin
LogPluginManager: Loaded Plugin TcpMessaging, From C:/Program Files/Epic Games/UE_4.13/Engine/Plugins/Messaging/TcpMessaging/TcpMessaging.uplugin
LogPluginManager: Loaded Plugin UdpMessaging, From C:/Program Files/Epic Games/UE_4.13/Engine/Plugins/Messaging/UdpMessaging/UdpMessaging.uplugin
LogPluginManager: Loaded Plugin LevelSequenceEditor, From C:/Program Files/Epic Games/UE_4.13/Engine/Plugins/MovieScene/LevelSequenceEditor/LevelSequenceEditor.uplugin
LogPluginManager: Loaded Plugin MatineeToLevelSequence, From C:/Program Files/Epic Games/UE_4.13/Engine/Plugins/MovieScene/MatineeToLevelSequence/MatineeToLevelSequence.uplugin
LogPluginManager: Loaded Plugin NetcodeUnitTest, From C:/Program Files/Epic Games/UE_4.13/Engine/Plugins/NetcodeUnitTest/NetcodeUnitTest/NetcodeUnitTest.uplugin
LogPluginManager: Loaded Plugin NUTUnrealEngine4, From C:/Program Files/Epic Games/UE_4.13/Engine/Plugins/NetcodeUnitTest/NUTUnrealEngine4/NUTUnrealEngine4.uplugin
LogPluginManager: Loaded Plugin OnlineSubsystemGooglePlay, From C:/Program Files/Epic Games/UE_4.13/Engine/Plugins/Online/Android/OnlineSubsystemGooglePlay/OnlineSubsystemGooglePlay.uplugin
LogPluginManager: Loaded Plugin OnlineSubsystemIOS, From C:/Program Files/Epic Games/UE_4.13/Engine/Plugins/Online/IOS/OnlineSubsystemIOS/OnlineSubsystemIOS.uplugin
LogPluginManager: Loaded Plugin OnlineFramework, From C:/Program Files/Epic Games/UE_4.13/Engine/Plugins/Online/OnlineFramework/OnlineFramework.uplugin
LogPluginManager: Loaded Plugin OnlineSubsystem, From C:/Program Files/Epic Games/UE_4.13/Engine/Plugins/Online/OnlineSubsystem/OnlineSubsystem.uplugin
LogPluginManager: Loaded Plugin OnlineSubsystemAmazon, From C:/Program Files/Epic Games/UE_4.13/Engine/Plugins/Online/OnlineSubsystemAmazon/OnlineSubsystemAmazon.uplugin
LogPluginManager: Loaded Plugin OnlineSubsystemFacebook, From C:/Program Files/Epic Games/UE_4.13/Engine/Plugins/Online/OnlineSubsystemFacebook/OnlineSubsystemFacebook.uplugin
LogPluginManager: Loaded Plugin OnlineSubsystemNull, From C:/Program Files/Epic Games/UE_4.13/Engine/Plugins/Online/OnlineSubsystemNull/OnlineSubsystemNull.uplugin
LogPluginManager: Loaded Plugin OnlineSubsystemOculus, From C:/Program Files/Epic Games/UE_4.13/Engine/Plugins/Online/OnlineSubsystemOculus/OnlineSubsystemOculus.uplugin
LogPluginManager: Loaded Plugin OnlineSubsystemSteam, From C:/Program Files/Epic Games/UE_4.13/Engine/Plugins/Online/OnlineSubsystemSteam/OnlineSubsystemSteam.uplugin
LogPluginManager: Loaded Plugin OnlineSubsystemUtils, From C:/Program Files/Epic Games/UE_4.13/Engine/Plugins/Online/OnlineSubsystemUtils/OnlineSubsystemUtils.uplugin
LogPluginManager: Loaded Plugin IOSTapJoy, From C:/Program Files/Epic Games/UE_4.13/Engine/Plugins/Runtime/Advertising/IOSTapJoy/IOSTapJoy.uplugin
LogPluginManager: Loaded Plugin AnalyticsBlueprintLibrary, From C:/Program Files/Epic Games/UE_4.13/Engine/Plugins/Runtime/Analytics/AnalyticsBlueprintLibrary/AnalyticsBlueprintLibrary.uplugin
LogPluginManager: Loaded Plugin AnalyticsMulticast, From C:/Program Files/Epic Games/UE_4.13/Engine/Plugins/Runtime/Analytics/AnalyticsMulticast/AnalyticsMulticast.uplugin
LogPluginManager: Loaded Plugin Apsalar, From C:/Program Files/Epic Games/UE_4.13/Engine/Plugins/Runtime/Analytics/Apsalar/Apsalar.uplugin
LogPluginManager: Loaded Plugin FileLogging, From C:/Program Files/Epic Games/UE_4.13/Engine/Plugins/Runtime/Analytics/FileLogging/FileLogging.uplugin
LogPluginManager: Loaded Plugin Flurry, From C:/Program Files/Epic Games/UE_4.13/Engine/Plugins/Runtime/Analytics/Flurry/Flurry.uplugin
LogPluginManager: Loaded Plugin AndroidDeviceProfileSelector, From C:/Program Files/Epic Games/UE_4.13/Engine/Plugins/Runtime/AndroidDeviceProfileSelector/AndroidDeviceProfileSelector.uplugin
LogPluginManager: Loaded Plugin AndroidMoviePlayer, From C:/Program Files/Epic Games/UE_4.13/Engine/Plugins/Runtime/AndroidMoviePlayer/AndroidMoviePlayer.uplugin
LogPluginManager: Loaded Plugin AppleMoviePlayer, From C:/Program Files/Epic Games/UE_4.13/Engine/Plugins/Runtime/AppleMoviePlayer/AppleMoviePlayer.uplugin
LogPluginManager: Loaded Plugin ArchVisCharacter, From C:/Program Files/Epic Games/UE_4.13/Engine/Plugins/Runtime/ArchVisCharacter/ArchVisCharacter.uplugin
LogPluginManager: Loaded Plugin CableComponent, From C:/Program Files/Epic Games/UE_4.13/Engine/Plugins/Runtime/CableComponent/CableComponent.uplugin
LogPluginManager: Loaded Plugin CustomMeshComponent, From C:/Program Files/Epic Games/UE_4.13/Engine/Plugins/Runtime/CustomMeshComponent/CustomMeshComponent.uplugin
LogPluginManager: Loaded Plugin ExampleDeviceProfileSelector, From C:/Program Files/Epic Games/UE_4.13/Engine/Plugins/Runtime/ExampleDeviceProfileSelector/ExampleDeviceProfileSelector.uplugin
LogPluginManager: Loaded Plugin GearVR, From C:/Program Files/Epic Games/UE_4.13/Engine/Plugins/Runtime/GearVR/GearVR.uplugin
LogPluginManager: Loaded Plugin GoogleVRController, From C:/Program Files/Epic Games/UE_4.13/Engine/Plugins/Runtime/GoogleVR/GoogleVRController/GoogleVRController.uplugin
LogPluginManager: Loaded Plugin GoogleVRHMD, From C:/Program Files/Epic Games/UE_4.13/Engine/Plugins/Runtime/GoogleVR/GoogleVRHMD/GoogleVRHMD.uplugin
LogPluginManager: Loaded Plugin IOSDeviceProfileSelector, From C:/Program Files/Epic Games/UE_4.13/Engine/Plugins/Runtime/IOSDeviceProfileSelector/IOSDeviceProfileSelector.uplugin
LogPluginManager: Loaded Plugin LeapMotion, From C:/Program Files/Epic Games/UE_4.13/Engine/Plugins/Runtime/LeapMotion/LeapMotion.uplugin
LogPluginManager: Loaded Plugin LinuxDeviceProfileSelector, From C:/Program Files/Epic Games/UE_4.13/Engine/Plugins/Runtime/LinuxDeviceProfileSelector/LinuxDeviceProfileSelector.uplugin
LogPluginManager: Loaded Plugin LiveEditorListenServer, From C:/Program Files/Epic Games/UE_4.13/Engine/Plugins/Runtime/LiveEditorListenServer/LiveEditorListenServer.uplugin
LogPluginManager: Loaded Plugin OculusAudio, From C:/Program Files/Epic Games/UE_4.13/Engine/Plugins/Runtime/OculusAudio/OculusAudio.uplugin
LogPluginManager: Loaded Plugin OculusInput, From C:/Program Files/Epic Games/UE_4.13/Engine/Plugins/Runtime/OculusInput/OculusInput.uplugin
LogPluginManager: Loaded Plugin OculusLibrary, From C:/Program Files/Epic Games/UE_4.13/Engine/Plugins/Runtime/OculusLibrary/OculusLibrary.uplugin
LogPluginManager: Loaded Plugin OculusRift, From C:/Program Files/Epic Games/UE_4.13/Engine/Plugins/Runtime/OculusRift/OculusRift.uplugin
LogPluginManager: Loaded Plugin Oodle, From C:/Program Files/Epic Games/UE_4.13/Engine/Plugins/Runtime/PacketHandlers/CompressionComponents/Oodle/Oodle.uplugin
LogPluginManager: Loaded Plugin ProceduralMeshComponent, From C:/Program Files/Epic Games/UE_4.13/Engine/Plugins/Runtime/ProceduralMeshComponent/ProceduralMeshComponent.uplugin
LogPluginManager: Loaded Plugin SoundMod, From C:/Program Files/Epic Games/UE_4.13/Engine/Plugins/Runtime/SoundMod/SoundMod.uplugin
LogPluginManager: Loaded Plugin SoundVisualizations, From C:/Program Files/Epic Games/UE_4.13/Engine/Plugins/Runtime/SoundVisualizations/SoundVisualizations.uplugin
LogPluginManager: Loaded Plugin SteamController, From C:/Program Files/Epic Games/UE_4.13/Engine/Plugins/Runtime/Steam/SteamController/SteamController.uplugin
LogPluginManager: Loaded Plugin SteamVR, From C:/Program Files/Epic Games/UE_4.13/Engine/Plugins/Runtime/Steam/SteamVR/SteamVR.uplugin
LogPluginManager: Loaded Plugin WebBrowserWidget, From C:/Program Files/Epic Games/UE_4.13/Engine/Plugins/Runtime/WebBrowserWidget/WebBrowserWidget.uplugin
LogPluginManager: Loaded Plugin WindowsDeviceProfileSelector, From C:/Program Files/Epic Games/UE_4.13/Engine/Plugins/Runtime/WindowsDeviceProfileSelector/WindowsDeviceProfileSelector.uplugin
LogPluginManager: Loaded Plugin WindowsMoviePlayer, From C:/Program Files/Epic Games/UE_4.13/Engine/Plugins/Runtime/WindowsMoviePlayer/WindowsMoviePlayer.uplugin
LogPluginManager: Loaded Plugin ScriptPlugin, From C:/Program Files/Epic Games/UE_4.13/Engine/Plugins/ScriptPlugin/ScriptPlugin.uplugin
LogPluginManager: Loaded Plugin SlateRemote, From C:/Program Files/Epic Games/UE_4.13/Engine/Plugins/Slate/SlateRemote/SlateRemote.uplugin
LogInit: Using libcurl 7.47.1
LogInit:  - built for x86_64-pc-win32
LogInit:  - supports SSL with WinSSL
LogInit:  - other features:
LogInit:      CURL_VERSION_SSL
LogInit:      CURL_VERSION_IPV6
LogInit:      CURL_VERSION_ASYNCHDNS
LogInit:      CURL_VERSION_LARGEFILE
LogInit:      CURL_VERSION_IDN
LogInit:  CurlRequestOptions (configurable via config and command line):
LogInit:  - bVerifyPeer = false  - Libcurl will NOT verify peer certificate
LogInit:  - bUseHttpProxy = false  - Libcurl will NOT use HTTP proxy
LogInit:  - bDontReuseConnections = false  - Libcurl will reuse connections
LogInit:  - CertBundlePath = nullptr  - Libcurl will use whatever was configured at build time.
LogInit: Build: ++UE4+Release-4.13-CL-3172292
LogInit: Engine Version: 4.13.2-3172292+++UE4+Release-4.13
LogInit: Compatible Engine Version: 4.13.0-3106830+++UE4+Release-4.13
LogInit: Net CL: 3172292
LogDevObjectVersion: Number of dev versions registered: 13
LogDevObjectVersion:   Dev-Blueprints (B0D832E4-1F89-4F0D-ACCF-7EB736FD4AA2): 5
LogDevObjectVersion:   Dev-Build (E1C64328-A22C-4D53-A36C-8E866417BD8C): 0
LogDevObjectVersion:   Dev-Core (375EC13C-06E4-48FB-B500-84F0262A717E): 1
LogDevObjectVersion:   Dev-Editor (E4B068ED-F494-42E9-A231-DA0B2E46BB41): 6
LogDevObjectVersion:   Dev-Framework (CFFC743F-43B0-4480-9391-14DF171D2073): 12
LogDevObjectVersion:   Dev-Mobile (B02B49B5-BB20-44E9-A304-32B752E40360): 0
LogDevObjectVersion:   Dev-Networking (A4E4105C-59A1-49B5-A7C5-40C4547EDFEE): 0
LogDevObjectVersion:   Dev-Online (39C831C9-5AE6-47DC-9A44-9C173E1C8E7C): 0
LogDevObjectVersion:   Dev-Physics (78F01B33-EBEA-4F98-B9B4-84EACCB95AA2): 0
LogDevObjectVersion:   Dev-Platform (6631380F-2D4D-43E0-8009-CF276956A95A): 0
LogDevObjectVersion:   Dev-Rendering (12F88B9F-8875-4AFC-A67C-D90C383ABD29): 4
LogDevObjectVersion:   Dev-Sequencer (7B5AE74C-D270-4C10-A958-57980B212A5A): 0
LogDevObjectVersion:   Dev-VR (D7296918-1DD6-4BDD-9DE2-64A83CC13884): 0
LogInit: Compiled (64-bit): Oct 24 2016 14:29:06
LogInit: Compiled with Visual C++: 19.00.23026.00
LogInit: Build Configuration: Development
LogInit: Branch Name: ++UE4+Release-4.13
LogInit: Command line: -EpicPortal 
LogInit: Base directory: C:/Program Files/Epic Games/UE_4.13/Engine/Binaries/Win64/
LogInit: Installed Engine Build: 1
LogInit: Presizing for max 8388607 objects, including 0 objects not considered by GC, pre-allocating 0 bytes for permanent pool.
LogInit: Object subsystem initialized
[2017.02.27-20.59.41:167][  0]LogInit: Selected Device Profile: [Windows]
[2017.02.27-20.59.41:167][  0]LogInit: Applying CVar settings loaded from the selected device profile: [Windows]
[2017.02.27-20.59.41:173][  0]LogInit: Computer: BN4VF42
[2017.02.27-20.59.41:173][  0]LogInit: User: webbj
[2017.02.27-20.59.41:173][  0]LogInit: CPU Page size=65536, Cores=4
[2017.02.27-20.59.41:173][  0]LogInit: High frequency timer resolution =3.515643 MHz
[2017.02.27-20.59.41:174][  0]LogMemory: Memory total: Physical=15.9GB (16GB approx)
[2017.02.27-20.59.41:174][  0]LogMemory: Platform Memory Stats for Windows
[2017.02.27-20.59.41:174][  0]LogMemory: Process Physical Memory: 256.29 MB used, 256.29 MB peak
[2017.02.27-20.59.41:174][  0]LogMemory: Process Virtual Memory: 259.84 MB used, 259.84 MB peak
[2017.02.27-20.59.41:174][  0]LogMemory: Physical Memory: 4397.76 MB used, 16298.84 MB total
[2017.02.27-20.59.41:174][  0]LogMemory: Virtual Memory: 622.95 MB used, 134217728.00 MB total
[2017.02.27-20.59.41:193][  0]LogTextLocalizationManager: No specific translations for ('en-AU') exist, so ('en') translations will be used.
[2017.02.27-20.59.41:678][  0]LogD3D11RHI: D3D11 adapters:
[2017.02.27-20.59.41:686][  0]LogD3D11RHI:    0. 'AMD Radeon(TM) R9 270' (Feature Level 11_0)
[2017.02.27-20.59.41:686][  0]LogD3D11RHI:       2030/0/8149 MB DedicatedVideo/DedicatedSystem/SharedSystem, Outputs:1, VendorId:0x1002
[2017.02.27-20.59.41:691][  0]LogD3D11RHI:    1. 'Intel(R) HD Graphics 4600' (Feature Level 11_0)
[2017.02.27-20.59.41:691][  0]LogD3D11RHI:       112/0/2048 MB DedicatedVideo/DedicatedSystem/SharedSystem, Outputs:0, VendorId:0x8086
[2017.02.27-20.59.41:692][  0]LogD3D11RHI:    2. 'Microsoft Basic Render Driver' (Feature Level 11_0)
[2017.02.27-20.59.41:692][  0]LogD3D11RHI:       0/0/8149 MB DedicatedVideo/DedicatedSystem/SharedSystem, Outputs:0, VendorId:0x1414
[2017.02.27-20.59.41:693][  0]LogD3D11RHI: Chosen D3D11 Adapter: 0
[2017.02.27-20.59.41:696][  0]LogD3D11RHI: Creating new Direct3DDevice
[2017.02.27-20.59.41:696][  0]LogD3D11RHI:     GPU DeviceId: 0x6811 (for the marketing name, search the web for "GPU Device Id")
[2017.02.27-20.59.41:696][  0]LogWindows: EnumDisplayDevices:
[2017.02.27-20.59.41:696][  0]LogWindows:    0. 'AMD Radeon(TM) R9 270' (P:1 D:1)
[2017.02.27-20.59.41:696][  0]LogWindows:    1. 'AMD Radeon(TM) R9 270' (P:0 D:0)
[2017.02.27-20.59.41:697][  0]LogWindows:    2. 'AMD Radeon(TM) R9 270' (P:0 D:0)
[2017.02.27-20.59.41:697][  0]LogWindows:    3. 'AMD Radeon(TM) R9 270' (P:0 D:0)
[2017.02.27-20.59.41:697][  0]LogWindows:    4. 'AMD Radeon(TM) R9 270' (P:0 D:0)
[2017.02.27-20.59.41:697][  0]LogWindows:    5. 'AMD Radeon(TM) R9 270' (P:0 D:0)
[2017.02.27-20.59.41:697][  0]LogWindows:    6. 'Intel(R) HD Graphics 4600' (P:0 D:0)
[2017.02.27-20.59.41:698][  0]LogWindows:    7. 'Intel(R) HD Graphics 4600' (P:0 D:0)
[2017.02.27-20.59.41:698][  0]LogWindows:    8. 'Intel(R) HD Graphics 4600' (P:0 D:0)
[2017.02.27-20.59.41:698][  0]LogWindows: DebugString: PrimaryIsNotTheChoosenAdapter PrimaryIsNotTheChoosenAdapter PrimaryIsNotTheChoosenAdapter FoundDriverCount:6 
[2017.02.27-20.59.41:698][  0]LogD3D11RHI:     Adapter Name: AMD Radeon(TM) R9 270
[2017.02.27-20.59.41:698][  0]LogD3D11RHI:   Driver Version: Crimson 15.11 (internal:15.301.1701.0, unified:15.301.1701.0)
[2017.02.27-20.59.41:698][  0]LogD3D11RHI:      Driver Date: 1-13-2016
[2017.02.27-20.59.41:698][  0]LogRHI: Texture pool is 1361 MB (70% of 1945 MB)
[2017.02.27-20.59.41:704][  0]LogD3D11RHI: Async texture creation enabled
[2017.02.27-20.59.41:716][  0]LogD3D11RHI: GPU Timing Frequency: 27.000000 (Debug: 2 1)
[2017.02.27-20.59.41:717][  0]LogShaderCompilers: Guid format shader working directory is -26 characters bigger than the processId version (../../../../../../Users/webbj/Documents/Unreal Projects/SavingInventory/Intermediate/Shaders/WorkingDirectory/11604/).
[2017.02.27-20.59.41:717][  0]LogShaderCompilers: Cleaned the shader compiler working directory 'C:/Users/webbj/AppData/Local/Temp/UnrealShaderWorkingDir/E90651924D1CEC50E4DF0EA82F78C1B3/'.
[2017.02.27-20.59.41:717][  0]LogShaderCompilers:Display: Using Local Shader Compiler.
[2017.02.27-20.59.42:562][  0]LogTemp:Display: Loaded TP AllDesktopTargetPlatform
[2017.02.27-20.59.42:568][  0]LogTemp:Display: Loaded TP WindowsClientTargetPlatform
[2017.02.27-20.59.42:575][  0]LogTemp:Display: Loaded TP WindowsNoEditorTargetPlatform
[2017.02.27-20.59.42:581][  0]LogTemp:Display: Loaded TP WindowsServerTargetPlatform
[2017.02.27-20.59.42:588][  0]LogTemp:Display: Loaded TP WindowsTargetPlatform
[2017.02.27-20.59.42:594][  0]LogTemp:Display: Loaded TP AndroidTargetPlatform
[2017.02.27-20.59.42:599][  0]LogTemp:Display: Loaded TP Android_ASTCTargetPlatform
[2017.02.27-20.59.42:605][  0]LogTemp:Display: Loaded TP Android_ATCTargetPlatform
[2017.02.27-20.59.42:611][  0]LogTemp:Display: Loaded TP Android_DXTTargetPlatform
[2017.02.27-20.59.42:616][  0]LogTemp:Display: Loaded TP Android_ETC1TargetPlatform
[2017.02.27-20.59.42:622][  0]LogTemp:Display: Loaded TP Android_ETC2TargetPlatform
[2017.02.27-20.59.42:632][  0]LogTemp:Display: Loaded TP Android_MultiTargetPlatform
[2017.02.27-20.59.42:632][  0]LogTemp:Display: Loaded TP Android_PVRTCTargetPlatform
[2017.02.27-20.59.42:633][  0]LogTemp:Display: Loaded TP HTML5TargetPlatform
[2017.02.27-20.59.42:651][  0]LogTemp:Display: Loaded TP IOSTargetPlatform
[2017.02.27-20.59.42:656][  0]LogTemp:Display: Loaded TP TVOSTargetPlatform
[2017.02.27-20.59.42:661][  0]LogTemp:Display: Loaded TP LinuxClientTargetPlatform
[2017.02.27-20.59.42:667][  0]LogTemp:Display: Loaded TP LinuxNoEditorTargetPlatform
[2017.02.27-20.59.42:672][  0]LogTemp:Display: Loaded TP LinuxServerTargetPlatform
[2017.02.27-20.59.42:677][  0]LogTemp:Display: Loaded TP LinuxTargetPlatform
[2017.02.27-20.59.42:677][  0]LogTargetPlatformManager:Display: Building Assets For Windows
[2017.02.27-20.59.42:737][  0]LogDerivedDataCache:Display: Max Cache Size: 512 MB
[2017.02.27-20.59.42:786][  0]LogDerivedDataCache: Loaded boot cache 0.05s 62MB C:/Users/webbj/AppData/Local/UnrealEngine/4.13/DerivedDataCache/Boot.ddc.
[2017.02.27-20.59.42:787][  0]LogDerivedDataCache:Display: Loaded Boot cache: C:/Users/webbj/AppData/Local/UnrealEngine/4.13/DerivedDataCache/Boot.ddc
[2017.02.27-20.59.42:787][  0]LogDerivedDataCache: FDerivedDataBackendGraph:  Pak pak cache file ../../../../../../Users/webbj/Documents/Unreal Projects/SavingInventory/DerivedDataCache/DDC.ddp not found, will not use a pak cache.
[2017.02.27-20.59.42:787][  0]LogDerivedDataCache: Unable to find inner node Pak for hierarchical cache Hierarchy.
[2017.02.27-20.59.42:787][  0]LogDerivedDataCache: FDerivedDataBackendGraph:  CompressedPak pak cache file ../../../../../../Users/webbj/Documents/Unreal Projects/SavingInventory/DerivedDataCache/Compressed.ddp not found, will not use a pak cache.
[2017.02.27-20.59.42:787][  0]LogDerivedDataCache: Unable to find inner node CompressedPak for hierarchical cache Hierarchy.
[2017.02.27-20.59.42:801][  0]LogDerivedDataCache:Display: Pak cache opened for reading ../../../Engine/DerivedDataCache/Compressed.ddp.
[2017.02.27-20.59.42:814][  0]LogDerivedDataCache: Using Local data cache path C:/Users/webbj/AppData/Local/UnrealEngine/Common/DerivedDataCache: Writable
[2017.02.27-20.59.42:977][  0]LogInit: Selected Device Profile: [Windows]
[2017.02.27-20.59.42:979][  0]LogContentStreaming: Texture pool size is 0.00 MB
[2017.02.27-20.59.43:055][  0]LogMeshUtilities: No automatic mesh reduction module available
[2017.02.27-20.59.43:055][  0]LogMeshUtilities: No automatic mesh merging module available
[2017.02.27-20.59.43:055][  0]LogMeshUtilities: No distributed automatic mesh merging module available
[2017.02.27-20.59.43:109][  0]LogMaterial: Uniform references updated for custom material expression Custom.
[2017.02.27-20.59.43:393][  0]LogNetVersion: GetLocalNetworkVersion: CL: 3106830, ProjectName: savinginventory, ProjectVersion: , EngineNetworkVersion: 1, GameNetworkVersion: 0, NetworkChecksum: 1071487255
[2017.02.27-20.59.43:427][  0]LogAssetRegistry: FAssetRegistry took 0.0218 seconds to start up
[2017.02.27-20.59.43:447][  0]LogPackageLocalizationCache: Processed 3 localized package path(s) for 2 prioritized culture(s) in 0.018532 seconds
[2017.02.27-20.59.43:452][  0]LogUObjectArray: 29778 objects as part of root set at end of initial load.
[2017.02.27-20.59.43:452][  0]LogUObjectAllocator: 6125448 out of 0 bytes used by permanent object pool.
[2017.02.27-20.59.43:452][  0]LogUObjectArray: CloseDisregardForGC: 0/0 objects in disregard for GC pool
[2017.02.27-20.59.43:457][  0]LogInit: WinSock: version 1.1 (2.2), MaxSocks=32767, MaxUdp=65467
[2017.02.27-20.59.43:627][  0]LogSlate: SlateFontCache - WITH_FREETYPE: 1, WITH_HARFBUZZ: 1
[2017.02.27-20.59.43:627][  0]LogSlate: SlateFontCache - WITH_FREETYPE: 1, WITH_HARFBUZZ: 1
[2017.02.27-20.59.44:153][  0]LogTcpMessaging: Initializing TcpMessaging bridge
[2017.02.27-20.59.44:173][  0]LogUdpMessaging: Initializing bridge on interface 0.0.0.0:0 to multicast group 230.0.0.1:6666.
[2017.02.27-20.59.44:409][  0]SourceControl: Info Source control is disabled
[2017.02.27-20.59.44:410][  0]SourceControl: Info Source control is disabled
[2017.02.27-20.59.44:419][  0]SourceControl: Info Source control is disabled
[2017.02.27-20.59.44:428][  0]SourceControl: Info Source control is disabled
[2017.02.27-20.59.44:716][  0]LogEngine: Initializing Engine...
[2017.02.27-20.59.44:717][  0]LogHMD: Failed to initialize OpenVR with code 110
[2017.02.27-20.59.44:826][  0]LogAIModule: Creating AISystem for world Untitled
[2017.02.27-20.59.44:834][  0]LogInit: XAudio2 using 'Speakers / Headphones (Realtek Audio)' : 2 channels at 48 kHz using 32 bits per sample (channel mask 0x3)
[2017.02.27-20.59.44:847][  0]LogInit: FAudioDevice initialized.
[2017.02.27-20.59.44:880][  0]LogDerivedDataCache: Saved boot cache 0.03s 62MB C:/Users/webbj/AppData/Local/UnrealEngine/4.13/DerivedDataCache/Boot.ddc.
[2017.02.27-20.59.44:886][  0]LogInit: Texture streaming: Enabled
[2017.02.27-20.59.44:906][  0]LogInit: Transaction tracking system initialized
[2017.02.27-20.59.44:925][  0]BlueprintLog: New page: Editor Load
[2017.02.27-20.59.44:983][  0]LocalizationService: Info Localization service is disabled
[2017.02.27-20.59.45:055][  0]LogConsoleResponse:Display: 
[2017.02.27-20.59.45:154][  0]LogCook:Display: Max memory allowance for cook 16384mb min free memory 0mb
[2017.02.27-20.59.45:154][  0]LogCook:Display: Mobile HDR setting 1
[2017.02.27-20.59.45:295][  0]LogFileCache: Scanning file cache for directory 'C:/Users/webbj/Documents/Unreal Projects/SavingInventory/Content/' took 0.02s
[2017.02.27-20.59.45:295][  0]SourceControl: Info Source control is disabled
[2017.02.27-20.59.45:296][  0]Cmd: MAP LOAD FILE="../../../../../../Users/webbj/Documents/Unreal Projects/SavingInventory/Content/ThirdPersonBP/Maps/ThirdPersonExampleMap.umap" TEMPLATE=0 SHOWPROGRESS=1 FEATURELEVEL=3
[2017.02.27-20.59.45:296][  0]LightingResults: New page: Lighting Build
[2017.02.27-20.59.45:298][  0]MapCheck: New page: Map Check
[2017.02.27-20.59.45:298][  0]LightingResults: New page: Lighting Build
[2017.02.27-20.59.45:925][  0]LogTexture:Display: Building textures: T_Blade_BlackKnight_Sword2_N (BC5)
[2017.02.27-20.59.46:664][  0]LogTexture:Display: Building textures: T_Blade_TAxe2_N (BC5)
[2017.02.27-20.59.46:698][  0]LogTexture:Display: Building textures: T_Blade_TAxe2_M (AutoDXT)
[2017.02.27-20.59.46:734][  0]LogTexture:Display: Building textures: T_Blade_TAxe2_D (AutoDXT)
[2017.02.27-20.59.46:892][  0]LogTexture:Display: Building textures: T_Blade_TAxe1_N (BC5)
[2017.02.27-20.59.46:922][  0]LogTexture:Display: Building textures: T_Blade_TAxe1_D (AutoDXT)
[2017.02.27-20.59.47:200][  0]LogMaterial: Missing cached shader map for material M_Blade_TAxe, compiling. 
[2017.02.27-20.59.47:480][  0]LogTexture:Display: Building textures: T_Blade_BlackKnight_Sword1_D (AutoDXT)
[2017.02.27-20.59.47:539][  0]LogTexture:Display: Building textures: T_Blade_BlackKnight_Sword2_D (AutoDXT)
[2017.02.27-20.59.47:595][  0]LogTexture:Display: Building textures: T_Blade_BlackKnight_Sword1_N (BC5)
[2017.02.27-20.59.47:602][  0]LogTexture:Display: Building textures: T_Blade_BlackKnight_Sword1_M (AutoDXT)
[2017.02.27-20.59.47:608][  0]LogTexture:Display: Building textures: T_Blade_BlackKnight_Sword2_M (AutoDXT)
[2017.02.27-20.59.47:618][  0]LogMaterial: Missing cached shader map for material M_Blade_BlackKnight, compiling. 
[2017.02.27-20.59.47:837][  0]LogTexture:Display: Building textures: HQ_Lightmap2_1 (AutoDXT)
[2017.02.27-20.59.47:994][  0]LogTexture:Display: Building textures: HQ_Lightmap2_2 (AutoDXT)
[2017.02.27-20.59.48:084][  0]LogTexture:Display: Building textures: HQ_Lightmap2_3 (AutoDXT)
[2017.02.27-20.59.48:105][  0]LogTexture:Display: Building textures: HQ_Lightmap2_4 (AutoDXT)
[2017.02.27-20.59.48:129][  0]LogTexture:Display: Building textures: HQ_Lightmap2_5 (AutoDXT)
[2017.02.27-20.59.48:150][  0]LogTexture:Display: Building textures: HQ_Lightmap2_6 (AutoDXT)
[2017.02.27-20.59.48:161][  0]LogTexture:Display: Building textures: LQ_Lightmap_0_1 (DXT1)
[2017.02.27-20.59.48:234][  0]LogTexture:Display: Building textures: LQ_Lightmap_0_2 (DXT1)
[2017.02.27-20.59.48:283][  0]LogTexture:Display: Building textures: LQ_Lightmap_0_3 (DXT1)
[2017.02.27-20.59.48:297][  0]LogTexture:Display: Building textures: LQ_Lightmap_0_4 (DXT1)
[2017.02.27-20.59.48:311][  0]LogTexture:Display: Building textures: LQ_Lightmap_0_5 (DXT1)
[2017.02.27-20.59.48:324][  0]LogTexture:Display: Building textures: LQ_Lightmap_0_6 (DXT1)
[2017.02.27-20.59.48:335][  0]LogTexture:Display: Building textures: SkyOcclusion0_1 (AutoDXT)
[2017.02.27-20.59.48:415][  0]LogTexture:Display: Building textures: SkyOcclusion0_2 (AutoDXT)
[2017.02.27-20.59.48:457][  0]LogTexture:Display: Building textures: SkyOcclusion0_3 (AutoDXT)
[2017.02.27-20.59.48:475][  0]LogTexture:Display: Building textures: SkyOcclusion0_4 (AutoDXT)
[2017.02.27-20.59.48:489][  0]LogTexture:Display: Building textures: SkyOcclusion0_5 (AutoDXT)
[2017.02.27-20.59.48:508][  0]LogTexture:Display: Building textures: SkyOcclusion0_6 (AutoDXT)
[2017.02.27-20.59.48:512][  0]LogTexture:Display: Building textures: ShadowMapTexture2D_12 (G8)
[2017.02.27-20.59.48:533][  0]LogTexture:Display: Building textures: ShadowMapTexture2D_13 (G8)
[2017.02.27-20.59.48:553][  0]LogTexture:Display: Building textures: ShadowMapTexture2D_14 (G8)
[2017.02.27-20.59.48:558][  0]LogTexture:Display: Building textures: ShadowMapTexture2D_15 (G8)
[2017.02.27-20.59.48:563][  0]LogTexture:Display: Building textures: ShadowMapTexture2D_16 (G8)
[2017.02.27-20.59.48:567][  0]LogTexture:Display: Building textures: ShadowMapTexture2D_17 (G8)
[2017.02.27-20.59.48:778][  0]LogAIModule: Creating AISystem for world ThirdPersonExampleMap
[2017.02.27-20.59.49:053][  0]LogEditorServer: Finished looking for orphan Actors (0.000 secs)
[2017.02.27-20.59.49:054][  0]Cmd: MAP CHECKDEP NOCLEARLOG
[2017.02.27-20.59.49:128][  0]MapCheck: Info Map check complete: 0 Error(s), 0 Warning(s), took 74.514ms to complete.
[2017.02.27-20.59.49:128][  0]LogFileHelpers: Loading map 'ThirdPersonExampleMap' took 3.833
[2017.02.27-20.59.49:369][  0]LogCollectionManager: Loaded 0 collections in 0.002541 seconds
[2017.02.27-20.59.49:412][  0]LogFileCache: Scanning file cache for directory 'C:/Users/webbj/Documents/Unreal Projects/SavingInventory/Saved/Collections/' took 0.01s
[2017.02.27-20.59.49:412][  0]LogFileCache: Scanning file cache for directory 'C:/Users/webbj/Documents/Unreal Projects/SavingInventory/Content/Developers/webbj/Collections/' took 0.01s
[2017.02.27-20.59.49:412][  0]LogFileCache: Scanning file cache for directory 'C:/Users/webbj/Documents/Unreal Projects/SavingInventory/Content/Collections/' took 0.01s
[2017.02.27-20.59.49:412][  0]LogCollectionManager: Rebuilt the GUID cache for 0 collections in 0.000003 seconds
[2017.02.27-20.59.49:424][  0]LogContentBrowser: Native class hierarchy populated in 0.0121 seconds. Added 2141 classes and 415 folders.
[2017.02.27-20.59.49:428][  0]LogStats: UGameplayTagsManager::ConstructGameplayTagTree: Construct from data asset -  0.000 s
[2017.02.27-20.59.49:428][  0]LogStats: UGameplayTagsManager::ConstructGameplayTagTree: GameplayTagTreeChangedEvent.Broadcast -  0.000 s
[2017.02.27-20.59.49:429][  0]LogContentBrowser: Native class hierarchy updated for 'GameplayTags' in 0.0007 seconds. Added 12 classes and 0 folders.
[2017.02.27-20.59.49:435][  0]LogContentBrowser: Native class hierarchy updated for 'WidgetCarousel' in 0.0004 seconds. Added 0 classes and 0 folders.
[2017.02.27-20.59.51:569][  0]LogContentBrowser: Native class hierarchy updated for 'AddContentDialog' in 0.0006 seconds. Added 0 classes and 0 folders.
[2017.02.27-20.59.51:577][  0]LogContentBrowser: Native class hierarchy updated for 'SceneOutliner' in 0.0007 seconds. Added 1 classes and 2 folders.
[2017.02.27-20.59.51:591][  0]LogCrashTracker: Crashtracker disabled due to settings.
[2017.02.27-20.59.51:617][  0]LogUObjectGlobals:Warning: Failed to find object 'Class None.'
[2017.02.27-20.59.51:646][  0]LogContentBrowser: Native class hierarchy updated for 'HierarchicalLODOutliner' in 0.0007 seconds. Added 1 classes and 2 folders.
[2017.02.27-20.59.51:646][  0]LogLoad: (Engine Initialization) Total time: 11.32 seconds
[2017.02.27-20.59.51:646][  0]LogLoad: (Engine Initialization) Total Blueprint compile time: 0.17 seconds
[2017.02.27-20.59.51:646][  0]LogExternalProfiler: No external profilers were discovered.  External profiling features will not be available.
[2017.02.27-20.59.51:655][  0]LogWindowsTextInputMethodSystem:Display: IME system now deactivated.
[2017.02.27-20.59.51:656][  0]LogOcInput: OculusInput pre-init called
[2017.02.27-20.59.51:675][  0]LogContentStreaming: Texture pool size now 1000 MB
[2017.02.27-20.59.52:120][  0]LogRenderer: Reallocating scene render targets to support 1208x576 (Frame:2).
[2017.02.27-20.59.57:835][563]LogCollectionManager: Rebuilt the object cache for 0 collections in 0.000001 seconds (found 0 objects)
[2017.02.27-21.00.00:479][684]LogAssetRegistry: Asset discovery search completed in 17.0738 seconds
[2017.02.27-21.00.00:479][684]LogCollectionManager: Fixed up redirectors for 0 collections in 0.000006 seconds (updated 0 objects)
[2017.02.27-21.00.09:642][195]LogContentBrowser: Native class hierarchy updated for 'BlueprintGraph' in 0.0007 seconds. Added 112 classes and 0 folders.
[2017.02.27-21.04.43:914][780]BlueprintLog: New page: Compile InventoryHUD
[2017.02.27-21.04.44:813][849]Cmd: OBJ SAVEPACKAGE PACKAGE="/Game/HUDs/InventoryHUD" FILE="../../../../../../Users/webbj/Documents/Unreal Projects/SavingInventory/Content/HUDs/InventoryHUD.uasset" SILENT=true
[2017.02.27-21.04.44:841][849]LogSavePackage: Save=20.62ms
[2017.02.27-21.04.44:841][849]LogSavePackage: Moving '../../../../../../Users/webbj/Documents/Unreal Projects/SavingInventory/Saved/InventoryHUDE99F21264407BDAD4D6ABC8554CD276F.tmp' to '../../../../../../Users/webbj/Documents/Unreal Projects/SavingInventory/Content/HUDs/InventoryHUD.uasset'
[2017.02.27-21.04.44:843][849]LogSavePackage:Display: Finished SavePackage ../../../../../../Users/webbj/Documents/Unreal Projects/SavingInventory/Content/HUDs/InventoryHUD.uasset
[2017.02.27-21.05.03:612][742]Cmd: OBJ SAVEPACKAGE PACKAGE="/Game/HUDs/InventoryHUD" FILE="../../../../../../Users/webbj/Documents/Unreal Projects/SavingInventory/Content/HUDs/InventoryHUD.uasset" SILENT=true
[2017.02.27-21.05.03:630][742]LogSavePackage: Save=12.36ms
[2017.02.27-21.05.03:630][742]LogSavePackage: Moving '../../../../../../Users/webbj/Documents/Unreal Projects/SavingInventory/Saved/InventoryHUD05FB2F19466FB4942122A4A70CD339E5.tmp' to '../../../../../../Users/webbj/Documents/Unreal Projects/SavingInventory/Content/HUDs/InventoryHUD.uasset'
[2017.02.27-21.05.03:632][742]LogSavePackage:Display: Finished SavePackage ../../../../../../Users/webbj/Documents/Unreal Projects/SavingInventory/Content/HUDs/InventoryHUD.uasset
[2017.02.27-21.05.46:400][817]LogBlueprintUserMessages: Early PlayInEditor Detection: Level '/Game/ThirdPersonBP/Maps/ThirdPersonExampleMap.ThirdPersonExampleMap:PersistentLevel' has LevelScriptBlueprint '/Game/ThirdPersonBP/Maps/ThirdPersonExampleMap.ThirdPersonExampleMap:PersistentLevel.ThirdPersonExampleMap' with GeneratedClass '/Game/ThirdPersonBP/Maps/ThirdPersonExampleMap.ThirdPersonExampleMap_C' with ClassGeneratedBy '/Game/ThirdPersonBP/Maps/ThirdPersonExampleMap.ThirdPersonExampleMap:PersistentLevel.ThirdPersonExampleMap'
[2017.02.27-21.05.46:400][817]LogPlayLevel: PlayLevel: No blueprints needed recompiling
[2017.02.27-21.05.46:424][817]PIE: New page: PIE session: ThirdPersonExampleMap (28 Feb 2017 6:05:46 pm)
[2017.02.27-21.05.46:424][817]LogPlayLevel: Creating play world package: /Game/ThirdPersonBP/Maps/UEDPIE_0_ThirdPersonExampleMap
[2017.02.27-21.05.46:448][817]LogPlayLevel: PIE: StaticDuplicateObject took: (0.023655s)
[2017.02.27-21.05.46:449][817]LogAIModule: Creating AISystem for world ThirdPersonExampleMap
[2017.02.27-21.05.46:449][817]LogPlayLevel: PIE: World Init took: (0.001046s)
[2017.02.27-21.05.46:449][817]LogPlayLevel: PIE: Created PIE world by copying editor world from /Game/ThirdPersonBP/Maps/ThirdPersonExampleMap.ThirdPersonExampleMap to /Game/ThirdPersonBP/Maps/UEDPIE_0_ThirdPersonExampleMap.ThirdPersonExampleMap (0.024974s)
[2017.02.27-21.05.46:465][817]LogInit: XAudio2 using 'Speakers / Headphones (Realtek Audio)' : 2 channels at 48 kHz using 32 bits per sample (channel mask 0x3)
[2017.02.27-21.05.46:477][817]LogInit: FAudioDevice initialized.
[2017.02.27-21.05.46:542][817]LogWorld: Game class is 'ThirdPersonGameMode_C'
[2017.02.27-21.05.46:553][817]LogWorld: Bringing World /Game/ThirdPersonBP/Maps/UEDPIE_0_ThirdPersonExampleMap.ThirdPersonExampleMap up for play (max tick rate 0) at 2017.02.28-08.05.46
[2017.02.27-21.05.46:554][817]LogWorld: Bringing up level for play took: 0.010186
[2017.02.27-21.05.46:576][817]LogContentBrowser: Native class hierarchy updated for 'MovieSceneCapture' in 0.0012 seconds. Added 11 classes and 0 folders.
[2017.02.27-21.05.46:576][817]LogGameMode:Display: Match State Changed from EnteringMap to WaitingToStart
[2017.02.27-21.05.46:576][817]LogGameState: Match State Changed from EnteringMap to WaitingToStart
[2017.02.27-21.05.46:576][817]LogGameMode:Display: Match State Changed from WaitingToStart to InProgress
[2017.02.27-21.05.46:600][817]LogBlueprintUserMessages: [SwordPickup_C_0] Press T to pick up
[2017.02.27-21.05.46:602][817]LogGameState: Match State Changed from WaitingToStart to InProgress
[2017.02.27-21.05.46:608][817]PIE: Info Play in editor start time for /Game/ThirdPersonBP/Maps/UEDPIE_0_ThirdPersonExampleMap 0.466
[2017.02.27-21.05.46:609][817]LogBlueprintUserMessages: Late PlayInEditor Detection: Level '/Game/ThirdPersonBP/Maps/ThirdPersonExampleMap.ThirdPersonExampleMap:PersistentLevel' has LevelScriptBlueprint '/Game/ThirdPersonBP/Maps/ThirdPersonExampleMap.ThirdPersonExampleMap:PersistentLevel.ThirdPersonExampleMap' with GeneratedClass '/Game/ThirdPersonBP/Maps/ThirdPersonExampleMap.ThirdPersonExampleMap_C' with ClassGeneratedBy '/Game/ThirdPersonBP/Maps/ThirdPersonExampleMap.ThirdPersonExampleMap:PersistentLevel.ThirdPersonExampleMap'
[2017.02.27-21.05.46:706][817]LogRenderer: Reallocating scene render targets to support 1292x756 (Frame:25085).
[2017.02.27-21.05.48:382][968]LogBlueprintUserMessages: [ThirdPersonCharacter_167] Press Q to drop weapon
[2017.02.27-21.05.49:643][ 92]LogBlueprintUserMessages: Early EndPlayMap Detection: Level '/Game/ThirdPersonBP/Maps/ThirdPersonExampleMap.ThirdPersonExampleMap:PersistentLevel' has LevelScriptBlueprint '/Game/ThirdPersonBP/Maps/ThirdPersonExampleMap.ThirdPersonExampleMap:PersistentLevel.ThirdPersonExampleMap' with GeneratedClass '/Game/ThirdPersonBP/Maps/ThirdPersonExampleMap.ThirdPersonExampleMap_C' with ClassGeneratedBy '/Game/ThirdPersonBP/Maps/ThirdPersonExampleMap.ThirdPersonExampleMap:PersistentLevel.ThirdPersonExampleMap'
[2017.02.27-21.05.49:695][ 92]LogBlueprintUserMessages: Late EndPlayMap Detection: Level '/Game/ThirdPersonBP/Maps/ThirdPersonExampleMap.ThirdPersonExampleMap:PersistentLevel' has LevelScriptBlueprint '/Game/ThirdPersonBP/Maps/ThirdPersonExampleMap.ThirdPersonExampleMap:PersistentLevel.ThirdPersonExampleMap' with GeneratedClass '/Game/ThirdPersonBP/Maps/ThirdPersonExampleMap.ThirdPersonExampleMap_C' with ClassGeneratedBy '/Game/ThirdPersonBP/Maps/ThirdPersonExampleMap.ThirdPersonExampleMap:PersistentLevel.ThirdPersonExampleMap'
[2017.02.27-21.06.23:257][954]BlueprintLog: New page: Compile InventoryHUD
[2017.02.27-21.06.50:696][226]LogUObjectHash:Warning: Ambiguous search, could be CanvasPanel /Game/HUDs/InventoryHUD.InventoryHUD:WidgetTree.CanvasPanel_0 or CanvasPanel /Game/HUDs/InventoryHUD.InventoryHUD_C:WidgetTree.CanvasPanel_0
[2017.02.27-21.06.50:696][226]LogUObjectHash:Warning: Ambiguous search, could be CanvasPanel /Game/HUDs/InventoryHUD.InventoryHUD:WidgetTree.CanvasPanel_0 or CanvasPanel /Engine/Transient.REINST_InventoryHUD_C_10:WidgetTree.CanvasPanel_0
[2017.02.27-21.06.50:696][226]LogUObjectHash:Warning: Ambiguous search, could be CanvasPanel /Game/HUDs/InventoryHUD.InventoryHUD:WidgetTree.CanvasPanel_0 or CanvasPanel /Engine/Transient.World_4:InventoryHUD_C_2.WidgetTree.CanvasPanel_0
[2017.02.27-21.06.50:696][226]LogUObjectHash:Warning: Ambiguous search, could be CanvasPanel /Game/HUDs/InventoryHUD.InventoryHUD:WidgetTree.CanvasPanel_0 or CanvasPanel /Engine/Transient.World_4:InventoryHUD_C_9.WidgetTree.CanvasPanel_0
[2017.02.27-21.06.50:696][226]LogUObjectHash:Warning: Ambiguous search, could be CanvasPanel /Game/HUDs/InventoryHUD.InventoryHUD:WidgetTree.CanvasPanel_0 or CanvasPanel /Engine/Transient.World_4:InventoryHUD_C_4.WidgetTree.CanvasPanel_0
[2017.02.27-21.06.50:696][226]LogUObjectHash:Warning: Ambiguous search, could be CanvasPanel /Game/HUDs/InventoryHUD.InventoryHUD:WidgetTree.CanvasPanel_0 or CanvasPanel /Engine/Transient.World_4:InventoryHUD_C_5.WidgetTree.CanvasPanel_0
[2017.02.27-21.06.50:696][226]LogUObjectHash:Warning: Ambiguous search, could be CanvasPanel /Game/HUDs/InventoryHUD.InventoryHUD:WidgetTree.CanvasPanel_0 or CanvasPanel /Engine/Transient.World_4:InventoryHUD_C_0.WidgetTree.CanvasPanel_0
[2017.02.27-21.06.50:696][226]LogUObjectHash:Warning: Ambiguous search, could be CanvasPanel /Game/HUDs/InventoryHUD.InventoryHUD:WidgetTree.CanvasPanel_0 or CanvasPanel /Engine/Transient.World_4:InventoryHUD_C_7.WidgetTree.CanvasPanel_0
[2017.02.27-21.06.50:696][226]LogUObjectHash:Warning: Ambiguous search, could be CanvasPanel /Game/HUDs/InventoryHUD.InventoryHUD:WidgetTree.CanvasPanel_0 or CanvasPanel /Engine/Transient.World_4:InventoryHUD_C_8.WidgetTree.CanvasPanel_0
[2017.02.27-21.06.50:696][226]LogUObjectHash:Warning: Ambiguous search, could be CanvasPanel /Game/HUDs/InventoryHUD.InventoryHUD:WidgetTree.CanvasPanel_0 or CanvasPanel /Engine/Transient.REINST_InventoryHUD_C_8:WidgetTree.CanvasPanel_0
[2017.02.27-21.06.50:696][226]LogProperty:Warning: Illegal TEXT reference to a private object in external package (CanvasPanelSlot /Game/HUDs/InventoryHUD.InventoryHUD:WidgetTree.CanvasPanel_0.CanvasPanelSlot_2) from referencer (TextBlock /Engine/UMG/Editor/Transient.TextBlock_229).  Import failed...
[2017.02.27-21.06.50:696][226]LogProperty:Warning: ObjectProperty /Script/UMG.Widget:Slot: unresolved reference to 'CanvasPanelSlot'CanvasPanel_0.CanvasPanelSlot_2''
[2017.02.27-21.12.09:048][187]BlueprintLog: New page: Compile InventoryHUD
[2017.02.27-21.12.09:634][243]Cmd: OBJ SAVEPACKAGE PACKAGE="/Game/HUDs/InventoryHUD" FILE="../../../../../../Users/webbj/Documents/Unreal Projects/SavingInventory/Content/HUDs/InventoryHUD.uasset" SILENT=true
[2017.02.27-21.12.09:657][243]LogSavePackage: Save=16.47ms
[2017.02.27-21.12.09:657][243]LogSavePackage: Moving '../../../../../../Users/webbj/Documents/Unreal Projects/SavingInventory/Saved/InventoryHUD24F207644F994C21A78870856A6ED037.tmp' to '../../../../../../Users/webbj/Documents/Unreal Projects/SavingInventory/Content/HUDs/InventoryHUD.uasset'
[2017.02.27-21.12.09:659][243]LogSavePackage:Display: Finished SavePackage ../../../../../../Users/webbj/Documents/Unreal Projects/SavingInventory/Content/HUDs/InventoryHUD.uasset
[2017.02.27-21.12.36:399][433]BlueprintLog: New page: Compile InventoryHUD
[2017.02.27-21.12.36:955][487]Cmd: OBJ SAVEPACKAGE PACKAGE="/Game/HUDs/InventoryHUD" FILE="../../../../../../Users/webbj/Documents/Unreal Projects/SavingInventory/Content/HUDs/InventoryHUD.uasset" SILENT=true
[2017.02.27-21.12.36:976][487]LogSavePackage: Save=15.00ms
[2017.02.27-21.12.36:976][487]LogSavePackage: Moving '../../../../../../Users/webbj/Documents/Unreal Projects/SavingInventory/Saved/InventoryHUDE6D5E9674EBBEC24154A81974861F58D.tmp' to '../../../../../../Users/webbj/Documents/Unreal Projects/SavingInventory/Content/HUDs/InventoryHUD.uasset'
[2017.02.27-21.12.36:979][487]LogSavePackage:Display: Finished SavePackage ../../../../../../Users/webbj/Documents/Unreal Projects/SavingInventory/Content/HUDs/InventoryHUD.uasset
[2017.02.27-21.12.39:085][734]LogBlueprintUserMessages: Early PlayInEditor Detection: Level '/Game/ThirdPersonBP/Maps/ThirdPersonExampleMap.ThirdPersonExampleMap:PersistentLevel' has LevelScriptBlueprint '/Game/ThirdPersonBP/Maps/ThirdPersonExampleMap.ThirdPersonExampleMap:PersistentLevel.ThirdPersonExampleMap' with GeneratedClass '/Game/ThirdPersonBP/Maps/ThirdPersonExampleMap.ThirdPersonExampleMap_C' with ClassGeneratedBy '/Game/ThirdPersonBP/Maps/ThirdPersonExampleMap.ThirdPersonExampleMap:PersistentLevel.ThirdPersonExampleMap'
[2017.02.27-21.12.39:085][734]LogPlayLevel: PlayLevel: No blueprints needed recompiling
[2017.02.27-21.12.39:085][734]PIE: New page: PIE session: ThirdPersonExampleMap (28 Feb 2017 6:12:39 pm)
[2017.02.27-21.12.39:085][734]LogPlayLevel: Creating play world package: /Game/ThirdPersonBP/Maps/UEDPIE_0_ThirdPersonExampleMap
[2017.02.27-21.12.39:108][734]LogPlayLevel: PIE: StaticDuplicateObject took: (0.022289s)
[2017.02.27-21.12.39:109][734]LogAIModule: Creating AISystem for world ThirdPersonExampleMap
[2017.02.27-21.12.39:110][734]LogPlayLevel: PIE: World Init took: (0.001825s)
[2017.02.27-21.12.39:110][734]LogPlayLevel: PIE: Created PIE world by copying editor world from /Game/ThirdPersonBP/Maps/ThirdPersonExampleMap.ThirdPersonExampleMap to /Game/ThirdPersonBP/Maps/UEDPIE_0_ThirdPersonExampleMap.ThirdPersonExampleMap (0.024368s)
[2017.02.27-21.12.39:125][734]LogInit: XAudio2 using 'Speakers / Headphones (Realtek Audio)' : 2 channels at 48 kHz using 32 bits per sample (channel mask 0x3)
[2017.02.27-21.12.39:137][734]LogInit: FAudioDevice initialized.
[2017.02.27-21.12.39:178][734]LogWorld: Game class is 'ThirdPersonGameMode_C'
[2017.02.27-21.12.39:183][734]LogWorld: Bringing World /Game/ThirdPersonBP/Maps/UEDPIE_0_ThirdPersonExampleMap.ThirdPersonExampleMap up for play (max tick rate 0) at 2017.02.28-08.12.39
[2017.02.27-21.12.39:183][734]LogWorld: Bringing up level for play took: 0.003640
[2017.02.27-21.12.39:184][734]LogGameMode:Display: Match State Changed from EnteringMap to WaitingToStart
[2017.02.27-21.12.39:184][734]LogGameState: Match State Changed from EnteringMap to WaitingToStart
[2017.02.27-21.12.39:184][734]LogGameMode:Display: Match State Changed from WaitingToStart to InProgress
[2017.02.27-21.12.39:185][734]LogBlueprintUserMessages: [SwordPickup_C_0] Press T to pick up
[2017.02.27-21.12.39:185][734]LogGameState: Match State Changed from WaitingToStart to InProgress
[2017.02.27-21.12.39:189][734]PIE: Info Play in editor start time for /Game/ThirdPersonBP/Maps/UEDPIE_0_ThirdPersonExampleMap -0.827
[2017.02.27-21.12.39:189][734]LogBlueprintUserMessages: Late PlayInEditor Detection: Level '/Game/ThirdPersonBP/Maps/ThirdPersonExampleMap.ThirdPersonExampleMap:PersistentLevel' has LevelScriptBlueprint '/Game/ThirdPersonBP/Maps/ThirdPersonExampleMap.ThirdPersonExampleMap:PersistentLevel.ThirdPersonExampleMap' with GeneratedClass '/Game/ThirdPersonBP/Maps/ThirdPersonExampleMap.ThirdPersonExampleMap_C' with ClassGeneratedBy '/Game/ThirdPersonBP/Maps/ThirdPersonExampleMap.ThirdPersonExampleMap:PersistentLevel.ThirdPersonExampleMap'
[2017.02.27-21.12.41:075][912]LogBlueprintUserMessages: [ThirdPersonCharacter_167] Press Q to drop weapon
[2017.02.27-21.12.43:080][118]LogBlueprintUserMessages: [ThirdPersonCharacter_167] Press Q to drop weapon
[2017.02.27-21.12.43:191][130]LogBlueprintUserMessages: Early EndPlayMap Detection: Level '/Game/ThirdPersonBP/Maps/ThirdPersonExampleMap.ThirdPersonExampleMap:PersistentLevel' has LevelScriptBlueprint '/Game/ThirdPersonBP/Maps/ThirdPersonExampleMap.ThirdPersonExampleMap:PersistentLevel.ThirdPersonExampleMap' with GeneratedClass '/Game/ThirdPersonBP/Maps/ThirdPersonExampleMap.ThirdPersonExampleMap_C' with ClassGeneratedBy '/Game/ThirdPersonBP/Maps/ThirdPersonExampleMap.ThirdPersonExampleMap:PersistentLevel.ThirdPersonExampleMap'
[2017.02.27-21.12.43:232][130]LogBlueprintUserMessages: Late EndPlayMap Detection: Level '/Game/ThirdPersonBP/Maps/ThirdPersonExampleMap.ThirdPersonExampleMap:PersistentLevel' has LevelScriptBlueprint '/Game/ThirdPersonBP/Maps/ThirdPersonExampleMap.ThirdPersonExampleMap:PersistentLevel.ThirdPersonExampleMap' with GeneratedClass '/Game/ThirdPersonBP/Maps/ThirdPersonExampleMap.ThirdPersonExampleMap_C' with ClassGeneratedBy '/Game/ThirdPersonBP/Maps/ThirdPersonExampleMap.ThirdPersonExampleMap:PersistentLevel.ThirdPersonExampleMap'
[2017.02.27-21.13.49:472][896]BlueprintLog: New page: Compile InventoryHUD
[2017.02.27-21.13.50:035][949]Cmd: OBJ SAVEPACKAGE PACKAGE="/Game/HUDs/InventoryHUD" FILE="../../../../../../Users/webbj/Documents/Unreal Projects/SavingInventory/Content/HUDs/InventoryHUD.uasset" SILENT=true
[2017.02.27-21.13.50:057][949]LogSavePackage: Save=15.52ms
[2017.02.27-21.13.50:057][949]LogSavePackage: Moving '../../../../../../Users/webbj/Documents/Unreal Projects/SavingInventory/Saved/InventoryHUDC382443A452A8C3F6C5164B468FC704C.tmp' to '../../../../../../Users/webbj/Documents/Unreal Projects/SavingInventory/Content/HUDs/InventoryHUD.uasset'
[2017.02.27-21.13.50:059][949]LogSavePackage:Display: Finished SavePackage ../../../../../../Users/webbj/Documents/Unreal Projects/SavingInventory/Content/HUDs/InventoryHUD.uasset
[2017.02.27-21.13.52:738][264]LogBlueprintUserMessages: Early PlayInEditor Detection: Level '/Game/ThirdPersonBP/Maps/ThirdPersonExampleMap.ThirdPersonExampleMap:PersistentLevel' has LevelScriptBlueprint '/Game/ThirdPersonBP/Maps/ThirdPersonExampleMap.ThirdPersonExampleMap:PersistentLevel.ThirdPersonExampleMap' with GeneratedClass '/Game/ThirdPersonBP/Maps/ThirdPersonExampleMap.ThirdPersonExampleMap_C' with ClassGeneratedBy '/Game/ThirdPersonBP/Maps/ThirdPersonExampleMap.ThirdPersonExampleMap:PersistentLevel.ThirdPersonExampleMap'
[2017.02.27-21.13.52:738][264]LogPlayLevel: PlayLevel: No blueprints needed recompiling
[2017.02.27-21.13.52:738][264]PIE: New page: PIE session: ThirdPersonExampleMap (28 Feb 2017 6:13:52 pm)
[2017.02.27-21.13.52:738][264]LogPlayLevel: Creating play world package: /Game/ThirdPersonBP/Maps/UEDPIE_0_ThirdPersonExampleMap
[2017.02.27-21.13.52:758][264]LogPlayLevel: PIE: StaticDuplicateObject took: (0.020102s)
[2017.02.27-21.13.52:759][264]LogAIModule: Creating AISystem for world ThirdPersonExampleMap
[2017.02.27-21.13.52:760][264]LogPlayLevel: PIE: World Init took: (0.001576s)
[2017.02.27-21.13.52:760][264]LogPlayLevel: PIE: Created PIE world by copying editor world from /Game/ThirdPersonBP/Maps/ThirdPersonExampleMap.ThirdPersonExampleMap to /Game/ThirdPersonBP/Maps/UEDPIE_0_ThirdPersonExampleMap.ThirdPersonExampleMap (0.022045s)
[2017.02.27-21.13.52:775][264]LogInit: XAudio2 using 'Speakers / Headphones (Realtek Audio)' : 2 channels at 48 kHz using 32 bits per sample (channel mask 0x3)
[2017.02.27-21.13.52:786][264]LogInit: FAudioDevice initialized.
[2017.02.27-21.13.52:831][264]LogWorld: Game class is 'ThirdPersonGameMode_C'
[2017.02.27-21.13.52:839][264]LogWorld: Bringing World /Game/ThirdPersonBP/Maps/UEDPIE_0_ThirdPersonExampleMap.ThirdPersonExampleMap up for play (max tick rate 0) at 2017.02.28-08.13.52
[2017.02.27-21.13.52:840][264]LogWorld: Bringing up level for play took: 0.007181
[2017.02.27-21.13.52:841][264]LogGameMode:Display: Match State Changed from EnteringMap to WaitingToStart
[2017.02.27-21.13.52:841][264]LogGameState: Match State Changed from EnteringMap to WaitingToStart
[2017.02.27-21.13.52:841][264]LogGameMode:Display: Match State Changed from WaitingToStart to InProgress
[2017.02.27-21.13.52:842][264]LogBlueprintUserMessages: [SwordPickup_C_0] Press T to pick up
[2017.02.27-21.13.52:855][264]LogGameState: Match State Changed from WaitingToStart to InProgress
[2017.02.27-21.13.52:860][264]PIE: Info Play in editor start time for /Game/ThirdPersonBP/Maps/UEDPIE_0_ThirdPersonExampleMap 0.847
[2017.02.27-21.13.52:861][264]LogBlueprintUserMessages: Late PlayInEditor Detection: Level '/Game/ThirdPersonBP/Maps/ThirdPersonExampleMap.ThirdPersonExampleMap:PersistentLevel' has LevelScriptBlueprint '/Game/ThirdPersonBP/Maps/ThirdPersonExampleMap.ThirdPersonExampleMap:PersistentLevel.ThirdPersonExampleMap' with GeneratedClass '/Game/ThirdPersonBP/Maps/ThirdPersonExampleMap.ThirdPersonExampleMap_C' with ClassGeneratedBy '/Game/ThirdPersonBP/Maps/ThirdPersonExampleMap.ThirdPersonExampleMap:PersistentLevel.ThirdPersonExampleMap'
[2017.02.27-21.13.54:724][441]LogBlueprintUserMessages: [ThirdPersonCharacter_167] Press Q to drop weapon
[2017.02.27-21.13.54:873][456]LogBlueprintUserMessages: Early EndPlayMap Detection: Level '/Game/ThirdPersonBP/Maps/ThirdPersonExampleMap.ThirdPersonExampleMap:PersistentLevel' has LevelScriptBlueprint '/Game/ThirdPersonBP/Maps/ThirdPersonExampleMap.ThirdPersonExampleMap:PersistentLevel.ThirdPersonExampleMap' with GeneratedClass '/Game/ThirdPersonBP/Maps/ThirdPersonExampleMap.ThirdPersonExampleMap_C' with ClassGeneratedBy '/Game/ThirdPersonBP/Maps/ThirdPersonExampleMap.ThirdPersonExampleMap:PersistentLevel.ThirdPersonExampleMap'
[2017.02.27-21.13.54:913][456]LogBlueprintUserMessages: Late EndPlayMap Detection: Level '/Game/ThirdPersonBP/Maps/ThirdPersonExampleMap.ThirdPersonExampleMap:PersistentLevel' has LevelScriptBlueprint '/Game/ThirdPersonBP/Maps/ThirdPersonExampleMap.ThirdPersonExampleMap:PersistentLevel.ThirdPersonExampleMap' with GeneratedClass '/Game/ThirdPersonBP/Maps/ThirdPersonExampleMap.ThirdPersonExampleMap_C' with ClassGeneratedBy '/Game/ThirdPersonBP/Maps/ThirdPersonExampleMap.ThirdPersonExampleMap:PersistentLevel.ThirdPersonExampleMap'
[2017.02.27-21.14.03:752][498]BlueprintLog: New page: Compile InventoryHUD
[2017.02.27-21.14.05:803][725]LogBlueprintUserMessages: Early PlayInEditor Detection: Level '/Game/ThirdPersonBP/Maps/ThirdPersonExampleMap.ThirdPersonExampleMap:PersistentLevel' has LevelScriptBlueprint '/Game/ThirdPersonBP/Maps/ThirdPersonExampleMap.ThirdPersonExampleMap:PersistentLevel.ThirdPersonExampleMap' with GeneratedClass '/Game/ThirdPersonBP/Maps/ThirdPersonExampleMap.ThirdPersonExampleMap_C' with ClassGeneratedBy '/Game/ThirdPersonBP/Maps/ThirdPersonExampleMap.ThirdPersonExampleMap:PersistentLevel.ThirdPersonExampleMap'
[2017.02.27-21.14.05:803][725]LogPlayLevel: PlayLevel: No blueprints needed recompiling
[2017.02.27-21.14.05:803][725]PIE: New page: PIE session: ThirdPersonExampleMap (28 Feb 2017 6:14:05 pm)
[2017.02.27-21.14.05:803][725]LogPlayLevel: Creating play world package: /Game/ThirdPersonBP/Maps/UEDPIE_0_ThirdPersonExampleMap
[2017.02.27-21.14.05:823][725]LogPlayLevel: PIE: StaticDuplicateObject took: (0.020253s)
[2017.02.27-21.14.05:824][725]LogAIModule: Creating AISystem for world ThirdPersonExampleMap
[2017.02.27-21.14.05:825][725]LogPlayLevel: PIE: World Init took: (0.001704s)
[2017.02.27-21.14.05:825][725]LogPlayLevel: PIE: Created PIE world by copying editor world from /Game/ThirdPersonBP/Maps/ThirdPersonExampleMap.ThirdPersonExampleMap to /Game/ThirdPersonBP/Maps/UEDPIE_0_ThirdPersonExampleMap.ThirdPersonExampleMap (0.022247s)
[2017.02.27-21.14.05:839][725]LogInit: XAudio2 using 'Speakers / Headphones (Realtek Audio)' : 2 channels at 48 kHz using 32 bits per sample (channel mask 0x3)
[2017.02.27-21.14.05:850][725]LogInit: FAudioDevice initialized.
[2017.02.27-21.14.05:889][725]LogWorld: Game class is 'ThirdPersonGameMode_C'
[2017.02.27-21.14.05:894][725]LogWorld: Bringing World /Game/ThirdPersonBP/Maps/UEDPIE_0_ThirdPersonExampleMap.ThirdPersonExampleMap up for play (max tick rate 0) at 2017.02.28-08.14.05
[2017.02.27-21.14.05:894][725]LogWorld: Bringing up level for play took: 0.003858
[2017.02.27-21.14.05:895][725]LogGameMode:Display: Match State Changed from EnteringMap to WaitingToStart
[2017.02.27-21.14.05:895][725]LogGameState: Match State Changed from EnteringMap to WaitingToStart
[2017.02.27-21.14.05:895][725]LogGameMode:Display: Match State Changed from WaitingToStart to InProgress
[2017.02.27-21.14.05:895][725]LogBlueprintUserMessages: [SwordPickup_C_0] Press T to pick up
[2017.02.27-21.14.05:896][725]LogGameState: Match State Changed from WaitingToStart to InProgress
[2017.02.27-21.14.05:899][725]PIE: Info Play in editor start time for /Game/ThirdPersonBP/Maps/UEDPIE_0_ThirdPersonExampleMap -0.114
[2017.02.27-21.14.05:899][725]LogBlueprintUserMessages: Late PlayInEditor Detection: Level '/Game/ThirdPersonBP/Maps/ThirdPersonExampleMap.ThirdPersonExampleMap:PersistentLevel' has LevelScriptBlueprint '/Game/ThirdPersonBP/Maps/ThirdPersonExampleMap.ThirdPersonExampleMap:PersistentLevel.ThirdPersonExampleMap' with GeneratedClass '/Game/ThirdPersonBP/Maps/ThirdPersonExampleMap.ThirdPersonExampleMap_C' with ClassGeneratedBy '/Game/ThirdPersonBP/Maps/ThirdPersonExampleMap.ThirdPersonExampleMap:PersistentLevel.ThirdPersonExampleMap'
[2017.02.27-21.14.07:792][910]LogBlueprintUserMessages: [ThirdPersonCharacter_167] Press Q to drop weapon
[2017.02.27-21.14.08:213][954]LogBlueprintUserMessages: Early EndPlayMap Detection: Level '/Game/ThirdPersonBP/Maps/ThirdPersonExampleMap.ThirdPersonExampleMap:PersistentLevel' has LevelScriptBlueprint '/Game/ThirdPersonBP/Maps/ThirdPersonExampleMap.ThirdPersonExampleMap:PersistentLevel.ThirdPersonExampleMap' with GeneratedClass '/Game/ThirdPersonBP/Maps/ThirdPersonExampleMap.ThirdPersonExampleMap_C' with ClassGeneratedBy '/Game/ThirdPersonBP/Maps/ThirdPersonExampleMap.ThirdPersonExampleMap:PersistentLevel.ThirdPersonExampleMap'
[2017.02.27-21.14.08:252][954]LogBlueprintUserMessages: Late EndPlayMap Detection: Level '/Game/ThirdPersonBP/Maps/ThirdPersonExampleMap.ThirdPersonExampleMap:PersistentLevel' has LevelScriptBlueprint '/Game/ThirdPersonBP/Maps/ThirdPersonExampleMap.ThirdPersonExampleMap:PersistentLevel.ThirdPersonExampleMap' with GeneratedClass '/Game/ThirdPersonBP/Maps/ThirdPersonExampleMap.ThirdPersonExampleMap_C' with ClassGeneratedBy '/Game/ThirdPersonBP/Maps/ThirdPersonExampleMap.ThirdPersonExampleMap:PersistentLevel.ThirdPersonExampleMap'
[2017.02.27-21.14.35:238][277]LogFileHelpers: Editor autosave (incl. sublevels) for '/Game/ThirdPersonBP/Maps/ThirdPersonExampleMap' took 0.016
[2017.02.27-21.14.35:239][277]OBJ SavePackage: Generating thumbnails for [0] asset(s) in package [/Game/HUDs/InventoryHUD] ([1] browsable assets)...
[2017.02.27-21.14.35:239][277]OBJ SavePackage: Finished generating thumbnails for package [/Game/HUDs/InventoryHUD]
[2017.02.27-21.14.35:270][277]LogSavePackage: Save=22.73ms
[2017.02.27-21.14.35:270][277]LogSavePackage: Moving '../../../../../../Users/webbj/Documents/Unreal Projects/SavingInventory/Saved/InventoryHUD_Auto145396EC64F4A7E2BD71B71B7EED1DD4A.tmp' to '../../../../../../Users/webbj/Documents/Unreal Projects/SavingInventory/Saved/Autosaves/Game/HUDs/InventoryHUD_Auto1.uasset'
[2017.02.27-21.14.35:272][277]LogSavePackage:Display: Finished SavePackage ../../../../../../Users/webbj/Documents/Unreal Projects/SavingInventory/Saved/Autosaves/Game/HUDs/InventoryHUD_Auto1.uasset
[2017.02.27-21.14.35:272][277]LogFileHelpers: Auto-saving content packages took 0.033
[2017.02.27-21.33.30:730][ 15]LogBlueprintUserMessages: Early PlayInEditor Detection: Level '/Game/ThirdPersonBP/Maps/ThirdPersonExampleMap.ThirdPersonExampleMap:PersistentLevel' has LevelScriptBlueprint '/Game/ThirdPersonBP/Maps/ThirdPersonExampleMap.ThirdPersonExampleMap:PersistentLevel.ThirdPersonExampleMap' with GeneratedClass '/Game/ThirdPersonBP/Maps/ThirdPersonExampleMap.ThirdPersonExampleMap_C' with ClassGeneratedBy '/Game/ThirdPersonBP/Maps/ThirdPersonExampleMap.ThirdPersonExampleMap:PersistentLevel.ThirdPersonExampleMap'
[2017.02.27-21.33.30:730][ 15]LogPlayLevel: PlayLevel: No blueprints needed recompiling
[2017.02.27-21.33.30:730][ 15]PIE: New page: PIE session: ThirdPersonExampleMap (28 Feb 2017 6:33:30 pm)
[2017.02.27-21.33.30:730][ 15]LogPlayLevel: Creating play world package: /Game/ThirdPersonBP/Maps/UEDPIE_0_ThirdPersonExampleMap
[2017.02.27-21.33.30:751][ 15]LogPlayLevel: PIE: StaticDuplicateObject took: (0.020540s)
[2017.02.27-21.33.30:752][ 15]LogAIModule: Creating AISystem for world ThirdPersonExampleMap
[2017.02.27-21.33.30:753][ 15]LogPlayLevel: PIE: World Init took: (0.001622s)
[2017.02.27-21.33.30:753][ 15]LogPlayLevel: PIE: Created PIE world by copying editor world from /Game/ThirdPersonBP/Maps/ThirdPersonExampleMap.ThirdPersonExampleMap to /Game/ThirdPersonBP/Maps/UEDPIE_0_ThirdPersonExampleMap.ThirdPersonExampleMap (0.022403s)
[2017.02.27-21.33.30:768][ 15]LogInit: XAudio2 using 'Speakers / Headphones (Realtek Audio)' : 2 channels at 48 kHz using 32 bits per sample (channel mask 0x3)
[2017.02.27-21.33.30:780][ 15]LogInit: FAudioDevice initialized.
[2017.02.27-21.33.30:826][ 15]LogWorld: Game class is 'ThirdPersonGameMode_C'
[2017.02.27-21.33.30:830][ 15]LogWorld: Bringing World /Game/ThirdPersonBP/Maps/UEDPIE_0_ThirdPersonExampleMap.ThirdPersonExampleMap up for play (max tick rate 0) at 2017.02.28-08.33.30
[2017.02.27-21.33.30:830][ 15]LogWorld: Bringing up level for play took: 0.003501
[2017.02.27-21.33.30:831][ 15]LogGameMode:Display: Match State Changed from EnteringMap to WaitingToStart
[2017.02.27-21.33.30:831][ 15]LogGameState: Match State Changed from EnteringMap to WaitingToStart
[2017.02.27-21.33.30:831][ 15]LogGameMode:Display: Match State Changed from WaitingToStart to InProgress
[2017.02.27-21.33.30:831][ 15]LogBlueprintUserMessages: [SwordPickup_C_0] Press T to pick up
[2017.02.27-21.33.30:832][ 15]LogGameState: Match State Changed from WaitingToStart to InProgress
[2017.02.27-21.33.30:835][ 15]PIE: Info Play in editor start time for /Game/ThirdPersonBP/Maps/UEDPIE_0_ThirdPersonExampleMap 0.813
[2017.02.27-21.33.30:835][ 15]LogBlueprintUserMessages: Late PlayInEditor Detection: Level '/Game/ThirdPersonBP/Maps/ThirdPersonExampleMap.ThirdPersonExampleMap:PersistentLevel' has LevelScriptBlueprint '/Game/ThirdPersonBP/Maps/ThirdPersonExampleMap.ThirdPersonExampleMap:PersistentLevel.ThirdPersonExampleMap' with GeneratedClass '/Game/ThirdPersonBP/Maps/ThirdPersonExampleMap.ThirdPersonExampleMap_C' with ClassGeneratedBy '/Game/ThirdPersonBP/Maps/ThirdPersonExampleMap.ThirdPersonExampleMap:PersistentLevel.ThirdPersonExampleMap'
[2017.02.27-21.33.32:715][200]LogBlueprintUserMessages: [ThirdPersonCharacter_167] Press Q to drop weapon
[2017.02.27-21.33.34:715][404]LogBlueprintUserMessages: [ThirdPersonCharacter_167] Press Q to drop weapon
[2017.02.27-21.33.35:642][498]LogBlueprintUserMessages: Early EndPlayMap Detection: Level '/Game/ThirdPersonBP/Maps/ThirdPersonExampleMap.ThirdPersonExampleMap:PersistentLevel' has LevelScriptBlueprint '/Game/ThirdPersonBP/Maps/ThirdPersonExampleMap.ThirdPersonExampleMap:PersistentLevel.ThirdPersonExampleMap' with GeneratedClass '/Game/ThirdPersonBP/Maps/ThirdPersonExampleMap.ThirdPersonExampleMap_C' with ClassGeneratedBy '/Game/ThirdPersonBP/Maps/ThirdPersonExampleMap.ThirdPersonExampleMap:PersistentLevel.ThirdPersonExampleMap'
[2017.02.27-21.33.35:681][498]LogBlueprintUserMessages: Late EndPlayMap Detection: Level '/Game/ThirdPersonBP/Maps/ThirdPersonExampleMap.ThirdPersonExampleMap:PersistentLevel' has LevelScriptBlueprint '/Game/ThirdPersonBP/Maps/ThirdPersonExampleMap.ThirdPersonExampleMap:PersistentLevel.ThirdPersonExampleMap' with GeneratedClass '/Game/ThirdPersonBP/Maps/ThirdPersonExampleMap.ThirdPersonExampleMap_C' with ClassGeneratedBy '/Game/ThirdPersonBP/Maps/ThirdPersonExampleMap.ThirdPersonExampleMap:PersistentLevel.ThirdPersonExampleMap'
[2017.02.27-21.34.04:814][948]BlueprintLog: New page: Compile InventoryHUD
[2017.02.27-21.34.06:558][144]LogBlueprintUserMessages: Early PlayInEditor Detection: Level '/Game/ThirdPersonBP/Maps/ThirdPersonExampleMap.ThirdPersonExampleMap:PersistentLevel' has LevelScriptBlueprint '/Game/ThirdPersonBP/Maps/ThirdPersonExampleMap.ThirdPersonExampleMap:PersistentLevel.ThirdPersonExampleMap' with GeneratedClass '/Game/ThirdPersonBP/Maps/ThirdPersonExampleMap.ThirdPersonExampleMap_C' with ClassGeneratedBy '/Game/ThirdPersonBP/Maps/ThirdPersonExampleMap.ThirdPersonExampleMap:PersistentLevel.ThirdPersonExampleMap'
[2017.02.27-21.34.06:558][144]LogPlayLevel: PlayLevel: No blueprints needed recompiling
[2017.02.27-21.34.06:559][144]PIE: New page: PIE session: ThirdPersonExampleMap (28 Feb 2017 6:34:06 pm)
[2017.02.27-21.34.06:559][144]LogPlayLevel: Creating play world package: /Game/ThirdPersonBP/Maps/UEDPIE_0_ThirdPersonExampleMap
[2017.02.27-21.34.06:580][144]LogPlayLevel: PIE: StaticDuplicateObject took: (0.021540s)
[2017.02.27-21.34.06:581][144]LogAIModule: Creating AISystem for world ThirdPersonExampleMap
[2017.02.27-21.34.06:581][144]LogPlayLevel: PIE: World Init took: (0.000894s)
[2017.02.27-21.34.06:582][144]LogPlayLevel: PIE: Created PIE world by copying editor world from /Game/ThirdPersonBP/Maps/ThirdPersonExampleMap.ThirdPersonExampleMap to /Game/ThirdPersonBP/Maps/UEDPIE_0_ThirdPersonExampleMap.ThirdPersonExampleMap (0.022798s)
[2017.02.27-21.34.06:596][144]LogInit: XAudio2 using 'Speakers / Headphones (Realtek Audio)' : 2 channels at 48 kHz using 32 bits per sample (channel mask 0x3)
[2017.02.27-21.34.06:606][144]LogInit: FAudioDevice initialized.
[2017.02.27-21.34.06:648][144]LogWorld: Game class is 'ThirdPersonGameMode_C'
[2017.02.27-21.34.06:652][144]LogWorld: Bringing World /Game/ThirdPersonBP/Maps/UEDPIE_0_ThirdPersonExampleMap.ThirdPersonExampleMap up for play (max tick rate 0) at 2017.02.28-08.34.06
[2017.02.27-21.34.06:653][144]LogWorld: Bringing up level for play took: 0.003550
[2017.02.27-21.34.06:653][144]LogGameMode:Display: Match State Changed from EnteringMap to WaitingToStart
[2017.02.27-21.34.06:653][144]LogGameState: Match State Changed from EnteringMap to WaitingToStart
[2017.02.27-21.34.06:653][144]LogGameMode:Display: Match State Changed from WaitingToStart to InProgress
[2017.02.27-21.34.06:654][144]LogBlueprintUserMessages: [SwordPickup_C_0] Press T to pick up
[2017.02.27-21.34.06:655][144]LogGameState: Match State Changed from WaitingToStart to InProgress
[2017.02.27-21.34.06:658][144]PIE: Info Play in editor start time for /Game/ThirdPersonBP/Maps/UEDPIE_0_ThirdPersonExampleMap 0.637
[2017.02.27-21.34.06:658][144]LogBlueprintUserMessages: Late PlayInEditor Detection: Level '/Game/ThirdPersonBP/Maps/ThirdPersonExampleMap.ThirdPersonExampleMap:PersistentLevel' has LevelScriptBlueprint '/Game/ThirdPersonBP/Maps/ThirdPersonExampleMap.ThirdPersonExampleMap:PersistentLevel.ThirdPersonExampleMap' with GeneratedClass '/Game/ThirdPersonBP/Maps/ThirdPersonExampleMap.ThirdPersonExampleMap_C' with ClassGeneratedBy '/Game/ThirdPersonBP/Maps/ThirdPersonExampleMap.ThirdPersonExampleMap:PersistentLevel.ThirdPersonExampleMap'
[2017.02.27-21.34.08:545][325]LogBlueprintUserMessages: [ThirdPersonCharacter_167] Press Q to drop weapon
[2017.02.27-21.34.10:547][529]LogBlueprintUserMessages: [ThirdPersonCharacter_167] Press Q to drop weapon
[2017.02.27-21.34.10:843][560]LogWindows: Windows GetLastError: The operation completed successfully. (0)
[2017.02.27-21.34.16:845][560]LogCrashTracker: 


[2017.02.27-21.34.16:845][560]LogCrashTracker: 


[2017.02.27-21.34.16:846][560]LogWindows:Error: === Critical error: ===
[2017.02.27-21.34.16:846][560]LogWindows:Error: 
[2017.02.27-21.34.16:846][560]LogWindows:Error: Fatal error: [File:D:\Build\++UE4+Release-4.13+Compile\Sync\Engine\Source\Runtime\CoreUObject\Private\UObject\UObjectGlobals.cpp] [Line: 2259] 
[2017.02.27-21.34.16:846][560]LogWindows:Error: Objects have the same fully qualified name but different paths.
[2017.02.27-21.34.16:846][560]LogWindows:Error: 	New Object: AxePickup_C /Game/ThirdPersonBP/Maps/UEDPIE_0_ThirdPersonExampleMap.ThirdPersonExampleMap:PersistentLevel.SwordPickup_C_0
[2017.02.27-21.34.16:846][560]LogWindows:Error: 	Existing Object: SwordPickup_C /Game/ThirdPersonBP/Maps/UEDPIE_0_ThirdPersonExampleMap.ThirdPersonExampleMap:PersistentLevel.SwordPickup_C_0
[2017.02.27-21.34.16:846][560]LogWindows:Error: 
[2017.02.27-21.34.16:846][560]LogWindows:Error: 
[2017.02.27-21.34.16:846][560]LogWindows:Error: KERNELBASE.dll
[2017.02.27-21.34.16:846][560]LogWindows:Error: UE4Editor-Core.dll
[2017.02.27-21.34.16:846][560]LogWindows:Error: UE4Editor-Core.dll
[2017.02.27-21.34.16:846][560]LogWindows:Error: UE4Editor-Core.dll
[2017.02.27-21.34.16:846][560]LogWindows:Error: UE4Editor-CoreUObject.dll
[2017.02.27-21.34.16:846][560]LogWindows:Error: UE4Editor-CoreUObject.dll
[2017.02.27-21.34.16:846][560]LogWindows:Error: UE4Editor-Engine.dll
[2017.02.27-21.34.16:846][560]LogWindows:Error: UE4Editor-Engine.dll
[2017.02.27-21.34.16:846][560]LogWindows:Error: UE4Editor-Engine.dll
[2017.02.27-21.34.16:846][560]LogWindows:Error: UE4Editor-Engine.dll
[2017.02.27-21.34.16:846][560]LogWindows:Error: UE4Editor-Engine.dll
[2017.02.27-21.34.16:846][560]LogWindows:Error: UE4Editor-Engine.dll
[2017.02.27-21.34.16:846][560]LogWindows:Error: UE4Editor-CoreUObject.dll
[2017.02.27-21.34.16:846][560]LogWindows:Error: UE4Editor-CoreUObject.dll
[2017.02.27-21.34.16:846][560]LogWindows:Error: UE4Editor-CoreUObject.dll
[2017.02.27-21.34.16:846][560]LogWindows:Error: UE4Editor-CoreUObject.dll
[2017.02.27-21.34.16:846][560]LogWindows:Error: UE4Editor-CoreUObject.dll
[2017.02.27-21.34.16:846][560]LogWindows:Error: UE4Editor-CoreUObject.dll
[2017.02.27-21.34.16:846][560]LogWindows:Error: UE4Editor-CoreUObject.dll
[2017.02.27-21.34.16:846][560]LogWindows:Error: UE4Editor-CoreUObject.dll
[2017.02.27-21.34.16:846][560]LogWindows:Error: UE4Editor-UMG.dll
[2017.02.27-21.34.16:846][560]LogWindows:Error: UE4Editor-UMG.dll
[2017.02.27-21.34.16:846][560]LogWindows:Error: UE4Editor-Slate.dll
[2017.02.27-21.34.16:847][560]LogWindows:Error: UE4Editor-Slate.dll
[2017.02.27-21.34.16:847][560]LogWindows:Error: UE4Editor-Slate.dll
[2017.02.27-21.34.16:847][560]LogWindows:Error: UE4Editor-Slate.dll
[2017.02.27-21.34.16:847][560]LogWindows:Error: UE4Editor-Slate.dll
[2017.02.27-21.34.16:847][560]LogWindows:Error: UE4Editor-Slate.dll
[2017.02.27-21.34.16:847][560]LogWindows:Error: UE4Editor-Slate.dll
[2017.02.27-21.34.16:847][560]LogWindows:Error: UE4Editor-Slate.dll
[2017.02.27-21.34.16:847][560]LogWindows:Error: UE4Editor-Core.dll
[2017.02.27-21.34.16:847][560]LogWindows:Error: UE4Editor-Core.dll
[2017.02.27-21.34.16:847][560]LogWindows:Error: UE4Editor-Core.dll
[2017.02.27-21.34.16:847][560]LogWindows:Error: UE4Editor-Core.dll
[2017.02.27-21.34.16:847][560]LogWindows:Error: USER32.dll
[2017.02.27-21.34.16:847][560]LogWindows:Error: USER32.dll
[2017.02.27-21.34.16:847][560]LogWindows:Error: UE4Editor-Core.dll
[2017.02.27-21.34.16:847][560]LogWindows:Error: UE4Editor.exe
[2017.02.27-21.34.16:847][560]LogWindows:Error: UE4Editor.exe
[2017.02.27-21.34.16:847][560]LogWindows:Error: UE4Editor.exe
[2017.02.27-21.34.16:847][560]LogWindows:Error: UE4Editor.exe
[2017.02.27-21.34.16:847][560]LogWindows:Error: UE4Editor.exe
[2017.02.27-21.34.16:847][560]LogWindows:Error: KERNEL32.DLL
[2017.02.27-21.34.16:847][560]LogWindows:Error: ntdll.dll
[2017.02.27-21.34.16:847][560]LogWindows:Error: ntdll.dll
[2017.02.27-21.34.16:847][560]LogWindows:Error: 
[2017.02.27-21.34.16:897][560]LogExit: Executing StaticShutdownAfterError
[2017.02.27-21.34.16:906][560]LogWindows: FPlatformMisc::RequestExit(1)
[2017.02.27-21.34.16:907][560]Log file closed, 02/28/17 08:34:16
