Log file open, 03/27/17 18:05:41
LogInit:Display: Running engine for game: MinePrison
LogPlatformFile: Not using cached read wrapper
LogInit:Display: RandInit(-2013777080) SRandInit(-2013777080).
LogTaskGraph: Started task graph with 5 named threads and 8 total threads with 1 sets of task threads.
LogStats: Stats thread started at 0.072797
LogPluginManager: Loaded Plugin Paper2D, From C:/Program Files (x86)/Epic Games/4.13/Engine/Plugins/2D/Paper2D/Paper2D.uplugin
LogPluginManager: Loaded Plugin LightPropagationVolume, From C:/Program Files (x86)/Epic Games/4.13/Engine/Plugins/Blendables/LightPropagationVolume/LightPropagationVolume.uplugin
LogPluginManager: Loaded Plugin BlankPlugin, From C:/Program Files (x86)/Epic Games/4.13/Engine/Plugins/Developer/BlankPlugin/BlankPlugin.uplugin
LogPluginManager: Loaded Plugin CodeLiteSourceCodeAccess, From C:/Program Files (x86)/Epic Games/4.13/Engine/Plugins/Developer/CodeLiteSourceCodeAccess/CodeLiteSourceCodeAccess.uplugin
LogPluginManager: Loaded Plugin GitSourceControl, From C:/Program Files (x86)/Epic Games/4.13/Engine/Plugins/Developer/GitSourceControl/GitSourceControl.uplugin
LogPluginManager: Loaded Plugin KDevelopSourceCodeAccess, From C:/Program Files (x86)/Epic Games/4.13/Engine/Plugins/Developer/KDevelopSourceCodeAccess/KDevelopSourceCodeAccess.uplugin
LogPluginManager: Loaded Plugin NullSourceCodeAccess, From C:/Program Files (x86)/Epic Games/4.13/Engine/Plugins/Developer/NullSourceCodeAccess/NullSourceCodeAccess.uplugin
LogPluginManager: Loaded Plugin OneSkyLocalizationService, From C:/Program Files (x86)/Epic Games/4.13/Engine/Plugins/Developer/OneSkyLocalizationService/OneSkyLocalizationService.uplugin
LogPluginManager: Loaded Plugin PerforceSourceControl, From C:/Program Files (x86)/Epic Games/4.13/Engine/Plugins/Developer/PerforceSourceControl/PerforceSourceControl.uplugin
LogPluginManager: Loaded Plugin SubversionSourceControl, From C:/Program Files (x86)/Epic Games/4.13/Engine/Plugins/Developer/SubversionSourceControl/SubversionSourceControl.uplugin
LogPluginManager: Loaded Plugin UObjectPlugin, From C:/Program Files (x86)/Epic Games/4.13/Engine/Plugins/Developer/UObjectPlugin/UObjectPlugin.uplugin
LogPluginManager: Loaded Plugin VisualStudioSourceCodeAccess, From C:/Program Files (x86)/Epic Games/4.13/Engine/Plugins/Developer/VisualStudioSourceCodeAccess/VisualStudioSourceCodeAccess.uplugin
LogPluginManager: Loaded Plugin XCodeSourceCodeAccess, From C:/Program Files (x86)/Epic Games/4.13/Engine/Plugins/Developer/XCodeSourceCodeAccess/XCodeSourceCodeAccess.uplugin
LogPluginManager: Loaded Plugin EpicSurvey, From C:/Program Files (x86)/Epic Games/4.13/Engine/Plugins/Editor/EpicSurvey/EpicSurvey.uplugin
LogPluginManager: Loaded Plugin MacGraphicsSwitching, From C:/Program Files (x86)/Epic Games/4.13/Engine/Plugins/Editor/MacGraphicsSwitching/MacGraphicsSwitching.uplugin
LogPluginManager: Loaded Plugin MobileLauncherProfileWizard, From C:/Program Files (x86)/Epic Games/4.13/Engine/Plugins/Editor/MobileLauncherProfileWizard/MobileLauncherProfileWizard.uplugin
LogPluginManager: Loaded Plugin PluginBrowser, From C:/Program Files (x86)/Epic Games/4.13/Engine/Plugins/Editor/PluginBrowser/PluginBrowser.uplugin
LogPluginManager: Loaded Plugin SpeedTreeImporter, From C:/Program Files (x86)/Epic Games/4.13/Engine/Plugins/Editor/SpeedTreeImporter/SpeedTreeImporter.uplugin
LogPluginManager: Loaded Plugin SuperSearchEditor, From C:/Program Files (x86)/Epic Games/4.13/Engine/Plugins/Editor/SuperSearchEditor/SuperSearchEditor.uplugin
LogPluginManager: Loaded Plugin AlembicImporter, From C:/Program Files (x86)/Epic Games/4.13/Engine/Plugins/Experimental/AlembicImporter/AlembicImporter.uplugin
LogPluginManager: Loaded Plugin BlueprintStats, From C:/Program Files (x86)/Epic Games/4.13/Engine/Plugins/Experimental/BlueprintStats/BlueprintStats.uplugin
LogPluginManager: Loaded Plugin CharacterAI, From C:/Program Files (x86)/Epic Games/4.13/Engine/Plugins/Experimental/CharacterAI/CharacterAI.uplugin
LogPluginManager: Loaded Plugin CodeEditor, From C:/Program Files (x86)/Epic Games/4.13/Engine/Plugins/Experimental/CodeEditor/CodeEditor.uplugin
LogPluginManager: Loaded Plugin CodeView, From C:/Program Files (x86)/Epic Games/4.13/Engine/Plugins/Experimental/CodeView/CodeView.uplugin
LogPluginManager: Loaded Plugin HTML5Networking, From C:/Program Files (x86)/Epic Games/4.13/Engine/Plugins/Experimental/HTML5Networking/HTML5Networking.uplugin
LogPluginManager: Loaded Plugin LiveEditor, From C:/Program Files (x86)/Epic Games/4.13/Engine/Plugins/Experimental/LiveEditor/LiveEditor.uplugin
LogPluginManager: Loaded Plugin OSVR, From C:/Program Files (x86)/Epic Games/4.13/Engine/Plugins/Experimental/OSVR/OSVR.uplugin
LogPluginManager: Loaded Plugin Phya, From C:/Program Files (x86)/Epic Games/4.13/Engine/Plugins/Experimental/Phya/Phya.uplugin
LogPluginManager: Loaded Plugin SignificanceManager, From C:/Program Files (x86)/Epic Games/4.13/Engine/Plugins/Experimental/SignificanceManager/SignificanceManager.uplugin
LogPluginManager: Loaded Plugin SimpleHMD, From C:/Program Files (x86)/Epic Games/4.13/Engine/Plugins/Experimental/SimpleHMD/SimpleHMD.uplugin
LogPluginManager: Loaded Plugin StereoPanorama, From C:/Program Files (x86)/Epic Games/4.13/Engine/Plugins/Experimental/StereoPanorama/StereoPanorama.uplugin
LogPluginManager: Loaded Plugin StructBox, From C:/Program Files (x86)/Epic Games/4.13/Engine/Plugins/Experimental/StructBox/StructBox.uplugin
LogPluginManager: Loaded Plugin AndroidMedia, From C:/Program Files (x86)/Epic Games/4.13/Engine/Plugins/Media/AndroidMedia/AndroidMedia.uplugin
LogPluginManager: Loaded Plugin AvfMedia, From C:/Program Files (x86)/Epic Games/4.13/Engine/Plugins/Media/AvfMedia/AvfMedia.uplugin
LogPluginManager: Loaded Plugin MediaPlayerEditor, From C:/Program Files (x86)/Epic Games/4.13/Engine/Plugins/Media/MediaPlayerEditor/MediaPlayerEditor.uplugin
LogPluginManager: Loaded Plugin WmfMedia, From C:/Program Files (x86)/Epic Games/4.13/Engine/Plugins/Media/WmfMedia/WmfMedia.uplugin
LogPluginManager: Loaded Plugin MessagingDebugger, From C:/Program Files (x86)/Epic Games/4.13/Engine/Plugins/Messaging/MessagingDebugger/MessagingDebugger.uplugin
LogPluginManager: Loaded Plugin TcpMessaging, From C:/Program Files (x86)/Epic Games/4.13/Engine/Plugins/Messaging/TcpMessaging/TcpMessaging.uplugin
LogPluginManager: Loaded Plugin UdpMessaging, From C:/Program Files (x86)/Epic Games/4.13/Engine/Plugins/Messaging/UdpMessaging/UdpMessaging.uplugin
LogPluginManager: Loaded Plugin LevelSequenceEditor, From C:/Program Files (x86)/Epic Games/4.13/Engine/Plugins/MovieScene/LevelSequenceEditor/LevelSequenceEditor.uplugin
LogPluginManager: Loaded Plugin MatineeToLevelSequence, From C:/Program Files (x86)/Epic Games/4.13/Engine/Plugins/MovieScene/MatineeToLevelSequence/MatineeToLevelSequence.uplugin
LogPluginManager: Loaded Plugin NetcodeUnitTest, From C:/Program Files (x86)/Epic Games/4.13/Engine/Plugins/NetcodeUnitTest/NetcodeUnitTest/NetcodeUnitTest.uplugin
LogPluginManager: Loaded Plugin NUTUnrealEngine4, From C:/Program Files (x86)/Epic Games/4.13/Engine/Plugins/NetcodeUnitTest/NUTUnrealEngine4/NUTUnrealEngine4.uplugin
LogPluginManager: Loaded Plugin OnlineSubsystemGooglePlay, From C:/Program Files (x86)/Epic Games/4.13/Engine/Plugins/Online/Android/OnlineSubsystemGooglePlay/OnlineSubsystemGooglePlay.uplugin
LogPluginManager: Loaded Plugin OnlineSubsystemIOS, From C:/Program Files (x86)/Epic Games/4.13/Engine/Plugins/Online/IOS/OnlineSubsystemIOS/OnlineSubsystemIOS.uplugin
LogPluginManager: Loaded Plugin OnlineFramework, From C:/Program Files (x86)/Epic Games/4.13/Engine/Plugins/Online/OnlineFramework/OnlineFramework.uplugin
LogPluginManager: Loaded Plugin OnlineSubsystem, From C:/Program Files (x86)/Epic Games/4.13/Engine/Plugins/Online/OnlineSubsystem/OnlineSubsystem.uplugin
LogPluginManager: Loaded Plugin OnlineSubsystemAmazon, From C:/Program Files (x86)/Epic Games/4.13/Engine/Plugins/Online/OnlineSubsystemAmazon/OnlineSubsystemAmazon.uplugin
LogPluginManager: Loaded Plugin OnlineSubsystemFacebook, From C:/Program Files (x86)/Epic Games/4.13/Engine/Plugins/Online/OnlineSubsystemFacebook/OnlineSubsystemFacebook.uplugin
LogPluginManager: Loaded Plugin OnlineSubsystemNull, From C:/Program Files (x86)/Epic Games/4.13/Engine/Plugins/Online/OnlineSubsystemNull/OnlineSubsystemNull.uplugin
LogPluginManager: Loaded Plugin OnlineSubsystemOculus, From C:/Program Files (x86)/Epic Games/4.13/Engine/Plugins/Online/OnlineSubsystemOculus/OnlineSubsystemOculus.uplugin
LogPluginManager: Loaded Plugin OnlineSubsystemSteam, From C:/Program Files (x86)/Epic Games/4.13/Engine/Plugins/Online/OnlineSubsystemSteam/OnlineSubsystemSteam.uplugin
LogPluginManager: Loaded Plugin OnlineSubsystemUtils, From C:/Program Files (x86)/Epic Games/4.13/Engine/Plugins/Online/OnlineSubsystemUtils/OnlineSubsystemUtils.uplugin
LogPluginManager: Loaded Plugin IOSTapJoy, From C:/Program Files (x86)/Epic Games/4.13/Engine/Plugins/Runtime/Advertising/IOSTapJoy/IOSTapJoy.uplugin
LogPluginManager: Loaded Plugin AnalyticsBlueprintLibrary, From C:/Program Files (x86)/Epic Games/4.13/Engine/Plugins/Runtime/Analytics/AnalyticsBlueprintLibrary/AnalyticsBlueprintLibrary.uplugin
LogPluginManager: Loaded Plugin AnalyticsMulticast, From C:/Program Files (x86)/Epic Games/4.13/Engine/Plugins/Runtime/Analytics/AnalyticsMulticast/AnalyticsMulticast.uplugin
LogPluginManager: Loaded Plugin Apsalar, From C:/Program Files (x86)/Epic Games/4.13/Engine/Plugins/Runtime/Analytics/Apsalar/Apsalar.uplugin
LogPluginManager: Loaded Plugin FileLogging, From C:/Program Files (x86)/Epic Games/4.13/Engine/Plugins/Runtime/Analytics/FileLogging/FileLogging.uplugin
LogPluginManager: Loaded Plugin Flurry, From C:/Program Files (x86)/Epic Games/4.13/Engine/Plugins/Runtime/Analytics/Flurry/Flurry.uplugin
LogPluginManager: Loaded Plugin AndroidDeviceProfileSelector, From C:/Program Files (x86)/Epic Games/4.13/Engine/Plugins/Runtime/AndroidDeviceProfileSelector/AndroidDeviceProfileSelector.uplugin
LogPluginManager: Loaded Plugin AndroidMoviePlayer, From C:/Program Files (x86)/Epic Games/4.13/Engine/Plugins/Runtime/AndroidMoviePlayer/AndroidMoviePlayer.uplugin
LogPluginManager: Loaded Plugin AppleMoviePlayer, From C:/Program Files (x86)/Epic Games/4.13/Engine/Plugins/Runtime/AppleMoviePlayer/AppleMoviePlayer.uplugin
LogPluginManager: Loaded Plugin ArchVisCharacter, From C:/Program Files (x86)/Epic Games/4.13/Engine/Plugins/Runtime/ArchVisCharacter/ArchVisCharacter.uplugin
LogPluginManager: Loaded Plugin CableComponent, From C:/Program Files (x86)/Epic Games/4.13/Engine/Plugins/Runtime/CableComponent/CableComponent.uplugin
LogPluginManager: Loaded Plugin CustomMeshComponent, From C:/Program Files (x86)/Epic Games/4.13/Engine/Plugins/Runtime/CustomMeshComponent/CustomMeshComponent.uplugin
LogPluginManager: Loaded Plugin ExampleDeviceProfileSelector, From C:/Program Files (x86)/Epic Games/4.13/Engine/Plugins/Runtime/ExampleDeviceProfileSelector/ExampleDeviceProfileSelector.uplugin
LogPluginManager: Loaded Plugin GearVR, From C:/Program Files (x86)/Epic Games/4.13/Engine/Plugins/Runtime/GearVR/GearVR.uplugin
LogPluginManager: Loaded Plugin GoogleVRController, From C:/Program Files (x86)/Epic Games/4.13/Engine/Plugins/Runtime/GoogleVR/GoogleVRController/GoogleVRController.uplugin
LogPluginManager: Loaded Plugin GoogleVRHMD, From C:/Program Files (x86)/Epic Games/4.13/Engine/Plugins/Runtime/GoogleVR/GoogleVRHMD/GoogleVRHMD.uplugin
LogPluginManager: Loaded Plugin IOSDeviceProfileSelector, From C:/Program Files (x86)/Epic Games/4.13/Engine/Plugins/Runtime/IOSDeviceProfileSelector/IOSDeviceProfileSelector.uplugin
LogPluginManager: Loaded Plugin LeapMotion, From C:/Program Files (x86)/Epic Games/4.13/Engine/Plugins/Runtime/LeapMotion/LeapMotion.uplugin
LogPluginManager: Loaded Plugin LinuxDeviceProfileSelector, From C:/Program Files (x86)/Epic Games/4.13/Engine/Plugins/Runtime/LinuxDeviceProfileSelector/LinuxDeviceProfileSelector.uplugin
LogPluginManager: Loaded Plugin LiveEditorListenServer, From C:/Program Files (x86)/Epic Games/4.13/Engine/Plugins/Runtime/LiveEditorListenServer/LiveEditorListenServer.uplugin
LogPluginManager: Loaded Plugin OculusAudio, From C:/Program Files (x86)/Epic Games/4.13/Engine/Plugins/Runtime/OculusAudio/OculusAudio.uplugin
LogPluginManager: Loaded Plugin OculusInput, From C:/Program Files (x86)/Epic Games/4.13/Engine/Plugins/Runtime/OculusInput/OculusInput.uplugin
LogPluginManager: Loaded Plugin OculusLibrary, From C:/Program Files (x86)/Epic Games/4.13/Engine/Plugins/Runtime/OculusLibrary/OculusLibrary.uplugin
LogPluginManager: Loaded Plugin OculusRift, From C:/Program Files (x86)/Epic Games/4.13/Engine/Plugins/Runtime/OculusRift/OculusRift.uplugin
LogPluginManager: Loaded Plugin Oodle, From C:/Program Files (x86)/Epic Games/4.13/Engine/Plugins/Runtime/PacketHandlers/CompressionComponents/Oodle/Oodle.uplugin
LogPluginManager: Loaded Plugin ProceduralMeshComponent, From C:/Program Files (x86)/Epic Games/4.13/Engine/Plugins/Runtime/ProceduralMeshComponent/ProceduralMeshComponent.uplugin
LogPluginManager: Loaded Plugin SoundMod, From C:/Program Files (x86)/Epic Games/4.13/Engine/Plugins/Runtime/SoundMod/SoundMod.uplugin
LogPluginManager: Loaded Plugin SoundVisualizations, From C:/Program Files (x86)/Epic Games/4.13/Engine/Plugins/Runtime/SoundVisualizations/SoundVisualizations.uplugin
LogPluginManager: Loaded Plugin SteamController, From C:/Program Files (x86)/Epic Games/4.13/Engine/Plugins/Runtime/Steam/SteamController/SteamController.uplugin
LogPluginManager: Loaded Plugin SteamVR, From C:/Program Files (x86)/Epic Games/4.13/Engine/Plugins/Runtime/Steam/SteamVR/SteamVR.uplugin
LogPluginManager: Loaded Plugin WebBrowserWidget, From C:/Program Files (x86)/Epic Games/4.13/Engine/Plugins/Runtime/WebBrowserWidget/WebBrowserWidget.uplugin
LogPluginManager: Loaded Plugin WindowsDeviceProfileSelector, From C:/Program Files (x86)/Epic Games/4.13/Engine/Plugins/Runtime/WindowsDeviceProfileSelector/WindowsDeviceProfileSelector.uplugin
LogPluginManager: Loaded Plugin WindowsMoviePlayer, From C:/Program Files (x86)/Epic Games/4.13/Engine/Plugins/Runtime/WindowsMoviePlayer/WindowsMoviePlayer.uplugin
LogPluginManager: Loaded Plugin ScriptPlugin, From C:/Program Files (x86)/Epic Games/4.13/Engine/Plugins/ScriptPlugin/ScriptPlugin.uplugin
LogPluginManager: Loaded Plugin SlateRemote, From C:/Program Files (x86)/Epic Games/4.13/Engine/Plugins/Slate/SlateRemote/SlateRemote.uplugin
LogInit: Using libcurl 7.47.1
LogInit:  - built for x86_64-pc-win32
LogInit:  - supports SSL with WinSSL
LogInit:  - other features:
LogInit:      CURL_VERSION_SSL
LogInit:      CURL_VERSION_IPV6
LogInit:      CURL_VERSION_ASYNCHDNS
LogInit:      CURL_VERSION_LARGEFILE
LogInit:      CURL_VERSION_IDN
LogInit:  CurlRequestOptions (configurable via config and command line):
LogInit:  - bVerifyPeer = false  - Libcurl will NOT verify peer certificate
LogInit:  - bUseHttpProxy = false  - Libcurl will NOT use HTTP proxy
LogInit:  - bDontReuseConnections = false  - Libcurl will reuse connections
LogInit:  - CertBundlePath = nullptr  - Libcurl will use whatever was configured at build time.
LogInit: Build: ++UE4+Release-4.13-CL-3172292
LogInit: Engine Version: 4.13.2-3172292+++UE4+Release-4.13
LogInit: Compatible Engine Version: 4.13.0-3106830+++UE4+Release-4.13
LogInit: Net CL: 3172292
LogDevObjectVersion: Number of dev versions registered: 13
LogDevObjectVersion:   Dev-Blueprints (B0D832E4-1F89-4F0D-ACCF-7EB736FD4AA2): 5
LogDevObjectVersion:   Dev-Build (E1C64328-A22C-4D53-A36C-8E866417BD8C): 0
LogDevObjectVersion:   Dev-Core (375EC13C-06E4-48FB-B500-84F0262A717E): 1
LogDevObjectVersion:   Dev-Editor (E4B068ED-F494-42E9-A231-DA0B2E46BB41): 6
LogDevObjectVersion:   Dev-Framework (CFFC743F-43B0-4480-9391-14DF171D2073): 12
LogDevObjectVersion:   Dev-Mobile (B02B49B5-BB20-44E9-A304-32B752E40360): 0
LogDevObjectVersion:   Dev-Networking (A4E4105C-59A1-49B5-A7C5-40C4547EDFEE): 0
LogDevObjectVersion:   Dev-Online (39C831C9-5AE6-47DC-9A44-9C173E1C8E7C): 0
LogDevObjectVersion:   Dev-Physics (78F01B33-EBEA-4F98-B9B4-84EACCB95AA2): 0
LogDevObjectVersion:   Dev-Platform (6631380F-2D4D-43E0-8009-CF276956A95A): 0
LogDevObjectVersion:   Dev-Rendering (12F88B9F-8875-4AFC-A67C-D90C383ABD29): 4
LogDevObjectVersion:   Dev-Sequencer (7B5AE74C-D270-4C10-A958-57980B212A5A): 0
LogDevObjectVersion:   Dev-VR (D7296918-1DD6-4BDD-9DE2-64A83CC13884): 0
LogInit: Compiled (64-bit): Oct 24 2016 14:29:06
LogInit: Compiled with Visual C++: 19.00.23026.00
LogInit: Build Configuration: Development
LogInit: Branch Name: ++UE4+Release-4.13
LogInit: Command line:  /Temp/Autosaves/Game/2DSideScrollerBP/Maps/UEDPCMinePrison_Map -game -PIEVIACONSOLE -ResX=1280 -ResY=720  -Multiprocess -windowed -messaging -SessionName="Play in Standalone Game" -featureleveles2 -faketouches 
LogInit: Base directory: C:/Program Files (x86)/Epic Games/4.13/Engine/Binaries/Win64/
LogInit: Installed Engine Build: 1
LogInit: Presizing for max 8388607 objects, including 0 objects not considered by GC, pre-allocating 0 bytes for permanent pool.
LogInit: Object subsystem initialized
[2017.03.27-07.05.42:068][  0]LogInit: Selected Device Profile: [Windows]
[2017.03.27-07.05.42:068][  0]LogInit: Applying CVar settings loaded from the selected device profile: [Windows]
[2017.03.27-07.05.42:071][  0]LogInit: Computer: DESKTOP-UTQ9N4Q
[2017.03.27-07.05.42:071][  0]LogInit: User: johnm
[2017.03.27-07.05.42:071][  0]LogInit: CPU Page size=65536, Cores=4
[2017.03.27-07.05.42:071][  0]LogInit: High frequency timer resolution =2.531248 MHz
[2017.03.27-07.05.42:071][  0]LogMemory: Memory total: Physical=31.9GB (32GB approx)
[2017.03.27-07.05.42:071][  0]LogMemory: Platform Memory Stats for Windows
[2017.03.27-07.05.42:071][  0]LogMemory: Process Physical Memory: 256.78 MB used, 256.78 MB peak
[2017.03.27-07.05.42:071][  0]LogMemory: Process Virtual Memory: 260.06 MB used, 260.06 MB peak
[2017.03.27-07.05.42:071][  0]LogMemory: Physical Memory: 5955.61 MB used, 32635.47 MB total
[2017.03.27-07.05.42:071][  0]LogMemory: Virtual Memory: 623.44 MB used, 134217728.00 MB total
[2017.03.27-07.05.42:100][  0]LogTextLocalizationManager: No specific translations for ('en-US') exist, so ('en') translations will be used.
[2017.03.27-07.05.42:493][  0]LogD3D11RHI: D3D11 adapters:
[2017.03.27-07.05.42:517][  0]LogD3D11RHI:    0. 'NVIDIA GeForce GTX 970M' (Feature Level 11_0)
[2017.03.27-07.05.42:517][  0]LogD3D11RHI:       3037/0/16317 MB DedicatedVideo/DedicatedSystem/SharedSystem, Outputs:1, VendorId:0x10de
[2017.03.27-07.05.42:525][  0]LogD3D11RHI:    1. 'Intel(R) HD Graphics 530' (Feature Level 11_0)
[2017.03.27-07.05.42:525][  0]LogD3D11RHI:       128/0/16317 MB DedicatedVideo/DedicatedSystem/SharedSystem, Outputs:0, VendorId:0x8086
[2017.03.27-07.05.42:526][  0]LogD3D11RHI:    2. 'Microsoft Basic Render Driver' (Feature Level 11_0)
[2017.03.27-07.05.42:526][  0]LogD3D11RHI:       0/0/16317 MB DedicatedVideo/DedicatedSystem/SharedSystem, Outputs:0, VendorId:0x1414
[2017.03.27-07.05.42:526][  0]LogD3D11RHI: Chosen D3D11 Adapter: 0
[2017.03.27-07.05.42:531][  0]LogD3D11RHI: Creating new Direct3DDevice
[2017.03.27-07.05.42:531][  0]LogD3D11RHI:     GPU DeviceId: 0x13d8 (for the marketing name, search the web for "GPU Device Id")
[2017.03.27-07.05.42:531][  0]LogWindows: EnumDisplayDevices:
[2017.03.27-07.05.42:531][  0]LogWindows:    0. 'Intel(R) HD Graphics 530' (P:1 D:1)
[2017.03.27-07.05.42:531][  0]LogWindows:    1. 'Intel(R) HD Graphics 530' (P:0 D:0)
[2017.03.27-07.05.42:531][  0]LogWindows:    2. 'Intel(R) HD Graphics 530' (P:0 D:0)
[2017.03.27-07.05.42:532][  0]LogWindows:    3. 'NVIDIA GeForce GTX 970M' (P:0 D:0)
[2017.03.27-07.05.42:532][  0]LogWindows: DebugString: PrimaryIsNotTheChoosenAdapter PrimaryIsNotTheChoosenAdapter PrimaryIsNotTheChoosenAdapter 
[2017.03.27-07.05.42:532][  0]LogD3D11RHI:     Adapter Name: NVIDIA GeForce GTX 970M
[2017.03.27-07.05.42:532][  0]LogD3D11RHI:   Driver Version: 369.09 (internal:21.21.13.6909, unified:369.09)
[2017.03.27-07.05.42:532][  0]LogD3D11RHI:      Driver Date: 8-1-2016
[2017.03.27-07.05.42:532][  0]LogRHI: Texture pool is 1361 MB (70% of 1945 MB)
[2017.03.27-07.05.42:547][  0]LogD3D11RHI: Async texture creation enabled
[2017.03.27-07.05.42:556][  0]LogD3D11RHI: GPU Timing Frequency: 1000.000000 (Debug: 2 1)
[2017.03.27-07.05.42:556][  0]LogShaderCompilers: Guid format shader working directory is -11 characters bigger than the processId version (../../../../../../Users/johnm/Desktop/New Four/MinePrison/Intermediate/Shaders/WorkingDirectory/8888/).
[2017.03.27-07.05.42:557][  0]LogShaderCompilers: Cleaned the shader compiler working directory 'C:/Users/johnm/AppData/Local/Temp/UnrealShaderWorkingDir/44FDC470444AFE0C83FADCAAD6D75F89/'.
[2017.03.27-07.05.42:557][  0]LogShaderCompilers:Display: Using Local Shader Compiler.
[2017.03.27-07.05.44:121][  0]LogTemp:Display: Loaded TP WindowsClientTargetPlatform
[2017.03.27-07.05.44:128][  0]LogTemp:Display: Loaded TP WindowsNoEditorTargetPlatform
[2017.03.27-07.05.44:137][  0]LogTemp:Display: Loaded TP WindowsServerTargetPlatform
[2017.03.27-07.05.44:146][  0]LogTemp:Display: Loaded TP WindowsTargetPlatform
[2017.03.27-07.05.44:146][  0]LogTargetPlatformManager:Display: Building Assets For Windows
[2017.03.27-07.05.44:204][  0]LogDerivedDataCache:Display: Max Cache Size: 512 MB
[2017.03.27-07.05.44:261][  0]LogDerivedDataCache: Loaded boot cache 0.06s 63MB C:/Users/johnm/AppData/Local/UnrealEngine/4.13/DerivedDataCache/Boot.ddc.
[2017.03.27-07.05.44:261][  0]LogDerivedDataCache:Display: Loaded Boot cache: C:/Users/johnm/AppData/Local/UnrealEngine/4.13/DerivedDataCache/Boot.ddc
[2017.03.27-07.05.44:261][  0]LogDerivedDataCache: FDerivedDataBackendGraph:  Pak pak cache file ../../../../../../Users/johnm/Desktop/New Four/MinePrison/DerivedDataCache/DDC.ddp not found, will not use a pak cache.
[2017.03.27-07.05.44:261][  0]LogDerivedDataCache: Unable to find inner node Pak for hierarchical cache Hierarchy.
[2017.03.27-07.05.44:262][  0]LogDerivedDataCache: FDerivedDataBackendGraph:  CompressedPak pak cache file ../../../../../../Users/johnm/Desktop/New Four/MinePrison/DerivedDataCache/Compressed.ddp not found, will not use a pak cache.
[2017.03.27-07.05.44:262][  0]LogDerivedDataCache: Unable to find inner node CompressedPak for hierarchical cache Hierarchy.
[2017.03.27-07.05.44:278][  0]LogDerivedDataCache:Display: Pak cache opened for reading ../../../Engine/DerivedDataCache/Compressed.ddp.
[2017.03.27-07.05.44:290][  0]LogDerivedDataCache: Using Local data cache path C:/Users/johnm/AppData/Local/UnrealEngine/Common/DerivedDataCache: Writable
[2017.03.27-07.05.44:436][  0]LogAssetRegistry: FAssetRegistry took 0.0001 seconds to start up
[2017.03.27-07.05.44:441][  0]LogPackageLocalizationCache: Processed 3 localized package path(s) for 2 prioritized culture(s) in 0.004481 seconds
[2017.03.27-07.05.44:456][  0]LogInit: Selected Device Profile: [Windows]
[2017.03.27-07.05.44:457][  0]LogContentStreaming: Texture pool size is 1000.00 MB
[2017.03.27-07.05.44:526][  0]LogMeshUtilities: No automatic mesh reduction module available
[2017.03.27-07.05.44:526][  0]LogMeshUtilities: No automatic mesh merging module available
[2017.03.27-07.05.44:526][  0]LogMeshUtilities: No distributed automatic mesh merging module available
[2017.03.27-07.05.44:578][  0]LogMaterial: Uniform references updated for custom material expression Custom.
[2017.03.27-07.05.44:820][  0]LogNetVersion: GetLocalNetworkVersion: CL: 3106830, ProjectName: mineprison, ProjectVersion: , EngineNetworkVersion: 1, GameNetworkVersion: 0, NetworkChecksum: 1076408440
[2017.03.27-07.05.44:839][  0]LogInit: WinSock: version 1.1 (2.2), MaxSocks=32767, MaxUdp=65467
[2017.03.27-07.05.44:975][  0]LogSlate: SlateFontCache - WITH_FREETYPE: 1, WITH_HARFBUZZ: 1
[2017.03.27-07.05.44:976][  0]LogSlate: SlateFontCache - WITH_FREETYPE: 1, WITH_HARFBUZZ: 1
[2017.03.27-07.05.45:028][  0]LogMoviePlayer: Initializing movie player
[2017.03.27-07.05.45:111][  0]LogWindowsMoviePlayer: Unable to load movie: ../../../../../../Users/johnm/Desktop/New Four/MinePrison/Content/Movies/Default_Startup.mp4
[2017.03.27-07.05.45:175][  0]LogTcpMessaging: Initializing TcpMessaging bridge
[2017.03.27-07.05.45:192][  0]LogUdpMessaging: Initializing bridge on interface 0.0.0.0:0 to multicast group 230.0.0.1:6666.
[2017.03.27-07.05.45:259][  0]SourceControl: Info Source control is disabled
[2017.03.27-07.05.45:259][  0]SourceControl: Info Source control is disabled
[2017.03.27-07.05.45:265][  0]SourceControl: Info Source control is disabled
[2017.03.27-07.05.45:361][  0]LogUObjectArray: 32656 objects as part of root set at end of initial load.
[2017.03.27-07.05.45:361][  0]LogUObjectAllocator: 7245024 out of 0 bytes used by permanent object pool.
[2017.03.27-07.05.45:361][  0]LogUObjectArray: CloseDisregardForGC: 0/0 objects in disregard for GC pool
[2017.03.27-07.05.45:414][  0]LogEngine: Initializing Engine...
[2017.03.27-07.05.45:415][  0]LogHMD: Failed to initialize OpenVR with code 110
[2017.03.27-07.05.45:542][  0]LogInit: XAudio2 using 'Speakers (Sound Blaster Recon3Di)' : 2 channels at 48 kHz using 32 bits per sample (channel mask 0x3)
[2017.03.27-07.05.45:551][  0]LogInit: FAudioDevice initialized.
[2017.03.27-07.05.45:559][  0]LogInit: Texture streaming: Enabled
[2017.03.27-07.05.45:560][  0]LogMaterial: Missing cached shader map for material BaseColor, compiling. 
[2017.03.27-07.05.45:561][  0]LogMaterial:Warning: Failed to compile Material /Engine/BufferVisualization/BaseColor.BaseColor for platform PCD3D_ES2, Default Material will be used in game.
[2017.03.27-07.05.45:561][  0]LogMaterial:Warning: 	(Node FeatureLevelSwitch) Feature Level switch missing default input
[2017.03.27-07.05.45:593][  0]LogMaterial: Missing cached shader map for material Specular, compiling. 
[2017.03.27-07.05.45:594][  0]LogMaterial:Warning: Failed to compile Material /Engine/BufferVisualization/Specular.Specular for platform PCD3D_ES2, Default Material will be used in game.
[2017.03.27-07.05.45:594][  0]LogMaterial:Warning: 	(Node FeatureLevelSwitch) Feature Level switch missing default input
[2017.03.27-07.05.45:627][  0]LogInit:Display: Game Engine Initialized.
[2017.03.27-07.05.45:657][  0]LogInit:Display: Starting Game.
[2017.03.27-07.05.45:657][  0]LogNet: Browse: /Temp/Autosaves/Game/2DSideScrollerBP/Maps/UEDPCMinePrison_Map?Name=Player
[2017.03.27-07.05.45:657][  0]LogLoad: LoadMap: /Temp/Autosaves/Game/2DSideScrollerBP/Maps/UEDPCMinePrison_Map?Name=Player
[2017.03.27-07.05.45:673][  0]LogMemory: Platform Memory Stats for Windows
[2017.03.27-07.05.45:673][  0]LogMemory: Process Physical Memory: 674.82 MB used, 705.43 MB peak
[2017.03.27-07.05.45:673][  0]LogMemory: Process Virtual Memory: 711.72 MB used, 716.70 MB peak
[2017.03.27-07.05.45:673][  0]LogMemory: Physical Memory: 6325.69 MB used, 32635.47 MB total
[2017.03.27-07.05.45:673][  0]LogMemory: Virtual Memory: 1336.70 MB used, 134217728.00 MB total
[2017.03.27-07.05.45:673][  0]LogMemory: 
[2017.03.27-07.05.45:673][  0]Allocator Stats for TBB: (not implemented)
[2017.03.27-07.05.46:881][  0]LogAIModule: Creating AISystem for world MinePrison_Map
[2017.03.27-07.05.46:881][  0]LogWorld: Game class is '2DSideScrollerGameMode_C'
[2017.03.27-07.05.46:946][  0]LogWorld: Bringing World /Temp/Autosaves/Game/2DSideScrollerBP/Maps/UEDPCMinePrison_Map.MinePrison_Map up for play (max tick rate 0) at 2017.03.27-18.05.46
[2017.03.27-07.05.46:957][  0]LogWorld: Bringing up level for play took: 0.073453
[2017.03.27-07.05.46:957][  0]LogGameMode: Warning - PATHS NOT DEFINED or NO PLAYERSTART with positive rating
[2017.03.27-07.05.46:959][  0]LogGameMode:Display: Match State Changed from EnteringMap to WaitingToStart
[2017.03.27-07.05.46:959][  0]LogGameState: Match State Changed from EnteringMap to WaitingToStart
[2017.03.27-07.05.46:959][  0]LogGameMode:Display: Match State Changed from WaitingToStart to InProgress
[2017.03.27-07.05.46:962][  0]LogGameState: Match State Changed from WaitingToStart to InProgress
[2017.03.27-07.05.46:962][  0]LogLoad: Took 1.305029 seconds to LoadMap(/Temp/Autosaves/Game/2DSideScrollerBP/Maps/UEDPCMinePrison_Map)
[2017.03.27-07.05.47:176][  0]LogLoad: (Engine Initialization) Total time: 5.80 seconds
[2017.03.27-07.05.47:176][  0]LogLoad: (Engine Initialization) Total Blueprint compile time: 0.56 seconds
[2017.03.27-07.05.47:176][  0]LogExternalProfiler: Found external profiler: VSPerf
[2017.03.27-07.05.47:176][  0]LogExternalProfiler: Using external profiler: VSPerf
[2017.03.27-07.05.47:193][  0]LogWindowsTextInputMethodSystem:Display: IME system now deactivated.
[2017.03.27-07.05.47:193][  0]LogOcInput: OculusInput pre-init called
[2017.03.27-07.05.47:206][  0]LogRenderer: Reallocating scene render targets to support 128x128 (Frame:1).
[2017.03.27-07.05.47:251][  1]LogRenderer: Reallocating scene render targets to support 1280x720 (Frame:2).
[2017.03.27-07.06.04:929][ 96]LogScript:Warning: Accessed None trying to read property EnemyAI_Red
	BTS_DetectEnemy_C /Temp/Autosaves/Game/2DSideScrollerBP/Maps/UEDPCMinePrison_Map.MinePrison_Map:PersistentLevel.EnemyController_C_1.BTComponent.BTS_DetectEnemy_C_0
	Function /Game/MinePrisonBlueprints/John/AI/BTSs/BTS_DetectEnemy.BTS_DetectEnemy_C:ExecuteUbergraph_BTS_DetectEnemy:0349
[2017.03.27-07.06.04:929][ 96]LogScript:Warning: Script call stack:
	Function /Game/MinePrisonBlueprints/John/AI/BTSs/BTS_DetectEnemy.BTS_DetectEnemy_C:ReceiveTickAI
	Function /Game/MinePrisonBlueprints/John/AI/BTSs/BTS_DetectEnemy.BTS_DetectEnemy_C:ExecuteUbergraph_BTS_DetectEnemy

[2017.03.27-07.06.04:929][ 96]LogScript:Warning: Accessed None trying to read property EnemyAI_Red
	BTS_DetectEnemy_C /Temp/Autosaves/Game/2DSideScrollerBP/Maps/UEDPCMinePrison_Map.MinePrison_Map:PersistentLevel.EnemyController_C_1.BTComponent.BTS_DetectEnemy_C_0
	Function /Game/MinePrisonBlueprints/John/AI/BTSs/BTS_DetectEnemy.BTS_DetectEnemy_C:ExecuteUbergraph_BTS_DetectEnemy:03BB
[2017.03.27-07.06.04:929][ 96]LogScript:Warning: Script call stack:
	Function /Game/MinePrisonBlueprints/John/AI/BTSs/BTS_DetectEnemy.BTS_DetectEnemy_C:ReceiveTickAI
	Function /Game/MinePrisonBlueprints/John/AI/BTSs/BTS_DetectEnemy.BTS_DetectEnemy_C:ExecuteUbergraph_BTS_DetectEnemy

[2017.03.27-07.06.05:283][118]LogBlueprintUserMessages: [BTT_AttackTarget_C_0] Hello
[2017.03.27-07.06.05:396][125]LogScript:Warning: Accessed None trying to read property EnemyAI_Red
	BTS_DetectEnemy_C /Temp/Autosaves/Game/2DSideScrollerBP/Maps/UEDPCMinePrison_Map.MinePrison_Map:PersistentLevel.EnemyController_C_1.BTComponent.BTS_DetectEnemy_C_0
	Function /Game/MinePrisonBlueprints/John/AI/BTSs/BTS_DetectEnemy.BTS_DetectEnemy_C:ExecuteUbergraph_BTS_DetectEnemy:0349
[2017.03.27-07.06.05:396][125]LogScript:Warning: Script call stack:
	Function /Game/MinePrisonBlueprints/John/AI/BTSs/BTS_DetectEnemy.BTS_DetectEnemy_C:ReceiveTickAI
	Function /Game/MinePrisonBlueprints/John/AI/BTSs/BTS_DetectEnemy.BTS_DetectEnemy_C:ExecuteUbergraph_BTS_DetectEnemy

[2017.03.27-07.06.05:396][125]LogScript:Warning: Accessed None trying to read property EnemyAI_Red
	BTS_DetectEnemy_C /Temp/Autosaves/Game/2DSideScrollerBP/Maps/UEDPCMinePrison_Map.MinePrison_Map:PersistentLevel.EnemyController_C_1.BTComponent.BTS_DetectEnemy_C_0
	Function /Game/MinePrisonBlueprints/John/AI/BTSs/BTS_DetectEnemy.BTS_DetectEnemy_C:ExecuteUbergraph_BTS_DetectEnemy:03BB
[2017.03.27-07.06.05:396][125]LogScript:Warning: Script call stack:
	Function /Game/MinePrisonBlueprints/John/AI/BTSs/BTS_DetectEnemy.BTS_DetectEnemy_C:ReceiveTickAI
	Function /Game/MinePrisonBlueprints/John/AI/BTSs/BTS_DetectEnemy.BTS_DetectEnemy_C:ExecuteUbergraph_BTS_DetectEnemy

[2017.03.27-07.06.05:831][152]LogScript:Warning: Accessed None trying to read property EnemyAI_Red
	BTS_DetectEnemy_C /Temp/Autosaves/Game/2DSideScrollerBP/Maps/UEDPCMinePrison_Map.MinePrison_Map:PersistentLevel.EnemyController_C_1.BTComponent.BTS_DetectEnemy_C_0
	Function /Game/MinePrisonBlueprints/John/AI/BTSs/BTS_DetectEnemy.BTS_DetectEnemy_C:ExecuteUbergraph_BTS_DetectEnemy:0349
[2017.03.27-07.06.05:831][152]LogScript:Warning: Script call stack:
	Function /Game/MinePrisonBlueprints/John/AI/BTSs/BTS_DetectEnemy.BTS_DetectEnemy_C:ReceiveTickAI
	Function /Game/MinePrisonBlueprints/John/AI/BTSs/BTS_DetectEnemy.BTS_DetectEnemy_C:ExecuteUbergraph_BTS_DetectEnemy

[2017.03.27-07.06.05:832][152]LogScript:Warning: Accessed None trying to read property EnemyAI_Red
	BTS_DetectEnemy_C /Temp/Autosaves/Game/2DSideScrollerBP/Maps/UEDPCMinePrison_Map.MinePrison_Map:PersistentLevel.EnemyController_C_1.BTComponent.BTS_DetectEnemy_C_0
	Function /Game/MinePrisonBlueprints/John/AI/BTSs/BTS_DetectEnemy.BTS_DetectEnemy_C:ExecuteUbergraph_BTS_DetectEnemy:03BB
[2017.03.27-07.06.05:832][152]LogScript:Warning: Script call stack:
	Function /Game/MinePrisonBlueprints/John/AI/BTSs/BTS_DetectEnemy.BTS_DetectEnemy_C:ReceiveTickAI
	Function /Game/MinePrisonBlueprints/John/AI/BTSs/BTS_DetectEnemy.BTS_DetectEnemy_C:ExecuteUbergraph_BTS_DetectEnemy

[2017.03.27-07.06.06:283][180]LogScript:Warning: Accessed None trying to read property EnemyAI_Red
	BTS_DetectEnemy_C /Temp/Autosaves/Game/2DSideScrollerBP/Maps/UEDPCMinePrison_Map.MinePrison_Map:PersistentLevel.EnemyController_C_1.BTComponent.BTS_DetectEnemy_C_0
	Function /Game/MinePrisonBlueprints/John/AI/BTSs/BTS_DetectEnemy.BTS_DetectEnemy_C:ExecuteUbergraph_BTS_DetectEnemy:0349
[2017.03.27-07.06.06:283][180]LogScript:Warning: Script call stack:
	Function /Game/MinePrisonBlueprints/John/AI/BTSs/BTS_DetectEnemy.BTS_DetectEnemy_C:ReceiveTickAI
	Function /Game/MinePrisonBlueprints/John/AI/BTSs/BTS_DetectEnemy.BTS_DetectEnemy_C:ExecuteUbergraph_BTS_DetectEnemy

[2017.03.27-07.06.06:283][180]LogScript:Warning: Accessed None trying to read property EnemyAI_Red
	BTS_DetectEnemy_C /Temp/Autosaves/Game/2DSideScrollerBP/Maps/UEDPCMinePrison_Map.MinePrison_Map:PersistentLevel.EnemyController_C_1.BTComponent.BTS_DetectEnemy_C_0
	Function /Game/MinePrisonBlueprints/John/AI/BTSs/BTS_DetectEnemy.BTS_DetectEnemy_C:ExecuteUbergraph_BTS_DetectEnemy:03BB
[2017.03.27-07.06.06:283][180]LogScript:Warning: Script call stack:
	Function /Game/MinePrisonBlueprints/John/AI/BTSs/BTS_DetectEnemy.BTS_DetectEnemy_C:ReceiveTickAI
	Function /Game/MinePrisonBlueprints/John/AI/BTSs/BTS_DetectEnemy.BTS_DetectEnemy_C:ExecuteUbergraph_BTS_DetectEnemy

[2017.03.27-07.06.06:778][210]LogScript:Warning: Accessed None trying to read property EnemyAI_Red
	BTS_DetectEnemy_C /Temp/Autosaves/Game/2DSideScrollerBP/Maps/UEDPCMinePrison_Map.MinePrison_Map:PersistentLevel.EnemyController_C_1.BTComponent.BTS_DetectEnemy_C_0
	Function /Game/MinePrisonBlueprints/John/AI/BTSs/BTS_DetectEnemy.BTS_DetectEnemy_C:ExecuteUbergraph_BTS_DetectEnemy:0349
[2017.03.27-07.06.06:778][210]LogScript:Warning: Script call stack:
	Function /Game/MinePrisonBlueprints/John/AI/BTSs/BTS_DetectEnemy.BTS_DetectEnemy_C:ReceiveTickAI
	Function /Game/MinePrisonBlueprints/John/AI/BTSs/BTS_DetectEnemy.BTS_DetectEnemy_C:ExecuteUbergraph_BTS_DetectEnemy

[2017.03.27-07.06.06:778][210]LogScript:Warning: Accessed None trying to read property EnemyAI_Red
	BTS_DetectEnemy_C /Temp/Autosaves/Game/2DSideScrollerBP/Maps/UEDPCMinePrison_Map.MinePrison_Map:PersistentLevel.EnemyController_C_1.BTComponent.BTS_DetectEnemy_C_0
	Function /Game/MinePrisonBlueprints/John/AI/BTSs/BTS_DetectEnemy.BTS_DetectEnemy_C:ExecuteUbergraph_BTS_DetectEnemy:03BB
[2017.03.27-07.06.06:778][210]LogScript:Warning: Script call stack:
	Function /Game/MinePrisonBlueprints/John/AI/BTSs/BTS_DetectEnemy.BTS_DetectEnemy_C:ReceiveTickAI
	Function /Game/MinePrisonBlueprints/John/AI/BTSs/BTS_DetectEnemy.BTS_DetectEnemy_C:ExecuteUbergraph_BTS_DetectEnemy

[2017.03.27-07.06.07:262][240]LogScript:Warning: Accessed None trying to read property EnemyAI_Red
	BTS_DetectEnemy_C /Temp/Autosaves/Game/2DSideScrollerBP/Maps/UEDPCMinePrison_Map.MinePrison_Map:PersistentLevel.EnemyController_C_1.BTComponent.BTS_DetectEnemy_C_0
	Function /Game/MinePrisonBlueprints/John/AI/BTSs/BTS_DetectEnemy.BTS_DetectEnemy_C:ExecuteUbergraph_BTS_DetectEnemy:0349
[2017.03.27-07.06.07:262][240]LogScript:Warning: Script call stack:
	Function /Game/MinePrisonBlueprints/John/AI/BTSs/BTS_DetectEnemy.BTS_DetectEnemy_C:ReceiveTickAI
	Function /Game/MinePrisonBlueprints/John/AI/BTSs/BTS_DetectEnemy.BTS_DetectEnemy_C:ExecuteUbergraph_BTS_DetectEnemy

[2017.03.27-07.06.07:262][240]LogScript:Warning: Accessed None trying to read property EnemyAI_Red
	BTS_DetectEnemy_C /Temp/Autosaves/Game/2DSideScrollerBP/Maps/UEDPCMinePrison_Map.MinePrison_Map:PersistentLevel.EnemyController_C_1.BTComponent.BTS_DetectEnemy_C_0
	Function /Game/MinePrisonBlueprints/John/AI/BTSs/BTS_DetectEnemy.BTS_DetectEnemy_C:ExecuteUbergraph_BTS_DetectEnemy:03BB
[2017.03.27-07.06.07:262][240]LogScript:Warning: Script call stack:
	Function /Game/MinePrisonBlueprints/John/AI/BTSs/BTS_DetectEnemy.BTS_DetectEnemy_C:ReceiveTickAI
	Function /Game/MinePrisonBlueprints/John/AI/BTSs/BTS_DetectEnemy.BTS_DetectEnemy_C:ExecuteUbergraph_BTS_DetectEnemy

[2017.03.27-07.06.07:294][242]LogBlueprintUserMessages: [BTT_AttackTarget_C_0] Hello
[2017.03.27-07.06.07:745][270]LogScript:Warning: Accessed None trying to read property EnemyAI_Red
	BTS_DetectEnemy_C /Temp/Autosaves/Game/2DSideScrollerBP/Maps/UEDPCMinePrison_Map.MinePrison_Map:PersistentLevel.EnemyController_C_1.BTComponent.BTS_DetectEnemy_C_0
	Function /Game/MinePrisonBlueprints/John/AI/BTSs/BTS_DetectEnemy.BTS_DetectEnemy_C:ExecuteUbergraph_BTS_DetectEnemy:0349
[2017.03.27-07.06.07:745][270]LogScript:Warning: Script call stack:
	Function /Game/MinePrisonBlueprints/John/AI/BTSs/BTS_DetectEnemy.BTS_DetectEnemy_C:ReceiveTickAI
	Function /Game/MinePrisonBlueprints/John/AI/BTSs/BTS_DetectEnemy.BTS_DetectEnemy_C:ExecuteUbergraph_BTS_DetectEnemy

[2017.03.27-07.06.07:746][270]LogScript:Warning: Accessed None trying to read property EnemyAI_Red
	BTS_DetectEnemy_C /Temp/Autosaves/Game/2DSideScrollerBP/Maps/UEDPCMinePrison_Map.MinePrison_Map:PersistentLevel.EnemyController_C_1.BTComponent.BTS_DetectEnemy_C_0
	Function /Game/MinePrisonBlueprints/John/AI/BTSs/BTS_DetectEnemy.BTS_DetectEnemy_C:ExecuteUbergraph_BTS_DetectEnemy:03BB
[2017.03.27-07.06.07:746][270]LogScript:Warning: Script call stack:
	Function /Game/MinePrisonBlueprints/John/AI/BTSs/BTS_DetectEnemy.BTS_DetectEnemy_C:ReceiveTickAI
	Function /Game/MinePrisonBlueprints/John/AI/BTSs/BTS_DetectEnemy.BTS_DetectEnemy_C:ExecuteUbergraph_BTS_DetectEnemy

[2017.03.27-07.06.08:165][296]LogScript:Warning: Accessed None trying to read property EnemyAI_Red
	BTS_DetectEnemy_C /Temp/Autosaves/Game/2DSideScrollerBP/Maps/UEDPCMinePrison_Map.MinePrison_Map:PersistentLevel.EnemyController_C_1.BTComponent.BTS_DetectEnemy_C_0
	Function /Game/MinePrisonBlueprints/John/AI/BTSs/BTS_DetectEnemy.BTS_DetectEnemy_C:ExecuteUbergraph_BTS_DetectEnemy:0349
[2017.03.27-07.06.08:165][296]LogScript:Warning: Script call stack:
	Function /Game/MinePrisonBlueprints/John/AI/BTSs/BTS_DetectEnemy.BTS_DetectEnemy_C:ReceiveTickAI
	Function /Game/MinePrisonBlueprints/John/AI/BTSs/BTS_DetectEnemy.BTS_DetectEnemy_C:ExecuteUbergraph_BTS_DetectEnemy

[2017.03.27-07.06.08:165][296]LogScript:Warning: Accessed None trying to read property EnemyAI_Red
	BTS_DetectEnemy_C /Temp/Autosaves/Game/2DSideScrollerBP/Maps/UEDPCMinePrison_Map.MinePrison_Map:PersistentLevel.EnemyController_C_1.BTComponent.BTS_DetectEnemy_C_0
	Function /Game/MinePrisonBlueprints/John/AI/BTSs/BTS_DetectEnemy.BTS_DetectEnemy_C:ExecuteUbergraph_BTS_DetectEnemy:03BB
[2017.03.27-07.06.08:165][296]LogScript:Warning: Script call stack:
	Function /Game/MinePrisonBlueprints/John/AI/BTSs/BTS_DetectEnemy.BTS_DetectEnemy_C:ReceiveTickAI
	Function /Game/MinePrisonBlueprints/John/AI/BTSs/BTS_DetectEnemy.BTS_DetectEnemy_C:ExecuteUbergraph_BTS_DetectEnemy

[2017.03.27-07.06.08:665][327]LogScript:Warning: Accessed None trying to read property EnemyAI_Red
	BTS_DetectEnemy_C /Temp/Autosaves/Game/2DSideScrollerBP/Maps/UEDPCMinePrison_Map.MinePrison_Map:PersistentLevel.EnemyController_C_1.BTComponent.BTS_DetectEnemy_C_0
	Function /Game/MinePrisonBlueprints/John/AI/BTSs/BTS_DetectEnemy.BTS_DetectEnemy_C:ExecuteUbergraph_BTS_DetectEnemy:0349
[2017.03.27-07.06.08:665][327]LogScript:Warning: Script call stack:
	Function /Game/MinePrisonBlueprints/John/AI/BTSs/BTS_DetectEnemy.BTS_DetectEnemy_C:ReceiveTickAI
	Function /Game/MinePrisonBlueprints/John/AI/BTSs/BTS_DetectEnemy.BTS_DetectEnemy_C:ExecuteUbergraph_BTS_DetectEnemy

[2017.03.27-07.06.09:294][366]LogBlueprintUserMessages: [BTT_AttackTarget_C_0] Hello
[2017.03.27-07.06.11:295][490]LogBlueprintUserMessages: [BTT_AttackTarget_C_0] Hello
[2017.03.27-07.06.13:294][614]LogBlueprintUserMessages: [BTT_AttackTarget_C_0] Hello
[2017.03.27-07.06.26:682][444]LogBlueprintUserMessages: [speed_155] Hello
[2017.03.27-07.06.26:730][447]LogCharacterMovement: 2DSideScrollerCharacter_254 is stuck and failed to move! Velocity: X=66.07 Y=0.00 Z=0.00 Location: X=1593.30 Y=0.00 Z=1325.35 Normal: X=-0.01 Y=0.00 Z=1.00 PenetrationDepth:20.698 Actor:Platform42cmX_341 Component:PlatformMesh BoneName:None (0 other events since notify)
[2017.03.27-07.06.27:746][510]LogCharacterMovement: 2DSideScrollerCharacter_254 is stuck and failed to move! Velocity: X=-858.85 Y=0.00 Z=0.00 Location: X=1593.91 Y=0.00 Z=1331.86 Normal: X=1.00 Y=0.00 Z=-0.00 PenetrationDepth:17.892 Actor:DoorMove2_229 Component:DoorCollision BoneName:None (26 other events since notify)
[2017.03.27-07.06.29:101][594]LogCharacterMovement: 2DSideScrollerCharacter_254 is stuck and failed to move! Velocity: X=-33.03 Y=0.00 Z=0.00 Location: X=1593.94 Y=0.00 Z=1349.26 Normal: X=1.00 Y=0.00 Z=-0.00 PenetrationDepth:17.858 Actor:DoorMove2_229 Component:DoorCollision BoneName:None (40 other events since notify)
[2017.03.27-07.06.35:133][968]LogBlueprintUserMessages: [MinePrison_Map_C_1] Hello
[2017.03.27-07.06.38:520][178]Command not recognized: esit
[2017.03.27-07.06.43:568][491]Closing by request
[2017.03.27-07.06.43:568][491]LogWindows: FPlatformMisc::RequestExit(0)
[2017.03.27-07.06.43:570][492]LogMoviePlayer: Shutting down movie player
[2017.03.27-07.06.44:470][492]LogWindowsTextInputMethodSystem:Display: IME system now deactivated.
[2017.03.27-07.06.44:474][492]LogExit: Preparing to exit.
[2017.03.27-07.06.45:361][492]LogExit: Game engine shut down
[2017.03.27-07.06.45:487][492]LogObj: Freed 0b from 0 cluster array pools.
[2017.03.27-07.06.45:487][492]LogExit: Object subsystem successfully closed.
[2017.03.27-07.06.45:504][492]LogD3D11RHI: Shutdown
[2017.03.27-07.06.45:504][492]LogD3D11RHI: CleanupD3DDevice
[2017.03.27-07.06.45:538][492]LogD3D11RHI: ~FD3D11DynamicRHI
[2017.03.27-07.06.45:545][492]LogModuleManager: Shutting down and abandoning module SequenceRecorderSections (119)
[2017.03.27-07.06.45:545][492]LogModuleManager: Shutting down and abandoning module SequenceRecorder (118)
[2017.03.27-07.06.45:545][492]LogModuleManager: Shutting down and abandoning module AutomationController (117)
[2017.03.27-07.06.45:545][492]LogModuleManager: Shutting down and abandoning module AutomationWorker (116)
[2017.03.27-07.06.45:545][492]LogModuleManager: Shutting down and abandoning module GameplayDebugger (115)
[2017.03.27-07.06.45:545][492]LogModuleManager: Shutting down and abandoning module AITestSuite (114)
[2017.03.27-07.06.45:545][492]LogModuleManager: Shutting down and abandoning module AIModule (113)
[2017.03.27-07.06.45:545][492]LogModuleManager: Shutting down and abandoning module WmfMediaFactory (112)
[2017.03.27-07.06.45:545][492]LogModuleManager: Shutting down and abandoning module AvfMediaFactory (111)
[2017.03.27-07.06.45:545][492]LogModuleManager: Shutting down and abandoning module Media (110)
[2017.03.27-07.06.45:545][492]LogModuleManager: Shutting down and abandoning module AndroidMediaFactory (109)
[2017.03.27-07.06.45:545][492]LogModuleManager: Shutting down and abandoning module CharacterAI (108)
[2017.03.27-07.06.45:545][492]LogModuleManager: Shutting down and abandoning module SessionServices (107)
[2017.03.27-07.06.45:545][492]LogModuleManager: Shutting down and abandoning module MovieSceneCapture (106)
[2017.03.27-07.06.45:545][492]LogModuleManager: Shutting down and abandoning module Niagara (105)
[2017.03.27-07.06.45:545][492]LogModuleManager: Shutting down and abandoning module StreamingPauseRendering (104)
[2017.03.27-07.06.45:545][492]LogModuleManager: Shutting down and abandoning module PortalServices (103)
[2017.03.27-07.06.45:545][492]LogModuleManager: Shutting down and abandoning module PortalRpc (102)
[2017.03.27-07.06.45:545][492]LogModuleManager: Shutting down and abandoning module MessagingRpc (101)
[2017.03.27-07.06.45:545][492]LogModuleManager: Shutting down and abandoning module ProfilerService (100)
[2017.03.27-07.06.45:692][492]LogModuleManager: Shutting down and abandoning module TaskGraph (99)
[2017.03.27-07.06.45:692][492]LogModuleManager: Shutting down and abandoning module SlateRemote (98)
[2017.03.27-07.06.45:692][492]LogModuleManager: Shutting down and abandoning module SteamVRController (97)
[2017.03.27-07.06.45:692][492]LogModuleManager: Shutting down and abandoning module SteamVR (96)
[2017.03.27-07.06.45:692][492]LogModuleManager: Shutting down and abandoning module ProceduralMeshComponent (95)
[2017.03.27-07.06.45:692][492]LogModuleManager: Shutting down and abandoning module OculusLibrary (94)
[2017.03.27-07.06.45:692][492]LogModuleManager: Shutting down and abandoning module OculusInput (93)
[2017.03.27-07.06.45:692][492]LogModuleManager: Shutting down and abandoning module CustomMeshComponent (92)
[2017.03.27-07.06.45:692][492]LogModuleManager: Shutting down and abandoning module CableComponent (91)
[2017.03.27-07.06.45:692][492]LogModuleManager: Shutting down and abandoning module ArchVisCharacter (90)
[2017.03.27-07.06.45:692][492]LogModuleManager: Shutting down and abandoning module HTML5Networking (88)
[2017.03.27-07.06.45:692][492]LogModuleManager: Shutting down and abandoning module DesktopPlatform (87)
[2017.03.27-07.06.45:692][492]LogModuleManager: Shutting down and abandoning module DirectoryWatcher (86)
[2017.03.27-07.06.45:692][492]LogModuleManager: Shutting down and abandoning module HotReload (85)
[2017.03.27-07.06.45:692][492]LogModuleManager: Shutting down and abandoning module VisualStudioSourceCodeAccess (84)
[2017.03.27-07.06.45:692][492]LogModuleManager: Shutting down and abandoning module UObjectPlugin (83)
[2017.03.27-07.06.45:692][492]LogModuleManager: Shutting down and abandoning module SubversionSourceControl (82)
[2017.03.27-07.06.45:692][492]LogModuleManager: Shutting down and abandoning module SourceControl (81)
[2017.03.27-07.06.45:692][492]LogModuleManager: Shutting down and abandoning module PerforceSourceControl (80)
[2017.03.27-07.06.45:692][492]LogModuleManager: Shutting down and abandoning module UdpMessaging (79)
[2017.03.27-07.06.45:793][492]LogModuleManager: Shutting down and abandoning module TcpMessaging (78)
[2017.03.27-07.06.46:200][492]LogModuleManager: Shutting down and abandoning module LightPropagationVolumeRuntime (77)
[2017.03.27-07.06.46:200][492]LogModuleManager: Shutting down and abandoning module Paper2D (76)
[2017.03.27-07.06.46:200][492]LogModuleManager: Shutting down and abandoning module WindowsMoviePlayer (75)
[2017.03.27-07.06.46:200][492]LogModuleManager: Shutting down and abandoning module WmfMedia (74)
[2017.03.27-07.06.46:200][492]LogModuleManager: Shutting down and abandoning module MediaAssets (73)
[2017.03.27-07.06.46:200][492]LogModuleManager: Shutting down and abandoning module GameLiveStreaming (72)
[2017.03.27-07.06.46:200][492]LogModuleManager: Shutting down and abandoning module GameplayTagsEditor (71)
[2017.03.27-07.06.46:200][492]LogModuleManager: Shutting down and abandoning module VREditor (70)
[2017.03.27-07.06.46:201][492]LogModuleManager: Shutting down and abandoning module GameplayTasksEditor (69)
[2017.03.27-07.06.46:201][492]LogModuleManager: Shutting down and abandoning module PropertyEditor (68)
[2017.03.27-07.06.46:201][492]LogModuleManager: Shutting down and abandoning module BehaviorTreeEditor (67)
[2017.03.27-07.06.46:201][492]LogModuleManager: Shutting down and abandoning module FunctionalTesting (66)
[2017.03.27-07.06.46:201][492]LogModuleManager: Shutting down and abandoning module CollisionAnalyzer (65)
[2017.03.27-07.06.46:201][492]LogModuleManager: Shutting down and abandoning module Sequencer (64)
[2017.03.27-07.06.46:201][492]LogModuleManager: Shutting down and abandoning module WorkspaceMenuStructure (63)
[2017.03.27-07.06.46:201][492]LogModuleManager: Shutting down and abandoning module MessageLog (62)
[2017.03.27-07.06.46:201][492]LogModuleManager: Shutting down and abandoning module AssetTools (61)
[2017.03.27-07.06.46:201][492]LogModuleManager: Shutting down and abandoning module UMGEditor (60)
[2017.03.27-07.06.46:201][492]LogModuleManager: Shutting down and abandoning module UMG (59)
[2017.03.27-07.06.46:201][492]LogModuleManager: Shutting down and abandoning module SlateReflector (58)
[2017.03.27-07.06.46:201][492]LogModuleManager: Shutting down and abandoning module Slate (57)
[2017.03.27-07.06.46:201][492]LogModuleManager: Shutting down and abandoning module EditorStyle (56)
[2017.03.27-07.06.46:202][492]LogModuleManager: Shutting down and abandoning module Messaging (55)
[2017.03.27-07.06.46:202][492]LogModuleManager: Shutting down and abandoning module SourceCodeAccess (54)
[2017.03.27-07.06.46:202][492]LogModuleManager: Shutting down and abandoning module HeadMountedDisplay (53)
[2017.03.27-07.06.46:202][492]LogModuleManager: Shutting down and abandoning module XAudio2 (52)
[2017.03.27-07.06.46:202][492]LogModuleManager: Shutting down and abandoning module Networking (50)
[2017.03.27-07.06.46:202][492]LogModuleManager: Shutting down and abandoning module Core (49)
[2017.03.27-07.06.46:202][492]LogModuleManager: Shutting down and abandoning module KismetCompiler (48)
[2017.03.27-07.06.46:202][492]LogModuleManager: Shutting down and abandoning module PhysXFormats (47)
[2017.03.27-07.06.46:202][492]LogModuleManager: Shutting down and abandoning module MeshUtilities (46)
[2017.03.27-07.06.46:202][492]LogModuleManager: Shutting down and abandoning module AssetRegistry (45)
[2017.03.27-07.06.46:202][492]LogModuleManager: Shutting down and abandoning module DerivedDataCache (44)
[2017.03.27-07.06.46:353][492]LogDerivedDataCache: Shutdown
[2017.03.27-07.06.46:353][492]LogModuleManager: Shutting down and abandoning module VulkanShaderFormat (43)
[2017.03.27-07.06.46:353][492]LogModuleManager: Shutting down and abandoning module ShaderFormatOpenGL (42)
[2017.03.27-07.06.46:353][492]LogModuleManager: Shutting down and abandoning module ShaderFormatD3D (41)
[2017.03.27-07.06.46:353][492]LogModuleManager: Shutting down and abandoning module MetalShaderFormat (40)
[2017.03.27-07.06.46:353][492]LogModuleManager: Shutting down and abandoning module TextureFormatUncompressed (39)
[2017.03.27-07.06.46:353][492]LogModuleManager: Shutting down and abandoning module TextureFormatPVR (38)
[2017.03.27-07.06.46:353][492]LogModuleManager: Shutting down and abandoning module TextureFormatDXT (37)
[2017.03.27-07.06.46:353][492]LogModuleManager: Shutting down and abandoning module TextureFormatIntelISPCTexComp (36)
[2017.03.27-07.06.46:353][492]LogModuleManager: Shutting down and abandoning module ImageWrapper (35)
[2017.03.27-07.06.46:353][492]LogModuleManager: Shutting down and abandoning module TextureFormatASTC (34)
[2017.03.27-07.06.46:353][492]LogModuleManager: Shutting down and abandoning module TextureFormatAndroid (33)
[2017.03.27-07.06.46:353][492]LogModuleManager: Shutting down and abandoning module AudioFormatOpus (32)
[2017.03.27-07.06.46:353][492]LogModuleManager: Shutting down and abandoning module AudioFormatOgg (31)
[2017.03.27-07.06.46:353][492]LogModuleManager: Shutting down and abandoning module AudioFormatADPCM (30)
[2017.03.27-07.06.46:353][492]LogModuleManager: Shutting down and abandoning module WindowsTargetPlatform (29)
[2017.03.27-07.06.46:353][492]LogModuleManager: Shutting down and abandoning module WindowsServerTargetPlatform (28)
[2017.03.27-07.06.46:353][492]LogModuleManager: Shutting down and abandoning module WindowsNoEditorTargetPlatform (27)
[2017.03.27-07.06.46:353][492]LogModuleManager: Shutting down and abandoning module WindowsClientTargetPlatform (26)
[2017.03.27-07.06.46:353][492]LogModuleManager: Shutting down and abandoning module TargetPlatform (25)
[2017.03.27-07.06.46:353][492]LogModuleManager: Shutting down and abandoning module InputCore (24)
[2017.03.27-07.06.46:353][492]LogModuleManager: Shutting down and abandoning module Settings (23)
[2017.03.27-07.06.46:353][492]LogModuleManager: Shutting down and abandoning module OculusRift (22)
[2017.03.27-07.06.46:353][492]LogModuleManager: Shutting down and abandoning module GearVR (21)
[2017.03.27-07.06.46:353][492]LogModuleManager: Shutting down and abandoning module ExampleDeviceProfileSelector (20)
[2017.03.27-07.06.46:353][492]LogModuleManager: Shutting down and abandoning module OnlineBlueprintSupport (19)
[2017.03.27-07.06.46:353][492]LogModuleManager: Shutting down and abandoning module OnlineSubsystem (17)
[2017.03.27-07.06.46:353][492]LogOnline:Display: Unloading online subsystem: NULL
[2017.03.27-07.06.46:353][492]LogModuleManager: Shutting down and abandoning module HTTP (16)
[2017.03.27-07.06.46:359][492]LogModuleManager: Shutting down and abandoning module XMPP (15)
[2017.03.27-07.06.46:359][492]LogModuleManager: Shutting down and abandoning module TextureCompressor (14)
[2017.03.27-07.06.46:359][492]LogModuleManager: Shutting down and abandoning module ShaderCore (13)
[2017.03.27-07.06.46:359][492]LogModuleManager: Shutting down and abandoning module Landscape (12)
[2017.03.27-07.06.46:359][492]LogModuleManager: Shutting down and abandoning module SlateRHIRenderer (11)
[2017.03.27-07.06.46:359][492]LogModuleManager: Shutting down and abandoning module OpenGLDrv (10)
[2017.03.27-07.06.46:359][492]LogModuleManager: Shutting down and abandoning module D3D11RHI (9)
[2017.03.27-07.06.46:359][492]LogModuleManager: Shutting down and abandoning module AnimGraphRuntime (8)
[2017.03.27-07.06.46:359][492]LogModuleManager: Shutting down and abandoning module Renderer (7)
[2017.03.27-07.06.46:359][492]LogModuleManager: Shutting down and abandoning module Engine (6)
[2017.03.27-07.06.46:359][492]LogModuleManager: Shutting down and abandoning module CoreUObject (5)
[2017.03.27-07.06.46:359][492]LogModuleManager: Shutting down and abandoning module NetworkFile (4)
[2017.03.27-07.06.46:359][492]LogModuleManager: Shutting down and abandoning module StreamingFile (3)
[2017.03.27-07.06.46:359][492]LogModuleManager: Shutting down and abandoning module SandboxFile (2)
[2017.03.27-07.06.46:359][492]LogModuleManager: Shutting down and abandoning module PakFile (1)
[2017.03.27-07.06.46:360][492]LogExit: Exiting.
[2017.03.27-07.06.46:362][492]Log file closed, 03/27/17 18:06:46
