Log file open, 04/20/17 16:07:13
LogInit:Display: Running engine for game: DungeonCrawler
LogPlatformFile: Not using cached read wrapper
LogInit:Display: RandInit(595454990) SRandInit(595454990).
LogTaskGraph: Started task graph with 5 named threads and 8 total threads with 1 sets of task threads.
LogStats: Stats thread started at 0.069130
LogPluginManager: Loaded Plugin Paper2D, From C:/Program Files/Epic Games/UE_4.13/Engine/Plugins/2D/Paper2D/Paper2D.uplugin
LogPluginManager: Loaded Plugin LightPropagationVolume, From C:/Program Files/Epic Games/UE_4.13/Engine/Plugins/Blendables/LightPropagationVolume/LightPropagationVolume.uplugin
LogPluginManager: Loaded Plugin BlankPlugin, From C:/Program Files/Epic Games/UE_4.13/Engine/Plugins/Developer/BlankPlugin/BlankPlugin.uplugin
LogPluginManager: Loaded Plugin CodeLiteSourceCodeAccess, From C:/Program Files/Epic Games/UE_4.13/Engine/Plugins/Developer/CodeLiteSourceCodeAccess/CodeLiteSourceCodeAccess.uplugin
LogPluginManager: Loaded Plugin GitSourceControl, From C:/Program Files/Epic Games/UE_4.13/Engine/Plugins/Developer/GitSourceControl/GitSourceControl.uplugin
LogPluginManager: Loaded Plugin KDevelopSourceCodeAccess, From C:/Program Files/Epic Games/UE_4.13/Engine/Plugins/Developer/KDevelopSourceCodeAccess/KDevelopSourceCodeAccess.uplugin
LogPluginManager: Loaded Plugin NullSourceCodeAccess, From C:/Program Files/Epic Games/UE_4.13/Engine/Plugins/Developer/NullSourceCodeAccess/NullSourceCodeAccess.uplugin
LogPluginManager: Loaded Plugin OneSkyLocalizationService, From C:/Program Files/Epic Games/UE_4.13/Engine/Plugins/Developer/OneSkyLocalizationService/OneSkyLocalizationService.uplugin
LogPluginManager: Loaded Plugin PerforceSourceControl, From C:/Program Files/Epic Games/UE_4.13/Engine/Plugins/Developer/PerforceSourceControl/PerforceSourceControl.uplugin
LogPluginManager: Loaded Plugin SubversionSourceControl, From C:/Program Files/Epic Games/UE_4.13/Engine/Plugins/Developer/SubversionSourceControl/SubversionSourceControl.uplugin
LogPluginManager: Loaded Plugin UObjectPlugin, From C:/Program Files/Epic Games/UE_4.13/Engine/Plugins/Developer/UObjectPlugin/UObjectPlugin.uplugin
LogPluginManager: Loaded Plugin VisualStudioSourceCodeAccess, From C:/Program Files/Epic Games/UE_4.13/Engine/Plugins/Developer/VisualStudioSourceCodeAccess/VisualStudioSourceCodeAccess.uplugin
LogPluginManager: Loaded Plugin XCodeSourceCodeAccess, From C:/Program Files/Epic Games/UE_4.13/Engine/Plugins/Developer/XCodeSourceCodeAccess/XCodeSourceCodeAccess.uplugin
LogPluginManager: Loaded Plugin EpicSurvey, From C:/Program Files/Epic Games/UE_4.13/Engine/Plugins/Editor/EpicSurvey/EpicSurvey.uplugin
LogPluginManager: Loaded Plugin MacGraphicsSwitching, From C:/Program Files/Epic Games/UE_4.13/Engine/Plugins/Editor/MacGraphicsSwitching/MacGraphicsSwitching.uplugin
LogPluginManager: Loaded Plugin MobileLauncherProfileWizard, From C:/Program Files/Epic Games/UE_4.13/Engine/Plugins/Editor/MobileLauncherProfileWizard/MobileLauncherProfileWizard.uplugin
LogPluginManager: Loaded Plugin PluginBrowser, From C:/Program Files/Epic Games/UE_4.13/Engine/Plugins/Editor/PluginBrowser/PluginBrowser.uplugin
LogPluginManager: Loaded Plugin SpeedTreeImporter, From C:/Program Files/Epic Games/UE_4.13/Engine/Plugins/Editor/SpeedTreeImporter/SpeedTreeImporter.uplugin
LogPluginManager: Loaded Plugin SuperSearchEditor, From C:/Program Files/Epic Games/UE_4.13/Engine/Plugins/Editor/SuperSearchEditor/SuperSearchEditor.uplugin
LogPluginManager: Loaded Plugin AlembicImporter, From C:/Program Files/Epic Games/UE_4.13/Engine/Plugins/Experimental/AlembicImporter/AlembicImporter.uplugin
LogPluginManager: Loaded Plugin BlueprintStats, From C:/Program Files/Epic Games/UE_4.13/Engine/Plugins/Experimental/BlueprintStats/BlueprintStats.uplugin
LogPluginManager: Loaded Plugin CharacterAI, From C:/Program Files/Epic Games/UE_4.13/Engine/Plugins/Experimental/CharacterAI/CharacterAI.uplugin
LogPluginManager: Loaded Plugin CodeEditor, From C:/Program Files/Epic Games/UE_4.13/Engine/Plugins/Experimental/CodeEditor/CodeEditor.uplugin
LogPluginManager: Loaded Plugin CodeView, From C:/Program Files/Epic Games/UE_4.13/Engine/Plugins/Experimental/CodeView/CodeView.uplugin
LogPluginManager: Loaded Plugin HTML5Networking, From C:/Program Files/Epic Games/UE_4.13/Engine/Plugins/Experimental/HTML5Networking/HTML5Networking.uplugin
LogPluginManager: Loaded Plugin LiveEditor, From C:/Program Files/Epic Games/UE_4.13/Engine/Plugins/Experimental/LiveEditor/LiveEditor.uplugin
LogPluginManager: Loaded Plugin OSVR, From C:/Program Files/Epic Games/UE_4.13/Engine/Plugins/Experimental/OSVR/OSVR.uplugin
LogPluginManager: Loaded Plugin Phya, From C:/Program Files/Epic Games/UE_4.13/Engine/Plugins/Experimental/Phya/Phya.uplugin
LogPluginManager: Loaded Plugin SignificanceManager, From C:/Program Files/Epic Games/UE_4.13/Engine/Plugins/Experimental/SignificanceManager/SignificanceManager.uplugin
LogPluginManager: Loaded Plugin SimpleHMD, From C:/Program Files/Epic Games/UE_4.13/Engine/Plugins/Experimental/SimpleHMD/SimpleHMD.uplugin
LogPluginManager: Loaded Plugin StereoPanorama, From C:/Program Files/Epic Games/UE_4.13/Engine/Plugins/Experimental/StereoPanorama/StereoPanorama.uplugin
LogPluginManager: Loaded Plugin StructBox, From C:/Program Files/Epic Games/UE_4.13/Engine/Plugins/Experimental/StructBox/StructBox.uplugin
LogPluginManager: Loaded Plugin AndroidMedia, From C:/Program Files/Epic Games/UE_4.13/Engine/Plugins/Media/AndroidMedia/AndroidMedia.uplugin
LogPluginManager: Loaded Plugin AvfMedia, From C:/Program Files/Epic Games/UE_4.13/Engine/Plugins/Media/AvfMedia/AvfMedia.uplugin
LogPluginManager: Loaded Plugin MediaPlayerEditor, From C:/Program Files/Epic Games/UE_4.13/Engine/Plugins/Media/MediaPlayerEditor/MediaPlayerEditor.uplugin
LogPluginManager: Loaded Plugin WmfMedia, From C:/Program Files/Epic Games/UE_4.13/Engine/Plugins/Media/WmfMedia/WmfMedia.uplugin
LogPluginManager: Loaded Plugin MessagingDebugger, From C:/Program Files/Epic Games/UE_4.13/Engine/Plugins/Messaging/MessagingDebugger/MessagingDebugger.uplugin
LogPluginManager: Loaded Plugin TcpMessaging, From C:/Program Files/Epic Games/UE_4.13/Engine/Plugins/Messaging/TcpMessaging/TcpMessaging.uplugin
LogPluginManager: Loaded Plugin UdpMessaging, From C:/Program Files/Epic Games/UE_4.13/Engine/Plugins/Messaging/UdpMessaging/UdpMessaging.uplugin
LogPluginManager: Loaded Plugin LevelSequenceEditor, From C:/Program Files/Epic Games/UE_4.13/Engine/Plugins/MovieScene/LevelSequenceEditor/LevelSequenceEditor.uplugin
LogPluginManager: Loaded Plugin MatineeToLevelSequence, From C:/Program Files/Epic Games/UE_4.13/Engine/Plugins/MovieScene/MatineeToLevelSequence/MatineeToLevelSequence.uplugin
LogPluginManager: Loaded Plugin NetcodeUnitTest, From C:/Program Files/Epic Games/UE_4.13/Engine/Plugins/NetcodeUnitTest/NetcodeUnitTest/NetcodeUnitTest.uplugin
LogPluginManager: Loaded Plugin NUTUnrealEngine4, From C:/Program Files/Epic Games/UE_4.13/Engine/Plugins/NetcodeUnitTest/NUTUnrealEngine4/NUTUnrealEngine4.uplugin
LogPluginManager: Loaded Plugin OnlineSubsystemGooglePlay, From C:/Program Files/Epic Games/UE_4.13/Engine/Plugins/Online/Android/OnlineSubsystemGooglePlay/OnlineSubsystemGooglePlay.uplugin
LogPluginManager: Loaded Plugin OnlineSubsystemIOS, From C:/Program Files/Epic Games/UE_4.13/Engine/Plugins/Online/IOS/OnlineSubsystemIOS/OnlineSubsystemIOS.uplugin
LogPluginManager: Loaded Plugin OnlineFramework, From C:/Program Files/Epic Games/UE_4.13/Engine/Plugins/Online/OnlineFramework/OnlineFramework.uplugin
LogPluginManager: Loaded Plugin OnlineSubsystem, From C:/Program Files/Epic Games/UE_4.13/Engine/Plugins/Online/OnlineSubsystem/OnlineSubsystem.uplugin
LogPluginManager: Loaded Plugin OnlineSubsystemAmazon, From C:/Program Files/Epic Games/UE_4.13/Engine/Plugins/Online/OnlineSubsystemAmazon/OnlineSubsystemAmazon.uplugin
LogPluginManager: Loaded Plugin OnlineSubsystemFacebook, From C:/Program Files/Epic Games/UE_4.13/Engine/Plugins/Online/OnlineSubsystemFacebook/OnlineSubsystemFacebook.uplugin
LogPluginManager: Loaded Plugin OnlineSubsystemNull, From C:/Program Files/Epic Games/UE_4.13/Engine/Plugins/Online/OnlineSubsystemNull/OnlineSubsystemNull.uplugin
LogPluginManager: Loaded Plugin OnlineSubsystemOculus, From C:/Program Files/Epic Games/UE_4.13/Engine/Plugins/Online/OnlineSubsystemOculus/OnlineSubsystemOculus.uplugin
LogPluginManager: Loaded Plugin OnlineSubsystemSteam, From C:/Program Files/Epic Games/UE_4.13/Engine/Plugins/Online/OnlineSubsystemSteam/OnlineSubsystemSteam.uplugin
LogPluginManager: Loaded Plugin OnlineSubsystemUtils, From C:/Program Files/Epic Games/UE_4.13/Engine/Plugins/Online/OnlineSubsystemUtils/OnlineSubsystemUtils.uplugin
LogPluginManager: Loaded Plugin IOSTapJoy, From C:/Program Files/Epic Games/UE_4.13/Engine/Plugins/Runtime/Advertising/IOSTapJoy/IOSTapJoy.uplugin
LogPluginManager: Loaded Plugin AnalyticsBlueprintLibrary, From C:/Program Files/Epic Games/UE_4.13/Engine/Plugins/Runtime/Analytics/AnalyticsBlueprintLibrary/AnalyticsBlueprintLibrary.uplugin
LogPluginManager: Loaded Plugin AnalyticsMulticast, From C:/Program Files/Epic Games/UE_4.13/Engine/Plugins/Runtime/Analytics/AnalyticsMulticast/AnalyticsMulticast.uplugin
LogPluginManager: Loaded Plugin Apsalar, From C:/Program Files/Epic Games/UE_4.13/Engine/Plugins/Runtime/Analytics/Apsalar/Apsalar.uplugin
LogPluginManager: Loaded Plugin FileLogging, From C:/Program Files/Epic Games/UE_4.13/Engine/Plugins/Runtime/Analytics/FileLogging/FileLogging.uplugin
LogPluginManager: Loaded Plugin Flurry, From C:/Program Files/Epic Games/UE_4.13/Engine/Plugins/Runtime/Analytics/Flurry/Flurry.uplugin
LogPluginManager: Loaded Plugin AndroidDeviceProfileSelector, From C:/Program Files/Epic Games/UE_4.13/Engine/Plugins/Runtime/AndroidDeviceProfileSelector/AndroidDeviceProfileSelector.uplugin
LogPluginManager: Loaded Plugin AndroidMoviePlayer, From C:/Program Files/Epic Games/UE_4.13/Engine/Plugins/Runtime/AndroidMoviePlayer/AndroidMoviePlayer.uplugin
LogPluginManager: Loaded Plugin AppleMoviePlayer, From C:/Program Files/Epic Games/UE_4.13/Engine/Plugins/Runtime/AppleMoviePlayer/AppleMoviePlayer.uplugin
LogPluginManager: Loaded Plugin ArchVisCharacter, From C:/Program Files/Epic Games/UE_4.13/Engine/Plugins/Runtime/ArchVisCharacter/ArchVisCharacter.uplugin
LogPluginManager: Loaded Plugin CableComponent, From C:/Program Files/Epic Games/UE_4.13/Engine/Plugins/Runtime/CableComponent/CableComponent.uplugin
LogPluginManager: Loaded Plugin CustomMeshComponent, From C:/Program Files/Epic Games/UE_4.13/Engine/Plugins/Runtime/CustomMeshComponent/CustomMeshComponent.uplugin
LogPluginManager: Loaded Plugin ExampleDeviceProfileSelector, From C:/Program Files/Epic Games/UE_4.13/Engine/Plugins/Runtime/ExampleDeviceProfileSelector/ExampleDeviceProfileSelector.uplugin
LogPluginManager: Loaded Plugin GearVR, From C:/Program Files/Epic Games/UE_4.13/Engine/Plugins/Runtime/GearVR/GearVR.uplugin
LogPluginManager: Loaded Plugin GoogleVRController, From C:/Program Files/Epic Games/UE_4.13/Engine/Plugins/Runtime/GoogleVR/GoogleVRController/GoogleVRController.uplugin
LogPluginManager: Loaded Plugin GoogleVRHMD, From C:/Program Files/Epic Games/UE_4.13/Engine/Plugins/Runtime/GoogleVR/GoogleVRHMD/GoogleVRHMD.uplugin
LogPluginManager: Loaded Plugin IOSDeviceProfileSelector, From C:/Program Files/Epic Games/UE_4.13/Engine/Plugins/Runtime/IOSDeviceProfileSelector/IOSDeviceProfileSelector.uplugin
LogPluginManager: Loaded Plugin LeapMotion, From C:/Program Files/Epic Games/UE_4.13/Engine/Plugins/Runtime/LeapMotion/LeapMotion.uplugin
LogPluginManager: Loaded Plugin LinuxDeviceProfileSelector, From C:/Program Files/Epic Games/UE_4.13/Engine/Plugins/Runtime/LinuxDeviceProfileSelector/LinuxDeviceProfileSelector.uplugin
LogPluginManager: Loaded Plugin LiveEditorListenServer, From C:/Program Files/Epic Games/UE_4.13/Engine/Plugins/Runtime/LiveEditorListenServer/LiveEditorListenServer.uplugin
LogPluginManager: Loaded Plugin OculusAudio, From C:/Program Files/Epic Games/UE_4.13/Engine/Plugins/Runtime/OculusAudio/OculusAudio.uplugin
LogPluginManager: Loaded Plugin OculusInput, From C:/Program Files/Epic Games/UE_4.13/Engine/Plugins/Runtime/OculusInput/OculusInput.uplugin
LogPluginManager: Loaded Plugin OculusLibrary, From C:/Program Files/Epic Games/UE_4.13/Engine/Plugins/Runtime/OculusLibrary/OculusLibrary.uplugin
LogPluginManager: Loaded Plugin OculusRift, From C:/Program Files/Epic Games/UE_4.13/Engine/Plugins/Runtime/OculusRift/OculusRift.uplugin
LogPluginManager: Loaded Plugin Oodle, From C:/Program Files/Epic Games/UE_4.13/Engine/Plugins/Runtime/PacketHandlers/CompressionComponents/Oodle/Oodle.uplugin
LogPluginManager: Loaded Plugin ProceduralMeshComponent, From C:/Program Files/Epic Games/UE_4.13/Engine/Plugins/Runtime/ProceduralMeshComponent/ProceduralMeshComponent.uplugin
LogPluginManager: Loaded Plugin SoundMod, From C:/Program Files/Epic Games/UE_4.13/Engine/Plugins/Runtime/SoundMod/SoundMod.uplugin
LogPluginManager: Loaded Plugin SoundVisualizations, From C:/Program Files/Epic Games/UE_4.13/Engine/Plugins/Runtime/SoundVisualizations/SoundVisualizations.uplugin
LogPluginManager: Loaded Plugin SteamController, From C:/Program Files/Epic Games/UE_4.13/Engine/Plugins/Runtime/Steam/SteamController/SteamController.uplugin
LogPluginManager: Loaded Plugin SteamVR, From C:/Program Files/Epic Games/UE_4.13/Engine/Plugins/Runtime/Steam/SteamVR/SteamVR.uplugin
LogPluginManager: Loaded Plugin WebBrowserWidget, From C:/Program Files/Epic Games/UE_4.13/Engine/Plugins/Runtime/WebBrowserWidget/WebBrowserWidget.uplugin
LogPluginManager: Loaded Plugin WindowsDeviceProfileSelector, From C:/Program Files/Epic Games/UE_4.13/Engine/Plugins/Runtime/WindowsDeviceProfileSelector/WindowsDeviceProfileSelector.uplugin
LogPluginManager: Loaded Plugin WindowsMoviePlayer, From C:/Program Files/Epic Games/UE_4.13/Engine/Plugins/Runtime/WindowsMoviePlayer/WindowsMoviePlayer.uplugin
LogPluginManager: Loaded Plugin ScriptPlugin, From C:/Program Files/Epic Games/UE_4.13/Engine/Plugins/ScriptPlugin/ScriptPlugin.uplugin
LogPluginManager: Loaded Plugin SlateRemote, From C:/Program Files/Epic Games/UE_4.13/Engine/Plugins/Slate/SlateRemote/SlateRemote.uplugin
LogInit: Using libcurl 7.47.1
LogInit:  - built for x86_64-pc-win32
LogInit:  - supports SSL with WinSSL
LogInit:  - other features:
LogInit:      CURL_VERSION_SSL
LogInit:      CURL_VERSION_IPV6
LogInit:      CURL_VERSION_ASYNCHDNS
LogInit:      CURL_VERSION_LARGEFILE
LogInit:      CURL_VERSION_IDN
LogInit:  CurlRequestOptions (configurable via config and command line):
LogInit:  - bVerifyPeer = false  - Libcurl will NOT verify peer certificate
LogInit:  - bUseHttpProxy = false  - Libcurl will NOT use HTTP proxy
LogInit:  - bDontReuseConnections = false  - Libcurl will reuse connections
LogInit:  - CertBundlePath = nullptr  - Libcurl will use whatever was configured at build time.
LogInit: Build: ++UE4+Release-4.13-CL-3172292
LogInit: Engine Version: 4.13.2-3172292+++UE4+Release-4.13
LogInit: Compatible Engine Version: 4.13.0-3106830+++UE4+Release-4.13
LogInit: Net CL: 3172292
LogDevObjectVersion: Number of dev versions registered: 13
LogDevObjectVersion:   Dev-Blueprints (B0D832E4-1F89-4F0D-ACCF-7EB736FD4AA2): 5
LogDevObjectVersion:   Dev-Build (E1C64328-A22C-4D53-A36C-8E866417BD8C): 0
LogDevObjectVersion:   Dev-Core (375EC13C-06E4-48FB-B500-84F0262A717E): 1
LogDevObjectVersion:   Dev-Editor (E4B068ED-F494-42E9-A231-DA0B2E46BB41): 6
LogDevObjectVersion:   Dev-Framework (CFFC743F-43B0-4480-9391-14DF171D2073): 12
LogDevObjectVersion:   Dev-Mobile (B02B49B5-BB20-44E9-A304-32B752E40360): 0
LogDevObjectVersion:   Dev-Networking (A4E4105C-59A1-49B5-A7C5-40C4547EDFEE): 0
LogDevObjectVersion:   Dev-Online (39C831C9-5AE6-47DC-9A44-9C173E1C8E7C): 0
LogDevObjectVersion:   Dev-Physics (78F01B33-EBEA-4F98-B9B4-84EACCB95AA2): 0
LogDevObjectVersion:   Dev-Platform (6631380F-2D4D-43E0-8009-CF276956A95A): 0
LogDevObjectVersion:   Dev-Rendering (12F88B9F-8875-4AFC-A67C-D90C383ABD29): 4
LogDevObjectVersion:   Dev-Sequencer (7B5AE74C-D270-4C10-A958-57980B212A5A): 0
LogDevObjectVersion:   Dev-VR (D7296918-1DD6-4BDD-9DE2-64A83CC13884): 0
LogInit: Compiled (64-bit): Oct 24 2016 14:29:06
LogInit: Compiled with Visual C++: 19.00.23026.00
LogInit: Build Configuration: Development
LogInit: Branch Name: ++UE4+Release-4.13
LogInit: Command line:  
LogInit: Base directory: C:/Program Files/Epic Games/UE_4.13/Engine/Binaries/Win64/
LogInit: Installed Engine Build: 1
LogInit: Presizing for max 8388607 objects, including 0 objects not considered by GC, pre-allocating 0 bytes for permanent pool.
LogInit: Object subsystem initialized
[2017.04.20-06.07.13:222][  0]LogInit: Selected Device Profile: [Windows]
[2017.04.20-06.07.13:222][  0]LogInit: Applying CVar settings loaded from the selected device profile: [Windows]
[2017.04.20-06.07.13:241][  0]LogInit: Computer: 818QF42
[2017.04.20-06.07.13:241][  0]LogInit: User: L201429928
[2017.04.20-06.07.13:241][  0]LogInit: CPU Page size=65536, Cores=4
[2017.04.20-06.07.13:241][  0]LogInit: High frequency timer resolution =3.515644 MHz
[2017.04.20-06.07.13:241][  0]LogMemory: Memory total: Physical=15.9GB (16GB approx)
[2017.04.20-06.07.13:241][  0]LogMemory: Platform Memory Stats for Windows
[2017.04.20-06.07.13:241][  0]LogMemory: Process Physical Memory: 256.43 MB used, 256.43 MB peak
[2017.04.20-06.07.13:241][  0]LogMemory: Process Virtual Memory: 260.04 MB used, 260.04 MB peak
[2017.04.20-06.07.13:241][  0]LogMemory: Physical Memory: 4321.54 MB used, 16298.84 MB total
[2017.04.20-06.07.13:241][  0]LogMemory: Virtual Memory: 623.22 MB used, 134217728.00 MB total
[2017.04.20-06.07.13:263][  0]LogTextLocalizationManager: No specific translations for ('en-AU') exist, so ('en') translations will be used.
[2017.04.20-06.07.13:744][  0]LogD3D11RHI: D3D11 adapters:
[2017.04.20-06.07.13:753][  0]LogD3D11RHI:    0. 'AMD Radeon(TM) R9 270' (Feature Level 11_0)
[2017.04.20-06.07.13:753][  0]LogD3D11RHI:       2030/0/8149 MB DedicatedVideo/DedicatedSystem/SharedSystem, Outputs:1, VendorId:0x1002
[2017.04.20-06.07.13:758][  0]LogD3D11RHI:    1. 'Intel(R) HD Graphics 4600' (Feature Level 11_0)
[2017.04.20-06.07.13:758][  0]LogD3D11RHI:       112/0/2048 MB DedicatedVideo/DedicatedSystem/SharedSystem, Outputs:0, VendorId:0x8086
[2017.04.20-06.07.13:760][  0]LogD3D11RHI:    2. 'Microsoft Basic Render Driver' (Feature Level 11_0)
[2017.04.20-06.07.13:760][  0]LogD3D11RHI:       0/0/8149 MB DedicatedVideo/DedicatedSystem/SharedSystem, Outputs:0, VendorId:0x1414
[2017.04.20-06.07.13:760][  0]LogD3D11RHI: Chosen D3D11 Adapter: 0
[2017.04.20-06.07.13:763][  0]LogD3D11RHI: Creating new Direct3DDevice
[2017.04.20-06.07.13:763][  0]LogD3D11RHI:     GPU DeviceId: 0x6811 (for the marketing name, search the web for "GPU Device Id")
[2017.04.20-06.07.13:763][  0]LogWindows: EnumDisplayDevices:
[2017.04.20-06.07.13:763][  0]LogWindows:    0. 'AMD Radeon(TM) R9 270' (P:1 D:1)
[2017.04.20-06.07.13:763][  0]LogWindows:    1. 'AMD Radeon(TM) R9 270' (P:0 D:0)
[2017.04.20-06.07.13:764][  0]LogWindows:    2. 'AMD Radeon(TM) R9 270' (P:0 D:0)
[2017.04.20-06.07.13:764][  0]LogWindows:    3. 'AMD Radeon(TM) R9 270' (P:0 D:0)
[2017.04.20-06.07.13:764][  0]LogWindows:    4. 'AMD Radeon(TM) R9 270' (P:0 D:0)
[2017.04.20-06.07.13:764][  0]LogWindows:    5. 'AMD Radeon(TM) R9 270' (P:0 D:0)
[2017.04.20-06.07.13:764][  0]LogWindows:    6. 'Intel(R) HD Graphics 4600' (P:0 D:0)
[2017.04.20-06.07.13:765][  0]LogWindows:    7. 'Intel(R) HD Graphics 4600' (P:0 D:0)
[2017.04.20-06.07.13:765][  0]LogWindows:    8. 'Intel(R) HD Graphics 4600' (P:0 D:0)
[2017.04.20-06.07.13:765][  0]LogWindows: DebugString: PrimaryIsNotTheChoosenAdapter PrimaryIsNotTheChoosenAdapter PrimaryIsNotTheChoosenAdapter FoundDriverCount:6 
[2017.04.20-06.07.13:765][  0]LogD3D11RHI:     Adapter Name: AMD Radeon(TM) R9 270
[2017.04.20-06.07.13:765][  0]LogD3D11RHI:   Driver Version: Crimson 15.11 (internal:15.301.1701.0, unified:15.301.1701.0)
[2017.04.20-06.07.13:765][  0]LogD3D11RHI:      Driver Date: 1-13-2016
[2017.04.20-06.07.13:765][  0]LogRHI: Texture pool is 1361 MB (70% of 1945 MB)
[2017.04.20-06.07.13:770][  0]LogD3D11RHI: Async texture creation enabled
[2017.04.20-06.07.13:782][  0]LogD3D11RHI: GPU Timing Frequency: 27.000000 (Debug: 2 1)
[2017.04.20-06.07.13:783][  0]LogShaderCompilers: Guid format shader working directory is -14 characters bigger than the processId version (D:/TAFE/Jacob Lee 2017 TAFE UE4/Unreal Projects/DungeonCrawler/Intermediate/Shaders/WorkingDirectory/14824/).
[2017.04.20-06.07.13:783][  0]LogShaderCompilers: Cleaned the shader compiler working directory 'C:/Users/L20142~1/AppData/Local/Temp/UnrealShaderWorkingDir/29F47ADF46F0841EDA6AEFA1D999E226/'.
[2017.04.20-06.07.13:783][  0]LogShaderCompilers:Display: Using Local Shader Compiler.
[2017.04.20-06.07.14:598][  0]LogTemp:Display: Loaded TP AllDesktopTargetPlatform
[2017.04.20-06.07.14:605][  0]LogTemp:Display: Loaded TP WindowsClientTargetPlatform
[2017.04.20-06.07.14:612][  0]LogTemp:Display: Loaded TP WindowsNoEditorTargetPlatform
[2017.04.20-06.07.14:619][  0]LogTemp:Display: Loaded TP WindowsServerTargetPlatform
[2017.04.20-06.07.14:625][  0]LogTemp:Display: Loaded TP WindowsTargetPlatform
[2017.04.20-06.07.14:631][  0]LogTemp:Display: Loaded TP AndroidTargetPlatform
[2017.04.20-06.07.14:637][  0]LogTemp:Display: Loaded TP Android_ASTCTargetPlatform
[2017.04.20-06.07.14:642][  0]LogTemp:Display: Loaded TP Android_ATCTargetPlatform
[2017.04.20-06.07.14:648][  0]LogTemp:Display: Loaded TP Android_DXTTargetPlatform
[2017.04.20-06.07.14:653][  0]LogTemp:Display: Loaded TP Android_ETC1TargetPlatform
[2017.04.20-06.07.14:659][  0]LogTemp:Display: Loaded TP Android_ETC2TargetPlatform
[2017.04.20-06.07.14:670][  0]LogTemp:Display: Loaded TP Android_MultiTargetPlatform
[2017.04.20-06.07.14:670][  0]LogTemp:Display: Loaded TP Android_PVRTCTargetPlatform
[2017.04.20-06.07.14:671][  0]LogTemp:Display: Loaded TP HTML5TargetPlatform
[2017.04.20-06.07.14:690][  0]LogTemp:Display: Loaded TP IOSTargetPlatform
[2017.04.20-06.07.14:695][  0]LogTemp:Display: Loaded TP TVOSTargetPlatform
[2017.04.20-06.07.14:700][  0]LogTemp:Display: Loaded TP LinuxClientTargetPlatform
[2017.04.20-06.07.14:706][  0]LogTemp:Display: Loaded TP LinuxNoEditorTargetPlatform
[2017.04.20-06.07.14:711][  0]LogTemp:Display: Loaded TP LinuxServerTargetPlatform
[2017.04.20-06.07.14:717][  0]LogTemp:Display: Loaded TP LinuxTargetPlatform
[2017.04.20-06.07.14:717][  0]LogTargetPlatformManager:Display: Building Assets For Windows
[2017.04.20-06.07.14:780][  0]LogDerivedDataCache:Display: Max Cache Size: 512 MB
[2017.04.20-06.07.14:840][  0]LogDerivedDataCache: Loaded boot cache 0.06s 76MB C:/Users/L201429928/AppData/Local/UnrealEngine/4.13/DerivedDataCache/Boot.ddc.
[2017.04.20-06.07.14:840][  0]LogDerivedDataCache:Display: Loaded Boot cache: C:/Users/L201429928/AppData/Local/UnrealEngine/4.13/DerivedDataCache/Boot.ddc
[2017.04.20-06.07.14:840][  0]LogDerivedDataCache: FDerivedDataBackendGraph:  Pak pak cache file D:/TAFE/Jacob Lee 2017 TAFE UE4/Unreal Projects/DungeonCrawler/DerivedDataCache/DDC.ddp not found, will not use a pak cache.
[2017.04.20-06.07.14:840][  0]LogDerivedDataCache: Unable to find inner node Pak for hierarchical cache Hierarchy.
[2017.04.20-06.07.14:840][  0]LogDerivedDataCache: FDerivedDataBackendGraph:  CompressedPak pak cache file D:/TAFE/Jacob Lee 2017 TAFE UE4/Unreal Projects/DungeonCrawler/DerivedDataCache/Compressed.ddp not found, will not use a pak cache.
[2017.04.20-06.07.14:840][  0]LogDerivedDataCache: Unable to find inner node CompressedPak for hierarchical cache Hierarchy.
[2017.04.20-06.07.14:854][  0]LogDerivedDataCache:Display: Pak cache opened for reading ../../../Engine/DerivedDataCache/Compressed.ddp.
[2017.04.20-06.07.14:866][  0]LogDerivedDataCache: Using Local data cache path C:/Users/L201429928/AppData/Local/UnrealEngine/Common/DerivedDataCache: Writable
[2017.04.20-06.07.15:029][  0]LogInit: Selected Device Profile: [Windows]
[2017.04.20-06.07.15:031][  0]LogContentStreaming: Texture pool size is 0.00 MB
[2017.04.20-06.07.15:106][  0]LogMeshUtilities: No automatic mesh reduction module available
[2017.04.20-06.07.15:106][  0]LogMeshUtilities: No automatic mesh merging module available
[2017.04.20-06.07.15:106][  0]LogMeshUtilities: No distributed automatic mesh merging module available
[2017.04.20-06.07.15:159][  0]LogMaterial: Uniform references updated for custom material expression Custom.
[2017.04.20-06.07.15:398][  0]LogNetVersion: GetLocalNetworkVersion: CL: 3106830, ProjectName: dungeoncrawler, ProjectVersion: , EngineNetworkVersion: 1, GameNetworkVersion: 0, NetworkChecksum: 3096676926
[2017.04.20-06.07.15:432][  0]LogAssetRegistry: FAssetRegistry took 0.0215 seconds to start up
[2017.04.20-06.07.15:515][  0]LogPackageLocalizationCache: Processed 3 localized package path(s) for 2 prioritized culture(s) in 0.081398 seconds
[2017.04.20-06.07.15:520][  0]LogUObjectArray: 29778 objects as part of root set at end of initial load.
[2017.04.20-06.07.15:520][  0]LogUObjectAllocator: 6125448 out of 0 bytes used by permanent object pool.
[2017.04.20-06.07.15:520][  0]LogUObjectArray: CloseDisregardForGC: 0/0 objects in disregard for GC pool
[2017.04.20-06.07.15:526][  0]LogInit: WinSock: version 1.1 (2.2), MaxSocks=32767, MaxUdp=65467
[2017.04.20-06.07.15:696][  0]LogSlate: SlateFontCache - WITH_FREETYPE: 1, WITH_HARFBUZZ: 1
[2017.04.20-06.07.15:696][  0]LogSlate: SlateFontCache - WITH_FREETYPE: 1, WITH_HARFBUZZ: 1
[2017.04.20-06.07.16:218][  0]LogTcpMessaging: Initializing TcpMessaging bridge
[2017.04.20-06.07.16:239][  0]LogUdpMessaging: Initializing bridge on interface 0.0.0.0:0 to multicast group 230.0.0.1:6666.
[2017.04.20-06.07.16:529][  0]SourceControl: Info Source control is disabled
[2017.04.20-06.07.16:530][  0]SourceControl: Info Source control is disabled
[2017.04.20-06.07.16:537][  0]SourceControl: Info Source control is disabled
[2017.04.20-06.07.16:545][  0]SourceControl: Info Source control is disabled
[2017.04.20-06.07.16:785][  0]LogEngine: Initializing Engine...
[2017.04.20-06.07.16:786][  0]LogHMD: Failed to initialize OpenVR with code 110
[2017.04.20-06.07.16:895][  0]LogAIModule: Creating AISystem for world Untitled
[2017.04.20-06.07.16:902][  0]LogInit: XAudio2 using 'Realtek Digital Output (Realtek Audio)' : 2 channels at 48 kHz using 16 bits per sample (channel mask 0x3)
[2017.04.20-06.07.16:928][  0]LogInit: FAudioDevice initialized.
[2017.04.20-06.07.16:962][  0]LogDerivedDataCache: Saved boot cache 0.03s 76MB C:/Users/L201429928/AppData/Local/UnrealEngine/4.13/DerivedDataCache/Boot.ddc.
[2017.04.20-06.07.16:968][  0]LogInit: Texture streaming: Enabled
[2017.04.20-06.07.16:987][  0]LogInit: Transaction tracking system initialized
[2017.04.20-06.07.17:004][  0]BlueprintLog: New page: Editor Load
[2017.04.20-06.07.17:061][  0]LocalizationService: Info Localization service is disabled
[2017.04.20-06.07.17:132][  0]LogConsoleResponse:Display: 
[2017.04.20-06.07.17:247][  0]LogCook:Display: Max memory allowance for cook 16384mb min free memory 0mb
[2017.04.20-06.07.17:247][  0]LogCook:Display: Mobile HDR setting 0
[2017.04.20-06.07.17:387][  0]LogFileCache: Scanning file cache for directory 'D:/TAFE/Jacob Lee 2017 TAFE UE4/Unreal Projects/DungeonCrawler/Content/' took 0.02s
[2017.04.20-06.07.17:387][  0]SourceControl: Info Source control is disabled
[2017.04.20-06.07.17:387][  0]Cmd: MAP LOAD FILE="D:/TAFE/Jacob Lee 2017 TAFE UE4/Unreal Projects/DungeonCrawler/Content/TopDownBP/Maps/TopDownExampleMap.umap" TEMPLATE=0 SHOWPROGRESS=1 FEATURELEVEL=3
[2017.04.20-06.07.17:416][  0]LightingResults: New page: Lighting Build
[2017.04.20-06.07.17:419][  0]MapCheck: New page: Map Check
[2017.04.20-06.07.17:419][  0]LightingResults: New page: Lighting Build
[2017.04.20-06.07.19:138][  0]LogMaterial: Missing cached shader map for material CubeMaterial, compiling. 
[2017.04.20-06.07.19:344][  0]LogTexture:Display: Building textures: T_Dual_Blade_Axe6_2_N (BC5)
[2017.04.20-06.07.19:386][  0]LogTexture:Display: Building textures: T_Dual_Blade_Axe6_2_D (AutoDXT)
[2017.04.20-06.07.19:548][  0]LogTexture:Display: Building textures: T_Dual_Blade_Axe6_1_N (BC5)
[2017.04.20-06.07.19:569][  0]LogTexture:Display: Building textures: T_Dual_Blade_Axe6_1_M (AutoDXT)
[2017.04.20-06.07.19:617][  0]LogTexture:Display: Building textures: T_Dual_Blade_Axe6_1_D (AutoDXT)
[2017.04.20-06.07.19:772][  0]LogMaterial: Missing cached shader map for material M_Dual_Blade_Axe6, compiling. 
[2017.04.20-06.07.19:847][  0]LogTexture:Display: Building textures: T_Blade_BlackWyrmBlade2_N (BC5)
[2017.04.20-06.07.19:856][  0]LogTexture:Display: Building textures: T_Blade_BlackWyrmBlade2_D (AutoDXT)
[2017.04.20-06.07.19:899][  0]LogTexture:Display: Building textures: T_Blade_BlackWyrmBlade1_N (BC5)
[2017.04.20-06.07.19:910][  0]LogTexture:Display: Building textures: T_Blade_BlackWyrmBlade1_D (AutoDXT)
[2017.04.20-06.07.20:012][  0]LogTexture:Display: Building textures: T_Blade_Bubblewand2_D (AutoDXT)
[2017.04.20-06.07.20:196][  0]LogTexture:Display: Building textures: T_Blade_Bubblewand1_N (BC5)
[2017.04.20-06.07.20:238][  0]LogTexture:Display: Building textures: T_Blade_Bubblewand1_D (AutoDXT)
[2017.04.20-06.07.20:413][  0]LogTexture:Display: Building textures: T_Blade_Bubblewand2_N (BC5)
[2017.04.20-06.07.20:438][  0]LogMaterial: Missing cached shader map for material M_Blade_Bubblewand, compiling. 
[2017.04.20-06.07.20:541][  0]LogTexture:Display: Building textures: T_Forging_Mallet_02and3_N (BC5)
[2017.04.20-06.07.20:675][  0]LogTexture:Display: Building textures: T_Forging_Mallet_02and3_E (AutoDXT)
[2017.04.20-06.07.20:882][  0]LogTexture:Display: Building textures: T_Forging_Mallet_02and3_D (AutoDXT)
[2017.04.20-06.07.21:457][  0]LogTexture:Display: Building textures: T_Forging_Mallet_02_M_R (AutoDXT)
[2017.04.20-06.07.21:668][  0]LogTexture:Display: Building textures: T_FogPlane01_Clouds (AutoDXT)
[2017.04.20-06.07.21:838][  0]LogMaterial: Missing cached shader map for material T_Forging_Mallet_02and3_D_Mat, compiling. 
[2017.04.20-06.07.21:890][  0]LogTexture:Display: Building textures: T_Blade_BlackKnight_Sword2_N (BC5)
[2017.04.20-06.07.21:899][  0]LogTexture:Display: Building textures: T_Blade_BlackKnight_Sword2_M (AutoDXT)
[2017.04.20-06.07.21:920][  0]LogTexture:Display: Building textures: T_Blade_BlackKnight_Sword2_D (AutoDXT)
[2017.04.20-06.07.21:986][  0]LogTexture:Display: Building textures: T_Blade_BlackKnight_Sword1_N (BC5)
[2017.04.20-06.07.21:995][  0]LogTexture:Display: Building textures: T_Blade_BlackKnight_Sword1_M (AutoDXT)
[2017.04.20-06.07.22:008][  0]LogTexture:Display: Building textures: T_Blade_BlackKnight_Sword1_D (AutoDXT)
[2017.04.20-06.07.22:070][  0]LogMaterial: Missing cached shader map for material M_Blade_BlackKnight, compiling. 
[2017.04.20-06.07.22:113][  0]LogTexture:Display: Building textures: T_Blade_ExecutionerAxe2_N (BC5)
[2017.04.20-06.07.22:123][  0]LogTexture:Display: Building textures: T_Blade_ExecutionerAxe2_M (AutoDXT)
[2017.04.20-06.07.22:135][  0]LogTexture:Display: Building textures: T_Blade_ExecutionerAxe2_D (AutoDXT)
[2017.04.20-06.07.22:201][  0]LogTexture:Display: Building textures: T_Blade_ExecutionerAxe1_N (BC5)
[2017.04.20-06.07.22:210][  0]LogTexture:Display: Building textures: T_Blade_ExecutionerAxe1_M (AutoDXT)
[2017.04.20-06.07.22:223][  0]LogTexture:Display: Building textures: T_Blade_ExecutionerAxe1_D (AutoDXT)
[2017.04.20-06.07.22:283][  0]LogMaterial: Missing cached shader map for material M_Blade_Execution, compiling. 
[2017.04.20-06.07.22:405][  0]LogTexture:Display: Building textures: AnalogHat (AutoDXT)
[2017.04.20-06.07.22:494][  0]LogTexture:Display: Building textures: T_ML_Rubber_Blue_01_D (AutoDXT)
[2017.04.20-06.07.22:635][  0]LogTexture:Display: Building textures: T_ML_Rubber_Blue_01_N (BC5)
[2017.04.20-06.07.22:682][  0]LogTexture:Display: Building textures: T_ML_Aluminum01 (AutoDXT)
[2017.04.20-06.07.22:803][  0]LogTexture:Display: Building textures: T_ML_Aluminum01_N (BC5)
[2017.04.20-06.07.22:848][  0]LogTexture:Display: Building textures: T_UE4_Mannequin_Mobile_M (AutoDXT)
[2017.04.20-06.07.22:994][  0]LogTexture:Display: Building textures: T_UE4_Mannequin_Mobile_N (BC5)
[2017.04.20-06.07.23:093][  0]LogTexture:Display: Building textures: UE4_LOGO_CARD (AutoDXT)
[2017.04.20-06.07.23:136][  0]LogMaterial: Missing cached shader map for material M_UE4Man_Body, compiling. 
[2017.04.20-06.07.23:259][  0]LogTexture:Display: Building textures: UE4Man_Logo_N (BC5)
[2017.04.20-06.07.23:284][  0]LogMaterial: Missing cached shader map for material M_UE4Man_Body, compiling. 
[2017.04.20-06.07.23:481][  0]LogTexture:Display: Building textures: HQ_Lightmap0_6 (AutoDXT)
[2017.04.20-06.07.23:496][  0]LogTexture:Display: Building textures: HQ_Lightmap1_1 (AutoDXT)
[2017.04.20-06.07.23:572][  0]LogTexture:Display: Building textures: HQ_Lightmap1_2 (AutoDXT)
[2017.04.20-06.07.23:606][  0]LogTexture:Display: Building textures: HQ_Lightmap1_3 (AutoDXT)
[2017.04.20-06.07.23:672][  0]LogTexture:Display: Building textures: HQ_Lightmap1_4 (AutoDXT)
[2017.04.20-06.07.23:698][  0]LogTexture:Display: Building textures: HQ_Lightmap1_5 (AutoDXT)
[2017.04.20-06.07.23:753][  0]LogTexture:Display: Building textures: LQ_Lightmap_0_6 (DXT1)
[2017.04.20-06.07.23:768][  0]LogTexture:Display: Building textures: LQ_Lightmap_1_1 (DXT1)
[2017.04.20-06.07.23:820][  0]LogTexture:Display: Building textures: LQ_Lightmap_1_2 (DXT1)
[2017.04.20-06.07.23:838][  0]LogTexture:Display: Building textures: LQ_Lightmap_1_3 (DXT1)
[2017.04.20-06.07.23:866][  0]LogTexture:Display: Building textures: LQ_Lightmap_1_4 (DXT1)
[2017.04.20-06.07.23:886][  0]LogTexture:Display: Building textures: LQ_Lightmap_1_5 (DXT1)
[2017.04.20-06.07.23:915][  0]LogTexture:Display: Building textures: SkyOcclusion1_1 (AutoDXT)
[2017.04.20-06.07.23:963][  0]LogTexture:Display: Building textures: SkyOcclusion1_2 (AutoDXT)
[2017.04.20-06.07.23:980][  0]LogTexture:Display: Building textures: SkyOcclusion1_3 (AutoDXT)
[2017.04.20-06.07.24:007][  0]LogTexture:Display: Building textures: SkyOcclusion1_4 (AutoDXT)
[2017.04.20-06.07.24:024][  0]LogTexture:Display: Building textures: SkyOcclusion1_5 (AutoDXT)
[2017.04.20-06.07.24:055][  0]LogTexture:Display: Building textures: SkyOcclusion1_6 (AutoDXT)
[2017.04.20-06.07.24:146][  0]LogTexture:Display: Building textures: T_Sky_Clouds_M (BGRA8)
[2017.04.20-06.07.24:516][  0]LogTexture:Display: Building textures: T_Sky_Stars (AutoDXT)
[2017.04.20-06.07.24:918][  0]LogTexture:Display: Building textures: T_Sky_Blue (AutoDXT)
[2017.04.20-06.07.25:844][  0]LogTexture:Display: Building textures: ShadowMapTexture2D_10 (G8)
[2017.04.20-06.07.25:849][  0]LogTexture:Display: Building textures: ShadowMapTexture2D_11 (G8)
[2017.04.20-06.07.25:854][  0]LogTexture:Display: Building textures: ShadowMapTexture2D_12 (G8)
[2017.04.20-06.07.25:855][  0]LogTexture:Display: Building textures: ShadowMapTexture2D_7 (G8)
[2017.04.20-06.07.25:881][  0]LogTexture:Display: Building textures: ShadowMapTexture2D_8 (G8)
[2017.04.20-06.07.25:886][  0]LogTexture:Display: Building textures: ShadowMapTexture2D_9 (G8)
[2017.04.20-06.07.25:981][  0]LogAnimationCompression: Building Anim DDC data for AnimSequence /Game/Mannequin/Animations/ThirdPersonJump_End.ThirdPersonJump_End
[2017.04.20-06.07.25:986][  0]LogAnimationCompression: Building Anim DDC data for AnimSequence /Game/Mannequin/Animations/ThirdPersonJump_Loop.ThirdPersonJump_Loop
[2017.04.20-06.07.26:011][  0]LogAnimationCompression: Building Anim DDC data for AnimSequence /Game/Mannequin/Animations/ThirdPersonIdle.ThirdPersonIdle
[2017.04.20-06.07.26:106][  0]LogAnimationCompression: Building Anim DDC data for AnimSequence /Game/Mannequin/Animations/ThirdPersonRun.ThirdPersonRun
[2017.04.20-06.07.26:129][  0]LogAnimationCompression: Building Anim DDC data for AnimSequence /Game/Mannequin/Animations/ThirdPersonWalk.ThirdPersonWalk
[2017.04.20-06.07.26:213][  0]LogAnimationCompression: Building Anim DDC data for AnimSequence /Game/Mannequin/Animations/ThirdPersonJump_Start.ThirdPersonJump_Start
[2017.04.20-06.07.26:274][  0]LogMaterial: Missing cached shader map for material M_Blade_BlackWyrmBlade, compiling. 
[2017.04.20-06.07.26:315][  0]LogAIModule: Creating AISystem for world TopDownExampleMap
[2017.04.20-06.07.26:331][  0]LogTexture:Display: Building textures: EmptyActor (BGRA8)
[2017.04.20-06.07.26:581][  0]LogEditorServer: Finished looking for orphan Actors (0.000 secs)
[2017.04.20-06.07.26:619][  0]Cmd: MAP CHECKDEP NOCLEARLOG
[2017.04.20-06.07.26:694][  0]MapCheck: Info Map check complete: 0 Error(s), 0 Warning(s), took 74.466ms to complete.
[2017.04.20-06.07.26:694][  0]LogFileHelpers: Loading map 'TopDownExampleMap' took 9.308
[2017.04.20-06.07.26:852][  0]LogCollectionManager: Loaded 0 collections in 0.002561 seconds
[2017.04.20-06.07.26:947][  0]LogFileCache: Scanning file cache for directory 'D:/TAFE/Jacob Lee 2017 TAFE UE4/Unreal Projects/DungeonCrawler/Saved/Collections/' took 0.01s
[2017.04.20-06.07.26:947][  0]LogFileCache: Scanning file cache for directory 'D:/TAFE/Jacob Lee 2017 TAFE UE4/Unreal Projects/DungeonCrawler/Content/Developers/L201429928/Collections/' took 0.01s
[2017.04.20-06.07.26:947][  0]LogFileCache: Scanning file cache for directory 'D:/TAFE/Jacob Lee 2017 TAFE UE4/Unreal Projects/DungeonCrawler/Content/Collections/' took 0.01s
[2017.04.20-06.07.26:947][  0]LogCollectionManager: Rebuilt the GUID cache for 0 collections in 0.000003 seconds
[2017.04.20-06.07.26:960][  0]LogContentBrowser: Native class hierarchy populated in 0.0125 seconds. Added 2141 classes and 415 folders.
[2017.04.20-06.07.26:965][  0]LogStats: UGameplayTagsManager::ConstructGameplayTagTree: Construct from data asset -  0.000 s
[2017.04.20-06.07.26:965][  0]LogStats: UGameplayTagsManager::ConstructGameplayTagTree: GameplayTagTreeChangedEvent.Broadcast -  0.000 s
[2017.04.20-06.07.26:965][  0]LogContentBrowser: Native class hierarchy updated for 'GameplayTags' in 0.0006 seconds. Added 12 classes and 0 folders.
[2017.04.20-06.07.26:971][  0]LogContentBrowser: Native class hierarchy updated for 'WidgetCarousel' in 0.0004 seconds. Added 0 classes and 0 folders.
[2017.04.20-06.07.27:034][  0]LogContentBrowser: Native class hierarchy updated for 'AddContentDialog' in 0.0007 seconds. Added 0 classes and 0 folders.
[2017.04.20-06.07.27:043][  0]LogContentBrowser: Native class hierarchy updated for 'SceneOutliner' in 0.0007 seconds. Added 1 classes and 2 folders.
[2017.04.20-06.07.27:081][  0]LogCrashTracker: Crashtracker disabled due to settings.
[2017.04.20-06.07.27:093][  0]LogWindowsTextInputMethodSystem:Display: IME system now deactivated.
[2017.04.20-06.07.27:135][  0]LogContentBrowser: Native class hierarchy updated for 'HierarchicalLODOutliner' in 0.0007 seconds. Added 1 classes and 2 folders.
[2017.04.20-06.07.27:135][  0]LogLoad: (Engine Initialization) Total time: 15.51 seconds
[2017.04.20-06.07.27:135][  0]LogLoad: (Engine Initialization) Total Blueprint compile time: 0.28 seconds
[2017.04.20-06.07.27:135][  0]LogExternalProfiler: Found external profiler: VSPerf
[2017.04.20-06.07.27:135][  0]LogExternalProfiler: Using external profiler: VSPerf
[2017.04.20-06.07.27:144][  0]LogOcInput: OculusInput pre-init called
[2017.04.20-06.07.27:161][  0]LogContentStreaming: Texture pool size now 1000 MB
[2017.04.20-06.07.27:337][  0]LogRenderer: Reallocating scene render targets to support 1208x576 (Frame:2).
[2017.04.20-06.07.27:763][  2]LogAssetRegistry: Asset discovery search completed in 12.3527 seconds
[2017.04.20-06.07.27:763][  2]LogCollectionManager: Rebuilt the object cache for 0 collections in 0.000001 seconds (found 0 objects)
[2017.04.20-06.07.27:763][  2]LogCollectionManager: Fixed up redirectors for 0 collections in 0.000025 seconds (updated 0 objects)
[2017.04.20-06.07.31:134][258]LogContentBrowser: Native class hierarchy updated for 'BlueprintGraph' in 0.0012 seconds. Added 112 classes and 0 folders.
[2017.04.20-06.07.32:122][258]LogTexture:Display: Building textures: TilePatine_N (BC5)
[2017.04.20-06.07.32:180][258]LogTexture:Display: Building textures: TilePatine_D (AutoDXT)
[2017.04.20-06.08.01:120][657]LogEditorViewport: Clicking on Actor (LMB): Trap_C (Trap)
[2017.04.20-06.08.06:834][328]LogBlueprintUserMessages: Early PlayInEditor Detection: Level '/Game/TopDownBP/Maps/TopDownExampleMap.TopDownExampleMap:PersistentLevel' has LevelScriptBlueprint '/Game/TopDownBP/Maps/TopDownExampleMap.TopDownExampleMap:PersistentLevel.TopDownExampleMap' with GeneratedClass '/Game/TopDownBP/Maps/TopDownExampleMap.TopDownExampleMap_C' with ClassGeneratedBy '/Game/TopDownBP/Maps/TopDownExampleMap.TopDownExampleMap:PersistentLevel.TopDownExampleMap'
[2017.04.20-06.08.06:834][328]LogPlayLevel: PlayLevel: No blueprints needed recompiling
[2017.04.20-06.08.06:864][328]PIE: New page: PIE session: TopDownExampleMap (21 Apr 2017 2:08:06 am)
[2017.04.20-06.08.06:864][328]LogPlayLevel: Creating play world package: /Game/TopDownBP/Maps/UEDPIE_0_TopDownExampleMap
[2017.04.20-06.08.06:887][328]LogPlayLevel: PIE: StaticDuplicateObject took: (0.023402s)
[2017.04.20-06.08.06:888][328]LogAIModule: Creating AISystem for world TopDownExampleMap
[2017.04.20-06.08.06:888][328]LogPlayLevel: PIE: World Init took: (0.000907s)
[2017.04.20-06.08.06:889][328]LogPlayLevel: PIE: Created PIE world by copying editor world from /Game/TopDownBP/Maps/TopDownExampleMap.TopDownExampleMap to /Game/TopDownBP/Maps/UEDPIE_0_TopDownExampleMap.TopDownExampleMap (0.024661s)
[2017.04.20-06.08.06:961][328]LogInit: XAudio2 using 'Realtek Digital Output (Realtek Audio)' : 2 channels at 48 kHz using 16 bits per sample (channel mask 0x3)
[2017.04.20-06.08.06:978][328]LogInit: FAudioDevice initialized.
[2017.04.20-06.08.07:082][328]LogWorld: Game class is 'TopDownGameMode_C'
[2017.04.20-06.08.07:106][328]LogWorld: Bringing World /Game/TopDownBP/Maps/UEDPIE_0_TopDownExampleMap.TopDownExampleMap up for play (max tick rate 0) at 2017.04.20-16.08.07
[2017.04.20-06.08.07:118][328]LogWorld: Bringing up level for play took: 0.027564
[2017.04.20-06.08.07:150][328]LogContentBrowser: Native class hierarchy updated for 'MovieSceneCapture' in 0.0020 seconds. Added 11 classes and 0 folders.
[2017.04.20-06.08.07:151][328]LogGameMode:Display: Match State Changed from EnteringMap to WaitingToStart
[2017.04.20-06.08.07:151][328]LogGameState: Match State Changed from EnteringMap to WaitingToStart
[2017.04.20-06.08.07:151][328]LogGameMode:Display: Match State Changed from WaitingToStart to InProgress
[2017.04.20-06.08.07:153][328]LogGameState: Match State Changed from WaitingToStart to InProgress
[2017.04.20-06.08.07:153][328]PIE: Info Play in editor start time for /Game/TopDownBP/Maps/UEDPIE_0_TopDownExampleMap 1.319
[2017.04.20-06.08.07:154][328]LogBlueprintUserMessages: Late PlayInEditor Detection: Level '/Game/TopDownBP/Maps/TopDownExampleMap.TopDownExampleMap:PersistentLevel' has LevelScriptBlueprint '/Game/TopDownBP/Maps/TopDownExampleMap.TopDownExampleMap:PersistentLevel.TopDownExampleMap' with GeneratedClass '/Game/TopDownBP/Maps/TopDownExampleMap.TopDownExampleMap_C' with ClassGeneratedBy '/Game/TopDownBP/Maps/TopDownExampleMap.TopDownExampleMap:PersistentLevel.TopDownExampleMap'
[2017.04.20-06.08.08:592][482]LogBlueprintUserMessages: [Trap_282] Hello
[2017.04.20-06.08.09:501][591]LogBlueprintUserMessages: [Trap_282] Hello
[2017.04.20-06.08.11:401][819]LogBlueprintUserMessages: [Trap_282] Hello
[2017.04.20-06.08.12:825][990]LogBlueprintUserMessages: [Trap_282] Hello
[2017.04.20-06.08.14:309][168]LogBlueprintUserMessages: [Trap_282] Hello
[2017.04.20-06.08.15:580][319]LogBlueprintUserMessages: [PickupItem_130] +30HP
[2017.04.20-06.08.17:560][557]LogBlueprintUserMessages: [Trap_282] Hello
[2017.04.20-06.08.17:786][584]LogBlueprintUserMessages: [Trap_282] Hello
[2017.04.20-06.08.18:219][636]LogBlueprintUserMessages: [Trap_282] Hello
[2017.04.20-06.08.18:619][684]LogBlueprintUserMessages: [Trap_282] Hello
[2017.04.20-06.08.24:509][390]LogBlueprintUserMessages: Early EndPlayMap Detection: Level '/Game/TopDownBP/Maps/TopDownExampleMap.TopDownExampleMap:PersistentLevel' has LevelScriptBlueprint '/Game/TopDownBP/Maps/TopDownExampleMap.TopDownExampleMap:PersistentLevel.TopDownExampleMap' with GeneratedClass '/Game/TopDownBP/Maps/TopDownExampleMap.TopDownExampleMap_C' with ClassGeneratedBy '/Game/TopDownBP/Maps/TopDownExampleMap.TopDownExampleMap:PersistentLevel.TopDownExampleMap'
[2017.04.20-06.08.24:604][390]LogBlueprintUserMessages: Late EndPlayMap Detection: Level '/Game/TopDownBP/Maps/TopDownExampleMap.TopDownExampleMap:PersistentLevel' has LevelScriptBlueprint '/Game/TopDownBP/Maps/TopDownExampleMap.TopDownExampleMap:PersistentLevel.TopDownExampleMap' with GeneratedClass '/Game/TopDownBP/Maps/TopDownExampleMap.TopDownExampleMap_C' with ClassGeneratedBy '/Game/TopDownBP/Maps/TopDownExampleMap.TopDownExampleMap:PersistentLevel.TopDownExampleMap'
[2017.04.20-06.08.38:984][ 85]LogHttp:Warning: 0000023C0611F400: request failed, libcurl error: 6 (Couldn't resolve host name)
[2017.04.20-06.08.38:984][ 85]LogHttp:Warning: 0000023C0611F400: libcurl info message cache 8 (Could not resolve host: datarouter.ol.epicgames.com)
[2017.04.20-06.08.38:984][ 85]LogHttp:Warning: 0000023C0611F400: libcurl info message cache 9 (Closing connection 1)
[2017.04.20-06.12.16:036][969]LogEditorViewport: Clicking on Actor (LMB): TopDownCharacter_C (TopDownCharacter)
[2017.04.20-06.13.46:132][316]BlueprintLog: New page: Compile Trap
[2017.04.20-06.13.52:684][985]LogBlueprintUserMessages: Early PlayInEditor Detection: Level '/Game/TopDownBP/Maps/TopDownExampleMap.TopDownExampleMap:PersistentLevel' has LevelScriptBlueprint '/Game/TopDownBP/Maps/TopDownExampleMap.TopDownExampleMap:PersistentLevel.TopDownExampleMap' with GeneratedClass '/Game/TopDownBP/Maps/TopDownExampleMap.TopDownExampleMap_C' with ClassGeneratedBy '/Game/TopDownBP/Maps/TopDownExampleMap.TopDownExampleMap:PersistentLevel.TopDownExampleMap'
[2017.04.20-06.13.52:684][985]LogPlayLevel: PlayLevel: No blueprints needed recompiling
[2017.04.20-06.13.52:685][985]PIE: New page: PIE session: TopDownExampleMap (21 Apr 2017 2:13:52 am)
[2017.04.20-06.13.52:685][985]LogPlayLevel: Creating play world package: /Game/TopDownBP/Maps/UEDPIE_0_TopDownExampleMap
[2017.04.20-06.13.52:719][985]LogPlayLevel: PIE: StaticDuplicateObject took: (0.033629s)
[2017.04.20-06.13.52:719][985]LogAIModule: Creating AISystem for world TopDownExampleMap
[2017.04.20-06.13.52:720][985]LogPlayLevel: PIE: World Init took: (0.001082s)
[2017.04.20-06.13.52:720][985]LogPlayLevel: PIE: Created PIE world by copying editor world from /Game/TopDownBP/Maps/TopDownExampleMap.TopDownExampleMap to /Game/TopDownBP/Maps/UEDPIE_0_TopDownExampleMap.TopDownExampleMap (0.035100s)
[2017.04.20-06.13.52:738][985]LogInit: XAudio2 using 'Realtek Digital Output (Realtek Audio)' : 2 channels at 48 kHz using 16 bits per sample (channel mask 0x3)
[2017.04.20-06.13.52:748][985]LogInit: FAudioDevice initialized.
[2017.04.20-06.13.52:786][985]LogWorld: Game class is 'TopDownGameMode_C'
[2017.04.20-06.13.52:805][985]LogWorld: Bringing World /Game/TopDownBP/Maps/UEDPIE_0_TopDownExampleMap.TopDownExampleMap up for play (max tick rate 0) at 2017.04.20-16.13.52
[2017.04.20-06.13.52:807][985]LogWorld: Bringing up level for play took: 0.017242
[2017.04.20-06.13.52:808][985]LogGameMode:Display: Match State Changed from EnteringMap to WaitingToStart
[2017.04.20-06.13.52:808][985]LogGameState: Match State Changed from EnteringMap to WaitingToStart
[2017.04.20-06.13.52:808][985]LogGameMode:Display: Match State Changed from WaitingToStart to InProgress
[2017.04.20-06.13.52:808][985]LogGameState: Match State Changed from WaitingToStart to InProgress
[2017.04.20-06.13.52:809][985]PIE: Info Play in editor start time for /Game/TopDownBP/Maps/UEDPIE_0_TopDownExampleMap 0.986
[2017.04.20-06.13.52:809][985]LogBlueprintUserMessages: Late PlayInEditor Detection: Level '/Game/TopDownBP/Maps/TopDownExampleMap.TopDownExampleMap:PersistentLevel' has LevelScriptBlueprint '/Game/TopDownBP/Maps/TopDownExampleMap.TopDownExampleMap:PersistentLevel.TopDownExampleMap' with GeneratedClass '/Game/TopDownBP/Maps/TopDownExampleMap.TopDownExampleMap_C' with ClassGeneratedBy '/Game/TopDownBP/Maps/TopDownExampleMap.TopDownExampleMap:PersistentLevel.TopDownExampleMap'
[2017.04.20-06.13.54:110][137]LogBlueprintUserMessages: [Trap_282] Hello
[2017.04.20-06.13.56:673][445]LogBlueprintUserMessages: [Trap_282] Hello
[2017.04.20-06.13.57:348][526]LogBlueprintUserMessages: [Trap_282] Hello
[2017.04.20-06.13.58:899][712]LogBlueprintUserMessages: [Trap_282] Hello
[2017.04.20-06.14.02:166][104]LogBlueprintUserMessages: [Trap_282] Hello
[2017.04.20-06.14.04:066][332]LogBlueprintUserMessages: [PickupItem_130] +30HP
[2017.04.20-06.14.06:900][672]LogBlueprintUserMessages: Early EndPlayMap Detection: Level '/Game/TopDownBP/Maps/TopDownExampleMap.TopDownExampleMap:PersistentLevel' has LevelScriptBlueprint '/Game/TopDownBP/Maps/TopDownExampleMap.TopDownExampleMap:PersistentLevel.TopDownExampleMap' with GeneratedClass '/Game/TopDownBP/Maps/TopDownExampleMap.TopDownExampleMap_C' with ClassGeneratedBy '/Game/TopDownBP/Maps/TopDownExampleMap.TopDownExampleMap:PersistentLevel.TopDownExampleMap'
[2017.04.20-06.14.06:975][672]LogBlueprintUserMessages: Late EndPlayMap Detection: Level '/Game/TopDownBP/Maps/TopDownExampleMap.TopDownExampleMap:PersistentLevel' has LevelScriptBlueprint '/Game/TopDownBP/Maps/TopDownExampleMap.TopDownExampleMap:PersistentLevel.TopDownExampleMap' with GeneratedClass '/Game/TopDownBP/Maps/TopDownExampleMap.TopDownExampleMap_C' with ClassGeneratedBy '/Game/TopDownBP/Maps/TopDownExampleMap.TopDownExampleMap:PersistentLevel.TopDownExampleMap'
[2017.04.20-06.14.20:607][277]Cmd: OBJ SAVEPACKAGE PACKAGE="/Game/TopDownBP/Trap" FILE="D:/TAFE/Jacob Lee 2017 TAFE UE4/Unreal Projects/DungeonCrawler/Content/TopDownBP/Trap.uasset" SILENT=true
[2017.04.20-06.14.20:803][277]LogSavePackage: Save=81.96ms
[2017.04.20-06.14.20:803][277]LogSavePackage: Moving 'D:/TAFE/Jacob Lee 2017 TAFE UE4/Unreal Projects/DungeonCrawler/Saved/TrapE22D802F42B53A6CF69A1A954B8E4A59.tmp' to 'D:/TAFE/Jacob Lee 2017 TAFE UE4/Unreal Projects/DungeonCrawler/Content/TopDownBP/Trap.uasset'
[2017.04.20-06.14.20:808][277]LogSavePackage:Display: Finished SavePackage D:/TAFE/Jacob Lee 2017 TAFE UE4/Unreal Projects/DungeonCrawler/Content/TopDownBP/Trap.uasset
[2017.04.20-06.15.00:068][197]LogTexture:Display: Building textures: T_Dual_Blade_Axe12_1_N (AutoDXT)
[2017.04.20-06.15.00:211][197]LogTexture:Display: Building textures: T_Dual_Blade_Axe12_2_D (AutoDXT)
[2017.04.20-06.15.00:332][197]LogTexture:Display: Building textures: T_Dual_Blade_Axe12_2_M (AutoDXT)
[2017.04.20-06.15.00:363][197]LogTexture:Display: Building textures: T_Dual_Blade_Axe12_2_N (AutoDXT)
[2017.04.20-06.15.00:462][197]LogTexture:Display: Building textures: T_Dual_Blade_Axe12_1_D (AutoDXT)
[2017.04.20-06.15.00:582][197]LogTexture:Display: Building textures: T_Dual_Blade_Axe12_1_M (AutoDXT)
[2017.04.20-06.15.00:605][197]LogMaterial: Missing cached shader map for material M_Dual_Blade_Axe12, compiling. 
[2017.04.20-06.15.09:951][847]LogTexture:Display: Building textures: T_Blade_Baguette1_N (BC5)
[2017.04.20-06.15.09:994][847]LogTexture:Display: Building textures: T_Blade_Baguette1_D (AutoDXT)
[2017.04.20-06.15.10:109][847]LogTexture:Display: Building textures: T_Blade_Baguette2_N (BC5)
[2017.04.20-06.15.10:137][847]LogTexture:Display: Building textures: T_Blade_Baguette2_D (AutoDXT)
[2017.04.20-06.15.10:226][847]LogMaterial: Missing cached shader map for material M_Blade_Baguette, compiling. 
[2017.04.20-06.15.17:316][519]LogTexture:Display: Building textures: T_Blade_HeroSword101_D (AutoDXT)
[2017.04.20-06.15.17:401][519]LogTexture:Display: Building textures: T_Blade_HeroSword102_D (AutoDXT)
[2017.04.20-06.15.17:444][519]LogTexture:Display: Building textures: T_Blade_HeroSword101_N (BC5)
[2017.04.20-06.15.17:451][519]LogTexture:Display: Building textures: T_Blade_HeroSword102_N (BC5)
[2017.04.20-06.15.17:457][519]LogTexture:Display: Building textures: T_Blade_HeroSword102_M (AutoDXT)
[2017.04.20-06.15.17:466][519]LogMaterial: Missing cached shader map for material M_Blade_HeroSword, compiling. 
[2017.04.20-06.15.22:237][924]LogTexture:Display: Building textures: T_Stf_StaffofAncients_D (AutoDXT)
[2017.04.20-06.15.22:341][924]LogTexture:Display: Building textures: T_Stf_StaffofAncients_E (AutoDXT)
[2017.04.20-06.15.22:366][924]LogTexture:Display: Building textures: StaffofAncientsNormalsMap (BC5)
[2017.04.20-06.15.22:385][924]LogMaterial: Missing cached shader map for material T_Stf_StaffofAncients_D_Mat, compiling. 
[2017.04.20-06.16.00:875][111]BlueprintLog: New page: Compile Trap
[2017.04.20-06.16.03:343][389]LogBlueprintUserMessages: Early PlayInEditor Detection: Level '/Game/TopDownBP/Maps/TopDownExampleMap.TopDownExampleMap:PersistentLevel' has LevelScriptBlueprint '/Game/TopDownBP/Maps/TopDownExampleMap.TopDownExampleMap:PersistentLevel.TopDownExampleMap' with GeneratedClass '/Game/TopDownBP/Maps/TopDownExampleMap.TopDownExampleMap_C' with ClassGeneratedBy '/Game/TopDownBP/Maps/TopDownExampleMap.TopDownExampleMap:PersistentLevel.TopDownExampleMap'
[2017.04.20-06.16.03:343][389]LogPlayLevel: PlayLevel: No blueprints needed recompiling
[2017.04.20-06.16.03:343][389]PIE: New page: PIE session: TopDownExampleMap (21 Apr 2017 2:16:03 am)
[2017.04.20-06.16.03:343][389]LogPlayLevel: Creating play world package: /Game/TopDownBP/Maps/UEDPIE_0_TopDownExampleMap
[2017.04.20-06.16.03:363][389]LogPlayLevel: PIE: StaticDuplicateObject took: (0.019442s)
[2017.04.20-06.16.03:364][389]LogAIModule: Creating AISystem for world TopDownExampleMap
[2017.04.20-06.16.03:365][389]LogPlayLevel: PIE: World Init took: (0.001821s)
[2017.04.20-06.16.03:365][389]LogPlayLevel: PIE: Created PIE world by copying editor world from /Game/TopDownBP/Maps/TopDownExampleMap.TopDownExampleMap to /Game/TopDownBP/Maps/UEDPIE_0_TopDownExampleMap.TopDownExampleMap (0.021578s)
[2017.04.20-06.16.03:382][389]LogInit: XAudio2 using 'Realtek Digital Output (Realtek Audio)' : 2 channels at 48 kHz using 16 bits per sample (channel mask 0x3)
[2017.04.20-06.16.03:393][389]LogInit: FAudioDevice initialized.
[2017.04.20-06.16.03:420][389]LogWorld: Game class is 'TopDownGameMode_C'
[2017.04.20-06.16.03:425][389]LogWorld: Bringing World /Game/TopDownBP/Maps/UEDPIE_0_TopDownExampleMap.TopDownExampleMap up for play (max tick rate 0) at 2017.04.20-16.16.03
[2017.04.20-06.16.03:425][389]LogWorld: Bringing up level for play took: 0.004119
[2017.04.20-06.16.03:426][389]LogGameMode:Display: Match State Changed from EnteringMap to WaitingToStart
[2017.04.20-06.16.03:426][389]LogGameState: Match State Changed from EnteringMap to WaitingToStart
[2017.04.20-06.16.03:426][389]LogGameMode:Display: Match State Changed from WaitingToStart to InProgress
[2017.04.20-06.16.03:427][389]LogGameState: Match State Changed from WaitingToStart to InProgress
[2017.04.20-06.16.03:427][389]PIE: Info Play in editor start time for /Game/TopDownBP/Maps/UEDPIE_0_TopDownExampleMap -0.396
[2017.04.20-06.16.03:427][389]LogBlueprintUserMessages: Late PlayInEditor Detection: Level '/Game/TopDownBP/Maps/TopDownExampleMap.TopDownExampleMap:PersistentLevel' has LevelScriptBlueprint '/Game/TopDownBP/Maps/TopDownExampleMap.TopDownExampleMap:PersistentLevel.TopDownExampleMap' with GeneratedClass '/Game/TopDownBP/Maps/TopDownExampleMap.TopDownExampleMap_C' with ClassGeneratedBy '/Game/TopDownBP/Maps/TopDownExampleMap.TopDownExampleMap:PersistentLevel.TopDownExampleMap'
[2017.04.20-06.16.04:579][523]LogBlueprintUserMessages: [Trap_282] Hello
[2017.04.20-06.16.04:829][553]LogBlueprintUserMessages: [Trap_282] Hello
[2017.04.20-06.16.06:570][762]LogBlueprintUserMessages: [Trap_282] Hello
[2017.04.20-06.16.07:121][828]LogBlueprintUserMessages: [Trap_282] Hello
[2017.04.20-06.16.11:471][350]LogBlueprintUserMessages: [Trap_282] Hello
[2017.04.20-06.16.13:612][607]LogBlueprintUserMessages: [Trap_282] Hello
[2017.04.20-06.16.15:322][812]LogBlueprintUserMessages: [PickupItem_130] +30HP
[2017.04.20-06.16.17:279][ 47]LogBlueprintUserMessages: [Trap_282] Hello
[2017.04.20-06.16.19:138][270]LogBlueprintUserMessages: Early EndPlayMap Detection: Level '/Game/TopDownBP/Maps/TopDownExampleMap.TopDownExampleMap:PersistentLevel' has LevelScriptBlueprint '/Game/TopDownBP/Maps/TopDownExampleMap.TopDownExampleMap:PersistentLevel.TopDownExampleMap' with GeneratedClass '/Game/TopDownBP/Maps/TopDownExampleMap.TopDownExampleMap_C' with ClassGeneratedBy '/Game/TopDownBP/Maps/TopDownExampleMap.TopDownExampleMap:PersistentLevel.TopDownExampleMap'
[2017.04.20-06.16.19:225][270]LogBlueprintUserMessages: Late EndPlayMap Detection: Level '/Game/TopDownBP/Maps/TopDownExampleMap.TopDownExampleMap:PersistentLevel' has LevelScriptBlueprint '/Game/TopDownBP/Maps/TopDownExampleMap.TopDownExampleMap:PersistentLevel.TopDownExampleMap' with GeneratedClass '/Game/TopDownBP/Maps/TopDownExampleMap.TopDownExampleMap_C' with ClassGeneratedBy '/Game/TopDownBP/Maps/TopDownExampleMap.TopDownExampleMap:PersistentLevel.TopDownExampleMap'
[2017.04.20-06.16.21:595][521]Cmd: OBJ SAVEPACKAGE PACKAGE="/Game/TopDownBP/Trap" FILE="D:/TAFE/Jacob Lee 2017 TAFE UE4/Unreal Projects/DungeonCrawler/Content/TopDownBP/Trap.uasset" SILENT=true
[2017.04.20-06.16.21:651][521]LogSavePackage: Save=52.13ms
[2017.04.20-06.16.21:651][521]LogSavePackage: Moving 'D:/TAFE/Jacob Lee 2017 TAFE UE4/Unreal Projects/DungeonCrawler/Saved/Trap4E5FA5464745566EDEF32DA96C33ECA3.tmp' to 'D:/TAFE/Jacob Lee 2017 TAFE UE4/Unreal Projects/DungeonCrawler/Content/TopDownBP/Trap.uasset'
[2017.04.20-06.16.21:654][521]LogSavePackage:Display: Finished SavePackage D:/TAFE/Jacob Lee 2017 TAFE UE4/Unreal Projects/DungeonCrawler/Content/TopDownBP/Trap.uasset
[2017.04.20-06.17.09:577][241]BlueprintLog: New page: Compile Trap
[2017.04.20-06.17.09:587][241]LogBlueprint:Warning: [Compiler Trap] Warning 'Top Down Character' does not inherit from 'Primitive Component' ( K2Node_DynamicCast_13  would always fail).
[2017.04.20-06.17.09:668][241]BlueprintEditorCompileResults:Warning: Warning 'Top Down Character' does not inherit from 'Primitive Component' ( K2Node_DynamicCast_13  would always fail).
[2017.04.20-06.17.09:679][241]LogBlueprint:Warning: [Compiler Trap] Warning [0598.07] Compile of Trap successful, but with 1 Warning(s) [in 101 ms] (/Game/TopDownBP/Trap.Trap)
[2017.04.20-06.17.27:205][340]BlueprintLog: New page: Compile Trap
[2017.04.20-06.17.30:062][618]LogBlueprintUserMessages: Early PlayInEditor Detection: Level '/Game/TopDownBP/Maps/TopDownExampleMap.TopDownExampleMap:PersistentLevel' has LevelScriptBlueprint '/Game/TopDownBP/Maps/TopDownExampleMap.TopDownExampleMap:PersistentLevel.TopDownExampleMap' with GeneratedClass '/Game/TopDownBP/Maps/TopDownExampleMap.TopDownExampleMap_C' with ClassGeneratedBy '/Game/TopDownBP/Maps/TopDownExampleMap.TopDownExampleMap:PersistentLevel.TopDownExampleMap'
[2017.04.20-06.17.30:062][618]LogPlayLevel: PlayLevel: No blueprints needed recompiling
[2017.04.20-06.17.30:063][618]PIE: New page: PIE session: TopDownExampleMap (21 Apr 2017 2:17:30 am)
[2017.04.20-06.17.30:063][618]LogPlayLevel: Creating play world package: /Game/TopDownBP/Maps/UEDPIE_0_TopDownExampleMap
[2017.04.20-06.17.30:102][618]LogPlayLevel: PIE: StaticDuplicateObject took: (0.038899s)
[2017.04.20-06.17.30:103][618]LogAIModule: Creating AISystem for world TopDownExampleMap
[2017.04.20-06.17.30:103][618]LogPlayLevel: PIE: World Init took: (0.001205s)
[2017.04.20-06.17.30:103][618]LogPlayLevel: PIE: Created PIE world by copying editor world from /Game/TopDownBP/Maps/TopDownExampleMap.TopDownExampleMap to /Game/TopDownBP/Maps/UEDPIE_0_TopDownExampleMap.TopDownExampleMap (0.040433s)
[2017.04.20-06.17.30:121][618]LogInit: XAudio2 using 'Realtek Digital Output (Realtek Audio)' : 2 channels at 48 kHz using 16 bits per sample (channel mask 0x3)
[2017.04.20-06.17.30:130][618]LogInit: FAudioDevice initialized.
[2017.04.20-06.17.30:157][618]LogWorld: Game class is 'TopDownGameMode_C'
[2017.04.20-06.17.30:162][618]LogWorld: Bringing World /Game/TopDownBP/Maps/UEDPIE_0_TopDownExampleMap.TopDownExampleMap up for play (max tick rate 0) at 2017.04.20-16.17.30
[2017.04.20-06.17.30:162][618]LogWorld: Bringing up level for play took: 0.004322
[2017.04.20-06.17.30:163][618]LogGameMode:Display: Match State Changed from EnteringMap to WaitingToStart
[2017.04.20-06.17.30:163][618]LogGameState: Match State Changed from EnteringMap to WaitingToStart
[2017.04.20-06.17.30:163][618]LogGameMode:Display: Match State Changed from WaitingToStart to InProgress
[2017.04.20-06.17.30:163][618]LogGameState: Match State Changed from WaitingToStart to InProgress
[2017.04.20-06.17.30:163][618]PIE: Info Play in editor start time for /Game/TopDownBP/Maps/UEDPIE_0_TopDownExampleMap 0.34
[2017.04.20-06.17.30:163][618]LogBlueprintUserMessages: Late PlayInEditor Detection: Level '/Game/TopDownBP/Maps/TopDownExampleMap.TopDownExampleMap:PersistentLevel' has LevelScriptBlueprint '/Game/TopDownBP/Maps/TopDownExampleMap.TopDownExampleMap:PersistentLevel.TopDownExampleMap' with GeneratedClass '/Game/TopDownBP/Maps/TopDownExampleMap.TopDownExampleMap_C' with ClassGeneratedBy '/Game/TopDownBP/Maps/TopDownExampleMap.TopDownExampleMap:PersistentLevel.TopDownExampleMap'
[2017.04.20-06.17.31:390][763]LogBlueprintUserMessages: [Trap_282] Hello
[2017.04.20-06.17.32:832][936]LogBlueprintUserMessages: [Trap_282] Hello
[2017.04.20-06.17.34:816][174]LogBlueprintUserMessages: Early EndPlayMap Detection: Level '/Game/TopDownBP/Maps/TopDownExampleMap.TopDownExampleMap:PersistentLevel' has LevelScriptBlueprint '/Game/TopDownBP/Maps/TopDownExampleMap.TopDownExampleMap:PersistentLevel.TopDownExampleMap' with GeneratedClass '/Game/TopDownBP/Maps/TopDownExampleMap.TopDownExampleMap_C' with ClassGeneratedBy '/Game/TopDownBP/Maps/TopDownExampleMap.TopDownExampleMap:PersistentLevel.TopDownExampleMap'
[2017.04.20-06.17.34:883][174]LogBlueprintUserMessages: Late EndPlayMap Detection: Level '/Game/TopDownBP/Maps/TopDownExampleMap.TopDownExampleMap:PersistentLevel' has LevelScriptBlueprint '/Game/TopDownBP/Maps/TopDownExampleMap.TopDownExampleMap:PersistentLevel.TopDownExampleMap' with GeneratedClass '/Game/TopDownBP/Maps/TopDownExampleMap.TopDownExampleMap_C' with ClassGeneratedBy '/Game/TopDownBP/Maps/TopDownExampleMap.TopDownExampleMap:PersistentLevel.TopDownExampleMap'
[2017.04.20-06.17.51:701][163]Cmd: TRANSACTION UNDO
[2017.04.20-06.17.51:701][163]LogEditorTransaction: Undo Create Pin Link
[2017.04.20-06.17.58:839][ 15]BlueprintLog: New page: Compile Trap
[2017.04.20-06.18.01:389][270]LogBlueprintUserMessages: Early PlayInEditor Detection: Level '/Game/TopDownBP/Maps/TopDownExampleMap.TopDownExampleMap:PersistentLevel' has LevelScriptBlueprint '/Game/TopDownBP/Maps/TopDownExampleMap.TopDownExampleMap:PersistentLevel.TopDownExampleMap' with GeneratedClass '/Game/TopDownBP/Maps/TopDownExampleMap.TopDownExampleMap_C' with ClassGeneratedBy '/Game/TopDownBP/Maps/TopDownExampleMap.TopDownExampleMap:PersistentLevel.TopDownExampleMap'
[2017.04.20-06.18.01:389][270]LogPlayLevel: PlayLevel: No blueprints needed recompiling
[2017.04.20-06.18.01:390][270]PIE: New page: PIE session: TopDownExampleMap (21 Apr 2017 2:18:01 am)
[2017.04.20-06.18.01:390][270]LogPlayLevel: Creating play world package: /Game/TopDownBP/Maps/UEDPIE_0_TopDownExampleMap
[2017.04.20-06.18.01:436][270]LogPlayLevel: PIE: StaticDuplicateObject took: (0.046575s)
[2017.04.20-06.18.01:437][270]LogAIModule: Creating AISystem for world TopDownExampleMap
[2017.04.20-06.18.01:437][270]LogPlayLevel: PIE: World Init took: (0.000988s)
[2017.04.20-06.18.01:438][270]LogPlayLevel: PIE: Created PIE world by copying editor world from /Game/TopDownBP/Maps/TopDownExampleMap.TopDownExampleMap to /Game/TopDownBP/Maps/UEDPIE_0_TopDownExampleMap.TopDownExampleMap (0.047910s)
[2017.04.20-06.18.01:459][270]LogInit: XAudio2 using 'Realtek Digital Output (Realtek Audio)' : 2 channels at 48 kHz using 16 bits per sample (channel mask 0x3)
[2017.04.20-06.18.01:469][270]LogInit: FAudioDevice initialized.
[2017.04.20-06.18.01:495][270]LogWorld: Game class is 'TopDownGameMode_C'
[2017.04.20-06.18.01:500][270]LogWorld: Bringing World /Game/TopDownBP/Maps/UEDPIE_0_TopDownExampleMap.TopDownExampleMap up for play (max tick rate 0) at 2017.04.20-16.18.01
[2017.04.20-06.18.01:500][270]LogWorld: Bringing up level for play took: 0.004369
[2017.04.20-06.18.01:501][270]LogGameMode:Display: Match State Changed from EnteringMap to WaitingToStart
[2017.04.20-06.18.01:501][270]LogGameState: Match State Changed from EnteringMap to WaitingToStart
[2017.04.20-06.18.01:501][270]LogGameMode:Display: Match State Changed from WaitingToStart to InProgress
[2017.04.20-06.18.01:501][270]LogGameState: Match State Changed from WaitingToStart to InProgress
[2017.04.20-06.18.01:501][270]PIE: Info Play in editor start time for /Game/TopDownBP/Maps/UEDPIE_0_TopDownExampleMap -0.322
[2017.04.20-06.18.01:502][270]LogBlueprintUserMessages: Late PlayInEditor Detection: Level '/Game/TopDownBP/Maps/TopDownExampleMap.TopDownExampleMap:PersistentLevel' has LevelScriptBlueprint '/Game/TopDownBP/Maps/TopDownExampleMap.TopDownExampleMap:PersistentLevel.TopDownExampleMap' with GeneratedClass '/Game/TopDownBP/Maps/TopDownExampleMap.TopDownExampleMap_C' with ClassGeneratedBy '/Game/TopDownBP/Maps/TopDownExampleMap.TopDownExampleMap:PersistentLevel.TopDownExampleMap'
[2017.04.20-06.18.02:711][413]LogBlueprintUserMessages: [Trap_282] Hello
[2017.04.20-06.18.02:820][426]LogBlueprintUserMessages: [Trap_282] Hello
[2017.04.20-06.18.03:670][528]LogBlueprintUserMessages: [Trap_282] Hello
[2017.04.20-06.18.04:095][579]LogBlueprintUserMessages: [Trap_282] Hello
[2017.04.20-06.18.06:095][819]LogBlueprintUserMessages: [Trap_282] Hello
[2017.04.20-06.18.06:353][850]LogBlueprintUserMessages: [Trap_282] Hello
[2017.04.20-06.18.08:204][ 72]LogBlueprintUserMessages: [PickupItem_130] +30HP
[2017.04.20-06.18.09:812][265]LogBlueprintUserMessages: [Trap_282] Hello
[2017.04.20-06.18.11:829][507]LogBlueprintUserMessages: Early EndPlayMap Detection: Level '/Game/TopDownBP/Maps/TopDownExampleMap.TopDownExampleMap:PersistentLevel' has LevelScriptBlueprint '/Game/TopDownBP/Maps/TopDownExampleMap.TopDownExampleMap:PersistentLevel.TopDownExampleMap' with GeneratedClass '/Game/TopDownBP/Maps/TopDownExampleMap.TopDownExampleMap_C' with ClassGeneratedBy '/Game/TopDownBP/Maps/TopDownExampleMap.TopDownExampleMap:PersistentLevel.TopDownExampleMap'
[2017.04.20-06.18.11:892][507]LogBlueprintUserMessages: Late EndPlayMap Detection: Level '/Game/TopDownBP/Maps/TopDownExampleMap.TopDownExampleMap:PersistentLevel' has LevelScriptBlueprint '/Game/TopDownBP/Maps/TopDownExampleMap.TopDownExampleMap:PersistentLevel.TopDownExampleMap' with GeneratedClass '/Game/TopDownBP/Maps/TopDownExampleMap.TopDownExampleMap_C' with ClassGeneratedBy '/Game/TopDownBP/Maps/TopDownExampleMap.TopDownExampleMap:PersistentLevel.TopDownExampleMap'
[2017.04.20-06.18.37:534][492]BlueprintLog: New page: Compile Trap
[2017.04.20-06.18.38:831][634]Cmd: OBJ SAVEPACKAGE PACKAGE="/Game/TopDownBP/Trap" FILE="D:/TAFE/Jacob Lee 2017 TAFE UE4/Unreal Projects/DungeonCrawler/Content/TopDownBP/Trap.uasset" SILENT=true
[2017.04.20-06.18.39:187][634]LogSavePackage: Save=50.90ms
[2017.04.20-06.18.39:187][634]LogSavePackage: Moving 'D:/TAFE/Jacob Lee 2017 TAFE UE4/Unreal Projects/DungeonCrawler/Saved/Trap976CEFC34DD9EB0B93A60E97E92ADE92.tmp' to 'D:/TAFE/Jacob Lee 2017 TAFE UE4/Unreal Projects/DungeonCrawler/Content/TopDownBP/Trap.uasset'
[2017.04.20-06.18.39:190][634]LogSavePackage:Display: Finished SavePackage D:/TAFE/Jacob Lee 2017 TAFE UE4/Unreal Projects/DungeonCrawler/Content/TopDownBP/Trap.uasset
[2017.04.20-06.19.59:359][853]LogSavePackage: Save=466.36ms
[2017.04.20-06.19.59:359][853]LogSavePackage: Moving 'D:/TAFE/Jacob Lee 2017 TAFE UE4/Unreal Projects/DungeonCrawler/Saved/TopDownExampleMapDE86A7614F1C0DCD3EDFF098718D1F17.tmp' to 'D:/TAFE/Jacob Lee 2017 TAFE UE4/Unreal Projects/DungeonCrawler/Content/TopDownBP/Maps/TopDownExampleMap.umap'
[2017.04.20-06.19.59:363][853]LogSavePackage:Display: Finished SavePackage D:/TAFE/Jacob Lee 2017 TAFE UE4/Unreal Projects/DungeonCrawler/Content/TopDownBP/Maps/TopDownExampleMap.umap
[2017.04.20-06.20.51:324][891]BlueprintLog: New page: Compile Trap
[2017.04.20-06.21.04:705][394]LogSavePackage: Save=394.04ms
[2017.04.20-06.21.04:705][394]LogSavePackage: Moving 'D:/TAFE/Jacob Lee 2017 TAFE UE4/Unreal Projects/DungeonCrawler/Saved/TopDownExampleMap57952EE148B84A0834F943AAF4E92F50.tmp' to 'D:/TAFE/Jacob Lee 2017 TAFE UE4/Unreal Projects/DungeonCrawler/Content/TopDownBP/Maps/TopDownExampleMap.umap'
[2017.04.20-06.21.04:709][394]LogSavePackage:Display: Finished SavePackage D:/TAFE/Jacob Lee 2017 TAFE UE4/Unreal Projects/DungeonCrawler/Content/TopDownBP/Maps/TopDownExampleMap.umap
[2017.04.20-06.21.11:142][  0]Cmd: OBJ SAVEPACKAGE PACKAGE="/Game/TopDownBP/Trap" FILE="D:/TAFE/Jacob Lee 2017 TAFE UE4/Unreal Projects/DungeonCrawler/Content/TopDownBP/Trap.uasset" SILENT=true
[2017.04.20-06.21.11:170][  0]LogSavePackage: Save=21.73ms
[2017.04.20-06.21.11:170][  0]LogSavePackage: Moving 'D:/TAFE/Jacob Lee 2017 TAFE UE4/Unreal Projects/DungeonCrawler/Saved/Trap601772A64E43457105CA2D860662CFAD.tmp' to 'D:/TAFE/Jacob Lee 2017 TAFE UE4/Unreal Projects/DungeonCrawler/Content/TopDownBP/Trap.uasset'
[2017.04.20-06.21.11:172][  0]LogSavePackage:Display: Finished SavePackage D:/TAFE/Jacob Lee 2017 TAFE UE4/Unreal Projects/DungeonCrawler/Content/TopDownBP/Trap.uasset
[2017.04.20-06.35.40:191][319]LogActorComponent: UnregisterComponent: (/Engine/Transient.EditorFloorComp) Not registered. Aborting.
[2017.04.20-06.35.40:245][319]LogActorComponent: UnregisterComponent: (/Engine/Transient.EditorFloorComp) Not registered. Aborting.
[2017.04.20-06.35.40:520][320]Cmd: QUIT_EDITOR
[2017.04.20-06.35.40:573][320]LogWindowsTextInputMethodSystem:Display: IME system now deactivated.
[2017.04.20-06.35.40:609][320]LogExit: Preparing to exit.
[2017.04.20-06.35.40:984][320]LogExit: Editor shut down
[2017.04.20-06.35.40:984][320]LogExit: Transaction tracking system shut down
[2017.04.20-06.35.41:116][320]LogObj: Freed 0b from 0 cluster array pools.
[2017.04.20-06.35.41:117][320]LogExit: Object subsystem successfully closed.
[2017.04.20-06.35.41:135][320]LogD3D11RHI: Shutdown
[2017.04.20-06.35.41:135][320]LogD3D11RHI: CleanupD3DDevice
[2017.04.20-06.35.41:230][320]LogD3D11RHI: ~FD3D11DynamicRHI
[2017.04.20-06.35.41:245][320]LogModuleManager: Shutting down and abandoning module MovieSceneCapture (237)
[2017.04.20-06.35.41:245][320]LogModuleManager: Shutting down and abandoning module SequencerWidgets (236)
[2017.04.20-06.35.41:245][320]LogModuleManager: Shutting down and abandoning module BlueprintGraph (235)
[2017.04.20-06.35.41:245][320]LogModuleManager: Shutting down and abandoning module BlueprintProfiler (234)
[2017.04.20-06.35.41:265][320]LogModuleManager: Shutting down and abandoning module HierarchicalLODOutliner (233)
[2017.04.20-06.35.41:265][320]LogModuleManager: Shutting down and abandoning module CrashTracker (232)
[2017.04.20-06.35.41:265][320]LogModuleManager: Shutting down and abandoning module SceneOutliner (231)
[2017.04.20-06.35.41:265][320]LogModuleManager: Shutting down and abandoning module WidgetCarousel (230)
[2017.04.20-06.35.41:265][320]LogModuleManager: Shutting down and abandoning module AddContentDialog (229)
[2017.04.20-06.35.41:265][320]LogDirectoryWatcher: A directory notification for 'C:/Program Files/Epic Games/UE_4.13/FeaturePacks/' was aborted.
[2017.04.20-06.35.41:266][320]LogModuleManager: Shutting down and abandoning module GameplayTags (228)
[2017.04.20-06.35.41:266][320]LogModuleManager: Shutting down and abandoning module EditorWidgets (227)
[2017.04.20-06.35.41:266][320]LogModuleManager: Shutting down and abandoning module CollectionManager (226)
[2017.04.20-06.35.41:266][320]LogDirectoryWatcher: A directory notification for 'D:/TAFE/Jacob Lee 2017 TAFE UE4/Unreal Projects/DungeonCrawler/Content/Collections/' was aborted.
[2017.04.20-06.35.41:266][320]LogDirectoryWatcher: A directory notification for 'D:/TAFE/Jacob Lee 2017 TAFE UE4/Unreal Projects/DungeonCrawler/Content/Developers/L201429928/Collections/' was aborted.
[2017.04.20-06.35.41:266][320]LogDirectoryWatcher: A directory notification for 'D:/TAFE/Jacob Lee 2017 TAFE UE4/Unreal Projects/DungeonCrawler/Saved/Collections/' was aborted.
[2017.04.20-06.35.41:266][320]LogModuleManager: Shutting down and abandoning module StatsViewer (225)
[2017.04.20-06.35.41:266][320]LogModuleManager: Shutting down and abandoning module FoliageEdit (224)
[2017.04.20-06.35.41:266][320]LogModuleManager: Shutting down and abandoning module LandscapeEditor (223)
[2017.04.20-06.35.41:267][320]LogModuleManager: Shutting down and abandoning module SceneDepthPickerMode (222)
[2017.04.20-06.35.41:267][320]LogModuleManager: Shutting down and abandoning module ActorPickerMode (221)
[2017.04.20-06.35.41:267][320]LogModuleManager: Shutting down and abandoning module GeometryMode (220)
[2017.04.20-06.35.41:267][320]LogModuleManager: Shutting down and abandoning module TextureAlignMode (219)
[2017.04.20-06.35.41:267][320]LogModuleManager: Shutting down and abandoning module BspMode (218)
[2017.04.20-06.35.41:267][320]LogModuleManager: Shutting down and abandoning module HardwareSurvey (217)
[2017.04.20-06.35.41:267][320]LogModuleManager: Shutting down and abandoning module SequenceRecorderSections (216)
[2017.04.20-06.35.41:267][320]LogModuleManager: Shutting down and abandoning module SequenceRecorder (215)
[2017.04.20-06.35.41:267][320]LogModuleManager: Shutting down and abandoning module AutomationWorker (214)
[2017.04.20-06.35.41:267][320]LogModuleManager: Shutting down and abandoning module MatineeToLevelSequence (213)
[2017.04.20-06.35.41:267][320]LogModuleManager: Shutting down and abandoning module PlacementMode (212)
[2017.04.20-06.35.41:267][320]LogModuleManager: Shutting down and abandoning module LevelSequenceEditor (211)
[2017.04.20-06.35.41:267][320]LogModuleManager: Shutting down and abandoning module WmfMediaFactory (210)
[2017.04.20-06.35.41:267][320]LogModuleManager: Shutting down and abandoning module WmfMediaEditor (209)
[2017.04.20-06.35.41:267][320]LogModuleManager: Shutting down and abandoning module AvfMediaFactory (208)
[2017.04.20-06.35.41:267][320]LogModuleManager: Shutting down and abandoning module AvfMediaEditor (207)
[2017.04.20-06.35.41:267][320]LogModuleManager: Shutting down and abandoning module Media (206)
[2017.04.20-06.35.41:267][320]LogModuleManager: Shutting down and abandoning module AndroidMediaFactory (205)
[2017.04.20-06.35.41:267][320]LogModuleManager: Shutting down and abandoning module AndroidMediaEditor (204)
[2017.04.20-06.35.41:267][320]LogModuleManager: Shutting down and abandoning module CharacterAI (203)
[2017.04.20-06.35.41:267][320]LogModuleManager: Shutting down and abandoning module SmartSnapping (202)
[2017.04.20-06.35.41:267][320]LogModuleManager: Shutting down and abandoning module SessionServices (201)
[2017.04.20-06.35.41:267][320]LogModuleManager: Shutting down and abandoning module ViewportSnapping (200)
[2017.04.20-06.35.41:267][320]LogModuleManager: Shutting down and abandoning module ViewportInteraction (199)
[2017.04.20-06.35.41:267][320]LogModuleManager: Shutting down and abandoning module LogVisualizer (198)
[2017.04.20-06.35.41:268][320]LogModuleManager: Shutting down and abandoning module GameProjectGeneration (197)
[2017.04.20-06.35.41:268][320]LogModuleManager: Shutting down and abandoning module IntroTutorials (196)
[2017.04.20-06.35.41:268][320]LogModuleManager: Shutting down and abandoning module EditorLiveStreaming (195)
[2017.04.20-06.35.41:268][320]LogModuleManager: Shutting down and abandoning module IOSPlatformEditor (194)
[2017.04.20-06.35.41:268][320]LogModuleManager: Shutting down and abandoning module HTML5PlatformEditor (193)
[2017.04.20-06.35.41:268][320]LogModuleManager: Shutting down and abandoning module AndroidDeviceDetection (192)
[2017.04.20-06.35.41:716][320]LogModuleManager: Shutting down and abandoning module AndroidPlatformEditor (191)
[2017.04.20-06.35.41:716][320]LogModuleManager: Shutting down and abandoning module IOSRuntimeSettings (190)
[2017.04.20-06.35.41:716][320]LogModuleManager: Shutting down and abandoning module AndroidRuntimeSettings (189)
[2017.04.20-06.35.41:716][320]LogModuleManager: Shutting down and abandoning module NiagaraEditor (188)
[2017.04.20-06.35.41:716][320]LogModuleManager: Shutting down and abandoning module MergeActors (187)
[2017.04.20-06.35.41:716][320]LogModuleManager: Shutting down and abandoning module SizeMap (186)
[2017.04.20-06.35.41:716][320]LogModuleManager: Shutting down and abandoning module TreeMap (185)
[2017.04.20-06.35.41:716][320]LogModuleManager: Shutting down and abandoning module ReferenceViewer (184)
[2017.04.20-06.35.41:716][320]LogModuleManager: Shutting down and abandoning module LocalizationService (183)
[2017.04.20-06.35.41:716][320]LogModuleManager: Shutting down and abandoning module LocalizationDashboard (182)
[2017.04.20-06.35.41:716][320]LogModuleManager: Shutting down and abandoning module HardwareTargeting (181)
[2017.04.20-06.35.41:716][320]LogModuleManager: Shutting down and abandoning module DeviceProfileEditor (180)
[2017.04.20-06.35.41:716][320]LogModuleManager: Shutting down and abandoning module UndoHistory (179)
[2017.04.20-06.35.41:716][320]LogModuleManager: Shutting down and abandoning module UserFeedback (178)
[2017.04.20-06.35.41:716][320]LogModuleManager: Shutting down and abandoning module XmlParser (177)
[2017.04.20-06.35.41:717][320]LogModuleManager: Shutting down and abandoning module Blutility (176)
[2017.04.20-06.35.41:717][320]LogModuleManager: Shutting down and abandoning module ProjectTargetPlatformEditor (175)
[2017.04.20-06.35.41:717][320]LogModuleManager: Shutting down and abandoning module ProjectSettingsViewer (174)
[2017.04.20-06.35.41:717][320]LogModuleManager: Shutting down and abandoning module InputBindingEditor (173)
[2017.04.20-06.35.41:717][320]LogModuleManager: Shutting down and abandoning module EditorSettingsViewer (172)
[2017.04.20-06.35.41:718][320]LogModuleManager: Shutting down and abandoning module SettingsEditor (171)
[2017.04.20-06.35.41:718][320]LogModuleManager: Shutting down and abandoning module ProjectLauncher (170)
[2017.04.20-06.35.41:718][320]LogModuleManager: Shutting down and abandoning module SessionFrontend (169)
[2017.04.20-06.35.41:718][320]LogModuleManager: Shutting down and abandoning module ProfilerClient (168)
[2017.04.20-06.35.41:718][320]LogModuleManager: Shutting down and abandoning module TargetDeviceServices (167)
[2017.04.20-06.35.41:718][320]LogModuleManager: Shutting down and abandoning module DeviceManager (166)
[2017.04.20-06.35.41:771][320]LogModuleManager: Shutting down and abandoning module AutomationController (165)
[2017.04.20-06.35.41:771][320]LogModuleManager: Shutting down and abandoning module AutomationWindow (164)
[2017.04.20-06.35.41:771][320]LogModuleManager: Shutting down and abandoning module Layers (163)
[2017.04.20-06.35.41:771][320]LogModuleManager: Shutting down and abandoning module ComponentVisualizers (162)
[2017.04.20-06.35.41:771][320]LogModuleManager: Shutting down and abandoning module DetailCustomizations (161)
[2017.04.20-06.35.41:771][320]LogModuleManager: Shutting down and abandoning module PackagesDialog (160)
[2017.04.20-06.35.41:772][320]LogModuleManager: Shutting down and abandoning module AnimGraph (159)
[2017.04.20-06.35.41:772][320]LogModuleManager: Shutting down and abandoning module Persona (158)
[2017.04.20-06.35.41:772][320]LogModuleManager: Shutting down and abandoning module Kismet (157)
[2017.04.20-06.35.41:788][320]LogModuleManager: Shutting down and abandoning module GraphEditor (156)
[2017.04.20-06.35.41:788][320]LogModuleManager: Shutting down and abandoning module ClassViewer (155)
[2017.04.20-06.35.41:788][320]LogModuleManager: Shutting down and abandoning module Toolbox (154)
[2017.04.20-06.35.41:788][320]LogModuleManager: Shutting down and abandoning module ModuleUI (153)
[2017.04.20-06.35.41:788][320]LogModuleManager: Shutting down and abandoning module MovieSceneTools (152)
[2017.04.20-06.35.41:788][320]LogModuleManager: Shutting down and abandoning module OutputLog (151)
[2017.04.20-06.35.41:788][320]LogModuleManager: Shutting down and abandoning module GammaUI (150)
[2017.04.20-06.35.41:788][320]LogModuleManager: Shutting down and abandoning module Documentation (149)
[2017.04.20-06.35.41:788][320]LogModuleManager: Shutting down and abandoning module Niagara (148)
[2017.04.20-06.35.41:788][320]LogModuleManager: Shutting down and abandoning module StreamingPauseRendering (147)
[2017.04.20-06.35.41:789][320]LogModuleManager: Shutting down and abandoning module AnalyticsET (146)
[2017.04.20-06.35.41:789][320]LogModuleManager: Shutting down and abandoning module PortalServices (145)
[2017.04.20-06.35.41:789][320]LogModuleManager: Shutting down and abandoning module PortalRpc (144)
[2017.04.20-06.35.41:789][320]LogModuleManager: Shutting down and abandoning module MessagingRpc (143)
[2017.04.20-06.35.41:789][320]LogModuleManager: Shutting down and abandoning module GameplayDebugger (142)
[2017.04.20-06.35.41:789][320]LogModuleManager: Shutting down and abandoning module AITestSuite (141)
[2017.04.20-06.35.41:789][320]LogModuleManager: Shutting down and abandoning module AIModule (140)
[2017.04.20-06.35.41:789][320]LogModuleManager: Shutting down and abandoning module ProfilerService (139)
[2017.04.20-06.35.41:941][320]LogModuleManager: Shutting down and abandoning module TaskGraph (138)
[2017.04.20-06.35.41:941][320]LogModuleManager: Shutting down and abandoning module SlateRemote (137)
[2017.04.20-06.35.41:941][320]LogModuleManager: Shutting down and abandoning module SteamVRController (136)
[2017.04.20-06.35.41:941][320]LogModuleManager: Shutting down and abandoning module SteamVR (135)
[2017.04.20-06.35.41:941][320]LogModuleManager: Shutting down and abandoning module ProceduralMeshComponentEditor (134)
[2017.04.20-06.35.41:941][320]LogModuleManager: Shutting down and abandoning module ProceduralMeshComponent (133)
[2017.04.20-06.35.41:941][320]LogModuleManager: Shutting down and abandoning module OculusLibrary (132)
[2017.04.20-06.35.41:941][320]LogModuleManager: Shutting down and abandoning module OculusInput (131)
[2017.04.20-06.35.41:941][320]LogModuleManager: Shutting down and abandoning module CustomMeshComponent (130)
[2017.04.20-06.35.41:941][320]LogModuleManager: Shutting down and abandoning module CableComponent (129)
[2017.04.20-06.35.41:941][320]LogModuleManager: Shutting down and abandoning module ArchVisCharacter (128)
[2017.04.20-06.35.41:941][320]LogModuleManager: Shutting down and abandoning module MediaPlayerEditor (126)
[2017.04.20-06.35.41:942][320]LogModuleManager: Shutting down and abandoning module HTML5Networking (125)
[2017.04.20-06.35.41:942][320]LogModuleManager: Shutting down and abandoning module GeometryCacheEd (124)
[2017.04.20-06.35.41:942][320]LogModuleManager: Shutting down and abandoning module GeometryCache (123)
[2017.04.20-06.35.41:942][320]LogModuleManager: Shutting down and abandoning module AlembicLibrary (122)
[2017.04.20-06.35.41:942][320]LogModuleManager: Shutting down and abandoning module AlembicImporter (121)
[2017.04.20-06.35.41:942][320]LogModuleManager: Shutting down and abandoning module SuperSearch (120)
[2017.04.20-06.35.41:942][320]LogModuleManager: Shutting down and abandoning module SuperSearchEditor (119)
[2017.04.20-06.35.41:942][320]LogModuleManager: Shutting down and abandoning module SpeedTreeImporter (118)
[2017.04.20-06.35.41:942][320]LogModuleManager: Shutting down and abandoning module PluginBrowser (117)
[2017.04.20-06.35.41:942][320]LogModuleManager: Shutting down and abandoning module MobileLauncherProfileWizard (116)
[2017.04.20-06.35.41:942][320]LogModuleManager: Shutting down and abandoning module EpicSurvey (115)
[2017.04.20-06.35.41:942][320]LogModuleManager: Shutting down and abandoning module DesktopPlatform (114)
[2017.04.20-06.35.41:942][320]LogModuleManager: Shutting down and abandoning module VisualStudioSourceCodeAccess (113)
[2017.04.20-06.35.41:942][320]LogModuleManager: Shutting down and abandoning module UObjectPlugin (112)
[2017.04.20-06.35.41:942][320]LogModuleManager: Shutting down and abandoning module SubversionSourceControl (111)
[2017.04.20-06.35.41:942][320]LogModuleManager: Shutting down and abandoning module PerforceSourceControl (110)
[2017.04.20-06.35.41:942][320]LogModuleManager: Shutting down and abandoning module SourceControl (109)
[2017.04.20-06.35.41:942][320]LogModuleManager: Shutting down and abandoning module GitSourceControl (108)
[2017.04.20-06.35.41:943][320]LogModuleManager: Shutting down and abandoning module LightPropagationVolumeEditor (107)
[2017.04.20-06.35.41:943][320]LogModuleManager: Shutting down and abandoning module PaperTiledImporter (106)
[2017.04.20-06.35.41:943][320]LogModuleManager: Shutting down and abandoning module PaperSpriteSheetImporter (105)
[2017.04.20-06.35.41:943][320]LogModuleManager: Shutting down and abandoning module MeshPaint (104)
[2017.04.20-06.35.41:943][320]LogModuleManager: Shutting down and abandoning module FbxAutomationBuilderModule (103)
[2017.04.20-06.35.41:943][320]LogModuleManager: Shutting down and abandoning module PixelInspectorModule (102)
[2017.04.20-06.35.41:943][320]LogModuleManager: Shutting down and abandoning module HotReload (101)
[2017.04.20-06.35.41:944][320]LogModuleManager: Shutting down and abandoning module MainFrame (100)
[2017.04.20-06.35.41:944][320]LogModuleManager: Shutting down and abandoning module LevelEditor (99)
[2017.04.20-06.35.41:946][320]LogModuleManager: Shutting down and abandoning module ContentBrowser (98)
[2017.04.20-06.35.41:949][320]LogModuleManager: Shutting down and abandoning module Paper2DEditor (97)
[2017.04.20-06.35.41:949][320]LogModuleManager: Shutting down and abandoning module UdpMessaging (96)
[2017.04.20-06.35.42:050][320]LogModuleManager: Shutting down and abandoning module TcpMessaging (95)
[2017.04.20-06.35.42:151][320]LogModuleManager: Shutting down and abandoning module LightPropagationVolumeRuntime (94)
[2017.04.20-06.35.42:151][320]LogModuleManager: Shutting down and abandoning module Paper2D (93)
[2017.04.20-06.35.42:151][320]LogModuleManager: Shutting down and abandoning module WindowsMoviePlayer (92)
[2017.04.20-06.35.42:151][320]LogModuleManager: Shutting down and abandoning module WmfMedia (91)
[2017.04.20-06.35.42:151][320]LogModuleManager: Shutting down and abandoning module MediaAssets (90)
[2017.04.20-06.35.42:151][320]LogModuleManager: Shutting down and abandoning module GameLiveStreaming (89)
[2017.04.20-06.35.42:152][320]LogModuleManager: Shutting down and abandoning module GameplayTagsEditor (88)
[2017.04.20-06.35.42:152][320]LogModuleManager: Shutting down and abandoning module VREditor (87)
[2017.04.20-06.35.42:152][320]LogModuleManager: Shutting down and abandoning module GameplayTasksEditor (86)
[2017.04.20-06.35.42:152][320]LogModuleManager: Shutting down and abandoning module PropertyEditor (85)
[2017.04.20-06.35.42:152][320]LogModuleManager: Shutting down and abandoning module BehaviorTreeEditor (84)
[2017.04.20-06.35.42:152][320]LogModuleManager: Shutting down and abandoning module FunctionalTesting (83)
[2017.04.20-06.35.42:152][320]LogModuleManager: Shutting down and abandoning module CollisionAnalyzer (82)
[2017.04.20-06.35.42:152][320]LogModuleManager: Shutting down and abandoning module Sequencer (81)
[2017.04.20-06.35.42:152][320]LogModuleManager: Shutting down and abandoning module WorkspaceMenuStructure (80)
[2017.04.20-06.35.42:152][320]LogModuleManager: Shutting down and abandoning module MessageLog (79)
[2017.04.20-06.35.42:152][320]LogModuleManager: Shutting down and abandoning module AssetTools (78)
[2017.04.20-06.35.42:152][320]LogModuleManager: Shutting down and abandoning module UMGEditor (77)
[2017.04.20-06.35.42:152][320]LogModuleManager: Shutting down and abandoning module UMG (76)
[2017.04.20-06.35.42:153][320]LogModuleManager: Shutting down and abandoning module SlateReflector (75)
[2017.04.20-06.35.42:153][320]LogModuleManager: Shutting down and abandoning module Slate (74)
[2017.04.20-06.35.42:153][320]LogModuleManager: Shutting down and abandoning module EditorStyle (73)
[2017.04.20-06.35.42:161][320]LogModuleManager: Shutting down and abandoning module SourceCodeAccess (72)
[2017.04.20-06.35.42:161][320]LogModuleManager: Shutting down and abandoning module HeadMountedDisplay (71)
[2017.04.20-06.35.42:161][320]LogModuleManager: Shutting down and abandoning module XAudio2 (70)
[2017.04.20-06.35.42:161][320]LogModuleManager: Shutting down and abandoning module Networking (68)
[2017.04.20-06.35.42:161][320]LogModuleManager: Shutting down and abandoning module Core (67)
[2017.04.20-06.35.42:162][320]LogModuleManager: Shutting down and abandoning module DirectoryWatcher (66)
[2017.04.20-06.35.42:162][320]LogDirectoryWatcher: A directory notification for '../../../Engine/Content/' was aborted.
[2017.04.20-06.35.42:162][320]LogDirectoryWatcher: A directory notification for 'D:/TAFE/Jacob Lee 2017 TAFE UE4/Unreal Projects/DungeonCrawler/Content/' was aborted.
[2017.04.20-06.35.42:163][320]LogDirectoryWatcher: A directory notification for '../../../Engine/Plugins/2D/Paper2D/Content/' was aborted.
[2017.04.20-06.35.42:165][320]LogModuleManager: Shutting down and abandoning module AssetRegistry (65)
[2017.04.20-06.35.42:532][320]LogModuleManager: Shutting down and abandoning module KismetCompiler (64)
[2017.04.20-06.35.42:532][320]LogModuleManager: Shutting down and abandoning module PhysXFormats (63)
[2017.04.20-06.35.42:532][320]LogModuleManager: Shutting down and abandoning module MeshUtilities (62)
[2017.04.20-06.35.42:532][320]LogModuleManager: Shutting down and abandoning module DerivedDataCache (61)
[2017.04.20-06.35.42:537][320]LogDerivedDataCache: Shutdown
[2017.04.20-06.35.42:537][320]LogModuleManager: Shutting down and abandoning module VulkanShaderFormat (60)
[2017.04.20-06.35.42:537][320]LogModuleManager: Shutting down and abandoning module ShaderFormatOpenGL (59)
[2017.04.20-06.35.42:537][320]LogModuleManager: Shutting down and abandoning module ShaderFormatD3D (58)
[2017.04.20-06.35.42:537][320]LogModuleManager: Shutting down and abandoning module MetalShaderFormat (57)
[2017.04.20-06.35.42:537][320]LogModuleManager: Shutting down and abandoning module TextureFormatUncompressed (56)
[2017.04.20-06.35.42:537][320]LogModuleManager: Shutting down and abandoning module TextureFormatPVR (55)
[2017.04.20-06.35.42:537][320]LogModuleManager: Shutting down and abandoning module TextureFormatDXT (54)
[2017.04.20-06.35.42:537][320]LogModuleManager: Shutting down and abandoning module TextureFormatIntelISPCTexComp (53)
[2017.04.20-06.35.42:537][320]LogModuleManager: Shutting down and abandoning module ImageWrapper (52)
[2017.04.20-06.35.42:538][320]LogModuleManager: Shutting down and abandoning module TextureFormatASTC (51)
[2017.04.20-06.35.42:538][320]LogModuleManager: Shutting down and abandoning module TextureFormatAndroid (50)
[2017.04.20-06.35.42:538][320]LogModuleManager: Shutting down and abandoning module AudioFormatOpus (49)
[2017.04.20-06.35.42:538][320]LogModuleManager: Shutting down and abandoning module AudioFormatOgg (48)
[2017.04.20-06.35.42:538][320]LogModuleManager: Shutting down and abandoning module AudioFormatADPCM (47)
[2017.04.20-06.35.42:538][320]LogModuleManager: Shutting down and abandoning module LinuxTargetPlatform (46)
[2017.04.20-06.35.42:538][320]LogModuleManager: Shutting down and abandoning module LinuxServerTargetPlatform (45)
[2017.04.20-06.35.42:538][320]LogModuleManager: Shutting down and abandoning module LinuxNoEditorTargetPlatform (44)
[2017.04.20-06.35.42:538][320]LogModuleManager: Shutting down and abandoning module LinuxClientTargetPlatform (43)
[2017.04.20-06.35.42:538][320]LogModuleManager: Shutting down and abandoning module TVOSTargetPlatform (42)
[2017.04.20-06.35.42:538][320]LogModuleManager: Shutting down and abandoning module Messaging (41)
[2017.04.20-06.35.42:538][320]LogModuleManager: Shutting down and abandoning module IOSTargetPlatform (40)
[2017.04.20-06.35.42:538][320]LogModuleManager: Shutting down and abandoning module HTML5TargetPlatform (39)
[2017.04.20-06.35.42:538][320]LogModuleManager: Shutting down and abandoning module Android_PVRTCTargetPlatform (38)
[2017.04.20-06.35.42:538][320]LogModuleManager: Shutting down and abandoning module Android_MultiTargetPlatform (37)
[2017.04.20-06.35.42:538][320]LogModuleManager: Shutting down and abandoning module Android_ETC2TargetPlatform (36)
[2017.04.20-06.35.42:538][320]LogModuleManager: Shutting down and abandoning module Android_ETC1TargetPlatform (35)
[2017.04.20-06.35.42:538][320]LogModuleManager: Shutting down and abandoning module Android_DXTTargetPlatform (34)
[2017.04.20-06.35.42:538][320]LogModuleManager: Shutting down and abandoning module Android_ATCTargetPlatform (33)
[2017.04.20-06.35.42:538][320]LogModuleManager: Shutting down and abandoning module Android_ASTCTargetPlatform (32)
[2017.04.20-06.35.42:538][320]LogModuleManager: Shutting down and abandoning module AndroidTargetPlatform (31)
[2017.04.20-06.35.42:538][320]LogModuleManager: Shutting down and abandoning module WindowsTargetPlatform (30)
[2017.04.20-06.35.42:538][320]LogModuleManager: Shutting down and abandoning module WindowsServerTargetPlatform (29)
[2017.04.20-06.35.42:538][320]LogModuleManager: Shutting down and abandoning module WindowsNoEditorTargetPlatform (28)
[2017.04.20-06.35.42:538][320]LogModuleManager: Shutting down and abandoning module WindowsClientTargetPlatform (27)
[2017.04.20-06.35.42:538][320]LogModuleManager: Shutting down and abandoning module AllDesktopTargetPlatform (26)
[2017.04.20-06.35.42:538][320]LogModuleManager: Shutting down and abandoning module TargetPlatform (25)
[2017.04.20-06.35.42:538][320]LogModuleManager: Shutting down and abandoning module InputCore (24)
[2017.04.20-06.35.42:538][320]LogModuleManager: Shutting down and abandoning module Settings (23)
[2017.04.20-06.35.42:539][320]LogModuleManager: Shutting down and abandoning module OculusRift (22)
[2017.04.20-06.35.42:539][320]LogModuleManager: Shutting down and abandoning module GearVR (21)
[2017.04.20-06.35.42:539][320]LogModuleManager: Shutting down and abandoning module ExampleDeviceProfileSelector (20)
[2017.04.20-06.35.42:539][320]LogModuleManager: Shutting down and abandoning module OnlineBlueprintSupport (19)
[2017.04.20-06.35.42:539][320]LogModuleManager: Shutting down and abandoning module OnlineSubsystem (17)
[2017.04.20-06.35.42:539][320]LogOnline:Display: Unloading online subsystem: NULL
[2017.04.20-06.35.42:539][320]LogModuleManager: Shutting down and abandoning module HTTP (16)
[2017.04.20-06.35.42:539][320]LogHttp:Display: Http module shutting down, but needs to wait on 2 outstanding Http requests:
[2017.04.20-06.35.42:539][320]LogHttp:Display: 	verb=[POST] url=[https://datarouter.ol.epicgames.com/datarouter/api/v1/public/data?SessionID=%7B5BBC26DA-464C-C30D-31A9-CF833C61BF0E%7D&AppID=UEEditor.Rocket.Release&AppVersion=4.13.2-3172292%2B%2B%2BUE4%2BRelease-4.13&UserID=560eb6fd4ce669aa6c5c85bb3ab6ca28%7C%7C9cf22703-95fc-42e6-b732-138122a60964&AppEnvironment=datacollector-binary&UploadType=eteventstream] status=Processing
[2017.04.20-06.35.42:539][320]LogHttp:Display: 	verb=[POST] url=[https://datarouter.ol.epicgames.com/datarouter/api/v1/public/data?SessionID=%7B5BBC26DA-464C-C30D-31A9-CF833C61BF0E%7D&AppID=UEEditor.Rocket.Release&AppVersion=4.13.2-3172292%2B%2B%2BUE4%2BRelease-4.13&UserID=560eb6fd4ce669aa6c5c85bb3ab6ca28%7C%7C9cf22703-95fc-42e6-b732-138122a60964&AppEnvironment=datacollector-binary&UploadType=eteventstream] status=Processing
[2017.04.20-06.35.42:539][320]LogHttp:Display: Sleeping 0.5s to wait for 2 outstanding Http requests.
[2017.04.20-06.35.43:040][320]LogHttp:Display: Sleeping 0.5s to wait for 2 outstanding Http requests.
[2017.04.20-06.35.43:575][320]LogModuleManager: Shutting down and abandoning module XMPP (15)
[2017.04.20-06.35.43:575][320]LogModuleManager: Shutting down and abandoning module TextureCompressor (14)
[2017.04.20-06.35.43:576][320]LogModuleManager: Shutting down and abandoning module ShaderCore (13)
[2017.04.20-06.35.43:576][320]LogModuleManager: Shutting down and abandoning module Landscape (12)
[2017.04.20-06.35.43:576][320]LogModuleManager: Shutting down and abandoning module SlateRHIRenderer (11)
[2017.04.20-06.35.43:584][320]LogModuleManager: Shutting down and abandoning module OpenGLDrv (10)
[2017.04.20-06.35.43:584][320]LogModuleManager: Shutting down and abandoning module D3D11RHI (9)
[2017.04.20-06.35.43:584][320]LogModuleManager: Shutting down and abandoning module AnimGraphRuntime (8)
[2017.04.20-06.35.43:584][320]LogModuleManager: Shutting down and abandoning module Renderer (7)
[2017.04.20-06.35.43:584][320]LogModuleManager: Shutting down and abandoning module Engine (6)
[2017.04.20-06.35.43:584][320]LogModuleManager: Shutting down and abandoning module CoreUObject (5)
[2017.04.20-06.35.43:584][320]LogModuleManager: Shutting down and abandoning module NetworkFile (4)
[2017.04.20-06.35.43:584][320]LogModuleManager: Shutting down and abandoning module StreamingFile (3)
[2017.04.20-06.35.43:584][320]LogModuleManager: Shutting down and abandoning module SandboxFile (2)
[2017.04.20-06.35.43:584][320]LogModuleManager: Shutting down and abandoning module PakFile (1)
[2017.04.20-06.35.43:588][320]LogExit: Exiting.
[2017.04.20-06.35.43:614][320]Log file closed, 04/20/17 16:35:43
